[] [5/19/2017 13:03] [] USER = ADMIN IS ACTIVE
[ADMIN] [5/19/2017 13:03] [] USER ID = 1 LOGIN SUCCESSFULLY
[ADMIN] [5/19/2017 13:03] [] ACTIVATE USER ACCESS RIGHT
[ADMIN] [5/19/2017 13:03] [] DISPLAY ADMIN FORM
[ADMIN] [5/19/2017 13:03] [] adminForm Load
[ADMIN] [5/19/2017 13:03] [] ACTIVATE USER ACCESS RIGHT
[] [5/19/2017 14:06] [] USER = ADMIN IS ACTIVE
[ADMIN] [5/19/2017 14:06] [] USER ID = 1 LOGIN SUCCESSFULLY
[ADMIN] [5/19/2017 14:06] [] ACTIVATE USER ACCESS RIGHT
[ADMIN] [5/19/2017 14:06] [] DISPLAY ADMIN FORM
[ADMIN] [5/19/2017 14:06] [] adminForm Load
[ADMIN] [5/19/2017 14:07] [] ACTIVATE USER ACCESS RIGHT
[ADMIN] [5/19/2017 14:07] [] [SYNC CABANG] FAILED TO CONNECT TO CABANG
[ADMIN] [5/19/2017 14:07] [] [SYNC CABANG] FAILED TO CLEAR DATA CABANG [Object reference not set to an instance of an object.]
[ADMIN] [5/19/2017 14:07] [] [SYNC] FAILED TO SYNC LOCAL DATA TO SERVER [Column 'BRANCH_ID' specified twice]
[ADMIN] [5/19/2017 14:09] [] [SYNC CABANG] FAILED TO CONNECT TO CABANG
[ADMIN] [5/19/2017 14:09] [] [SYNC CABANG] FAILED TO CLEAR DATA CABANG [Object reference not set to an instance of an object.]
[ADMIN] [5/19/2017 14:09] [] [SYNC] FAILED TO SYNC LOCAL DATA TO SERVER [Column 'BRANCH_ID' specified twice]
[] [5/19/2017 14:10] [] USER = ADMIN IS ACTIVE
[ADMIN] [5/19/2017 14:10] [] USER ID = 1 LOGIN SUCCESSFULLY
[ADMIN] [5/19/2017 14:10] [] ACTIVATE USER ACCESS RIGHT
[ADMIN] [5/19/2017 14:10] [] DISPLAY ADMIN FORM
[ADMIN] [5/19/2017 14:10] [] adminForm Load
[ADMIN] [5/19/2017 14:10] [] ACTIVATE USER ACCESS RIGHT
[ADMIN] [5/19/2017 14:10] [] [SYNC CABANG] FAILED TO CONNECT TO CABANG
[ADMIN] [5/19/2017 14:10] [] [SYNC CABANG] FAILED TO CLEAR DATA CABANG [Object reference not set to an instance of an object.]
[ADMIN] [5/19/2017 14:10] [] [SYNC] FAILED TO SYNC LOCAL DATA TO SERVER [Column 'BRANCH_ID' specified twice]
[] [5/19/2017 14:11] [] USER = ADMIN IS ACTIVE
[ADMIN] [5/19/2017 14:11] [] USER ID = 1 LOGIN SUCCESSFULLY
[ADMIN] [5/19/2017 14:11] [] ACTIVATE USER ACCESS RIGHT
[ADMIN] [5/19/2017 14:11] [] DISPLAY ADMIN FORM
[ADMIN] [5/19/2017 14:11] [] adminForm Load
[ADMIN] [5/19/2017 14:11] [] ACTIVATE USER ACCESS RIGHT
[ADMIN] [5/19/2017 14:11] [] [SYNC CABANG] FAILED TO CONNECT TO CABANG
[ADMIN] [5/19/2017 14:11] [] [SYNC CABANG] FAILED TO CLEAR DATA CABANG [Object reference not set to an instance of an object.]
[ADMIN] [5/19/2017 14:11] [] [SYNC] FAILED TO SYNC LOCAL DATA TO SERVER [Column 'BRANCH_ID' specified twice]
[ADMIN] [5/19/2017 14:11] [] USER ID = 1LOGOUT
[] [5/19/2017 14:13] [] USER = ADMIN IS ACTIVE
[ADMIN] [5/19/2017 14:13] [] USER ID = 1 LOGIN SUCCESSFULLY
[ADMIN] [5/19/2017 14:13] [] ACTIVATE USER ACCESS RIGHT
[ADMIN] [5/19/2017 14:13] [] DISPLAY ADMIN FORM
[ADMIN] [5/19/2017 14:13] [] adminForm Load
[ADMIN] [5/19/2017 14:13] [] ACTIVATE USER ACCESS RIGHT
[ADMIN] [5/19/2017 14:13] [] [SYNC CABANG] FAILED TO CONNECT TO CABANG
[ADMIN] [5/19/2017 14:13] [] [SYNC CABANG] FAILED TO CLEAR DATA CABANG [Object reference not set to an instance of an object.]
[ADMIN] [5/19/2017 14:13] [] [SYNC] FAILED TO SYNC LOCAL DATA TO SERVER [Column 'BRANCH_ID' specified twice]
[] [5/19/2017 14:18] [] USER = ADMIN IS ACTIVE
[ADMIN] [5/19/2017 14:18] [] USER ID = 1 LOGIN SUCCESSFULLY
[ADMIN] [5/19/2017 14:18] [] ACTIVATE USER ACCESS RIGHT
[ADMIN] [5/19/2017 14:18] [] DISPLAY ADMIN FORM
[ADMIN] [5/19/2017 14:18] [] adminForm Load
[ADMIN] [5/19/2017 14:18] [] ACTIVATE USER ACCESS RIGHT
[ADMIN] [5/19/2017 14:18] [] [SYNC CABANG] FAILED TO CONNECT TO CABANG
[ADMIN] [5/19/2017 14:18] [] [SYNC CABANG] FAILED TO CLEAR DATA CABANG [Object reference not set to an instance of an object.]
[ADMIN] [5/19/2017 14:18] [] [SYNC] FAILED TO SYNC LOCAL DATA TO SERVER [Column 'BRANCH_ID' specified twice]
