[] [11/30/2016 12:24] [] USER = ADMIN IS ACTIVE
[ADMIN] [11/30/2016 12:24] [] USER ID = 1 LOGIN SUCCESSFULLY
[ADMIN] [11/30/2016 12:24] [] ACTIVATE USER ACCESS RIGHT
[ADMIN] [11/30/2016 12:24] [] DISPLAY ADMIN FORM
[ADMIN] [11/30/2016 12:24] [] adminForm Load
[ADMIN] [11/30/2016 12:24] [] ACTIVATE USER ACCESS RIGHT
[] [12/1/2016 12:19] [] USER = ADMIN IS ACTIVE
[ADMIN] [12/1/2016 12:19] [] USER ID = 1 LOGIN SUCCESSFULLY
[ADMIN] [12/1/2016 12:19] [] ACTIVATE USER ACCESS RIGHT
[ADMIN] [12/1/2016 12:19] [] DISPLAY ADMIN FORM
[ADMIN] [12/1/2016 12:19] [] adminForm Load
[ADMIN] [12/1/2016 12:19] [] ACTIVATE USER ACCESS RIGHT
[ADMIN] [12/1/2016 12:19] [PENJUALAN] CASHIER FORM : MULTIPLE CASHIER INSTANCE [1]
[ADMIN] [12/1/2016 12:19] [PENJUALAN] CASHIER FORM : REGISTER HOTKEY
[ADMIN] [12/1/2016 12:19] [PENJUALAN] CASHIER FORM : cashierForm_Load, ATTEMPT TO LOAD NO FAKTUR
[ADMIN] [12/1/2016 12:19] [PENJUALAN] CASHIER FORM : loadNoFaktur, noFakturValue [SLO001]
[ADMIN] [12/1/2016 12:19] [PENJUALAN] CASHIER FORM : cashierForm_Load, ATTEMPT TO addColumnToDataGrid
[ADMIN] [12/1/2016 12:19] [PENJUALAN] CASHIER FORM : UPDATE ROW NUMBER, TOTAL ROW [1]
[ADMIN] [12/1/2016 12:19] [PENJUALAN] CASHIER FORM : cashierDataGridView_CellValueChanged [F8]
[ADMIN] [12/1/2016 12:19] [PENJUALAN] CASHIER FORM : REGISTER HOTKEY
[ADMIN] [12/1/2016 12:19] [PENJUALAN] CASHIER FORM : Combobox_previewKeyDown, cashierDataGridView.CurrentCell.OwningColumn.Name  [productID]
[ADMIN] [12/1/2016 12:19] [PENJUALAN] CASHIER FORM : UPDATE ROW NUMBER, TOTAL ROW [2]
[ADMIN] [12/1/2016 12:19] [PENJUALAN] CASHIER FORM : cashierDataGridView_CellValueChanged [F8]
[ADMIN] [12/1/2016 12:19] [PENJUALAN] CASHIER FORM : cashierDataGridView_CellValueChanged [productID]
[ADMIN] [12/1/2016 12:19] [PENJUALAN] CASHIER FORM : Combobox_KeyUp, cashierDataGridView.CurrentCell.OwningColumn.Name  [productID]
[ADMIN] [12/1/2016 12:19] [PENJUALAN] CASHIER FORM : Combobox_previewKeyDown, cashierDataGridView.CurrentCell.OwningColumn.Name  [productID]
[ADMIN] [12/1/2016 12:19] [PENJUALAN] CASHIER FORM : cashierDataGridView_CellValueChanged [productID]
[ADMIN] [12/1/2016 12:19] [PENJUALAN] CASHIER FORM : Combobox_KeyUp, cashierDataGridView.CurrentCell.OwningColumn.Name  [productID]
[ADMIN] [12/1/2016 12:19] [PENJUALAN] CASHIER FORM : Combobox_previewKeyDown, cashierDataGridView.CurrentCell.OwningColumn.Name  [productID]
[ADMIN] [12/1/2016 12:19] [PENJUALAN] CASHIER FORM : cashierDataGridView_CellValueChanged [productID]
[ADMIN] [12/1/2016 12:19] [PENJUALAN] CASHIER FORM : Combobox_KeyUp, cashierDataGridView.CurrentCell.OwningColumn.Name  [productID]
[ADMIN] [12/1/2016 12:19] [PENJUALAN] CASHIER FORM : Combobox_previewKeyDown, cashierDataGridView.CurrentCell.OwningColumn.Name  [productID]
[ADMIN] [12/1/2016 12:19] [PENJUALAN] CASHIER FORM : cashierDataGridView_CellValueChanged [productID]
[ADMIN] [12/1/2016 12:19] [PENJUALAN] CASHIER FORM : Combobox_KeyUp, cashierDataGridView.CurrentCell.OwningColumn.Name  [productID]
[ADMIN] [12/1/2016 12:19] [PENJUALAN] CASHIER FORM : Combobox_previewKeyDown, cashierDataGridView.CurrentCell.OwningColumn.Name  [productID]
[ADMIN] [12/1/2016 12:19] [PENJUALAN] CASHIER FORM : cashierDataGridView_CellValueChanged [productID]
[ADMIN] [12/1/2016 12:19] [PENJUALAN] CASHIER FORM : Combobox_KeyUp, cashierDataGridView.CurrentCell.OwningColumn.Name  [productID]
[ADMIN] [12/1/2016 12:19] [PENJUALAN] CASHIER FORM : Combobox_previewKeyDown, cashierDataGridView.CurrentCell.OwningColumn.Name  [productID]
[ADMIN] [12/1/2016 12:19] [PENJUALAN] CASHIER FORM : updateSomeRowContents
[ADMIN] [12/1/2016 12:19] [PENJUALAN] CASHIER FORM : cashierDataGridView_CellValueChanged [productName]
[ADMIN] [12/1/2016 12:19] [PENJUALAN] CASHIER FORM : updateSomeRowContents
[ADMIN] [12/1/2016 12:19] [PENJUALAN] CASHIER FORM : PRODUCT PRICE TYPE [PRODUCT_BASE_PRICE]
[ADMIN] [12/1/2016 12:19] [PENJUALAN] CASHIER FORM : PRODUCT PRICE [2]
[ADMIN] [12/1/2016 12:19] [PENJUALAN] CASHIER FORM : ComboBox_SelectedIndexChanged, PRODUCT_BASE_PRICE [2]
[ADMIN] [12/1/2016 12:19] [PENJUALAN] CASHIER FORM : cashierDataGridView_CellValueChanged [hpp]
[ADMIN] [12/1/2016 12:19] [PENJUALAN] CASHIER FORM : PRODUCT PRICE TYPE [PRODUCT_RETAIL_PRICE]
[ADMIN] [12/1/2016 12:19] [PENJUALAN] CASHIER FORM : PRODUCT PRICE [1000]
[ADMIN] [12/1/2016 12:19] [PENJUALAN] CASHIER FORM : ComboBox_SelectedIndexChanged, PRODUCT_SALES_PRICE [1000]
[ADMIN] [12/1/2016 12:19] [PENJUALAN] CASHIER FORM : cashierDataGridView_CellValueChanged [productPrice]
[ADMIN] [12/1/2016 12:19] [PENJUALAN] CASHIER FORM : cashierDataGridView_CellValueChanged, previousInput [0]
[ADMIN] [12/1/2016 12:19] [PENJUALAN] CASHIER FORM : cashierDataGridView_CellValueChanged, cellValue [1000]
[ADMIN] [12/1/2016 12:19] [PENJUALAN] CASHIER FORM : cashierDataGridView_CellValueChanged, dataGridViewTextBoxEditingControl.Text pass REGEX Checking
[ADMIN] [12/1/2016 12:19] [PENJUALAN] CASHIER FORM : CALCULATE SUBTOTAL
[ADMIN] [12/1/2016 12:19] [PENJUALAN] CASHIER FORM : SUBTOTAL [0]
[ADMIN] [12/1/2016 12:19] [PENJUALAN] CASHIER FORM : cashierDataGridView_CellValueChanged, subtotal value [0]
[ADMIN] [12/1/2016 12:19] [PENJUALAN] CASHIER FORM : cashierDataGridView_CellValueChanged, attempt to calculate total value
[ADMIN] [12/1/2016 12:19] [PENJUALAN] CASHIER FORM : calculateTotal
[ADMIN] [12/1/2016 12:19] [PENJUALAN] CASHIER FORM : calculateTotal [0]
[ADMIN] [12/1/2016 12:19] [PENJUALAN] CASHIER FORM : calculateTotal, totalAfterDisc [0]
[ADMIN] [12/1/2016 12:19] [PENJUALAN] CASHIER FORM : calculateChangeValue, bayarTextBox.Text [0]
[ADMIN] [12/1/2016 12:19] [PENJUALAN] CASHIER FORM : calculateChangeValue, sisaBayar [0]
[ADMIN] [12/1/2016 12:19] [PENJUALAN] CASHIER FORM : cashierDataGridView_CellValueChanged [qty]
[ADMIN] [12/1/2016 12:19] [PENJUALAN] CASHIER FORM : cashierDataGridView_CellValueChanged, previousInput [0]
[ADMIN] [12/1/2016 12:19] [PENJUALAN] CASHIER FORM : cashierDataGridView_CellValueChanged [jumlah]
[ADMIN] [12/1/2016 12:19] [PENJUALAN] CASHIER FORM : calculateTotal
[ADMIN] [12/1/2016 12:19] [PENJUALAN] CASHIER FORM : calculateTotal [0]
[ADMIN] [12/1/2016 12:19] [PENJUALAN] CASHIER FORM : calculateTotal, totalAfterDisc [0]
[ADMIN] [12/1/2016 12:19] [PENJUALAN] CASHIER FORM : calculateChangeValue, bayarTextBox.Text [0]
[ADMIN] [12/1/2016 12:19] [PENJUALAN] CASHIER FORM : calculateChangeValue, sisaBayar [0]
[ADMIN] [12/1/2016 12:19] [PENJUALAN] CASHIER FORM : Combobox_KeyUp, cashierDataGridView.CurrentCell.OwningColumn.Name  [qty]
[ADMIN] [12/1/2016 12:19] [PENJUALAN] CASHIER FORM : cashierDataGridView_CellValueChanged [qty]
[ADMIN] [12/1/2016 12:19] [PENJUALAN] CASHIER FORM : cashierDataGridView_CellValueChanged, previousInput [0]
[ADMIN] [12/1/2016 12:19] [PENJUALAN] CASHIER FORM : cashierDataGridView_CellValueChanged, cellValue [2]
[ADMIN] [12/1/2016 12:19] [PENJUALAN] CASHIER FORM : cashierDataGridView_CellValueChanged, dataGridViewTextBoxEditingControl.Text pass REGEX Checking
[ADMIN] [12/1/2016 12:19] [PENJUALAN] CASHIER FORM : CHECK STOCK QTY IS ENOUGH [RT001]
[ADMIN] [12/1/2016 12:19] [PENJUALAN] CASHIER FORM : CHECK STOCK QTY IS ENOUGH [84, 2]
[ADMIN] [12/1/2016 12:19] [PENJUALAN] CASHIER FORM : CALCULATE SUBTOTAL
[ADMIN] [12/1/2016 12:19] [PENJUALAN] CASHIER FORM : SUBTOTAL [2000]
[ADMIN] [12/1/2016 12:19] [PENJUALAN] CASHIER FORM : cashierDataGridView_CellValueChanged, subtotal value [2000]
[ADMIN] [12/1/2016 12:19] [PENJUALAN] CASHIER FORM : cashierDataGridView_CellValueChanged, attempt to calculate total value
[ADMIN] [12/1/2016 12:19] [PENJUALAN] CASHIER FORM : calculateTotal
[ADMIN] [12/1/2016 12:19] [PENJUALAN] CASHIER FORM : calculateTotal [2000]
[ADMIN] [12/1/2016 12:19] [PENJUALAN] CASHIER FORM : calculateTotal, totalAfterDisc [2000]
[ADMIN] [12/1/2016 12:19] [PENJUALAN] CASHIER FORM : calculateChangeValue, bayarTextBox.Text [0]
[ADMIN] [12/1/2016 12:19] [PENJUALAN] CASHIER FORM : calculateChangeValue, sisaBayar [0]
[ADMIN] [12/1/2016 12:19] [PENJUALAN] CASHIER FORM : Combobox_KeyUp, cashierDataGridView.CurrentCell.OwningColumn.Name  [qty]
[ADMIN] [12/1/2016 12:19] [PENJUALAN] CASHIER FORM : calculateChangeValue, bayarTextBox.Text [10]
[ADMIN] [12/1/2016 12:19] [PENJUALAN] CASHIER FORM : calculateChangeValue, sisaBayar [0]
[ADMIN] [12/1/2016 12:19] [PENJUALAN] CASHIER FORM : calculateChangeValue, bayarTextBox.Text [100]
[ADMIN] [12/1/2016 12:19] [PENJUALAN] CASHIER FORM : calculateChangeValue, sisaBayar [0]
[ADMIN] [12/1/2016 12:19] [PENJUALAN] CASHIER FORM : calculateChangeValue, bayarTextBox.Text [1000]
[ADMIN] [12/1/2016 12:19] [PENJUALAN] CASHIER FORM : calculateChangeValue, sisaBayar [0]
[ADMIN] [12/1/2016 12:19] [PENJUALAN] CASHIER FORM : calculateChangeValue, bayarTextBox.Text [1000]
[ADMIN] [12/1/2016 12:19] [PENJUALAN] CASHIER FORM : calculateChangeValue, sisaBayar [0]
[ADMIN] [12/1/2016 12:19] [PENJUALAN] CASHIER FORM : calculateChangeValue, bayarTextBox.Text [2]
[ADMIN] [12/1/2016 12:19] [PENJUALAN] CASHIER FORM : calculateChangeValue, sisaBayar [0]
[ADMIN] [12/1/2016 12:19] [PENJUALAN] CASHIER FORM : calculateChangeValue, bayarTextBox.Text [20]
[ADMIN] [12/1/2016 12:19] [PENJUALAN] CASHIER FORM : calculateChangeValue, sisaBayar [0]
[ADMIN] [12/1/2016 12:19] [PENJUALAN] CASHIER FORM : calculateChangeValue, bayarTextBox.Text [200]
[ADMIN] [12/1/2016 12:19] [PENJUALAN] CASHIER FORM : calculateChangeValue, sisaBayar [0]
[ADMIN] [12/1/2016 12:19] [PENJUALAN] CASHIER FORM : calculateChangeValue, bayarTextBox.Text [2000]
[ADMIN] [12/1/2016 12:19] [PENJUALAN] CASHIER FORM : calculateChangeValue, sisaBayar [0]
[ADMIN] [12/1/2016 12:19] [PENJUALAN] CASHIER FORM : TRIGGER SAVE INVOICE FROM BAYAR TEXTBOX
[ADMIN] [12/1/2016 12:19] [PENJUALAN] CASHIER FORM : UNREGISTER HOTKEY
[ADMIN] [12/1/2016 12:19] [PENJUALAN] CASHIER FORM : REGISTER HOTKEY
[ADMIN] [12/1/2016 12:19] [PENJUALAN] CASHIER FORM : UNREGISTER HOTKEY
[ADMIN] [12/1/2016 12:19] [PENJUALAN] CASHIER FORM : REGISTER HOTKEY
[ADMIN] [12/1/2016 12:21] [PENJUALAN] CASHIER FORM : UNREGISTER HOTKEY
[ADMIN] [12/1/2016 12:21] [PENJUALAN] CASHIER FORM : REGISTER HOTKEY
[ADMIN] [12/1/2016 12:21] [PENJUALAN] CASHIER FORM : Combobox_KeyUp, cashierDataGridView.CurrentCell.OwningColumn.Name  [qty]
[ADMIN] [12/1/2016 12:21] [PENJUALAN] CASHIER FORM : Combobox_KeyUp, cashierDataGridView.CurrentCell.OwningColumn.Name  [productID]
[ADMIN] [12/1/2016 12:21] [PENJUALAN] CASHIER FORM : Combobox_KeyUp, cashierDataGridView.CurrentCell.OwningColumn.Name  [productID]
[ADMIN] [12/1/2016 12:21] [PENJUALAN] CASHIER FORM : Combobox_previewKeyDown, cashierDataGridView.CurrentCell.OwningColumn.Name  [productID]
[ADMIN] [12/1/2016 12:21] [PENJUALAN] CASHIER FORM : Combobox_previewKeyDown, cashierDataGridView.CurrentCell.OwningColumn.Name  [productID]
[ADMIN] [12/1/2016 12:21] [PENJUALAN] CASHIER FORM : Combobox_KeyUp, cashierDataGridView.CurrentCell.OwningColumn.Name  [productName]
[ADMIN] [12/1/2016 12:21] [PENJUALAN] CASHIER FORM : Combobox_KeyUp, cashierDataGridView.CurrentCell.OwningColumn.Name  [productName]
[ADMIN] [12/1/2016 12:21] [PENJUALAN] CASHIER FORM : Combobox_KeyUp, cashierDataGridView.CurrentCell.OwningColumn.Name  [productName]
[ADMIN] [12/1/2016 12:21] [PENJUALAN] CASHIER FORM : productName_previewKeyDown, cashierDataGridView.CurrentCell.OwningColumn.Name  [productName]
[ADMIN] [12/1/2016 12:21] [PENJUALAN] CASHIER FORM : Combobox_KeyUp, cashierDataGridView.CurrentCell.OwningColumn.Name  [productPrice]
[ADMIN] [12/1/2016 12:21] [PENJUALAN] CASHIER FORM : Combobox_KeyUp, cashierDataGridView.CurrentCell.OwningColumn.Name  [productPrice]
[ADMIN] [12/1/2016 12:21] [PENJUALAN] CASHIER FORM : Combobox_KeyUp, cashierDataGridView.CurrentCell.OwningColumn.Name  [productPrice]
[ADMIN] [12/1/2016 12:22] [PENJUALAN] CASHIER FORM : Combobox_KeyUp, cashierDataGridView.CurrentCell.OwningColumn.Name  [qty]
[ADMIN] [12/1/2016 12:22] [PENJUALAN] CASHIER FORM : Combobox_KeyUp, cashierDataGridView.CurrentCell.OwningColumn.Name  [qty]
[ADMIN] [12/1/2016 12:22] [PENJUALAN] CASHIER FORM : Combobox_KeyUp, cashierDataGridView.CurrentCell.OwningColumn.Name  [qty]
[ADMIN] [12/1/2016 12:22] [PENJUALAN] CASHIER FORM : calculateChangeValue, bayarTextBox.Text [2000]
[ADMIN] [12/1/2016 12:22] [PENJUALAN] CASHIER FORM : calculateChangeValue, sisaBayar [0]
[ADMIN] [12/1/2016 12:22] [PENJUALAN] CASHIER FORM : calculateChangeValue, bayarTextBox.Text [1]
[ADMIN] [12/1/2016 12:22] [PENJUALAN] CASHIER FORM : calculateChangeValue, sisaBayar [0]
[ADMIN] [12/1/2016 12:22] [PENJUALAN] CASHIER FORM : calculateChangeValue, bayarTextBox.Text [10]
[ADMIN] [12/1/2016 12:22] [PENJUALAN] CASHIER FORM : calculateChangeValue, sisaBayar [0]
[ADMIN] [12/1/2016 12:22] [PENJUALAN] CASHIER FORM : calculateChangeValue, bayarTextBox.Text [100]
[ADMIN] [12/1/2016 12:22] [PENJUALAN] CASHIER FORM : calculateChangeValue, sisaBayar [0]
[ADMIN] [12/1/2016 12:22] [PENJUALAN] CASHIER FORM : calculateChangeValue, bayarTextBox.Text [1000]
[ADMIN] [12/1/2016 12:22] [PENJUALAN] CASHIER FORM : calculateChangeValue, sisaBayar [0]
[ADMIN] [12/1/2016 12:22] [PENJUALAN] CASHIER FORM : HOTKEY TO SAVE AND PRINT OUT INVOICE PRESSED
[ADMIN] [12/1/2016 12:22] [PENJUALAN] CASHIER FORM : UNREGISTER HOTKEY
[ADMIN] [12/1/2016 12:22] [PENJUALAN] CASHIER FORM : REGISTER HOTKEY
[ADMIN] [12/1/2016 12:22] [PENJUALAN] ATTEMPT TO SAVE AND PRINT OUT INVOICE
[ADMIN] [12/1/2016 12:22] [PENJUALAN] CASHIER FORM : UNREGISTER HOTKEY
[ADMIN] [12/1/2016 12:22] [PENJUALAN] CASHIER FORM : REGISTER HOTKEY
[ADMIN] [12/1/2016 12:22] [PENJUALAN] CASHIER FORM : UNREGISTER HOTKEY
[ADMIN] [12/1/2016 12:22] [PENJUALAN] CASHIER FORM : REGISTER HOTKEY
[ADMIN] [12/1/2016 12:22] [PENJUALAN] CASHIER FORM : UNREGISTER HOTKEY
[ADMIN] [12/1/2016 12:22] [PENJUALAN] CASHIER FORM : UNREGISTER HOTKEY
[ADMIN] [12/1/2016 12:22] [] USER ID = 1LOGOUT
