[] [5/16/2017 14:51] [] USER = ADMIN IS ACTIVE
[ADMIN] [5/16/2017 14:51] [] USER ID = 1 LOGIN SUCCESSFULLY
[ADMIN] [5/16/2017 14:51] [] ACTIVATE USER ACCESS RIGHT
[] [5/16/2017 14:54] [] USER = ADMIN IS ACTIVE
[ADMIN] [5/16/2017 14:54] [] USER ID = 1 LOGIN SUCCESSFULLY
[ADMIN] [5/16/2017 14:54] [] ACTIVATE USER ACCESS RIGHT
[ADMIN] [5/16/2017 14:54] [] DISPLAY ADMIN FORM
[ADMIN] [5/16/2017 14:54] [] adminForm Load
[] [5/16/2017 14:54] [] USER = ADMIN IS ACTIVE
[ADMIN] [5/16/2017 14:55] [] USER ID = 1 LOGIN SUCCESSFULLY
[ADMIN] [5/16/2017 14:55] [] ACTIVATE USER ACCESS RIGHT
[ADMIN] [5/16/2017 14:55] [] DISPLAY ADMIN FORM
[ADMIN] [5/16/2017 14:55] [] adminForm Load
[] [5/16/2017 15:02] [] USER = ADMIN IS ACTIVE
[ADMIN] [5/16/2017 15:02] [] USER ID = 1 LOGIN SUCCESSFULLY
[ADMIN] [5/16/2017 15:03] [] ACTIVATE USER ACCESS RIGHT
[ADMIN] [5/16/2017 15:03] [] DISPLAY ADMIN FORM
[ADMIN] [5/16/2017 15:03] [] adminForm Load
[ADMIN] [5/16/2017 15:03] [] ACTIVATE USER ACCESS RIGHT
[] [5/16/2017 15:17] [] USER = ADMIN IS ACTIVE
[ADMIN] [5/16/2017 15:17] [] USER ID = 1 LOGIN SUCCESSFULLY
[ADMIN] [5/16/2017 15:17] [] ACTIVATE USER ACCESS RIGHT
[ADMIN] [5/16/2017 15:17] [] DISPLAY ADMIN FORM
[ADMIN] [5/16/2017 15:17] [] adminForm Load
[ADMIN] [5/16/2017 15:17] [] ACTIVATE USER ACCESS RIGHT
[] [5/16/2017 15:21] [] USER = ADMIN IS ACTIVE
[ADMIN] [5/16/2017 15:21] [] USER ID = 1 LOGIN SUCCESSFULLY
[ADMIN] [5/16/2017 15:21] [] ACTIVATE USER ACCESS RIGHT
[ADMIN] [5/16/2017 15:21] [] DISPLAY ADMIN FORM
[ADMIN] [5/16/2017 15:21] [] adminForm Load
[ADMIN] [5/16/2017 15:21] [] ACTIVATE USER ACCESS RIGHT
[] [5/16/2017 15:22] [] USER = ADMIN IS ACTIVE
[ADMIN] [5/16/2017 15:22] [] USER ID = 1 LOGIN SUCCESSFULLY
[ADMIN] [5/16/2017 15:22] [] ACTIVATE USER ACCESS RIGHT
[ADMIN] [5/16/2017 15:22] [] DISPLAY ADMIN FORM
[ADMIN] [5/16/2017 15:22] [] adminForm Load
[ADMIN] [5/16/2017 15:22] [] ACTIVATE USER ACCESS RIGHT
[ADMIN] [5/16/2017 15:22] [] GUTIL : MAX DO_ID [0]
[ADMIN] [5/16/2017 15:22] [] GUTIL : DO_ID [DO-1]
[ADMIN] [5/16/2017 15:24] [] GUTIL : MAX DO_ID [0]
[ADMIN] [5/16/2017 15:24] [] GUTIL : DO_ID [DO-1]
[ADMIN] [5/16/2017 15:24] [PENJUALAN] DELIVERY ORDER : detailGridView_CellValueChanged [qty]
[ADMIN] [5/16/2017 15:24] [PENJUALAN] DELIVERY ORDER : TextBox_TextChanged, dataGridViewTextBoxEditingControl.Text pass REGEX Checking
[ADMIN] [5/16/2017 15:24] [PENJUALAN] DELIVERY ORDER : TextBox_TextChanged, dataGridViewTextBoxEditingControl.Text pass REGEX Checking
[ADMIN] [5/16/2017 15:24] [] GUTIL : MAX DO_ID [0]
[ADMIN] [5/16/2017 15:24] [] GUTIL : DO_ID [DO-1]
[ADMIN] [5/16/2017 15:24] [] GUTIL : MAX DO_ID [1]
[ADMIN] [5/16/2017 15:24] [] GUTIL : DO_ID [DO-2]
[ADMIN] [5/16/2017 15:25] [] USER ID = 1LOGOUT
