[] [5/19/2017 14:29] [] USER = ADMIN IS ACTIVE
[ADMIN] [5/19/2017 14:29] [] USER ID = 1 LOGIN SUCCESSFULLY
[ADMIN] [5/19/2017 14:29] [] ACTIVATE USER ACCESS RIGHT
[ADMIN] [5/19/2017 14:29] [] DISPLAY ADMIN FORM
[ADMIN] [5/19/2017 14:29] [] adminForm Load
[ADMIN] [5/19/2017 14:29] [] ACTIVATE USER ACCESS RIGHT
[] [5/19/2017 14:30] [] USER = ADMIN IS ACTIVE
[ADMIN] [5/19/2017 14:30] [] USER ID = 1 LOGIN SUCCESSFULLY
[ADMIN] [5/19/2017 14:30] [] ACTIVATE USER ACCESS RIGHT
[ADMIN] [5/19/2017 14:30] [] DISPLAY ADMIN FORM
[ADMIN] [5/19/2017 14:30] [] adminForm Load
[ADMIN] [5/19/2017 14:30] [] ACTIVATE USER ACCESS RIGHT
[] [5/19/2017 23:29] [] USER = ADMIN IS ACTIVE
[ADMIN] [5/19/2017 23:29] [] USER ID = 1 LOGIN SUCCESSFULLY
[ADMIN] [5/19/2017 23:29] [] ACTIVATE USER ACCESS RIGHT
[ADMIN] [5/19/2017 23:29] [] DISPLAY ADMIN FORM
[ADMIN] [5/19/2017 23:29] [] adminForm Load
[ADMIN] [5/19/2017 23:29] [] ACTIVATE USER ACCESS RIGHT
[] [5/19/2017 23:30] [] USER = ADMIN IS ACTIVE
[ADMIN] [5/19/2017 23:30] [] USER ID = 1 LOGIN SUCCESSFULLY
[ADMIN] [5/19/2017 23:30] [] ACTIVATE USER ACCESS RIGHT
[ADMIN] [5/19/2017 23:30] [] DISPLAY ADMIN FORM
[ADMIN] [5/19/2017 23:30] [] adminForm Load
[ADMIN] [5/19/2017 23:30] [] ACTIVATE USER ACCESS RIGHT
[] [5/19/2017 23:31] [] USER = ADMIN IS ACTIVE
[ADMIN] [5/19/2017 23:31] [] USER ID = 1 LOGIN SUCCESSFULLY
[ADMIN] [5/19/2017 23:31] [] ACTIVATE USER ACCESS RIGHT
[ADMIN] [5/19/2017 23:31] [] DISPLAY ADMIN FORM
[ADMIN] [5/19/2017 23:31] [] adminForm Load
[ADMIN] [5/19/2017 23:31] [] ACTIVATE USER ACCESS RIGHT
