[] [5/13/2017 13:44] [] USER = ADMIN IS ACTIVE
[ADMIN] [5/13/2017 13:44] [] USER ID = 1 LOGIN SUCCESSFULLY
[ADMIN] [5/13/2017 13:44] [] ACTIVATE USER ACCESS RIGHT
[ADMIN] [5/13/2017 13:44] [] DISPLAY ADMIN FORM
[ADMIN] [5/13/2017 13:44] [] adminForm Load
[ADMIN] [5/13/2017 13:44] [] ACTIVATE USER ACCESS RIGHT
[ADMIN] [5/13/2017 13:44] [] DAILY STOCK TAKE : detailDataGrid_CellValueChanged [BS]
[ADMIN] [5/13/2017 13:44] [PENJUALAN] DAILY STOCK TAKE : detailDataGrid_CellValueChanged, previousInput [0]
[ADMIN] [5/13/2017 13:44] [PENJUALAN] DAILY STOCK TAKE : detailDataGrid_CellValueChanged, cellValue [1]
[ADMIN] [5/13/2017 13:44] [PENJUALAN] DAILY STOCK TAKE : detailDataGrid_CellValueChanged, dataGridViewTextBoxEditingControl.Text pass REGEX Checking
[ADMIN] [5/13/2017 13:44] [] DAILY STOCK TAKE : detailDataGrid_CellValueChanged [BS]
[ADMIN] [5/13/2017 13:44] [PENJUALAN] DAILY STOCK TAKE : detailDataGrid_CellValueChanged, previousInput [1]
[ADMIN] [5/13/2017 13:44] [PENJUALAN] DAILY STOCK TAKE : detailDataGrid_CellValueChanged, dataGridViewTextBoxEditingControl.Text pass REGEX Checking
[ADMIN] [5/13/2017 13:44] [] DAILY STOCK TAKE : detailDataGrid_CellValueChanged [BS]
[ADMIN] [5/13/2017 13:44] [PENJUALAN] DAILY STOCK TAKE : detailDataGrid_CellValueChanged, previousInput [0]
[ADMIN] [5/13/2017 13:44] [PENJUALAN] DAILY STOCK TAKE : detailDataGrid_CellValueChanged, cellValue [5]
[ADMIN] [5/13/2017 13:44] [PENJUALAN] DAILY STOCK TAKE : detailDataGrid_CellValueChanged, dataGridViewTextBoxEditingControl.Text pass REGEX Checking
[ADMIN] [5/13/2017 13:44] [] DAILY STOCK TAKE : detailDataGrid_CellValueChanged [akhirRiil]
[ADMIN] [5/13/2017 13:44] [] DAILY STOCK TAKE : detailDataGrid_CellValueChanged [akhirRiil]
[ADMIN] [5/13/2017 13:44] [] DAILY STOCK TAKE : detailDataGrid_CellValueChanged [akhirRiil]
[ADMIN] [5/13/2017 13:44] [] DAILY STOCK TAKE : detailDataGrid_CellValueChanged [akhirRiil]
[ADMIN] [5/13/2017 13:46] [] DAILY STOCK TAKE : detailDataGrid_CellValueChanged [BS]
[ADMIN] [5/13/2017 13:46] [PENJUALAN] DAILY STOCK TAKE : detailDataGrid_CellValueChanged, previousInput [0]
[ADMIN] [5/13/2017 13:46] [PENJUALAN] DAILY STOCK TAKE : detailDataGrid_CellValueChanged, cellValue [1]
[ADMIN] [5/13/2017 13:46] [PENJUALAN] DAILY STOCK TAKE : detailDataGrid_CellValueChanged, dataGridViewTextBoxEditingControl.Text pass REGEX Checking
[ADMIN] [5/13/2017 13:46] [] DAILY STOCK TAKE : detailDataGrid_CellValueChanged [BS]
[ADMIN] [5/13/2017 13:46] [PENJUALAN] DAILY STOCK TAKE : detailDataGrid_CellValueChanged, previousInput [1]
[ADMIN] [5/13/2017 13:46] [PENJUALAN] DAILY STOCK TAKE : detailDataGrid_CellValueChanged, dataGridViewTextBoxEditingControl.Text pass REGEX Checking
[ADMIN] [5/13/2017 13:47] [] DAILY STOCK TAKE : detailDataGrid_CellValueChanged [BS]
[ADMIN] [5/13/2017 13:47] [PENJUALAN] DAILY STOCK TAKE : detailDataGrid_CellValueChanged, previousInput [0]
[ADMIN] [5/13/2017 13:47] [PENJUALAN] DAILY STOCK TAKE : detailDataGrid_CellValueChanged, cellValue [1]
[ADMIN] [5/13/2017 13:47] [PENJUALAN] DAILY STOCK TAKE : detailDataGrid_CellValueChanged, dataGridViewTextBoxEditingControl.Text pass REGEX Checking
[ADMIN] [5/13/2017 13:47] [] DAILY STOCK TAKE : detailDataGrid_CellValueChanged [BS]
[ADMIN] [5/13/2017 13:47] [PENJUALAN] DAILY STOCK TAKE : detailDataGrid_CellValueChanged, previousInput [1]
[ADMIN] [5/13/2017 13:47] [PENJUALAN] DAILY STOCK TAKE : detailDataGrid_CellValueChanged, dataGridViewTextBoxEditingControl.Text pass REGEX Checking
[ADMIN] [5/13/2017 13:47] [] DAILY STOCK TAKE : detailDataGrid_CellValueChanged [BS]
[ADMIN] [5/13/2017 13:47] [PENJUALAN] DAILY STOCK TAKE : detailDataGrid_CellValueChanged, previousInput [10]
[ADMIN] [5/13/2017 13:47] [PENJUALAN] DAILY STOCK TAKE : detailDataGrid_CellValueChanged, dataGridViewTextBoxEditingControl.Text pass REGEX Checking
[ADMIN] [5/13/2017 13:47] [] DAILY STOCK TAKE : detailDataGrid_CellValueChanged [BS]
[ADMIN] [5/13/2017 13:47] [PENJUALAN] DAILY STOCK TAKE : detailDataGrid_CellValueChanged, empty texbox, reset [BS] value to 0
[ADMIN] [5/13/2017 13:47] [] DAILY STOCK TAKE : detailDataGrid_CellValueChanged [BS]
[ADMIN] [5/13/2017 13:47] [PENJUALAN] DAILY STOCK TAKE : detailDataGrid_CellValueChanged, previousInput [1]
[ADMIN] [5/13/2017 13:47] [] DAILY STOCK TAKE : detailDataGrid_CellValueChanged [BS]
[ADMIN] [5/13/2017 13:47] [PENJUALAN] DAILY STOCK TAKE : detailDataGrid_CellValueChanged, previousInput [1]
[ADMIN] [5/13/2017 13:47] [PENJUALAN] DAILY STOCK TAKE : detailDataGrid_CellValueChanged, dataGridViewTextBoxEditingControl.Text pass REGEX Checking
[ADMIN] [5/13/2017 13:47] [] DAILY STOCK TAKE : detailDataGrid_CellValueChanged [akhirRiil]
[ADMIN] [5/13/2017 13:47] [] DAILY STOCK TAKE : detailDataGrid_CellValueChanged [akhirRiil]
[ADMIN] [5/13/2017 13:47] [] DAILY STOCK TAKE : detailDataGrid_CellValueChanged [akhirRiil]
[ADMIN] [5/13/2017 13:47] [] DAILY STOCK TAKE : detailDataGrid_CellValueChanged [akhirRiil]
[ADMIN] [5/13/2017 13:47] [] DAILY STOCK TAKE : detailDataGrid_CellValueChanged [akhirRiil]
[] [5/13/2017 13:50] [] USER = ADMIN IS ACTIVE
[ADMIN] [5/13/2017 13:50] [] USER ID = 1 LOGIN SUCCESSFULLY
[ADMIN] [5/13/2017 13:50] [] ACTIVATE USER ACCESS RIGHT
[ADMIN] [5/13/2017 13:50] [] DISPLAY ADMIN FORM
[ADMIN] [5/13/2017 13:50] [] adminForm Load
[ADMIN] [5/13/2017 13:50] [] ACTIVATE USER ACCESS RIGHT
[ADMIN] [5/13/2017 13:50] [] [SYNC] CONNECTION TO SERVER CREATED
[ADMIN] [5/13/2017 13:50] [] [SYNC] CONNECTION TO SERVER CREATED
[ADMIN] [5/13/2017 13:50] [] [SYNC] CONNECTION TO SERVER CREATED
[ADMIN] [5/13/2017 13:51] [] [SYNC] CONNECTION TO SERVER CREATED
[ADMIN] [5/13/2017 13:51] [] [SYNC] FAILED TO SYNC LOCAL DATA TO SERVER [Table 'sys_pos_larasbakery_ss.daily_journal' doesn't exist]
[ADMIN] [5/13/2017 13:51] [] USER ID = 1LOGOUT
