[] [6/16/2017 12:14] [] USER = ADMIN IS ACTIVE
[ADMIN] [6/16/2017 12:14] [] USER ID = 1 LOGIN SUCCESSFULLY
[ADMIN] [6/16/2017 12:14] [] ACTIVATE USER ACCESS RIGHT
[ADMIN] [6/16/2017 12:14] [] DISPLAY ADMIN FORM
[ADMIN] [6/16/2017 12:14] [] adminForm Load
[ADMIN] [6/16/2017 12:14] [] CREATE DATA GROUP FORM MODULE_ID [51]
[ADMIN] [6/16/2017 12:14] [] CREATE DATA GROUP ACCESS MODULE FORM, GROUP USER ID [1]
[ADMIN] [6/16/2017 12:15] [] CREATE DATA GROUP ACCESS MODULE FORM, GROUP USER ID [1]
[ADMIN] [6/16/2017 12:15] [] USER ID = 1LOGOUT
[ADMIN] [6/16/2017 12:15] [] USER = ADMIN IS ACTIVE
[ADMIN] [6/16/2017 12:15] [] USER ID = 1 LOGIN SUCCESSFULLY
[ADMIN] [6/16/2017 12:15] [] ACTIVATE USER ACCESS RIGHT
[ADMIN] [6/16/2017 12:15] [] DISPLAY ADMIN FORM
[ADMIN] [6/16/2017 12:15] [] adminForm Load
[] [6/16/2017 12:16] [] USER = ADMIN IS ACTIVE
[] [6/16/2017 12:16] [] USER = ADMIN IS ACTIVE
[ADMIN] [6/16/2017 12:16] [] USER ID = 1 LOGIN SUCCESSFULLY
[ADMIN] [6/16/2017 12:16] [] ACTIVATE USER ACCESS RIGHT
[ADMIN] [6/16/2017 12:17] [] DISPLAY ADMIN FORM
[ADMIN] [6/16/2017 12:17] [] adminForm Load
[ADMIN] [6/16/2017 12:18] [] USER ID = 1LOGOUT
[] [6/16/2017 12:19] [] USER = ADMIN IS ACTIVE
[ADMIN] [6/16/2017 12:19] [] USER ID = 1 LOGIN SUCCESSFULLY
[ADMIN] [6/16/2017 12:19] [] ACTIVATE USER ACCESS RIGHT
[ADMIN] [6/16/2017 12:19] [] DISPLAY ADMIN FORM
[ADMIN] [6/16/2017 12:19] [] adminForm Load
[ADMIN] [6/16/2017 12:19] [] SERVER IP IS LOCALHOST
[ADMIN] [6/16/2017 12:19] [] UPDATE DATA ID 2
[ADMIN] [6/16/2017 12:19] [] UPDATE / INSERT FAILED
[ADMIN] [6/16/2017 12:19] [] SERVER IP IS LOCALHOST
[ADMIN] [6/16/2017 12:19] [] UPDATE DATA ID 2
[ADMIN] [6/16/2017 12:19] [] UPDATE / INSERT FAILED
[ADMIN] [6/16/2017 12:20] [] SERVER IP IS LOCALHOST
[ADMIN] [6/16/2017 12:20] [] UPDATE DATA ID 2
[] [6/16/2017 12:22] [] USER = ADMIN IS ACTIVE
[ADMIN] [6/16/2017 12:22] [] USER ID = 1 LOGIN SUCCESSFULLY
[ADMIN] [6/16/2017 12:22] [] ACTIVATE USER ACCESS RIGHT
[ADMIN] [6/16/2017 12:22] [] DISPLAY ADMIN FORM
[ADMIN] [6/16/2017 12:22] [] adminForm Load
[ADMIN] [6/16/2017 12:22] [] SERVER IP IS LOCALHOST
[ADMIN] [6/16/2017 12:22] [] UPDATE DATA ID 2
[ADMIN] [6/16/2017 12:22] [PENJUALAN] CASHIER FORM : MULTIPLE CASHIER INSTANCE [1]
[ADMIN] [6/16/2017 12:22] [PENJUALAN] CASHIER FORM : REGISTER HOTKEY
[ADMIN] [6/16/2017 12:22] [PENJUALAN] CASHIER FORM : cashierForm_Load, ATTEMPT TO LOAD NO FAKTUR
[ADMIN] [6/16/2017 12:22] [PENJUALAN] CASHIER FORM : loadNoFaktur, noFakturValue [SLO001]
[ADMIN] [6/16/2017 12:22] [PENJUALAN] CASHIER FORM : cashierForm_Load, ATTEMPT TO addColumnToDataGrid
[ADMIN] [6/16/2017 12:22] [PENJUALAN] CASHIER FORM : UPDATE ROW NUMBER, TOTAL ROW [1]
[ADMIN] [6/16/2017 12:22] [PENJUALAN] CASHIER FORM : cashierDataGridView_CellValueChanged [F8]
[ADMIN] [6/16/2017 12:22] [PENJUALAN] CASHIER FORM : REGISTER HOTKEY
[ADMIN] [6/16/2017 12:23] [PENJUALAN] CASHIER FORM : Combobox_previewKeyDown, cashierDataGridView.CurrentCell.OwningColumn.Name  [productID]
[ADMIN] [6/16/2017 12:23] [PENJUALAN] CASHIER FORM : UPDATE ROW NUMBER, TOTAL ROW [2]
[ADMIN] [6/16/2017 12:23] [PENJUALAN] CASHIER FORM : cashierDataGridView_CellValueChanged [F8]
[ADMIN] [6/16/2017 12:23] [PENJUALAN] CASHIER FORM : cashierDataGridView_CellValueChanged [productID]
[ADMIN] [6/16/2017 12:23] [PENJUALAN] CASHIER FORM : Combobox_previewKeyDown, cashierDataGridView.CurrentCell.OwningColumn.Name  [productID]
[ADMIN] [6/16/2017 12:23] [PENJUALAN] CASHIER FORM : cashierDataGridView_CellValueChanged [productID]
[ADMIN] [6/16/2017 12:23] [PENJUALAN] CASHIER FORM : Combobox_previewKeyDown, cashierDataGridView.CurrentCell.OwningColumn.Name  [productID]
[ADMIN] [6/16/2017 12:23] [PENJUALAN] CASHIER FORM : Combobox_previewKeyDown, cashierDataGridView.CurrentCell.OwningColumn.Name  [productID]
[ADMIN] [6/16/2017 12:23] [PENJUALAN] CASHIER FORM : cashierDataGridView_CellValueChanged [productID]
[ADMIN] [6/16/2017 12:23] [PENJUALAN] CASHIER FORM : Combobox_previewKeyDown, cashierDataGridView.CurrentCell.OwningColumn.Name  [productID]
[ADMIN] [6/16/2017 12:23] [PENJUALAN] CASHIER FORM : cashierDataGridView_CellValueChanged [productID]
[ADMIN] [6/16/2017 12:23] [PENJUALAN] CASHIER FORM : Combobox_previewKeyDown, cashierDataGridView.CurrentCell.OwningColumn.Name  [productID]
[ADMIN] [6/16/2017 12:23] [PENJUALAN] CASHIER FORM : UNREGISTER HOTKEY
[ADMIN] [6/16/2017 12:23] [PENJUALAN] CASHIER FORM : ADD NEW ROW FROM BARCODE [ROTI PISANG]
[ADMIN] [6/16/2017 12:23] [PENJUALAN] CASHIER FORM : updateSomeRowContents
[ADMIN] [6/16/2017 12:23] [PENJUALAN] CASHIER FORM : cashierDataGridView_CellValueChanged [productID]
[ADMIN] [6/16/2017 12:23] [PENJUALAN] CASHIER FORM : cashierDataGridView_CellValueChanged [productName]
[ADMIN] [6/16/2017 12:23] [PENJUALAN] CASHIER FORM : PRODUCT PRICE TYPE [PRODUCT_BASE_PRICE]
[ADMIN] [6/16/2017 12:23] [PENJUALAN] CASHIER FORM : PRODUCT PRICE [10]
[ADMIN] [6/16/2017 12:23] [PENJUALAN] CASHIER FORM : ComboBox_SelectedIndexChanged, PRODUCT_BASE_PRICE [10]
[ADMIN] [6/16/2017 12:23] [PENJUALAN] CASHIER FORM : cashierDataGridView_CellValueChanged [hpp]
[ADMIN] [6/16/2017 12:23] [PENJUALAN] CASHIER FORM : PRODUCT PRICE TYPE [PRODUCT_RETAIL_PRICE]
[ADMIN] [6/16/2017 12:23] [PENJUALAN] CASHIER FORM : PRODUCT PRICE [10]
[ADMIN] [6/16/2017 12:23] [PENJUALAN] CASHIER FORM : ComboBox_SelectedIndexChanged, PRODUCT_SALES_PRICE [10]
[ADMIN] [6/16/2017 12:23] [PENJUALAN] CASHIER FORM : cashierDataGridView_CellValueChanged [productPrice]
[ADMIN] [6/16/2017 12:23] [PENJUALAN] CASHIER FORM : cashierDataGridView_CellValueChanged, previousInput [0]
[ADMIN] [6/16/2017 12:23] [PENJUALAN] CASHIER FORM : cashierDataGridView_CellValueChanged, cellValue [10]
[ADMIN] [6/16/2017 12:23] [PENJUALAN] CASHIER FORM : cashierDataGridView_CellValueChanged, dataGridViewTextBoxEditingControl.Text pass REGEX Checking
[ADMIN] [6/16/2017 12:23] [PENJUALAN] CASHIER FORM : CALCULATE SUBTOTAL
[ADMIN] [6/16/2017 12:23] [PENJUALAN] CASHIER FORM : SUBTOTAL [0]
[ADMIN] [6/16/2017 12:23] [PENJUALAN] CASHIER FORM : cashierDataGridView_CellValueChanged, subtotal value [0]
[ADMIN] [6/16/2017 12:23] [PENJUALAN] CASHIER FORM : cashierDataGridView_CellValueChanged, attempt to calculate total value
[ADMIN] [6/16/2017 12:23] [PENJUALAN] CASHIER FORM : calculateTotal
[ADMIN] [6/16/2017 12:23] [PENJUALAN] CASHIER FORM : calculateTotal [0]
[ADMIN] [6/16/2017 12:23] [PENJUALAN] CASHIER FORM : calculateTotal, totalAfterDisc [0]
[ADMIN] [6/16/2017 12:23] [PENJUALAN] CASHIER FORM : calculateChangeValue, bayarTextBox.Text [0]
[ADMIN] [6/16/2017 12:23] [PENJUALAN] CASHIER FORM : calculateChangeValue, sisaBayar [0]
[ADMIN] [6/16/2017 12:23] [PENJUALAN] CASHIER FORM : cashierDataGridView_CellValueChanged [qty]
[ADMIN] [6/16/2017 12:23] [PENJUALAN] CASHIER FORM : cashierDataGridView_CellValueChanged, previousInput [0]
[ADMIN] [6/16/2017 12:23] [PENJUALAN] CASHIER FORM : cashierDataGridView_CellValueChanged [jumlah]
[ADMIN] [6/16/2017 12:23] [PENJUALAN] CASHIER FORM : calculateTotal
[ADMIN] [6/16/2017 12:23] [PENJUALAN] CASHIER FORM : calculateTotal [0]
[ADMIN] [6/16/2017 12:23] [PENJUALAN] CASHIER FORM : calculateTotal, totalAfterDisc [0]
[ADMIN] [6/16/2017 12:23] [PENJUALAN] CASHIER FORM : calculateChangeValue, bayarTextBox.Text [0]
[ADMIN] [6/16/2017 12:23] [PENJUALAN] CASHIER FORM : calculateChangeValue, sisaBayar [0]
[ADMIN] [6/16/2017 12:23] [PENJUALAN] CASHIER FORM : CHECK STOCK QTY IS ENOUGH [RT001]
[ADMIN] [6/16/2017 12:23] [PENJUALAN] CASHIER FORM : CHECK STOCK QTY IS ENOUGH [100, 1]
[ADMIN] [6/16/2017 12:23] [PENJUALAN] CASHIER FORM : cashierDataGridView_CellValueChanged [qty]
[ADMIN] [6/16/2017 12:23] [PENJUALAN] CASHIER FORM : cashierDataGridView_CellValueChanged, previousInput [0]
[ADMIN] [6/16/2017 12:23] [PENJUALAN] CASHIER FORM : cashierDataGridView_CellValueChanged, cellValue [1]
[ADMIN] [6/16/2017 12:23] [PENJUALAN] CASHIER FORM : cashierDataGridView_CellValueChanged, dataGridViewTextBoxEditingControl.Text pass REGEX Checking
[ADMIN] [6/16/2017 12:23] [PENJUALAN] CASHIER FORM : CHECK STOCK QTY IS ENOUGH [RT001]
[ADMIN] [6/16/2017 12:23] [PENJUALAN] CASHIER FORM : CHECK STOCK QTY IS ENOUGH [100, 1]
[ADMIN] [6/16/2017 12:23] [PENJUALAN] CASHIER FORM : CALCULATE SUBTOTAL
[ADMIN] [6/16/2017 12:23] [PENJUALAN] CASHIER FORM : SUBTOTAL [10]
[ADMIN] [6/16/2017 12:23] [PENJUALAN] CASHIER FORM : cashierDataGridView_CellValueChanged, subtotal value [10]
[ADMIN] [6/16/2017 12:23] [PENJUALAN] CASHIER FORM : cashierDataGridView_CellValueChanged, attempt to calculate total value
[ADMIN] [6/16/2017 12:23] [PENJUALAN] CASHIER FORM : calculateTotal
[ADMIN] [6/16/2017 12:23] [PENJUALAN] CASHIER FORM : calculateTotal [10]
[ADMIN] [6/16/2017 12:23] [PENJUALAN] CASHIER FORM : calculateTotal, totalAfterDisc [10]
[ADMIN] [6/16/2017 12:23] [PENJUALAN] CASHIER FORM : calculateChangeValue, bayarTextBox.Text [0]
[ADMIN] [6/16/2017 12:23] [PENJUALAN] CASHIER FORM : calculateChangeValue, sisaBayar [0]
[ADMIN] [6/16/2017 12:23] [PENJUALAN] CASHIER FORM : SET QTY TO 1 BECAUSE OF NEW ROW
[ADMIN] [6/16/2017 12:23] [PENJUALAN] CASHIER FORM : CALCULATE SUBTOTAL
[ADMIN] [6/16/2017 12:23] [PENJUALAN] CASHIER FORM : SUBTOTAL [10]
[ADMIN] [6/16/2017 12:23] [PENJUALAN] CASHIER FORM : calculateTotal
[ADMIN] [6/16/2017 12:23] [PENJUALAN] CASHIER FORM : calculateTotal [10]
[ADMIN] [6/16/2017 12:23] [PENJUALAN] CASHIER FORM : calculateTotal, totalAfterDisc [10]
[ADMIN] [6/16/2017 12:23] [PENJUALAN] CASHIER FORM : calculateChangeValue, bayarTextBox.Text [0]
[ADMIN] [6/16/2017 12:23] [PENJUALAN] CASHIER FORM : calculateChangeValue, sisaBayar [0]
[ADMIN] [6/16/2017 12:23] [PENJUALAN] CASHIER FORM : UPDATE ROW NUMBER, TOTAL ROW [2]
[ADMIN] [6/16/2017 12:23] [PENJUALAN] CASHIER FORM : cashierDataGridView_CellValueChanged [F8]
[ADMIN] [6/16/2017 12:23] [PENJUALAN] CASHIER FORM : REGISTER HOTKEY
[ADMIN] [6/16/2017 12:23] [PENJUALAN] CASHIER FORM : Combobox_previewKeyDown, cashierDataGridView.CurrentCell.OwningColumn.Name  [productID]
[ADMIN] [6/16/2017 12:23] [PENJUALAN] CASHIER FORM : UPDATE ROW NUMBER, TOTAL ROW [3]
[ADMIN] [6/16/2017 12:23] [PENJUALAN] CASHIER FORM : cashierDataGridView_CellValueChanged [F8]
[ADMIN] [6/16/2017 12:23] [PENJUALAN] CASHIER FORM : cashierDataGridView_CellValueChanged [productID]
[ADMIN] [6/16/2017 12:23] [PENJUALAN] CASHIER FORM : Combobox_previewKeyDown, cashierDataGridView.CurrentCell.OwningColumn.Name  [productID]
[ADMIN] [6/16/2017 12:23] [PENJUALAN] CASHIER FORM : cashierDataGridView_CellValueChanged [productID]
[ADMIN] [6/16/2017 12:23] [PENJUALAN] CASHIER FORM : Combobox_previewKeyDown, cashierDataGridView.CurrentCell.OwningColumn.Name  [productID]
[ADMIN] [6/16/2017 12:23] [PENJUALAN] CASHIER FORM : UNREGISTER HOTKEY
[ADMIN] [6/16/2017 12:23] [PENJUALAN] CASHIER FORM : ADD NEW ROW FROM BARCODE [ROTI PISANG]
[ADMIN] [6/16/2017 12:23] [PENJUALAN] CASHIER FORM : updateSomeRowContents
[ADMIN] [6/16/2017 12:23] [PENJUALAN] CASHIER FORM : cashierDataGridView_CellValueChanged [productID]
[ADMIN] [6/16/2017 12:23] [PENJUALAN] CASHIER FORM : cashierDataGridView_CellValueChanged [productName]
[ADMIN] [6/16/2017 12:23] [PENJUALAN] CASHIER FORM : PRODUCT PRICE TYPE [PRODUCT_BASE_PRICE]
[ADMIN] [6/16/2017 12:23] [PENJUALAN] CASHIER FORM : PRODUCT PRICE [10]
[ADMIN] [6/16/2017 12:23] [PENJUALAN] CASHIER FORM : ComboBox_SelectedIndexChanged, PRODUCT_BASE_PRICE [10]
[ADMIN] [6/16/2017 12:23] [PENJUALAN] CASHIER FORM : cashierDataGridView_CellValueChanged [hpp]
[ADMIN] [6/16/2017 12:23] [PENJUALAN] CASHIER FORM : PRODUCT PRICE TYPE [PRODUCT_RETAIL_PRICE]
[ADMIN] [6/16/2017 12:23] [PENJUALAN] CASHIER FORM : PRODUCT PRICE [10]
[ADMIN] [6/16/2017 12:23] [PENJUALAN] CASHIER FORM : ComboBox_SelectedIndexChanged, PRODUCT_SALES_PRICE [10]
[ADMIN] [6/16/2017 12:23] [PENJUALAN] CASHIER FORM : cashierDataGridView_CellValueChanged [productPrice]
[ADMIN] [6/16/2017 12:23] [PENJUALAN] CASHIER FORM : cashierDataGridView_CellValueChanged, previousInput [0]
[ADMIN] [6/16/2017 12:23] [PENJUALAN] CASHIER FORM : cashierDataGridView_CellValueChanged, cellValue [10]
[ADMIN] [6/16/2017 12:23] [PENJUALAN] CASHIER FORM : cashierDataGridView_CellValueChanged, dataGridViewTextBoxEditingControl.Text pass REGEX Checking
[ADMIN] [6/16/2017 12:23] [PENJUALAN] CASHIER FORM : CALCULATE SUBTOTAL
[ADMIN] [6/16/2017 12:23] [PENJUALAN] CASHIER FORM : SUBTOTAL [0]
[ADMIN] [6/16/2017 12:23] [PENJUALAN] CASHIER FORM : cashierDataGridView_CellValueChanged, subtotal value [0]
[ADMIN] [6/16/2017 12:23] [PENJUALAN] CASHIER FORM : cashierDataGridView_CellValueChanged, attempt to calculate total value
[ADMIN] [6/16/2017 12:23] [PENJUALAN] CASHIER FORM : calculateTotal
[ADMIN] [6/16/2017 12:23] [PENJUALAN] CASHIER FORM : calculateTotal [10]
[ADMIN] [6/16/2017 12:23] [PENJUALAN] CASHIER FORM : calculateTotal, totalAfterDisc [10]
[ADMIN] [6/16/2017 12:23] [PENJUALAN] CASHIER FORM : calculateChangeValue, bayarTextBox.Text [0]
[ADMIN] [6/16/2017 12:23] [PENJUALAN] CASHIER FORM : calculateChangeValue, sisaBayar [0]
[ADMIN] [6/16/2017 12:23] [PENJUALAN] CASHIER FORM : cashierDataGridView_CellValueChanged [qty]
[ADMIN] [6/16/2017 12:23] [PENJUALAN] CASHIER FORM : cashierDataGridView_CellValueChanged, previousInput [0]
[ADMIN] [6/16/2017 12:23] [PENJUALAN] CASHIER FORM : cashierDataGridView_CellValueChanged [jumlah]
[ADMIN] [6/16/2017 12:23] [PENJUALAN] CASHIER FORM : calculateTotal
[ADMIN] [6/16/2017 12:23] [PENJUALAN] CASHIER FORM : calculateTotal [10]
[ADMIN] [6/16/2017 12:23] [PENJUALAN] CASHIER FORM : calculateTotal, totalAfterDisc [10]
[ADMIN] [6/16/2017 12:23] [PENJUALAN] CASHIER FORM : calculateChangeValue, bayarTextBox.Text [0]
[ADMIN] [6/16/2017 12:23] [PENJUALAN] CASHIER FORM : calculateChangeValue, sisaBayar [0]
[ADMIN] [6/16/2017 12:23] [PENJUALAN] CASHIER FORM : CHECK STOCK QTY IS ENOUGH [RT001]
[ADMIN] [6/16/2017 12:23] [PENJUALAN] CASHIER FORM : CHECK STOCK QTY IS ENOUGH [100, 1]
[ADMIN] [6/16/2017 12:23] [PENJUALAN] CASHIER FORM : cashierDataGridView_CellValueChanged [qty]
[ADMIN] [6/16/2017 12:23] [PENJUALAN] CASHIER FORM : cashierDataGridView_CellValueChanged, previousInput [0]
[ADMIN] [6/16/2017 12:23] [PENJUALAN] CASHIER FORM : cashierDataGridView_CellValueChanged, cellValue [1]
[ADMIN] [6/16/2017 12:23] [PENJUALAN] CASHIER FORM : cashierDataGridView_CellValueChanged, dataGridViewTextBoxEditingControl.Text pass REGEX Checking
[ADMIN] [6/16/2017 12:23] [PENJUALAN] CASHIER FORM : CHECK STOCK QTY IS ENOUGH [RT001]
[ADMIN] [6/16/2017 12:23] [PENJUALAN] CASHIER FORM : CHECK STOCK QTY IS ENOUGH [100, 1]
[ADMIN] [6/16/2017 12:23] [PENJUALAN] CASHIER FORM : CALCULATE SUBTOTAL
[ADMIN] [6/16/2017 12:23] [PENJUALAN] CASHIER FORM : SUBTOTAL [10]
[ADMIN] [6/16/2017 12:23] [PENJUALAN] CASHIER FORM : cashierDataGridView_CellValueChanged, subtotal value [10]
[ADMIN] [6/16/2017 12:23] [PENJUALAN] CASHIER FORM : cashierDataGridView_CellValueChanged, attempt to calculate total value
[ADMIN] [6/16/2017 12:23] [PENJUALAN] CASHIER FORM : calculateTotal
[ADMIN] [6/16/2017 12:23] [PENJUALAN] CASHIER FORM : calculateTotal [20]
[ADMIN] [6/16/2017 12:23] [PENJUALAN] CASHIER FORM : calculateTotal, totalAfterDisc [20]
[ADMIN] [6/16/2017 12:23] [PENJUALAN] CASHIER FORM : calculateChangeValue, bayarTextBox.Text [0]
[ADMIN] [6/16/2017 12:23] [PENJUALAN] CASHIER FORM : calculateChangeValue, sisaBayar [0]
[ADMIN] [6/16/2017 12:23] [PENJUALAN] CASHIER FORM : SET QTY TO 1 BECAUSE OF NEW ROW
[ADMIN] [6/16/2017 12:23] [PENJUALAN] CASHIER FORM : CALCULATE SUBTOTAL
[ADMIN] [6/16/2017 12:23] [PENJUALAN] CASHIER FORM : SUBTOTAL [10]
[ADMIN] [6/16/2017 12:23] [PENJUALAN] CASHIER FORM : calculateTotal
[ADMIN] [6/16/2017 12:23] [PENJUALAN] CASHIER FORM : calculateTotal [20]
[ADMIN] [6/16/2017 12:23] [PENJUALAN] CASHIER FORM : calculateTotal, totalAfterDisc [20]
[ADMIN] [6/16/2017 12:23] [PENJUALAN] CASHIER FORM : calculateChangeValue, bayarTextBox.Text [0]
[ADMIN] [6/16/2017 12:23] [PENJUALAN] CASHIER FORM : calculateChangeValue, sisaBayar [0]
[ADMIN] [6/16/2017 12:23] [PENJUALAN] CASHIER FORM : UPDATE ROW NUMBER, TOTAL ROW [3]
[ADMIN] [6/16/2017 12:23] [PENJUALAN] CASHIER FORM : cashierDataGridView_CellValueChanged [F8]
[ADMIN] [6/16/2017 12:23] [PENJUALAN] CASHIER FORM : REGISTER HOTKEY
[ADMIN] [6/16/2017 12:23] [PENJUALAN] CASHIER FORM : cashierDataGridView_CellValueChanged [qty]
[ADMIN] [6/16/2017 12:23] [PENJUALAN] CASHIER FORM : cashierDataGridView_CellValueChanged, previousInput [1]
[ADMIN] [6/16/2017 12:23] [PENJUALAN] CASHIER FORM : cashierDataGridView_CellValueChanged [qty]
[ADMIN] [6/16/2017 12:23] [PENJUALAN] CASHIER FORM : cashierDataGridView_CellValueChanged, previousInput [1]
[ADMIN] [6/16/2017 12:23] [PENJUALAN] CASHIER FORM : cashierDataGridView_CellValueChanged, dataGridViewTextBoxEditingControl.Text pass REGEX Checking
[ADMIN] [6/16/2017 12:23] [PENJUALAN] CASHIER FORM : CHECK STOCK QTY IS ENOUGH [RT001]
[ADMIN] [6/16/2017 12:23] [PENJUALAN] CASHIER FORM : CHECK STOCK QTY IS ENOUGH [100, 10]
[ADMIN] [6/16/2017 12:23] [PENJUALAN] CASHIER FORM : CALCULATE SUBTOTAL
[ADMIN] [6/16/2017 12:23] [PENJUALAN] CASHIER FORM : SUBTOTAL [100]
[ADMIN] [6/16/2017 12:23] [PENJUALAN] CASHIER FORM : cashierDataGridView_CellValueChanged, subtotal value [100]
[ADMIN] [6/16/2017 12:23] [PENJUALAN] CASHIER FORM : cashierDataGridView_CellValueChanged, attempt to calculate total value
[ADMIN] [6/16/2017 12:23] [PENJUALAN] CASHIER FORM : calculateTotal
[ADMIN] [6/16/2017 12:23] [PENJUALAN] CASHIER FORM : calculateTotal [110]
[ADMIN] [6/16/2017 12:23] [PENJUALAN] CASHIER FORM : calculateTotal, totalAfterDisc [110]
[ADMIN] [6/16/2017 12:23] [PENJUALAN] CASHIER FORM : calculateChangeValue, bayarTextBox.Text [0]
[ADMIN] [6/16/2017 12:23] [PENJUALAN] CASHIER FORM : calculateChangeValue, sisaBayar [0]
[ADMIN] [6/16/2017 12:23] [PENJUALAN] CASHIER FORM : cashierDataGridView_CellValueChanged [qty]
[ADMIN] [6/16/2017 12:23] [PENJUALAN] CASHIER FORM : cashierDataGridView_CellValueChanged, previousInput [10]
[ADMIN] [6/16/2017 12:23] [PENJUALAN] CASHIER FORM : cashierDataGridView_CellValueChanged, dataGridViewTextBoxEditingControl.Text pass REGEX Checking
[ADMIN] [6/16/2017 12:23] [PENJUALAN] CASHIER FORM : CHECK STOCK QTY IS ENOUGH [RT001]
[ADMIN] [6/16/2017 12:23] [PENJUALAN] CASHIER FORM : CHECK STOCK QTY IS ENOUGH [100, 100]
[ADMIN] [6/16/2017 12:23] [PENJUALAN] CASHIER FORM : CALCULATE SUBTOTAL
[ADMIN] [6/16/2017 12:23] [PENJUALAN] CASHIER FORM : SUBTOTAL [1000]
[ADMIN] [6/16/2017 12:23] [PENJUALAN] CASHIER FORM : cashierDataGridView_CellValueChanged, subtotal value [1000]
[ADMIN] [6/16/2017 12:23] [PENJUALAN] CASHIER FORM : cashierDataGridView_CellValueChanged, attempt to calculate total value
[ADMIN] [6/16/2017 12:23] [PENJUALAN] CASHIER FORM : calculateTotal
[ADMIN] [6/16/2017 12:23] [PENJUALAN] CASHIER FORM : calculateTotal [1010]
[ADMIN] [6/16/2017 12:23] [PENJUALAN] CASHIER FORM : calculateTotal, totalAfterDisc [1010]
[ADMIN] [6/16/2017 12:23] [PENJUALAN] CASHIER FORM : calculateChangeValue, bayarTextBox.Text [0]
[ADMIN] [6/16/2017 12:23] [PENJUALAN] CASHIER FORM : calculateChangeValue, sisaBayar [0]
[ADMIN] [6/16/2017 12:23] [PENJUALAN] CASHIER FORM : calculateChangeValue, bayarTextBox.Text [1]
[ADMIN] [6/16/2017 12:23] [PENJUALAN] CASHIER FORM : calculateChangeValue, sisaBayar [0]
[ADMIN] [6/16/2017 12:23] [PENJUALAN] CASHIER FORM : calculateChangeValue, bayarTextBox.Text [10]
[ADMIN] [6/16/2017 12:23] [PENJUALAN] CASHIER FORM : calculateChangeValue, sisaBayar [0]
[ADMIN] [6/16/2017 12:23] [PENJUALAN] CASHIER FORM : calculateChangeValue, bayarTextBox.Text [100]
[ADMIN] [6/16/2017 12:23] [PENJUALAN] CASHIER FORM : calculateChangeValue, sisaBayar [0]
[ADMIN] [6/16/2017 12:23] [PENJUALAN] CASHIER FORM : calculateChangeValue, bayarTextBox.Text [1000]
[ADMIN] [6/16/2017 12:23] [PENJUALAN] CASHIER FORM : calculateChangeValue, sisaBayar [0]
[ADMIN] [6/16/2017 12:23] [PENJUALAN] CASHIER FORM : calculateChangeValue, bayarTextBox.Text [10000]
[ADMIN] [6/16/2017 12:23] [PENJUALAN] CASHIER FORM : calculateChangeValue, sisaBayar [8990]
[ADMIN] [6/16/2017 12:23] [PENJUALAN] CASHIER FORM : HOTKEY TO SAVE AND PRINT OUT INVOICE PRESSED
[ADMIN] [6/16/2017 12:23] [PENJUALAN] CASHIER FORM : UNREGISTER HOTKEY
[ADMIN] [6/16/2017 12:23] [PENJUALAN] CASHIER FORM : REGISTER HOTKEY
[ADMIN] [6/16/2017 12:23] [PENJUALAN] ATTEMPT TO SAVE AND PRINT OUT INVOICE
[ADMIN] [6/16/2017 12:23] [PENJUALAN] CASHIER FORM : CHECK STOCK QTY IS ENOUGH [RT001]
[ADMIN] [6/16/2017 12:23] [PENJUALAN] CASHIER FORM : CHECK STOCK QTY IS ENOUGH [100, 1]
[ADMIN] [6/16/2017 12:23] [PENJUALAN] CASHIER FORM : CHECK STOCK QTY IS ENOUGH [RT001]
[ADMIN] [6/16/2017 12:23] [PENJUALAN] CASHIER FORM : CHECK STOCK QTY IS ENOUGH [100, 100]
[ADMIN] [6/16/2017 12:23] [PENJUALAN] CASHIER FORM : UNREGISTER HOTKEY
[ADMIN] [6/16/2017 12:23] [PENJUALAN] CASHIER FORM : REGISTER HOTKEY
[ADMIN] [6/16/2017 12:23] [PENJUALAN] CASHIER FORM : CHECK STOCK QTY IS ENOUGH [RT001]
[ADMIN] [6/16/2017 12:23] [PENJUALAN] CASHIER FORM : CHECK STOCK QTY IS ENOUGH [100, 101]
[ADMIN] [6/16/2017 12:23] [PENJUALAN] CASHIER FORM : cashierDataGridView_CellValueChanged [qty]
[ADMIN] [6/16/2017 12:23] [PENJUALAN] CASHIER FORM : cashierDataGridView_CellValueChanged, previousInput [100]
[ADMIN] [6/16/2017 12:23] [PENJUALAN] CASHIER FORM : cashierDataGridView_CellValueChanged, dataGridViewTextBoxEditingControl.Text pass REGEX Checking
[ADMIN] [6/16/2017 12:23] [PENJUALAN] CASHIER FORM : CHECK STOCK QTY IS ENOUGH [RT001]
[ADMIN] [6/16/2017 12:23] [PENJUALAN] CASHIER FORM : CHECK STOCK QTY IS ENOUGH [100, 2]
[ADMIN] [6/16/2017 12:23] [PENJUALAN] CASHIER FORM : CALCULATE SUBTOTAL
[ADMIN] [6/16/2017 12:23] [PENJUALAN] CASHIER FORM : SUBTOTAL [20]
[ADMIN] [6/16/2017 12:23] [PENJUALAN] CASHIER FORM : cashierDataGridView_CellValueChanged, subtotal value [20]
[ADMIN] [6/16/2017 12:23] [PENJUALAN] CASHIER FORM : cashierDataGridView_CellValueChanged, attempt to calculate total value
[ADMIN] [6/16/2017 12:23] [PENJUALAN] CASHIER FORM : calculateTotal
[ADMIN] [6/16/2017 12:23] [PENJUALAN] CASHIER FORM : calculateTotal [30]
[ADMIN] [6/16/2017 12:23] [PENJUALAN] CASHIER FORM : calculateTotal, totalAfterDisc [30]
[ADMIN] [6/16/2017 12:23] [PENJUALAN] CASHIER FORM : calculateChangeValue, bayarTextBox.Text [Rp10.000]
[ADMIN] [6/16/2017 12:23] [PENJUALAN] CASHIER FORM : calculateChangeValue, sisaBayar [9970]
[ADMIN] [6/16/2017 12:23] [PENJUALAN] CASHIER FORM : cashierDataGridView_CellValueChanged [qty]
[ADMIN] [6/16/2017 12:23] [PENJUALAN] CASHIER FORM : cashierDataGridView_CellValueChanged, previousInput [2]
[ADMIN] [6/16/2017 12:23] [PENJUALAN] CASHIER FORM : cashierDataGridView_CellValueChanged, dataGridViewTextBoxEditingControl.Text pass REGEX Checking
[ADMIN] [6/16/2017 12:23] [PENJUALAN] CASHIER FORM : CHECK STOCK QTY IS ENOUGH [RT001]
[ADMIN] [6/16/2017 12:23] [PENJUALAN] CASHIER FORM : CHECK STOCK QTY IS ENOUGH [100, 20]
[ADMIN] [6/16/2017 12:23] [PENJUALAN] CASHIER FORM : CALCULATE SUBTOTAL
[ADMIN] [6/16/2017 12:23] [PENJUALAN] CASHIER FORM : SUBTOTAL [200]
[ADMIN] [6/16/2017 12:23] [PENJUALAN] CASHIER FORM : cashierDataGridView_CellValueChanged, subtotal value [200]
[ADMIN] [6/16/2017 12:23] [PENJUALAN] CASHIER FORM : cashierDataGridView_CellValueChanged, attempt to calculate total value
[ADMIN] [6/16/2017 12:23] [PENJUALAN] CASHIER FORM : calculateTotal
[ADMIN] [6/16/2017 12:23] [PENJUALAN] CASHIER FORM : calculateTotal [210]
[ADMIN] [6/16/2017 12:23] [PENJUALAN] CASHIER FORM : calculateTotal, totalAfterDisc [210]
[ADMIN] [6/16/2017 12:23] [PENJUALAN] CASHIER FORM : calculateChangeValue, bayarTextBox.Text [Rp10.000]
[ADMIN] [6/16/2017 12:23] [PENJUALAN] CASHIER FORM : calculateChangeValue, sisaBayar [9790]
[ADMIN] [6/16/2017 12:23] [PENJUALAN] CASHIER FORM : HOTKEY TO SAVE AND PRINT OUT INVOICE PRESSED
[ADMIN] [6/16/2017 12:23] [PENJUALAN] CASHIER FORM : UNREGISTER HOTKEY
[ADMIN] [6/16/2017 12:23] [PENJUALAN] CASHIER FORM : REGISTER HOTKEY
[ADMIN] [6/16/2017 12:23] [PENJUALAN] ATTEMPT TO SAVE AND PRINT OUT INVOICE
[ADMIN] [6/16/2017 12:23] [PENJUALAN] CASHIER FORM : CHECK STOCK QTY IS ENOUGH [RT001]
[ADMIN] [6/16/2017 12:23] [PENJUALAN] CASHIER FORM : CHECK STOCK QTY IS ENOUGH [100, 1]
[ADMIN] [6/16/2017 12:23] [PENJUALAN] CASHIER FORM : CHECK STOCK QTY IS ENOUGH [RT001]
[ADMIN] [6/16/2017 12:23] [PENJUALAN] CASHIER FORM : CHECK STOCK QTY IS ENOUGH [100, 20]
[ADMIN] [6/16/2017 12:23] [PENJUALAN] CASHIER FORM : UNREGISTER HOTKEY
[ADMIN] [6/16/2017 12:23] [PENJUALAN] CASHIER FORM : REGISTER HOTKEY
[ADMIN] [6/16/2017 12:23] [PENJUALAN] CASHIER FORM : CHECK STOCK QTY IS ENOUGH [RT001]
[ADMIN] [6/16/2017 12:23] [PENJUALAN] CASHIER FORM : CHECK STOCK QTY IS ENOUGH [100, 21]
[ADMIN] [6/16/2017 12:23] [PENJUALAN] CASHIER FORM : UNREGISTER HOTKEY
[ADMIN] [6/16/2017 12:23] [PENJUALAN] CASHIER FORM : ATTEMPT TO SAVE SALES DATA [16-06-2017 12:22]
[ADMIN] [6/16/2017 12:23] [PENJUALAN] CASHIER FORM : SALES DISC FINAL [Rp0]
[ADMIN] [6/16/2017 12:23] [PENJUALAN] CASHIER FORM : CASH SALES
[ADMIN] [6/16/2017 12:23] [PENJUALAN] CHECK IF TAX LIMIT SET FOR PERCENTAGE PURCHASE [0]
[ADMIN] [6/16/2017 12:23] [PENJUALAN] CHECK IF TAX LIMIT SET FOR AVERAGE DAILY PURCHASE [0]
[ADMIN] [6/16/2017 12:23] [PENJUALAN] CASHIER FORM : NO FAKTUR [SLO001]
[ADMIN] [6/16/2017 12:23] [PENJUALAN] CASHIER FORM : MAX SALES INVOICE [4]
[ADMIN] [6/16/2017 12:23] [PENJUALAN] CASHIER FORM : SALES INVOICE [SLO001-5]
[ADMIN] [6/16/2017 12:23] [PENJUALAN] INSERT INTO SALES HEADER [SLO001-5]
[ADMIN] [6/16/2017 12:23] [PENJUALAN] INSERT INTO SALES DETAIL[RT001, 10, 1]
[ADMIN] [6/16/2017 12:23] [PENJUALAN] REDUCE STOCK AT MASTER PRODUCT [RT001]
[ADMIN] [6/16/2017 12:23] [PENJUALAN] INSERT INTO SALES DETAIL[RT001, 10, 20]
[ADMIN] [6/16/2017 12:23] [PENJUALAN] REDUCE STOCK AT MASTER PRODUCT [RT001]
[ADMIN] [6/16/2017 12:23] [PENJUALAN] INSERT TO CREDIT TABLE [SLO001-5]
[ADMIN] [6/16/2017 12:23] [PENJUALAN] EXCEPTION THROWN [Field 'CREDIT_ID' doesn't have a default value]
[ADMIN] [6/16/2017 12:23] [PENJUALAN] CASHIER FORM : REGISTER HOTKEY
[ADMIN] [6/16/2017 12:23] [PENJUALAN] CASHIER FORM : UNREGISTER HOTKEY
[ADMIN] [6/16/2017 12:23] [PENJUALAN] CASHIER FORM : UNREGISTER HOTKEY
[ADMIN] [6/16/2017 12:23] [] USER ID = 1LOGOUT
