[] [5/4/2017 23:59] [] USER = ADMIN IS ACTIVE
[ADMIN] [5/4/2017 23:59] [] USER ID = 1 LOGIN SUCCESSFULLY
[ADMIN] [5/4/2017 23:59] [] ACTIVATE USER ACCESS RIGHT
[ADMIN] [5/4/2017 23:59] [] DISPLAY ADMIN FORM
[ADMIN] [5/4/2017 23:59] [] adminForm Load
[ADMIN] [5/4/2017 23:59] [] ACTIVATE USER ACCESS RIGHT
[ADMIN] [5/5/2017 00:00] [PENJUALAN] CASHIER FORM : MULTIPLE CASHIER INSTANCE [1]
[ADMIN] [5/5/2017 00:00] [PENJUALAN] CASHIER FORM : REGISTER HOTKEY
[ADMIN] [5/5/2017 00:00] [PENJUALAN] CASHIER FORM : cashierForm_Load, ATTEMPT TO LOAD NO FAKTUR
[ADMIN] [5/5/2017 00:00] [PENJUALAN] CASHIER FORM : loadNoFaktur, noFakturValue [SLO001]
[ADMIN] [5/5/2017 00:00] [PENJUALAN] CASHIER FORM : cashierForm_Load, ATTEMPT TO addColumnToDataGrid
[ADMIN] [5/5/2017 00:00] [PENJUALAN] CASHIER FORM : UPDATE ROW NUMBER, TOTAL ROW [1]
[ADMIN] [5/5/2017 00:00] [PENJUALAN] CASHIER FORM : cashierDataGridView_CellValueChanged [F8]
[ADMIN] [5/5/2017 00:00] [PENJUALAN] CASHIER FORM : REGISTER HOTKEY
[ADMIN] [5/5/2017 00:00] [PENJUALAN] CASHIER FORM : Combobox_KeyUp, cashierDataGridView.CurrentCell.OwningColumn.Name  [productID]
[ADMIN] [5/5/2017 00:00] [PENJUALAN] CASHIER FORM : Combobox_KeyUp, cashierDataGridView.CurrentCell.OwningColumn.Name  [productID]
[ADMIN] [5/5/2017 00:00] [PENJUALAN] CASHIER FORM : productName_previewKeyDown, cashierDataGridView.CurrentCell.OwningColumn.Name  [productName]
[ADMIN] [5/5/2017 00:00] [PENJUALAN] CASHIER FORM : UPDATE ROW NUMBER, TOTAL ROW [2]
[ADMIN] [5/5/2017 00:00] [PENJUALAN] CASHIER FORM : cashierDataGridView_CellValueChanged [F8]
[ADMIN] [5/5/2017 00:00] [PENJUALAN] CASHIER FORM : cashierDataGridView_CellValueChanged [productName]
[ADMIN] [5/5/2017 00:00] [PENJUALAN] CASHIER FORM : cashierDataGridView_CellValueChanged [productName]
[ADMIN] [5/5/2017 00:00] [PENJUALAN] CASHIER FORM : Combobox_KeyUp, cashierDataGridView.CurrentCell.OwningColumn.Name  [productName]
[ADMIN] [5/5/2017 00:00] [PENJUALAN] CASHIER FORM : Combobox_KeyUp, cashierDataGridView.CurrentCell.OwningColumn.Name  [productName]
[ADMIN] [5/5/2017 00:00] [PENJUALAN] CASHIER FORM : Combobox_KeyUp, cashierDataGridView.CurrentCell.OwningColumn.Name  [productName]
[ADMIN] [5/5/2017 00:00] [PENJUALAN] CASHIER FORM : Combobox_KeyUp, cashierDataGridView.CurrentCell.OwningColumn.Name  [productName]
[ADMIN] [5/5/2017 00:00] [PENJUALAN] CASHIER FORM : productName_previewKeyDown, cashierDataGridView.CurrentCell.OwningColumn.Name  [productName]
[ADMIN] [5/5/2017 00:00] [PENJUALAN] CASHIER FORM : cashierDataGridView_CellValueChanged [productName]
[ADMIN] [5/5/2017 00:00] [PENJUALAN] CASHIER FORM : cashierDataGridView_CellValueChanged [productName]
[ADMIN] [5/5/2017 00:00] [PENJUALAN] CASHIER FORM : Combobox_KeyUp, cashierDataGridView.CurrentCell.OwningColumn.Name  [productName]
[ADMIN] [5/5/2017 00:00] [PENJUALAN] CASHIER FORM : Combobox_KeyUp, cashierDataGridView.CurrentCell.OwningColumn.Name  [productName]
[ADMIN] [5/5/2017 00:00] [PENJUALAN] CASHIER FORM : Combobox_KeyUp, cashierDataGridView.CurrentCell.OwningColumn.Name  [productName]
[ADMIN] [5/5/2017 00:00] [PENJUALAN] CASHIER FORM : Combobox_KeyUp, cashierDataGridView.CurrentCell.OwningColumn.Name  [productName]
[ADMIN] [5/5/2017 00:00] [PENJUALAN] CASHIER FORM : productName_previewKeyDown, cashierDataGridView.CurrentCell.OwningColumn.Name  [productName]
[ADMIN] [5/5/2017 00:00] [PENJUALAN] CASHIER FORM : cashierDataGridView_CellValueChanged [productName]
[ADMIN] [5/5/2017 00:00] [PENJUALAN] CASHIER FORM : cashierDataGridView_CellValueChanged [productName]
[ADMIN] [5/5/2017 00:00] [PENJUALAN] CASHIER FORM : Combobox_KeyUp, cashierDataGridView.CurrentCell.OwningColumn.Name  [productName]
[ADMIN] [5/5/2017 00:00] [PENJUALAN] CASHIER FORM : Combobox_KeyUp, cashierDataGridView.CurrentCell.OwningColumn.Name  [productName]
[ADMIN] [5/5/2017 00:00] [PENJUALAN] CASHIER FORM : Combobox_KeyUp, cashierDataGridView.CurrentCell.OwningColumn.Name  [productName]
[ADMIN] [5/5/2017 00:00] [PENJUALAN] CASHIER FORM : Combobox_KeyUp, cashierDataGridView.CurrentCell.OwningColumn.Name  [productName]
[ADMIN] [5/5/2017 00:00] [PENJUALAN] CASHIER FORM : productName_previewKeyDown, cashierDataGridView.CurrentCell.OwningColumn.Name  [productName]
[ADMIN] [5/5/2017 00:00] [PENJUALAN] CASHIER FORM : cashierDataGridView_CellValueChanged [productName]
[ADMIN] [5/5/2017 00:00] [PENJUALAN] CASHIER FORM : cashierDataGridView_CellValueChanged [productName]
[ADMIN] [5/5/2017 00:00] [PENJUALAN] CASHIER FORM : Combobox_KeyUp, cashierDataGridView.CurrentCell.OwningColumn.Name  [productName]
[ADMIN] [5/5/2017 00:00] [PENJUALAN] CASHIER FORM : Combobox_KeyUp, cashierDataGridView.CurrentCell.OwningColumn.Name  [productName]
[ADMIN] [5/5/2017 00:00] [PENJUALAN] CASHIER FORM : Combobox_KeyUp, cashierDataGridView.CurrentCell.OwningColumn.Name  [productName]
[ADMIN] [5/5/2017 00:00] [PENJUALAN] CASHIER FORM : Combobox_KeyUp, cashierDataGridView.CurrentCell.OwningColumn.Name  [productName]
[ADMIN] [5/5/2017 00:00] [PENJUALAN] CASHIER FORM : productName_previewKeyDown, cashierDataGridView.CurrentCell.OwningColumn.Name  [productName]
[ADMIN] [5/5/2017 00:00] [PENJUALAN] CASHIER FORM : updateSomeRowContents
[ADMIN] [5/5/2017 00:00] [PENJUALAN] CASHIER FORM : cashierDataGridView_CellValueChanged [productID]
[ADMIN] [5/5/2017 00:00] [PENJUALAN] CASHIER FORM : PRODUCT PRICE TYPE [PRODUCT_BASE_PRICE]
[ADMIN] [5/5/2017 00:00] [PENJUALAN] CASHIER FORM : PRODUCT PRICE [200]
[ADMIN] [5/5/2017 00:00] [PENJUALAN] CASHIER FORM : ComboBox_SelectedIndexChanged, PRODUCT_BASE_PRICE [200]
[ADMIN] [5/5/2017 00:00] [PENJUALAN] CASHIER FORM : cashierDataGridView_CellValueChanged [hpp]
[ADMIN] [5/5/2017 00:00] [PENJUALAN] CASHIER FORM : PRODUCT PRICE TYPE [PRODUCT_RETAIL_PRICE]
[ADMIN] [5/5/2017 00:00] [PENJUALAN] CASHIER FORM : PRODUCT PRICE [2000]
[ADMIN] [5/5/2017 00:00] [PENJUALAN] CASHIER FORM : ComboBox_SelectedIndexChanged, PRODUCT_SALES_PRICE [2000]
[ADMIN] [5/5/2017 00:00] [PENJUALAN] CASHIER FORM : cashierDataGridView_CellValueChanged [productPrice]
[ADMIN] [5/5/2017 00:00] [PENJUALAN] CASHIER FORM : cashierDataGridView_CellValueChanged, previousInput [0]
[ADMIN] [5/5/2017 00:00] [PENJUALAN] CASHIER FORM : cashierDataGridView_CellValueChanged, cellValue [2000]
[ADMIN] [5/5/2017 00:00] [PENJUALAN] CASHIER FORM : cashierDataGridView_CellValueChanged, dataGridViewTextBoxEditingControl.Text pass REGEX Checking
[ADMIN] [5/5/2017 00:00] [PENJUALAN] CASHIER FORM : CALCULATE SUBTOTAL
[ADMIN] [5/5/2017 00:00] [PENJUALAN] CASHIER FORM : SUBTOTAL [0]
[ADMIN] [5/5/2017 00:00] [PENJUALAN] CASHIER FORM : cashierDataGridView_CellValueChanged, subtotal value [0]
[ADMIN] [5/5/2017 00:00] [PENJUALAN] CASHIER FORM : cashierDataGridView_CellValueChanged, attempt to calculate total value
[ADMIN] [5/5/2017 00:00] [PENJUALAN] CASHIER FORM : calculateTotal
[ADMIN] [5/5/2017 00:00] [PENJUALAN] CASHIER FORM : calculateTotal [0]
[ADMIN] [5/5/2017 00:00] [PENJUALAN] CASHIER FORM : calculateTotal, totalAfterDisc [0]
[ADMIN] [5/5/2017 00:00] [PENJUALAN] CASHIER FORM : calculateChangeValue, bayarTextBox.Text [0]
[ADMIN] [5/5/2017 00:00] [PENJUALAN] CASHIER FORM : calculateChangeValue, sisaBayar [0]
[ADMIN] [5/5/2017 00:00] [PENJUALAN] CASHIER FORM : cashierDataGridView_CellValueChanged [qty]
[ADMIN] [5/5/2017 00:00] [PENJUALAN] CASHIER FORM : cashierDataGridView_CellValueChanged, previousInput [0]
[ADMIN] [5/5/2017 00:00] [PENJUALAN] CASHIER FORM : cashierDataGridView_CellValueChanged [jumlah]
[ADMIN] [5/5/2017 00:00] [PENJUALAN] CASHIER FORM : calculateTotal
[ADMIN] [5/5/2017 00:00] [PENJUALAN] CASHIER FORM : calculateTotal [0]
[ADMIN] [5/5/2017 00:00] [PENJUALAN] CASHIER FORM : calculateTotal, totalAfterDisc [0]
[ADMIN] [5/5/2017 00:00] [PENJUALAN] CASHIER FORM : calculateChangeValue, bayarTextBox.Text [0]
[ADMIN] [5/5/2017 00:00] [PENJUALAN] CASHIER FORM : calculateChangeValue, sisaBayar [0]
[ADMIN] [5/5/2017 00:00] [PENJUALAN] CASHIER FORM : updateSomeRowContents
[ADMIN] [5/5/2017 00:00] [PENJUALAN] CASHIER FORM : Combobox_KeyUp, cashierDataGridView.CurrentCell.OwningColumn.Name  [qty]
[ADMIN] [5/5/2017 00:00] [PENJUALAN] CASHIER FORM : Combobox_KeyUp, cashierDataGridView.CurrentCell.OwningColumn.Name  [qty]
[ADMIN] [5/5/2017 00:00] [PENJUALAN] CASHIER FORM : Combobox_KeyUp, cashierDataGridView.CurrentCell.OwningColumn.Name  [qty]
[ADMIN] [5/5/2017 00:00] [PENJUALAN] CASHIER FORM : Combobox_KeyUp, cashierDataGridView.CurrentCell.OwningColumn.Name  [qty]
[ADMIN] [5/5/2017 00:00] [PENJUALAN] CASHIER FORM : cashierDataGridView_CellValueChanged [qty]
[ADMIN] [5/5/2017 00:00] [PENJUALAN] CASHIER FORM : cashierDataGridView_CellValueChanged, previousInput [0]
[ADMIN] [5/5/2017 00:00] [PENJUALAN] CASHIER FORM : cashierDataGridView_CellValueChanged, cellValue [1]
[ADMIN] [5/5/2017 00:00] [PENJUALAN] CASHIER FORM : cashierDataGridView_CellValueChanged, dataGridViewTextBoxEditingControl.Text pass REGEX Checking
[ADMIN] [5/5/2017 00:00] [PENJUALAN] CASHIER FORM : CHECK STOCK QTY IS ENOUGH [RT002]
[ADMIN] [5/5/2017 00:00] [PENJUALAN] CASHIER FORM : CHECK STOCK QTY IS ENOUGH [873, 1]
[ADMIN] [5/5/2017 00:00] [PENJUALAN] CASHIER FORM : CALCULATE SUBTOTAL
[ADMIN] [5/5/2017 00:00] [PENJUALAN] CASHIER FORM : SUBTOTAL [2000]
[ADMIN] [5/5/2017 00:00] [PENJUALAN] CASHIER FORM : cashierDataGridView_CellValueChanged, subtotal value [2000]
[ADMIN] [5/5/2017 00:00] [PENJUALAN] CASHIER FORM : cashierDataGridView_CellValueChanged, attempt to calculate total value
[ADMIN] [5/5/2017 00:00] [PENJUALAN] CASHIER FORM : calculateTotal
[ADMIN] [5/5/2017 00:00] [PENJUALAN] CASHIER FORM : calculateTotal [2000]
[ADMIN] [5/5/2017 00:00] [PENJUALAN] CASHIER FORM : calculateTotal, totalAfterDisc [2000]
[ADMIN] [5/5/2017 00:00] [PENJUALAN] CASHIER FORM : calculateChangeValue, bayarTextBox.Text [0]
[ADMIN] [5/5/2017 00:00] [PENJUALAN] CASHIER FORM : calculateChangeValue, sisaBayar [0]
[ADMIN] [5/5/2017 00:00] [PENJUALAN] CASHIER FORM : Combobox_KeyUp, cashierDataGridView.CurrentCell.OwningColumn.Name  [qty]
[ADMIN] [5/5/2017 00:00] [PENJUALAN] CASHIER FORM : Combobox_KeyUp, cashierDataGridView.CurrentCell.OwningColumn.Name  [qty]
[ADMIN] [5/5/2017 00:00] [PENJUALAN] CASHIER FORM : Combobox_KeyUp, cashierDataGridView.CurrentCell.OwningColumn.Name  [qty]
[ADMIN] [5/5/2017 00:00] [PENJUALAN] CASHIER FORM : Combobox_KeyUp, cashierDataGridView.CurrentCell.OwningColumn.Name  [qty]
[ADMIN] [5/5/2017 00:00] [PENJUALAN] CASHIER FORM : cashierDataGridView_CellValueChanged [qty]
[ADMIN] [5/5/2017 00:00] [PENJUALAN] CASHIER FORM : cashierDataGridView_CellValueChanged, previousInput [1]
[ADMIN] [5/5/2017 00:00] [PENJUALAN] CASHIER FORM : cashierDataGridView_CellValueChanged, dataGridViewTextBoxEditingControl.Text pass REGEX Checking
[ADMIN] [5/5/2017 00:00] [PENJUALAN] CASHIER FORM : CHECK STOCK QTY IS ENOUGH [RT002]
[ADMIN] [5/5/2017 00:00] [PENJUALAN] CASHIER FORM : CHECK STOCK QTY IS ENOUGH [873, 10]
[ADMIN] [5/5/2017 00:00] [PENJUALAN] CASHIER FORM : CALCULATE SUBTOTAL
[ADMIN] [5/5/2017 00:00] [PENJUALAN] CASHIER FORM : SUBTOTAL [20000]
[ADMIN] [5/5/2017 00:00] [PENJUALAN] CASHIER FORM : cashierDataGridView_CellValueChanged, subtotal value [20000]
[ADMIN] [5/5/2017 00:00] [PENJUALAN] CASHIER FORM : cashierDataGridView_CellValueChanged, attempt to calculate total value
[ADMIN] [5/5/2017 00:00] [PENJUALAN] CASHIER FORM : calculateTotal
[ADMIN] [5/5/2017 00:00] [PENJUALAN] CASHIER FORM : calculateTotal [20000]
[ADMIN] [5/5/2017 00:00] [PENJUALAN] CASHIER FORM : calculateTotal, totalAfterDisc [20000]
[ADMIN] [5/5/2017 00:00] [PENJUALAN] CASHIER FORM : calculateChangeValue, bayarTextBox.Text [0]
[ADMIN] [5/5/2017 00:00] [PENJUALAN] CASHIER FORM : calculateChangeValue, sisaBayar [0]
[ADMIN] [5/5/2017 00:00] [PENJUALAN] CASHIER FORM : Combobox_KeyUp, cashierDataGridView.CurrentCell.OwningColumn.Name  [qty]
[ADMIN] [5/5/2017 00:00] [PENJUALAN] CASHIER FORM : Combobox_KeyUp, cashierDataGridView.CurrentCell.OwningColumn.Name  [qty]
[ADMIN] [5/5/2017 00:00] [PENJUALAN] CASHIER FORM : Combobox_KeyUp, cashierDataGridView.CurrentCell.OwningColumn.Name  [qty]
[ADMIN] [5/5/2017 00:00] [PENJUALAN] CASHIER FORM : Combobox_KeyUp, cashierDataGridView.CurrentCell.OwningColumn.Name  [qty]
[ADMIN] [5/5/2017 00:00] [PENJUALAN] CASHIER FORM : cashierDataGridView_CellValueChanged [qty]
[ADMIN] [5/5/2017 00:00] [PENJUALAN] CASHIER FORM : cashierDataGridView_CellValueChanged, previousInput [10]
[ADMIN] [5/5/2017 00:00] [PENJUALAN] CASHIER FORM : cashierDataGridView_CellValueChanged, dataGridViewTextBoxEditingControl.Text pass REGEX Checking
[ADMIN] [5/5/2017 00:00] [PENJUALAN] CASHIER FORM : CHECK STOCK QTY IS ENOUGH [RT002]
[ADMIN] [5/5/2017 00:00] [PENJUALAN] CASHIER FORM : CHECK STOCK QTY IS ENOUGH [873, 100]
[ADMIN] [5/5/2017 00:00] [PENJUALAN] CASHIER FORM : CALCULATE SUBTOTAL
[ADMIN] [5/5/2017 00:00] [PENJUALAN] CASHIER FORM : SUBTOTAL [200000]
[ADMIN] [5/5/2017 00:00] [PENJUALAN] CASHIER FORM : cashierDataGridView_CellValueChanged, subtotal value [200000]
[ADMIN] [5/5/2017 00:00] [PENJUALAN] CASHIER FORM : cashierDataGridView_CellValueChanged, attempt to calculate total value
[ADMIN] [5/5/2017 00:00] [PENJUALAN] CASHIER FORM : calculateTotal
[ADMIN] [5/5/2017 00:00] [PENJUALAN] CASHIER FORM : calculateTotal [200000]
[ADMIN] [5/5/2017 00:00] [PENJUALAN] CASHIER FORM : calculateTotal, totalAfterDisc [200000]
[ADMIN] [5/5/2017 00:00] [PENJUALAN] CASHIER FORM : calculateChangeValue, bayarTextBox.Text [0]
[ADMIN] [5/5/2017 00:00] [PENJUALAN] CASHIER FORM : calculateChangeValue, sisaBayar [0]
[ADMIN] [5/5/2017 00:00] [PENJUALAN] CASHIER FORM : Combobox_KeyUp, cashierDataGridView.CurrentCell.OwningColumn.Name  [qty]
[ADMIN] [5/5/2017 00:00] [PENJUALAN] CASHIER FORM : Combobox_KeyUp, cashierDataGridView.CurrentCell.OwningColumn.Name  [qty]
[ADMIN] [5/5/2017 00:00] [PENJUALAN] CASHIER FORM : Combobox_KeyUp, cashierDataGridView.CurrentCell.OwningColumn.Name  [qty]
[ADMIN] [5/5/2017 00:00] [PENJUALAN] CASHIER FORM : Combobox_KeyUp, cashierDataGridView.CurrentCell.OwningColumn.Name  [qty]
[ADMIN] [5/5/2017 00:00] [PENJUALAN] CASHIER FORM : calculateChangeValue, bayarTextBox.Text [1]
[ADMIN] [5/5/2017 00:00] [PENJUALAN] CASHIER FORM : calculateChangeValue, sisaBayar [0]
[ADMIN] [5/5/2017 00:00] [PENJUALAN] CASHIER FORM : calculateChangeValue, bayarTextBox.Text [10]
[ADMIN] [5/5/2017 00:00] [PENJUALAN] CASHIER FORM : calculateChangeValue, sisaBayar [0]
[ADMIN] [5/5/2017 00:00] [PENJUALAN] CASHIER FORM : calculateChangeValue, bayarTextBox.Text [100]
[ADMIN] [5/5/2017 00:00] [PENJUALAN] CASHIER FORM : calculateChangeValue, sisaBayar [0]
[ADMIN] [5/5/2017 00:00] [PENJUALAN] CASHIER FORM : calculateChangeValue, bayarTextBox.Text [1000]
[ADMIN] [5/5/2017 00:00] [PENJUALAN] CASHIER FORM : calculateChangeValue, sisaBayar [0]
[ADMIN] [5/5/2017 00:00] [PENJUALAN] CASHIER FORM : DISPLAY PELANGGAN FORM
[ADMIN] [5/5/2017 00:00] [PENJUALAN] CASHIER FORM : UNREGISTER HOTKEY
[ADMIN] [5/5/2017 00:00] [PENJUALAN] CASHIER FORM : SELECTED CUSTOMER ID [1]
[ADMIN] [5/5/2017 00:00] [PENJUALAN] CASHIER FORM : ATTEMPT TO SET CUSTOMER PROFILE
[ADMIN] [5/5/2017 00:00] [PENJUALAN] CASHIER FORM : SET CUSTOMER PROFILE [ANDRI]
[ADMIN] [5/5/2017 00:00] [PENJUALAN] CASHIER FORM : CUSTOMER GROUP [P-UMUM [ECER]]
[ADMIN] [5/5/2017 00:00] [PENJUALAN] CASHIER FORM : FINISHED SET CUSTOMER PROFILE
[ADMIN] [5/5/2017 00:00] [PENJUALAN] CASHIER FORM : ATTEMPT TO REFRESH PRODUCT PRICE
[ADMIN] [5/5/2017 00:00] [PENJUALAN] CASHIER FORM : PRODUCT PRICE TYPE [PRODUCT_RETAIL_PRICE]
[ADMIN] [5/5/2017 00:00] [PENJUALAN] CASHIER FORM : PRODUCT PRICE [2000]
[ADMIN] [5/5/2017 00:00] [PENJUALAN] CASHIER FORM : CHECK IF THERE'S ANY ENTRY IN THE PRODUCT DISC
[ADMIN] [5/5/2017 00:00] [PENJUALAN] CASHIER FORM : ENTRY IN THE PRODUCT DISC FOUND, RETRIEVE THE DISC VALUE
[ADMIN] [5/5/2017 00:00] [PENJUALAN] CASHIER FORM : cashierDataGridView_CellValueChanged [disc1]
[ADMIN] [5/5/2017 00:00] [PENJUALAN] CASHIER FORM : cashierDataGridView_CellValueChanged, previousInput [0]
[ADMIN] [5/5/2017 00:00] [PENJUALAN] CASHIER FORM : cashierDataGridView_CellValueChanged [disc2]
[ADMIN] [5/5/2017 00:00] [PENJUALAN] CASHIER FORM : cashierDataGridView_CellValueChanged, previousInput [0]
[ADMIN] [5/5/2017 00:00] [PENJUALAN] CASHIER FORM : cashierDataGridView_CellValueChanged [discRP]
[ADMIN] [5/5/2017 00:00] [PENJUALAN] CASHIER FORM : cashierDataGridView_CellValueChanged, previousInput [0]
[ADMIN] [5/5/2017 00:00] [PENJUALAN] CASHIER FORM : DISC FOUND [0, 0, 0]
[ADMIN] [5/5/2017 00:00] [PENJUALAN] CASHIER FORM : CALCULATE SUBTOTAL
[ADMIN] [5/5/2017 00:00] [PENJUALAN] CASHIER FORM : SUBTOTAL [200000]
[ADMIN] [5/5/2017 00:00] [PENJUALAN] CASHIER FORM : calculateTotal
[ADMIN] [5/5/2017 00:00] [PENJUALAN] CASHIER FORM : calculateTotal [200000]
[ADMIN] [5/5/2017 00:00] [PENJUALAN] CASHIER FORM : calculateTotal, totalAfterDisc [200000]
[ADMIN] [5/5/2017 00:00] [PENJUALAN] CASHIER FORM : calculateChangeValue, bayarTextBox.Text [Rp1.000]
[ADMIN] [5/5/2017 00:00] [PENJUALAN] CASHIER FORM : calculateChangeValue, sisaBayar [0]
[ADMIN] [5/5/2017 00:00] [PENJUALAN] CASHIER FORM : PRODUCT PRICE REFRESHED
[ADMIN] [5/5/2017 00:00] [PENJUALAN] CASHIER FORM : REGISTER HOTKEY
[ADMIN] [5/5/2017 00:00] [PENJUALAN] CASHIER FORM : HOTKEY TO SAVE AND PRINT OUT INVOICE PRESSED
[ADMIN] [5/5/2017 00:00] [PENJUALAN] CASHIER FORM : UNREGISTER HOTKEY
[ADMIN] [5/5/2017 00:00] [PENJUALAN] CASHIER FORM : REGISTER HOTKEY
[ADMIN] [5/5/2017 00:00] [PENJUALAN] ATTEMPT TO SAVE AND PRINT OUT INVOICE
[ADMIN] [5/5/2017 00:00] [PENJUALAN] CASHIER FORM : UNREGISTER HOTKEY
[ADMIN] [5/5/2017 00:00] [PENJUALAN] CASHIER FORM : ATTEMPT TO SAVE SALES DATA [05-05-2017 00:00]
[ADMIN] [5/5/2017 00:00] [PENJUALAN] CASHIER FORM : SALES DISC FINAL [Rp0]
[] [5/5/2017 00:05] [] USER = ADMIN IS ACTIVE
[ADMIN] [5/5/2017 00:05] [] USER ID = 1 LOGIN SUCCESSFULLY
[ADMIN] [5/5/2017 00:05] [] ACTIVATE USER ACCESS RIGHT
[ADMIN] [5/5/2017 00:05] [] DISPLAY ADMIN FORM
[ADMIN] [5/5/2017 00:05] [] adminForm Load
[ADMIN] [5/5/2017 00:05] [] ACTIVATE USER ACCESS RIGHT
[ADMIN] [5/5/2017 00:05] [PENJUALAN] CASHIER FORM : MULTIPLE CASHIER INSTANCE [1]
[ADMIN] [5/5/2017 00:05] [PENJUALAN] CASHIER FORM : REGISTER HOTKEY
[ADMIN] [5/5/2017 00:05] [PENJUALAN] CASHIER FORM : cashierForm_Load, ATTEMPT TO LOAD NO FAKTUR
[ADMIN] [5/5/2017 00:05] [PENJUALAN] CASHIER FORM : loadNoFaktur, noFakturValue [SLO001]
[ADMIN] [5/5/2017 00:05] [PENJUALAN] CASHIER FORM : cashierForm_Load, ATTEMPT TO addColumnToDataGrid
[ADMIN] [5/5/2017 00:05] [PENJUALAN] CASHIER FORM : UPDATE ROW NUMBER, TOTAL ROW [1]
[ADMIN] [5/5/2017 00:05] [PENJUALAN] CASHIER FORM : cashierDataGridView_CellValueChanged [F8]
[ADMIN] [5/5/2017 00:05] [PENJUALAN] CASHIER FORM : REGISTER HOTKEY
[ADMIN] [5/5/2017 00:05] [PENJUALAN] CASHIER FORM : UNREGISTER HOTKEY
[ADMIN] [5/5/2017 00:05] [PENJUALAN] CASHIER FORM : REGISTER HOTKEY
[ADMIN] [5/5/2017 00:05] [PENJUALAN] CASHIER FORM : Combobox_previewKeyDown, cashierDataGridView.CurrentCell.OwningColumn.Name  [productID]
[ADMIN] [5/5/2017 00:05] [PENJUALAN] CASHIER FORM : UPDATE ROW NUMBER, TOTAL ROW [2]
[ADMIN] [5/5/2017 00:05] [PENJUALAN] CASHIER FORM : cashierDataGridView_CellValueChanged [F8]
[ADMIN] [5/5/2017 00:05] [PENJUALAN] CASHIER FORM : cashierDataGridView_CellValueChanged [productID]
[ADMIN] [5/5/2017 00:05] [PENJUALAN] CASHIER FORM : Combobox_KeyUp, cashierDataGridView.CurrentCell.OwningColumn.Name  [productID]
[ADMIN] [5/5/2017 00:05] [PENJUALAN] CASHIER FORM : Combobox_previewKeyDown, cashierDataGridView.CurrentCell.OwningColumn.Name  [productID]
[ADMIN] [5/5/2017 00:05] [PENJUALAN] CASHIER FORM : cashierDataGridView_CellValueChanged [productID]
[ADMIN] [5/5/2017 00:05] [PENJUALAN] CASHIER FORM : Combobox_KeyUp, cashierDataGridView.CurrentCell.OwningColumn.Name  [productID]
[ADMIN] [5/5/2017 00:05] [PENJUALAN] CASHIER FORM : Combobox_previewKeyDown, cashierDataGridView.CurrentCell.OwningColumn.Name  [productID]
[ADMIN] [5/5/2017 00:05] [PENJUALAN] CASHIER FORM : cashierDataGridView_CellValueChanged [productID]
[ADMIN] [5/5/2017 00:05] [PENJUALAN] CASHIER FORM : Combobox_KeyUp, cashierDataGridView.CurrentCell.OwningColumn.Name  [productID]
[ADMIN] [5/5/2017 00:05] [PENJUALAN] CASHIER FORM : Combobox_previewKeyDown, cashierDataGridView.CurrentCell.OwningColumn.Name  [productID]
[ADMIN] [5/5/2017 00:05] [PENJUALAN] CASHIER FORM : cashierDataGridView_CellValueChanged [productID]
[ADMIN] [5/5/2017 00:05] [PENJUALAN] CASHIER FORM : Combobox_KeyUp, cashierDataGridView.CurrentCell.OwningColumn.Name  [productID]
[ADMIN] [5/5/2017 00:05] [PENJUALAN] CASHIER FORM : Combobox_previewKeyDown, cashierDataGridView.CurrentCell.OwningColumn.Name  [productID]
[ADMIN] [5/5/2017 00:05] [PENJUALAN] CASHIER FORM : cashierDataGridView_CellValueChanged [productID]
[ADMIN] [5/5/2017 00:05] [PENJUALAN] CASHIER FORM : Combobox_KeyUp, cashierDataGridView.CurrentCell.OwningColumn.Name  [productID]
[ADMIN] [5/5/2017 00:05] [PENJUALAN] CASHIER FORM : Combobox_previewKeyDown, cashierDataGridView.CurrentCell.OwningColumn.Name  [productID]
[ADMIN] [5/5/2017 00:05] [PENJUALAN] CASHIER FORM : updateSomeRowContents
[ADMIN] [5/5/2017 00:05] [PENJUALAN] CASHIER FORM : cashierDataGridView_CellValueChanged [productName]
[ADMIN] [5/5/2017 00:05] [PENJUALAN] CASHIER FORM : PRODUCT PRICE TYPE [PRODUCT_BASE_PRICE]
[ADMIN] [5/5/2017 00:05] [PENJUALAN] CASHIER FORM : PRODUCT PRICE [10]
[ADMIN] [5/5/2017 00:05] [PENJUALAN] CASHIER FORM : ComboBox_SelectedIndexChanged, PRODUCT_BASE_PRICE [10]
[ADMIN] [5/5/2017 00:05] [PENJUALAN] CASHIER FORM : cashierDataGridView_CellValueChanged [hpp]
[ADMIN] [5/5/2017 00:05] [PENJUALAN] CASHIER FORM : PRODUCT PRICE TYPE [PRODUCT_RETAIL_PRICE]
[ADMIN] [5/5/2017 00:05] [PENJUALAN] CASHIER FORM : PRODUCT PRICE [1000]
[ADMIN] [5/5/2017 00:05] [PENJUALAN] CASHIER FORM : ComboBox_SelectedIndexChanged, PRODUCT_SALES_PRICE [1000]
[ADMIN] [5/5/2017 00:05] [PENJUALAN] CASHIER FORM : cashierDataGridView_CellValueChanged [productPrice]
[ADMIN] [5/5/2017 00:05] [PENJUALAN] CASHIER FORM : cashierDataGridView_CellValueChanged, previousInput [0]
[ADMIN] [5/5/2017 00:05] [PENJUALAN] CASHIER FORM : cashierDataGridView_CellValueChanged, cellValue [1000]
[ADMIN] [5/5/2017 00:05] [PENJUALAN] CASHIER FORM : cashierDataGridView_CellValueChanged, dataGridViewTextBoxEditingControl.Text pass REGEX Checking
[ADMIN] [5/5/2017 00:05] [PENJUALAN] CASHIER FORM : CALCULATE SUBTOTAL
[ADMIN] [5/5/2017 00:05] [PENJUALAN] CASHIER FORM : SUBTOTAL [0]
[ADMIN] [5/5/2017 00:05] [PENJUALAN] CASHIER FORM : cashierDataGridView_CellValueChanged, subtotal value [0]
[ADMIN] [5/5/2017 00:05] [PENJUALAN] CASHIER FORM : cashierDataGridView_CellValueChanged, attempt to calculate total value
[ADMIN] [5/5/2017 00:05] [PENJUALAN] CASHIER FORM : calculateTotal
[ADMIN] [5/5/2017 00:05] [PENJUALAN] CASHIER FORM : calculateTotal [0]
[ADMIN] [5/5/2017 00:05] [PENJUALAN] CASHIER FORM : calculateTotal, totalAfterDisc [0]
[ADMIN] [5/5/2017 00:05] [PENJUALAN] CASHIER FORM : calculateChangeValue, bayarTextBox.Text [0]
[ADMIN] [5/5/2017 00:05] [PENJUALAN] CASHIER FORM : calculateChangeValue, sisaBayar [0]
[ADMIN] [5/5/2017 00:05] [PENJUALAN] CASHIER FORM : cashierDataGridView_CellValueChanged [qty]
[ADMIN] [5/5/2017 00:05] [PENJUALAN] CASHIER FORM : cashierDataGridView_CellValueChanged, previousInput [0]
[ADMIN] [5/5/2017 00:05] [PENJUALAN] CASHIER FORM : cashierDataGridView_CellValueChanged [jumlah]
[ADMIN] [5/5/2017 00:05] [PENJUALAN] CASHIER FORM : calculateTotal
[ADMIN] [5/5/2017 00:05] [PENJUALAN] CASHIER FORM : calculateTotal [0]
[ADMIN] [5/5/2017 00:05] [PENJUALAN] CASHIER FORM : calculateTotal, totalAfterDisc [0]
[ADMIN] [5/5/2017 00:05] [PENJUALAN] CASHIER FORM : calculateChangeValue, bayarTextBox.Text [0]
[ADMIN] [5/5/2017 00:05] [PENJUALAN] CASHIER FORM : calculateChangeValue, sisaBayar [0]
[ADMIN] [5/5/2017 00:05] [PENJUALAN] CASHIER FORM : updateSomeRowContents
[ADMIN] [5/5/2017 00:05] [PENJUALAN] CASHIER FORM : Combobox_KeyUp, cashierDataGridView.CurrentCell.OwningColumn.Name  [qty]
[ADMIN] [5/5/2017 00:05] [PENJUALAN] CASHIER FORM : cashierDataGridView_CellValueChanged [qty]
[ADMIN] [5/5/2017 00:05] [PENJUALAN] CASHIER FORM : cashierDataGridView_CellValueChanged, previousInput [0]
[ADMIN] [5/5/2017 00:05] [PENJUALAN] CASHIER FORM : cashierDataGridView_CellValueChanged, cellValue [2]
[ADMIN] [5/5/2017 00:05] [PENJUALAN] CASHIER FORM : cashierDataGridView_CellValueChanged, dataGridViewTextBoxEditingControl.Text pass REGEX Checking
[ADMIN] [5/5/2017 00:05] [PENJUALAN] CASHIER FORM : CHECK STOCK QTY IS ENOUGH [RT001]
[ADMIN] [5/5/2017 00:05] [PENJUALAN] CASHIER FORM : CHECK STOCK QTY IS ENOUGH [529, 2]
[ADMIN] [5/5/2017 00:05] [PENJUALAN] CASHIER FORM : CALCULATE SUBTOTAL
[ADMIN] [5/5/2017 00:05] [PENJUALAN] CASHIER FORM : SUBTOTAL [2000]
[ADMIN] [5/5/2017 00:05] [PENJUALAN] CASHIER FORM : cashierDataGridView_CellValueChanged, subtotal value [2000]
[ADMIN] [5/5/2017 00:05] [PENJUALAN] CASHIER FORM : cashierDataGridView_CellValueChanged, attempt to calculate total value
[ADMIN] [5/5/2017 00:05] [PENJUALAN] CASHIER FORM : calculateTotal
[ADMIN] [5/5/2017 00:05] [PENJUALAN] CASHIER FORM : calculateTotal [2000]
[ADMIN] [5/5/2017 00:05] [PENJUALAN] CASHIER FORM : calculateTotal, totalAfterDisc [2000]
[ADMIN] [5/5/2017 00:05] [PENJUALAN] CASHIER FORM : calculateChangeValue, bayarTextBox.Text [0]
[ADMIN] [5/5/2017 00:05] [PENJUALAN] CASHIER FORM : calculateChangeValue, sisaBayar [0]
[ADMIN] [5/5/2017 00:05] [PENJUALAN] CASHIER FORM : Combobox_KeyUp, cashierDataGridView.CurrentCell.OwningColumn.Name  [qty]
[ADMIN] [5/5/2017 00:05] [PENJUALAN] CASHIER FORM : cashierDataGridView_CellValueChanged [qty]
[ADMIN] [5/5/2017 00:05] [PENJUALAN] CASHIER FORM : cashierDataGridView_CellValueChanged, previousInput [2]
[ADMIN] [5/5/2017 00:05] [PENJUALAN] CASHIER FORM : cashierDataGridView_CellValueChanged, dataGridViewTextBoxEditingControl.Text pass REGEX Checking
[ADMIN] [5/5/2017 00:05] [PENJUALAN] CASHIER FORM : CHECK STOCK QTY IS ENOUGH [RT001]
[ADMIN] [5/5/2017 00:05] [PENJUALAN] CASHIER FORM : CHECK STOCK QTY IS ENOUGH [529, 20]
[ADMIN] [5/5/2017 00:05] [PENJUALAN] CASHIER FORM : CALCULATE SUBTOTAL
[ADMIN] [5/5/2017 00:05] [PENJUALAN] CASHIER FORM : SUBTOTAL [20000]
[ADMIN] [5/5/2017 00:05] [PENJUALAN] CASHIER FORM : cashierDataGridView_CellValueChanged, subtotal value [20000]
[ADMIN] [5/5/2017 00:05] [PENJUALAN] CASHIER FORM : cashierDataGridView_CellValueChanged, attempt to calculate total value
[ADMIN] [5/5/2017 00:05] [PENJUALAN] CASHIER FORM : calculateTotal
[ADMIN] [5/5/2017 00:05] [PENJUALAN] CASHIER FORM : calculateTotal [20000]
[ADMIN] [5/5/2017 00:05] [PENJUALAN] CASHIER FORM : calculateTotal, totalAfterDisc [20000]
[ADMIN] [5/5/2017 00:05] [PENJUALAN] CASHIER FORM : calculateChangeValue, bayarTextBox.Text [0]
[ADMIN] [5/5/2017 00:05] [PENJUALAN] CASHIER FORM : calculateChangeValue, sisaBayar [0]
[ADMIN] [5/5/2017 00:05] [PENJUALAN] CASHIER FORM : Combobox_KeyUp, cashierDataGridView.CurrentCell.OwningColumn.Name  [qty]
[ADMIN] [5/5/2017 00:05] [PENJUALAN] CASHIER FORM : DISPLAY PELANGGAN FORM
[ADMIN] [5/5/2017 00:05] [PENJUALAN] CASHIER FORM : UNREGISTER HOTKEY
[ADMIN] [5/5/2017 00:05] [PENJUALAN] CASHIER FORM : SELECTED CUSTOMER ID [1]
[ADMIN] [5/5/2017 00:05] [PENJUALAN] CASHIER FORM : ATTEMPT TO SET CUSTOMER PROFILE
[ADMIN] [5/5/2017 00:05] [PENJUALAN] CASHIER FORM : SET CUSTOMER PROFILE [ANDRI]
[ADMIN] [5/5/2017 00:05] [PENJUALAN] CASHIER FORM : CUSTOMER GROUP [P-UMUM [ECER]]
[ADMIN] [5/5/2017 00:05] [PENJUALAN] CASHIER FORM : FINISHED SET CUSTOMER PROFILE
[ADMIN] [5/5/2017 00:05] [PENJUALAN] CASHIER FORM : ATTEMPT TO REFRESH PRODUCT PRICE
[ADMIN] [5/5/2017 00:05] [PENJUALAN] CASHIER FORM : PRODUCT PRICE TYPE [PRODUCT_RETAIL_PRICE]
[ADMIN] [5/5/2017 00:05] [PENJUALAN] CASHIER FORM : PRODUCT PRICE [1000]
[ADMIN] [5/5/2017 00:05] [PENJUALAN] CASHIER FORM : CHECK IF THERE'S ANY ENTRY IN THE PRODUCT DISC
[ADMIN] [5/5/2017 00:05] [PENJUALAN] CASHIER FORM : ENTRY IN THE PRODUCT DISC FOUND, RETRIEVE THE DISC VALUE
[ADMIN] [5/5/2017 00:05] [PENJUALAN] CASHIER FORM : cashierDataGridView_CellValueChanged [disc1]
[ADMIN] [5/5/2017 00:05] [PENJUALAN] CASHIER FORM : cashierDataGridView_CellValueChanged, previousInput [0]
[ADMIN] [5/5/2017 00:05] [PENJUALAN] CASHIER FORM : cashierDataGridView_CellValueChanged [disc2]
[ADMIN] [5/5/2017 00:05] [PENJUALAN] CASHIER FORM : cashierDataGridView_CellValueChanged, previousInput [0]
[ADMIN] [5/5/2017 00:05] [PENJUALAN] CASHIER FORM : cashierDataGridView_CellValueChanged [discRP]
[ADMIN] [5/5/2017 00:05] [PENJUALAN] CASHIER FORM : cashierDataGridView_CellValueChanged, previousInput [0]
[ADMIN] [5/5/2017 00:05] [PENJUALAN] CASHIER FORM : DISC FOUND [0, 0, 0]
[ADMIN] [5/5/2017 00:05] [PENJUALAN] CASHIER FORM : CALCULATE SUBTOTAL
[ADMIN] [5/5/2017 00:05] [PENJUALAN] CASHIER FORM : SUBTOTAL [20000]
[ADMIN] [5/5/2017 00:05] [PENJUALAN] CASHIER FORM : calculateTotal
[ADMIN] [5/5/2017 00:05] [PENJUALAN] CASHIER FORM : calculateTotal [20000]
[ADMIN] [5/5/2017 00:05] [PENJUALAN] CASHIER FORM : calculateTotal, totalAfterDisc [20000]
[ADMIN] [5/5/2017 00:05] [PENJUALAN] CASHIER FORM : calculateChangeValue, bayarTextBox.Text [0]
[ADMIN] [5/5/2017 00:05] [PENJUALAN] CASHIER FORM : calculateChangeValue, sisaBayar [0]
[ADMIN] [5/5/2017 00:05] [PENJUALAN] CASHIER FORM : PRODUCT PRICE REFRESHED
[ADMIN] [5/5/2017 00:05] [PENJUALAN] CASHIER FORM : REGISTER HOTKEY
[ADMIN] [5/5/2017 00:05] [PENJUALAN] CASHIER FORM : Combobox_KeyUp, cashierDataGridView.CurrentCell.OwningColumn.Name  [qty]
[ADMIN] [5/5/2017 00:05] [PENJUALAN] CASHIER FORM : Combobox_KeyUp, cashierDataGridView.CurrentCell.OwningColumn.Name  [qty]
[ADMIN] [5/5/2017 00:05] [PENJUALAN] CASHIER FORM : discJualMaskedTextBox_Validating, totalAfterDisc [19999]
[ADMIN] [5/5/2017 00:05] [PENJUALAN] CASHIER FORM : calculateChangeValue, bayarTextBox.Text [0]
[ADMIN] [5/5/2017 00:05] [PENJUALAN] CASHIER FORM : calculateChangeValue, sisaBayar [0]
[ADMIN] [5/5/2017 00:05] [PENJUALAN] CASHIER FORM : discJualMaskedTextBox_Validating, totalAfterDisc [19990]
[ADMIN] [5/5/2017 00:05] [PENJUALAN] CASHIER FORM : calculateChangeValue, bayarTextBox.Text [0]
[ADMIN] [5/5/2017 00:05] [PENJUALAN] CASHIER FORM : calculateChangeValue, sisaBayar [0]
[ADMIN] [5/5/2017 00:05] [PENJUALAN] CASHIER FORM : discJualMaskedTextBox_Validating, totalAfterDisc [19900]
[ADMIN] [5/5/2017 00:05] [PENJUALAN] CASHIER FORM : calculateChangeValue, bayarTextBox.Text [0]
[ADMIN] [5/5/2017 00:05] [PENJUALAN] CASHIER FORM : calculateChangeValue, sisaBayar [0]
[ADMIN] [5/5/2017 00:05] [PENJUALAN] CASHIER FORM : discJualMaskedTextBox_Validating, totalAfterDisc [19000]
[ADMIN] [5/5/2017 00:05] [PENJUALAN] CASHIER FORM : calculateChangeValue, bayarTextBox.Text [0]
[ADMIN] [5/5/2017 00:05] [PENJUALAN] CASHIER FORM : calculateChangeValue, sisaBayar [0]
[ADMIN] [5/5/2017 00:05] [PENJUALAN] CASHIER FORM : calculateChangeValue, bayarTextBox.Text [0]
[ADMIN] [5/5/2017 00:05] [PENJUALAN] CASHIER FORM : calculateChangeValue, sisaBayar [0]
[ADMIN] [5/5/2017 00:05] [PENJUALAN] CASHIER FORM : calculateChangeValue, bayarTextBox.Text [2]
[ADMIN] [5/5/2017 00:05] [PENJUALAN] CASHIER FORM : calculateChangeValue, sisaBayar [0]
[ADMIN] [5/5/2017 00:05] [PENJUALAN] CASHIER FORM : calculateChangeValue, bayarTextBox.Text [20]
[ADMIN] [5/5/2017 00:05] [PENJUALAN] CASHIER FORM : calculateChangeValue, sisaBayar [0]
[ADMIN] [5/5/2017 00:05] [PENJUALAN] CASHIER FORM : calculateChangeValue, bayarTextBox.Text [200]
[ADMIN] [5/5/2017 00:05] [PENJUALAN] CASHIER FORM : calculateChangeValue, sisaBayar [0]
[ADMIN] [5/5/2017 00:05] [PENJUALAN] CASHIER FORM : calculateChangeValue, bayarTextBox.Text [2000]
[ADMIN] [5/5/2017 00:05] [PENJUALAN] CASHIER FORM : calculateChangeValue, sisaBayar [0]
[ADMIN] [5/5/2017 00:06] [PENJUALAN] CASHIER FORM : HOTKEY TO SAVE AND PRINT OUT INVOICE PRESSED
[ADMIN] [5/5/2017 00:06] [PENJUALAN] CASHIER FORM : UNREGISTER HOTKEY
[ADMIN] [5/5/2017 00:06] [PENJUALAN] CASHIER FORM : REGISTER HOTKEY
[ADMIN] [5/5/2017 00:06] [PENJUALAN] ATTEMPT TO SAVE AND PRINT OUT INVOICE
[ADMIN] [5/5/2017 00:06] [PENJUALAN] CASHIER FORM : CHECK STOCK QTY IS ENOUGH [RT001]
[] [5/5/2017 00:09] [] USER = ADMIN IS ACTIVE
[ADMIN] [5/5/2017 00:09] [] USER ID = 1 LOGIN SUCCESSFULLY
[ADMIN] [5/5/2017 00:09] [] ACTIVATE USER ACCESS RIGHT
[ADMIN] [5/5/2017 00:10] [] DISPLAY ADMIN FORM
[ADMIN] [5/5/2017 00:10] [] adminForm Load
[ADMIN] [5/5/2017 00:10] [] ACTIVATE USER ACCESS RIGHT
[ADMIN] [5/5/2017 00:10] [PENJUALAN] CASHIER FORM : MULTIPLE CASHIER INSTANCE [1]
[ADMIN] [5/5/2017 00:10] [PENJUALAN] CASHIER FORM : REGISTER HOTKEY
[ADMIN] [5/5/2017 00:10] [PENJUALAN] CASHIER FORM : cashierForm_Load, ATTEMPT TO LOAD NO FAKTUR
[ADMIN] [5/5/2017 00:10] [PENJUALAN] CASHIER FORM : loadNoFaktur, noFakturValue [SLO001]
[ADMIN] [5/5/2017 00:10] [PENJUALAN] CASHIER FORM : cashierForm_Load, ATTEMPT TO addColumnToDataGrid
[ADMIN] [5/5/2017 00:10] [PENJUALAN] CASHIER FORM : UPDATE ROW NUMBER, TOTAL ROW [1]
[ADMIN] [5/5/2017 00:10] [PENJUALAN] CASHIER FORM : cashierDataGridView_CellValueChanged [F8]
[ADMIN] [5/5/2017 00:10] [PENJUALAN] CASHIER FORM : REGISTER HOTKEY
[ADMIN] [5/5/2017 00:10] [PENJUALAN] CASHIER FORM : Combobox_previewKeyDown, cashierDataGridView.CurrentCell.OwningColumn.Name  [productID]
[ADMIN] [5/5/2017 00:10] [PENJUALAN] CASHIER FORM : UPDATE ROW NUMBER, TOTAL ROW [2]
[ADMIN] [5/5/2017 00:10] [PENJUALAN] CASHIER FORM : cashierDataGridView_CellValueChanged [F8]
[ADMIN] [5/5/2017 00:10] [PENJUALAN] CASHIER FORM : cashierDataGridView_CellValueChanged [productID]
[ADMIN] [5/5/2017 00:10] [PENJUALAN] CASHIER FORM : Combobox_KeyUp, cashierDataGridView.CurrentCell.OwningColumn.Name  [productID]
[ADMIN] [5/5/2017 00:10] [PENJUALAN] CASHIER FORM : Combobox_previewKeyDown, cashierDataGridView.CurrentCell.OwningColumn.Name  [productID]
[ADMIN] [5/5/2017 00:10] [PENJUALAN] CASHIER FORM : cashierDataGridView_CellValueChanged [productID]
[ADMIN] [5/5/2017 00:10] [PENJUALAN] CASHIER FORM : Combobox_KeyUp, cashierDataGridView.CurrentCell.OwningColumn.Name  [productID]
[ADMIN] [5/5/2017 00:10] [PENJUALAN] CASHIER FORM : Combobox_previewKeyDown, cashierDataGridView.CurrentCell.OwningColumn.Name  [productID]
[ADMIN] [5/5/2017 00:10] [PENJUALAN] CASHIER FORM : cashierDataGridView_CellValueChanged [productID]
[ADMIN] [5/5/2017 00:10] [PENJUALAN] CASHIER FORM : Combobox_KeyUp, cashierDataGridView.CurrentCell.OwningColumn.Name  [productID]
[ADMIN] [5/5/2017 00:10] [PENJUALAN] CASHIER FORM : Combobox_previewKeyDown, cashierDataGridView.CurrentCell.OwningColumn.Name  [productID]
[ADMIN] [5/5/2017 00:10] [PENJUALAN] CASHIER FORM : cashierDataGridView_CellValueChanged [productID]
[ADMIN] [5/5/2017 00:10] [PENJUALAN] CASHIER FORM : Combobox_KeyUp, cashierDataGridView.CurrentCell.OwningColumn.Name  [productID]
[ADMIN] [5/5/2017 00:10] [PENJUALAN] CASHIER FORM : Combobox_previewKeyDown, cashierDataGridView.CurrentCell.OwningColumn.Name  [productID]
[ADMIN] [5/5/2017 00:10] [PENJUALAN] CASHIER FORM : cashierDataGridView_CellValueChanged [productID]
[ADMIN] [5/5/2017 00:10] [PENJUALAN] CASHIER FORM : Combobox_KeyUp, cashierDataGridView.CurrentCell.OwningColumn.Name  [productID]
[ADMIN] [5/5/2017 00:10] [PENJUALAN] CASHIER FORM : Combobox_previewKeyDown, cashierDataGridView.CurrentCell.OwningColumn.Name  [productID]
[ADMIN] [5/5/2017 00:10] [PENJUALAN] CASHIER FORM : cashierDataGridView_CellValueChanged [productID]
[ADMIN] [5/5/2017 00:10] [PENJUALAN] CASHIER FORM : Combobox_KeyUp, cashierDataGridView.CurrentCell.OwningColumn.Name  [productID]
[ADMIN] [5/5/2017 00:10] [PENJUALAN] CASHIER FORM : Combobox_previewKeyDown, cashierDataGridView.CurrentCell.OwningColumn.Name  [productID]
[ADMIN] [5/5/2017 00:10] [PENJUALAN] CASHIER FORM : cashierDataGridView_CellValueChanged [productID]
[ADMIN] [5/5/2017 00:10] [PENJUALAN] CASHIER FORM : Combobox_KeyUp, cashierDataGridView.CurrentCell.OwningColumn.Name  [productID]
[ADMIN] [5/5/2017 00:10] [PENJUALAN] CASHIER FORM : Combobox_previewKeyDown, cashierDataGridView.CurrentCell.OwningColumn.Name  [productID]
[ADMIN] [5/5/2017 00:10] [PENJUALAN] CASHIER FORM : cashierDataGridView_CellValueChanged [productID]
[ADMIN] [5/5/2017 00:10] [PENJUALAN] CASHIER FORM : Combobox_KeyUp, cashierDataGridView.CurrentCell.OwningColumn.Name  [productID]
[ADMIN] [5/5/2017 00:10] [PENJUALAN] CASHIER FORM : Combobox_previewKeyDown, cashierDataGridView.CurrentCell.OwningColumn.Name  [productID]
[ADMIN] [5/5/2017 00:10] [PENJUALAN] CASHIER FORM : cashierDataGridView_CellValueChanged [productID]
[ADMIN] [5/5/2017 00:10] [PENJUALAN] CASHIER FORM : Combobox_KeyUp, cashierDataGridView.CurrentCell.OwningColumn.Name  [productID]
[ADMIN] [5/5/2017 00:10] [PENJUALAN] CASHIER FORM : Combobox_previewKeyDown, cashierDataGridView.CurrentCell.OwningColumn.Name  [productID]
[ADMIN] [5/5/2017 00:10] [PENJUALAN] CASHIER FORM : updateSomeRowContents
[ADMIN] [5/5/2017 00:10] [PENJUALAN] CASHIER FORM : cashierDataGridView_CellValueChanged [productName]
[ADMIN] [5/5/2017 00:10] [PENJUALAN] CASHIER FORM : PRODUCT PRICE TYPE [PRODUCT_BASE_PRICE]
[ADMIN] [5/5/2017 00:10] [PENJUALAN] CASHIER FORM : PRODUCT PRICE [10]
[ADMIN] [5/5/2017 00:10] [PENJUALAN] CASHIER FORM : ComboBox_SelectedIndexChanged, PRODUCT_BASE_PRICE [10]
[ADMIN] [5/5/2017 00:10] [PENJUALAN] CASHIER FORM : cashierDataGridView_CellValueChanged [hpp]
[ADMIN] [5/5/2017 00:10] [PENJUALAN] CASHIER FORM : PRODUCT PRICE TYPE [PRODUCT_RETAIL_PRICE]
[ADMIN] [5/5/2017 00:10] [PENJUALAN] CASHIER FORM : PRODUCT PRICE [1000]
[ADMIN] [5/5/2017 00:10] [PENJUALAN] CASHIER FORM : ComboBox_SelectedIndexChanged, PRODUCT_SALES_PRICE [1000]
[ADMIN] [5/5/2017 00:10] [PENJUALAN] CASHIER FORM : cashierDataGridView_CellValueChanged [productPrice]
[ADMIN] [5/5/2017 00:10] [PENJUALAN] CASHIER FORM : cashierDataGridView_CellValueChanged, previousInput [0]
[ADMIN] [5/5/2017 00:10] [PENJUALAN] CASHIER FORM : cashierDataGridView_CellValueChanged, cellValue [1000]
[ADMIN] [5/5/2017 00:10] [PENJUALAN] CASHIER FORM : cashierDataGridView_CellValueChanged, dataGridViewTextBoxEditingControl.Text pass REGEX Checking
[ADMIN] [5/5/2017 00:10] [PENJUALAN] CASHIER FORM : CALCULATE SUBTOTAL
[ADMIN] [5/5/2017 00:10] [PENJUALAN] CASHIER FORM : SUBTOTAL [0]
[ADMIN] [5/5/2017 00:10] [PENJUALAN] CASHIER FORM : cashierDataGridView_CellValueChanged, subtotal value [0]
[ADMIN] [5/5/2017 00:10] [PENJUALAN] CASHIER FORM : cashierDataGridView_CellValueChanged, attempt to calculate total value
[ADMIN] [5/5/2017 00:10] [PENJUALAN] CASHIER FORM : calculateTotal
[ADMIN] [5/5/2017 00:10] [PENJUALAN] CASHIER FORM : calculateTotal [0]
[ADMIN] [5/5/2017 00:10] [PENJUALAN] CASHIER FORM : calculateTotal, totalAfterDisc [0]
[ADMIN] [5/5/2017 00:10] [PENJUALAN] CASHIER FORM : calculateChangeValue, bayarTextBox.Text [0]
[ADMIN] [5/5/2017 00:10] [PENJUALAN] CASHIER FORM : calculateChangeValue, sisaBayar [0]
[ADMIN] [5/5/2017 00:10] [PENJUALAN] CASHIER FORM : cashierDataGridView_CellValueChanged [qty]
[ADMIN] [5/5/2017 00:10] [PENJUALAN] CASHIER FORM : cashierDataGridView_CellValueChanged, previousInput [0]
[ADMIN] [5/5/2017 00:10] [PENJUALAN] CASHIER FORM : cashierDataGridView_CellValueChanged [jumlah]
[ADMIN] [5/5/2017 00:10] [PENJUALAN] CASHIER FORM : calculateTotal
[ADMIN] [5/5/2017 00:10] [PENJUALAN] CASHIER FORM : calculateTotal [0]
[ADMIN] [5/5/2017 00:10] [PENJUALAN] CASHIER FORM : calculateTotal, totalAfterDisc [0]
[ADMIN] [5/5/2017 00:10] [PENJUALAN] CASHIER FORM : calculateChangeValue, bayarTextBox.Text [0]
[ADMIN] [5/5/2017 00:10] [PENJUALAN] CASHIER FORM : calculateChangeValue, sisaBayar [0]
[ADMIN] [5/5/2017 00:10] [PENJUALAN] CASHIER FORM : updateSomeRowContents
[ADMIN] [5/5/2017 00:10] [PENJUALAN] CASHIER FORM : Combobox_KeyUp, cashierDataGridView.CurrentCell.OwningColumn.Name  [qty]
[ADMIN] [5/5/2017 00:10] [PENJUALAN] CASHIER FORM : cashierDataGridView_CellValueChanged [qty]
[ADMIN] [5/5/2017 00:10] [PENJUALAN] CASHIER FORM : cashierDataGridView_CellValueChanged, previousInput [0]
[ADMIN] [5/5/2017 00:10] [PENJUALAN] CASHIER FORM : cashierDataGridView_CellValueChanged, cellValue [1]
[ADMIN] [5/5/2017 00:10] [PENJUALAN] CASHIER FORM : cashierDataGridView_CellValueChanged, dataGridViewTextBoxEditingControl.Text pass REGEX Checking
[ADMIN] [5/5/2017 00:10] [PENJUALAN] CASHIER FORM : CHECK STOCK QTY IS ENOUGH [RT001]
[ADMIN] [5/5/2017 00:10] [PENJUALAN] CASHIER FORM : CHECK STOCK QTY IS ENOUGH [529, 1]
[ADMIN] [5/5/2017 00:10] [PENJUALAN] CASHIER FORM : CALCULATE SUBTOTAL
[ADMIN] [5/5/2017 00:10] [PENJUALAN] CASHIER FORM : SUBTOTAL [1000]
[ADMIN] [5/5/2017 00:10] [PENJUALAN] CASHIER FORM : cashierDataGridView_CellValueChanged, subtotal value [1000]
[ADMIN] [5/5/2017 00:10] [PENJUALAN] CASHIER FORM : cashierDataGridView_CellValueChanged, attempt to calculate total value
[ADMIN] [5/5/2017 00:10] [PENJUALAN] CASHIER FORM : calculateTotal
[ADMIN] [5/5/2017 00:10] [PENJUALAN] CASHIER FORM : calculateTotal [1000]
[ADMIN] [5/5/2017 00:10] [PENJUALAN] CASHIER FORM : calculateTotal, totalAfterDisc [1000]
[ADMIN] [5/5/2017 00:10] [PENJUALAN] CASHIER FORM : calculateChangeValue, bayarTextBox.Text [0]
[ADMIN] [5/5/2017 00:10] [PENJUALAN] CASHIER FORM : calculateChangeValue, sisaBayar [0]
[ADMIN] [5/5/2017 00:10] [PENJUALAN] CASHIER FORM : Combobox_KeyUp, cashierDataGridView.CurrentCell.OwningColumn.Name  [qty]
[ADMIN] [5/5/2017 00:10] [PENJUALAN] CASHIER FORM : cashierDataGridView_CellValueChanged [qty]
[ADMIN] [5/5/2017 00:10] [PENJUALAN] CASHIER FORM : cashierDataGridView_CellValueChanged, previousInput [1]
[ADMIN] [5/5/2017 00:10] [PENJUALAN] CASHIER FORM : cashierDataGridView_CellValueChanged, dataGridViewTextBoxEditingControl.Text pass REGEX Checking
[ADMIN] [5/5/2017 00:10] [PENJUALAN] CASHIER FORM : CHECK STOCK QTY IS ENOUGH [RT001]
[ADMIN] [5/5/2017 00:10] [PENJUALAN] CASHIER FORM : CHECK STOCK QTY IS ENOUGH [529, 10]
[ADMIN] [5/5/2017 00:10] [PENJUALAN] CASHIER FORM : CALCULATE SUBTOTAL
[ADMIN] [5/5/2017 00:10] [PENJUALAN] CASHIER FORM : SUBTOTAL [10000]
[ADMIN] [5/5/2017 00:10] [PENJUALAN] CASHIER FORM : cashierDataGridView_CellValueChanged, subtotal value [10000]
[ADMIN] [5/5/2017 00:10] [PENJUALAN] CASHIER FORM : cashierDataGridView_CellValueChanged, attempt to calculate total value
[ADMIN] [5/5/2017 00:10] [PENJUALAN] CASHIER FORM : calculateTotal
[ADMIN] [5/5/2017 00:10] [PENJUALAN] CASHIER FORM : calculateTotal [10000]
[ADMIN] [5/5/2017 00:10] [PENJUALAN] CASHIER FORM : calculateTotal, totalAfterDisc [10000]
[ADMIN] [5/5/2017 00:10] [PENJUALAN] CASHIER FORM : calculateChangeValue, bayarTextBox.Text [0]
[ADMIN] [5/5/2017 00:10] [PENJUALAN] CASHIER FORM : calculateChangeValue, sisaBayar [0]
[ADMIN] [5/5/2017 00:10] [PENJUALAN] CASHIER FORM : Combobox_KeyUp, cashierDataGridView.CurrentCell.OwningColumn.Name  [qty]
[ADMIN] [5/5/2017 00:10] [PENJUALAN] CASHIER FORM : DISPLAY PELANGGAN FORM
[ADMIN] [5/5/2017 00:10] [PENJUALAN] CASHIER FORM : UNREGISTER HOTKEY
[ADMIN] [5/5/2017 00:10] [PENJUALAN] CASHIER FORM : SELECTED CUSTOMER ID [1]
[ADMIN] [5/5/2017 00:10] [PENJUALAN] CASHIER FORM : ATTEMPT TO SET CUSTOMER PROFILE
[ADMIN] [5/5/2017 00:10] [PENJUALAN] CASHIER FORM : SET CUSTOMER PROFILE [ANDRI]
[ADMIN] [5/5/2017 00:10] [PENJUALAN] CASHIER FORM : CUSTOMER GROUP [P-UMUM [ECER]]
[ADMIN] [5/5/2017 00:10] [PENJUALAN] CASHIER FORM : FINISHED SET CUSTOMER PROFILE
[ADMIN] [5/5/2017 00:10] [PENJUALAN] CASHIER FORM : ATTEMPT TO REFRESH PRODUCT PRICE
[ADMIN] [5/5/2017 00:10] [PENJUALAN] CASHIER FORM : PRODUCT PRICE TYPE [PRODUCT_RETAIL_PRICE]
[ADMIN] [5/5/2017 00:10] [PENJUALAN] CASHIER FORM : PRODUCT PRICE [1000]
[ADMIN] [5/5/2017 00:10] [PENJUALAN] CASHIER FORM : CHECK IF THERE'S ANY ENTRY IN THE PRODUCT DISC
[ADMIN] [5/5/2017 00:10] [PENJUALAN] CASHIER FORM : ENTRY IN THE PRODUCT DISC FOUND, RETRIEVE THE DISC VALUE
[ADMIN] [5/5/2017 00:10] [PENJUALAN] CASHIER FORM : cashierDataGridView_CellValueChanged [disc1]
[ADMIN] [5/5/2017 00:10] [PENJUALAN] CASHIER FORM : cashierDataGridView_CellValueChanged, previousInput [0]
[ADMIN] [5/5/2017 00:10] [PENJUALAN] CASHIER FORM : cashierDataGridView_CellValueChanged [disc2]
[ADMIN] [5/5/2017 00:10] [PENJUALAN] CASHIER FORM : cashierDataGridView_CellValueChanged, previousInput [0]
[ADMIN] [5/5/2017 00:10] [PENJUALAN] CASHIER FORM : cashierDataGridView_CellValueChanged [discRP]
[ADMIN] [5/5/2017 00:10] [PENJUALAN] CASHIER FORM : cashierDataGridView_CellValueChanged, previousInput [0]
[ADMIN] [5/5/2017 00:10] [PENJUALAN] CASHIER FORM : DISC FOUND [0, 0, 0]
[ADMIN] [5/5/2017 00:10] [PENJUALAN] CASHIER FORM : CALCULATE SUBTOTAL
[ADMIN] [5/5/2017 00:10] [PENJUALAN] CASHIER FORM : SUBTOTAL [10000]
[ADMIN] [5/5/2017 00:10] [PENJUALAN] CASHIER FORM : calculateTotal
[ADMIN] [5/5/2017 00:10] [PENJUALAN] CASHIER FORM : calculateTotal [10000]
[ADMIN] [5/5/2017 00:10] [PENJUALAN] CASHIER FORM : calculateTotal, totalAfterDisc [10000]
[ADMIN] [5/5/2017 00:10] [PENJUALAN] CASHIER FORM : calculateChangeValue, bayarTextBox.Text [0]
[ADMIN] [5/5/2017 00:10] [PENJUALAN] CASHIER FORM : calculateChangeValue, sisaBayar [0]
[ADMIN] [5/5/2017 00:10] [PENJUALAN] CASHIER FORM : PRODUCT PRICE REFRESHED
[ADMIN] [5/5/2017 00:10] [PENJUALAN] CASHIER FORM : REGISTER HOTKEY
[ADMIN] [5/5/2017 00:10] [PENJUALAN] CASHIER FORM : discJualMaskedTextBox_Validating, totalAfterDisc [9995]
[ADMIN] [5/5/2017 00:10] [PENJUALAN] CASHIER FORM : calculateChangeValue, bayarTextBox.Text [0]
[ADMIN] [5/5/2017 00:10] [PENJUALAN] CASHIER FORM : calculateChangeValue, sisaBayar [0]
[ADMIN] [5/5/2017 00:10] [PENJUALAN] CASHIER FORM : discJualMaskedTextBox_Validating, totalAfterDisc [9950]
[ADMIN] [5/5/2017 00:10] [PENJUALAN] CASHIER FORM : calculateChangeValue, bayarTextBox.Text [0]
[ADMIN] [5/5/2017 00:10] [PENJUALAN] CASHIER FORM : calculateChangeValue, sisaBayar [0]
[ADMIN] [5/5/2017 00:10] [PENJUALAN] CASHIER FORM : discJualMaskedTextBox_Validating, totalAfterDisc [9500]
[ADMIN] [5/5/2017 00:10] [PENJUALAN] CASHIER FORM : calculateChangeValue, bayarTextBox.Text [0]
[ADMIN] [5/5/2017 00:10] [PENJUALAN] CASHIER FORM : calculateChangeValue, sisaBayar [0]
[ADMIN] [5/5/2017 00:10] [PENJUALAN] CASHIER FORM : discJualMaskedTextBox_Validating, totalAfterDisc [5000]
[ADMIN] [5/5/2017 00:10] [PENJUALAN] CASHIER FORM : calculateChangeValue, bayarTextBox.Text [0]
[ADMIN] [5/5/2017 00:10] [PENJUALAN] CASHIER FORM : calculateChangeValue, sisaBayar [0]
[ADMIN] [5/5/2017 00:10] [PENJUALAN] CASHIER FORM : calculateChangeValue, bayarTextBox.Text [0]
[ADMIN] [5/5/2017 00:10] [PENJUALAN] CASHIER FORM : calculateChangeValue, sisaBayar [0]
[ADMIN] [5/5/2017 00:10] [PENJUALAN] CASHIER FORM : calculateChangeValue, bayarTextBox.Text [1]
[ADMIN] [5/5/2017 00:10] [PENJUALAN] CASHIER FORM : calculateChangeValue, sisaBayar [0]
[ADMIN] [5/5/2017 00:10] [PENJUALAN] CASHIER FORM : calculateChangeValue, bayarTextBox.Text [10]
[ADMIN] [5/5/2017 00:10] [PENJUALAN] CASHIER FORM : calculateChangeValue, sisaBayar [0]
[ADMIN] [5/5/2017 00:10] [PENJUALAN] CASHIER FORM : calculateChangeValue, bayarTextBox.Text [100]
[ADMIN] [5/5/2017 00:10] [PENJUALAN] CASHIER FORM : calculateChangeValue, sisaBayar [0]
[ADMIN] [5/5/2017 00:10] [PENJUALAN] CASHIER FORM : calculateChangeValue, bayarTextBox.Text [1000]
[ADMIN] [5/5/2017 00:10] [PENJUALAN] CASHIER FORM : calculateChangeValue, sisaBayar [0]
[ADMIN] [5/5/2017 00:10] [PENJUALAN] CASHIER FORM : HOTKEY TO SAVE AND PRINT OUT INVOICE PRESSED
[ADMIN] [5/5/2017 00:10] [PENJUALAN] CASHIER FORM : UNREGISTER HOTKEY
[ADMIN] [5/5/2017 00:10] [PENJUALAN] CASHIER FORM : REGISTER HOTKEY
[ADMIN] [5/5/2017 00:10] [PENJUALAN] ATTEMPT TO SAVE AND PRINT OUT INVOICE
[ADMIN] [5/5/2017 00:10] [PENJUALAN] CASHIER FORM : CHECK STOCK QTY IS ENOUGH [RT001]
[ADMIN] [5/5/2017 00:10] [PENJUALAN] CASHIER FORM : UNREGISTER HOTKEY
[ADMIN] [5/5/2017 00:10] [PENJUALAN] CASHIER FORM : ATTEMPT TO SAVE SALES DATA [05-05-2017 00:10]
[ADMIN] [5/5/2017 00:10] [PENJUALAN] CASHIER FORM : SALES DISC FINAL [Rp5.000]
[ADMIN] [5/5/2017 00:10] [PENJUALAN] CASHIER FORM : NON CASH - SALES DUE DATE [25-05-2017]
[ADMIN] [5/5/2017 00:10] [PENJUALAN] CHECK IF TAX LIMIT SET FOR PERCENTAGE PURCHASE [0]
[ADMIN] [5/5/2017 00:10] [PENJUALAN] CHECK IF TAX LIMIT SET FOR AVERAGE DAILY PURCHASE [0]
[ADMIN] [5/5/2017 00:10] [PENJUALAN] CASHIER FORM : NO FAKTUR [SLO001]
[ADMIN] [5/5/2017 00:10] [PENJUALAN] CASHIER FORM : MAX SALES INVOICE [6]
[ADMIN] [5/5/2017 00:10] [PENJUALAN] CASHIER FORM : SALES INVOICE [SLO001-7]
[ADMIN] [5/5/2017 00:10] [PENJUALAN] INSERT INTO SALES HEADER [SLO001-7]
[ADMIN] [5/5/2017 00:10] [PENJUALAN] EXCEPTION THROWN [Truncated incorrect date value: '25-05-2017 00:10']
[ADMIN] [5/5/2017 00:10] [PENJUALAN] CASHIER FORM : REGISTER HOTKEY
[ADMIN] [5/5/2017 00:10] [PENJUALAN] CASHIER FORM : UNREGISTER HOTKEY
[] [5/5/2017 00:12] [] USER = ADMIN IS ACTIVE
[ADMIN] [5/5/2017 00:12] [] USER ID = 1 LOGIN SUCCESSFULLY
[ADMIN] [5/5/2017 00:12] [] ACTIVATE USER ACCESS RIGHT
[ADMIN] [5/5/2017 00:12] [] DISPLAY ADMIN FORM
[ADMIN] [5/5/2017 00:12] [] adminForm Load
[ADMIN] [5/5/2017 00:12] [] ACTIVATE USER ACCESS RIGHT
[ADMIN] [5/5/2017 00:12] [PENJUALAN] CASHIER FORM : MULTIPLE CASHIER INSTANCE [1]
[ADMIN] [5/5/2017 00:12] [PENJUALAN] CASHIER FORM : REGISTER HOTKEY
[ADMIN] [5/5/2017 00:12] [PENJUALAN] CASHIER FORM : cashierForm_Load, ATTEMPT TO LOAD NO FAKTUR
[ADMIN] [5/5/2017 00:12] [PENJUALAN] CASHIER FORM : loadNoFaktur, noFakturValue [SLO001]
[ADMIN] [5/5/2017 00:12] [PENJUALAN] CASHIER FORM : cashierForm_Load, ATTEMPT TO addColumnToDataGrid
[ADMIN] [5/5/2017 00:12] [PENJUALAN] CASHIER FORM : UPDATE ROW NUMBER, TOTAL ROW [1]
[ADMIN] [5/5/2017 00:12] [PENJUALAN] CASHIER FORM : cashierDataGridView_CellValueChanged [F8]
[ADMIN] [5/5/2017 00:12] [PENJUALAN] CASHIER FORM : REGISTER HOTKEY
[ADMIN] [5/5/2017 00:12] [PENJUALAN] CASHIER FORM : Combobox_KeyUp, cashierDataGridView.CurrentCell.OwningColumn.Name  [productID]
[ADMIN] [5/5/2017 00:12] [PENJUALAN] CASHIER FORM : Combobox_previewKeyDown, cashierDataGridView.CurrentCell.OwningColumn.Name  [productID]
[ADMIN] [5/5/2017 00:12] [PENJUALAN] CASHIER FORM : UPDATE ROW NUMBER, TOTAL ROW [2]
[ADMIN] [5/5/2017 00:12] [PENJUALAN] CASHIER FORM : cashierDataGridView_CellValueChanged [F8]
[ADMIN] [5/5/2017 00:12] [PENJUALAN] CASHIER FORM : cashierDataGridView_CellValueChanged [productID]
[ADMIN] [5/5/2017 00:12] [PENJUALAN] CASHIER FORM : Combobox_KeyUp, cashierDataGridView.CurrentCell.OwningColumn.Name  [productID]
[ADMIN] [5/5/2017 00:12] [PENJUALAN] CASHIER FORM : Combobox_previewKeyDown, cashierDataGridView.CurrentCell.OwningColumn.Name  [productID]
[ADMIN] [5/5/2017 00:12] [PENJUALAN] CASHIER FORM : cashierDataGridView_CellValueChanged [productID]
[ADMIN] [5/5/2017 00:12] [PENJUALAN] CASHIER FORM : Combobox_KeyUp, cashierDataGridView.CurrentCell.OwningColumn.Name  [productID]
[ADMIN] [5/5/2017 00:12] [PENJUALAN] CASHIER FORM : Combobox_previewKeyDown, cashierDataGridView.CurrentCell.OwningColumn.Name  [productID]
[ADMIN] [5/5/2017 00:12] [PENJUALAN] CASHIER FORM : cashierDataGridView_CellValueChanged [productID]
[ADMIN] [5/5/2017 00:12] [PENJUALAN] CASHIER FORM : Combobox_KeyUp, cashierDataGridView.CurrentCell.OwningColumn.Name  [productID]
[ADMIN] [5/5/2017 00:12] [PENJUALAN] CASHIER FORM : Combobox_previewKeyDown, cashierDataGridView.CurrentCell.OwningColumn.Name  [productID]
[ADMIN] [5/5/2017 00:12] [PENJUALAN] CASHIER FORM : cashierDataGridView_CellValueChanged [productID]
[ADMIN] [5/5/2017 00:12] [PENJUALAN] CASHIER FORM : Combobox_KeyUp, cashierDataGridView.CurrentCell.OwningColumn.Name  [productID]
[ADMIN] [5/5/2017 00:12] [PENJUALAN] CASHIER FORM : Combobox_previewKeyDown, cashierDataGridView.CurrentCell.OwningColumn.Name  [productID]
[ADMIN] [5/5/2017 00:12] [PENJUALAN] CASHIER FORM : cashierDataGridView_CellValueChanged [productID]
[ADMIN] [5/5/2017 00:12] [PENJUALAN] CASHIER FORM : Combobox_KeyUp, cashierDataGridView.CurrentCell.OwningColumn.Name  [productID]
[ADMIN] [5/5/2017 00:12] [PENJUALAN] CASHIER FORM : Combobox_previewKeyDown, cashierDataGridView.CurrentCell.OwningColumn.Name  [productID]
[ADMIN] [5/5/2017 00:12] [PENJUALAN] CASHIER FORM : updateSomeRowContents
[ADMIN] [5/5/2017 00:12] [PENJUALAN] CASHIER FORM : cashierDataGridView_CellValueChanged [productName]
[ADMIN] [5/5/2017 00:12] [PENJUALAN] CASHIER FORM : PRODUCT PRICE TYPE [PRODUCT_BASE_PRICE]
[ADMIN] [5/5/2017 00:12] [PENJUALAN] CASHIER FORM : PRODUCT PRICE [10]
[ADMIN] [5/5/2017 00:12] [PENJUALAN] CASHIER FORM : ComboBox_SelectedIndexChanged, PRODUCT_BASE_PRICE [10]
[ADMIN] [5/5/2017 00:12] [PENJUALAN] CASHIER FORM : cashierDataGridView_CellValueChanged [hpp]
[ADMIN] [5/5/2017 00:12] [PENJUALAN] CASHIER FORM : PRODUCT PRICE TYPE [PRODUCT_RETAIL_PRICE]
[ADMIN] [5/5/2017 00:12] [PENJUALAN] CASHIER FORM : PRODUCT PRICE [1000]
[ADMIN] [5/5/2017 00:12] [PENJUALAN] CASHIER FORM : ComboBox_SelectedIndexChanged, PRODUCT_SALES_PRICE [1000]
[ADMIN] [5/5/2017 00:12] [PENJUALAN] CASHIER FORM : cashierDataGridView_CellValueChanged [productPrice]
[ADMIN] [5/5/2017 00:12] [PENJUALAN] CASHIER FORM : cashierDataGridView_CellValueChanged, previousInput [0]
[ADMIN] [5/5/2017 00:12] [PENJUALAN] CASHIER FORM : cashierDataGridView_CellValueChanged, cellValue [1000]
[ADMIN] [5/5/2017 00:12] [PENJUALAN] CASHIER FORM : cashierDataGridView_CellValueChanged, dataGridViewTextBoxEditingControl.Text pass REGEX Checking
[ADMIN] [5/5/2017 00:12] [PENJUALAN] CASHIER FORM : CALCULATE SUBTOTAL
[ADMIN] [5/5/2017 00:12] [PENJUALAN] CASHIER FORM : SUBTOTAL [0]
[ADMIN] [5/5/2017 00:12] [PENJUALAN] CASHIER FORM : cashierDataGridView_CellValueChanged, subtotal value [0]
[ADMIN] [5/5/2017 00:12] [PENJUALAN] CASHIER FORM : cashierDataGridView_CellValueChanged, attempt to calculate total value
[ADMIN] [5/5/2017 00:12] [PENJUALAN] CASHIER FORM : calculateTotal
[ADMIN] [5/5/2017 00:12] [PENJUALAN] CASHIER FORM : calculateTotal [0]
[ADMIN] [5/5/2017 00:12] [PENJUALAN] CASHIER FORM : calculateTotal, totalAfterDisc [0]
[ADMIN] [5/5/2017 00:12] [PENJUALAN] CASHIER FORM : calculateChangeValue, bayarTextBox.Text [0]
[ADMIN] [5/5/2017 00:12] [PENJUALAN] CASHIER FORM : calculateChangeValue, sisaBayar [0]
[ADMIN] [5/5/2017 00:12] [PENJUALAN] CASHIER FORM : cashierDataGridView_CellValueChanged [qty]
[ADMIN] [5/5/2017 00:12] [PENJUALAN] CASHIER FORM : cashierDataGridView_CellValueChanged, previousInput [0]
[ADMIN] [5/5/2017 00:12] [PENJUALAN] CASHIER FORM : cashierDataGridView_CellValueChanged [jumlah]
[ADMIN] [5/5/2017 00:12] [PENJUALAN] CASHIER FORM : calculateTotal
[ADMIN] [5/5/2017 00:12] [PENJUALAN] CASHIER FORM : calculateTotal [0]
[ADMIN] [5/5/2017 00:12] [PENJUALAN] CASHIER FORM : calculateTotal, totalAfterDisc [0]
[ADMIN] [5/5/2017 00:12] [PENJUALAN] CASHIER FORM : calculateChangeValue, bayarTextBox.Text [0]
[ADMIN] [5/5/2017 00:12] [PENJUALAN] CASHIER FORM : calculateChangeValue, sisaBayar [0]
[ADMIN] [5/5/2017 00:12] [PENJUALAN] CASHIER FORM : updateSomeRowContents
[ADMIN] [5/5/2017 00:12] [PENJUALAN] CASHIER FORM : Combobox_KeyUp, cashierDataGridView.CurrentCell.OwningColumn.Name  [qty]
[ADMIN] [5/5/2017 00:12] [PENJUALAN] CASHIER FORM : cashierDataGridView_CellValueChanged [qty]
[ADMIN] [5/5/2017 00:12] [PENJUALAN] CASHIER FORM : cashierDataGridView_CellValueChanged, previousInput [0]
[ADMIN] [5/5/2017 00:12] [PENJUALAN] CASHIER FORM : cashierDataGridView_CellValueChanged, cellValue [2]
[ADMIN] [5/5/2017 00:12] [PENJUALAN] CASHIER FORM : cashierDataGridView_CellValueChanged, dataGridViewTextBoxEditingControl.Text pass REGEX Checking
[ADMIN] [5/5/2017 00:12] [PENJUALAN] CASHIER FORM : CHECK STOCK QTY IS ENOUGH [RT001]
[ADMIN] [5/5/2017 00:12] [PENJUALAN] CASHIER FORM : CHECK STOCK QTY IS ENOUGH [529, 2]
[ADMIN] [5/5/2017 00:12] [PENJUALAN] CASHIER FORM : CALCULATE SUBTOTAL
[ADMIN] [5/5/2017 00:12] [PENJUALAN] CASHIER FORM : SUBTOTAL [2000]
[ADMIN] [5/5/2017 00:12] [PENJUALAN] CASHIER FORM : cashierDataGridView_CellValueChanged, subtotal value [2000]
[ADMIN] [5/5/2017 00:12] [PENJUALAN] CASHIER FORM : cashierDataGridView_CellValueChanged, attempt to calculate total value
[ADMIN] [5/5/2017 00:12] [PENJUALAN] CASHIER FORM : calculateTotal
[ADMIN] [5/5/2017 00:12] [PENJUALAN] CASHIER FORM : calculateTotal [2000]
[ADMIN] [5/5/2017 00:12] [PENJUALAN] CASHIER FORM : calculateTotal, totalAfterDisc [2000]
[ADMIN] [5/5/2017 00:12] [PENJUALAN] CASHIER FORM : calculateChangeValue, bayarTextBox.Text [0]
[ADMIN] [5/5/2017 00:12] [PENJUALAN] CASHIER FORM : calculateChangeValue, sisaBayar [0]
[ADMIN] [5/5/2017 00:12] [PENJUALAN] CASHIER FORM : Combobox_KeyUp, cashierDataGridView.CurrentCell.OwningColumn.Name  [qty]
[ADMIN] [5/5/2017 00:12] [PENJUALAN] CASHIER FORM : cashierDataGridView_CellValueChanged [qty]
[ADMIN] [5/5/2017 00:12] [PENJUALAN] CASHIER FORM : cashierDataGridView_CellValueChanged, previousInput [2]
[ADMIN] [5/5/2017 00:12] [PENJUALAN] CASHIER FORM : cashierDataGridView_CellValueChanged, dataGridViewTextBoxEditingControl.Text did not pass REGEX Checking
[ADMIN] [5/5/2017 00:12] [PENJUALAN] CASHIER FORM : CALCULATE SUBTOTAL
[ADMIN] [5/5/2017 00:12] [PENJUALAN] CASHIER FORM : SUBTOTAL [2000]
[ADMIN] [5/5/2017 00:12] [PENJUALAN] CASHIER FORM : cashierDataGridView_CellValueChanged, subtotal value [2000]
[ADMIN] [5/5/2017 00:12] [PENJUALAN] CASHIER FORM : cashierDataGridView_CellValueChanged, attempt to calculate total value
[ADMIN] [5/5/2017 00:12] [PENJUALAN] CASHIER FORM : calculateTotal
[ADMIN] [5/5/2017 00:12] [PENJUALAN] CASHIER FORM : calculateTotal [2000]
[ADMIN] [5/5/2017 00:12] [PENJUALAN] CASHIER FORM : calculateTotal, totalAfterDisc [2000]
[ADMIN] [5/5/2017 00:12] [PENJUALAN] CASHIER FORM : calculateChangeValue, bayarTextBox.Text [0]
[ADMIN] [5/5/2017 00:12] [PENJUALAN] CASHIER FORM : calculateChangeValue, sisaBayar [0]
[ADMIN] [5/5/2017 00:12] [PENJUALAN] CASHIER FORM : Combobox_KeyUp, cashierDataGridView.CurrentCell.OwningColumn.Name  [qty]
[ADMIN] [5/5/2017 00:12] [PENJUALAN] CASHIER FORM : cashierDataGridView_CellValueChanged [qty]
[ADMIN] [5/5/2017 00:12] [PENJUALAN] CASHIER FORM : cashierDataGridView_CellValueChanged, previousInput [2]
[ADMIN] [5/5/2017 00:12] [PENJUALAN] CASHIER FORM : cashierDataGridView_CellValueChanged, dataGridViewTextBoxEditingControl.Text did not pass REGEX Checking
[ADMIN] [5/5/2017 00:12] [PENJUALAN] CASHIER FORM : CALCULATE SUBTOTAL
[ADMIN] [5/5/2017 00:12] [PENJUALAN] CASHIER FORM : SUBTOTAL [2000]
[ADMIN] [5/5/2017 00:12] [PENJUALAN] CASHIER FORM : cashierDataGridView_CellValueChanged, subtotal value [2000]
[ADMIN] [5/5/2017 00:12] [PENJUALAN] CASHIER FORM : cashierDataGridView_CellValueChanged, attempt to calculate total value
[ADMIN] [5/5/2017 00:12] [PENJUALAN] CASHIER FORM : calculateTotal
[ADMIN] [5/5/2017 00:12] [PENJUALAN] CASHIER FORM : calculateTotal [2000]
[ADMIN] [5/5/2017 00:12] [PENJUALAN] CASHIER FORM : calculateTotal, totalAfterDisc [2000]
[ADMIN] [5/5/2017 00:12] [PENJUALAN] CASHIER FORM : calculateChangeValue, bayarTextBox.Text [0]
[ADMIN] [5/5/2017 00:12] [PENJUALAN] CASHIER FORM : calculateChangeValue, sisaBayar [0]
[ADMIN] [5/5/2017 00:12] [PENJUALAN] CASHIER FORM : Combobox_KeyUp, cashierDataGridView.CurrentCell.OwningColumn.Name  [qty]
[ADMIN] [5/5/2017 00:12] [PENJUALAN] CASHIER FORM : cashierDataGridView_CellValueChanged [qty]
[ADMIN] [5/5/2017 00:12] [PENJUALAN] CASHIER FORM : cashierDataGridView_CellValueChanged, previousInput [2]
[ADMIN] [5/5/2017 00:12] [PENJUALAN] CASHIER FORM : cashierDataGridView_CellValueChanged, dataGridViewTextBoxEditingControl.Text did not pass REGEX Checking
[ADMIN] [5/5/2017 00:12] [PENJUALAN] CASHIER FORM : CALCULATE SUBTOTAL
[ADMIN] [5/5/2017 00:12] [PENJUALAN] CASHIER FORM : SUBTOTAL [2000]
[ADMIN] [5/5/2017 00:12] [PENJUALAN] CASHIER FORM : cashierDataGridView_CellValueChanged, subtotal value [2000]
[ADMIN] [5/5/2017 00:12] [PENJUALAN] CASHIER FORM : cashierDataGridView_CellValueChanged, attempt to calculate total value
[ADMIN] [5/5/2017 00:12] [PENJUALAN] CASHIER FORM : calculateTotal
[ADMIN] [5/5/2017 00:12] [PENJUALAN] CASHIER FORM : calculateTotal [2000]
[ADMIN] [5/5/2017 00:12] [PENJUALAN] CASHIER FORM : calculateTotal, totalAfterDisc [2000]
[ADMIN] [5/5/2017 00:12] [PENJUALAN] CASHIER FORM : calculateChangeValue, bayarTextBox.Text [0]
[ADMIN] [5/5/2017 00:12] [PENJUALAN] CASHIER FORM : calculateChangeValue, sisaBayar [0]
[ADMIN] [5/5/2017 00:12] [PENJUALAN] CASHIER FORM : Combobox_KeyUp, cashierDataGridView.CurrentCell.OwningColumn.Name  [qty]
[ADMIN] [5/5/2017 00:12] [PENJUALAN] CASHIER FORM : Combobox_KeyUp, cashierDataGridView.CurrentCell.OwningColumn.Name  [qty]
[ADMIN] [5/5/2017 00:12] [PENJUALAN] CASHIER FORM : cashierDataGridView_CellValueChanged [qty]
[ADMIN] [5/5/2017 00:12] [PENJUALAN] CASHIER FORM : cashierDataGridView_CellValueChanged, previousInput [2]
[ADMIN] [5/5/2017 00:12] [PENJUALAN] CASHIER FORM : cashierDataGridView_CellValueChanged, dataGridViewTextBoxEditingControl.Text pass REGEX Checking
[ADMIN] [5/5/2017 00:12] [PENJUALAN] CASHIER FORM : CHECK STOCK QTY IS ENOUGH [RT001]
[ADMIN] [5/5/2017 00:12] [PENJUALAN] CASHIER FORM : CHECK STOCK QTY IS ENOUGH [529, 20]
[ADMIN] [5/5/2017 00:12] [PENJUALAN] CASHIER FORM : CALCULATE SUBTOTAL
[ADMIN] [5/5/2017 00:12] [PENJUALAN] CASHIER FORM : SUBTOTAL [20000]
[ADMIN] [5/5/2017 00:12] [PENJUALAN] CASHIER FORM : cashierDataGridView_CellValueChanged, subtotal value [20000]
[ADMIN] [5/5/2017 00:12] [PENJUALAN] CASHIER FORM : cashierDataGridView_CellValueChanged, attempt to calculate total value
[ADMIN] [5/5/2017 00:12] [PENJUALAN] CASHIER FORM : calculateTotal
[ADMIN] [5/5/2017 00:12] [PENJUALAN] CASHIER FORM : calculateTotal [20000]
[ADMIN] [5/5/2017 00:12] [PENJUALAN] CASHIER FORM : calculateTotal, totalAfterDisc [20000]
[ADMIN] [5/5/2017 00:12] [PENJUALAN] CASHIER FORM : calculateChangeValue, bayarTextBox.Text [0]
[ADMIN] [5/5/2017 00:12] [PENJUALAN] CASHIER FORM : calculateChangeValue, sisaBayar [0]
[ADMIN] [5/5/2017 00:12] [PENJUALAN] CASHIER FORM : Combobox_KeyUp, cashierDataGridView.CurrentCell.OwningColumn.Name  [qty]
[ADMIN] [5/5/2017 00:12] [PENJUALAN] CASHIER FORM : cashierDataGridView_CellValueChanged [qty]
[ADMIN] [5/5/2017 00:12] [PENJUALAN] CASHIER FORM : cashierDataGridView_CellValueChanged, previousInput [20]
[ADMIN] [5/5/2017 00:12] [PENJUALAN] CASHIER FORM : cashierDataGridView_CellValueChanged, dataGridViewTextBoxEditingControl.Text pass REGEX Checking
[ADMIN] [5/5/2017 00:12] [PENJUALAN] CASHIER FORM : CHECK STOCK QTY IS ENOUGH [RT001]
[ADMIN] [5/5/2017 00:12] [PENJUALAN] CASHIER FORM : CHECK STOCK QTY IS ENOUGH [529, 200]
[ADMIN] [5/5/2017 00:12] [PENJUALAN] CASHIER FORM : CALCULATE SUBTOTAL
[ADMIN] [5/5/2017 00:12] [PENJUALAN] CASHIER FORM : SUBTOTAL [200000]
[ADMIN] [5/5/2017 00:12] [PENJUALAN] CASHIER FORM : cashierDataGridView_CellValueChanged, subtotal value [200000]
[ADMIN] [5/5/2017 00:12] [PENJUALAN] CASHIER FORM : cashierDataGridView_CellValueChanged, attempt to calculate total value
[ADMIN] [5/5/2017 00:12] [PENJUALAN] CASHIER FORM : calculateTotal
[ADMIN] [5/5/2017 00:12] [PENJUALAN] CASHIER FORM : calculateTotal [200000]
[ADMIN] [5/5/2017 00:12] [PENJUALAN] CASHIER FORM : calculateTotal, totalAfterDisc [200000]
[ADMIN] [5/5/2017 00:12] [PENJUALAN] CASHIER FORM : calculateChangeValue, bayarTextBox.Text [0]
[ADMIN] [5/5/2017 00:12] [PENJUALAN] CASHIER FORM : calculateChangeValue, sisaBayar [0]
[ADMIN] [5/5/2017 00:12] [PENJUALAN] CASHIER FORM : Combobox_KeyUp, cashierDataGridView.CurrentCell.OwningColumn.Name  [qty]
[ADMIN] [5/5/2017 00:12] [PENJUALAN] CASHIER FORM : cashierDataGridView_CellValueChanged [qty]
[ADMIN] [5/5/2017 00:12] [PENJUALAN] CASHIER FORM : cashierDataGridView_CellValueChanged, previousInput [200]
[ADMIN] [5/5/2017 00:12] [PENJUALAN] CASHIER FORM : cashierDataGridView_CellValueChanged, dataGridViewTextBoxEditingControl.Text pass REGEX Checking
[ADMIN] [5/5/2017 00:12] [PENJUALAN] CASHIER FORM : CHECK STOCK QTY IS ENOUGH [RT001]
[ADMIN] [5/5/2017 00:12] [PENJUALAN] CASHIER FORM : CHECK STOCK QTY IS ENOUGH [529, 20]
[ADMIN] [5/5/2017 00:12] [PENJUALAN] CASHIER FORM : CALCULATE SUBTOTAL
[ADMIN] [5/5/2017 00:12] [PENJUALAN] CASHIER FORM : SUBTOTAL [20000]
[ADMIN] [5/5/2017 00:12] [PENJUALAN] CASHIER FORM : cashierDataGridView_CellValueChanged, subtotal value [20000]
[ADMIN] [5/5/2017 00:12] [PENJUALAN] CASHIER FORM : cashierDataGridView_CellValueChanged, attempt to calculate total value
[ADMIN] [5/5/2017 00:12] [PENJUALAN] CASHIER FORM : calculateTotal
[ADMIN] [5/5/2017 00:12] [PENJUALAN] CASHIER FORM : calculateTotal [20000]
[ADMIN] [5/5/2017 00:12] [PENJUALAN] CASHIER FORM : calculateTotal, totalAfterDisc [20000]
[ADMIN] [5/5/2017 00:12] [PENJUALAN] CASHIER FORM : calculateChangeValue, bayarTextBox.Text [0]
[ADMIN] [5/5/2017 00:12] [PENJUALAN] CASHIER FORM : calculateChangeValue, sisaBayar [0]
[ADMIN] [5/5/2017 00:12] [PENJUALAN] CASHIER FORM : Combobox_KeyUp, cashierDataGridView.CurrentCell.OwningColumn.Name  [qty]
[ADMIN] [5/5/2017 00:12] [PENJUALAN] CASHIER FORM : cashierDataGridView_CellValueChanged [qty]
[ADMIN] [5/5/2017 00:12] [PENJUALAN] CASHIER FORM : cashierDataGridView_CellValueChanged, previousInput [20]
[ADMIN] [5/5/2017 00:12] [PENJUALAN] CASHIER FORM : cashierDataGridView_CellValueChanged, dataGridViewTextBoxEditingControl.Text pass REGEX Checking
[ADMIN] [5/5/2017 00:12] [PENJUALAN] CASHIER FORM : CHECK STOCK QTY IS ENOUGH [RT001]
[ADMIN] [5/5/2017 00:12] [PENJUALAN] CASHIER FORM : CHECK STOCK QTY IS ENOUGH [529, 2]
[ADMIN] [5/5/2017 00:12] [PENJUALAN] CASHIER FORM : CALCULATE SUBTOTAL
[ADMIN] [5/5/2017 00:12] [PENJUALAN] CASHIER FORM : SUBTOTAL [2000]
[ADMIN] [5/5/2017 00:12] [PENJUALAN] CASHIER FORM : cashierDataGridView_CellValueChanged, subtotal value [2000]
[ADMIN] [5/5/2017 00:12] [PENJUALAN] CASHIER FORM : cashierDataGridView_CellValueChanged, attempt to calculate total value
[ADMIN] [5/5/2017 00:12] [PENJUALAN] CASHIER FORM : calculateTotal
[ADMIN] [5/5/2017 00:12] [PENJUALAN] CASHIER FORM : calculateTotal [2000]
[ADMIN] [5/5/2017 00:12] [PENJUALAN] CASHIER FORM : calculateTotal, totalAfterDisc [2000]
[ADMIN] [5/5/2017 00:12] [PENJUALAN] CASHIER FORM : calculateChangeValue, bayarTextBox.Text [0]
[ADMIN] [5/5/2017 00:12] [PENJUALAN] CASHIER FORM : calculateChangeValue, sisaBayar [0]
[ADMIN] [5/5/2017 00:12] [PENJUALAN] CASHIER FORM : Combobox_KeyUp, cashierDataGridView.CurrentCell.OwningColumn.Name  [qty]
[ADMIN] [5/5/2017 00:12] [PENJUALAN] CASHIER FORM : cashierDataGridView_CellValueChanged [qty]
[ADMIN] [5/5/2017 00:12] [PENJUALAN] CASHIER FORM : cashierDataGridView_CellValueChanged, previousInput [2]
[ADMIN] [5/5/2017 00:12] [PENJUALAN] CASHIER FORM : cashierDataGridView_CellValueChanged, dataGridViewTextBoxEditingControl.Text did not pass REGEX Checking
[ADMIN] [5/5/2017 00:12] [PENJUALAN] CASHIER FORM : CALCULATE SUBTOTAL
[ADMIN] [5/5/2017 00:12] [PENJUALAN] CASHIER FORM : SUBTOTAL [2000]
[ADMIN] [5/5/2017 00:12] [PENJUALAN] CASHIER FORM : cashierDataGridView_CellValueChanged, subtotal value [2000]
[ADMIN] [5/5/2017 00:12] [PENJUALAN] CASHIER FORM : cashierDataGridView_CellValueChanged, attempt to calculate total value
[ADMIN] [5/5/2017 00:12] [PENJUALAN] CASHIER FORM : calculateTotal
[ADMIN] [5/5/2017 00:12] [PENJUALAN] CASHIER FORM : calculateTotal [2000]
[ADMIN] [5/5/2017 00:12] [PENJUALAN] CASHIER FORM : calculateTotal, totalAfterDisc [2000]
[ADMIN] [5/5/2017 00:12] [PENJUALAN] CASHIER FORM : calculateChangeValue, bayarTextBox.Text [0]
[ADMIN] [5/5/2017 00:12] [PENJUALAN] CASHIER FORM : calculateChangeValue, sisaBayar [0]
[ADMIN] [5/5/2017 00:12] [PENJUALAN] CASHIER FORM : Combobox_KeyUp, cashierDataGridView.CurrentCell.OwningColumn.Name  [qty]
[ADMIN] [5/5/2017 00:12] [PENJUALAN] CASHIER FORM : cashierDataGridView_CellValueChanged [qty]
[ADMIN] [5/5/2017 00:12] [PENJUALAN] CASHIER FORM : cashierDataGridView_CellValueChanged, previousInput [2]
[ADMIN] [5/5/2017 00:12] [PENJUALAN] CASHIER FORM : cashierDataGridView_CellValueChanged, dataGridViewTextBoxEditingControl.Text did not pass REGEX Checking
[ADMIN] [5/5/2017 00:12] [PENJUALAN] CASHIER FORM : CALCULATE SUBTOTAL
[ADMIN] [5/5/2017 00:12] [PENJUALAN] CASHIER FORM : SUBTOTAL [2000]
[ADMIN] [5/5/2017 00:12] [PENJUALAN] CASHIER FORM : cashierDataGridView_CellValueChanged, subtotal value [2000]
[ADMIN] [5/5/2017 00:12] [PENJUALAN] CASHIER FORM : cashierDataGridView_CellValueChanged, attempt to calculate total value
[ADMIN] [5/5/2017 00:12] [PENJUALAN] CASHIER FORM : calculateTotal
[ADMIN] [5/5/2017 00:12] [PENJUALAN] CASHIER FORM : calculateTotal [2000]
[ADMIN] [5/5/2017 00:12] [PENJUALAN] CASHIER FORM : calculateTotal, totalAfterDisc [2000]
[ADMIN] [5/5/2017 00:12] [PENJUALAN] CASHIER FORM : calculateChangeValue, bayarTextBox.Text [0]
[ADMIN] [5/5/2017 00:12] [PENJUALAN] CASHIER FORM : calculateChangeValue, sisaBayar [0]
[ADMIN] [5/5/2017 00:12] [PENJUALAN] CASHIER FORM : Combobox_KeyUp, cashierDataGridView.CurrentCell.OwningColumn.Name  [qty]
[ADMIN] [5/5/2017 00:12] [PENJUALAN] CASHIER FORM : Combobox_KeyUp, cashierDataGridView.CurrentCell.OwningColumn.Name  [qty]
[ADMIN] [5/5/2017 00:12] [PENJUALAN] CASHIER FORM : Combobox_KeyUp, cashierDataGridView.CurrentCell.OwningColumn.Name  [qty]
[ADMIN] [5/5/2017 00:12] [PENJUALAN] CASHIER FORM : cashierDataGridView_CellValueChanged [qty]
[ADMIN] [5/5/2017 00:12] [PENJUALAN] CASHIER FORM : cashierDataGridView_CellValueChanged, previousInput [2]
[ADMIN] [5/5/2017 00:12] [PENJUALAN] CASHIER FORM : cashierDataGridView_CellValueChanged, dataGridViewTextBoxEditingControl.Text pass REGEX Checking
[ADMIN] [5/5/2017 00:12] [PENJUALAN] CASHIER FORM : CHECK STOCK QTY IS ENOUGH [RT001]
[ADMIN] [5/5/2017 00:12] [PENJUALAN] CASHIER FORM : CHECK STOCK QTY IS ENOUGH [529, 20]
[ADMIN] [5/5/2017 00:12] [PENJUALAN] CASHIER FORM : CALCULATE SUBTOTAL
[ADMIN] [5/5/2017 00:12] [PENJUALAN] CASHIER FORM : SUBTOTAL [20000]
[ADMIN] [5/5/2017 00:12] [PENJUALAN] CASHIER FORM : cashierDataGridView_CellValueChanged, subtotal value [20000]
[ADMIN] [5/5/2017 00:12] [PENJUALAN] CASHIER FORM : cashierDataGridView_CellValueChanged, attempt to calculate total value
[ADMIN] [5/5/2017 00:12] [PENJUALAN] CASHIER FORM : calculateTotal
[ADMIN] [5/5/2017 00:12] [PENJUALAN] CASHIER FORM : calculateTotal [20000]
[ADMIN] [5/5/2017 00:12] [PENJUALAN] CASHIER FORM : calculateTotal, totalAfterDisc [20000]
[ADMIN] [5/5/2017 00:12] [PENJUALAN] CASHIER FORM : calculateChangeValue, bayarTextBox.Text [0]
[ADMIN] [5/5/2017 00:12] [PENJUALAN] CASHIER FORM : calculateChangeValue, sisaBayar [0]
[ADMIN] [5/5/2017 00:12] [PENJUALAN] CASHIER FORM : Combobox_KeyUp, cashierDataGridView.CurrentCell.OwningColumn.Name  [qty]
[ADMIN] [5/5/2017 00:12] [PENJUALAN] CASHIER FORM : cashierDataGridView_CellValueChanged [qty]
[ADMIN] [5/5/2017 00:12] [PENJUALAN] CASHIER FORM : cashierDataGridView_CellValueChanged, previousInput [20]
[ADMIN] [5/5/2017 00:12] [PENJUALAN] CASHIER FORM : cashierDataGridView_CellValueChanged, dataGridViewTextBoxEditingControl.Text pass REGEX Checking
[ADMIN] [5/5/2017 00:12] [PENJUALAN] CASHIER FORM : CHECK STOCK QTY IS ENOUGH [RT001]
[ADMIN] [5/5/2017 00:12] [PENJUALAN] CASHIER FORM : CHECK STOCK QTY IS ENOUGH [529, 200]
[ADMIN] [5/5/2017 00:12] [PENJUALAN] CASHIER FORM : CALCULATE SUBTOTAL
[ADMIN] [5/5/2017 00:12] [PENJUALAN] CASHIER FORM : SUBTOTAL [200000]
[ADMIN] [5/5/2017 00:12] [PENJUALAN] CASHIER FORM : cashierDataGridView_CellValueChanged, subtotal value [200000]
[ADMIN] [5/5/2017 00:12] [PENJUALAN] CASHIER FORM : cashierDataGridView_CellValueChanged, attempt to calculate total value
[ADMIN] [5/5/2017 00:12] [PENJUALAN] CASHIER FORM : calculateTotal
[ADMIN] [5/5/2017 00:12] [PENJUALAN] CASHIER FORM : calculateTotal [200000]
[ADMIN] [5/5/2017 00:12] [PENJUALAN] CASHIER FORM : calculateTotal, totalAfterDisc [200000]
[ADMIN] [5/5/2017 00:12] [PENJUALAN] CASHIER FORM : calculateChangeValue, bayarTextBox.Text [0]
[ADMIN] [5/5/2017 00:12] [PENJUALAN] CASHIER FORM : calculateChangeValue, sisaBayar [0]
[ADMIN] [5/5/2017 00:12] [PENJUALAN] CASHIER FORM : Combobox_KeyUp, cashierDataGridView.CurrentCell.OwningColumn.Name  [qty]
[ADMIN] [5/5/2017 00:12] [PENJUALAN] CASHIER FORM : DISPLAY PELANGGAN FORM
[ADMIN] [5/5/2017 00:12] [PENJUALAN] CASHIER FORM : UNREGISTER HOTKEY
[ADMIN] [5/5/2017 00:12] [PENJUALAN] CASHIER FORM : SELECTED CUSTOMER ID [1]
[ADMIN] [5/5/2017 00:12] [PENJUALAN] CASHIER FORM : ATTEMPT TO SET CUSTOMER PROFILE
[ADMIN] [5/5/2017 00:12] [PENJUALAN] CASHIER FORM : SET CUSTOMER PROFILE [ANDRI]
[ADMIN] [5/5/2017 00:12] [PENJUALAN] CASHIER FORM : CUSTOMER GROUP [P-UMUM [ECER]]
[ADMIN] [5/5/2017 00:12] [PENJUALAN] CASHIER FORM : FINISHED SET CUSTOMER PROFILE
[ADMIN] [5/5/2017 00:12] [PENJUALAN] CASHIER FORM : ATTEMPT TO REFRESH PRODUCT PRICE
[ADMIN] [5/5/2017 00:12] [PENJUALAN] CASHIER FORM : PRODUCT PRICE TYPE [PRODUCT_RETAIL_PRICE]
[ADMIN] [5/5/2017 00:12] [PENJUALAN] CASHIER FORM : PRODUCT PRICE [1000]
[ADMIN] [5/5/2017 00:12] [PENJUALAN] CASHIER FORM : CHECK IF THERE'S ANY ENTRY IN THE PRODUCT DISC
[ADMIN] [5/5/2017 00:12] [PENJUALAN] CASHIER FORM : ENTRY IN THE PRODUCT DISC FOUND, RETRIEVE THE DISC VALUE
[ADMIN] [5/5/2017 00:12] [PENJUALAN] CASHIER FORM : cashierDataGridView_CellValueChanged [disc1]
[ADMIN] [5/5/2017 00:12] [PENJUALAN] CASHIER FORM : cashierDataGridView_CellValueChanged, previousInput [0]
[ADMIN] [5/5/2017 00:12] [PENJUALAN] CASHIER FORM : cashierDataGridView_CellValueChanged [disc2]
[ADMIN] [5/5/2017 00:12] [PENJUALAN] CASHIER FORM : cashierDataGridView_CellValueChanged, previousInput [0]
[ADMIN] [5/5/2017 00:12] [PENJUALAN] CASHIER FORM : cashierDataGridView_CellValueChanged [discRP]
[ADMIN] [5/5/2017 00:12] [PENJUALAN] CASHIER FORM : cashierDataGridView_CellValueChanged, previousInput [0]
[ADMIN] [5/5/2017 00:12] [PENJUALAN] CASHIER FORM : DISC FOUND [0, 0, 0]
[ADMIN] [5/5/2017 00:12] [PENJUALAN] CASHIER FORM : CALCULATE SUBTOTAL
[ADMIN] [5/5/2017 00:12] [PENJUALAN] CASHIER FORM : SUBTOTAL [200000]
[ADMIN] [5/5/2017 00:12] [PENJUALAN] CASHIER FORM : calculateTotal
[ADMIN] [5/5/2017 00:12] [PENJUALAN] CASHIER FORM : calculateTotal [200000]
[ADMIN] [5/5/2017 00:12] [PENJUALAN] CASHIER FORM : calculateTotal, totalAfterDisc [200000]
[ADMIN] [5/5/2017 00:12] [PENJUALAN] CASHIER FORM : calculateChangeValue, bayarTextBox.Text [0]
[ADMIN] [5/5/2017 00:12] [PENJUALAN] CASHIER FORM : calculateChangeValue, sisaBayar [0]
[ADMIN] [5/5/2017 00:12] [PENJUALAN] CASHIER FORM : PRODUCT PRICE REFRESHED
[ADMIN] [5/5/2017 00:12] [PENJUALAN] CASHIER FORM : REGISTER HOTKEY
[ADMIN] [5/5/2017 00:12] [PENJUALAN] CASHIER FORM : discJualMaskedTextBox_Validating, totalAfterDisc [199999]
[ADMIN] [5/5/2017 00:12] [PENJUALAN] CASHIER FORM : calculateChangeValue, bayarTextBox.Text [0]
[ADMIN] [5/5/2017 00:12] [PENJUALAN] CASHIER FORM : calculateChangeValue, sisaBayar [0]
[ADMIN] [5/5/2017 00:12] [PENJUALAN] CASHIER FORM : discJualMaskedTextBox_Validating, totalAfterDisc [199990]
[ADMIN] [5/5/2017 00:12] [PENJUALAN] CASHIER FORM : calculateChangeValue, bayarTextBox.Text [0]
[ADMIN] [5/5/2017 00:12] [PENJUALAN] CASHIER FORM : calculateChangeValue, sisaBayar [0]
[ADMIN] [5/5/2017 00:12] [PENJUALAN] CASHIER FORM : discJualMaskedTextBox_Validating, totalAfterDisc [199900]
[ADMIN] [5/5/2017 00:12] [PENJUALAN] CASHIER FORM : calculateChangeValue, bayarTextBox.Text [0]
[ADMIN] [5/5/2017 00:12] [PENJUALAN] CASHIER FORM : calculateChangeValue, sisaBayar [0]
[ADMIN] [5/5/2017 00:12] [PENJUALAN] CASHIER FORM : discJualMaskedTextBox_Validating, totalAfterDisc [199000]
[ADMIN] [5/5/2017 00:12] [PENJUALAN] CASHIER FORM : calculateChangeValue, bayarTextBox.Text [0]
[ADMIN] [5/5/2017 00:12] [PENJUALAN] CASHIER FORM : calculateChangeValue, sisaBayar [0]
[ADMIN] [5/5/2017 00:12] [PENJUALAN] CASHIER FORM : calculateChangeValue, bayarTextBox.Text [5]
[ADMIN] [5/5/2017 00:12] [PENJUALAN] CASHIER FORM : calculateChangeValue, sisaBayar [0]
[ADMIN] [5/5/2017 00:12] [PENJUALAN] CASHIER FORM : calculateChangeValue, bayarTextBox.Text [50]
[ADMIN] [5/5/2017 00:12] [PENJUALAN] CASHIER FORM : calculateChangeValue, sisaBayar [0]
[ADMIN] [5/5/2017 00:12] [PENJUALAN] CASHIER FORM : calculateChangeValue, bayarTextBox.Text [500]
[ADMIN] [5/5/2017 00:12] [PENJUALAN] CASHIER FORM : calculateChangeValue, sisaBayar [0]
[ADMIN] [5/5/2017 00:12] [PENJUALAN] CASHIER FORM : calculateChangeValue, bayarTextBox.Text [5000]
[ADMIN] [5/5/2017 00:12] [PENJUALAN] CASHIER FORM : calculateChangeValue, sisaBayar [0]
[ADMIN] [5/5/2017 00:12] [PENJUALAN] CASHIER FORM : calculateChangeValue, bayarTextBox.Text [50000]
[ADMIN] [5/5/2017 00:12] [PENJUALAN] CASHIER FORM : calculateChangeValue, sisaBayar [0]
[ADMIN] [5/5/2017 00:12] [PENJUALAN] CASHIER FORM : HOTKEY TO SAVE AND PRINT OUT INVOICE PRESSED
[ADMIN] [5/5/2017 00:12] [PENJUALAN] CASHIER FORM : UNREGISTER HOTKEY
[ADMIN] [5/5/2017 00:12] [PENJUALAN] CASHIER FORM : REGISTER HOTKEY
[ADMIN] [5/5/2017 00:12] [PENJUALAN] ATTEMPT TO SAVE AND PRINT OUT INVOICE
[ADMIN] [5/5/2017 00:12] [PENJUALAN] CASHIER FORM : CHECK STOCK QTY IS ENOUGH [RT001]
[ADMIN] [5/5/2017 00:12] [PENJUALAN] CASHIER FORM : UNREGISTER HOTKEY
[ADMIN] [5/5/2017 00:12] [PENJUALAN] CASHIER FORM : ATTEMPT TO SAVE SALES DATA [05-05-2017 00:12]
[ADMIN] [5/5/2017 00:12] [PENJUALAN] CASHIER FORM : SALES DISC FINAL [Rp1.000]
[ADMIN] [5/5/2017 00:12] [PENJUALAN] CASHIER FORM : NON CASH - SALES DUE DATE [25-05-2017]
[ADMIN] [5/5/2017 00:12] [PENJUALAN] CHECK IF TAX LIMIT SET FOR PERCENTAGE PURCHASE [0]
[ADMIN] [5/5/2017 00:12] [PENJUALAN] CHECK IF TAX LIMIT SET FOR AVERAGE DAILY PURCHASE [0]
[ADMIN] [5/5/2017 00:12] [PENJUALAN] CASHIER FORM : NO FAKTUR [SLO001]
[ADMIN] [5/5/2017 00:12] [PENJUALAN] CASHIER FORM : MAX SALES INVOICE [6]
[ADMIN] [5/5/2017 00:12] [PENJUALAN] CASHIER FORM : SALES INVOICE [SLO001-7]
[ADMIN] [5/5/2017 00:12] [PENJUALAN] INSERT INTO SALES HEADER [SLO001-7]
[ADMIN] [5/5/2017 00:12] [PENJUALAN] INSERT INTO SALES DETAIL[RT001, 1000, 200]
[ADMIN] [5/5/2017 00:12] [PENJUALAN] UPDATE CUSTOMER PRODUCT DISC [RT001]
[ADMIN] [5/5/2017 00:12] [PENJUALAN] INSERT TO CREDIT TABLE [SLO001-7]
[ADMIN] [5/5/2017 00:12] [PENJUALAN] INSERT TO DAILY JOURNAL TABLE [50000]
[ADMIN] [5/5/2017 00:12] [PENJUALAN] CASHIER FORM : REGISTER HOTKEY
[ADMIN] [5/5/2017 00:12] [PENJUALAN] TRANSACTION SAVED
[ADMIN] [5/5/2017 00:12] [PENJUALAN] PRINT OUT INVOICE
[ADMIN] [5/5/2017 00:12] [PENJUALAN] CASHIER FORM : PrintReceipt
[ADMIN] [5/5/2017 00:12] [PENJUALAN] CASHIER FORM : PrintReceipt, POS size Paper
[ADMIN] [5/5/2017 00:12] [PENJUALAN] CASHIER FORM : printDocument1_PrintPage, print POS size receipt
[ADMIN] [5/5/2017 00:12] [PENJUALAN] CASHIER FORM : calculatePageLength, totalLengthPage [341]
[ADMIN] [5/5/2017 00:12] [PENJUALAN] CASHIER FORM : UNREGISTER HOTKEY
[ADMIN] [5/5/2017 00:12] [PENJUALAN] CASHIER FORM : printDocument1_PrintPage, print POS size receipt
[ADMIN] [5/5/2017 00:12] [PENJUALAN] CASHIER FORM : loadNamaUser
[ADMIN] [5/5/2017 00:12] [PENJUALAN] CASHIER FORM : REGISTER HOTKEY
[ADMIN] [5/5/2017 00:12] [PENJUALAN] CASHIER FORM : UNREGISTER HOTKEY
[ADMIN] [5/5/2017 00:12] [PENJUALAN] CASHIER FORM : REGISTER HOTKEY
[ADMIN] [5/5/2017 00:12] [PENJUALAN] CASHIER FORM : UNREGISTER HOTKEY
[ADMIN] [5/5/2017 00:12] [PENJUALAN] CASHIER FORM : REGISTER HOTKEY
[ADMIN] [5/5/2017 00:12] [PENJUALAN] CASHIER FORM : UPDATE ROW NUMBER, TOTAL ROW [1]
[ADMIN] [5/5/2017 00:12] [PENJUALAN] CASHIER FORM : cashierDataGridView_CellValueChanged [F8]
[ADMIN] [5/5/2017 00:12] [PENJUALAN] CASHIER FORM : UNREGISTER HOTKEY
[ADMIN] [5/5/2017 00:13] [PENJUALAN] CASHIER FORM : REGISTER HOTKEY
[ADMIN] [5/5/2017 00:13] [PENJUALAN] CASHIER FORM : UNREGISTER HOTKEY
[ADMIN] [5/5/2017 00:13] [PENJUALAN] CASHIER FORM : UNREGISTER HOTKEY
[ADMIN] [5/5/2017 00:13] [] USER ID = 1LOGOUT
