[] [5/5/2017 11:39] [] USER = ADMIN IS ACTIVE
[ADMIN] [5/5/2017 11:39] [] USER ID = 1 LOGIN SUCCESSFULLY
[ADMIN] [5/5/2017 11:39] [] ACTIVATE USER ACCESS RIGHT
[ADMIN] [5/5/2017 11:39] [] DISPLAY ADMIN FORM
[ADMIN] [5/5/2017 11:39] [] adminForm Load
[ADMIN] [5/5/2017 11:39] [] ACTIVATE USER ACCESS RIGHT
[ADMIN] [5/5/2017 11:39] [PENJUALAN] CASHIER FORM : REGISTER HOTKEY
[ADMIN] [5/5/2017 11:39] [PENJUALAN] CASHIER FORM : cashierForm_Load, ATTEMPT TO LOAD NO FAKTUR
[ADMIN] [5/5/2017 11:39] [PENJUALAN] CASHIER FORM : loadNoFaktur, noFakturValue [SLO001]
[ADMIN] [5/5/2017 11:39] [PENJUALAN] CASHIER FORM : cashierForm_Load, ATTEMPT TO addColumnToDataGrid
[ADMIN] [5/5/2017 11:39] [PENJUALAN] CASHIER FORM : UPDATE ROW NUMBER, TOTAL ROW [1]
[ADMIN] [5/5/2017 11:39] [PENJUALAN] CASHIER FORM : cashierDataGridView_CellValueChanged [F8]
[ADMIN] [5/5/2017 11:40] [PENJUALAN] CASHIER FORM : ADD NEW ROW,  isActive [True]
[ADMIN] [5/5/2017 11:40] [PENJUALAN] CASHIER FORM : ADD NEW ROW,  ROW COUNT [1]
[ADMIN] [5/5/2017 11:40] [PENJUALAN] CASHIER FORM : ADD NEW ROW,  ALLOW TO ADD [True]
[ADMIN] [5/5/2017 11:40] [PENJUALAN] CASHIER FORM : UPDATE ROW NUMBER, TOTAL ROW [2]
[ADMIN] [5/5/2017 11:40] [PENJUALAN] CASHIER FORM : REGISTER HOTKEY
[ADMIN] [5/5/2017 11:40] [PENJUALAN] CASHIER FORM : UNREGISTER HOTKEY
[ADMIN] [5/5/2017 11:40] [PENJUALAN] CASHIER FORM : REGISTER HOTKEY
[ADMIN] [5/5/2017 11:41] [PENJUALAN] CASHIER FORM : calculateChangeValue, bayarTextBox.Text [10000]
[ADMIN] [5/5/2017 11:41] [PENJUALAN] CASHIER FORM : calculateChangeValue, sisaBayar [0]
[ADMIN] [5/5/2017 11:41] [PENJUALAN] CASHIER FORM : UNREGISTER HOTKEY
[ADMIN] [5/5/2017 11:41] [PENJUALAN] CASHIER FORM : REGISTER HOTKEY
[ADMIN] [5/5/2017 11:41] [PENJUALAN] CASHIER FORM : discJualMaskedTextBox_Validating, totalAfterDisc [19000]
[ADMIN] [5/5/2017 11:41] [PENJUALAN] CASHIER FORM : calculateChangeValue, bayarTextBox.Text [Rp10.000]
[ADMIN] [5/5/2017 11:41] [PENJUALAN] CASHIER FORM : calculateChangeValue, sisaBayar [0]
[ADMIN] [5/5/2017 11:41] [PENJUALAN] CASHIER FORM : UNREGISTER HOTKEY
[ADMIN] [5/5/2017 11:41] [PENJUALAN] CASHIER FORM : REGISTER HOTKEY
[ADMIN] [5/5/2017 11:41] [PENJUALAN] CASHIER FORM : discJualMaskedTextBox_Validating, totalAfterDisc [19998]
[ADMIN] [5/5/2017 11:41] [PENJUALAN] CASHIER FORM : calculateChangeValue, bayarTextBox.Text [Rp10.000]
[ADMIN] [5/5/2017 11:41] [PENJUALAN] CASHIER FORM : calculateChangeValue, sisaBayar [0]
[ADMIN] [5/5/2017 11:41] [PENJUALAN] CASHIER FORM : UNREGISTER HOTKEY
[ADMIN] [5/5/2017 11:41] [PENJUALAN] CASHIER FORM : UNREGISTER HOTKEY
[ADMIN] [5/5/2017 11:42] [PENJUALAN] CASHIER FORM : REGISTER HOTKEY
[ADMIN] [5/5/2017 11:42] [PENJUALAN] CASHIER FORM : cashierForm_Load, ATTEMPT TO LOAD NO FAKTUR
[ADMIN] [5/5/2017 11:42] [PENJUALAN] CASHIER FORM : loadNoFaktur, noFakturValue [SLO001]
[ADMIN] [5/5/2017 11:42] [PENJUALAN] CASHIER FORM : cashierForm_Load, ATTEMPT TO addColumnToDataGrid
[ADMIN] [5/5/2017 11:42] [PENJUALAN] CASHIER FORM : UPDATE ROW NUMBER, TOTAL ROW [1]
[ADMIN] [5/5/2017 11:42] [PENJUALAN] CASHIER FORM : cashierDataGridView_CellValueChanged [F8]
[ADMIN] [5/5/2017 11:42] [PENJUALAN] CASHIER FORM : ADD NEW ROW,  isActive [True]
[ADMIN] [5/5/2017 11:42] [PENJUALAN] CASHIER FORM : ADD NEW ROW,  ROW COUNT [1]
[ADMIN] [5/5/2017 11:42] [PENJUALAN] CASHIER FORM : ADD NEW ROW,  ALLOW TO ADD [True]
[ADMIN] [5/5/2017 11:42] [PENJUALAN] CASHIER FORM : UPDATE ROW NUMBER, TOTAL ROW [2]
[ADMIN] [5/5/2017 11:42] [PENJUALAN] CASHIER FORM : REGISTER HOTKEY
[ADMIN] [5/5/2017 11:42] [PENJUALAN] CASHIER FORM : UNREGISTER HOTKEY
[ADMIN] [5/5/2017 11:42] [PENJUALAN] CASHIER FORM : REGISTER HOTKEY
[ADMIN] [5/5/2017 11:42] [PENJUALAN] CASHIER FORM : calculateChangeValue, bayarTextBox.Text [50000]
[ADMIN] [5/5/2017 11:42] [PENJUALAN] CASHIER FORM : calculateChangeValue, sisaBayar [0]
[ADMIN] [5/5/2017 11:42] [PENJUALAN] CASHIER FORM : discJualMaskedTextBox_Validating, totalAfterDisc [199000]
[ADMIN] [5/5/2017 11:42] [PENJUALAN] CASHIER FORM : calculateChangeValue, bayarTextBox.Text [Rp50.000]
[ADMIN] [5/5/2017 11:42] [PENJUALAN] CASHIER FORM : calculateChangeValue, sisaBayar [0]
[ADMIN] [5/5/2017 11:42] [PENJUALAN] CASHIER FORM : calculateChangeValue, bayarTextBox.Text [50000]
[ADMIN] [5/5/2017 11:42] [PENJUALAN] CASHIER FORM : calculateChangeValue, sisaBayar [0]
[ADMIN] [5/5/2017 11:42] [PENJUALAN] CASHIER FORM : discJualMaskedTextBox_Validating, totalAfterDisc [199000]
[ADMIN] [5/5/2017 11:42] [PENJUALAN] CASHIER FORM : calculateChangeValue, bayarTextBox.Text [Rp50.000]
[ADMIN] [5/5/2017 11:42] [PENJUALAN] CASHIER FORM : calculateChangeValue, sisaBayar [0]
[ADMIN] [5/5/2017 11:42] [PENJUALAN] CASHIER FORM : UNREGISTER HOTKEY
[ADMIN] [5/5/2017 11:42] [PENJUALAN] CASHIER FORM : UNREGISTER HOTKEY
[ADMIN] [5/5/2017 11:42] [] USER ID = 1LOGOUT
