[] [5/20/2017 11:31] [] USER = ADMIN IS ACTIVE
[ADMIN] [5/20/2017 11:31] [] USER ID = 1 LOGIN SUCCESSFULLY
[ADMIN] [5/20/2017 11:31] [] ACTIVATE USER ACCESS RIGHT
[ADMIN] [5/20/2017 11:31] [] DISPLAY ADMIN FORM
[ADMIN] [5/20/2017 11:31] [] adminForm Load
[ADMIN] [5/20/2017 11:31] [] ACTIVATE USER ACCESS RIGHT
[] [5/21/2017 23:46] [] USER = ADMIN IS ACTIVE
[] [5/21/2017 23:46] [] USER = ADMIN IS ACTIVE
[ADMIN] [5/21/2017 23:46] [] USER ID = 1 LOGIN SUCCESSFULLY
[ADMIN] [5/21/2017 23:46] [] ACTIVATE USER ACCESS RIGHT
[ADMIN] [5/21/2017 23:47] [] DISPLAY ADMIN FORM
[ADMIN] [5/21/2017 23:47] [] adminForm Load
[ADMIN] [5/21/2017 23:47] [] ACTIVATE USER ACCESS RIGHT
[] [5/21/2017 23:53] [] USER = ADMIN IS ACTIVE
[ADMIN] [5/21/2017 23:53] [] USER ID = 1 LOGIN SUCCESSFULLY
[ADMIN] [5/21/2017 23:53] [] ACTIVATE USER ACCESS RIGHT
[ADMIN] [5/21/2017 23:53] [] DISPLAY ADMIN FORM
[ADMIN] [5/21/2017 23:53] [] adminForm Load
[ADMIN] [5/21/2017 23:53] [] ACTIVATE USER ACCESS RIGHT
[ADMIN] [5/21/2017 23:53] [] [SYNC] FINISHED SYNC DATA MASTER_UNIT
[ADMIN] [5/21/2017 23:53] [] [SYNC] FINISHED SYNC DATA MASTER_CATEGORY
[ADMIN] [5/21/2017 23:53] [] [SYNC] FINISHED SYNC DATA PRODUCT_CATEGORY
[ADMIN] [5/21/2017 23:53] [] [SYNC] FINISHED SYNC DATA MASTER_PRODUCT
[ADMIN] [5/21/2017 23:54] [] [SYNC] FINISHED SYNC DATA MASTER_UNIT
[ADMIN] [5/21/2017 23:54] [] [SYNC] FINISHED SYNC DATA MASTER_CATEGORY
[ADMIN] [5/21/2017 23:54] [] [SYNC] FINISHED SYNC DATA PRODUCT_CATEGORY
[ADMIN] [5/21/2017 23:54] [] [SYNC] FINISHED SYNC DATA MASTER_PRODUCT
[] [5/22/2017 00:03] [] USER = ADMIN IS ACTIVE
[ADMIN] [5/22/2017 00:03] [] USER ID = 1 LOGIN SUCCESSFULLY
[ADMIN] [5/22/2017 00:03] [] ACTIVATE USER ACCESS RIGHT
[ADMIN] [5/22/2017 00:03] [] DISPLAY ADMIN FORM
[ADMIN] [5/22/2017 00:03] [] adminForm Load
[ADMIN] [5/22/2017 00:03] [] ACTIVATE USER ACCESS RIGHT
[] [5/22/2017 00:09] [] USER = ADMIN IS ACTIVE
[ADMIN] [5/22/2017 00:09] [] USER ID = 1 LOGIN SUCCESSFULLY
[ADMIN] [5/22/2017 00:09] [] ACTIVATE USER ACCESS RIGHT
[ADMIN] [5/22/2017 00:09] [] DISPLAY ADMIN FORM
[ADMIN] [5/22/2017 00:09] [] adminForm Load
[ADMIN] [5/22/2017 00:09] [] ACTIVATE USER ACCESS RIGHT
[ADMIN] [5/22/2017 00:10] [] USER ID = 1LOGOUT
