[] [5/3/2017 00:34] [] USER = ADMIN IS ACTIVE
[ADMIN] [5/3/2017 00:34] [] USER ID = 1 LOGIN SUCCESSFULLY
[ADMIN] [5/3/2017 00:34] [] ACTIVATE USER ACCESS RIGHT
[ADMIN] [5/3/2017 00:34] [] DISPLAY ADMIN FORM
[ADMIN] [5/3/2017 00:34] [] adminForm Load
[ADMIN] [5/3/2017 00:34] [] ACTIVATE USER ACCESS RIGHT
[ADMIN] [5/3/2017 00:35] [] [TUTUP TOKO] FAILED TO CONNECT TO CENTRAL HQ
[ADMIN] [5/3/2017 00:35] [] USER ID = 1LOGOUT
[ADMIN] [5/3/2017 00:35] [] USER = ADMIN IS ACTIVE
[ADMIN] [5/3/2017 00:35] [] USER ID = 1 LOGIN SUCCESSFULLY
[ADMIN] [5/3/2017 00:35] [] ACTIVATE USER ACCESS RIGHT
[ADMIN] [5/3/2017 00:35] [] DISPLAY ADMIN FORM
[ADMIN] [5/3/2017 00:35] [] adminForm Load
[ADMIN] [5/3/2017 00:35] [] ACTIVATE USER ACCESS RIGHT
[] [5/3/2017 00:38] [] USER = ADMIN IS ACTIVE
[ADMIN] [5/3/2017 00:38] [] USER ID = 1 LOGIN SUCCESSFULLY
[ADMIN] [5/3/2017 00:38] [] ACTIVATE USER ACCESS RIGHT
[ADMIN] [5/3/2017 00:38] [] DISPLAY ADMIN FORM
[ADMIN] [5/3/2017 00:38] [] adminForm Load
[ADMIN] [5/3/2017 00:38] [] ACTIVATE USER ACCESS RIGHT
[ADMIN] [5/3/2017 00:38] [] [TUTUP TOKO] FAILED TO CONNECT TO CENTRAL HQ
[ADMIN] [5/3/2017 00:38] [] USER ID = 1LOGOUT
[ADMIN] [5/3/2017 00:39] [] USER = ADMIN IS ACTIVE
[ADMIN] [5/3/2017 00:39] [] USER ID = 1 LOGIN SUCCESSFULLY
[ADMIN] [5/3/2017 00:39] [] ACTIVATE USER ACCESS RIGHT
[ADMIN] [5/3/2017 00:39] [] DISPLAY ADMIN FORM
[ADMIN] [5/3/2017 00:39] [] adminForm Load
[ADMIN] [5/3/2017 00:39] [] ACTIVATE USER ACCESS RIGHT
[ADMIN] [5/3/2017 00:39] [PENJUALAN] CASHIER FORM : REGISTER HOTKEY
[ADMIN] [5/3/2017 00:39] [PENJUALAN] CASHIER FORM : cashierForm_Load, ATTEMPT TO LOAD NO FAKTUR
[ADMIN] [5/3/2017 00:39] [PENJUALAN] CASHIER FORM : loadNoFaktur, noFakturValue [SLO001]
[ADMIN] [5/3/2017 00:39] [PENJUALAN] CASHIER FORM : cashierForm_Load, ATTEMPT TO addColumnToDataGrid
[ADMIN] [5/3/2017 00:39] [PENJUALAN] CASHIER FORM : UPDATE ROW NUMBER, TOTAL ROW [1]
[ADMIN] [5/3/2017 00:39] [PENJUALAN] CASHIER FORM : cashierDataGridView_CellValueChanged [F8]
[ADMIN] [5/3/2017 00:39] [PENJUALAN] CASHIER FORM : ADD NEW ROW,  isActive [True]
[ADMIN] [5/3/2017 00:39] [PENJUALAN] CASHIER FORM : ADD NEW ROW,  ROW COUNT [1]
[ADMIN] [5/3/2017 00:39] [PENJUALAN] CASHIER FORM : ADD NEW ROW,  ALLOW TO ADD [True]
[ADMIN] [5/3/2017 00:39] [PENJUALAN] CASHIER FORM : UPDATE ROW NUMBER, TOTAL ROW [2]
[ADMIN] [5/3/2017 00:39] [PENJUALAN] CASHIER FORM : calculateChangeValue, bayarTextBox.Text [Rp1.000,00]
[ADMIN] [5/3/2017 00:39] [PENJUALAN] CASHIER FORM : calculateChangeValue, sisaBayar [0]
[ADMIN] [5/3/2017 00:39] [PENJUALAN] CASHIER FORM : REGISTER HOTKEY
[ADMIN] [5/3/2017 00:39] [PENJUALAN] CASHIER FORM : UNREGISTER HOTKEY
[ADMIN] [5/3/2017 00:39] [PENJUALAN] CASHIER FORM : REGISTER HOTKEY
[ADMIN] [5/3/2017 00:39] [PENJUALAN] ATTEMPT TO SAVE AND PRINT OUT INVOICE
[ADMIN] [5/3/2017 00:39] [PENJUALAN] CASHIER FORM : UNREGISTER HOTKEY
[ADMIN] [5/3/2017 00:39] [PENJUALAN] CASHIER FORM : ATTEMPT TO SAVE SALES DATA [02-05-2017 14:34]
[ADMIN] [5/3/2017 00:39] [PENJUALAN] CASHIER FORM : SALES DISC FINAL [0]
[ADMIN] [5/3/2017 00:39] [PENJUALAN] CASHIER FORM : CASH SALES
[ADMIN] [5/3/2017 00:39] [PENJUALAN] UPDATE SALES QUOTATION HEADER [SQ-1]
[ADMIN] [5/3/2017 00:39] [PENJUALAN] CLEAR SALES_QUOTATION_DETAIL [SQ-1]
[ADMIN] [5/3/2017 00:39] [PENJUALAN] INSERT INTO SALES QUOTATION DETAIL[RT001, 1000, 5]
[ADMIN] [5/3/2017 00:39] [PENJUALAN] CASHIER FORM : REGISTER HOTKEY
[ADMIN] [5/3/2017 00:39] [PENJUALAN] TRANSACTION SAVED
[ADMIN] [5/3/2017 00:39] [PENJUALAN] SAVE DP PAYMENT TO PAYMENT CREDIT
[ADMIN] [5/3/2017 00:39] [PENJUALAN] CASHIER FORM : UNREGISTER HOTKEY
[ADMIN] [5/3/2017 00:39] [PENJUALAN] CASHIER FORM : REGISTER HOTKEY
[ADMIN] [5/3/2017 00:39] [PENJUALAN] SAVE DP PAYMENT TO PAYMENT CREDIT FAILED
[ADMIN] [5/3/2017 00:39] [PENJUALAN] PRINT OUT INVOICE
[ADMIN] [5/3/2017 00:39] [PENJUALAN] CASHIER FORM : PrintReceipt
[ADMIN] [5/3/2017 00:39] [PENJUALAN] CASHIER FORM : PrintReceipt, POS size Paper
[ADMIN] [5/3/2017 00:39] [PENJUALAN] CASHIER FORM : printDocument1_PrintPage, print POS size receipt
[ADMIN] [5/3/2017 00:39] [PENJUALAN] CASHIER FORM : calculatePageLength, totalLengthPage [355]
[ADMIN] [5/3/2017 00:39] [PENJUALAN] CASHIER FORM : UNREGISTER HOTKEY
[ADMIN] [5/3/2017 00:39] [PENJUALAN] CASHIER FORM : printDocument1_PrintPage, print POS size receipt
[ADMIN] [5/3/2017 00:39] [PENJUALAN] CASHIER FORM : loadNamaUser
[ADMIN] [5/3/2017 00:39] [PENJUALAN] CASHIER FORM : REGISTER HOTKEY
[ADMIN] [5/3/2017 00:39] [PENJUALAN] CASHIER FORM : UNREGISTER HOTKEY
[ADMIN] [5/3/2017 00:39] [PENJUALAN] CASHIER FORM : REGISTER HOTKEY
[ADMIN] [5/3/2017 00:39] [PENJUALAN] CASHIER FORM : UNREGISTER HOTKEY
[ADMIN] [5/3/2017 00:39] [PENJUALAN] CASHIER FORM : UNREGISTER HOTKEY
[ADMIN] [5/3/2017 00:41] [PENJUALAN] CASHIER FORM : REGISTER HOTKEY
[ADMIN] [5/3/2017 00:41] [PENJUALAN] CASHIER FORM : cashierForm_Load, ATTEMPT TO LOAD NO FAKTUR
[ADMIN] [5/3/2017 00:41] [PENJUALAN] CASHIER FORM : loadNoFaktur, noFakturValue [SLO001]
[ADMIN] [5/3/2017 00:41] [PENJUALAN] CASHIER FORM : cashierForm_Load, ATTEMPT TO addColumnToDataGrid
[ADMIN] [5/3/2017 00:41] [PENJUALAN] CASHIER FORM : UPDATE ROW NUMBER, TOTAL ROW [1]
[ADMIN] [5/3/2017 00:41] [PENJUALAN] CASHIER FORM : cashierDataGridView_CellValueChanged [F8]
[ADMIN] [5/3/2017 00:41] [PENJUALAN] CASHIER FORM : ADD NEW ROW,  isActive [True]
[ADMIN] [5/3/2017 00:41] [PENJUALAN] CASHIER FORM : ADD NEW ROW,  ROW COUNT [1]
[ADMIN] [5/3/2017 00:41] [PENJUALAN] CASHIER FORM : ADD NEW ROW,  ALLOW TO ADD [True]
[ADMIN] [5/3/2017 00:41] [PENJUALAN] CASHIER FORM : UPDATE ROW NUMBER, TOTAL ROW [2]
[ADMIN] [5/3/2017 00:41] [PENJUALAN] CASHIER FORM : calculateChangeValue, bayarTextBox.Text [Rp1.000,00]
[ADMIN] [5/3/2017 00:41] [PENJUALAN] CASHIER FORM : calculateChangeValue, sisaBayar [0]
[ADMIN] [5/3/2017 00:41] [PENJUALAN] CASHIER FORM : REGISTER HOTKEY
[ADMIN] [5/3/2017 00:41] [PENJUALAN] CASHIER FORM : calculateChangeValue, bayarTextBox.Text [1000]
[ADMIN] [5/3/2017 00:41] [PENJUALAN] CASHIER FORM : calculateChangeValue, sisaBayar [0]
[ADMIN] [5/3/2017 00:41] [PENJUALAN] CASHIER FORM : UNREGISTER HOTKEY
[ADMIN] [5/3/2017 00:41] [PENJUALAN] CASHIER FORM : UNREGISTER HOTKEY
[ADMIN] [5/3/2017 00:41] [PENJUALAN] CASHIER FORM : REGISTER HOTKEY
[ADMIN] [5/3/2017 00:41] [PENJUALAN] CASHIER FORM : cashierForm_Load, ATTEMPT TO LOAD NO FAKTUR
[ADMIN] [5/3/2017 00:41] [PENJUALAN] CASHIER FORM : loadNoFaktur, noFakturValue [SLO001]
[ADMIN] [5/3/2017 00:41] [PENJUALAN] CASHIER FORM : cashierForm_Load, ATTEMPT TO addColumnToDataGrid
[ADMIN] [5/3/2017 00:41] [PENJUALAN] CASHIER FORM : UPDATE ROW NUMBER, TOTAL ROW [1]
[ADMIN] [5/3/2017 00:41] [PENJUALAN] CASHIER FORM : cashierDataGridView_CellValueChanged [F8]
[ADMIN] [5/3/2017 00:41] [PENJUALAN] CASHIER FORM : ADD NEW ROW,  isActive [True]
[ADMIN] [5/3/2017 00:41] [PENJUALAN] CASHIER FORM : ADD NEW ROW,  ROW COUNT [1]
[ADMIN] [5/3/2017 00:41] [PENJUALAN] CASHIER FORM : ADD NEW ROW,  ALLOW TO ADD [True]
[ADMIN] [5/3/2017 00:41] [PENJUALAN] CASHIER FORM : UPDATE ROW NUMBER, TOTAL ROW [2]
[ADMIN] [5/3/2017 00:41] [PENJUALAN] CASHIER FORM : calculateChangeValue, bayarTextBox.Text [Rp1.000,00]
[ADMIN] [5/3/2017 00:41] [PENJUALAN] CASHIER FORM : calculateChangeValue, sisaBayar [0]
[ADMIN] [5/3/2017 00:41] [PENJUALAN] CASHIER FORM : REGISTER HOTKEY
[ADMIN] [5/3/2017 00:41] [PENJUALAN] CASHIER FORM : UNREGISTER HOTKEY
[ADMIN] [5/3/2017 00:41] [PENJUALAN] CASHIER FORM : UNREGISTER HOTKEY
[ADMIN] [5/3/2017 00:42] [PENJUALAN] CASHIER FORM : REGISTER HOTKEY
[ADMIN] [5/3/2017 00:42] [PENJUALAN] CASHIER FORM : cashierForm_Load, ATTEMPT TO LOAD NO FAKTUR
[ADMIN] [5/3/2017 00:42] [PENJUALAN] CASHIER FORM : loadNoFaktur, noFakturValue [SLO001]
[ADMIN] [5/3/2017 00:42] [PENJUALAN] CASHIER FORM : cashierForm_Load, ATTEMPT TO addColumnToDataGrid
[ADMIN] [5/3/2017 00:42] [PENJUALAN] CASHIER FORM : UPDATE ROW NUMBER, TOTAL ROW [1]
[ADMIN] [5/3/2017 00:42] [PENJUALAN] CASHIER FORM : cashierDataGridView_CellValueChanged [F8]
[ADMIN] [5/3/2017 00:42] [PENJUALAN] CASHIER FORM : ADD NEW ROW,  isActive [True]
[ADMIN] [5/3/2017 00:42] [PENJUALAN] CASHIER FORM : ADD NEW ROW,  ROW COUNT [1]
[ADMIN] [5/3/2017 00:42] [PENJUALAN] CASHIER FORM : ADD NEW ROW,  ALLOW TO ADD [True]
[ADMIN] [5/3/2017 00:42] [PENJUALAN] CASHIER FORM : UPDATE ROW NUMBER, TOTAL ROW [2]
[ADMIN] [5/3/2017 00:42] [PENJUALAN] CASHIER FORM : calculateChangeValue, bayarTextBox.Text [Rp1.000,00]
[ADMIN] [5/3/2017 00:42] [PENJUALAN] CASHIER FORM : calculateChangeValue, sisaBayar [0]
[ADMIN] [5/3/2017 00:42] [PENJUALAN] CASHIER FORM : REGISTER HOTKEY
[ADMIN] [5/3/2017 00:42] [PENJUALAN] CASHIER FORM : UNREGISTER HOTKEY
[ADMIN] [5/3/2017 00:42] [PENJUALAN] CASHIER FORM : REGISTER HOTKEY
[ADMIN] [5/3/2017 00:42] [PENJUALAN] ATTEMPT TO SAVE AND PRINT OUT INVOICE
[ADMIN] [5/3/2017 00:42] [PENJUALAN] CASHIER FORM : UNREGISTER HOTKEY
[ADMIN] [5/3/2017 00:42] [PENJUALAN] CASHIER FORM : ATTEMPT TO SAVE SALES DATA [02-05-2017 14:34]
[ADMIN] [5/3/2017 00:42] [PENJUALAN] CASHIER FORM : SALES DISC FINAL [0]
[ADMIN] [5/3/2017 00:42] [PENJUALAN] CASHIER FORM : CASH SALES
[ADMIN] [5/3/2017 00:42] [PENJUALAN] UPDATE SALES QUOTATION HEADER [SQ-1]
[ADMIN] [5/3/2017 00:42] [PENJUALAN] CLEAR SALES_QUOTATION_DETAIL [SQ-1]
[ADMIN] [5/3/2017 00:42] [PENJUALAN] INSERT INTO SALES QUOTATION DETAIL[RT001, 1000, 5]
[ADMIN] [5/3/2017 00:42] [PENJUALAN] CASHIER FORM : REGISTER HOTKEY
[ADMIN] [5/3/2017 00:42] [PENJUALAN] TRANSACTION SAVED
[ADMIN] [5/3/2017 00:42] [PENJUALAN] SAVE DP PAYMENT TO PAYMENT CREDIT
[ADMIN] [5/3/2017 00:42] [PENJUALAN] CASHIER FORM : UNREGISTER HOTKEY
[ADMIN] [5/3/2017 00:42] [PENJUALAN] CASHIER FORM : REGISTER HOTKEY
