[] [5/12/2017 11:22] [] USER = ADMIN IS ACTIVE
[ADMIN] [5/12/2017 11:22] [] USER ID = 1 LOGIN SUCCESSFULLY
[ADMIN] [5/12/2017 11:22] [] ACTIVATE USER ACCESS RIGHT
[ADMIN] [5/12/2017 11:22] [] DISPLAY ADMIN FORM
[ADMIN] [5/12/2017 11:22] [] adminForm Load
[ADMIN] [5/12/2017 11:22] [] ACTIVATE USER ACCESS RIGHT
[] [5/12/2017 11:28] [] USER = ADMIN IS ACTIVE
[ADMIN] [5/12/2017 11:28] [] USER ID = 1 LOGIN SUCCESSFULLY
[ADMIN] [5/12/2017 11:28] [] ACTIVATE USER ACCESS RIGHT
[ADMIN] [5/12/2017 11:28] [] DISPLAY ADMIN FORM
[ADMIN] [5/12/2017 11:28] [] adminForm Load
[ADMIN] [5/12/2017 11:28] [] ACTIVATE USER ACCESS RIGHT
[ADMIN] [5/12/2017 14:56] [PENJUALAN] CASHIER FORM : REGISTER HOTKEY
[ADMIN] [5/12/2017 14:56] [PENJUALAN] CASHIER FORM : cashierForm_Load, ATTEMPT TO LOAD NO FAKTUR
[ADMIN] [5/12/2017 14:56] [PENJUALAN] CASHIER FORM : loadNoFaktur, noFakturValue [SLO001]
[ADMIN] [5/12/2017 14:56] [PENJUALAN] CASHIER FORM : cashierForm_Load, ATTEMPT TO addColumnToDataGrid
[ADMIN] [5/12/2017 14:56] [PENJUALAN] CASHIER FORM : UPDATE ROW NUMBER, TOTAL ROW [1]
[ADMIN] [5/12/2017 14:56] [PENJUALAN] CASHIER FORM : cashierDataGridView_CellValueChanged [F8]
[ADMIN] [5/12/2017 14:56] [PENJUALAN] CASHIER FORM : ADD NEW ROW,  isActive [True]
[ADMIN] [5/12/2017 14:56] [PENJUALAN] CASHIER FORM : ADD NEW ROW,  ROW COUNT [1]
[ADMIN] [5/12/2017 14:56] [PENJUALAN] CASHIER FORM : ADD NEW ROW,  ALLOW TO ADD [True]
[ADMIN] [5/12/2017 14:56] [PENJUALAN] CASHIER FORM : UPDATE ROW NUMBER, TOTAL ROW [2]
[] [5/12/2017 14:57] [] USER = ADMIN IS ACTIVE
[ADMIN] [5/12/2017 14:57] [] USER ID = 1 LOGIN SUCCESSFULLY
[ADMIN] [5/12/2017 14:58] [] ACTIVATE USER ACCESS RIGHT
[ADMIN] [5/12/2017 14:58] [] DISPLAY ADMIN FORM
[ADMIN] [5/12/2017 14:58] [] adminForm Load
[ADMIN] [5/12/2017 14:58] [] ACTIVATE USER ACCESS RIGHT
[ADMIN] [5/12/2017 14:58] [PENJUALAN] CASHIER FORM : REGISTER HOTKEY
[ADMIN] [5/12/2017 14:58] [PENJUALAN] CASHIER FORM : cashierForm_Load, ATTEMPT TO LOAD NO FAKTUR
[ADMIN] [5/12/2017 14:58] [PENJUALAN] CASHIER FORM : loadNoFaktur, noFakturValue [SLO001]
[ADMIN] [5/12/2017 14:58] [PENJUALAN] CASHIER FORM : cashierForm_Load, ATTEMPT TO addColumnToDataGrid
[ADMIN] [5/12/2017 14:58] [PENJUALAN] CASHIER FORM : UPDATE ROW NUMBER, TOTAL ROW [1]
[ADMIN] [5/12/2017 14:58] [PENJUALAN] CASHIER FORM : cashierDataGridView_CellValueChanged [F8]
[ADMIN] [5/12/2017 14:58] [PENJUALAN] CASHIER FORM : ADD NEW ROW,  isActive [True]
[ADMIN] [5/12/2017 14:58] [PENJUALAN] CASHIER FORM : ADD NEW ROW,  ROW COUNT [1]
[ADMIN] [5/12/2017 14:58] [PENJUALAN] CASHIER FORM : ADD NEW ROW,  ALLOW TO ADD [True]
[ADMIN] [5/12/2017 14:58] [PENJUALAN] CASHIER FORM : UPDATE ROW NUMBER, TOTAL ROW [2]
[] [5/12/2017 15:02] [] USER = ADMIN IS ACTIVE
[ADMIN] [5/12/2017 15:02] [] USER ID = 1 LOGIN SUCCESSFULLY
[ADMIN] [5/12/2017 15:02] [] ACTIVATE USER ACCESS RIGHT
[ADMIN] [5/12/2017 15:02] [] DISPLAY ADMIN FORM
[ADMIN] [5/12/2017 15:02] [] adminForm Load
[ADMIN] [5/12/2017 15:02] [] ACTIVATE USER ACCESS RIGHT
[ADMIN] [5/12/2017 15:02] [PENJUALAN] CASHIER FORM : REGISTER HOTKEY
[ADMIN] [5/12/2017 15:02] [PENJUALAN] CASHIER FORM : cashierForm_Load, ATTEMPT TO LOAD NO FAKTUR
[ADMIN] [5/12/2017 15:02] [PENJUALAN] CASHIER FORM : loadNoFaktur, noFakturValue [SLO001]
[ADMIN] [5/12/2017 15:02] [PENJUALAN] CASHIER FORM : cashierForm_Load, ATTEMPT TO addColumnToDataGrid
[ADMIN] [5/12/2017 15:02] [PENJUALAN] CASHIER FORM : UPDATE ROW NUMBER, TOTAL ROW [1]
[ADMIN] [5/12/2017 15:02] [PENJUALAN] CASHIER FORM : cashierDataGridView_CellValueChanged [F8]
[ADMIN] [5/12/2017 15:02] [PENJUALAN] CASHIER FORM : ADD NEW ROW,  isActive [True]
[ADMIN] [5/12/2017 15:02] [PENJUALAN] CASHIER FORM : ADD NEW ROW,  ROW COUNT [1]
[ADMIN] [5/12/2017 15:02] [PENJUALAN] CASHIER FORM : ADD NEW ROW,  ALLOW TO ADD [True]
[ADMIN] [5/12/2017 15:02] [PENJUALAN] CASHIER FORM : UPDATE ROW NUMBER, TOTAL ROW [2]
[ADMIN] [5/12/2017 15:02] [PENJUALAN] CASHIER FORM : REGISTER HOTKEY
[ADMIN] [5/12/2017 15:02] [PENJUALAN] CASHIER FORM : cashierDataGridView_CellValueChanged [qty]
[ADMIN] [5/12/2017 15:02] [PENJUALAN] CASHIER FORM : cashierDataGridView_CellValueChanged, previousInput [25]
[ADMIN] [5/12/2017 15:02] [PENJUALAN] CASHIER FORM : cashierDataGridView_CellValueChanged, dataGridViewTextBoxEditingControl.Text pass REGEX Checking
[ADMIN] [5/12/2017 15:02] [PENJUALAN] CASHIER FORM : CHECK STOCK QTY IS ENOUGH [RT001]
[ADMIN] [5/12/2017 15:02] [PENJUALAN] CASHIER FORM : CHECK STOCK QTY IS ENOUGH [519, 1]
[ADMIN] [5/12/2017 15:02] [PENJUALAN] CASHIER FORM : CALCULATE SUBTOTAL
[ADMIN] [5/12/2017 15:02] [PENJUALAN] CASHIER FORM : SUBTOTAL [1000]
[ADMIN] [5/12/2017 15:02] [PENJUALAN] CASHIER FORM : cashierDataGridView_CellValueChanged, subtotal value [1000]
[ADMIN] [5/12/2017 15:02] [PENJUALAN] CASHIER FORM : cashierDataGridView_CellValueChanged, attempt to calculate total value
[ADMIN] [5/12/2017 15:02] [PENJUALAN] CASHIER FORM : calculateTotal
[ADMIN] [5/12/2017 15:02] [PENJUALAN] CASHIER FORM : calculateTotal [1000]
[ADMIN] [5/12/2017 15:02] [PENJUALAN] CASHIER FORM : calculateTotal, totalAfterDisc [500]
[ADMIN] [5/12/2017 15:02] [PENJUALAN] CASHIER FORM : calculateChangeValue, bayarTextBox.Text [Rp10.000]
[ADMIN] [5/12/2017 15:02] [PENJUALAN] CASHIER FORM : calculateChangeValue, sisaBayar [9500]
[ADMIN] [5/12/2017 15:02] [PENJUALAN] CASHIER FORM : cashierDataGridView_CellValueChanged [qty]
[ADMIN] [5/12/2017 15:02] [PENJUALAN] CASHIER FORM : cashierDataGridView_CellValueChanged, previousInput [1]
[ADMIN] [5/12/2017 15:02] [PENJUALAN] CASHIER FORM : cashierDataGridView_CellValueChanged, dataGridViewTextBoxEditingControl.Text pass REGEX Checking
[ADMIN] [5/12/2017 15:02] [PENJUALAN] CASHIER FORM : CHECK STOCK QTY IS ENOUGH [RT001]
[ADMIN] [5/12/2017 15:02] [PENJUALAN] CASHIER FORM : CHECK STOCK QTY IS ENOUGH [519, 10]
[ADMIN] [5/12/2017 15:02] [PENJUALAN] CASHIER FORM : CALCULATE SUBTOTAL
[ADMIN] [5/12/2017 15:02] [PENJUALAN] CASHIER FORM : SUBTOTAL [10000]
[ADMIN] [5/12/2017 15:02] [PENJUALAN] CASHIER FORM : cashierDataGridView_CellValueChanged, subtotal value [10000]
[ADMIN] [5/12/2017 15:02] [PENJUALAN] CASHIER FORM : cashierDataGridView_CellValueChanged, attempt to calculate total value
[ADMIN] [5/12/2017 15:02] [PENJUALAN] CASHIER FORM : calculateTotal
[ADMIN] [5/12/2017 15:02] [PENJUALAN] CASHIER FORM : calculateTotal [10000]
[ADMIN] [5/12/2017 15:02] [PENJUALAN] CASHIER FORM : calculateTotal, totalAfterDisc [9500]
[ADMIN] [5/12/2017 15:02] [PENJUALAN] CASHIER FORM : calculateChangeValue, bayarTextBox.Text [Rp10.000]
[ADMIN] [5/12/2017 15:02] [PENJUALAN] CASHIER FORM : calculateChangeValue, sisaBayar [500]
[ADMIN] [5/12/2017 15:02] [PENJUALAN] CASHIER FORM : calculateChangeValue, bayarTextBox.Text [10000]
[ADMIN] [5/12/2017 15:02] [PENJUALAN] CASHIER FORM : calculateChangeValue, sisaBayar [500]
[ADMIN] [5/12/2017 15:02] [PENJUALAN] CASHIER FORM : UNREGISTER HOTKEY
[ADMIN] [5/12/2017 15:02] [PENJUALAN] CASHIER FORM : UNREGISTER HOTKEY
[ADMIN] [5/12/2017 15:03] [] USER ID = 1LOGOUT
