[] [5/1/2017 15:06] [] USER = ADMIN IS ACTIVE
[ADMIN] [5/1/2017 15:06] [] USER ID = 1 LOGIN SUCCESSFULLY
[ADMIN] [5/1/2017 15:06] [] ACTIVATE USER ACCESS RIGHT
[ADMIN] [5/1/2017 15:06] [] DISPLAY ADMIN FORM
[ADMIN] [5/1/2017 15:06] [] adminForm Load
[ADMIN] [5/1/2017 15:06] [] ACTIVATE USER ACCESS RIGHT
[] [5/1/2017 20:16] [] USER = ADMIN IS ACTIVE
[ADMIN] [5/1/2017 20:16] [] USER ID = 1 LOGIN SUCCESSFULLY
[ADMIN] [5/1/2017 20:16] [] ACTIVATE USER ACCESS RIGHT
[ADMIN] [5/1/2017 20:16] [] DISPLAY ADMIN FORM
[ADMIN] [5/1/2017 20:16] [] adminForm Load
[ADMIN] [5/1/2017 20:16] [] ACTIVATE USER ACCESS RIGHT
[ADMIN] [5/1/2017 20:20] [] [TUTUP TOKO] FAILED TO CONNECT TO CENTRAL HQ
[] [5/1/2017 20:22] [] USER = ADMIN IS ACTIVE
[ADMIN] [5/1/2017 20:23] [] USER ID = 1 LOGIN SUCCESSFULLY
[ADMIN] [5/1/2017 20:23] [] ACTIVATE USER ACCESS RIGHT
[ADMIN] [5/1/2017 20:23] [] DISPLAY ADMIN FORM
[ADMIN] [5/1/2017 20:23] [] adminForm Load
[ADMIN] [5/1/2017 20:23] [] ACTIVATE USER ACCESS RIGHT
[ADMIN] [5/1/2017 20:23] [] [TUTUP TOKO] FAILED TO CONNECT TO CENTRAL HQ
[ADMIN] [5/1/2017 20:26] [] [TUTUP TOKO] FAILED TO UPDATE LAST SUCCESS DATE [Object reference not set to an instance of an object.]
[ADMIN] [5/1/2017 20:26] [] USER ID = 1LOGOUT
[ADMIN] [5/1/2017 20:26] [] USER = ADMIN IS ACTIVE
[ADMIN] [5/1/2017 20:26] [] USER = ADMIN IS ACTIVE
[ADMIN] [5/1/2017 20:27] [] USER = ADMIN IS ACTIVE
[ADMIN] [5/1/2017 20:27] [] USER ID = 1 LOGIN SUCCESSFULLY
[ADMIN] [5/1/2017 20:27] [] ACTIVATE USER ACCESS RIGHT
[ADMIN] [5/1/2017 20:27] [] DISPLAY ADMIN FORM
[ADMIN] [5/1/2017 20:27] [] adminForm Load
[ADMIN] [5/1/2017 20:27] [] ACTIVATE USER ACCESS RIGHT
[ADMIN] [5/1/2017 20:27] [] [TUTUP TOKO] FAILED TO CONNECT TO CENTRAL HQ
[ADMIN] [5/1/2017 20:30] [] [TUTUP TOKO] FAILED TO UPDATE LAST SUCCESS DATE [Object reference not set to an instance of an object.]
[ADMIN] [5/1/2017 20:30] [] USER ID = 1LOGOUT
[ADMIN] [5/1/2017 20:30] [] USER = ADMIN IS ACTIVE
[ADMIN] [5/1/2017 20:30] [] USER ID = 1 LOGIN SUCCESSFULLY
[ADMIN] [5/1/2017 20:30] [] ACTIVATE USER ACCESS RIGHT
[ADMIN] [5/1/2017 20:30] [] DISPLAY ADMIN FORM
[ADMIN] [5/1/2017 20:30] [] adminForm Load
[ADMIN] [5/1/2017 20:30] [] ACTIVATE USER ACCESS RIGHT
[ADMIN] [5/1/2017 20:31] [] [TUTUP TOKO] FAILED TO CONNECT TO CENTRAL HQ
[ADMIN] [5/1/2017 20:31] [] USER ID = 1LOGOUT
[ADMIN] [5/1/2017 20:31] [] USER = ADMIN IS ACTIVE
[ADMIN] [5/1/2017 20:31] [] USER ID = 1 LOGIN SUCCESSFULLY
[ADMIN] [5/1/2017 20:31] [] ACTIVATE USER ACCESS RIGHT
[ADMIN] [5/1/2017 20:31] [] DISPLAY ADMIN FORM
[ADMIN] [5/1/2017 20:31] [] adminForm Load
[ADMIN] [5/1/2017 20:31] [] ACTIVATE USER ACCESS RIGHT
[ADMIN] [5/1/2017 20:32] [] [TUTUP TOKO] FAILED TO CONNECT TO CENTRAL HQ
[ADMIN] [5/1/2017 20:32] [] USER ID = 1LOGOUT
[ADMIN] [5/1/2017 20:32] [] USER = ADMIN IS ACTIVE
[ADMIN] [5/1/2017 20:32] [] USER ID = 1 LOGIN SUCCESSFULLY
[ADMIN] [5/1/2017 20:32] [] ACTIVATE USER ACCESS RIGHT
[ADMIN] [5/1/2017 20:32] [] DISPLAY ADMIN FORM
[ADMIN] [5/1/2017 20:32] [] adminForm Load
[ADMIN] [5/1/2017 20:32] [] ACTIVATE USER ACCESS RIGHT
[ADMIN] [5/1/2017 20:35] [] [TUTUP TOKO] FAILED TO CONNECT TO CENTRAL HQ
[ADMIN] [5/1/2017 20:35] [] USER ID = 1LOGOUT
[ADMIN] [5/1/2017 20:36] [] USER = ADMIN IS ACTIVE
[ADMIN] [5/1/2017 20:36] [] USER ID = 1 LOGIN SUCCESSFULLY
[ADMIN] [5/1/2017 20:36] [] ACTIVATE USER ACCESS RIGHT
[ADMIN] [5/1/2017 20:36] [] DISPLAY ADMIN FORM
[ADMIN] [5/1/2017 20:36] [] adminForm Load
[ADMIN] [5/1/2017 20:36] [] ACTIVATE USER ACCESS RIGHT
[ADMIN] [5/1/2017 20:42] [] [TUTUP TOKO] FAILED TO CONNECT TO CENTRAL HQ
[ADMIN] [5/1/2017 20:42] [] USER ID = 1LOGOUT
[ADMIN] [5/1/2017 20:42] [] USER = ADMIN IS ACTIVE
[ADMIN] [5/1/2017 20:42] [] USER ID = 1 LOGIN SUCCESSFULLY
[ADMIN] [5/1/2017 20:42] [] ACTIVATE USER ACCESS RIGHT
[ADMIN] [5/1/2017 20:42] [] DISPLAY ADMIN FORM
[ADMIN] [5/1/2017 20:42] [] adminForm Load
[ADMIN] [5/1/2017 20:42] [] ACTIVATE USER ACCESS RIGHT
[ADMIN] [5/1/2017 20:44] [] [TUTUP TOKO] FAILED TO CONNECT TO CENTRAL HQ
[ADMIN] [5/1/2017 20:44] [] USER ID = 1LOGOUT
[ADMIN] [5/1/2017 20:44] [] USER = ADMIN IS ACTIVE
[ADMIN] [5/1/2017 20:44] [] USER ID = 1 LOGIN SUCCESSFULLY
[ADMIN] [5/1/2017 20:44] [] ACTIVATE USER ACCESS RIGHT
[ADMIN] [5/1/2017 20:44] [] DISPLAY ADMIN FORM
[ADMIN] [5/1/2017 20:44] [] adminForm Load
[ADMIN] [5/1/2017 20:44] [] ACTIVATE USER ACCESS RIGHT
[ADMIN] [5/1/2017 20:47] [] [TUTUP TOKO] FAILED TO CONNECT TO CENTRAL HQ
[ADMIN] [5/1/2017 20:47] [] USER ID = 1LOGOUT
