[] [5/19/2017 23:40] [] USER = ADMIN IS ACTIVE
[ADMIN] [5/19/2017 23:40] [] USER ID = 1 LOGIN SUCCESSFULLY
[ADMIN] [5/19/2017 23:40] [] ACTIVATE USER ACCESS RIGHT
[ADMIN] [5/19/2017 23:40] [] DISPLAY ADMIN FORM
[ADMIN] [5/19/2017 23:40] [] adminForm Load
[ADMIN] [5/19/2017 23:40] [] ACTIVATE USER ACCESS RIGHT
[] [5/19/2017 23:43] [] USER = ADMIN IS ACTIVE
[ADMIN] [5/19/2017 23:43] [] USER ID = 1 LOGIN SUCCESSFULLY
[ADMIN] [5/19/2017 23:43] [] ACTIVATE USER ACCESS RIGHT
[ADMIN] [5/19/2017 23:43] [] DISPLAY ADMIN FORM
[ADMIN] [5/19/2017 23:43] [] adminForm Load
[ADMIN] [5/19/2017 23:43] [] ACTIVATE USER ACCESS RIGHT
[] [5/19/2017 23:45] [] USER = ADMIN IS ACTIVE
[ADMIN] [5/19/2017 23:45] [] USER ID = 1 LOGIN SUCCESSFULLY
[ADMIN] [5/19/2017 23:45] [] ACTIVATE USER ACCESS RIGHT
[ADMIN] [5/19/2017 23:45] [] DISPLAY ADMIN FORM
[ADMIN] [5/19/2017 23:45] [] adminForm Load
[ADMIN] [5/19/2017 23:45] [] ACTIVATE USER ACCESS RIGHT
[] [5/19/2017 23:51] [] USER = ADMIN IS ACTIVE
[ADMIN] [5/19/2017 23:51] [] USER ID = 1 LOGIN SUCCESSFULLY
[ADMIN] [5/19/2017 23:51] [] ACTIVATE USER ACCESS RIGHT
[ADMIN] [5/19/2017 23:51] [] DISPLAY ADMIN FORM
[ADMIN] [5/19/2017 23:51] [] adminForm Load
[ADMIN] [5/19/2017 23:51] [] ACTIVATE USER ACCESS RIGHT
[] [5/19/2017 23:52] [] USER = ADMIN IS ACTIVE
[ADMIN] [5/19/2017 23:52] [] USER ID = 1 LOGIN SUCCESSFULLY
[ADMIN] [5/19/2017 23:52] [] ACTIVATE USER ACCESS RIGHT
[ADMIN] [5/19/2017 23:52] [] DISPLAY ADMIN FORM
[ADMIN] [5/19/2017 23:52] [] adminForm Load
[ADMIN] [5/19/2017 23:53] [] ACTIVATE USER ACCESS RIGHT
[] [5/20/2017 00:09] [] USER = ADMIN IS ACTIVE
[ADMIN] [5/20/2017 00:09] [] USER ID = 1 LOGIN SUCCESSFULLY
[ADMIN] [5/20/2017 00:09] [] ACTIVATE USER ACCESS RIGHT
[ADMIN] [5/20/2017 00:09] [] DISPLAY ADMIN FORM
[ADMIN] [5/20/2017 00:09] [] adminForm Load
[ADMIN] [5/20/2017 00:09] [] ACTIVATE USER ACCESS RIGHT
[] [5/20/2017 00:09] [] USER = ADMIN IS ACTIVE
[ADMIN] [5/20/2017 00:09] [] USER ID = 1 LOGIN SUCCESSFULLY
[ADMIN] [5/20/2017 00:09] [] ACTIVATE USER ACCESS RIGHT
[ADMIN] [5/20/2017 00:09] [] DISPLAY ADMIN FORM
[ADMIN] [5/20/2017 00:09] [] adminForm Load
[ADMIN] [5/20/2017 00:10] [] ACTIVATE USER ACCESS RIGHT
[ADMIN] [5/20/2017 00:10] [] SERVER IP IS LOCALHOST
[ADMIN] [5/20/2017 00:10] [] INSERT DATA ID 2 TO SYS_CONFIG
[ADMIN] [5/20/2017 00:10] [KATEGORI PRODUK] ADD NEW CATEGORY [ROTI]
[ADMIN] [5/20/2017 00:11] [] GUTIL : MAX UNIT_ID [0]
[ADMIN] [5/20/2017 00:11] [] GUTIL : UNIT_ID [1]
[ADMIN] [5/20/2017 00:11] [SATUAN PRODUK] ADD NEW UNIT [BIJI]
[ADMIN] [5/20/2017 00:11] [TAMBAH / UPDATE PRODUK] INSERT NEW PRODUCT [RT001]
[ADMIN] [5/20/2017 00:11] [TAMBAH / UPDATE PRODUK] INSERT PRODUCT CATEGORY FOR [RT001]
[ADMIN] [5/20/2017 00:11] [TAMBAH / UPDATE PRODUK] EXCEPTION THROWN [Duplicate entry 'RT001-1' for key 'PRIMARY']
[ADMIN] [5/20/2017 00:12] [TAMBAH / UPDATE PRODUK] INSERT NEW PRODUCT [RT001]
[ADMIN] [5/20/2017 00:12] [TAMBAH / UPDATE PRODUK] INSERT PRODUCT CATEGORY FOR [RT001]
[ADMIN] [5/20/2017 00:12] [TAMBAH / UPDATE PRODUK] INSERT NEW PRODUCT [RT002]
[ADMIN] [5/20/2017 00:12] [TAMBAH / UPDATE PRODUK] INSERT PRODUCT CATEGORY FOR [RT002]
[] [5/20/2017 00:13] [] USER = ADMIN IS ACTIVE
[ADMIN] [5/20/2017 00:13] [] USER ID = 1 LOGIN SUCCESSFULLY
[ADMIN] [5/20/2017 00:13] [] ACTIVATE USER ACCESS RIGHT
[ADMIN] [5/20/2017 00:13] [] DISPLAY ADMIN FORM
[ADMIN] [5/20/2017 00:13] [] adminForm Load
[ADMIN] [5/20/2017 00:13] [] ACTIVATE USER ACCESS RIGHT
[ADMIN] [5/20/2017 00:16] [TAMBAH / UPDATE PRODUK] INSERT NEW PRODUCT [RT003]
[ADMIN] [5/20/2017 00:16] [TAMBAH / UPDATE PRODUK] INSERT PRODUCT CATEGORY FOR [RT003]
[ADMIN] [5/20/2017 00:17] [] [SYNC] FAILED TO SYNC LOCAL DATA TO SERVER [Duplicate entry '1' for key 'PRIMARY']
[ADMIN] [5/20/2017 00:17] [] [SYNC] FAILED TO SYNC LOCAL DATA TO SERVER [Duplicate entry '1' for key 'PRIMARY']
[ADMIN] [5/20/2017 00:17] [] [SYNC] FAILED TO SYNC LOCAL DATA TO SERVER [Duplicate entry '1' for key 'PRIMARY']
[ADMIN] [5/20/2017 00:17] [] [SYNC] FAILED TO SYNC LOCAL DATA TO SERVER [Duplicate entry '1' for key 'PRIMARY']
[] [5/20/2017 00:19] [] USER = ADMIN IS ACTIVE
[ADMIN] [5/20/2017 00:19] [] USER ID = 1 LOGIN SUCCESSFULLY
[ADMIN] [5/20/2017 00:19] [] ACTIVATE USER ACCESS RIGHT
[ADMIN] [5/20/2017 00:19] [] DISPLAY ADMIN FORM
[ADMIN] [5/20/2017 00:19] [] adminForm Load
[ADMIN] [5/20/2017 00:19] [] ACTIVATE USER ACCESS RIGHT
[ADMIN] [5/20/2017 00:19] [] [SYNC] FAILED TO SYNC LOCAL DATA TO SERVER [Duplicate entry '1' for key 'PRIMARY']
[ADMIN] [5/20/2017 00:19] [] [SYNC] FAILED TO SYNC LOCAL DATA TO SERVER [Duplicate entry '1' for key 'PRIMARY']
[ADMIN] [5/20/2017 00:19] [] [SYNC] FAILED TO SYNC LOCAL DATA TO SERVER [Duplicate entry '1' for key 'PRIMARY']
[ADMIN] [5/20/2017 00:19] [] [SYNC] FAILED TO SYNC LOCAL DATA TO SERVER [Duplicate entry '1' for key 'PRIMARY']
[] [5/20/2017 00:22] [] USER = ADMIN IS ACTIVE
[ADMIN] [5/20/2017 00:22] [] USER ID = 1 LOGIN SUCCESSFULLY
[ADMIN] [5/20/2017 00:22] [] ACTIVATE USER ACCESS RIGHT
[ADMIN] [5/20/2017 00:22] [] DISPLAY ADMIN FORM
[ADMIN] [5/20/2017 00:22] [] adminForm Load
[ADMIN] [5/20/2017 00:22] [] ACTIVATE USER ACCESS RIGHT
[ADMIN] [5/20/2017 00:22] [] [SYNC] FAILED TO SYNC LOCAL DATA TO SERVER [Duplicate entry '1' for key 'PRIMARY']
[ADMIN] [5/20/2017 00:23] [] [SYNC] FAILED TO SYNC LOCAL DATA TO SERVER [Duplicate entry '1' for key 'PRIMARY']
[ADMIN] [5/20/2017 00:23] [] [SYNC] FAILED TO SYNC LOCAL DATA TO SERVER [Duplicate entry '1' for key 'PRIMARY']
[ADMIN] [5/20/2017 00:24] [] [SYNC] FAILED TO SYNC LOCAL DATA TO SERVER [Duplicate entry '1' for key 'PRIMARY']
[] [5/20/2017 00:26] [] USER = ADMIN IS ACTIVE
[ADMIN] [5/20/2017 00:26] [] USER ID = 1 LOGIN SUCCESSFULLY
[ADMIN] [5/20/2017 00:26] [] ACTIVATE USER ACCESS RIGHT
[ADMIN] [5/20/2017 00:26] [] DISPLAY ADMIN FORM
[ADMIN] [5/20/2017 00:26] [] adminForm Load
[ADMIN] [5/20/2017 00:26] [] ACTIVATE USER ACCESS RIGHT
[ADMIN] [5/20/2017 00:26] [] [SYNC] FAILED TO SYNC LOCAL DATA TO SERVER [Duplicate entry '1' for key 'PRIMARY']
[ADMIN] [5/20/2017 00:26] [] [SYNC] FAILED TO SYNC LOCAL DATA TO SERVER [Duplicate entry '1' for key 'PRIMARY']
[ADMIN] [5/20/2017 00:26] [] [SYNC] FAILED TO SYNC LOCAL DATA TO SERVER [Duplicate entry '1' for key 'PRIMARY']
[ADMIN] [5/20/2017 00:26] [] [SYNC] FAILED TO SYNC LOCAL DATA TO SERVER [Duplicate entry '1' for key 'PRIMARY']
[ADMIN] [5/20/2017 00:26] [] [SYNC] FAILED TO SYNC LOCAL DATA TO SERVER [Duplicate entry 'RT001-1' for key 'PRIMARY']
[] [5/20/2017 00:28] [] USER = ADMIN IS ACTIVE
[ADMIN] [5/20/2017 00:28] [] USER ID = 1 LOGIN SUCCESSFULLY
[ADMIN] [5/20/2017 00:28] [] ACTIVATE USER ACCESS RIGHT
[ADMIN] [5/20/2017 00:28] [] DISPLAY ADMIN FORM
[ADMIN] [5/20/2017 00:28] [] adminForm Load
[ADMIN] [5/20/2017 00:28] [] ACTIVATE USER ACCESS RIGHT
[ADMIN] [5/20/2017 00:28] [] [SYNC] FAILED TO SYNC LOCAL DATA TO SERVER [Duplicate entry '1' for key 'PRIMARY']
[ADMIN] [5/20/2017 00:28] [] [SYNC] FAILED TO SYNC LOCAL DATA TO SERVER [Duplicate entry '1' for key 'PRIMARY']
[ADMIN] [5/20/2017 00:28] [] [SYNC] FAILED TO SYNC LOCAL DATA TO SERVER [Duplicate entry '1' for key 'PRIMARY']
[ADMIN] [5/20/2017 00:28] [] [SYNC] FAILED TO SYNC LOCAL DATA TO SERVER [Duplicate entry '1' for key 'PRIMARY']
[ADMIN] [5/20/2017 00:28] [] [SYNC] FAILED TO SYNC LOCAL DATA TO SERVER [Duplicate entry 'RT001-1' for key 'PRIMARY']
[ADMIN] [5/20/2017 00:28] [] [SYNC] FAILED TO SYNC LOCAL DATA TO SERVER [Duplicate entry 'RT001-1' for key 'PRIMARY']
[] [5/20/2017 00:29] [] USER = ADMIN IS ACTIVE
[ADMIN] [5/20/2017 00:29] [] USER ID = 1 LOGIN SUCCESSFULLY
[ADMIN] [5/20/2017 00:29] [] ACTIVATE USER ACCESS RIGHT
[ADMIN] [5/20/2017 00:29] [] DISPLAY ADMIN FORM
[ADMIN] [5/20/2017 00:29] [] adminForm Load
[ADMIN] [5/20/2017 00:29] [] ACTIVATE USER ACCESS RIGHT
[ADMIN] [5/20/2017 00:29] [] [SYNC] FAILED TO SYNC LOCAL DATA TO SERVER [Duplicate entry '1' for key 'PRIMARY']
[ADMIN] [5/20/2017 00:29] [] [SYNC] FAILED TO SYNC LOCAL DATA TO SERVER [Duplicate entry '1' for key 'PRIMARY']
[ADMIN] [5/20/2017 00:29] [] [SYNC] FAILED TO SYNC LOCAL DATA TO SERVER [Duplicate entry '1' for key 'PRIMARY']
[ADMIN] [5/20/2017 00:29] [] [SYNC] FAILED TO SYNC LOCAL DATA TO SERVER [Duplicate entry '1' for key 'PRIMARY']
[ADMIN] [5/20/2017 00:29] [] [SYNC] FAILED TO SYNC LOCAL DATA TO SERVER [Duplicate entry 'RT001-1' for key 'PRIMARY']
[ADMIN] [5/20/2017 00:29] [] [SYNC] FAILED TO SYNC LOCAL DATA TO SERVER [Duplicate entry 'RT001-1' for key 'PRIMARY']
[] [5/20/2017 00:30] [] USER = ADMIN IS ACTIVE
[ADMIN] [5/20/2017 00:30] [] USER ID = 1 LOGIN SUCCESSFULLY
[ADMIN] [5/20/2017 00:30] [] ACTIVATE USER ACCESS RIGHT
[ADMIN] [5/20/2017 00:30] [] DISPLAY ADMIN FORM
[ADMIN] [5/20/2017 00:30] [] adminForm Load
[ADMIN] [5/20/2017 00:30] [] ACTIVATE USER ACCESS RIGHT
[ADMIN] [5/20/2017 00:30] [] [SYNC] FAILED TO SYNC LOCAL DATA TO SERVER [Duplicate entry '1' for key 'PRIMARY']
[ADMIN] [5/20/2017 00:30] [] [SYNC] FAILED TO SYNC LOCAL DATA TO SERVER [Duplicate entry '1' for key 'PRIMARY']
[ADMIN] [5/20/2017 00:30] [] [SYNC] FAILED TO SYNC LOCAL DATA TO SERVER [Duplicate entry '1' for key 'PRIMARY']
[ADMIN] [5/20/2017 00:30] [] [SYNC] FAILED TO SYNC LOCAL DATA TO SERVER [Duplicate entry '1' for key 'PRIMARY']
[ADMIN] [5/20/2017 00:30] [] [SYNC] FAILED TO SYNC LOCAL DATA TO SERVER [Duplicate entry 'RT001-1' for key 'PRIMARY']
[ADMIN] [5/20/2017 00:30] [] [SYNC] FAILED TO SYNC LOCAL DATA TO SERVER [Duplicate entry 'RT001-1' for key 'PRIMARY']
[] [5/20/2017 00:31] [] USER = ADMIN IS ACTIVE
[ADMIN] [5/20/2017 00:31] [] USER ID = 1 LOGIN SUCCESSFULLY
[ADMIN] [5/20/2017 00:31] [] ACTIVATE USER ACCESS RIGHT
[ADMIN] [5/20/2017 00:31] [] DISPLAY ADMIN FORM
[ADMIN] [5/20/2017 00:31] [] adminForm Load
[ADMIN] [5/20/2017 00:31] [] ACTIVATE USER ACCESS RIGHT
[ADMIN] [5/20/2017 00:31] [] [SYNC] FAILED TO SYNC LOCAL DATA TO SERVER [Duplicate entry '1' for key 'PRIMARY']
[ADMIN] [5/20/2017 00:31] [] [SYNC] FAILED TO SYNC LOCAL DATA TO SERVER [Duplicate entry '1' for key 'PRIMARY']
[ADMIN] [5/20/2017 00:31] [] [SYNC] FAILED TO SYNC LOCAL DATA TO SERVER [Duplicate entry '1' for key 'PRIMARY']
[ADMIN] [5/20/2017 00:32] [] [SYNC] FAILED TO SYNC LOCAL DATA TO SERVER [Duplicate entry '1' for key 'PRIMARY']
[ADMIN] [5/20/2017 00:32] [] [SYNC] FAILED TO SYNC LOCAL DATA TO SERVER [Duplicate entry 'RT001-1' for key 'PRIMARY']
[] [5/20/2017 00:34] [] USER = ADMIN IS ACTIVE
[ADMIN] [5/20/2017 00:34] [] USER ID = 1 LOGIN SUCCESSFULLY
[ADMIN] [5/20/2017 00:34] [] ACTIVATE USER ACCESS RIGHT
[ADMIN] [5/20/2017 00:34] [] DISPLAY ADMIN FORM
[ADMIN] [5/20/2017 00:34] [] adminForm Load
[ADMIN] [5/20/2017 00:34] [] ACTIVATE USER ACCESS RIGHT
[ADMIN] [5/20/2017 00:34] [] [SYNC] FAILED TO SYNC LOCAL DATA TO SERVER [Duplicate entry '1' for key 'PRIMARY']
[ADMIN] [5/20/2017 00:34] [] [SYNC] FAILED TO SYNC LOCAL DATA TO SERVER [Duplicate entry '1' for key 'PRIMARY']
[ADMIN] [5/20/2017 00:34] [] [SYNC] FAILED TO SYNC LOCAL DATA TO SERVER [Duplicate entry '1' for key 'PRIMARY']
[ADMIN] [5/20/2017 00:34] [] [SYNC] FAILED TO SYNC LOCAL DATA TO SERVER [Duplicate entry '1' for key 'PRIMARY']
[ADMIN] [5/20/2017 00:34] [] [SYNC] FAILED TO SYNC LOCAL DATA TO SERVER [Duplicate entry 'RT001-1' for key 'PRIMARY']
[ADMIN] [5/20/2017 00:34] [] [SYNC] FAILED TO SYNC LOCAL DATA TO SERVER [Duplicate entry 'RT001-1' for key 'PRIMARY']
[] [5/20/2017 00:37] [] USER = ADMIN IS ACTIVE
[ADMIN] [5/20/2017 00:37] [] USER ID = 1 LOGIN SUCCESSFULLY
[ADMIN] [5/20/2017 00:37] [] ACTIVATE USER ACCESS RIGHT
[ADMIN] [5/20/2017 00:37] [] DISPLAY ADMIN FORM
[ADMIN] [5/20/2017 00:37] [] adminForm Load
[ADMIN] [5/20/2017 00:37] [] ACTIVATE USER ACCESS RIGHT
[ADMIN] [5/20/2017 00:37] [] [SYNC] FAILED TO SYNC LOCAL DATA TO SERVER [Duplicate entry '1' for key 'PRIMARY']
[ADMIN] [5/20/2017 00:37] [] [SYNC] FAILED TO SYNC LOCAL DATA TO SERVER [Duplicate entry '1' for key 'PRIMARY']
[] [5/20/2017 00:39] [] USER = ADMIN IS ACTIVE
[ADMIN] [5/20/2017 00:39] [] USER ID = 1 LOGIN SUCCESSFULLY
[ADMIN] [5/20/2017 00:39] [] ACTIVATE USER ACCESS RIGHT
[ADMIN] [5/20/2017 00:39] [] DISPLAY ADMIN FORM
[ADMIN] [5/20/2017 00:39] [] adminForm Load
[ADMIN] [5/20/2017 00:39] [] ACTIVATE USER ACCESS RIGHT
[ADMIN] [5/20/2017 00:39] [] [SYNC] FAILED TO SYNC LOCAL DATA TO SERVER [Duplicate entry '1' for key 'PRIMARY']
[ADMIN] [5/20/2017 00:39] [] [SYNC] FAILED TO SYNC LOCAL DATA TO SERVER [Duplicate entry '1' for key 'PRIMARY']
[] [5/20/2017 10:57] [] USER = ADMIN IS ACTIVE
[ADMIN] [5/20/2017 10:57] [] USER ID = 1 LOGIN SUCCESSFULLY
[ADMIN] [5/20/2017 10:57] [] ACTIVATE USER ACCESS RIGHT
[ADMIN] [5/20/2017 10:57] [] DISPLAY ADMIN FORM
[ADMIN] [5/20/2017 10:57] [] adminForm Load
[ADMIN] [5/20/2017 10:57] [] ACTIVATE USER ACCESS RIGHT
[ADMIN] [5/20/2017 10:58] [] [SYNC] FAILED TO SYNC LOCAL DATA TO SERVER [Duplicate entry '1' for key 'PRIMARY']
[ADMIN] [5/20/2017 10:58] [] [SYNC] FAILED TO SYNC LOCAL DATA TO SERVER [Duplicate entry '1' for key 'PRIMARY']
[ADMIN] [5/20/2017 10:58] [] [SYNC] FAILED TO SYNC LOCAL DATA TO SERVER [Duplicate entry '1' for key 'PRIMARY']
[ADMIN] [5/20/2017 10:58] [] [SYNC] FAILED TO SYNC LOCAL DATA TO SERVER [Duplicate entry '1' for key 'PRIMARY']
[ADMIN] [5/20/2017 10:58] [] [SYNC] FAILED TO SYNC LOCAL DATA TO SERVER [Duplicate entry 'RT001-1' for key 'PRIMARY']
[ADMIN] [5/20/2017 10:58] [] [SYNC] FAILED TO SYNC LOCAL DATA TO SERVER [Duplicate entry 'RT001-1' for key 'PRIMARY']
[] [5/20/2017 11:05] [] USER = ADMIN IS ACTIVE
[ADMIN] [5/20/2017 11:05] [] USER ID = 1 LOGIN SUCCESSFULLY
[ADMIN] [5/20/2017 11:05] [] ACTIVATE USER ACCESS RIGHT
[ADMIN] [5/20/2017 11:05] [] DISPLAY ADMIN FORM
[ADMIN] [5/20/2017 11:05] [] adminForm Load
[ADMIN] [5/20/2017 11:05] [] ACTIVATE USER ACCESS RIGHT
[ADMIN] [5/20/2017 11:05] [] [SYNC] FAILED TO SYNC LOCAL DATA TO SERVER [Duplicate entry '1' for key 'PRIMARY']
[ADMIN] [5/20/2017 11:05] [] [SYNC] FAILED TO SYNC LOCAL DATA TO SERVER [Duplicate entry '1' for key 'PRIMARY']
[ADMIN] [5/20/2017 11:05] [] [SYNC] FAILED TO SYNC LOCAL DATA TO SERVER [Duplicate entry '1' for key 'PRIMARY']
[] [5/20/2017 11:09] [] USER = ADMIN IS ACTIVE
[ADMIN] [5/20/2017 11:09] [] USER ID = 1 LOGIN SUCCESSFULLY
[ADMIN] [5/20/2017 11:09] [] ACTIVATE USER ACCESS RIGHT
[ADMIN] [5/20/2017 11:09] [] DISPLAY ADMIN FORM
[ADMIN] [5/20/2017 11:09] [] adminForm Load
[ADMIN] [5/20/2017 11:09] [] ACTIVATE USER ACCESS RIGHT
[ADMIN] [5/20/2017 11:09] [] [SYNC] FAILED TO SYNC LOCAL DATA TO SERVER [Duplicate entry '1' for key 'PRIMARY']
[ADMIN] [5/20/2017 11:09] [] [SYNC] FAILED TO SYNC LOCAL DATA TO SERVER [Duplicate entry '1' for key 'PRIMARY']
[ADMIN] [5/20/2017 11:09] [] [SYNC] FAILED TO SYNC LOCAL DATA TO SERVER [Duplicate entry '1' for key 'PRIMARY']
[ADMIN] [5/20/2017 11:09] [] [SYNC] FAILED TO SYNC LOCAL DATA TO SERVER [Duplicate entry '1' for key 'PRIMARY']
[ADMIN] [5/20/2017 11:09] [] [SYNC] FAILED TO SYNC LOCAL DATA TO SERVER [Duplicate entry 'RT001-1' for key 'PRIMARY']
[] [5/20/2017 11:10] [] USER = ADMIN IS ACTIVE
[ADMIN] [5/20/2017 11:10] [] USER ID = 1 LOGIN SUCCESSFULLY
[ADMIN] [5/20/2017 11:10] [] ACTIVATE USER ACCESS RIGHT
[ADMIN] [5/20/2017 11:10] [] DISPLAY ADMIN FORM
[ADMIN] [5/20/2017 11:10] [] adminForm Load
[ADMIN] [5/20/2017 11:10] [] ACTIVATE USER ACCESS RIGHT
[ADMIN] [5/20/2017 11:10] [] [SYNC] FAILED TO SYNC LOCAL DATA TO SERVER [Duplicate entry '1' for key 'PRIMARY']
[ADMIN] [5/20/2017 11:10] [] [SYNC] FAILED TO SYNC LOCAL DATA TO SERVER [Duplicate entry '1' for key 'PRIMARY']
[ADMIN] [5/20/2017 11:10] [] [SYNC] FAILED TO SYNC LOCAL DATA TO SERVER [Duplicate entry '1' for key 'PRIMARY']
[ADMIN] [5/20/2017 11:10] [] [SYNC] FAILED TO SYNC LOCAL DATA TO SERVER [Duplicate entry '1' for key 'PRIMARY']
[ADMIN] [5/20/2017 11:10] [] [SYNC] FAILED TO SYNC LOCAL DATA TO SERVER [Duplicate entry 'RT001-1' for key 'PRIMARY']
[ADMIN] [5/20/2017 11:10] [] [SYNC] FAILED TO SYNC LOCAL DATA TO SERVER [Duplicate entry 'RT001-1' for key 'PRIMARY']
[] [5/20/2017 11:17] [] USER = ADMIN IS ACTIVE
[ADMIN] [5/20/2017 11:17] [] USER ID = 1 LOGIN SUCCESSFULLY
[ADMIN] [5/20/2017 11:17] [] ACTIVATE USER ACCESS RIGHT
[ADMIN] [5/20/2017 11:17] [] DISPLAY ADMIN FORM
[ADMIN] [5/20/2017 11:17] [] adminForm Load
[ADMIN] [5/20/2017 11:17] [] ACTIVATE USER ACCESS RIGHT
[ADMIN] [5/20/2017 11:18] [] [SYNC] FAILED TO SYNC LOCAL DATA TO SERVER [Duplicate entry '1' for key 'PRIMARY']
[ADMIN] [5/20/2017 11:18] [] [SYNC] FAILED TO SYNC LOCAL DATA TO SERVER [Duplicate entry '1' for key 'PRIMARY']
[ADMIN] [5/20/2017 11:18] [] [SYNC] FAILED TO SYNC LOCAL DATA TO SERVER [Duplicate entry '1' for key 'PRIMARY']
[ADMIN] [5/20/2017 11:18] [] [SYNC] FAILED TO SYNC LOCAL DATA TO SERVER [Duplicate entry '1' for key 'PRIMARY']
[ADMIN] [5/20/2017 11:18] [] [SYNC] FAILED TO SYNC LOCAL DATA TO SERVER [Duplicate entry 'RT001-1' for key 'PRIMARY']
[] [5/20/2017 11:20] [] USER = ADMIN IS ACTIVE
[] [5/20/2017 11:20] [] USER = ADMIN IS ACTIVE
[] [5/20/2017 11:20] [] USER = ADMIN IS ACTIVE
[ADMIN] [5/20/2017 11:20] [] USER ID = 1 LOGIN SUCCESSFULLY
[ADMIN] [5/20/2017 11:20] [] ACTIVATE USER ACCESS RIGHT
[ADMIN] [5/20/2017 11:20] [] DISPLAY ADMIN FORM
[ADMIN] [5/20/2017 11:20] [] adminForm Load
[ADMIN] [5/20/2017 11:20] [] ACTIVATE USER ACCESS RIGHT
[ADMIN] [5/20/2017 11:21] [] [SYNC] FAILED TO SYNC LOCAL DATA TO SERVER [Duplicate entry '1' for key 'PRIMARY']
[ADMIN] [5/20/2017 11:21] [] [SYNC] FAILED TO SYNC LOCAL DATA TO SERVER [Duplicate entry '1' for key 'PRIMARY']
[ADMIN] [5/20/2017 11:21] [] [SYNC] FAILED TO SYNC LOCAL DATA TO SERVER [Duplicate entry '1' for key 'PRIMARY']
[ADMIN] [5/20/2017 11:21] [] [SYNC] FAILED TO SYNC LOCAL DATA TO SERVER [Duplicate entry '1' for key 'PRIMARY']
[ADMIN] [5/20/2017 11:21] [] [SYNC] FAILED TO SYNC LOCAL DATA TO SERVER [Duplicate entry 'RT001-1' for key 'PRIMARY']
[ADMIN] [5/20/2017 11:21] [] [SYNC] FAILED TO SYNC LOCAL DATA TO SERVER [Duplicate entry 'RT001-1' for key 'PRIMARY']
[] [5/20/2017 11:23] [] USER = ADMIN IS ACTIVE
[ADMIN] [5/20/2017 11:23] [] USER ID = 1 LOGIN SUCCESSFULLY
[ADMIN] [5/20/2017 11:23] [] ACTIVATE USER ACCESS RIGHT
[ADMIN] [5/20/2017 11:23] [] DISPLAY ADMIN FORM
[ADMIN] [5/20/2017 11:23] [] adminForm Load
[ADMIN] [5/20/2017 11:23] [] ACTIVATE USER ACCESS RIGHT
[ADMIN] [5/20/2017 11:23] [] [SYNC] FAILED TO SYNC LOCAL DATA TO SERVER [Duplicate entry '1' for key 'PRIMARY']
[ADMIN] [5/20/2017 11:23] [] [SYNC] FAILED TO SYNC LOCAL DATA TO SERVER [Duplicate entry '1' for key 'PRIMARY']
[ADMIN] [5/20/2017 11:23] [] [SYNC] FAILED TO SYNC LOCAL DATA TO SERVER [Duplicate entry '1' for key 'PRIMARY']
[ADMIN] [5/20/2017 11:23] [] [SYNC] FAILED TO SYNC LOCAL DATA TO SERVER [Duplicate entry '1' for key 'PRIMARY']
[ADMIN] [5/20/2017 11:23] [] [SYNC] FAILED TO SYNC LOCAL DATA TO SERVER [Duplicate entry 'RT001-1' for key 'PRIMARY']
[ADMIN] [5/20/2017 11:23] [] [SYNC] FAILED TO SYNC LOCAL DATA TO SERVER [Duplicate entry 'RT001-1' for key 'PRIMARY']
[ADMIN] [5/20/2017 11:23] [] USER ID = 1LOGOUT
