[] [12/1/2016 12:42] [] USER = ADMIN IS ACTIVE
[ADMIN] [12/1/2016 12:43] [] USER ID = 1 LOGIN SUCCESSFULLY
[ADMIN] [12/1/2016 12:43] [] ACTIVATE USER ACCESS RIGHT
[ADMIN] [12/1/2016 12:43] [] DISPLAY ADMIN FORM
[ADMIN] [12/1/2016 12:43] [] adminForm Load
[ADMIN] [12/1/2016 12:43] [] ACTIVATE USER ACCESS RIGHT
[ADMIN] [12/1/2016 12:43] [PENJUALAN] CASHIER FORM : MULTIPLE CASHIER INSTANCE [1]
[ADMIN] [12/1/2016 12:43] [PENJUALAN] CASHIER FORM : REGISTER HOTKEY
[ADMIN] [12/1/2016 12:43] [PENJUALAN] CASHIER FORM : cashierForm_Load, ATTEMPT TO LOAD NO FAKTUR
[ADMIN] [12/1/2016 12:43] [PENJUALAN] CASHIER FORM : loadNoFaktur, noFakturValue [SLO001]
[ADMIN] [12/1/2016 12:43] [PENJUALAN] CASHIER FORM : cashierForm_Load, ATTEMPT TO addColumnToDataGrid
[ADMIN] [12/1/2016 12:43] [PENJUALAN] CASHIER FORM : UPDATE ROW NUMBER, TOTAL ROW [1]
[ADMIN] [12/1/2016 12:43] [PENJUALAN] CASHIER FORM : cashierDataGridView_CellValueChanged [F8]
[ADMIN] [12/1/2016 12:43] [PENJUALAN] CASHIER FORM : REGISTER HOTKEY
[ADMIN] [12/1/2016 12:43] [PENJUALAN] CASHIER FORM : Combobox_KeyUp, cashierDataGridView.CurrentCell.OwningColumn.Name  [productID]
[ADMIN] [12/1/2016 12:43] [PENJUALAN] CASHIER FORM : Combobox_previewKeyDown, cashierDataGridView.CurrentCell.OwningColumn.Name  [productID]
[ADMIN] [12/1/2016 12:43] [PENJUALAN] CASHIER FORM : Combobox_previewKeyDown, cashierDataGridView.CurrentCell.OwningColumn.Name  [productID]
[ADMIN] [12/1/2016 12:43] [PENJUALAN] CASHIER FORM : Combobox_previewKeyDown, cashierDataGridView.CurrentCell.OwningColumn.Name  [productID]
[ADMIN] [12/1/2016 12:43] [PENJUALAN] CASHIER FORM : UNREGISTER HOTKEY
[ADMIN] [12/1/2016 12:43] [PENJUALAN] CASHIER FORM : UNREGISTER HOTKEY
[ADMIN] [12/1/2016 12:43] [PENJUALAN] CASHIER FORM : REGISTER HOTKEY
[ADMIN] [12/1/2016 12:43] [PENJUALAN] CASHIER FORM : cashierForm_Load, ATTEMPT TO LOAD NO FAKTUR
[ADMIN] [12/1/2016 12:43] [PENJUALAN] CASHIER FORM : loadNoFaktur, noFakturValue [SLO001]
[ADMIN] [12/1/2016 12:43] [PENJUALAN] CASHIER FORM : cashierForm_Load, ATTEMPT TO addColumnToDataGrid
[ADMIN] [12/1/2016 12:43] [PENJUALAN] CASHIER FORM : UPDATE ROW NUMBER, TOTAL ROW [1]
[ADMIN] [12/1/2016 12:43] [PENJUALAN] CASHIER FORM : cashierDataGridView_CellValueChanged [F8]
[ADMIN] [12/1/2016 12:43] [PENJUALAN] CASHIER FORM : REGISTER HOTKEY
[ADMIN] [12/1/2016 12:43] [PENJUALAN] CASHIER FORM : Combobox_previewKeyDown, cashierDataGridView.CurrentCell.OwningColumn.Name  [productID]
[ADMIN] [12/1/2016 12:43] [PENJUALAN] CASHIER FORM : UPDATE ROW NUMBER, TOTAL ROW [2]
[ADMIN] [12/1/2016 12:43] [PENJUALAN] CASHIER FORM : cashierDataGridView_CellValueChanged [F8]
[ADMIN] [12/1/2016 12:43] [PENJUALAN] CASHIER FORM : cashierDataGridView_CellValueChanged [productID]
[ADMIN] [12/1/2016 12:43] [PENJUALAN] CASHIER FORM : Combobox_KeyUp, cashierDataGridView.CurrentCell.OwningColumn.Name  [productID]
[ADMIN] [12/1/2016 12:43] [PENJUALAN] CASHIER FORM : Combobox_previewKeyDown, cashierDataGridView.CurrentCell.OwningColumn.Name  [productID]
[ADMIN] [12/1/2016 12:43] [PENJUALAN] CASHIER FORM : cashierDataGridView_CellValueChanged [productID]
[ADMIN] [12/1/2016 12:43] [PENJUALAN] CASHIER FORM : Combobox_KeyUp, cashierDataGridView.CurrentCell.OwningColumn.Name  [productID]
[ADMIN] [12/1/2016 12:43] [PENJUALAN] CASHIER FORM : Combobox_previewKeyDown, cashierDataGridView.CurrentCell.OwningColumn.Name  [productID]
[ADMIN] [12/1/2016 12:43] [PENJUALAN] CASHIER FORM : cashierDataGridView_CellValueChanged [productID]
[ADMIN] [12/1/2016 12:43] [PENJUALAN] CASHIER FORM : Combobox_KeyUp, cashierDataGridView.CurrentCell.OwningColumn.Name  [productID]
[ADMIN] [12/1/2016 12:43] [PENJUALAN] CASHIER FORM : Combobox_previewKeyDown, cashierDataGridView.CurrentCell.OwningColumn.Name  [productID]
[ADMIN] [12/1/2016 12:43] [PENJUALAN] CASHIER FORM : cashierDataGridView_CellValueChanged [productID]
[ADMIN] [12/1/2016 12:43] [PENJUALAN] CASHIER FORM : Combobox_KeyUp, cashierDataGridView.CurrentCell.OwningColumn.Name  [productID]
[ADMIN] [12/1/2016 12:43] [PENJUALAN] CASHIER FORM : Combobox_previewKeyDown, cashierDataGridView.CurrentCell.OwningColumn.Name  [productID]
[ADMIN] [12/1/2016 12:43] [PENJUALAN] CASHIER FORM : cashierDataGridView_CellValueChanged [productID]
[ADMIN] [12/1/2016 12:43] [PENJUALAN] CASHIER FORM : Combobox_KeyUp, cashierDataGridView.CurrentCell.OwningColumn.Name  [productID]
[ADMIN] [12/1/2016 12:43] [PENJUALAN] CASHIER FORM : Combobox_previewKeyDown, cashierDataGridView.CurrentCell.OwningColumn.Name  [productID]
[ADMIN] [12/1/2016 12:43] [PENJUALAN] CASHIER FORM : Combobox_KeyUp, cashierDataGridView.CurrentCell.OwningColumn.Name  [productName]
[ADMIN] [12/1/2016 12:43] [PENJUALAN] CASHIER FORM : Combobox_KeyUp, cashierDataGridView.CurrentCell.OwningColumn.Name  [productName]
[ADMIN] [12/1/2016 12:43] [PENJUALAN] CASHIER FORM : productName_previewKeyDown, cashierDataGridView.CurrentCell.OwningColumn.Name  [productName]
[ADMIN] [12/1/2016 12:43] [PENJUALAN] CASHIER FORM : Combobox_KeyUp, cashierDataGridView.CurrentCell.OwningColumn.Name  [productName]
[ADMIN] [12/1/2016 12:43] [PENJUALAN] CASHIER FORM : Combobox_KeyUp, cashierDataGridView.CurrentCell.OwningColumn.Name  [productName]
[ADMIN] [12/1/2016 12:43] [PENJUALAN] CASHIER FORM : productName_previewKeyDown, cashierDataGridView.CurrentCell.OwningColumn.Name  [productName]
[ADMIN] [12/1/2016 12:43] [PENJUALAN] CASHIER FORM : Combobox_previewKeyDown, cashierDataGridView.CurrentCell.OwningColumn.Name  [productID]
[ADMIN] [12/1/2016 12:43] [PENJUALAN] CASHIER FORM : updateSomeRowContents
[ADMIN] [12/1/2016 12:43] [PENJUALAN] CASHIER FORM : cashierDataGridView_CellValueChanged [productName]
[ADMIN] [12/1/2016 12:43] [PENJUALAN] CASHIER FORM : updateSomeRowContents
[ADMIN] [12/1/2016 12:43] [PENJUALAN] CASHIER FORM : PRODUCT PRICE TYPE [PRODUCT_BASE_PRICE]
[ADMIN] [12/1/2016 12:43] [PENJUALAN] CASHIER FORM : PRODUCT PRICE [2]
[ADMIN] [12/1/2016 12:43] [PENJUALAN] CASHIER FORM : ComboBox_SelectedIndexChanged, PRODUCT_BASE_PRICE [2]
[ADMIN] [12/1/2016 12:43] [PENJUALAN] CASHIER FORM : cashierDataGridView_CellValueChanged [hpp]
[ADMIN] [12/1/2016 12:43] [PENJUALAN] CASHIER FORM : PRODUCT PRICE TYPE [PRODUCT_RETAIL_PRICE]
[ADMIN] [12/1/2016 12:43] [PENJUALAN] CASHIER FORM : PRODUCT PRICE [1000]
[ADMIN] [12/1/2016 12:43] [PENJUALAN] CASHIER FORM : ComboBox_SelectedIndexChanged, PRODUCT_SALES_PRICE [1000]
[ADMIN] [12/1/2016 12:43] [PENJUALAN] CASHIER FORM : cashierDataGridView_CellValueChanged [productPrice]
[ADMIN] [12/1/2016 12:43] [PENJUALAN] CASHIER FORM : cashierDataGridView_CellValueChanged, previousInput [0]
[ADMIN] [12/1/2016 12:43] [PENJUALAN] CASHIER FORM : cashierDataGridView_CellValueChanged, cellValue [1000]
[ADMIN] [12/1/2016 12:43] [PENJUALAN] CASHIER FORM : cashierDataGridView_CellValueChanged, dataGridViewTextBoxEditingControl.Text pass REGEX Checking
[ADMIN] [12/1/2016 12:43] [PENJUALAN] CASHIER FORM : CALCULATE SUBTOTAL
[ADMIN] [12/1/2016 12:43] [PENJUALAN] CASHIER FORM : SUBTOTAL [0]
[ADMIN] [12/1/2016 12:43] [PENJUALAN] CASHIER FORM : cashierDataGridView_CellValueChanged, subtotal value [0]
[ADMIN] [12/1/2016 12:43] [PENJUALAN] CASHIER FORM : cashierDataGridView_CellValueChanged, attempt to calculate total value
[ADMIN] [12/1/2016 12:43] [PENJUALAN] CASHIER FORM : calculateTotal
[ADMIN] [12/1/2016 12:43] [PENJUALAN] CASHIER FORM : calculateTotal [0]
[ADMIN] [12/1/2016 12:43] [PENJUALAN] CASHIER FORM : calculateTotal, totalAfterDisc [0]
[ADMIN] [12/1/2016 12:43] [PENJUALAN] CASHIER FORM : calculateChangeValue, bayarTextBox.Text [0]
[ADMIN] [12/1/2016 12:43] [PENJUALAN] CASHIER FORM : calculateChangeValue, sisaBayar [0]
[ADMIN] [12/1/2016 12:43] [PENJUALAN] CASHIER FORM : cashierDataGridView_CellValueChanged [qty]
[ADMIN] [12/1/2016 12:43] [PENJUALAN] CASHIER FORM : cashierDataGridView_CellValueChanged, previousInput [0]
[ADMIN] [12/1/2016 12:43] [PENJUALAN] CASHIER FORM : cashierDataGridView_CellValueChanged [jumlah]
[ADMIN] [12/1/2016 12:43] [PENJUALAN] CASHIER FORM : calculateTotal
[ADMIN] [12/1/2016 12:43] [PENJUALAN] CASHIER FORM : calculateTotal [0]
[ADMIN] [12/1/2016 12:43] [PENJUALAN] CASHIER FORM : calculateTotal, totalAfterDisc [0]
[ADMIN] [12/1/2016 12:43] [PENJUALAN] CASHIER FORM : calculateChangeValue, bayarTextBox.Text [0]
[ADMIN] [12/1/2016 12:43] [PENJUALAN] CASHIER FORM : calculateChangeValue, sisaBayar [0]
[ADMIN] [12/1/2016 12:43] [PENJUALAN] CASHIER FORM : cashierDataGridView_CellValueChanged [qty]
[ADMIN] [12/1/2016 12:43] [PENJUALAN] CASHIER FORM : cashierDataGridView_CellValueChanged, previousInput [0]
[ADMIN] [12/1/2016 12:43] [PENJUALAN] CASHIER FORM : cashierDataGridView_CellValueChanged, cellValue [2]
[ADMIN] [12/1/2016 12:43] [PENJUALAN] CASHIER FORM : cashierDataGridView_CellValueChanged, dataGridViewTextBoxEditingControl.Text pass REGEX Checking
[ADMIN] [12/1/2016 12:43] [PENJUALAN] CASHIER FORM : CHECK STOCK QTY IS ENOUGH [RT001]
[ADMIN] [12/1/2016 12:43] [PENJUALAN] CASHIER FORM : CHECK STOCK QTY IS ENOUGH [84, 2]
[ADMIN] [12/1/2016 12:43] [PENJUALAN] CASHIER FORM : CALCULATE SUBTOTAL
[ADMIN] [12/1/2016 12:43] [PENJUALAN] CASHIER FORM : SUBTOTAL [2000]
[ADMIN] [12/1/2016 12:43] [PENJUALAN] CASHIER FORM : cashierDataGridView_CellValueChanged, subtotal value [2000]
[ADMIN] [12/1/2016 12:43] [PENJUALAN] CASHIER FORM : cashierDataGridView_CellValueChanged, attempt to calculate total value
[ADMIN] [12/1/2016 12:43] [PENJUALAN] CASHIER FORM : calculateTotal
[ADMIN] [12/1/2016 12:43] [PENJUALAN] CASHIER FORM : calculateTotal [2000]
[ADMIN] [12/1/2016 12:43] [PENJUALAN] CASHIER FORM : calculateTotal, totalAfterDisc [2000]
[ADMIN] [12/1/2016 12:43] [PENJUALAN] CASHIER FORM : calculateChangeValue, bayarTextBox.Text [0]
[ADMIN] [12/1/2016 12:43] [PENJUALAN] CASHIER FORM : calculateChangeValue, sisaBayar [0]
[ADMIN] [12/1/2016 12:43] [PENJUALAN] CASHIER FORM : Combobox_KeyUp, cashierDataGridView.CurrentCell.OwningColumn.Name  [qty]
[ADMIN] [12/1/2016 12:43] [PENJUALAN] CASHIER FORM : Combobox_KeyUp, cashierDataGridView.CurrentCell.OwningColumn.Name  [qty]
[ADMIN] [12/1/2016 12:43] [PENJUALAN] CASHIER FORM : Combobox_KeyUp, cashierDataGridView.CurrentCell.OwningColumn.Name  [qty]
[ADMIN] [12/1/2016 12:44] [PENJUALAN] CASHIER FORM : calculateChangeValue, bayarTextBox.Text [10]
[ADMIN] [12/1/2016 12:44] [PENJUALAN] CASHIER FORM : calculateChangeValue, sisaBayar [0]
[ADMIN] [12/1/2016 12:44] [PENJUALAN] CASHIER FORM : calculateChangeValue, bayarTextBox.Text [100]
[ADMIN] [12/1/2016 12:44] [PENJUALAN] CASHIER FORM : calculateChangeValue, sisaBayar [0]
[ADMIN] [12/1/2016 12:44] [PENJUALAN] CASHIER FORM : calculateChangeValue, bayarTextBox.Text [1000]
[ADMIN] [12/1/2016 12:44] [PENJUALAN] CASHIER FORM : calculateChangeValue, sisaBayar [0]
[ADMIN] [12/1/2016 12:44] [PENJUALAN] CASHIER FORM : HOTKEY TO SAVE AND PRINT OUT INVOICE PRESSED
[ADMIN] [12/1/2016 12:44] [PENJUALAN] CASHIER FORM : UNREGISTER HOTKEY
[ADMIN] [12/1/2016 12:44] [PENJUALAN] CASHIER FORM : REGISTER HOTKEY
[ADMIN] [12/1/2016 12:44] [PENJUALAN] CASHIER FORM : ChangePrinterButton_Click, DISPLAY PRINTER SELECTION FORM
[ADMIN] [12/1/2016 12:44] [PENJUALAN] CASHIER FORM : UNREGISTER HOTKEY
[ADMIN] [12/1/2016 12:44] [PENGATURAN PRINTER] PAPER SIZE CHANGED [2]
[ADMIN] [12/1/2016 12:44] [PENGATURAN PRINTER] DEFAULT PRINTER CHANGED [PrimoPDF]
[ADMIN] [12/1/2016 12:44] [PENJUALAN] CASHIER FORM : REGISTER HOTKEY
[ADMIN] [12/1/2016 12:44] [PENJUALAN] CASHIER FORM : HOTKEY TO SAVE AND PRINT OUT INVOICE PRESSED
[ADMIN] [12/1/2016 12:44] [PENJUALAN] CASHIER FORM : UNREGISTER HOTKEY
[ADMIN] [12/1/2016 12:44] [PENJUALAN] CASHIER FORM : REGISTER HOTKEY
[ADMIN] [12/1/2016 12:44] [PENJUALAN] ATTEMPT TO SAVE AND PRINT OUT INVOICE
[ADMIN] [12/1/2016 12:44] [PENJUALAN] CASHIER FORM : UNREGISTER HOTKEY
[ADMIN] [12/1/2016 12:44] [PENJUALAN] CASHIER FORM : REGISTER HOTKEY
[ADMIN] [12/1/2016 12:44] [PENJUALAN] CASHIER FORM : UNREGISTER HOTKEY
[ADMIN] [12/1/2016 12:44] [PENJUALAN] CASHIER FORM : ATTEMPT TO SAVE SALES DATA [01-12-2016 12:43]
[ADMIN] [12/1/2016 12:44] [PENJUALAN] CASHIER FORM : SALES DISC FINAL [0]
[ADMIN] [12/1/2016 12:44] [PENJUALAN] CASHIER FORM : CASH SALES
[ADMIN] [12/1/2016 12:44] [PENJUALAN] CASHIER FORM : MAX SALES INVOICE [30]
[ADMIN] [12/1/2016 12:44] [PENJUALAN] CASHIER FORM : SALES INVOICE [SQ-31]
[ADMIN] [12/1/2016 12:44] [PENJUALAN] INSERT INTO SALES QUOTATION HEADER [SQ-31]
[ADMIN] [12/1/2016 12:44] [PENJUALAN] INSERT INTO SALES QUOTATION DETAIL[RT001, 1000, 2]
[ADMIN] [12/1/2016 12:44] [PENJUALAN] INSERT TO DAILY JOURNAL TABLE [1000]
[ADMIN] [12/1/2016 12:44] [PENJUALAN] CASHIER FORM : REGISTER HOTKEY
[ADMIN] [12/1/2016 12:44] [PENJUALAN] TRANSACTION SAVED
[ADMIN] [12/1/2016 12:44] [PENJUALAN] PRINT OUT INVOICE
[ADMIN] [12/1/2016 12:44] [PENJUALAN] CASHIER FORM : PrintReceipt
[ADMIN] [12/1/2016 12:44] [PENJUALAN] CASHIER FORM : PrintReceipt, papermode [2]
[ADMIN] [12/1/2016 12:44] [PENJUALAN] CASHIER FORM : PrintReceipt, kuarto paper, display SalesQuotationReceiptKuartoForm
[ADMIN] [12/1/2016 12:44] [PENJUALAN] CASHIER FORM : UNREGISTER HOTKEY
[ADMIN] [12/1/2016 12:44] [PENJUALAN] CASHIER FORM : REGISTER HOTKEY
[ADMIN] [12/1/2016 12:44] [PENJUALAN] CASHIER FORM : UNREGISTER HOTKEY
[ADMIN] [12/1/2016 12:44] [PENJUALAN] CASHIER FORM : REGISTER HOTKEY
[ADMIN] [12/1/2016 12:44] [PENJUALAN] CASHIER FORM : UPDATE ROW NUMBER, TOTAL ROW [1]
[ADMIN] [12/1/2016 12:44] [PENJUALAN] CASHIER FORM : cashierDataGridView_CellValueChanged [F8]
[ADMIN] [12/1/2016 12:44] [PENJUALAN] CASHIER FORM : UNREGISTER HOTKEY
[ADMIN] [12/1/2016 12:44] [PENJUALAN] CASHIER FORM : UNREGISTER HOTKEY
[ADMIN] [12/1/2016 12:44] [PENJUALAN] CASHIER FORM : REGISTER HOTKEY
[ADMIN] [12/1/2016 12:44] [PENJUALAN] CASHIER FORM : cashierForm_Load, ATTEMPT TO LOAD NO FAKTUR
[ADMIN] [12/1/2016 12:44] [PENJUALAN] CASHIER FORM : loadNoFaktur, noFakturValue [SLO001]
[ADMIN] [12/1/2016 12:44] [PENJUALAN] CASHIER FORM : cashierForm_Load, ATTEMPT TO addColumnToDataGrid
[ADMIN] [12/1/2016 12:44] [PENJUALAN] CASHIER FORM : UPDATE ROW NUMBER, TOTAL ROW [1]
[ADMIN] [12/1/2016 12:44] [PENJUALAN] CASHIER FORM : cashierDataGridView_CellValueChanged [F8]
[ADMIN] [12/1/2016 12:44] [PENJUALAN] CASHIER FORM : ADD NEW ROW,  isActive [True]
[ADMIN] [12/1/2016 12:44] [PENJUALAN] CASHIER FORM : ADD NEW ROW,  ROW COUNT [1]
[ADMIN] [12/1/2016 12:44] [PENJUALAN] CASHIER FORM : ADD NEW ROW,  ALLOW TO ADD [True]
[ADMIN] [12/1/2016 12:44] [PENJUALAN] CASHIER FORM : UPDATE ROW NUMBER, TOTAL ROW [2]
[ADMIN] [12/1/2016 12:44] [PENJUALAN] CASHIER FORM : calculateChangeValue, bayarTextBox.Text [0]
[ADMIN] [12/1/2016 12:44] [PENJUALAN] CASHIER FORM : calculateChangeValue, sisaBayar [0]
[ADMIN] [12/1/2016 12:44] [PENJUALAN] CASHIER FORM : REGISTER HOTKEY
[ADMIN] [12/1/2016 12:45] [PENJUALAN] CASHIER FORM : Combobox_previewKeyDown, cashierDataGridView.CurrentCell.OwningColumn.Name  [productID]
[ADMIN] [12/1/2016 12:45] [PENJUALAN] CASHIER FORM : Combobox_previewKeyDown, cashierDataGridView.CurrentCell.OwningColumn.Name  [productID]
[ADMIN] [12/1/2016 12:45] [PENJUALAN] CASHIER FORM : UNREGISTER HOTKEY
[ADMIN] [12/1/2016 12:45] [PENJUALAN] CASHIER FORM : UNREGISTER HOTKEY
[ADMIN] [12/1/2016 12:45] [PENJUALAN] CASHIER FORM : MULTIPLE CASHIER INSTANCE [1]
[ADMIN] [12/1/2016 12:46] [PENJUALAN] CASHIER FORM : REGISTER HOTKEY
[ADMIN] [12/1/2016 12:46] [PENJUALAN] CASHIER FORM : cashierForm_Load, ATTEMPT TO LOAD NO FAKTUR
[ADMIN] [12/1/2016 12:46] [PENJUALAN] CASHIER FORM : loadNoFaktur, noFakturValue [SLO001]
[ADMIN] [12/1/2016 12:46] [PENJUALAN] CASHIER FORM : cashierForm_Load, ATTEMPT TO addColumnToDataGrid
[ADMIN] [12/1/2016 12:46] [PENJUALAN] CASHIER FORM : UPDATE ROW NUMBER, TOTAL ROW [1]
[ADMIN] [12/1/2016 12:46] [PENJUALAN] CASHIER FORM : cashierDataGridView_CellValueChanged [F8]
[ADMIN] [12/1/2016 12:46] [PENJUALAN] CASHIER FORM : REGISTER HOTKEY
[ADMIN] [12/1/2016 12:46] [PENJUALAN] CASHIER FORM : UNREGISTER HOTKEY
[ADMIN] [12/1/2016 12:46] [PENJUALAN] CASHIER FORM : UNREGISTER HOTKEY
[ADMIN] [12/1/2016 12:46] [] USER ID = 1LOGOUT
