[] [12/6/2016 12:10] [] USER = ADMIN IS ACTIVE
[ADMIN] [12/6/2016 12:10] [] USER ID = 1 LOGIN SUCCESSFULLY
[ADMIN] [12/6/2016 12:10] [] ACTIVATE USER ACCESS RIGHT
[ADMIN] [12/6/2016 12:10] [] DISPLAY ADMIN FORM
[ADMIN] [12/6/2016 12:10] [] adminForm Load
[ADMIN] [12/6/2016 12:10] [] ACTIVATE USER ACCESS RIGHT
[ADMIN] [12/6/2016 12:10] [PENJUALAN] CASHIER FORM : REGISTER HOTKEY
[ADMIN] [12/6/2016 12:10] [PENJUALAN] CASHIER FORM : cashierForm_Load, ATTEMPT TO LOAD NO FAKTUR
[ADMIN] [12/6/2016 12:11] [PENJUALAN] CASHIER FORM : loadNoFaktur, noFakturValue [SLO001]
[ADMIN] [12/6/2016 12:11] [PENJUALAN] CASHIER FORM : cashierForm_Load, ATTEMPT TO addColumnToDataGrid
[ADMIN] [12/6/2016 12:11] [PENJUALAN] CASHIER FORM : UPDATE ROW NUMBER, TOTAL ROW [1]
[ADMIN] [12/6/2016 12:11] [PENJUALAN] CASHIER FORM : cashierDataGridView_CellValueChanged [F8]
[ADMIN] [12/6/2016 12:11] [PENJUALAN] CASHIER FORM : ADD NEW ROW,  isActive [True]
[ADMIN] [12/6/2016 12:11] [PENJUALAN] CASHIER FORM : ADD NEW ROW,  ROW COUNT [1]
[ADMIN] [12/6/2016 12:11] [PENJUALAN] CASHIER FORM : ADD NEW ROW,  ALLOW TO ADD [True]
[ADMIN] [12/6/2016 12:11] [PENJUALAN] CASHIER FORM : UPDATE ROW NUMBER, TOTAL ROW [2]
[ADMIN] [12/6/2016 12:11] [PENJUALAN] CASHIER FORM : ADD NEW ROW,  isActive [True]
[ADMIN] [12/6/2016 12:11] [PENJUALAN] CASHIER FORM : ADD NEW ROW,  ROW COUNT [2]
[ADMIN] [12/6/2016 12:11] [PENJUALAN] CASHIER FORM : ADD NEW ROW,  ALLOW TO ADD [True]
[ADMIN] [12/6/2016 12:11] [PENJUALAN] CASHIER FORM : UPDATE ROW NUMBER, TOTAL ROW [3]
[ADMIN] [12/6/2016 12:11] [PENJUALAN] CASHIER FORM : ADD NEW ROW,  isActive [True]
[ADMIN] [12/6/2016 12:11] [PENJUALAN] CASHIER FORM : ADD NEW ROW,  ROW COUNT [3]
[ADMIN] [12/6/2016 12:11] [PENJUALAN] CASHIER FORM : ADD NEW ROW,  ALLOW TO ADD [True]
[ADMIN] [12/6/2016 12:11] [PENJUALAN] CASHIER FORM : UPDATE ROW NUMBER, TOTAL ROW [4]
[ADMIN] [12/6/2016 12:11] [PENJUALAN] CASHIER FORM : calculateChangeValue, bayarTextBox.Text [Rp20.000,00]
[ADMIN] [12/6/2016 12:11] [PENJUALAN] CASHIER FORM : calculateChangeValue, sisaBayar [0]
[ADMIN] [12/6/2016 12:11] [PENJUALAN] CASHIER FORM : REGISTER HOTKEY
[ADMIN] [12/6/2016 12:11] [PENJUALAN] CASHIER FORM : ChangePrinterButton_Click, DISPLAY PRINTER SELECTION FORM
[ADMIN] [12/6/2016 12:11] [PENJUALAN] CASHIER FORM : UNREGISTER HOTKEY
[ADMIN] [12/6/2016 12:11] [PENGATURAN PRINTER] PAPER SIZE CHANGED [1]
[ADMIN] [12/6/2016 12:11] [PENGATURAN PRINTER] DEFAULT PRINTER CHANGED [PrimoPDF]
[ADMIN] [12/6/2016 12:11] [PENJUALAN] CASHIER FORM : REGISTER HOTKEY
[ADMIN] [12/6/2016 12:11] [PENJUALAN] CASHIER FORM : HOTKEY TO SAVE AND PRINT OUT INVOICE PRESSED
[ADMIN] [12/6/2016 12:11] [PENJUALAN] CASHIER FORM : UNREGISTER HOTKEY
[ADMIN] [12/6/2016 12:11] [PENJUALAN] CASHIER FORM : REGISTER HOTKEY
[ADMIN] [12/6/2016 12:11] [PENJUALAN] ATTEMPT TO SAVE AND PRINT OUT INVOICE
[ADMIN] [12/6/2016 12:11] [PENJUALAN] CASHIER FORM : UNREGISTER HOTKEY
[ADMIN] [12/6/2016 12:11] [PENJUALAN] CASHIER FORM : ATTEMPT TO SAVE SALES DATA [06-12-2016 12:05]
[ADMIN] [12/6/2016 12:11] [PENJUALAN] CASHIER FORM : SALES DISC FINAL [0]
[ADMIN] [12/6/2016 12:11] [PENJUALAN] CASHIER FORM : CASH SALES
[ADMIN] [12/6/2016 12:11] [PENJUALAN] UPDATE SALES QUOTATION HEADER [SQ-35]
[ADMIN] [12/6/2016 12:11] [PENJUALAN] CLEAR SALES_QUOTATION_DETAIL [SQ-35]
[ADMIN] [12/6/2016 12:11] [PENJUALAN] INSERT INTO SALES QUOTATION DETAIL[RT001, 1000, 22]
[ADMIN] [12/6/2016 12:11] [PENJUALAN] INSERT INTO SALES QUOTATION DETAIL[RT002, 5000, 2]
[ADMIN] [12/6/2016 12:11] [PENJUALAN] INSERT INTO SALES QUOTATION DETAIL[RT003, 8000, 4]
[ADMIN] [12/6/2016 12:11] [PENJUALAN] CASHIER FORM : REGISTER HOTKEY
[ADMIN] [12/6/2016 12:11] [PENJUALAN] TRANSACTION SAVED
[ADMIN] [12/6/2016 12:11] [PENJUALAN] PRINT OUT INVOICE
[ADMIN] [12/6/2016 12:11] [PENJUALAN] CASHIER FORM : PrintReceipt
[ADMIN] [12/6/2016 12:11] [PENJUALAN] CASHIER FORM : PrintReceipt, papermode [1]
[ADMIN] [12/6/2016 12:11] [PENJUALAN] CASHIER FORM : PrintReceipt, 1/2 kuarto display SalesQuotationReceiptForm
[ADMIN] [12/6/2016 12:11] [PENJUALAN] CASHIER FORM : UNREGISTER HOTKEY
[ADMIN] [12/6/2016 12:11] [PENJUALAN] CASHIER FORM : REGISTER HOTKEY
[ADMIN] [12/6/2016 12:11] [PENJUALAN] CASHIER FORM : UNREGISTER HOTKEY
[ADMIN] [12/6/2016 12:11] [PENJUALAN] CASHIER FORM : REGISTER HOTKEY
[ADMIN] [12/6/2016 12:11] [PENJUALAN] CASHIER FORM : UPDATE ROW NUMBER, TOTAL ROW [1]
[ADMIN] [12/6/2016 12:11] [PENJUALAN] CASHIER FORM : UNREGISTER HOTKEY
[ADMIN] [12/6/2016 12:12] [PENJUALAN] CASHIER FORM : REGISTER HOTKEY
[ADMIN] [12/6/2016 12:12] [PENJUALAN] CASHIER FORM : UNREGISTER HOTKEY
[ADMIN] [12/6/2016 12:12] [PENJUALAN] CASHIER FORM : REGISTER HOTKEY
[ADMIN] [12/6/2016 12:12] [PENJUALAN] CASHIER FORM : UNREGISTER HOTKEY
[ADMIN] [12/6/2016 12:12] [PENJUALAN] CASHIER FORM : UNREGISTER HOTKEY
[ADMIN] [12/6/2016 12:12] [PENJUALAN] CASHIER FORM : REGISTER HOTKEY
[ADMIN] [12/6/2016 12:12] [PENJUALAN] CASHIER FORM : cashierForm_Load, ATTEMPT TO LOAD NO FAKTUR
[ADMIN] [12/6/2016 12:12] [PENJUALAN] CASHIER FORM : loadNoFaktur, noFakturValue [SLO001]
[ADMIN] [12/6/2016 12:12] [PENJUALAN] CASHIER FORM : cashierForm_Load, ATTEMPT TO addColumnToDataGrid
[ADMIN] [12/6/2016 12:12] [PENJUALAN] CASHIER FORM : UPDATE ROW NUMBER, TOTAL ROW [1]
[ADMIN] [12/6/2016 12:12] [PENJUALAN] CASHIER FORM : cashierDataGridView_CellValueChanged [F8]
[ADMIN] [12/6/2016 12:12] [PENJUALAN] CASHIER FORM : ADD NEW ROW,  isActive [True]
[ADMIN] [12/6/2016 12:12] [PENJUALAN] CASHIER FORM : ADD NEW ROW,  ROW COUNT [1]
[ADMIN] [12/6/2016 12:12] [PENJUALAN] CASHIER FORM : ADD NEW ROW,  ALLOW TO ADD [True]
[ADMIN] [12/6/2016 12:12] [PENJUALAN] CASHIER FORM : UPDATE ROW NUMBER, TOTAL ROW [2]
[ADMIN] [12/6/2016 12:12] [PENJUALAN] CASHIER FORM : ADD NEW ROW,  isActive [True]
[ADMIN] [12/6/2016 12:12] [PENJUALAN] CASHIER FORM : ADD NEW ROW,  ROW COUNT [2]
[ADMIN] [12/6/2016 12:12] [PENJUALAN] CASHIER FORM : ADD NEW ROW,  ALLOW TO ADD [True]
[ADMIN] [12/6/2016 12:12] [PENJUALAN] CASHIER FORM : UPDATE ROW NUMBER, TOTAL ROW [3]
[ADMIN] [12/6/2016 12:12] [PENJUALAN] CASHIER FORM : ADD NEW ROW,  isActive [True]
[ADMIN] [12/6/2016 12:12] [PENJUALAN] CASHIER FORM : ADD NEW ROW,  ROW COUNT [3]
[ADMIN] [12/6/2016 12:12] [PENJUALAN] CASHIER FORM : ADD NEW ROW,  ALLOW TO ADD [True]
[ADMIN] [12/6/2016 12:12] [PENJUALAN] CASHIER FORM : UPDATE ROW NUMBER, TOTAL ROW [4]
[ADMIN] [12/6/2016 12:12] [PENJUALAN] CASHIER FORM : calculateChangeValue, bayarTextBox.Text [Rp20.000,00]
[ADMIN] [12/6/2016 12:12] [PENJUALAN] CASHIER FORM : calculateChangeValue, sisaBayar [0]
[ADMIN] [12/6/2016 12:12] [PENJUALAN] CASHIER FORM : REGISTER HOTKEY
[ADMIN] [12/6/2016 12:12] [PENJUALAN] CASHIER FORM : HOTKEY TO SAVE AND PRINT OUT INVOICE PRESSED
[ADMIN] [12/6/2016 12:12] [PENJUALAN] CASHIER FORM : UNREGISTER HOTKEY
[ADMIN] [12/6/2016 12:12] [PENJUALAN] CASHIER FORM : REGISTER HOTKEY
[ADMIN] [12/6/2016 12:12] [PENJUALAN] ATTEMPT TO SAVE AND PRINT OUT INVOICE
[ADMIN] [12/6/2016 12:12] [PENJUALAN] CASHIER FORM : UNREGISTER HOTKEY
[ADMIN] [12/6/2016 12:12] [PENJUALAN] CASHIER FORM : ATTEMPT TO SAVE SALES DATA [06-12-2016 12:05]
[ADMIN] [12/6/2016 12:12] [PENJUALAN] CASHIER FORM : SALES DISC FINAL [0]
[ADMIN] [12/6/2016 12:12] [PENJUALAN] CASHIER FORM : CASH SALES
[ADMIN] [12/6/2016 12:12] [PENJUALAN] UPDATE SALES QUOTATION HEADER [SQ-35]
[] [12/7/2016 23:07] [] USER = ADMIN IS ACTIVE
[ADMIN] [12/7/2016 23:07] [] USER ID = 1 LOGIN SUCCESSFULLY
[ADMIN] [12/7/2016 23:07] [] ACTIVATE USER ACCESS RIGHT
[ADMIN] [12/7/2016 23:07] [] DISPLAY ADMIN FORM
[ADMIN] [12/7/2016 23:07] [] adminForm Load
[ADMIN] [12/7/2016 23:07] [] ACTIVATE USER ACCESS RIGHT
[ADMIN] [12/7/2016 23:10] [PENJUALAN] CASHIER FORM : REGISTER HOTKEY
[ADMIN] [12/7/2016 23:10] [PENJUALAN] CASHIER FORM : cashierForm_Load, ATTEMPT TO LOAD NO FAKTUR
[ADMIN] [12/7/2016 23:10] [PENJUALAN] CASHIER FORM : loadNoFaktur, noFakturValue [SLO001]
[ADMIN] [12/7/2016 23:10] [PENJUALAN] CASHIER FORM : cashierForm_Load, ATTEMPT TO addColumnToDataGrid
[ADMIN] [12/7/2016 23:10] [PENJUALAN] CASHIER FORM : UPDATE ROW NUMBER, TOTAL ROW [1]
[ADMIN] [12/7/2016 23:10] [PENJUALAN] CASHIER FORM : cashierDataGridView_CellValueChanged [F8]
[ADMIN] [12/7/2016 23:10] [PENJUALAN] CASHIER FORM : REGISTER HOTKEY
[ADMIN] [12/7/2016 23:10] [PENJUALAN] CASHIER FORM : Combobox_previewKeyDown, cashierDataGridView.CurrentCell.OwningColumn.Name  [productID]
[ADMIN] [12/7/2016 23:10] [PENJUALAN] CASHIER FORM : UPDATE ROW NUMBER, TOTAL ROW [2]
[ADMIN] [12/7/2016 23:10] [PENJUALAN] CASHIER FORM : cashierDataGridView_CellValueChanged [F8]
[ADMIN] [12/7/2016 23:10] [PENJUALAN] CASHIER FORM : cashierDataGridView_CellValueChanged [productID]
[ADMIN] [12/7/2016 23:10] [PENJUALAN] CASHIER FORM : Combobox_KeyUp, cashierDataGridView.CurrentCell.OwningColumn.Name  [productID]
[ADMIN] [12/7/2016 23:10] [PENJUALAN] CASHIER FORM : Combobox_previewKeyDown, cashierDataGridView.CurrentCell.OwningColumn.Name  [productID]
[ADMIN] [12/7/2016 23:10] [PENJUALAN] CASHIER FORM : cashierDataGridView_CellValueChanged [productID]
[ADMIN] [12/7/2016 23:10] [PENJUALAN] CASHIER FORM : Combobox_KeyUp, cashierDataGridView.CurrentCell.OwningColumn.Name  [productID]
[ADMIN] [12/7/2016 23:10] [PENJUALAN] CASHIER FORM : Combobox_previewKeyDown, cashierDataGridView.CurrentCell.OwningColumn.Name  [productID]
[ADMIN] [12/7/2016 23:10] [PENJUALAN] CASHIER FORM : cashierDataGridView_CellValueChanged [productID]
[ADMIN] [12/7/2016 23:10] [PENJUALAN] CASHIER FORM : Combobox_KeyUp, cashierDataGridView.CurrentCell.OwningColumn.Name  [productID]
[ADMIN] [12/7/2016 23:10] [PENJUALAN] CASHIER FORM : Combobox_previewKeyDown, cashierDataGridView.CurrentCell.OwningColumn.Name  [productID]
[ADMIN] [12/7/2016 23:10] [PENJUALAN] CASHIER FORM : cashierDataGridView_CellValueChanged [productID]
[ADMIN] [12/7/2016 23:10] [PENJUALAN] CASHIER FORM : Combobox_KeyUp, cashierDataGridView.CurrentCell.OwningColumn.Name  [productID]
[ADMIN] [12/7/2016 23:10] [PENJUALAN] CASHIER FORM : Combobox_previewKeyDown, cashierDataGridView.CurrentCell.OwningColumn.Name  [productID]
[ADMIN] [12/7/2016 23:10] [PENJUALAN] CASHIER FORM : cashierDataGridView_CellValueChanged [productID]
[ADMIN] [12/7/2016 23:10] [PENJUALAN] CASHIER FORM : Combobox_KeyUp, cashierDataGridView.CurrentCell.OwningColumn.Name  [productID]
[ADMIN] [12/7/2016 23:10] [PENJUALAN] CASHIER FORM : Combobox_previewKeyDown, cashierDataGridView.CurrentCell.OwningColumn.Name  [productID]
[ADMIN] [12/7/2016 23:10] [PENJUALAN] CASHIER FORM : Combobox_KeyUp, cashierDataGridView.CurrentCell.OwningColumn.Name  [productName]
[ADMIN] [12/7/2016 23:10] [PENJUALAN] CASHIER FORM : Combobox_KeyUp, cashierDataGridView.CurrentCell.OwningColumn.Name  [productName]
[ADMIN] [12/7/2016 23:10] [PENJUALAN] CASHIER FORM : productName_previewKeyDown, cashierDataGridView.CurrentCell.OwningColumn.Name  [productName]
[ADMIN] [12/7/2016 23:10] [PENJUALAN] CASHIER FORM : productName_previewKeyDown, cashierDataGridView.CurrentCell.OwningColumn.Name  [productName]
[ADMIN] [12/7/2016 23:10] [PENJUALAN] CASHIER FORM : productName_previewKeyDown, cashierDataGridView.CurrentCell.OwningColumn.Name  [productName]
[ADMIN] [12/7/2016 23:10] [PENJUALAN] CASHIER FORM : Combobox_previewKeyDown, cashierDataGridView.CurrentCell.OwningColumn.Name  [productID]
[ADMIN] [12/7/2016 23:10] [PENJUALAN] CASHIER FORM : Combobox_previewKeyDown, cashierDataGridView.CurrentCell.OwningColumn.Name  [productID]
[ADMIN] [12/7/2016 23:10] [PENJUALAN] CASHIER FORM : Combobox_previewKeyDown, cashierDataGridView.CurrentCell.OwningColumn.Name  [productID]
[ADMIN] [12/7/2016 23:10] [PENJUALAN] CASHIER FORM : updateSomeRowContents
[ADMIN] [12/7/2016 23:10] [PENJUALAN] CASHIER FORM : cashierDataGridView_CellValueChanged [productName]
[ADMIN] [12/7/2016 23:10] [PENJUALAN] CASHIER FORM : updateSomeRowContents
[ADMIN] [12/7/2016 23:10] [PENJUALAN] CASHIER FORM : PRODUCT PRICE TYPE [PRODUCT_BASE_PRICE]
[ADMIN] [12/7/2016 23:10] [PENJUALAN] CASHIER FORM : PRODUCT PRICE [2]
[ADMIN] [12/7/2016 23:10] [PENJUALAN] CASHIER FORM : ComboBox_SelectedIndexChanged, PRODUCT_BASE_PRICE [2]
[ADMIN] [12/7/2016 23:10] [PENJUALAN] CASHIER FORM : cashierDataGridView_CellValueChanged [hpp]
[ADMIN] [12/7/2016 23:10] [PENJUALAN] CASHIER FORM : PRODUCT PRICE TYPE [PRODUCT_RETAIL_PRICE]
[ADMIN] [12/7/2016 23:10] [PENJUALAN] CASHIER FORM : PRODUCT PRICE [1000]
[ADMIN] [12/7/2016 23:10] [PENJUALAN] CASHIER FORM : ComboBox_SelectedIndexChanged, PRODUCT_SALES_PRICE [1000]
[ADMIN] [12/7/2016 23:10] [PENJUALAN] CASHIER FORM : cashierDataGridView_CellValueChanged [productPrice]
[ADMIN] [12/7/2016 23:10] [PENJUALAN] CASHIER FORM : cashierDataGridView_CellValueChanged, previousInput [0]
[ADMIN] [12/7/2016 23:10] [PENJUALAN] CASHIER FORM : cashierDataGridView_CellValueChanged, cellValue [1000]
[ADMIN] [12/7/2016 23:10] [PENJUALAN] CASHIER FORM : cashierDataGridView_CellValueChanged, dataGridViewTextBoxEditingControl.Text pass REGEX Checking
[ADMIN] [12/7/2016 23:10] [PENJUALAN] CASHIER FORM : CALCULATE SUBTOTAL
[ADMIN] [12/7/2016 23:10] [PENJUALAN] CASHIER FORM : SUBTOTAL [0]
[ADMIN] [12/7/2016 23:10] [PENJUALAN] CASHIER FORM : cashierDataGridView_CellValueChanged, subtotal value [0]
[ADMIN] [12/7/2016 23:10] [PENJUALAN] CASHIER FORM : cashierDataGridView_CellValueChanged, attempt to calculate total value
[ADMIN] [12/7/2016 23:10] [PENJUALAN] CASHIER FORM : calculateTotal
[ADMIN] [12/7/2016 23:10] [PENJUALAN] CASHIER FORM : calculateTotal [0]
[ADMIN] [12/7/2016 23:10] [PENJUALAN] CASHIER FORM : calculateTotal, totalAfterDisc [0]
[ADMIN] [12/7/2016 23:10] [PENJUALAN] CASHIER FORM : calculateChangeValue, bayarTextBox.Text [0]
[ADMIN] [12/7/2016 23:10] [PENJUALAN] CASHIER FORM : calculateChangeValue, sisaBayar [0]
[ADMIN] [12/7/2016 23:10] [PENJUALAN] CASHIER FORM : cashierDataGridView_CellValueChanged [qty]
[ADMIN] [12/7/2016 23:10] [PENJUALAN] CASHIER FORM : cashierDataGridView_CellValueChanged, previousInput [0]
[ADMIN] [12/7/2016 23:10] [PENJUALAN] CASHIER FORM : cashierDataGridView_CellValueChanged [jumlah]
[ADMIN] [12/7/2016 23:10] [PENJUALAN] CASHIER FORM : calculateTotal
[ADMIN] [12/7/2016 23:10] [PENJUALAN] CASHIER FORM : calculateTotal [0]
[ADMIN] [12/7/2016 23:10] [PENJUALAN] CASHIER FORM : calculateTotal, totalAfterDisc [0]
[ADMIN] [12/7/2016 23:10] [PENJUALAN] CASHIER FORM : calculateChangeValue, bayarTextBox.Text [0]
[ADMIN] [12/7/2016 23:10] [PENJUALAN] CASHIER FORM : calculateChangeValue, sisaBayar [0]
[ADMIN] [12/7/2016 23:10] [PENJUALAN] CASHIER FORM : cashierDataGridView_CellValueChanged [qty]
[ADMIN] [12/7/2016 23:10] [PENJUALAN] CASHIER FORM : cashierDataGridView_CellValueChanged, previousInput [0]
[ADMIN] [12/7/2016 23:10] [PENJUALAN] CASHIER FORM : cashierDataGridView_CellValueChanged, cellValue [2]
[ADMIN] [12/7/2016 23:10] [PENJUALAN] CASHIER FORM : cashierDataGridView_CellValueChanged, dataGridViewTextBoxEditingControl.Text pass REGEX Checking
[ADMIN] [12/7/2016 23:10] [PENJUALAN] CASHIER FORM : CHECK STOCK QTY IS ENOUGH [RT001]
[ADMIN] [12/7/2016 23:10] [PENJUALAN] CASHIER FORM : CHECK STOCK QTY IS ENOUGH [62, 2]
[ADMIN] [12/7/2016 23:10] [PENJUALAN] CASHIER FORM : CALCULATE SUBTOTAL
[ADMIN] [12/7/2016 23:10] [PENJUALAN] CASHIER FORM : SUBTOTAL [2000]
[ADMIN] [12/7/2016 23:10] [PENJUALAN] CASHIER FORM : cashierDataGridView_CellValueChanged, subtotal value [2000]
[ADMIN] [12/7/2016 23:10] [PENJUALAN] CASHIER FORM : cashierDataGridView_CellValueChanged, attempt to calculate total value
[ADMIN] [12/7/2016 23:10] [PENJUALAN] CASHIER FORM : calculateTotal
[ADMIN] [12/7/2016 23:10] [PENJUALAN] CASHIER FORM : calculateTotal [2000]
[ADMIN] [12/7/2016 23:10] [PENJUALAN] CASHIER FORM : calculateTotal, totalAfterDisc [2000]
[ADMIN] [12/7/2016 23:10] [PENJUALAN] CASHIER FORM : calculateChangeValue, bayarTextBox.Text [0]
[ADMIN] [12/7/2016 23:10] [PENJUALAN] CASHIER FORM : calculateChangeValue, sisaBayar [0]
[ADMIN] [12/7/2016 23:10] [PENJUALAN] CASHIER FORM : Combobox_KeyUp, cashierDataGridView.CurrentCell.OwningColumn.Name  [qty]
[ADMIN] [12/7/2016 23:10] [PENJUALAN] CASHIER FORM : Combobox_KeyUp, cashierDataGridView.CurrentCell.OwningColumn.Name  [qty]
[ADMIN] [12/7/2016 23:10] [PENJUALAN] CASHIER FORM : Combobox_KeyUp, cashierDataGridView.CurrentCell.OwningColumn.Name  [qty]
[ADMIN] [12/7/2016 23:10] [PENJUALAN] CASHIER FORM : Combobox_KeyUp, cashierDataGridView.CurrentCell.OwningColumn.Name  [qty]
[ADMIN] [12/7/2016 23:10] [PENJUALAN] CASHIER FORM : Combobox_KeyUp, cashierDataGridView.CurrentCell.OwningColumn.Name  [qty]
[ADMIN] [12/7/2016 23:10] [PENJUALAN] CASHIER FORM : ChangePrinterButton_Click, DISPLAY PRINTER SELECTION FORM
[ADMIN] [12/7/2016 23:10] [PENJUALAN] CASHIER FORM : UNREGISTER HOTKEY
[ADMIN] [12/7/2016 23:11] [PENJUALAN] CASHIER FORM : REGISTER HOTKEY
[ADMIN] [12/7/2016 23:11] [PENJUALAN] CASHIER FORM : DISPLAY PELANGGAN FORM
[ADMIN] [12/7/2016 23:11] [PENJUALAN] CASHIER FORM : UNREGISTER HOTKEY
[ADMIN] [12/7/2016 23:11] [PENJUALAN] CASHIER FORM : SELECTED CUSTOMER ID [1]
[ADMIN] [12/7/2016 23:11] [PENJUALAN] CASHIER FORM : ATTEMPT TO SET CUSTOMER PROFILE
[ADMIN] [12/7/2016 23:11] [PENJUALAN] CASHIER FORM : SET CUSTOMER PROFILE [ANDRI]
[ADMIN] [12/7/2016 23:11] [PENJUALAN] CASHIER FORM : CUSTOMER GROUP [P-UMUM [ECER]]
[ADMIN] [12/7/2016 23:11] [PENJUALAN] CASHIER FORM : FINISHED SET CUSTOMER PROFILE
[ADMIN] [12/7/2016 23:11] [PENJUALAN] CASHIER FORM : ATTEMPT TO REFRESH PRODUCT PRICE
[ADMIN] [12/7/2016 23:11] [PENJUALAN] CASHIER FORM : PRODUCT PRICE TYPE [PRODUCT_RETAIL_PRICE]
[ADMIN] [12/7/2016 23:11] [PENJUALAN] CASHIER FORM : PRODUCT PRICE [1000]
[ADMIN] [12/7/2016 23:11] [PENJUALAN] CASHIER FORM : CALCULATE SUBTOTAL
[ADMIN] [12/7/2016 23:11] [PENJUALAN] CASHIER FORM : SUBTOTAL [2000]
[ADMIN] [12/7/2016 23:11] [PENJUALAN] CASHIER FORM : calculateTotal
[ADMIN] [12/7/2016 23:11] [PENJUALAN] CASHIER FORM : calculateTotal [2000]
[ADMIN] [12/7/2016 23:11] [PENJUALAN] CASHIER FORM : calculateTotal, totalAfterDisc [2000]
[ADMIN] [12/7/2016 23:11] [PENJUALAN] CASHIER FORM : calculateChangeValue, bayarTextBox.Text [0]
[ADMIN] [12/7/2016 23:11] [PENJUALAN] CASHIER FORM : calculateChangeValue, sisaBayar [0]
[ADMIN] [12/7/2016 23:11] [PENJUALAN] CASHIER FORM : PRODUCT PRICE REFRESHED
[ADMIN] [12/7/2016 23:11] [PENJUALAN] CASHIER FORM : REGISTER HOTKEY
[ADMIN] [12/7/2016 23:11] [PENJUALAN] CASHIER FORM : calculateChangeValue, bayarTextBox.Text [10]
[ADMIN] [12/7/2016 23:11] [PENJUALAN] CASHIER FORM : calculateChangeValue, sisaBayar [0]
[ADMIN] [12/7/2016 23:11] [PENJUALAN] CASHIER FORM : calculateChangeValue, bayarTextBox.Text [100]
[ADMIN] [12/7/2016 23:11] [PENJUALAN] CASHIER FORM : calculateChangeValue, sisaBayar [0]
[ADMIN] [12/7/2016 23:11] [PENJUALAN] CASHIER FORM : calculateChangeValue, bayarTextBox.Text [1000]
[ADMIN] [12/7/2016 23:11] [PENJUALAN] CASHIER FORM : calculateChangeValue, sisaBayar [0]
[ADMIN] [12/7/2016 23:11] [PENJUALAN] CASHIER FORM : HOTKEY TO SAVE AND PRINT OUT INVOICE PRESSED
[ADMIN] [12/7/2016 23:11] [PENJUALAN] CASHIER FORM : UNREGISTER HOTKEY
[ADMIN] [12/7/2016 23:11] [PENJUALAN] CASHIER FORM : REGISTER HOTKEY
[ADMIN] [12/7/2016 23:11] [PENJUALAN] ATTEMPT TO SAVE AND PRINT OUT INVOICE
[ADMIN] [12/7/2016 23:11] [PENJUALAN] CASHIER FORM : UNREGISTER HOTKEY
[ADMIN] [12/7/2016 23:11] [PENJUALAN] CASHIER FORM : ATTEMPT TO SAVE SALES DATA [07-12-2016 23:10]
[ADMIN] [12/7/2016 23:11] [PENJUALAN] CASHIER FORM : SALES DISC FINAL [0]
[ADMIN] [12/7/2016 23:11] [PENJUALAN] CASHIER FORM : CASH SALES
[ADMIN] [12/7/2016 23:11] [PENJUALAN] CASHIER FORM : MAX SALES INVOICE [35]
[ADMIN] [12/7/2016 23:11] [PENJUALAN] CASHIER FORM : SALES INVOICE [SQ-36]
[ADMIN] [12/7/2016 23:11] [PENJUALAN] INSERT INTO SALES QUOTATION HEADER [SQ-36]
[ADMIN] [12/7/2016 23:11] [PENJUALAN] INSERT INTO SALES QUOTATION DETAIL[RT001, 1000, 2]
[ADMIN] [12/7/2016 23:11] [PENJUALAN] INSERT TO DAILY JOURNAL TABLE [1000]
[ADMIN] [12/7/2016 23:11] [PENJUALAN] CASHIER FORM : REGISTER HOTKEY
[ADMIN] [12/7/2016 23:11] [PENJUALAN] TRANSACTION SAVED
[ADMIN] [12/7/2016 23:11] [PENJUALAN] PRINT OUT INVOICE
[ADMIN] [12/7/2016 23:11] [PENJUALAN] CASHIER FORM : PrintReceipt
[ADMIN] [12/7/2016 23:11] [PENJUALAN] CASHIER FORM : PrintReceipt, POS size Paper
[ADMIN] [12/7/2016 23:11] [PENJUALAN] CASHIER FORM : calculatePageLength, totalLengthPage [313]
[ADMIN] [12/7/2016 23:11] [PENJUALAN] CASHIER FORM : UNREGISTER HOTKEY
[ADMIN] [12/7/2016 23:11] [PENJUALAN] CASHIER FORM : printDocument1_PrintPage, print POS size receipt
[ADMIN] [12/7/2016 23:11] [PENJUALAN] CASHIER FORM : loadNamaUser
[ADMIN] [12/7/2016 23:11] [PENJUALAN] CASHIER FORM : REGISTER HOTKEY
[] [12/7/2016 23:13] [] USER = ADMIN IS ACTIVE
[ADMIN] [12/7/2016 23:13] [] USER ID = 1 LOGIN SUCCESSFULLY
[ADMIN] [12/7/2016 23:13] [] ACTIVATE USER ACCESS RIGHT
[ADMIN] [12/7/2016 23:13] [] DISPLAY ADMIN FORM
[ADMIN] [12/7/2016 23:13] [] adminForm Load
[ADMIN] [12/7/2016 23:13] [] ACTIVATE USER ACCESS RIGHT
[ADMIN] [12/7/2016 23:13] [PENJUALAN] CASHIER FORM : REGISTER HOTKEY
[ADMIN] [12/7/2016 23:13] [PENJUALAN] CASHIER FORM : cashierForm_Load, ATTEMPT TO LOAD NO FAKTUR
[ADMIN] [12/7/2016 23:13] [PENJUALAN] CASHIER FORM : loadNoFaktur, noFakturValue [SLO001]
[ADMIN] [12/7/2016 23:13] [PENJUALAN] CASHIER FORM : cashierForm_Load, ATTEMPT TO addColumnToDataGrid
[ADMIN] [12/7/2016 23:13] [PENJUALAN] CASHIER FORM : UPDATE ROW NUMBER, TOTAL ROW [1]
[ADMIN] [12/7/2016 23:13] [PENJUALAN] CASHIER FORM : cashierDataGridView_CellValueChanged [F8]
[ADMIN] [12/7/2016 23:13] [PENJUALAN] CASHIER FORM : ADD NEW ROW,  isActive [True]
[ADMIN] [12/7/2016 23:13] [PENJUALAN] CASHIER FORM : ADD NEW ROW,  ROW COUNT [1]
[ADMIN] [12/7/2016 23:13] [PENJUALAN] CASHIER FORM : ADD NEW ROW,  ALLOW TO ADD [True]
[ADMIN] [12/7/2016 23:13] [PENJUALAN] CASHIER FORM : UPDATE ROW NUMBER, TOTAL ROW [2]
[ADMIN] [12/7/2016 23:13] [PENJUALAN] CASHIER FORM : calculateChangeValue, bayarTextBox.Text [Rp1.000,00]
[ADMIN] [12/7/2016 23:13] [PENJUALAN] CASHIER FORM : calculateChangeValue, sisaBayar [0]
[ADMIN] [12/7/2016 23:13] [PENJUALAN] CASHIER FORM : REGISTER HOTKEY
[ADMIN] [12/7/2016 23:13] [PENJUALAN] CASHIER FORM : Combobox_previewKeyDown, cashierDataGridView.CurrentCell.OwningColumn.Name  [productID]
[ADMIN] [12/7/2016 23:13] [PENJUALAN] CASHIER FORM : Combobox_KeyUp, cashierDataGridView.CurrentCell.OwningColumn.Name  [productID]
[ADMIN] [12/7/2016 23:13] [PENJUALAN] CASHIER FORM : DISPLAY PELANGGAN FORM
[ADMIN] [12/7/2016 23:13] [PENJUALAN] CASHIER FORM : UNREGISTER HOTKEY
[ADMIN] [12/7/2016 23:13] [PENJUALAN] CASHIER FORM : SELECTED CUSTOMER ID [1]
[ADMIN] [12/7/2016 23:13] [PENJUALAN] CASHIER FORM : ATTEMPT TO SET CUSTOMER PROFILE
[ADMIN] [12/7/2016 23:13] [PENJUALAN] CASHIER FORM : SET CUSTOMER PROFILE [ANDRI]
[ADMIN] [12/7/2016 23:13] [PENJUALAN] CASHIER FORM : CUSTOMER GROUP [P-UMUM [ECER]]
[ADMIN] [12/7/2016 23:13] [PENJUALAN] CASHIER FORM : FINISHED SET CUSTOMER PROFILE
[ADMIN] [12/7/2016 23:13] [PENJUALAN] CASHIER FORM : ATTEMPT TO REFRESH PRODUCT PRICE
[ADMIN] [12/7/2016 23:13] [PENJUALAN] CASHIER FORM : PRODUCT PRICE TYPE [PRODUCT_RETAIL_PRICE]
[ADMIN] [12/7/2016 23:13] [PENJUALAN] CASHIER FORM : PRODUCT PRICE [1000]
[ADMIN] [12/7/2016 23:13] [PENJUALAN] CASHIER FORM : cashierDataGridView_CellValueChanged [productPrice]
[ADMIN] [12/7/2016 23:13] [PENJUALAN] CASHIER FORM : cashierDataGridView_CellValueChanged, previousInput [1000]
[ADMIN] [12/7/2016 23:13] [PENJUALAN] CASHIER FORM : CALCULATE SUBTOTAL
[ADMIN] [12/7/2016 23:13] [PENJUALAN] CASHIER FORM : SUBTOTAL [2000]
[ADMIN] [12/7/2016 23:13] [PENJUALAN] CASHIER FORM : cashierDataGridView_CellValueChanged [jumlah]
[ADMIN] [12/7/2016 23:13] [PENJUALAN] CASHIER FORM : calculateTotal
[ADMIN] [12/7/2016 23:13] [PENJUALAN] CASHIER FORM : calculateTotal [2000]
[ADMIN] [12/7/2016 23:13] [PENJUALAN] CASHIER FORM : calculateTotal, totalAfterDisc [2000]
[ADMIN] [12/7/2016 23:13] [PENJUALAN] CASHIER FORM : calculateChangeValue, bayarTextBox.Text [Rp1.000,00]
[ADMIN] [12/7/2016 23:13] [PENJUALAN] CASHIER FORM : calculateChangeValue, sisaBayar [0]
[ADMIN] [12/7/2016 23:13] [PENJUALAN] CASHIER FORM : PRODUCT PRICE REFRESHED
[ADMIN] [12/7/2016 23:13] [PENJUALAN] CASHIER FORM : REGISTER HOTKEY
[ADMIN] [12/7/2016 23:13] [PENJUALAN] CASHIER FORM : Combobox_KeyUp, cashierDataGridView.CurrentCell.OwningColumn.Name  [productID]
[ADMIN] [12/7/2016 23:13] [PENJUALAN] CASHIER FORM : HOTKEY TO SAVE AND PRINT OUT INVOICE PRESSED
[ADMIN] [12/7/2016 23:13] [PENJUALAN] CASHIER FORM : UNREGISTER HOTKEY
[ADMIN] [12/7/2016 23:13] [PENJUALAN] CASHIER FORM : REGISTER HOTKEY
[ADMIN] [12/7/2016 23:13] [PENJUALAN] ATTEMPT TO SAVE AND PRINT OUT INVOICE
[ADMIN] [12/7/2016 23:13] [PENJUALAN] CASHIER FORM : UNREGISTER HOTKEY
[ADMIN] [12/7/2016 23:13] [PENJUALAN] CASHIER FORM : ATTEMPT TO SAVE SALES DATA [01-12-2016 12:43]
[ADMIN] [12/7/2016 23:13] [PENJUALAN] CASHIER FORM : SALES DISC FINAL [0]
[ADMIN] [12/7/2016 23:13] [PENJUALAN] CASHIER FORM : CASH SALES
[ADMIN] [12/7/2016 23:13] [PENJUALAN] UPDATE SALES QUOTATION HEADER [SQ-31]
[ADMIN] [12/7/2016 23:13] [PENJUALAN] CLEAR SALES_QUOTATION_DETAIL [SQ-31]
[ADMIN] [12/7/2016 23:13] [PENJUALAN] INSERT INTO SALES QUOTATION DETAIL[RT001, 1000, 2]
[ADMIN] [12/7/2016 23:13] [PENJUALAN] CASHIER FORM : REGISTER HOTKEY
[ADMIN] [12/7/2016 23:13] [PENJUALAN] TRANSACTION SAVED
[ADMIN] [12/7/2016 23:13] [PENJUALAN] PRINT OUT INVOICE
[ADMIN] [12/7/2016 23:13] [PENJUALAN] CASHIER FORM : PrintReceipt
[ADMIN] [12/7/2016 23:13] [PENJUALAN] CASHIER FORM : PrintReceipt, POS size Paper
[ADMIN] [12/7/2016 23:13] [PENJUALAN] CASHIER FORM : calculatePageLength, totalLengthPage [313]
[ADMIN] [12/7/2016 23:13] [PENJUALAN] CASHIER FORM : UNREGISTER HOTKEY
[ADMIN] [12/7/2016 23:13] [PENJUALAN] CASHIER FORM : printDocument1_PrintPage, print POS size receipt
[ADMIN] [12/7/2016 23:13] [PENJUALAN] CASHIER FORM : loadNamaUser
[ADMIN] [12/7/2016 23:13] [PENJUALAN] CASHIER FORM : REGISTER HOTKEY
[] [12/7/2016 23:14] [] USER = ADMIN IS ACTIVE
[ADMIN] [12/7/2016 23:14] [] USER ID = 1 LOGIN SUCCESSFULLY
[ADMIN] [12/7/2016 23:14] [] ACTIVATE USER ACCESS RIGHT
[ADMIN] [12/7/2016 23:14] [] DISPLAY ADMIN FORM
[ADMIN] [12/7/2016 23:14] [] adminForm Load
[ADMIN] [12/7/2016 23:14] [] ACTIVATE USER ACCESS RIGHT
[ADMIN] [12/7/2016 23:14] [PENJUALAN] CASHIER FORM : REGISTER HOTKEY
[ADMIN] [12/7/2016 23:14] [PENJUALAN] CASHIER FORM : cashierForm_Load, ATTEMPT TO LOAD NO FAKTUR
[ADMIN] [12/7/2016 23:14] [PENJUALAN] CASHIER FORM : loadNoFaktur, noFakturValue [SLO001]
[ADMIN] [12/7/2016 23:14] [PENJUALAN] CASHIER FORM : cashierForm_Load, ATTEMPT TO addColumnToDataGrid
[ADMIN] [12/7/2016 23:14] [PENJUALAN] CASHIER FORM : UPDATE ROW NUMBER, TOTAL ROW [1]
[ADMIN] [12/7/2016 23:14] [PENJUALAN] CASHIER FORM : cashierDataGridView_CellValueChanged [F8]
[ADMIN] [12/7/2016 23:14] [PENJUALAN] CASHIER FORM : ADD NEW ROW,  isActive [True]
[ADMIN] [12/7/2016 23:14] [PENJUALAN] CASHIER FORM : ADD NEW ROW,  ROW COUNT [1]
[ADMIN] [12/7/2016 23:14] [PENJUALAN] CASHIER FORM : ADD NEW ROW,  ALLOW TO ADD [True]
[ADMIN] [12/7/2016 23:14] [PENJUALAN] CASHIER FORM : UPDATE ROW NUMBER, TOTAL ROW [2]
[ADMIN] [12/7/2016 23:14] [PENJUALAN] CASHIER FORM : calculateChangeValue, bayarTextBox.Text [Rp1.000,00]
[ADMIN] [12/7/2016 23:14] [PENJUALAN] CASHIER FORM : calculateChangeValue, sisaBayar [0]
[ADMIN] [12/7/2016 23:14] [PENJUALAN] CASHIER FORM : REGISTER HOTKEY
[ADMIN] [12/7/2016 23:14] [PENJUALAN] CASHIER FORM : HOTKEY TO SAVE AND PRINT OUT INVOICE PRESSED
[ADMIN] [12/7/2016 23:14] [PENJUALAN] CASHIER FORM : UNREGISTER HOTKEY
[ADMIN] [12/7/2016 23:14] [PENJUALAN] CASHIER FORM : REGISTER HOTKEY
[ADMIN] [12/7/2016 23:14] [PENJUALAN] ATTEMPT TO SAVE AND PRINT OUT INVOICE
[ADMIN] [12/7/2016 23:14] [PENJUALAN] CASHIER FORM : UNREGISTER HOTKEY
[ADMIN] [12/7/2016 23:14] [PENJUALAN] CASHIER FORM : ATTEMPT TO SAVE SALES DATA [07-12-2016 23:10]
[ADMIN] [12/7/2016 23:14] [PENJUALAN] CASHIER FORM : SALES DISC FINAL [0]
[ADMIN] [12/7/2016 23:14] [PENJUALAN] CASHIER FORM : CASH SALES
[ADMIN] [12/7/2016 23:14] [PENJUALAN] UPDATE SALES QUOTATION HEADER [SQ-36]
[ADMIN] [12/7/2016 23:14] [PENJUALAN] CLEAR SALES_QUOTATION_DETAIL [SQ-36]
[ADMIN] [12/7/2016 23:14] [PENJUALAN] INSERT INTO SALES QUOTATION DETAIL[RT001, 1000, 2]
[ADMIN] [12/7/2016 23:14] [PENJUALAN] CASHIER FORM : REGISTER HOTKEY
[ADMIN] [12/7/2016 23:14] [PENJUALAN] TRANSACTION SAVED
[ADMIN] [12/7/2016 23:15] [PENJUALAN] PRINT OUT INVOICE
[ADMIN] [12/7/2016 23:15] [PENJUALAN] CASHIER FORM : PrintReceipt
[ADMIN] [12/7/2016 23:15] [PENJUALAN] CASHIER FORM : PrintReceipt, POS size Paper
[ADMIN] [12/7/2016 23:15] [PENJUALAN] CASHIER FORM : calculatePageLength, totalLengthPage [313]
[ADMIN] [12/7/2016 23:15] [PENJUALAN] CASHIER FORM : UNREGISTER HOTKEY
[ADMIN] [12/7/2016 23:15] [PENJUALAN] CASHIER FORM : printDocument1_PrintPage, print POS size receipt
[ADMIN] [12/7/2016 23:15] [PENJUALAN] CASHIER FORM : loadNamaUser
[ADMIN] [12/7/2016 23:15] [PENJUALAN] CASHIER FORM : printDocument1_PrintPage, print POS size receipt
[ADMIN] [12/7/2016 23:15] [PENJUALAN] CASHIER FORM : loadNamaUser
[ADMIN] [12/7/2016 23:16] [PENJUALAN] CASHIER FORM : REGISTER HOTKEY
[ADMIN] [12/7/2016 23:16] [PENJUALAN] CASHIER FORM : UNREGISTER HOTKEY
[ADMIN] [12/7/2016 23:16] [PENJUALAN] CASHIER FORM : REGISTER HOTKEY
[ADMIN] [12/7/2016 23:16] [PENJUALAN] CASHIER FORM : UNREGISTER HOTKEY
[ADMIN] [12/7/2016 23:16] [PENJUALAN] CASHIER FORM : UNREGISTER HOTKEY
[ADMIN] [12/7/2016 23:16] [] USER ID = 1LOGOUT
