[] [5/3/2017 00:49] [] USER = ADMIN IS ACTIVE
[ADMIN] [5/3/2017 00:49] [] USER ID = 1 LOGIN SUCCESSFULLY
[ADMIN] [5/3/2017 00:49] [] ACTIVATE USER ACCESS RIGHT
[ADMIN] [5/3/2017 00:49] [] DISPLAY ADMIN FORM
[ADMIN] [5/3/2017 00:49] [] adminForm Load
[ADMIN] [5/3/2017 00:49] [] ACTIVATE USER ACCESS RIGHT
[ADMIN] [5/3/2017 00:49] [PENJUALAN] CASHIER FORM : REGISTER HOTKEY
[ADMIN] [5/3/2017 00:49] [PENJUALAN] CASHIER FORM : cashierForm_Load, ATTEMPT TO LOAD NO FAKTUR
[ADMIN] [5/3/2017 00:49] [PENJUALAN] CASHIER FORM : loadNoFaktur, noFakturValue [SLO001]
[ADMIN] [5/3/2017 00:49] [PENJUALAN] CASHIER FORM : cashierForm_Load, ATTEMPT TO addColumnToDataGrid
[ADMIN] [5/3/2017 00:49] [PENJUALAN] CASHIER FORM : UPDATE ROW NUMBER, TOTAL ROW [1]
[ADMIN] [5/3/2017 00:49] [PENJUALAN] CASHIER FORM : cashierDataGridView_CellValueChanged [F8]
[ADMIN] [5/3/2017 00:49] [PENJUALAN] CASHIER FORM : ADD NEW ROW,  isActive [True]
[ADMIN] [5/3/2017 00:49] [PENJUALAN] CASHIER FORM : ADD NEW ROW,  ROW COUNT [1]
[ADMIN] [5/3/2017 00:49] [PENJUALAN] CASHIER FORM : ADD NEW ROW,  ALLOW TO ADD [True]
[ADMIN] [5/3/2017 00:49] [PENJUALAN] CASHIER FORM : UPDATE ROW NUMBER, TOTAL ROW [2]
[ADMIN] [5/3/2017 00:49] [PENJUALAN] CASHIER FORM : calculateChangeValue, bayarTextBox.Text [Rp1.000,00]
[ADMIN] [5/3/2017 00:49] [PENJUALAN] CASHIER FORM : calculateChangeValue, sisaBayar [0]
[ADMIN] [5/3/2017 00:49] [PENJUALAN] CASHIER FORM : REGISTER HOTKEY
[ADMIN] [5/3/2017 00:49] [PENJUALAN] CASHIER FORM : UNREGISTER HOTKEY
[ADMIN] [5/3/2017 00:49] [PENJUALAN] CASHIER FORM : REGISTER HOTKEY
[ADMIN] [5/3/2017 00:49] [PENJUALAN] CASHIER FORM : cashierDataGridView_KeyDown ATTEMPT TO DELETE ROW
[ADMIN] [5/3/2017 00:49] [PENJUALAN] CASHIER FORM : updateSomeRowContents
[ADMIN] [5/3/2017 00:49] [PENJUALAN] CASHIER FORM : deleteCurrentRow [0]
[ADMIN] [5/3/2017 00:49] [PENJUALAN] CASHIER FORM : UPDATE ROW NUMBER, TOTAL ROW [1]
[ADMIN] [5/3/2017 00:49] [PENJUALAN] CASHIER FORM : cashierDataGridView_CellValueChanged [F8]
[ADMIN] [5/3/2017 00:49] [PENJUALAN] CASHIER FORM : calculateTotal
[ADMIN] [5/3/2017 00:49] [PENJUALAN] CASHIER FORM : calculateTotal [0]
[ADMIN] [5/3/2017 00:49] [PENJUALAN] CASHIER FORM : calculateTotal, totalAfterDisc [0]
[ADMIN] [5/3/2017 00:49] [PENJUALAN] CASHIER FORM : calculateChangeValue, bayarTextBox.Text [Rp1.000,00]
[ADMIN] [5/3/2017 00:49] [PENJUALAN] CASHIER FORM : calculateChangeValue, sisaBayar [1000]
[ADMIN] [5/3/2017 00:49] [PENJUALAN] CASHIER FORM : Combobox_previewKeyDown, cashierDataGridView.CurrentCell.OwningColumn.Name  [productID]
[ADMIN] [5/3/2017 00:49] [PENJUALAN] CASHIER FORM : Combobox_previewKeyDown, cashierDataGridView.CurrentCell.OwningColumn.Name  [productID]
[ADMIN] [5/3/2017 00:49] [PENJUALAN] CASHIER FORM : Combobox_previewKeyDown, cashierDataGridView.CurrentCell.OwningColumn.Name  [productID]
[ADMIN] [5/3/2017 00:49] [PENJUALAN] CASHIER FORM : UPDATE ROW NUMBER, TOTAL ROW [2]
[ADMIN] [5/3/2017 00:49] [PENJUALAN] CASHIER FORM : cashierDataGridView_CellValueChanged [F8]
[ADMIN] [5/3/2017 00:49] [PENJUALAN] CASHIER FORM : cashierDataGridView_CellValueChanged [productID]
[ADMIN] [5/3/2017 00:49] [PENJUALAN] CASHIER FORM : Combobox_KeyUp, cashierDataGridView.CurrentCell.OwningColumn.Name  [productID]
[ADMIN] [5/3/2017 00:49] [PENJUALAN] CASHIER FORM : Combobox_KeyUp, cashierDataGridView.CurrentCell.OwningColumn.Name  [productID]
[ADMIN] [5/3/2017 00:49] [PENJUALAN] CASHIER FORM : Combobox_KeyUp, cashierDataGridView.CurrentCell.OwningColumn.Name  [productID]
[ADMIN] [5/3/2017 00:49] [PENJUALAN] CASHIER FORM : Combobox_KeyUp, cashierDataGridView.CurrentCell.OwningColumn.Name  [productID]
[ADMIN] [5/3/2017 00:49] [PENJUALAN] CASHIER FORM : Combobox_KeyUp, cashierDataGridView.CurrentCell.OwningColumn.Name  [productID]
[ADMIN] [5/3/2017 00:49] [PENJUALAN] CASHIER FORM : Combobox_previewKeyDown, cashierDataGridView.CurrentCell.OwningColumn.Name  [productID]
[ADMIN] [5/3/2017 00:49] [PENJUALAN] CASHIER FORM : Combobox_previewKeyDown, cashierDataGridView.CurrentCell.OwningColumn.Name  [productID]
[ADMIN] [5/3/2017 00:49] [PENJUALAN] CASHIER FORM : Combobox_previewKeyDown, cashierDataGridView.CurrentCell.OwningColumn.Name  [productID]
[ADMIN] [5/3/2017 00:49] [PENJUALAN] CASHIER FORM : cashierDataGridView_CellValueChanged [productID]
[ADMIN] [5/3/2017 00:49] [PENJUALAN] CASHIER FORM : Combobox_KeyUp, cashierDataGridView.CurrentCell.OwningColumn.Name  [productID]
[ADMIN] [5/3/2017 00:49] [PENJUALAN] CASHIER FORM : Combobox_KeyUp, cashierDataGridView.CurrentCell.OwningColumn.Name  [productID]
[ADMIN] [5/3/2017 00:49] [PENJUALAN] CASHIER FORM : Combobox_KeyUp, cashierDataGridView.CurrentCell.OwningColumn.Name  [productID]
[ADMIN] [5/3/2017 00:49] [PENJUALAN] CASHIER FORM : Combobox_KeyUp, cashierDataGridView.CurrentCell.OwningColumn.Name  [productID]
[ADMIN] [5/3/2017 00:49] [PENJUALAN] CASHIER FORM : Combobox_KeyUp, cashierDataGridView.CurrentCell.OwningColumn.Name  [productID]
[ADMIN] [5/3/2017 00:49] [PENJUALAN] CASHIER FORM : Combobox_previewKeyDown, cashierDataGridView.CurrentCell.OwningColumn.Name  [productID]
[ADMIN] [5/3/2017 00:49] [PENJUALAN] CASHIER FORM : Combobox_previewKeyDown, cashierDataGridView.CurrentCell.OwningColumn.Name  [productID]
[ADMIN] [5/3/2017 00:49] [PENJUALAN] CASHIER FORM : Combobox_previewKeyDown, cashierDataGridView.CurrentCell.OwningColumn.Name  [productID]
[ADMIN] [5/3/2017 00:49] [PENJUALAN] CASHIER FORM : cashierDataGridView_CellValueChanged [productID]
[ADMIN] [5/3/2017 00:49] [PENJUALAN] CASHIER FORM : Combobox_KeyUp, cashierDataGridView.CurrentCell.OwningColumn.Name  [productID]
[ADMIN] [5/3/2017 00:49] [PENJUALAN] CASHIER FORM : Combobox_KeyUp, cashierDataGridView.CurrentCell.OwningColumn.Name  [productID]
[ADMIN] [5/3/2017 00:49] [PENJUALAN] CASHIER FORM : Combobox_KeyUp, cashierDataGridView.CurrentCell.OwningColumn.Name  [productID]
[ADMIN] [5/3/2017 00:49] [PENJUALAN] CASHIER FORM : Combobox_KeyUp, cashierDataGridView.CurrentCell.OwningColumn.Name  [productID]
[ADMIN] [5/3/2017 00:49] [PENJUALAN] CASHIER FORM : Combobox_KeyUp, cashierDataGridView.CurrentCell.OwningColumn.Name  [productID]
[ADMIN] [5/3/2017 00:49] [PENJUALAN] CASHIER FORM : Combobox_previewKeyDown, cashierDataGridView.CurrentCell.OwningColumn.Name  [productID]
[ADMIN] [5/3/2017 00:49] [PENJUALAN] CASHIER FORM : Combobox_previewKeyDown, cashierDataGridView.CurrentCell.OwningColumn.Name  [productID]
[ADMIN] [5/3/2017 00:49] [PENJUALAN] CASHIER FORM : Combobox_previewKeyDown, cashierDataGridView.CurrentCell.OwningColumn.Name  [productID]
[ADMIN] [5/3/2017 00:49] [PENJUALAN] CASHIER FORM : cashierDataGridView_CellValueChanged [productID]
[ADMIN] [5/3/2017 00:49] [PENJUALAN] CASHIER FORM : Combobox_KeyUp, cashierDataGridView.CurrentCell.OwningColumn.Name  [productID]
[ADMIN] [5/3/2017 00:49] [PENJUALAN] CASHIER FORM : Combobox_KeyUp, cashierDataGridView.CurrentCell.OwningColumn.Name  [productID]
[ADMIN] [5/3/2017 00:49] [PENJUALAN] CASHIER FORM : Combobox_KeyUp, cashierDataGridView.CurrentCell.OwningColumn.Name  [productID]
[ADMIN] [5/3/2017 00:49] [PENJUALAN] CASHIER FORM : Combobox_KeyUp, cashierDataGridView.CurrentCell.OwningColumn.Name  [productID]
[ADMIN] [5/3/2017 00:49] [PENJUALAN] CASHIER FORM : Combobox_KeyUp, cashierDataGridView.CurrentCell.OwningColumn.Name  [productID]
[ADMIN] [5/3/2017 00:49] [PENJUALAN] CASHIER FORM : Combobox_previewKeyDown, cashierDataGridView.CurrentCell.OwningColumn.Name  [productID]
[ADMIN] [5/3/2017 00:49] [PENJUALAN] CASHIER FORM : Combobox_previewKeyDown, cashierDataGridView.CurrentCell.OwningColumn.Name  [productID]
[ADMIN] [5/3/2017 00:49] [PENJUALAN] CASHIER FORM : Combobox_previewKeyDown, cashierDataGridView.CurrentCell.OwningColumn.Name  [productID]
[ADMIN] [5/3/2017 00:49] [PENJUALAN] CASHIER FORM : cashierDataGridView_CellValueChanged [productID]
[ADMIN] [5/3/2017 00:49] [PENJUALAN] CASHIER FORM : Combobox_KeyUp, cashierDataGridView.CurrentCell.OwningColumn.Name  [productID]
[ADMIN] [5/3/2017 00:49] [PENJUALAN] CASHIER FORM : Combobox_KeyUp, cashierDataGridView.CurrentCell.OwningColumn.Name  [productID]
[ADMIN] [5/3/2017 00:49] [PENJUALAN] CASHIER FORM : Combobox_KeyUp, cashierDataGridView.CurrentCell.OwningColumn.Name  [productID]
[ADMIN] [5/3/2017 00:49] [PENJUALAN] CASHIER FORM : Combobox_KeyUp, cashierDataGridView.CurrentCell.OwningColumn.Name  [productID]
[ADMIN] [5/3/2017 00:49] [PENJUALAN] CASHIER FORM : Combobox_KeyUp, cashierDataGridView.CurrentCell.OwningColumn.Name  [productID]
[ADMIN] [5/3/2017 00:49] [PENJUALAN] CASHIER FORM : Combobox_previewKeyDown, cashierDataGridView.CurrentCell.OwningColumn.Name  [productID]
[ADMIN] [5/3/2017 00:49] [PENJUALAN] CASHIER FORM : updateSomeRowContents
[ADMIN] [5/3/2017 00:49] [PENJUALAN] CASHIER FORM : cashierDataGridView_CellValueChanged [productName]
[ADMIN] [5/3/2017 00:49] [PENJUALAN] CASHIER FORM : PRODUCT PRICE TYPE [PRODUCT_BASE_PRICE]
[ADMIN] [5/3/2017 00:49] [PENJUALAN] CASHIER FORM : PRODUCT PRICE [10]
[ADMIN] [5/3/2017 00:49] [PENJUALAN] CASHIER FORM : ComboBox_SelectedIndexChanged, PRODUCT_BASE_PRICE [10]
[ADMIN] [5/3/2017 00:49] [PENJUALAN] CASHIER FORM : cashierDataGridView_CellValueChanged [hpp]
[ADMIN] [5/3/2017 00:49] [PENJUALAN] CASHIER FORM : PRODUCT PRICE TYPE [PRODUCT_RETAIL_PRICE]
[ADMIN] [5/3/2017 00:49] [PENJUALAN] CASHIER FORM : PRODUCT PRICE [1000]
[ADMIN] [5/3/2017 00:49] [PENJUALAN] CASHIER FORM : ComboBox_SelectedIndexChanged, PRODUCT_SALES_PRICE [1000]
[ADMIN] [5/3/2017 00:49] [PENJUALAN] CASHIER FORM : cashierDataGridView_CellValueChanged [productPrice]
[ADMIN] [5/3/2017 00:49] [PENJUALAN] CASHIER FORM : cashierDataGridView_CellValueChanged, previousInput [0]
[ADMIN] [5/3/2017 00:49] [PENJUALAN] CASHIER FORM : cashierDataGridView_CellValueChanged, cellValue [1000]
[ADMIN] [5/3/2017 00:49] [PENJUALAN] CASHIER FORM : cashierDataGridView_CellValueChanged, dataGridViewTextBoxEditingControl.Text pass REGEX Checking
[ADMIN] [5/3/2017 00:49] [PENJUALAN] CASHIER FORM : CALCULATE SUBTOTAL
[ADMIN] [5/3/2017 00:49] [PENJUALAN] CASHIER FORM : SUBTOTAL [0]
[ADMIN] [5/3/2017 00:49] [PENJUALAN] CASHIER FORM : cashierDataGridView_CellValueChanged, subtotal value [0]
[ADMIN] [5/3/2017 00:49] [PENJUALAN] CASHIER FORM : cashierDataGridView_CellValueChanged, attempt to calculate total value
[ADMIN] [5/3/2017 00:49] [PENJUALAN] CASHIER FORM : calculateTotal
[ADMIN] [5/3/2017 00:49] [PENJUALAN] CASHIER FORM : calculateTotal [0]
[ADMIN] [5/3/2017 00:49] [PENJUALAN] CASHIER FORM : calculateTotal, totalAfterDisc [0]
[ADMIN] [5/3/2017 00:49] [PENJUALAN] CASHIER FORM : calculateChangeValue, bayarTextBox.Text [Rp1.000,00]
[ADMIN] [5/3/2017 00:49] [PENJUALAN] CASHIER FORM : calculateChangeValue, sisaBayar [1000]
[ADMIN] [5/3/2017 00:49] [PENJUALAN] CASHIER FORM : cashierDataGridView_CellValueChanged [qty]
[ADMIN] [5/3/2017 00:49] [PENJUALAN] CASHIER FORM : cashierDataGridView_CellValueChanged, previousInput [0]
[ADMIN] [5/3/2017 00:49] [PENJUALAN] CASHIER FORM : ComboBox_SelectedIndexChanged, CHECK FOR CUST PRODUCT DISC, selectedPelangganID [1]
[ADMIN] [5/3/2017 00:49] [PENJUALAN] CASHIER FORM : cashierDataGridView_CellValueChanged [disc1]
[ADMIN] [5/3/2017 00:49] [PENJUALAN] CASHIER FORM : cashierDataGridView_CellValueChanged, previousInput [0]
[ADMIN] [5/3/2017 00:49] [PENJUALAN] CASHIER FORM : cashierDataGridView_CellValueChanged [disc2]
[ADMIN] [5/3/2017 00:49] [PENJUALAN] CASHIER FORM : cashierDataGridView_CellValueChanged, previousInput [0]
[ADMIN] [5/3/2017 00:49] [PENJUALAN] CASHIER FORM : cashierDataGridView_CellValueChanged [discRP]
[ADMIN] [5/3/2017 00:49] [PENJUALAN] CASHIER FORM : cashierDataGridView_CellValueChanged, previousInput [0]
[ADMIN] [5/3/2017 00:49] [PENJUALAN] CASHIER FORM : ComboBox_SelectedIndexChanged, LOAD DISC [0, 0, 0]
[ADMIN] [5/3/2017 00:49] [PENJUALAN] CASHIER FORM : cashierDataGridView_CellValueChanged [jumlah]
[ADMIN] [5/3/2017 00:49] [PENJUALAN] CASHIER FORM : calculateTotal
[ADMIN] [5/3/2017 00:49] [PENJUALAN] CASHIER FORM : calculateTotal [0]
[ADMIN] [5/3/2017 00:49] [PENJUALAN] CASHIER FORM : calculateTotal, totalAfterDisc [0]
[ADMIN] [5/3/2017 00:49] [PENJUALAN] CASHIER FORM : calculateChangeValue, bayarTextBox.Text [Rp1.000,00]
[ADMIN] [5/3/2017 00:49] [PENJUALAN] CASHIER FORM : calculateChangeValue, sisaBayar [1000]
[ADMIN] [5/3/2017 00:49] [PENJUALAN] CASHIER FORM : updateSomeRowContents
[ADMIN] [5/3/2017 00:49] [PENJUALAN] CASHIER FORM : Combobox_KeyUp, cashierDataGridView.CurrentCell.OwningColumn.Name  [qty]
[ADMIN] [5/3/2017 00:49] [PENJUALAN] CASHIER FORM : Combobox_KeyUp, cashierDataGridView.CurrentCell.OwningColumn.Name  [qty]
[ADMIN] [5/3/2017 00:49] [PENJUALAN] CASHIER FORM : Combobox_KeyUp, cashierDataGridView.CurrentCell.OwningColumn.Name  [qty]
[ADMIN] [5/3/2017 00:49] [PENJUALAN] CASHIER FORM : Combobox_KeyUp, cashierDataGridView.CurrentCell.OwningColumn.Name  [qty]
[ADMIN] [5/3/2017 00:49] [PENJUALAN] CASHIER FORM : Combobox_KeyUp, cashierDataGridView.CurrentCell.OwningColumn.Name  [qty]
[ADMIN] [5/3/2017 00:49] [PENJUALAN] CASHIER FORM : cashierDataGridView_CellValueChanged [qty]
[ADMIN] [5/3/2017 00:49] [PENJUALAN] CASHIER FORM : cashierDataGridView_CellValueChanged, previousInput [0]
[ADMIN] [5/3/2017 00:49] [PENJUALAN] CASHIER FORM : cashierDataGridView_CellValueChanged, cellValue [5]
[ADMIN] [5/3/2017 00:49] [PENJUALAN] CASHIER FORM : cashierDataGridView_CellValueChanged, dataGridViewTextBoxEditingControl.Text pass REGEX Checking
[ADMIN] [5/3/2017 00:49] [PENJUALAN] CASHIER FORM : CHECK STOCK QTY IS ENOUGH [RT001]
[ADMIN] [5/3/2017 00:49] [PENJUALAN] CASHIER FORM : CHECK STOCK QTY IS ENOUGH [949, 5]
[ADMIN] [5/3/2017 00:49] [PENJUALAN] CASHIER FORM : CALCULATE SUBTOTAL
[ADMIN] [5/3/2017 00:49] [PENJUALAN] CASHIER FORM : SUBTOTAL [5000]
[ADMIN] [5/3/2017 00:49] [PENJUALAN] CASHIER FORM : cashierDataGridView_CellValueChanged, subtotal value [5000]
[ADMIN] [5/3/2017 00:49] [PENJUALAN] CASHIER FORM : cashierDataGridView_CellValueChanged, attempt to calculate total value
[ADMIN] [5/3/2017 00:49] [PENJUALAN] CASHIER FORM : calculateTotal
[ADMIN] [5/3/2017 00:49] [PENJUALAN] CASHIER FORM : calculateTotal [5000]
[ADMIN] [5/3/2017 00:49] [PENJUALAN] CASHIER FORM : calculateTotal, totalAfterDisc [5000]
[ADMIN] [5/3/2017 00:49] [PENJUALAN] CASHIER FORM : calculateChangeValue, bayarTextBox.Text [Rp1.000,00]
[ADMIN] [5/3/2017 00:49] [PENJUALAN] CASHIER FORM : calculateChangeValue, sisaBayar [0]
[ADMIN] [5/3/2017 00:49] [PENJUALAN] CASHIER FORM : Combobox_KeyUp, cashierDataGridView.CurrentCell.OwningColumn.Name  [qty]
[ADMIN] [5/3/2017 00:49] [PENJUALAN] CASHIER FORM : Combobox_KeyUp, cashierDataGridView.CurrentCell.OwningColumn.Name  [qty]
[ADMIN] [5/3/2017 00:49] [PENJUALAN] CASHIER FORM : Combobox_KeyUp, cashierDataGridView.CurrentCell.OwningColumn.Name  [qty]
[ADMIN] [5/3/2017 00:49] [PENJUALAN] CASHIER FORM : Combobox_KeyUp, cashierDataGridView.CurrentCell.OwningColumn.Name  [qty]
[ADMIN] [5/3/2017 00:49] [PENJUALAN] CASHIER FORM : Combobox_KeyUp, cashierDataGridView.CurrentCell.OwningColumn.Name  [qty]
[ADMIN] [5/3/2017 00:49] [PENJUALAN] CASHIER FORM : calculateChangeValue, bayarTextBox.Text [1000]
[ADMIN] [5/3/2017 00:49] [PENJUALAN] CASHIER FORM : calculateChangeValue, sisaBayar [0]
[ADMIN] [5/3/2017 00:49] [PENJUALAN] CASHIER FORM : calculateChangeValue, bayarTextBox.Text [1]
[ADMIN] [5/3/2017 00:49] [PENJUALAN] CASHIER FORM : calculateChangeValue, sisaBayar [0]
[ADMIN] [5/3/2017 00:49] [PENJUALAN] CASHIER FORM : calculateChangeValue, bayarTextBox.Text [10]
[ADMIN] [5/3/2017 00:49] [PENJUALAN] CASHIER FORM : calculateChangeValue, sisaBayar [0]
[ADMIN] [5/3/2017 00:49] [PENJUALAN] CASHIER FORM : calculateChangeValue, bayarTextBox.Text [100]
[ADMIN] [5/3/2017 00:49] [PENJUALAN] CASHIER FORM : calculateChangeValue, sisaBayar [0]
[ADMIN] [5/3/2017 00:49] [PENJUALAN] CASHIER FORM : calculateChangeValue, bayarTextBox.Text [1000]
[ADMIN] [5/3/2017 00:49] [PENJUALAN] CASHIER FORM : calculateChangeValue, sisaBayar [0]
[ADMIN] [5/3/2017 00:49] [PENJUALAN] CASHIER FORM : TRIGGER SAVE INVOICE FROM BAYAR TEXTBOX
[ADMIN] [5/3/2017 00:49] [PENJUALAN] CASHIER FORM : UNREGISTER HOTKEY
[ADMIN] [5/3/2017 00:49] [PENJUALAN] CASHIER FORM : REGISTER HOTKEY
[ADMIN] [5/3/2017 00:49] [PENJUALAN] CASHIER FORM : calculateChangeValue, bayarTextBox.Text [1000]
[ADMIN] [5/3/2017 00:49] [PENJUALAN] CASHIER FORM : calculateChangeValue, sisaBayar [0]
[ADMIN] [5/3/2017 00:49] [PENJUALAN] CASHIER FORM : UNREGISTER HOTKEY
[ADMIN] [5/3/2017 00:50] [PENJUALAN] CASHIER FORM : REGISTER HOTKEY
[ADMIN] [5/3/2017 00:50] [PENJUALAN] CASHIER FORM : calculateChangeValue, bayarTextBox.Text [2]
[ADMIN] [5/3/2017 00:51] [PENJUALAN] CASHIER FORM : calculateChangeValue, sisaBayar [0]
[ADMIN] [5/3/2017 00:51] [PENJUALAN] CASHIER FORM : HOTKEY TO OPEN PRODUK SEARCH FORM PRESSED
[ADMIN] [5/3/2017 00:51] [PENJUALAN] CASHIER FORM : UNREGISTER HOTKEY
[ADMIN] [5/3/2017 00:51] [PENJUALAN] CASHIER FORM : REGISTER HOTKEY
[ADMIN] [5/3/2017 00:51] [PENJUALAN] CASHIER FORM : UNREGISTER HOTKEY
[ADMIN] [5/3/2017 00:51] [PENJUALAN] CASHIER FORM : REGISTER HOTKEY
[ADMIN] [5/3/2017 00:51] [PENJUALAN] CASHIER FORM : calculateChangeValue, bayarTextBox.Text [2]
[ADMIN] [5/3/2017 00:51] [PENJUALAN] CASHIER FORM : calculateChangeValue, sisaBayar [0]
[ADMIN] [5/3/2017 00:53] [PENJUALAN] CASHIER FORM : UNREGISTER HOTKEY
[ADMIN] [5/3/2017 00:53] [PENJUALAN] CASHIER FORM : UNREGISTER HOTKEY
[ADMIN] [5/3/2017 00:54] [PENJUALAN] CASHIER FORM : REGISTER HOTKEY
[ADMIN] [5/3/2017 00:54] [PENJUALAN] CASHIER FORM : cashierForm_Load, ATTEMPT TO LOAD NO FAKTUR
[ADMIN] [5/3/2017 00:54] [PENJUALAN] CASHIER FORM : loadNoFaktur, noFakturValue [SLO001]
[ADMIN] [5/3/2017 00:54] [PENJUALAN] CASHIER FORM : cashierForm_Load, ATTEMPT TO addColumnToDataGrid
[ADMIN] [5/3/2017 00:54] [PENJUALAN] CASHIER FORM : UPDATE ROW NUMBER, TOTAL ROW [1]
[ADMIN] [5/3/2017 00:54] [PENJUALAN] CASHIER FORM : cashierDataGridView_CellValueChanged [F8]
[ADMIN] [5/3/2017 00:54] [PENJUALAN] CASHIER FORM : ADD NEW ROW,  isActive [True]
[ADMIN] [5/3/2017 00:54] [PENJUALAN] CASHIER FORM : ADD NEW ROW,  ROW COUNT [1]
[ADMIN] [5/3/2017 00:54] [PENJUALAN] CASHIER FORM : ADD NEW ROW,  ALLOW TO ADD [True]
[ADMIN] [5/3/2017 00:54] [PENJUALAN] CASHIER FORM : UPDATE ROW NUMBER, TOTAL ROW [2]
[ADMIN] [5/3/2017 00:54] [PENJUALAN] CASHIER FORM : calculateChangeValue, bayarTextBox.Text [Rp1.000,00]
[ADMIN] [5/3/2017 00:54] [PENJUALAN] CASHIER FORM : calculateChangeValue, sisaBayar [0]
[ADMIN] [5/3/2017 00:54] [PENJUALAN] CASHIER FORM : REGISTER HOTKEY
[ADMIN] [5/3/2017 00:54] [PENJUALAN] CASHIER FORM : UNREGISTER HOTKEY
[ADMIN] [5/3/2017 00:54] [PENJUALAN] CASHIER FORM : REGISTER HOTKEY
[ADMIN] [5/3/2017 00:54] [PENJUALAN] ATTEMPT TO SAVE AND PRINT OUT INVOICE
[ADMIN] [5/3/2017 00:54] [PENJUALAN] CASHIER FORM : UNREGISTER HOTKEY
[ADMIN] [5/3/2017 00:54] [PENJUALAN] CASHIER FORM : ATTEMPT TO SAVE SALES DATA [02-05-2017 14:34]
[ADMIN] [5/3/2017 00:54] [PENJUALAN] CASHIER FORM : SALES DISC FINAL [0]
[ADMIN] [5/3/2017 00:54] [PENJUALAN] CASHIER FORM : CASH SALES
[ADMIN] [5/3/2017 00:54] [PENJUALAN] UPDATE SALES QUOTATION HEADER [SQ-1]
[ADMIN] [5/3/2017 00:54] [PENJUALAN] CLEAR SALES_QUOTATION_DETAIL [SQ-1]
[ADMIN] [5/3/2017 00:54] [PENJUALAN] INSERT INTO SALES QUOTATION DETAIL[RT001, 1000, 5]
[ADMIN] [5/3/2017 00:54] [PENJUALAN] CASHIER FORM : REGISTER HOTKEY
[ADMIN] [5/3/2017 00:54] [PENJUALAN] TRANSACTION SAVED
[ADMIN] [5/3/2017 00:54] [PENJUALAN] SAVE DP PAYMENT TO PAYMENT CREDIT
[ADMIN] [5/3/2017 00:54] [PENJUALAN] CASHIER FORM : UNREGISTER HOTKEY
[ADMIN] [5/3/2017 00:54] [PENJUALAN] CASHIER FORM : REGISTER HOTKEY
[ADMIN] [5/3/2017 00:54] [PENJUALAN] PRINT OUT INVOICE
[ADMIN] [5/3/2017 00:54] [PENJUALAN] CASHIER FORM : PrintReceipt
[ADMIN] [5/3/2017 00:54] [PENJUALAN] CASHIER FORM : PrintReceipt, POS size Paper
[ADMIN] [5/3/2017 00:54] [PENJUALAN] CASHIER FORM : printDocument1_PrintPage, print POS size receipt
[ADMIN] [5/3/2017 00:54] [PENJUALAN] CASHIER FORM : calculatePageLength, totalLengthPage [355]
[ADMIN] [5/3/2017 00:54] [PENJUALAN] CASHIER FORM : UNREGISTER HOTKEY
[ADMIN] [5/3/2017 00:54] [PENJUALAN] CASHIER FORM : printDocument1_PrintPage, print POS size receipt
[ADMIN] [5/3/2017 00:54] [PENJUALAN] CASHIER FORM : loadNamaUser
[ADMIN] [5/3/2017 00:54] [PENJUALAN] CASHIER FORM : REGISTER HOTKEY
[ADMIN] [5/3/2017 00:54] [PENJUALAN] CASHIER FORM : UNREGISTER HOTKEY
[ADMIN] [5/3/2017 00:54] [PENJUALAN] CASHIER FORM : REGISTER HOTKEY
[ADMIN] [5/3/2017 00:54] [PENJUALAN] CASHIER FORM : UNREGISTER HOTKEY
[ADMIN] [5/3/2017 00:54] [PENJUALAN] CASHIER FORM : UNREGISTER HOTKEY
[ADMIN] [5/3/2017 00:54] [PENJUALAN] CASHIER FORM : REGISTER HOTKEY
[ADMIN] [5/3/2017 00:54] [PENJUALAN] CASHIER FORM : cashierForm_Load, ATTEMPT TO LOAD NO FAKTUR
[ADMIN] [5/3/2017 00:54] [PENJUALAN] CASHIER FORM : loadNoFaktur, noFakturValue [SLO001]
[ADMIN] [5/3/2017 00:54] [PENJUALAN] CASHIER FORM : cashierForm_Load, ATTEMPT TO addColumnToDataGrid
[ADMIN] [5/3/2017 00:54] [PENJUALAN] CASHIER FORM : UPDATE ROW NUMBER, TOTAL ROW [1]
[ADMIN] [5/3/2017 00:54] [PENJUALAN] CASHIER FORM : cashierDataGridView_CellValueChanged [F8]
[ADMIN] [5/3/2017 00:54] [PENJUALAN] CASHIER FORM : ADD NEW ROW,  isActive [True]
[ADMIN] [5/3/2017 00:54] [PENJUALAN] CASHIER FORM : ADD NEW ROW,  ROW COUNT [1]
[ADMIN] [5/3/2017 00:54] [PENJUALAN] CASHIER FORM : ADD NEW ROW,  ALLOW TO ADD [True]
[ADMIN] [5/3/2017 00:54] [PENJUALAN] CASHIER FORM : UPDATE ROW NUMBER, TOTAL ROW [2]
[ADMIN] [5/3/2017 00:54] [PENJUALAN] CASHIER FORM : calculateChangeValue, bayarTextBox.Text [0]
[ADMIN] [5/3/2017 00:54] [PENJUALAN] CASHIER FORM : calculateChangeValue, sisaBayar [0]
[ADMIN] [5/3/2017 00:54] [PENJUALAN] CASHIER FORM : REGISTER HOTKEY
[ADMIN] [5/3/2017 00:54] [PENJUALAN] CASHIER FORM : calculateChangeValue, bayarTextBox.Text [50]
[ADMIN] [5/3/2017 00:54] [PENJUALAN] CASHIER FORM : calculateChangeValue, sisaBayar [0]
[ADMIN] [5/3/2017 00:54] [PENJUALAN] CASHIER FORM : calculateChangeValue, bayarTextBox.Text [500]
[ADMIN] [5/3/2017 00:54] [PENJUALAN] CASHIER FORM : calculateChangeValue, sisaBayar [0]
[ADMIN] [5/3/2017 00:54] [PENJUALAN] CASHIER FORM : calculateChangeValue, bayarTextBox.Text [5000]
[ADMIN] [5/3/2017 00:54] [PENJUALAN] CASHIER FORM : calculateChangeValue, sisaBayar [3000]
[ADMIN] [5/3/2017 00:54] [PENJUALAN] CASHIER FORM : calculateChangeValue, bayarTextBox.Text [50000]
[ADMIN] [5/3/2017 00:54] [PENJUALAN] CASHIER FORM : calculateChangeValue, sisaBayar [48000]
[ADMIN] [5/3/2017 00:54] [PENJUALAN] CASHIER FORM : calculateChangeValue, bayarTextBox.Text [5000]
[ADMIN] [5/3/2017 00:54] [PENJUALAN] CASHIER FORM : calculateChangeValue, sisaBayar [3000]
[ADMIN] [5/3/2017 00:55] [PENJUALAN] CASHIER FORM : UNREGISTER HOTKEY
[ADMIN] [5/3/2017 00:55] [PENJUALAN] CASHIER FORM : UNREGISTER HOTKEY
[ADMIN] [5/3/2017 00:58] [] USER ID = 1LOGOUT
