[] [5/19/2017 23:33] [] USER = ADMIN IS ACTIVE
[ADMIN] [5/19/2017 23:33] [] USER ID = 1 LOGIN SUCCESSFULLY
[ADMIN] [5/19/2017 23:33] [] ACTIVATE USER ACCESS RIGHT
[ADMIN] [5/19/2017 23:33] [] DISPLAY ADMIN FORM
[ADMIN] [5/19/2017 23:33] [] adminForm Load
[ADMIN] [5/19/2017 23:33] [] ACTIVATE USER ACCESS RIGHT
[ADMIN] [5/19/2017 23:34] [] [SYNC] FAILED TO SYNC LOCAL DATA TO SERVER [Unknown column 'BRANCH_ID' in 'field list']
[] [5/19/2017 23:36] [] USER = ADMIN IS ACTIVE
[ADMIN] [5/19/2017 23:36] [] USER ID = 1 LOGIN SUCCESSFULLY
[ADMIN] [5/19/2017 23:36] [] ACTIVATE USER ACCESS RIGHT
[ADMIN] [5/19/2017 23:36] [] DISPLAY ADMIN FORM
[ADMIN] [5/19/2017 23:36] [] adminForm Load
[ADMIN] [5/19/2017 23:36] [] ACTIVATE USER ACCESS RIGHT
[] [5/19/2017 23:38] [] USER = ADMIN IS ACTIVE
[ADMIN] [5/19/2017 23:38] [] USER ID = 1 LOGIN SUCCESSFULLY
[ADMIN] [5/19/2017 23:38] [] ACTIVATE USER ACCESS RIGHT
[ADMIN] [5/19/2017 23:38] [] DISPLAY ADMIN FORM
[ADMIN] [5/19/2017 23:38] [] adminForm Load
[ADMIN] [5/19/2017 23:38] [] ACTIVATE USER ACCESS RIGHT
[ADMIN] [5/19/2017 23:39] [SATUAN PRODUK] ADD NEW UNIT [BIJI]
[ADMIN] [5/19/2017 23:39] [SATUAN PRODUK] EXCEPTION THROWN [Field 'UNIT_ID' doesn't have a default value]
[ADMIN] [5/19/2017 23:39] [] USER ID = 1LOGOUT
