[] [11/14/2016 22:50] [] USER = ADMIN IS ACTIVE
[ADMIN] [11/14/2016 22:50] [] USER ID = 1 LOGIN SUCCESSFULLY
[ADMIN] [11/14/2016 22:50] [] ACTIVATE USER ACCESS RIGHT
[ADMIN] [11/14/2016 22:50] [] DISPLAY ADMIN FORM
[ADMIN] [11/14/2016 22:50] [] adminForm Load
[ADMIN] [11/14/2016 22:50] [] ACTIVATE USER ACCESS RIGHT
[ADMIN] [11/14/2016 22:50] [PENJUALAN] CASHIER FORM : REGISTER HOTKEY
[ADMIN] [11/14/2016 22:50] [PENJUALAN] CASHIER FORM : cashierForm_Load, ATTEMPT TO LOAD NO FAKTUR
[ADMIN] [11/14/2016 22:50] [PENJUALAN] CASHIER FORM : loadNoFaktur, noFakturValue [SLO001]
[ADMIN] [11/14/2016 22:50] [PENJUALAN] CASHIER FORM : cashierForm_Load, ATTEMPT TO addColumnToDataGrid
[ADMIN] [11/14/2016 22:50] [PENJUALAN] CASHIER FORM : UPDATE ROW NUMBER, TOTAL ROW [1]
[ADMIN] [11/14/2016 22:50] [PENJUALAN] CASHIER FORM : cashierDataGridView_CellValueChanged [F8]
[ADMIN] [11/14/2016 22:50] [PENJUALAN] CASHIER FORM : calculateTotal
[ADMIN] [11/14/2016 22:50] [PENJUALAN] CASHIER FORM : calculateTotal [0]
[ADMIN] [11/14/2016 22:50] [PENJUALAN] CASHIER FORM : calculateTotal, totalAfterDisc [0]
[ADMIN] [11/14/2016 22:50] [PENJUALAN] CASHIER FORM : calculateChangeValue, bayarTextBox.Text [0]
[ADMIN] [11/14/2016 22:50] [PENJUALAN] CASHIER FORM : calculateChangeValue, sisaBayar [0]
[ADMIN] [11/14/2016 22:50] [PENJUALAN] CASHIER FORM : ADD NEW ROW,  isActive [True]
[ADMIN] [11/14/2016 22:50] [PENJUALAN] CASHIER FORM : ADD NEW ROW,  ROW COUNT [1]
[ADMIN] [11/14/2016 22:50] [PENJUALAN] CASHIER FORM : ADD NEW ROW,  ALLOW TO ADD [False]
[ADMIN] [11/14/2016 22:50] [PENJUALAN] CASHIER FORM : clearUpSomeRowContents
[ADMIN] [11/14/2016 22:50] [PENJUALAN] CASHIER FORM : calculateTotal
[ADMIN] [11/14/2016 22:50] [PENJUALAN] CASHIER FORM : calculateTotal [0]
[ADMIN] [11/14/2016 22:50] [PENJUALAN] CASHIER FORM : calculateTotal, totalAfterDisc [0]
[ADMIN] [11/14/2016 22:50] [PENJUALAN] CASHIER FORM : calculateChangeValue, bayarTextBox.Text [0]
[ADMIN] [11/14/2016 22:50] [PENJUALAN] CASHIER FORM : calculateChangeValue, sisaBayar [0]
[ADMIN] [11/14/2016 22:50] [PENJUALAN] CASHIER FORM : REGISTER HOTKEY
[ADMIN] [11/14/2016 22:50] [PENJUALAN] CASHIER FORM : calculateChangeValue, bayarTextBox.Text [4000]
[ADMIN] [11/14/2016 22:50] [PENJUALAN] CASHIER FORM : calculateChangeValue, sisaBayar [100]
[ADMIN] [11/14/2016 22:50] [PENJUALAN] CASHIER FORM : UNREGISTER HOTKEY
[ADMIN] [11/14/2016 22:50] [PENJUALAN] CASHIER FORM : REGISTER HOTKEY
[ADMIN] [11/14/2016 22:50] [PENJUALAN] ATTEMPT TO SAVE AND PRINT OUT INVOICE
[ADMIN] [11/14/2016 22:50] [PENJUALAN] CASHIER FORM : UNREGISTER HOTKEY
[ADMIN] [11/14/2016 22:50] [PENJUALAN] CASHIER FORM : REGISTER HOTKEY
[ADMIN] [11/14/2016 22:50] [PENJUALAN] CASHIER FORM : UNREGISTER HOTKEY
[ADMIN] [11/14/2016 22:50] [PENJUALAN] CASHIER FORM : ATTEMPT TO SAVE SALES DATA [14-11-2016 22:50]
[ADMIN] [11/14/2016 22:50] [PENJUALAN] CASHIER FORM : SALES DISC FINAL [100]
[ADMIN] [11/14/2016 22:50] [PENJUALAN] CASHIER FORM : CASH SALES
[ADMIN] [11/14/2016 22:50] [PENJUALAN] CHECK IF TAX LIMIT SET FOR PERCENTAGE PURCHASE [0]
[ADMIN] [11/14/2016 22:50] [PENJUALAN] CHECK IF TAX LIMIT SET FOR AVERAGE DAILY PURCHASE [0]
[ADMIN] [11/14/2016 22:50] [PENJUALAN] CASHIER FORM : NO FAKTUR [SLO001]
[ADMIN] [11/14/2016 22:50] [PENJUALAN] CASHIER FORM : MAX SALES INVOICE [1]
[ADMIN] [11/14/2016 22:50] [PENJUALAN] CASHIER FORM : SALES INVOICE [SLO001-2]
[ADMIN] [11/14/2016 22:50] [PENJUALAN] INSERT INTO SALES HEADER [SLO001-2]
[ADMIN] [11/14/2016 22:50] [PENJUALAN] INSERT TO CREDIT TABLE [SLO001-2]
[ADMIN] [11/14/2016 22:50] [PENJUALAN] INSERT TO DAILY JOURNAL TABLE [4000]
[ADMIN] [11/14/2016 22:50] [PENJUALAN] CASHIER FORM : REGISTER HOTKEY
[ADMIN] [11/14/2016 22:50] [PENJUALAN] TRANSACTION SAVED
[ADMIN] [11/14/2016 22:50] [PENJUALAN] PRINT OUT INVOICE
[ADMIN] [11/14/2016 22:50] [PENJUALAN] CASHIER FORM : PrintReceipt
[ADMIN] [11/14/2016 22:50] [PENJUALAN] CASHIER FORM : PrintReceipt, POS size Paper
[ADMIN] [11/14/2016 22:50] [PENJUALAN] CASHIER FORM : calculatePageLength, totalLengthPage [313]
[ADMIN] [11/14/2016 22:50] [PENJUALAN] CASHIER FORM : printDocument1_PrintPage, print POS size receipt
[ADMIN] [11/14/2016 22:50] [PENJUALAN] CASHIER FORM : loadNamaUser
[ADMIN] [11/14/2016 22:50] [PENJUALAN] CASHIER FORM : UNREGISTER HOTKEY
[ADMIN] [11/14/2016 22:50] [PENJUALAN] CASHIER FORM : REGISTER HOTKEY
[ADMIN] [11/14/2016 22:50] [PENJUALAN] CASHIER FORM : UPDATE ROW NUMBER, TOTAL ROW [1]
[ADMIN] [11/14/2016 22:50] [PENJUALAN] CASHIER FORM : UNREGISTER HOTKEY
[ADMIN] [11/14/2016 22:50] [PENJUALAN] CASHIER FORM : REGISTER HOTKEY
[ADMIN] [11/14/2016 22:50] [PENJUALAN] CASHIER FORM : UNREGISTER HOTKEY
[ADMIN] [11/14/2016 22:50] [PENJUALAN] CASHIER FORM : UNREGISTER HOTKEY
[ADMIN] [11/14/2016 22:53] [PENJUALAN] CASHIER FORM : REGISTER HOTKEY
[ADMIN] [11/14/2016 22:53] [PENJUALAN] CASHIER FORM : cashierForm_Load, ATTEMPT TO LOAD NO FAKTUR
[ADMIN] [11/14/2016 22:53] [PENJUALAN] CASHIER FORM : loadNoFaktur, noFakturValue [SLO001]
[ADMIN] [11/14/2016 22:53] [PENJUALAN] CASHIER FORM : cashierForm_Load, ATTEMPT TO addColumnToDataGrid
[ADMIN] [11/14/2016 22:53] [PENJUALAN] CASHIER FORM : UPDATE ROW NUMBER, TOTAL ROW [1]
[ADMIN] [11/14/2016 22:53] [PENJUALAN] CASHIER FORM : cashierDataGridView_CellValueChanged [F8]
[ADMIN] [11/14/2016 22:53] [PENJUALAN] CASHIER FORM : calculateTotal
[ADMIN] [11/14/2016 22:53] [PENJUALAN] CASHIER FORM : calculateTotal [0]
[ADMIN] [11/14/2016 22:53] [PENJUALAN] CASHIER FORM : calculateTotal, totalAfterDisc [0]
[ADMIN] [11/14/2016 22:53] [PENJUALAN] CASHIER FORM : calculateChangeValue, bayarTextBox.Text [0]
[ADMIN] [11/14/2016 22:53] [PENJUALAN] CASHIER FORM : calculateChangeValue, sisaBayar [0]
[ADMIN] [11/14/2016 22:53] [PENJUALAN] CASHIER FORM : ADD NEW ROW,  isActive [True]
[ADMIN] [11/14/2016 22:53] [PENJUALAN] CASHIER FORM : ADD NEW ROW,  ROW COUNT [1]
[ADMIN] [11/14/2016 22:53] [PENJUALAN] CASHIER FORM : ADD NEW ROW,  ALLOW TO ADD [False]
[ADMIN] [11/14/2016 22:53] [PENJUALAN] CASHIER FORM : clearUpSomeRowContents
[ADMIN] [11/14/2016 22:53] [PENJUALAN] CASHIER FORM : calculateTotal
[ADMIN] [11/14/2016 22:53] [PENJUALAN] CASHIER FORM : calculateTotal [0]
[ADMIN] [11/14/2016 22:53] [PENJUALAN] CASHIER FORM : calculateTotal, totalAfterDisc [0]
[ADMIN] [11/14/2016 22:53] [PENJUALAN] CASHIER FORM : calculateChangeValue, bayarTextBox.Text [0]
[ADMIN] [11/14/2016 22:53] [PENJUALAN] CASHIER FORM : calculateChangeValue, sisaBayar [0]
[ADMIN] [11/14/2016 22:53] [PENJUALAN] CASHIER FORM : REGISTER HOTKEY
[ADMIN] [11/14/2016 22:53] [PENJUALAN] CASHIER FORM : calculateChangeValue, bayarTextBox.Text [4000]
[ADMIN] [11/14/2016 22:53] [PENJUALAN] CASHIER FORM : calculateChangeValue, sisaBayar [100]
[ADMIN] [11/14/2016 22:53] [PENJUALAN] CASHIER FORM : UNREGISTER HOTKEY
[ADMIN] [11/14/2016 22:53] [PENJUALAN] CASHIER FORM : REGISTER HOTKEY
[ADMIN] [11/14/2016 22:53] [PENJUALAN] ATTEMPT TO SAVE AND PRINT OUT INVOICE
[ADMIN] [11/14/2016 22:53] [PENJUALAN] CASHIER FORM : UNREGISTER HOTKEY
[ADMIN] [11/14/2016 22:53] [PENJUALAN] CASHIER FORM : REGISTER HOTKEY
[ADMIN] [11/14/2016 22:53] [PENJUALAN] CASHIER FORM : UNREGISTER HOTKEY
[ADMIN] [11/14/2016 22:53] [PENJUALAN] CASHIER FORM : ATTEMPT TO SAVE SALES DATA [14-11-2016 22:53]
[ADMIN] [11/14/2016 22:53] [PENJUALAN] CASHIER FORM : SALES DISC FINAL [100]
[ADMIN] [11/14/2016 22:53] [PENJUALAN] CASHIER FORM : CASH SALES
[ADMIN] [11/14/2016 22:53] [PENJUALAN] CHECK IF TAX LIMIT SET FOR PERCENTAGE PURCHASE [0]
[ADMIN] [11/14/2016 22:53] [PENJUALAN] CHECK IF TAX LIMIT SET FOR AVERAGE DAILY PURCHASE [0]
[ADMIN] [11/14/2016 22:53] [PENJUALAN] CASHIER FORM : NO FAKTUR [SLO001]
[ADMIN] [11/14/2016 22:53] [PENJUALAN] CASHIER FORM : MAX SALES INVOICE [2]
[ADMIN] [11/14/2016 22:53] [PENJUALAN] CASHIER FORM : SALES INVOICE [SLO001-3]
[ADMIN] [11/14/2016 22:53] [PENJUALAN] INSERT INTO SALES HEADER [SLO001-3]
[ADMIN] [11/14/2016 22:54] [PENJUALAN] EXCEPTION THROWN [Timeout expired.  The timeout period elapsed prior to completion of the operation or the server is not responding.]
[] [11/15/2016 11:27] [] USER = ADMIN IS ACTIVE
[ADMIN] [11/15/2016 11:27] [] USER ID = 1 LOGIN SUCCESSFULLY
[ADMIN] [11/15/2016 11:27] [] ACTIVATE USER ACCESS RIGHT
[ADMIN] [11/15/2016 11:27] [] DISPLAY ADMIN FORM
[ADMIN] [11/15/2016 11:27] [] adminForm Load
[ADMIN] [11/15/2016 11:27] [] ACTIVATE USER ACCESS RIGHT
[ADMIN] [11/15/2016 11:28] [PENJUALAN] CASHIER FORM : REGISTER HOTKEY
[ADMIN] [11/15/2016 11:28] [PENJUALAN] CASHIER FORM : cashierForm_Load, ATTEMPT TO LOAD NO FAKTUR
[ADMIN] [11/15/2016 11:28] [PENJUALAN] CASHIER FORM : loadNoFaktur, noFakturValue [SLO001]
[ADMIN] [11/15/2016 11:28] [PENJUALAN] CASHIER FORM : cashierForm_Load, ATTEMPT TO addColumnToDataGrid
[ADMIN] [11/15/2016 11:28] [PENJUALAN] CASHIER FORM : UPDATE ROW NUMBER, TOTAL ROW [1]
[ADMIN] [11/15/2016 11:28] [PENJUALAN] CASHIER FORM : cashierDataGridView_CellValueChanged [F8]
[ADMIN] [11/15/2016 11:28] [PENJUALAN] CASHIER FORM : calculateTotal
[ADMIN] [11/15/2016 11:28] [PENJUALAN] CASHIER FORM : calculateTotal [0]
[ADMIN] [11/15/2016 11:28] [PENJUALAN] CASHIER FORM : calculateTotal, totalAfterDisc [0]
[ADMIN] [11/15/2016 11:28] [PENJUALAN] CASHIER FORM : calculateChangeValue, bayarTextBox.Text [0]
[ADMIN] [11/15/2016 11:28] [PENJUALAN] CASHIER FORM : calculateChangeValue, sisaBayar [0]
[ADMIN] [11/15/2016 11:28] [PENJUALAN] CASHIER FORM : ADD NEW ROW,  isActive [True]
[ADMIN] [11/15/2016 11:28] [PENJUALAN] CASHIER FORM : ADD NEW ROW,  ROW COUNT [1]
[ADMIN] [11/15/2016 11:28] [PENJUALAN] CASHIER FORM : ADD NEW ROW,  ALLOW TO ADD [False]
[ADMIN] [11/15/2016 11:28] [PENJUALAN] CASHIER FORM : clearUpSomeRowContents
[ADMIN] [11/15/2016 11:28] [PENJUALAN] CASHIER FORM : calculateTotal
[ADMIN] [11/15/2016 11:28] [PENJUALAN] CASHIER FORM : calculateTotal [0]
[ADMIN] [11/15/2016 11:28] [PENJUALAN] CASHIER FORM : calculateTotal, totalAfterDisc [0]
[ADMIN] [11/15/2016 11:28] [PENJUALAN] CASHIER FORM : calculateChangeValue, bayarTextBox.Text [0]
[ADMIN] [11/15/2016 11:28] [PENJUALAN] CASHIER FORM : calculateChangeValue, sisaBayar [0]
[ADMIN] [11/15/2016 11:28] [PENJUALAN] CASHIER FORM : REGISTER HOTKEY
[ADMIN] [11/15/2016 11:28] [PENJUALAN] CASHIER FORM : calculateChangeValue, bayarTextBox.Text [4000]
[ADMIN] [11/15/2016 11:28] [PENJUALAN] CASHIER FORM : calculateChangeValue, sisaBayar [100]
[ADMIN] [11/15/2016 11:28] [PENJUALAN] CASHIER FORM : UNREGISTER HOTKEY
[ADMIN] [11/15/2016 11:28] [PENJUALAN] CASHIER FORM : REGISTER HOTKEY
[ADMIN] [11/15/2016 11:28] [PENJUALAN] ATTEMPT TO SAVE AND PRINT OUT INVOICE
[ADMIN] [11/15/2016 11:28] [PENJUALAN] CASHIER FORM : UNREGISTER HOTKEY
[ADMIN] [11/15/2016 11:28] [PENJUALAN] CASHIER FORM : REGISTER HOTKEY
[ADMIN] [11/15/2016 11:28] [PENJUALAN] CASHIER FORM : UNREGISTER HOTKEY
[ADMIN] [11/15/2016 11:28] [PENJUALAN] CASHIER FORM : ATTEMPT TO SAVE SALES DATA [15-11-2016 11:28]
[ADMIN] [11/15/2016 11:28] [PENJUALAN] CASHIER FORM : SALES DISC FINAL [100]
[ADMIN] [11/15/2016 11:28] [PENJUALAN] CASHIER FORM : CASH SALES
[ADMIN] [11/15/2016 11:28] [PENJUALAN] CHECK IF TAX LIMIT SET FOR PERCENTAGE PURCHASE [0]
[ADMIN] [11/15/2016 11:28] [PENJUALAN] CHECK IF TAX LIMIT SET FOR AVERAGE DAILY PURCHASE [0]
[ADMIN] [11/15/2016 11:28] [PENJUALAN] CASHIER FORM : NO FAKTUR [SLO001]
[ADMIN] [11/15/2016 11:28] [PENJUALAN] CASHIER FORM : MAX SALES INVOICE [2]
[ADMIN] [11/15/2016 11:28] [PENJUALAN] CASHIER FORM : SALES INVOICE [SLO001-3]
[ADMIN] [11/15/2016 11:28] [PENJUALAN] INSERT INTO SALES HEADER [SLO001-3]
[ADMIN] [11/15/2016 11:28] [PENJUALAN] INSERT TO CREDIT TABLE [SLO001-3]
[ADMIN] [11/15/2016 11:28] [PENJUALAN] INSERT TO DAILY JOURNAL TABLE [4000]
[ADMIN] [11/15/2016 11:28] [PENJUALAN] CASHIER FORM : REGISTER HOTKEY
[ADMIN] [11/15/2016 11:28] [PENJUALAN] TRANSACTION SAVED
[ADMIN] [11/15/2016 11:28] [PENJUALAN] PRINT OUT INVOICE
[ADMIN] [11/15/2016 11:28] [PENJUALAN] CASHIER FORM : PrintReceipt
[ADMIN] [11/15/2016 11:28] [PENJUALAN] CASHIER FORM : PrintReceipt, POS size Paper
[ADMIN] [11/15/2016 11:28] [PENJUALAN] CASHIER FORM : calculatePageLength, totalLengthPage [313]
[ADMIN] [11/15/2016 11:28] [PENJUALAN] CASHIER FORM : printDocument1_PrintPage, print POS size receipt
[ADMIN] [11/15/2016 11:28] [PENJUALAN] CASHIER FORM : loadNamaUser
[ADMIN] [11/15/2016 11:28] [PENJUALAN] CASHIER FORM : UNREGISTER HOTKEY
[ADMIN] [11/15/2016 11:28] [PENJUALAN] CASHIER FORM : REGISTER HOTKEY
[ADMIN] [11/15/2016 11:28] [PENJUALAN] CASHIER FORM : UPDATE ROW NUMBER, TOTAL ROW [1]
[ADMIN] [11/15/2016 11:28] [PENJUALAN] CASHIER FORM : UNREGISTER HOTKEY
[ADMIN] [11/15/2016 11:29] [PENJUALAN] CASHIER FORM : REGISTER HOTKEY
[ADMIN] [11/15/2016 11:29] [PENJUALAN] CASHIER FORM : UNREGISTER HOTKEY
[ADMIN] [11/15/2016 11:29] [PENJUALAN] CASHIER FORM : REGISTER HOTKEY
[ADMIN] [11/15/2016 11:29] [PENJUALAN] CASHIER FORM : UNREGISTER HOTKEY
[ADMIN] [11/15/2016 11:29] [PENJUALAN] CASHIER FORM : UNREGISTER HOTKEY
[ADMIN] [11/15/2016 11:29] [PENJUALAN] CASHIER FORM : REGISTER HOTKEY
[ADMIN] [11/15/2016 11:29] [PENJUALAN] CASHIER FORM : cashierForm_Load, ATTEMPT TO LOAD NO FAKTUR
[ADMIN] [11/15/2016 11:29] [PENJUALAN] CASHIER FORM : loadNoFaktur, noFakturValue [SLO001]
[ADMIN] [11/15/2016 11:29] [PENJUALAN] CASHIER FORM : cashierForm_Load, ATTEMPT TO addColumnToDataGrid
[ADMIN] [11/15/2016 11:29] [PENJUALAN] CASHIER FORM : UPDATE ROW NUMBER, TOTAL ROW [1]
[ADMIN] [11/15/2016 11:29] [PENJUALAN] CASHIER FORM : cashierDataGridView_CellValueChanged [F8]
[ADMIN] [11/15/2016 11:29] [PENJUALAN] CASHIER FORM : calculateTotal
[ADMIN] [11/15/2016 11:29] [PENJUALAN] CASHIER FORM : calculateTotal [0]
[ADMIN] [11/15/2016 11:29] [PENJUALAN] CASHIER FORM : calculateTotal, totalAfterDisc [0]
[ADMIN] [11/15/2016 11:29] [PENJUALAN] CASHIER FORM : calculateChangeValue, bayarTextBox.Text [0]
[ADMIN] [11/15/2016 11:29] [PENJUALAN] CASHIER FORM : calculateChangeValue, sisaBayar [0]
[ADMIN] [11/15/2016 11:29] [PENJUALAN] CASHIER FORM : ADD NEW ROW,  isActive [True]
[ADMIN] [11/15/2016 11:29] [PENJUALAN] CASHIER FORM : ADD NEW ROW,  ROW COUNT [1]
[ADMIN] [11/15/2016 11:29] [PENJUALAN] CASHIER FORM : ADD NEW ROW,  ALLOW TO ADD [False]
[ADMIN] [11/15/2016 11:29] [PENJUALAN] CASHIER FORM : clearUpSomeRowContents
[ADMIN] [11/15/2016 11:29] [PENJUALAN] CASHIER FORM : calculateTotal
[ADMIN] [11/15/2016 11:29] [PENJUALAN] CASHIER FORM : calculateTotal [0]
[ADMIN] [11/15/2016 11:29] [PENJUALAN] CASHIER FORM : calculateTotal, totalAfterDisc [0]
[ADMIN] [11/15/2016 11:29] [PENJUALAN] CASHIER FORM : calculateChangeValue, bayarTextBox.Text [0]
[ADMIN] [11/15/2016 11:29] [PENJUALAN] CASHIER FORM : calculateChangeValue, sisaBayar [0]
[ADMIN] [11/15/2016 11:29] [PENJUALAN] CASHIER FORM : REGISTER HOTKEY
[ADMIN] [11/15/2016 11:29] [PENJUALAN] CASHIER FORM : calculateChangeValue, bayarTextBox.Text [4000]
[ADMIN] [11/15/2016 11:29] [PENJUALAN] CASHIER FORM : calculateChangeValue, sisaBayar [100]
[ADMIN] [11/15/2016 11:29] [PENJUALAN] CASHIER FORM : UNREGISTER HOTKEY
[ADMIN] [11/15/2016 11:29] [PENJUALAN] CASHIER FORM : REGISTER HOTKEY
[ADMIN] [11/15/2016 11:29] [PENJUALAN] ATTEMPT TO SAVE AND PRINT OUT INVOICE
[ADMIN] [11/15/2016 11:29] [PENJUALAN] CASHIER FORM : UNREGISTER HOTKEY
[ADMIN] [11/15/2016 11:29] [PENJUALAN] CASHIER FORM : REGISTER HOTKEY
[ADMIN] [11/15/2016 11:29] [PENJUALAN] CASHIER FORM : UNREGISTER HOTKEY
[ADMIN] [11/15/2016 11:29] [PENJUALAN] CASHIER FORM : ATTEMPT TO SAVE SALES DATA [15-11-2016 11:29]
[ADMIN] [11/15/2016 11:29] [PENJUALAN] CASHIER FORM : SALES DISC FINAL [100]
[ADMIN] [11/15/2016 11:29] [PENJUALAN] CASHIER FORM : CASH SALES
[ADMIN] [11/15/2016 11:29] [PENJUALAN] CHECK IF TAX LIMIT SET FOR PERCENTAGE PURCHASE [0]
[ADMIN] [11/15/2016 11:29] [PENJUALAN] CHECK IF TAX LIMIT SET FOR AVERAGE DAILY PURCHASE [0]
[ADMIN] [11/15/2016 11:29] [PENJUALAN] CASHIER FORM : NO FAKTUR [SLO001]
[ADMIN] [11/15/2016 11:29] [PENJUALAN] CASHIER FORM : MAX SALES INVOICE [3]
[ADMIN] [11/15/2016 11:29] [PENJUALAN] CASHIER FORM : SALES INVOICE [SLO001-4]
[ADMIN] [11/15/2016 11:29] [PENJUALAN] INSERT INTO SALES HEADER [SLO001-4]
[] [11/15/2016 11:30] [] USER = ADMIN IS ACTIVE
[ADMIN] [11/15/2016 11:30] [] USER ID = 1 LOGIN SUCCESSFULLY
[ADMIN] [11/15/2016 11:30] [] ACTIVATE USER ACCESS RIGHT
[ADMIN] [11/15/2016 11:30] [] DISPLAY ADMIN FORM
[ADMIN] [11/15/2016 11:30] [] adminForm Load
[ADMIN] [11/15/2016 11:30] [] ACTIVATE USER ACCESS RIGHT
[ADMIN] [11/15/2016 11:30] [PENJUALAN] CASHIER FORM : REGISTER HOTKEY
[ADMIN] [11/15/2016 11:30] [PENJUALAN] CASHIER FORM : cashierForm_Load, ATTEMPT TO LOAD NO FAKTUR
[ADMIN] [11/15/2016 11:30] [PENJUALAN] CASHIER FORM : loadNoFaktur, noFakturValue [SLO001]
[ADMIN] [11/15/2016 11:30] [PENJUALAN] CASHIER FORM : cashierForm_Load, ATTEMPT TO addColumnToDataGrid
[ADMIN] [11/15/2016 11:30] [PENJUALAN] CASHIER FORM : UPDATE ROW NUMBER, TOTAL ROW [1]
[ADMIN] [11/15/2016 11:30] [PENJUALAN] CASHIER FORM : cashierDataGridView_CellValueChanged [F8]
[ADMIN] [11/15/2016 11:30] [PENJUALAN] CASHIER FORM : calculateTotal
[ADMIN] [11/15/2016 11:30] [PENJUALAN] CASHIER FORM : calculateTotal [0]
[ADMIN] [11/15/2016 11:30] [PENJUALAN] CASHIER FORM : calculateTotal, totalAfterDisc [0]
[ADMIN] [11/15/2016 11:30] [PENJUALAN] CASHIER FORM : calculateChangeValue, bayarTextBox.Text [0]
[ADMIN] [11/15/2016 11:30] [PENJUALAN] CASHIER FORM : calculateChangeValue, sisaBayar [0]
[ADMIN] [11/15/2016 11:30] [PENJUALAN] CASHIER FORM : ADD NEW ROW,  isActive [True]
[ADMIN] [11/15/2016 11:30] [PENJUALAN] CASHIER FORM : ADD NEW ROW,  ROW COUNT [1]
[ADMIN] [11/15/2016 11:30] [PENJUALAN] CASHIER FORM : ADD NEW ROW,  ALLOW TO ADD [False]
[ADMIN] [11/15/2016 11:30] [PENJUALAN] CASHIER FORM : clearUpSomeRowContents
[ADMIN] [11/15/2016 11:30] [PENJUALAN] CASHIER FORM : calculateTotal
[ADMIN] [11/15/2016 11:30] [PENJUALAN] CASHIER FORM : calculateTotal [0]
[ADMIN] [11/15/2016 11:30] [PENJUALAN] CASHIER FORM : calculateTotal, totalAfterDisc [0]
[ADMIN] [11/15/2016 11:30] [PENJUALAN] CASHIER FORM : calculateChangeValue, bayarTextBox.Text [0]
[ADMIN] [11/15/2016 11:30] [PENJUALAN] CASHIER FORM : calculateChangeValue, sisaBayar [0]
[ADMIN] [11/15/2016 11:30] [PENJUALAN] CASHIER FORM : REGISTER HOTKEY
[ADMIN] [11/15/2016 11:30] [PENJUALAN] CASHIER FORM : calculateChangeValue, bayarTextBox.Text [4000]
[ADMIN] [11/15/2016 11:30] [PENJUALAN] CASHIER FORM : calculateChangeValue, sisaBayar [100]
[ADMIN] [11/15/2016 11:30] [PENJUALAN] CASHIER FORM : UNREGISTER HOTKEY
[ADMIN] [11/15/2016 11:30] [PENJUALAN] CASHIER FORM : REGISTER HOTKEY
[ADMIN] [11/15/2016 11:30] [PENJUALAN] ATTEMPT TO SAVE AND PRINT OUT INVOICE
[ADMIN] [11/15/2016 11:30] [PENJUALAN] CASHIER FORM : UNREGISTER HOTKEY
[ADMIN] [11/15/2016 11:30] [PENJUALAN] CASHIER FORM : REGISTER HOTKEY
[ADMIN] [11/15/2016 11:30] [PENJUALAN] CASHIER FORM : UNREGISTER HOTKEY
[ADMIN] [11/15/2016 11:30] [PENJUALAN] CASHIER FORM : ATTEMPT TO SAVE SALES DATA [15-11-2016 11:30]
[ADMIN] [11/15/2016 11:30] [PENJUALAN] CASHIER FORM : SALES DISC FINAL [100]
[ADMIN] [11/15/2016 11:30] [PENJUALAN] CASHIER FORM : CASH SALES
[ADMIN] [11/15/2016 11:30] [PENJUALAN] CHECK IF TAX LIMIT SET FOR PERCENTAGE PURCHASE [0]
[ADMIN] [11/15/2016 11:30] [PENJUALAN] CHECK IF TAX LIMIT SET FOR AVERAGE DAILY PURCHASE [0]
[ADMIN] [11/15/2016 11:30] [PENJUALAN] CASHIER FORM : NO FAKTUR [SLO001]
[ADMIN] [11/15/2016 11:30] [PENJUALAN] CASHIER FORM : MAX SALES INVOICE [3]
[ADMIN] [11/15/2016 11:30] [PENJUALAN] CASHIER FORM : SALES INVOICE [SLO001-4]
[ADMIN] [11/15/2016 11:30] [PENJUALAN] INSERT INTO SALES HEADER [SLO001-4]
[ADMIN] [11/15/2016 11:30] [PENJUALAN] INSERT TO CREDIT TABLE [SLO001-4]
[ADMIN] [11/15/2016 11:30] [PENJUALAN] INSERT TO DAILY JOURNAL TABLE [4000]
[ADMIN] [11/15/2016 11:30] [PENJUALAN] CASHIER FORM : REGISTER HOTKEY
[ADMIN] [11/15/2016 11:30] [PENJUALAN] TRANSACTION SAVED
[ADMIN] [11/15/2016 11:30] [PENJUALAN] PRINT OUT INVOICE
[ADMIN] [11/15/2016 11:30] [PENJUALAN] CASHIER FORM : PrintReceipt
[ADMIN] [11/15/2016 11:30] [PENJUALAN] CASHIER FORM : PrintReceipt, POS size Paper
[ADMIN] [11/15/2016 11:30] [PENJUALAN] CASHIER FORM : calculatePageLength, totalLengthPage [313]
[ADMIN] [11/15/2016 11:30] [PENJUALAN] CASHIER FORM : printDocument1_PrintPage, print POS size receipt
[ADMIN] [11/15/2016 11:30] [PENJUALAN] CASHIER FORM : loadNamaUser
[ADMIN] [11/15/2016 11:30] [PENJUALAN] CASHIER FORM : UNREGISTER HOTKEY
[ADMIN] [11/15/2016 11:30] [PENJUALAN] CASHIER FORM : REGISTER HOTKEY
[ADMIN] [11/15/2016 11:30] [PENJUALAN] CASHIER FORM : UPDATE ROW NUMBER, TOTAL ROW [1]
[ADMIN] [11/15/2016 11:30] [PENJUALAN] CASHIER FORM : UNREGISTER HOTKEY
[ADMIN] [11/15/2016 11:30] [PENJUALAN] CASHIER FORM : REGISTER HOTKEY
[ADMIN] [11/15/2016 11:30] [PENJUALAN] CASHIER FORM : UNREGISTER HOTKEY
[ADMIN] [11/15/2016 11:32] [PENJUALAN] CASHIER FORM : REGISTER HOTKEY
[ADMIN] [11/15/2016 11:32] [PENJUALAN] CASHIER FORM : UNREGISTER HOTKEY
[ADMIN] [11/15/2016 11:32] [PENJUALAN] CASHIER FORM : UNREGISTER HOTKEY
[ADMIN] [11/15/2016 11:32] [PENJUALAN] CASHIER FORM : REGISTER HOTKEY
[ADMIN] [11/15/2016 11:32] [PENJUALAN] CASHIER FORM : cashierForm_Load, ATTEMPT TO LOAD NO FAKTUR
[ADMIN] [11/15/2016 11:32] [PENJUALAN] CASHIER FORM : loadNoFaktur, noFakturValue [SLO001]
[ADMIN] [11/15/2016 11:32] [PENJUALAN] CASHIER FORM : cashierForm_Load, ATTEMPT TO addColumnToDataGrid
[ADMIN] [11/15/2016 11:32] [PENJUALAN] CASHIER FORM : UPDATE ROW NUMBER, TOTAL ROW [1]
[ADMIN] [11/15/2016 11:32] [PENJUALAN] CASHIER FORM : cashierDataGridView_CellValueChanged [F8]
[ADMIN] [11/15/2016 11:32] [PENJUALAN] CASHIER FORM : calculateTotal
[ADMIN] [11/15/2016 11:32] [PENJUALAN] CASHIER FORM : calculateTotal [0]
[ADMIN] [11/15/2016 11:32] [PENJUALAN] CASHIER FORM : calculateTotal, totalAfterDisc [0]
[ADMIN] [11/15/2016 11:32] [PENJUALAN] CASHIER FORM : calculateChangeValue, bayarTextBox.Text [0]
[ADMIN] [11/15/2016 11:32] [PENJUALAN] CASHIER FORM : calculateChangeValue, sisaBayar [0]
[ADMIN] [11/15/2016 11:32] [PENJUALAN] CASHIER FORM : ADD NEW ROW,  isActive [True]
[ADMIN] [11/15/2016 11:32] [PENJUALAN] CASHIER FORM : ADD NEW ROW,  ROW COUNT [1]
[ADMIN] [11/15/2016 11:32] [PENJUALAN] CASHIER FORM : ADD NEW ROW,  ALLOW TO ADD [False]
[ADMIN] [11/15/2016 11:32] [PENJUALAN] CASHIER FORM : clearUpSomeRowContents
[ADMIN] [11/15/2016 11:32] [PENJUALAN] CASHIER FORM : calculateTotal
[ADMIN] [11/15/2016 11:32] [PENJUALAN] CASHIER FORM : calculateTotal [0]
[ADMIN] [11/15/2016 11:32] [PENJUALAN] CASHIER FORM : calculateTotal, totalAfterDisc [0]
[ADMIN] [11/15/2016 11:32] [PENJUALAN] CASHIER FORM : calculateChangeValue, bayarTextBox.Text [0]
[ADMIN] [11/15/2016 11:32] [PENJUALAN] CASHIER FORM : calculateChangeValue, sisaBayar [0]
[ADMIN] [11/15/2016 11:32] [PENJUALAN] CASHIER FORM : REGISTER HOTKEY
[ADMIN] [11/15/2016 11:32] [PENJUALAN] CASHIER FORM : calculateChangeValue, bayarTextBox.Text [4000]
[ADMIN] [11/15/2016 11:32] [PENJUALAN] CASHIER FORM : calculateChangeValue, sisaBayar [100]
[ADMIN] [11/15/2016 11:32] [PENJUALAN] CASHIER FORM : UNREGISTER HOTKEY
[ADMIN] [11/15/2016 11:32] [PENJUALAN] CASHIER FORM : REGISTER HOTKEY
[ADMIN] [11/15/2016 11:32] [PENJUALAN] ATTEMPT TO SAVE AND PRINT OUT INVOICE
[ADMIN] [11/15/2016 11:32] [PENJUALAN] CASHIER FORM : UNREGISTER HOTKEY
[ADMIN] [11/15/2016 11:32] [PENJUALAN] CASHIER FORM : REGISTER HOTKEY
[ADMIN] [11/15/2016 11:32] [PENJUALAN] CASHIER FORM : UNREGISTER HOTKEY
[ADMIN] [11/15/2016 11:32] [PENJUALAN] CASHIER FORM : ATTEMPT TO SAVE SALES DATA [15-11-2016 11:32]
[ADMIN] [11/15/2016 11:32] [PENJUALAN] CASHIER FORM : SALES DISC FINAL [100]
[ADMIN] [11/15/2016 11:32] [PENJUALAN] CASHIER FORM : CASH SALES
[ADMIN] [11/15/2016 11:32] [PENJUALAN] CHECK IF TAX LIMIT SET FOR PERCENTAGE PURCHASE [0]
[ADMIN] [11/15/2016 11:32] [PENJUALAN] CHECK IF TAX LIMIT SET FOR AVERAGE DAILY PURCHASE [0]
[ADMIN] [11/15/2016 11:32] [PENJUALAN] CASHIER FORM : NO FAKTUR [SLO001]
[ADMIN] [11/15/2016 11:32] [PENJUALAN] CASHIER FORM : MAX SALES INVOICE [4]
[ADMIN] [11/15/2016 11:32] [PENJUALAN] CASHIER FORM : SALES INVOICE [SLO001-5]
[ADMIN] [11/15/2016 11:32] [PENJUALAN] INSERT INTO SALES HEADER [SLO001-5]
[] [11/15/2016 11:36] [] USER = ADMIN IS ACTIVE
[ADMIN] [11/15/2016 11:36] [] USER ID = 1 LOGIN SUCCESSFULLY
[ADMIN] [11/15/2016 11:36] [] ACTIVATE USER ACCESS RIGHT
[ADMIN] [11/15/2016 11:36] [] DISPLAY ADMIN FORM
[ADMIN] [11/15/2016 11:36] [] adminForm Load
[ADMIN] [11/15/2016 11:36] [] ACTIVATE USER ACCESS RIGHT
[ADMIN] [11/15/2016 11:36] [PENJUALAN] CASHIER FORM : REGISTER HOTKEY
[ADMIN] [11/15/2016 11:36] [PENJUALAN] CASHIER FORM : cashierForm_Load, ATTEMPT TO LOAD NO FAKTUR
[ADMIN] [11/15/2016 11:36] [PENJUALAN] CASHIER FORM : loadNoFaktur, noFakturValue [SLO001]
[ADMIN] [11/15/2016 11:36] [PENJUALAN] CASHIER FORM : cashierForm_Load, ATTEMPT TO addColumnToDataGrid
[ADMIN] [11/15/2016 11:36] [PENJUALAN] CASHIER FORM : UPDATE ROW NUMBER, TOTAL ROW [1]
[ADMIN] [11/15/2016 11:36] [PENJUALAN] CASHIER FORM : cashierDataGridView_CellValueChanged [F8]
[ADMIN] [11/15/2016 11:36] [PENJUALAN] CASHIER FORM : calculateTotal
[ADMIN] [11/15/2016 11:36] [PENJUALAN] CASHIER FORM : calculateTotal [0]
[ADMIN] [11/15/2016 11:36] [PENJUALAN] CASHIER FORM : calculateTotal, totalAfterDisc [0]
[ADMIN] [11/15/2016 11:36] [PENJUALAN] CASHIER FORM : calculateChangeValue, bayarTextBox.Text [0]
[ADMIN] [11/15/2016 11:36] [PENJUALAN] CASHIER FORM : calculateChangeValue, sisaBayar [0]
[ADMIN] [11/15/2016 11:36] [PENJUALAN] CASHIER FORM : ADD NEW ROW,  isActive [True]
[ADMIN] [11/15/2016 11:36] [PENJUALAN] CASHIER FORM : ADD NEW ROW,  ROW COUNT [1]
[ADMIN] [11/15/2016 11:36] [PENJUALAN] CASHIER FORM : ADD NEW ROW,  ALLOW TO ADD [False]
[ADMIN] [11/15/2016 11:36] [PENJUALAN] CASHIER FORM : clearUpSomeRowContents
[ADMIN] [11/15/2016 11:36] [PENJUALAN] CASHIER FORM : calculateTotal
[ADMIN] [11/15/2016 11:36] [PENJUALAN] CASHIER FORM : calculateTotal [0]
[ADMIN] [11/15/2016 11:36] [PENJUALAN] CASHIER FORM : calculateTotal, totalAfterDisc [0]
[ADMIN] [11/15/2016 11:36] [PENJUALAN] CASHIER FORM : calculateChangeValue, bayarTextBox.Text [0]
[ADMIN] [11/15/2016 11:36] [PENJUALAN] CASHIER FORM : calculateChangeValue, sisaBayar [0]
[ADMIN] [11/15/2016 11:36] [PENJUALAN] CASHIER FORM : REGISTER HOTKEY
[ADMIN] [11/15/2016 11:36] [PENJUALAN] CASHIER FORM : calculateChangeValue, bayarTextBox.Text [4000]
[ADMIN] [11/15/2016 11:36] [PENJUALAN] CASHIER FORM : calculateChangeValue, sisaBayar [100]
[ADMIN] [11/15/2016 11:36] [PENJUALAN] CASHIER FORM : UNREGISTER HOTKEY
[ADMIN] [11/15/2016 11:36] [PENJUALAN] CASHIER FORM : REGISTER HOTKEY
[ADMIN] [11/15/2016 11:36] [PENJUALAN] CASHIER FORM : UNREGISTER HOTKEY
[ADMIN] [11/15/2016 11:36] [PENJUALAN] CASHIER FORM : REGISTER HOTKEY
[ADMIN] [11/15/2016 11:36] [PENJUALAN] ATTEMPT TO SAVE AND PRINT OUT INVOICE
[ADMIN] [11/15/2016 11:36] [PENJUALAN] CASHIER FORM : UNREGISTER HOTKEY
[ADMIN] [11/15/2016 11:36] [PENJUALAN] CASHIER FORM : REGISTER HOTKEY
[ADMIN] [11/15/2016 11:37] [PENJUALAN] CASHIER FORM : UNREGISTER HOTKEY
[ADMIN] [11/15/2016 11:37] [PENJUALAN] CASHIER FORM : REGISTER HOTKEY
[ADMIN] [11/15/2016 11:37] [PENJUALAN] CASHIER FORM : UNREGISTER HOTKEY
[ADMIN] [11/15/2016 11:37] [PENJUALAN] CASHIER FORM : ATTEMPT TO SAVE SALES DATA [15-11-2016 11:37]
[ADMIN] [11/15/2016 11:37] [PENJUALAN] CASHIER FORM : SALES DISC FINAL [100]
[ADMIN] [11/15/2016 11:37] [PENJUALAN] CASHIER FORM : CASH SALES
[ADMIN] [11/15/2016 11:37] [PENJUALAN] CHECK IF TAX LIMIT SET FOR PERCENTAGE PURCHASE [0]
[ADMIN] [11/15/2016 11:37] [PENJUALAN] CHECK IF TAX LIMIT SET FOR AVERAGE DAILY PURCHASE [0]
[ADMIN] [11/15/2016 11:38] [PENJUALAN] CASHIER FORM : NO FAKTUR [SLO001]
[ADMIN] [11/15/2016 11:38] [PENJUALAN] CASHIER FORM : MAX SALES INVOICE [4]
[ADMIN] [11/15/2016 11:38] [PENJUALAN] CASHIER FORM : SALES INVOICE [SLO001-5]
[ADMIN] [11/15/2016 11:38] [PENJUALAN] INSERT INTO SALES HEADER [SLO001-5]
[ADMIN] [11/15/2016 11:38] [PENJUALAN] INSERT TO CREDIT TABLE [SLO001-5]
[ADMIN] [11/15/2016 11:38] [PENJUALAN] INSERT TO DAILY JOURNAL TABLE [4000]
[ADMIN] [11/15/2016 11:38] [PENJUALAN] CASHIER FORM : REGISTER HOTKEY
[ADMIN] [11/15/2016 11:38] [PENJUALAN] TRANSACTION SAVED
[ADMIN] [11/15/2016 11:38] [PENJUALAN] PRINT OUT INVOICE
[ADMIN] [11/15/2016 11:38] [PENJUALAN] CASHIER FORM : PrintReceipt
[ADMIN] [11/15/2016 11:38] [PENJUALAN] CASHIER FORM : PrintReceipt, POS size Paper
[ADMIN] [11/15/2016 11:38] [PENJUALAN] CASHIER FORM : UNREGISTER HOTKEY
[ADMIN] [11/15/2016 11:38] [PENJUALAN] CASHIER FORM : calculatePageLength, totalLengthPage [313]
[ADMIN] [11/15/2016 11:38] [PENJUALAN] CASHIER FORM : printDocument1_PrintPage, print POS size receipt
[ADMIN] [11/15/2016 11:38] [PENJUALAN] CASHIER FORM : loadNamaUser
[ADMIN] [11/15/2016 11:39] [PENJUALAN] CASHIER FORM : UPDATE ROW NUMBER, TOTAL ROW [1]
[] [11/15/2016 11:50] [] USER = ADMIN IS ACTIVE
[ADMIN] [11/15/2016 11:50] [] USER ID = 1 LOGIN SUCCESSFULLY
[ADMIN] [11/15/2016 11:50] [] ACTIVATE USER ACCESS RIGHT
[ADMIN] [11/15/2016 11:50] [] DISPLAY ADMIN FORM
[ADMIN] [11/15/2016 11:50] [] adminForm Load
[ADMIN] [11/15/2016 11:50] [] ACTIVATE USER ACCESS RIGHT
[ADMIN] [11/15/2016 11:50] [PENJUALAN] CASHIER FORM : REGISTER HOTKEY
[ADMIN] [11/15/2016 11:50] [PENJUALAN] CASHIER FORM : cashierForm_Load, ATTEMPT TO LOAD NO FAKTUR
[ADMIN] [11/15/2016 11:50] [PENJUALAN] CASHIER FORM : loadNoFaktur, noFakturValue [SLO001]
[ADMIN] [11/15/2016 11:50] [PENJUALAN] CASHIER FORM : cashierForm_Load, ATTEMPT TO addColumnToDataGrid
[ADMIN] [11/15/2016 11:50] [PENJUALAN] CASHIER FORM : UPDATE ROW NUMBER, TOTAL ROW [1]
[ADMIN] [11/15/2016 11:50] [PENJUALAN] CASHIER FORM : cashierDataGridView_CellValueChanged [F8]
[ADMIN] [11/15/2016 11:50] [PENJUALAN] CASHIER FORM : calculateTotal
[ADMIN] [11/15/2016 11:50] [PENJUALAN] CASHIER FORM : calculateTotal [0]
[ADMIN] [11/15/2016 11:50] [PENJUALAN] CASHIER FORM : calculateTotal, totalAfterDisc [0]
[ADMIN] [11/15/2016 11:50] [PENJUALAN] CASHIER FORM : calculateChangeValue, bayarTextBox.Text [0]
[ADMIN] [11/15/2016 11:50] [PENJUALAN] CASHIER FORM : calculateChangeValue, sisaBayar [0]
[ADMIN] [11/15/2016 11:50] [PENJUALAN] CASHIER FORM : ADD NEW ROW,  isActive [True]
[ADMIN] [11/15/2016 11:50] [PENJUALAN] CASHIER FORM : ADD NEW ROW,  ROW COUNT [1]
[ADMIN] [11/15/2016 11:50] [PENJUALAN] CASHIER FORM : ADD NEW ROW,  ALLOW TO ADD [False]
[ADMIN] [11/15/2016 11:50] [PENJUALAN] CASHIER FORM : clearUpSomeRowContents
[ADMIN] [11/15/2016 11:50] [PENJUALAN] CASHIER FORM : calculateTotal
[ADMIN] [11/15/2016 11:50] [PENJUALAN] CASHIER FORM : calculateTotal [0]
[ADMIN] [11/15/2016 11:50] [PENJUALAN] CASHIER FORM : calculateTotal, totalAfterDisc [0]
[ADMIN] [11/15/2016 11:50] [PENJUALAN] CASHIER FORM : calculateChangeValue, bayarTextBox.Text [0]
[ADMIN] [11/15/2016 11:50] [PENJUALAN] CASHIER FORM : calculateChangeValue, sisaBayar [0]
[ADMIN] [11/15/2016 11:50] [PENJUALAN] CASHIER FORM : REGISTER HOTKEY
[ADMIN] [11/15/2016 11:50] [PENJUALAN] CASHIER FORM : calculateChangeValue, bayarTextBox.Text [4000]
[ADMIN] [11/15/2016 11:50] [PENJUALAN] CASHIER FORM : calculateChangeValue, sisaBayar [100]
[ADMIN] [11/15/2016 11:50] [PENJUALAN] CASHIER FORM : UNREGISTER HOTKEY
[ADMIN] [11/15/2016 11:50] [PENJUALAN] CASHIER FORM : REGISTER HOTKEY
[ADMIN] [11/15/2016 11:50] [PENJUALAN] CASHIER FORM : UNREGISTER HOTKEY
[ADMIN] [11/15/2016 11:50] [PENJUALAN] CASHIER FORM : REGISTER HOTKEY
[ADMIN] [11/15/2016 11:50] [PENJUALAN] ATTEMPT TO SAVE AND PRINT OUT INVOICE
[ADMIN] [11/15/2016 11:50] [PENJUALAN] CASHIER FORM : UNREGISTER HOTKEY
[ADMIN] [11/15/2016 11:50] [PENJUALAN] CASHIER FORM : REGISTER HOTKEY
[ADMIN] [11/15/2016 11:50] [PENJUALAN] CASHIER FORM : UNREGISTER HOTKEY
[ADMIN] [11/15/2016 11:50] [PENJUALAN] CASHIER FORM : ATTEMPT TO SAVE SALES DATA [15-11-2016 11:50]
[ADMIN] [11/15/2016 11:50] [PENJUALAN] CASHIER FORM : SALES DISC FINAL [100]
[ADMIN] [11/15/2016 11:50] [PENJUALAN] CASHIER FORM : CASH SALES
[ADMIN] [11/15/2016 11:50] [PENJUALAN] CHECK IF TAX LIMIT SET FOR PERCENTAGE PURCHASE [0]
[ADMIN] [11/15/2016 11:50] [PENJUALAN] CHECK IF TAX LIMIT SET FOR AVERAGE DAILY PURCHASE [0]
[ADMIN] [11/15/2016 11:50] [PENJUALAN] CASHIER FORM : NO FAKTUR [SLO001]
[ADMIN] [11/15/2016 11:50] [PENJUALAN] CASHIER FORM : MAX SALES INVOICE [5]
[ADMIN] [11/15/2016 11:50] [PENJUALAN] CASHIER FORM : SALES INVOICE [SLO001-6]
[ADMIN] [11/15/2016 11:50] [PENJUALAN] INSERT INTO SALES HEADER [SLO001-6]
[ADMIN] [11/15/2016 11:50] [PENJUALAN] INSERT TO CREDIT TABLE [SLO001-6]
[ADMIN] [11/15/2016 11:50] [PENJUALAN] INSERT TO DAILY JOURNAL TABLE [4000]
[ADMIN] [11/15/2016 11:50] [PENJUALAN] CASHIER FORM : REGISTER HOTKEY
[ADMIN] [11/15/2016 11:50] [PENJUALAN] TRANSACTION SAVED
[ADMIN] [11/15/2016 11:50] [PENJUALAN] PRINT OUT INVOICE
[ADMIN] [11/15/2016 11:51] [PENJUALAN] CASHIER FORM : PrintReceipt
[ADMIN] [11/15/2016 11:51] [PENJUALAN] CASHIER FORM : PrintReceipt, POS size Paper
[ADMIN] [11/15/2016 11:51] [PENJUALAN] CASHIER FORM : UNREGISTER HOTKEY
[ADMIN] [11/15/2016 11:51] [PENJUALAN] CASHIER FORM : REGISTER HOTKEY
[ADMIN] [11/15/2016 11:51] [PENJUALAN] CASHIER FORM : calculatePageLength, totalLengthPage [313]
[ADMIN] [11/15/2016 11:51] [PENJUALAN] CASHIER FORM : printDocument1_PrintPage, print POS size receipt
[ADMIN] [11/15/2016 11:51] [PENJUALAN] CASHIER FORM : loadNamaUser
[ADMIN] [11/15/2016 11:51] [PENJUALAN] CASHIER FORM : UNREGISTER HOTKEY
[ADMIN] [11/15/2016 11:51] [PENJUALAN] CASHIER FORM : REGISTER HOTKEY
[ADMIN] [11/15/2016 11:51] [PENJUALAN] CASHIER FORM : UPDATE ROW NUMBER, TOTAL ROW [1]
[ADMIN] [11/15/2016 11:51] [PENJUALAN] CASHIER FORM : UNREGISTER HOTKEY
[ADMIN] [11/15/2016 11:51] [PENJUALAN] CASHIER FORM : REGISTER HOTKEY
[ADMIN] [11/15/2016 11:51] [PENJUALAN] CASHIER FORM : UNREGISTER HOTKEY
[ADMIN] [11/15/2016 11:51] [PENJUALAN] CASHIER FORM : UNREGISTER HOTKEY
[ADMIN] [11/15/2016 11:51] [PENJUALAN] CASHIER FORM : REGISTER HOTKEY
[ADMIN] [11/15/2016 11:51] [PENJUALAN] CASHIER FORM : cashierForm_Load, ATTEMPT TO LOAD NO FAKTUR
[ADMIN] [11/15/2016 11:51] [PENJUALAN] CASHIER FORM : loadNoFaktur, noFakturValue [SLO001]
[ADMIN] [11/15/2016 11:51] [PENJUALAN] CASHIER FORM : cashierForm_Load, ATTEMPT TO addColumnToDataGrid
[ADMIN] [11/15/2016 11:51] [PENJUALAN] CASHIER FORM : UPDATE ROW NUMBER, TOTAL ROW [1]
[ADMIN] [11/15/2016 11:51] [PENJUALAN] CASHIER FORM : cashierDataGridView_CellValueChanged [F8]
[ADMIN] [11/15/2016 11:51] [PENJUALAN] CASHIER FORM : calculateTotal
[ADMIN] [11/15/2016 11:51] [PENJUALAN] CASHIER FORM : calculateTotal [0]
[ADMIN] [11/15/2016 11:51] [PENJUALAN] CASHIER FORM : calculateTotal, totalAfterDisc [0]
[ADMIN] [11/15/2016 11:51] [PENJUALAN] CASHIER FORM : calculateChangeValue, bayarTextBox.Text [0]
[ADMIN] [11/15/2016 11:51] [PENJUALAN] CASHIER FORM : calculateChangeValue, sisaBayar [0]
[ADMIN] [11/15/2016 11:51] [PENJUALAN] CASHIER FORM : ADD NEW ROW,  isActive [True]
[ADMIN] [11/15/2016 11:51] [PENJUALAN] CASHIER FORM : ADD NEW ROW,  ROW COUNT [1]
[ADMIN] [11/15/2016 11:51] [PENJUALAN] CASHIER FORM : ADD NEW ROW,  ALLOW TO ADD [False]
[ADMIN] [11/15/2016 11:51] [PENJUALAN] CASHIER FORM : clearUpSomeRowContents
[ADMIN] [11/15/2016 11:51] [PENJUALAN] CASHIER FORM : calculateTotal
[ADMIN] [11/15/2016 11:51] [PENJUALAN] CASHIER FORM : calculateTotal [0]
[ADMIN] [11/15/2016 11:51] [PENJUALAN] CASHIER FORM : calculateTotal, totalAfterDisc [0]
[ADMIN] [11/15/2016 11:51] [PENJUALAN] CASHIER FORM : calculateChangeValue, bayarTextBox.Text [0]
[ADMIN] [11/15/2016 11:51] [PENJUALAN] CASHIER FORM : calculateChangeValue, sisaBayar [0]
[ADMIN] [11/15/2016 11:51] [PENJUALAN] CASHIER FORM : REGISTER HOTKEY
[ADMIN] [11/15/2016 11:51] [PENJUALAN] CASHIER FORM : UNREGISTER HOTKEY
[ADMIN] [11/15/2016 11:51] [PENJUALAN] CASHIER FORM : UNREGISTER HOTKEY
[ADMIN] [11/15/2016 11:51] [PENJUALAN] CASHIER FORM : MULTIPLE CASHIER INSTANCE [1]
[ADMIN] [11/15/2016 11:51] [PENJUALAN] CASHIER FORM : REGISTER HOTKEY
[ADMIN] [11/15/2016 11:51] [PENJUALAN] CASHIER FORM : cashierForm_Load, ATTEMPT TO LOAD NO FAKTUR
[ADMIN] [11/15/2016 11:51] [PENJUALAN] CASHIER FORM : loadNoFaktur, noFakturValue [SLO001]
[ADMIN] [11/15/2016 11:51] [PENJUALAN] CASHIER FORM : cashierForm_Load, ATTEMPT TO addColumnToDataGrid
[ADMIN] [11/15/2016 11:51] [PENJUALAN] CASHIER FORM : UPDATE ROW NUMBER, TOTAL ROW [1]
[ADMIN] [11/15/2016 11:51] [PENJUALAN] CASHIER FORM : cashierDataGridView_CellValueChanged [F8]
[ADMIN] [11/15/2016 11:51] [PENJUALAN] CASHIER FORM : calculateTotal
[ADMIN] [11/15/2016 11:51] [PENJUALAN] CASHIER FORM : calculateTotal [0]
[ADMIN] [11/15/2016 11:51] [PENJUALAN] CASHIER FORM : calculateTotal, totalAfterDisc [0]
[ADMIN] [11/15/2016 11:51] [PENJUALAN] CASHIER FORM : calculateChangeValue, bayarTextBox.Text [0]
[ADMIN] [11/15/2016 11:51] [PENJUALAN] CASHIER FORM : calculateChangeValue, sisaBayar [0]
[ADMIN] [11/15/2016 11:51] [PENJUALAN] CASHIER FORM : REGISTER HOTKEY
[ADMIN] [11/15/2016 11:51] [PENJUALAN] CASHIER FORM : UNREGISTER HOTKEY
[ADMIN] [11/15/2016 11:51] [PENJUALAN] CASHIER FORM : UNREGISTER HOTKEY
[ADMIN] [11/15/2016 11:52] [PENJUALAN] CASHIER FORM : REGISTER HOTKEY
[ADMIN] [11/15/2016 11:52] [PENJUALAN] CASHIER FORM : cashierForm_Load, ATTEMPT TO LOAD NO FAKTUR
[ADMIN] [11/15/2016 11:52] [PENJUALAN] CASHIER FORM : loadNoFaktur, noFakturValue [SLO001]
[ADMIN] [11/15/2016 11:52] [PENJUALAN] CASHIER FORM : cashierForm_Load, ATTEMPT TO addColumnToDataGrid
[ADMIN] [11/15/2016 11:52] [PENJUALAN] CASHIER FORM : UPDATE ROW NUMBER, TOTAL ROW [1]
[ADMIN] [11/15/2016 11:52] [PENJUALAN] CASHIER FORM : cashierDataGridView_CellValueChanged [F8]
[ADMIN] [11/15/2016 11:52] [PENJUALAN] CASHIER FORM : calculateTotal
[ADMIN] [11/15/2016 11:52] [PENJUALAN] CASHIER FORM : calculateTotal [0]
[ADMIN] [11/15/2016 11:52] [PENJUALAN] CASHIER FORM : calculateTotal, totalAfterDisc [0]
[ADMIN] [11/15/2016 11:52] [PENJUALAN] CASHIER FORM : calculateChangeValue, bayarTextBox.Text [0]
[ADMIN] [11/15/2016 11:52] [PENJUALAN] CASHIER FORM : calculateChangeValue, sisaBayar [0]
[ADMIN] [11/15/2016 11:52] [PENJUALAN] CASHIER FORM : REGISTER HOTKEY
[ADMIN] [11/15/2016 11:52] [PENJUALAN] CASHIER FORM : DISPLAY PELANGGAN FORM
[ADMIN] [11/15/2016 11:52] [PENJUALAN] CASHIER FORM : UNREGISTER HOTKEY
[ADMIN] [11/15/2016 11:52] [PENJUALAN] CASHIER FORM : REGISTER HOTKEY
[ADMIN] [11/15/2016 11:52] [PENJUALAN] CASHIER FORM : UNREGISTER HOTKEY
[ADMIN] [11/15/2016 11:52] [PENJUALAN] CASHIER FORM : UNREGISTER HOTKEY
[ADMIN] [11/15/2016 11:52] [] USER ID = 1LOGOUT
