[] [11/28/2016 14:48] [] USER = ADMIN IS ACTIVE
[ADMIN] [11/28/2016 14:48] [] USER ID = 1 LOGIN SUCCESSFULLY
[ADMIN] [11/28/2016 14:48] [] ACTIVATE USER ACCESS RIGHT
[ADMIN] [11/28/2016 14:48] [] DISPLAY ADMIN FORM
[ADMIN] [11/28/2016 14:48] [] adminForm Load
[ADMIN] [11/28/2016 14:48] [] ACTIVATE USER ACCESS RIGHT
[ADMIN] [11/28/2016 14:48] [PENJUALAN] CASHIER FORM : REGISTER HOTKEY
[ADMIN] [11/28/2016 14:48] [PENJUALAN] CASHIER FORM : cashierForm_Load, ATTEMPT TO LOAD NO FAKTUR
[ADMIN] [11/28/2016 14:48] [PENJUALAN] CASHIER FORM : loadNoFaktur, noFakturValue [SLO001]
[ADMIN] [11/28/2016 14:48] [PENJUALAN] CASHIER FORM : cashierForm_Load, ATTEMPT TO addColumnToDataGrid
[ADMIN] [11/28/2016 14:48] [PENJUALAN] CASHIER FORM : UPDATE ROW NUMBER, TOTAL ROW [1]
[ADMIN] [11/28/2016 14:48] [PENJUALAN] CASHIER FORM : cashierDataGridView_CellValueChanged [F8]
[ADMIN] [11/28/2016 14:48] [PENJUALAN] CASHIER FORM : ADD NEW ROW,  isActive [True]
[ADMIN] [11/28/2016 14:48] [PENJUALAN] CASHIER FORM : ADD NEW ROW,  ROW COUNT [1]
[ADMIN] [11/28/2016 14:48] [PENJUALAN] CASHIER FORM : ADD NEW ROW,  ALLOW TO ADD [False]
[ADMIN] [11/28/2016 14:48] [PENJUALAN] CASHIER FORM : clearUpSomeRowContents
[ADMIN] [11/28/2016 14:48] [PENJUALAN] CASHIER FORM : calculateTotal
[ADMIN] [11/28/2016 14:48] [PENJUALAN] CASHIER FORM : calculateTotal [0]
[ADMIN] [11/28/2016 14:48] [PENJUALAN] CASHIER FORM : calculateTotal, totalAfterDisc [0]
[ADMIN] [11/28/2016 14:48] [PENJUALAN] CASHIER FORM : calculateChangeValue, bayarTextBox.Text [0]
[ADMIN] [11/28/2016 14:48] [PENJUALAN] CASHIER FORM : calculateChangeValue, sisaBayar [0]
[ADMIN] [11/28/2016 14:49] [PENJUALAN] CASHIER FORM : ADD NEW ROW,  isActive [True]
[ADMIN] [11/28/2016 14:49] [PENJUALAN] CASHIER FORM : ADD NEW ROW,  ROW COUNT [1]
[ADMIN] [11/28/2016 14:49] [PENJUALAN] CASHIER FORM : ADD NEW ROW,  ALLOW TO ADD [True]
[ADMIN] [11/28/2016 14:49] [PENJUALAN] CASHIER FORM : UPDATE ROW NUMBER, TOTAL ROW [2]
[ADMIN] [11/28/2016 14:49] [PENJUALAN] CASHIER FORM : calculateChangeValue, bayarTextBox.Text [1000]
[ADMIN] [11/28/2016 14:49] [PENJUALAN] CASHIER FORM : calculateChangeValue, sisaBayar [0]
[ADMIN] [11/28/2016 14:49] [PENJUALAN] CASHIER FORM : REGISTER HOTKEY
[ADMIN] [11/28/2016 14:49] [PENJUALAN] CASHIER FORM : UNREGISTER HOTKEY
[ADMIN] [11/28/2016 14:50] [PENJUALAN] CASHIER FORM : REGISTER HOTKEY
[ADMIN] [11/28/2016 14:50] [PENJUALAN] CASHIER FORM : UNREGISTER HOTKEY
[ADMIN] [11/28/2016 14:50] [PENJUALAN] CASHIER FORM : UNREGISTER HOTKEY
[ADMIN] [11/28/2016 14:50] [PENJUALAN] CASHIER FORM : REGISTER HOTKEY
[ADMIN] [11/28/2016 14:50] [PENJUALAN] CASHIER FORM : cashierForm_Load, ATTEMPT TO LOAD NO FAKTUR
[ADMIN] [11/28/2016 14:50] [PENJUALAN] CASHIER FORM : loadNoFaktur, noFakturValue [SLO001]
[ADMIN] [11/28/2016 14:50] [PENJUALAN] CASHIER FORM : cashierForm_Load, ATTEMPT TO addColumnToDataGrid
[ADMIN] [11/28/2016 14:50] [PENJUALAN] CASHIER FORM : UPDATE ROW NUMBER, TOTAL ROW [1]
[ADMIN] [11/28/2016 14:50] [PENJUALAN] CASHIER FORM : cashierDataGridView_CellValueChanged [F8]
[ADMIN] [11/28/2016 14:50] [PENJUALAN] CASHIER FORM : ADD NEW ROW,  isActive [True]
[ADMIN] [11/28/2016 14:50] [PENJUALAN] CASHIER FORM : ADD NEW ROW,  ROW COUNT [1]
[ADMIN] [11/28/2016 14:51] [PENJUALAN] CASHIER FORM : ADD NEW ROW,  ALLOW TO ADD [False]
[ADMIN] [11/28/2016 14:51] [PENJUALAN] CASHIER FORM : clearUpSomeRowContents
[ADMIN] [11/28/2016 14:51] [PENJUALAN] CASHIER FORM : calculateTotal
[ADMIN] [11/28/2016 14:51] [PENJUALAN] CASHIER FORM : calculateTotal [0]
[ADMIN] [11/28/2016 14:51] [PENJUALAN] CASHIER FORM : calculateTotal, totalAfterDisc [0]
[ADMIN] [11/28/2016 14:51] [PENJUALAN] CASHIER FORM : calculateChangeValue, bayarTextBox.Text [0]
[ADMIN] [11/28/2016 14:51] [PENJUALAN] CASHIER FORM : calculateChangeValue, sisaBayar [0]
[ADMIN] [11/28/2016 14:52] [PENJUALAN] CASHIER FORM : ADD NEW ROW,  isActive [True]
[ADMIN] [11/28/2016 14:52] [PENJUALAN] CASHIER FORM : ADD NEW ROW,  ROW COUNT [1]
[ADMIN] [11/28/2016 14:52] [PENJUALAN] CASHIER FORM : ADD NEW ROW,  ALLOW TO ADD [True]
[ADMIN] [11/28/2016 14:52] [PENJUALAN] CASHIER FORM : UPDATE ROW NUMBER, TOTAL ROW [2]
[ADMIN] [11/28/2016 14:53] [PENJUALAN] CASHIER FORM : calculateChangeValue, bayarTextBox.Text [1000]
[ADMIN] [11/28/2016 14:53] [PENJUALAN] CASHIER FORM : calculateChangeValue, sisaBayar [0]
[ADMIN] [11/28/2016 14:53] [PENJUALAN] CASHIER FORM : REGISTER HOTKEY
[ADMIN] [11/28/2016 14:53] [PENJUALAN] CASHIER FORM : UNREGISTER HOTKEY
[ADMIN] [11/28/2016 14:53] [PENJUALAN] CASHIER FORM : REGISTER HOTKEY
[ADMIN] [11/28/2016 14:53] [PENJUALAN] CASHIER FORM : UNREGISTER HOTKEY
[ADMIN] [11/28/2016 14:53] [PENJUALAN] CASHIER FORM : UNREGISTER HOTKEY
[ADMIN] [11/28/2016 14:53] [PENJUALAN] CASHIER FORM : REGISTER HOTKEY
[ADMIN] [11/28/2016 14:53] [PENJUALAN] CASHIER FORM : cashierForm_Load, ATTEMPT TO LOAD NO FAKTUR
[ADMIN] [11/28/2016 14:53] [PENJUALAN] CASHIER FORM : loadNoFaktur, noFakturValue [SLO001]
[ADMIN] [11/28/2016 14:53] [PENJUALAN] CASHIER FORM : cashierForm_Load, ATTEMPT TO addColumnToDataGrid
[ADMIN] [11/28/2016 14:53] [PENJUALAN] CASHIER FORM : UPDATE ROW NUMBER, TOTAL ROW [1]
[ADMIN] [11/28/2016 14:53] [PENJUALAN] CASHIER FORM : cashierDataGridView_CellValueChanged [F8]
[ADMIN] [11/28/2016 14:53] [PENJUALAN] CASHIER FORM : ADD NEW ROW,  isActive [True]
[ADMIN] [11/28/2016 14:53] [PENJUALAN] CASHIER FORM : ADD NEW ROW,  ROW COUNT [1]
[ADMIN] [11/28/2016 14:53] [PENJUALAN] CASHIER FORM : ADD NEW ROW,  ALLOW TO ADD [False]
[ADMIN] [11/28/2016 14:53] [PENJUALAN] CASHIER FORM : clearUpSomeRowContents
[ADMIN] [11/28/2016 14:53] [PENJUALAN] CASHIER FORM : calculateTotal
[ADMIN] [11/28/2016 14:53] [PENJUALAN] CASHIER FORM : calculateTotal [0]
[ADMIN] [11/28/2016 14:53] [PENJUALAN] CASHIER FORM : calculateTotal, totalAfterDisc [0]
[ADMIN] [11/28/2016 14:53] [PENJUALAN] CASHIER FORM : calculateChangeValue, bayarTextBox.Text [0]
[ADMIN] [11/28/2016 14:53] [PENJUALAN] CASHIER FORM : calculateChangeValue, sisaBayar [0]
[ADMIN] [11/28/2016 14:53] [PENJUALAN] CASHIER FORM : ADD NEW ROW,  isActive [True]
[ADMIN] [11/28/2016 14:53] [PENJUALAN] CASHIER FORM : ADD NEW ROW,  ROW COUNT [1]
[ADMIN] [11/28/2016 14:53] [PENJUALAN] CASHIER FORM : ADD NEW ROW,  ALLOW TO ADD [True]
[ADMIN] [11/28/2016 14:53] [PENJUALAN] CASHIER FORM : UPDATE ROW NUMBER, TOTAL ROW [2]
[ADMIN] [11/28/2016 14:53] [PENJUALAN] CASHIER FORM : calculateChangeValue, bayarTextBox.Text [1000]
[ADMIN] [11/28/2016 14:53] [PENJUALAN] CASHIER FORM : calculateChangeValue, sisaBayar [0]
[ADMIN] [11/28/2016 14:53] [PENJUALAN] CASHIER FORM : REGISTER HOTKEY
[ADMIN] [11/28/2016 14:53] [PENJUALAN] CASHIER FORM : UNREGISTER HOTKEY
[ADMIN] [11/28/2016 14:53] [PENJUALAN] CASHIER FORM : REGISTER HOTKEY
[ADMIN] [11/28/2016 14:53] [PENJUALAN] CASHIER FORM : UNREGISTER HOTKEY
[ADMIN] [11/28/2016 14:54] [PENJUALAN] CASHIER FORM : REGISTER HOTKEY
[ADMIN] [11/28/2016 14:54] [PENJUALAN] CASHIER FORM : UNREGISTER HOTKEY
[ADMIN] [11/28/2016 14:54] [PENJUALAN] CASHIER FORM : REGISTER HOTKEY
[ADMIN] [11/28/2016 14:54] [PENJUALAN] CASHIER FORM : UNREGISTER HOTKEY
[ADMIN] [11/28/2016 14:54] [PENJUALAN] CASHIER FORM : REGISTER HOTKEY
[ADMIN] [11/28/2016 14:54] [PENJUALAN] CASHIER FORM : UNREGISTER HOTKEY
[ADMIN] [11/28/2016 14:54] [PENJUALAN] CASHIER FORM : UNREGISTER HOTKEY
[ADMIN] [11/28/2016 14:57] [PENJUALAN] CASHIER FORM : REGISTER HOTKEY
[ADMIN] [11/28/2016 14:57] [PENJUALAN] CASHIER FORM : cashierForm_Load, ATTEMPT TO LOAD NO FAKTUR
[ADMIN] [11/28/2016 14:57] [PENJUALAN] CASHIER FORM : loadNoFaktur, noFakturValue [SLO001]
[ADMIN] [11/28/2016 14:57] [PENJUALAN] CASHIER FORM : cashierForm_Load, ATTEMPT TO addColumnToDataGrid
[ADMIN] [11/28/2016 14:57] [PENJUALAN] CASHIER FORM : UPDATE ROW NUMBER, TOTAL ROW [1]
[ADMIN] [11/28/2016 14:57] [PENJUALAN] CASHIER FORM : cashierDataGridView_CellValueChanged [F8]
[ADMIN] [11/28/2016 14:59] [PENJUALAN] CASHIER FORM : ADD NEW ROW,  isActive [True]
[ADMIN] [11/28/2016 14:59] [PENJUALAN] CASHIER FORM : ADD NEW ROW,  ROW COUNT [1]
[ADMIN] [11/28/2016 14:59] [PENJUALAN] CASHIER FORM : ADD NEW ROW,  ALLOW TO ADD [True]
[ADMIN] [11/28/2016 14:59] [PENJUALAN] CASHIER FORM : UPDATE ROW NUMBER, TOTAL ROW [2]
[ADMIN] [11/28/2016 14:59] [PENJUALAN] CASHIER FORM : ADD NEW ROW,  isActive [True]
[ADMIN] [11/28/2016 14:59] [PENJUALAN] CASHIER FORM : ADD NEW ROW,  ROW COUNT [2]
[ADMIN] [11/28/2016 14:59] [PENJUALAN] CASHIER FORM : ADD NEW ROW,  ALLOW TO ADD [True]
[ADMIN] [11/28/2016 14:59] [PENJUALAN] CASHIER FORM : UPDATE ROW NUMBER, TOTAL ROW [3]
[ADMIN] [11/28/2016 14:59] [PENJUALAN] CASHIER FORM : calculateChangeValue, bayarTextBox.Text [1000]
[ADMIN] [11/28/2016 14:59] [PENJUALAN] CASHIER FORM : calculateChangeValue, sisaBayar [0]
[ADMIN] [11/28/2016 14:59] [PENJUALAN] CASHIER FORM : REGISTER HOTKEY
[ADMIN] [11/28/2016 14:59] [PENJUALAN] CASHIER FORM : UNREGISTER HOTKEY
[ADMIN] [11/28/2016 14:59] [PENJUALAN] CASHIER FORM : REGISTER HOTKEY
[ADMIN] [11/28/2016 14:59] [PENJUALAN] CASHIER FORM : UNREGISTER HOTKEY
[ADMIN] [11/28/2016 14:59] [PENJUALAN] CASHIER FORM : UNREGISTER HOTKEY
[ADMIN] [11/28/2016 14:59] [PENJUALAN] CASHIER FORM : REGISTER HOTKEY
[ADMIN] [11/28/2016 14:59] [PENJUALAN] CASHIER FORM : cashierForm_Load, ATTEMPT TO LOAD NO FAKTUR
[ADMIN] [11/28/2016 14:59] [PENJUALAN] CASHIER FORM : loadNoFaktur, noFakturValue [SLO001]
[ADMIN] [11/28/2016 14:59] [PENJUALAN] CASHIER FORM : cashierForm_Load, ATTEMPT TO addColumnToDataGrid
[ADMIN] [11/28/2016 14:59] [PENJUALAN] CASHIER FORM : UPDATE ROW NUMBER, TOTAL ROW [1]
[ADMIN] [11/28/2016 14:59] [PENJUALAN] CASHIER FORM : cashierDataGridView_CellValueChanged [F8]
[ADMIN] [11/28/2016 14:59] [PENJUALAN] CASHIER FORM : ADD NEW ROW,  isActive [True]
[ADMIN] [11/28/2016 14:59] [PENJUALAN] CASHIER FORM : ADD NEW ROW,  ROW COUNT [1]
[ADMIN] [11/28/2016 14:59] [PENJUALAN] CASHIER FORM : ADD NEW ROW,  ALLOW TO ADD [True]
[ADMIN] [11/28/2016 14:59] [PENJUALAN] CASHIER FORM : UPDATE ROW NUMBER, TOTAL ROW [2]
[ADMIN] [11/28/2016 14:59] [PENJUALAN] CASHIER FORM : ADD NEW ROW,  isActive [True]
[ADMIN] [11/28/2016 14:59] [PENJUALAN] CASHIER FORM : ADD NEW ROW,  ROW COUNT [2]
[ADMIN] [11/28/2016 14:59] [PENJUALAN] CASHIER FORM : ADD NEW ROW,  ALLOW TO ADD [True]
[ADMIN] [11/28/2016 14:59] [PENJUALAN] CASHIER FORM : UPDATE ROW NUMBER, TOTAL ROW [3]
[ADMIN] [11/28/2016 14:59] [PENJUALAN] CASHIER FORM : calculateChangeValue, bayarTextBox.Text [1000]
[ADMIN] [11/28/2016 14:59] [PENJUALAN] CASHIER FORM : calculateChangeValue, sisaBayar [0]
[ADMIN] [11/28/2016 14:59] [PENJUALAN] CASHIER FORM : REGISTER HOTKEY
[ADMIN] [11/28/2016 14:59] [PENJUALAN] CASHIER FORM : UNREGISTER HOTKEY
[ADMIN] [11/28/2016 14:59] [PENJUALAN] CASHIER FORM : REGISTER HOTKEY
[ADMIN] [11/28/2016 15:00] [PENJUALAN] CASHIER FORM : ChangePrinterButton_Click, DISPLAY PRINTER SELECTION FORM
[ADMIN] [11/28/2016 15:00] [PENJUALAN] CASHIER FORM : UNREGISTER HOTKEY
[ADMIN] [11/28/2016 15:00] [PENGATURAN PRINTER] PAPER SIZE CHANGED [2]
[ADMIN] [11/28/2016 15:00] [PENGATURAN PRINTER] DEFAULT PRINTER CHANGED [PrimoPDF]
[ADMIN] [11/28/2016 15:00] [PENJUALAN] CASHIER FORM : REGISTER HOTKEY
[ADMIN] [11/28/2016 15:00] [PENJUALAN] CASHIER FORM : UNREGISTER HOTKEY
[ADMIN] [11/28/2016 15:00] [PENJUALAN] CASHIER FORM : REGISTER HOTKEY
[ADMIN] [11/28/2016 15:00] [PENJUALAN] RE-PRINT INVOICE
[ADMIN] [11/28/2016 15:00] [PENJUALAN] CASHIER FORM : PrintReceipt
[ADMIN] [11/28/2016 15:00] [PENJUALAN] CASHIER FORM : PrintReceipt, papermode [2]
[ADMIN] [11/28/2016 15:00] [PENJUALAN] CASHIER FORM : PrintReceipt, kuarto paper, display SalesQuotationReceiptKuartoForm
[ADMIN] [11/28/2016 15:00] [PENJUALAN] CASHIER FORM : UNREGISTER HOTKEY
[ADMIN] [11/28/2016 15:00] [PENJUALAN] CASHIER FORM : REGISTER HOTKEY
[ADMIN] [11/28/2016 15:00] [PENJUALAN] CASHIER FORM : UNREGISTER HOTKEY
[ADMIN] [11/28/2016 15:00] [PENJUALAN] CASHIER FORM : UNREGISTER HOTKEY
[ADMIN] [11/28/2016 15:00] [PENJUALAN] CASHIER FORM : MULTIPLE CASHIER INSTANCE [1]
[ADMIN] [11/28/2016 15:00] [PENJUALAN] CASHIER FORM : REGISTER HOTKEY
[ADMIN] [11/28/2016 15:00] [PENJUALAN] CASHIER FORM : cashierForm_Load, ATTEMPT TO LOAD NO FAKTUR
[ADMIN] [11/28/2016 15:00] [PENJUALAN] CASHIER FORM : loadNoFaktur, noFakturValue [SLO001]
[ADMIN] [11/28/2016 15:00] [PENJUALAN] CASHIER FORM : cashierForm_Load, ATTEMPT TO addColumnToDataGrid
[ADMIN] [11/28/2016 15:00] [PENJUALAN] CASHIER FORM : UPDATE ROW NUMBER, TOTAL ROW [1]
[ADMIN] [11/28/2016 15:00] [PENJUALAN] CASHIER FORM : cashierDataGridView_CellValueChanged [F8]
[ADMIN] [11/28/2016 15:00] [PENJUALAN] CASHIER FORM : REGISTER HOTKEY
[ADMIN] [11/28/2016 15:00] [PENJUALAN] CASHIER FORM : DISPLAY BARCODE FORM
[ADMIN] [11/28/2016 15:00] [PENJUALAN] CASHIER FORM : UNREGISTER HOTKEY
[] [11/28/2016 15:09] [] USER = ADMIN IS ACTIVE
[ADMIN] [11/28/2016 15:09] [] USER ID = 1 LOGIN SUCCESSFULLY
[ADMIN] [11/28/2016 15:09] [] ACTIVATE USER ACCESS RIGHT
[ADMIN] [11/28/2016 15:09] [] DISPLAY ADMIN FORM
[ADMIN] [11/28/2016 15:09] [] adminForm Load
[ADMIN] [11/28/2016 15:09] [] ACTIVATE USER ACCESS RIGHT
[] [11/28/2016 15:15] [] USER = ADMIN IS ACTIVE
[ADMIN] [11/28/2016 15:15] [] USER ID = 1 LOGIN SUCCESSFULLY
[ADMIN] [11/28/2016 15:15] [] ACTIVATE USER ACCESS RIGHT
[ADMIN] [11/28/2016 15:15] [] DISPLAY ADMIN FORM
[ADMIN] [11/28/2016 15:15] [] adminForm Load
[ADMIN] [11/28/2016 15:15] [] ACTIVATE USER ACCESS RIGHT
[ADMIN] [11/28/2016 15:22] [] USER ID = 1LOGOUT
