[] [11/9/2016 15:13] [] USER = ADMIN IS ACTIVE
[ADMIN] [11/9/2016 15:13] [] USER ID = 1 LOGIN SUCCESSFULLY
[ADMIN] [11/9/2016 15:13] [] ACTIVATE USER ACCESS RIGHT
[ADMIN] [11/9/2016 15:13] [] DISPLAY ADMIN FORM
[ADMIN] [11/9/2016 15:13] [] adminForm Load
[ADMIN] [11/9/2016 15:13] [] ACTIVATE USER ACCESS RIGHT
[] [11/9/2016 15:16] [] USER = ADMIN IS ACTIVE
[ADMIN] [11/9/2016 15:16] [] USER ID = 1 LOGIN SUCCESSFULLY
[ADMIN] [11/9/2016 15:16] [] ACTIVATE USER ACCESS RIGHT
[ADMIN] [11/9/2016 15:16] [] DISPLAY ADMIN FORM
[ADMIN] [11/9/2016 15:16] [] adminForm Load
[ADMIN] [11/9/2016 15:16] [] ACTIVATE USER ACCESS RIGHT
[ADMIN] [11/9/2016 15:16] [PENYESUAIAN STOK] TRY TO DO MANUAL STOCK ADJUSTMENT
[ADMIN] [11/9/2016 15:16] [PENYESUAIAN STOK] UPDATE STOCK QTY [2]
[ADMIN] [11/9/2016 15:16] [PENYESUAIAN STOK] INSERT INTO PRODUCT ADJUSTMENT TABLE [RT002, 10, 12]
[ADMIN] [11/9/2016 15:17] [PENYESUAIAN STOK] TRY TO DO MANUAL STOCK ADJUSTMENT
[ADMIN] [11/9/2016 15:17] [PENYESUAIAN STOK] UPDATE STOCK QTY [3]
[ADMIN] [11/9/2016 15:17] [PENYESUAIAN STOK] INSERT INTO PRODUCT ADJUSTMENT TABLE [RT003, 8, 5]
[] [11/9/2016 15:31] [] USER = ADMIN IS ACTIVE
[ADMIN] [11/9/2016 15:31] [] USER ID = 1 LOGIN SUCCESSFULLY
[ADMIN] [11/9/2016 15:31] [] ACTIVATE USER ACCESS RIGHT
[ADMIN] [11/9/2016 15:31] [] DISPLAY ADMIN FORM
[ADMIN] [11/9/2016 15:31] [] adminForm Load
[ADMIN] [11/9/2016 15:31] [] ACTIVATE USER ACCESS RIGHT
[ADMIN] [11/9/2016 15:31] [] DAILY STOCK TAKE : detailDataGrid_CellValueChanged [BS]
[ADMIN] [11/9/2016 15:31] [PENJUALAN] DAILY STOCK TAKE : detailDataGrid_CellValueChanged, previousInput [0]
[ADMIN] [11/9/2016 15:31] [PENJUALAN] DAILY STOCK TAKE : detailDataGrid_CellValueChanged, cellValue [2]
[ADMIN] [11/9/2016 15:31] [PENJUALAN] DAILY STOCK TAKE : detailDataGrid_CellValueChanged, dataGridViewTextBoxEditingControl.Text pass REGEX Checking
[ADMIN] [11/9/2016 15:31] [] DAILY STOCK TAKE : detailDataGrid_CellValueChanged [BS]
[ADMIN] [11/9/2016 15:31] [PENJUALAN] DAILY STOCK TAKE : detailDataGrid_CellValueChanged, previousInput [0]
[ADMIN] [11/9/2016 15:31] [PENJUALAN] DAILY STOCK TAKE : detailDataGrid_CellValueChanged, cellValue [3]
[ADMIN] [11/9/2016 15:31] [PENJUALAN] DAILY STOCK TAKE : detailDataGrid_CellValueChanged, dataGridViewTextBoxEditingControl.Text pass REGEX Checking
[ADMIN] [11/9/2016 15:31] [] DAILY STOCK TAKE : detailDataGrid_CellValueChanged [BS]
[ADMIN] [11/9/2016 15:31] [PENJUALAN] DAILY STOCK TAKE : detailDataGrid_CellValueChanged, previousInput [0]
[ADMIN] [11/9/2016 15:31] [PENJUALAN] DAILY STOCK TAKE : detailDataGrid_CellValueChanged, cellValue [2]
[ADMIN] [11/9/2016 15:31] [PENJUALAN] DAILY STOCK TAKE : detailDataGrid_CellValueChanged, dataGridViewTextBoxEditingControl.Text pass REGEX Checking
[ADMIN] [11/9/2016 15:31] [] USER ID = 1LOGOUT
