[] [5/3/2017 00:16] [] USER = ADMIN IS ACTIVE
[ADMIN] [5/3/2017 00:16] [] USER ID = 1 LOGIN SUCCESSFULLY
[ADMIN] [5/3/2017 00:16] [] ACTIVATE USER ACCESS RIGHT
[ADMIN] [5/3/2017 00:16] [] DISPLAY ADMIN FORM
[ADMIN] [5/3/2017 00:16] [] adminForm Load
[ADMIN] [5/3/2017 00:16] [] ACTIVATE USER ACCESS RIGHT
[ADMIN] [5/3/2017 00:16] [] DAILY STOCK TAKE : detailDataGrid_CellValueChanged [BS]
[ADMIN] [5/3/2017 00:16] [PENJUALAN] DAILY STOCK TAKE : detailDataGrid_CellValueChanged, previousInput [0]
[ADMIN] [5/3/2017 00:16] [PENJUALAN] DAILY STOCK TAKE : detailDataGrid_CellValueChanged, cellValue [1]
[ADMIN] [5/3/2017 00:16] [PENJUALAN] DAILY STOCK TAKE : detailDataGrid_CellValueChanged, dataGridViewTextBoxEditingControl.Text pass REGEX Checking
[ADMIN] [5/3/2017 00:16] [] DAILY STOCK TAKE : detailDataGrid_CellValueChanged [BS]
[ADMIN] [5/3/2017 00:16] [PENJUALAN] DAILY STOCK TAKE : detailDataGrid_CellValueChanged, previousInput [1]
[ADMIN] [5/3/2017 00:16] [PENJUALAN] DAILY STOCK TAKE : detailDataGrid_CellValueChanged, dataGridViewTextBoxEditingControl.Text pass REGEX Checking
[ADMIN] [5/3/2017 00:17] [] DAILY STOCK TAKE : detailDataGrid_CellValueChanged [BS]
[ADMIN] [5/3/2017 00:17] [PENJUALAN] DAILY STOCK TAKE : detailDataGrid_CellValueChanged, previousInput [10]
[ADMIN] [5/3/2017 00:17] [PENJUALAN] DAILY STOCK TAKE : detailDataGrid_CellValueChanged, dataGridViewTextBoxEditingControl.Text pass REGEX Checking
[ADMIN] [5/3/2017 00:17] [] DAILY STOCK TAKE : detailDataGrid_CellValueChanged [BS]
[ADMIN] [5/3/2017 00:17] [PENJUALAN] DAILY STOCK TAKE : detailDataGrid_CellValueChanged, previousInput [0]
[ADMIN] [5/3/2017 00:17] [PENJUALAN] DAILY STOCK TAKE : detailDataGrid_CellValueChanged, cellValue [1]
[ADMIN] [5/3/2017 00:17] [PENJUALAN] DAILY STOCK TAKE : detailDataGrid_CellValueChanged, dataGridViewTextBoxEditingControl.Text pass REGEX Checking
[ADMIN] [5/3/2017 00:17] [] DAILY STOCK TAKE : detailDataGrid_CellValueChanged [BS]
[ADMIN] [5/3/2017 00:17] [PENJUALAN] DAILY STOCK TAKE : detailDataGrid_CellValueChanged, previousInput [1]
[ADMIN] [5/3/2017 00:17] [PENJUALAN] DAILY STOCK TAKE : detailDataGrid_CellValueChanged, dataGridViewTextBoxEditingControl.Text pass REGEX Checking
[ADMIN] [5/3/2017 00:17] [] DAILY STOCK TAKE : detailDataGrid_CellValueChanged [BS]
[ADMIN] [5/3/2017 00:17] [PENJUALAN] DAILY STOCK TAKE : detailDataGrid_CellValueChanged, previousInput [12]
[ADMIN] [5/3/2017 00:17] [PENJUALAN] DAILY STOCK TAKE : detailDataGrid_CellValueChanged, dataGridViewTextBoxEditingControl.Text pass REGEX Checking
[ADMIN] [5/3/2017 00:17] [] DAILY STOCK TAKE : detailDataGrid_CellValueChanged [BS]
[ADMIN] [5/3/2017 00:17] [PENJUALAN] DAILY STOCK TAKE : detailDataGrid_CellValueChanged, previousInput [123]
[ADMIN] [5/3/2017 00:17] [PENJUALAN] DAILY STOCK TAKE : detailDataGrid_CellValueChanged, dataGridViewTextBoxEditingControl.Text pass REGEX Checking
[ADMIN] [5/3/2017 00:17] [] DAILY STOCK TAKE : detailDataGrid_CellValueChanged [BS]
[ADMIN] [5/3/2017 00:17] [PENJUALAN] DAILY STOCK TAKE : detailDataGrid_CellValueChanged, previousInput [1230]
[ADMIN] [5/3/2017 00:17] [PENJUALAN] DAILY STOCK TAKE : detailDataGrid_CellValueChanged, dataGridViewTextBoxEditingControl.Text pass REGEX Checking
[ADMIN] [5/3/2017 00:17] [] DAILY STOCK TAKE : detailDataGrid_CellValueChanged [BS]
[ADMIN] [5/3/2017 00:17] [PENJUALAN] DAILY STOCK TAKE : detailDataGrid_CellValueChanged, previousInput [123]
[ADMIN] [5/3/2017 00:17] [PENJUALAN] DAILY STOCK TAKE : detailDataGrid_CellValueChanged, dataGridViewTextBoxEditingControl.Text pass REGEX Checking
[ADMIN] [5/3/2017 00:17] [] DAILY STOCK TAKE : detailDataGrid_CellValueChanged [BS]
[ADMIN] [5/3/2017 00:17] [PENJUALAN] DAILY STOCK TAKE : detailDataGrid_CellValueChanged, previousInput [12]
[ADMIN] [5/3/2017 00:17] [PENJUALAN] DAILY STOCK TAKE : detailDataGrid_CellValueChanged, dataGridViewTextBoxEditingControl.Text pass REGEX Checking
[ADMIN] [5/3/2017 00:17] [] DAILY STOCK TAKE : detailDataGrid_CellValueChanged [BS]
[ADMIN] [5/3/2017 00:17] [PENJUALAN] DAILY STOCK TAKE : detailDataGrid_CellValueChanged, empty texbox, reset [BS] value to 0
[ADMIN] [5/3/2017 00:17] [] DAILY STOCK TAKE : detailDataGrid_CellValueChanged [BS]
[ADMIN] [5/3/2017 00:17] [PENJUALAN] DAILY STOCK TAKE : detailDataGrid_CellValueChanged, previousInput [1]
[ADMIN] [5/3/2017 00:17] [] DAILY STOCK TAKE : detailDataGrid_CellValueChanged [BS]
[ADMIN] [5/3/2017 00:17] [PENJUALAN] DAILY STOCK TAKE : detailDataGrid_CellValueChanged, previousInput [1]
[ADMIN] [5/3/2017 00:17] [PENJUALAN] DAILY STOCK TAKE : detailDataGrid_CellValueChanged, dataGridViewTextBoxEditingControl.Text pass REGEX Checking
[ADMIN] [5/3/2017 00:17] [] DAILY STOCK TAKE : detailDataGrid_CellValueChanged [BS]
[ADMIN] [5/3/2017 00:17] [PENJUALAN] DAILY STOCK TAKE : detailDataGrid_CellValueChanged, previousInput [0]
[ADMIN] [5/3/2017 00:17] [PENJUALAN] DAILY STOCK TAKE : detailDataGrid_CellValueChanged, cellValue [1]
[ADMIN] [5/3/2017 00:17] [PENJUALAN] DAILY STOCK TAKE : detailDataGrid_CellValueChanged, dataGridViewTextBoxEditingControl.Text pass REGEX Checking
[ADMIN] [5/3/2017 00:17] [] DAILY STOCK TAKE : detailDataGrid_CellValueChanged [BS]
[ADMIN] [5/3/2017 00:17] [PENJUALAN] DAILY STOCK TAKE : detailDataGrid_CellValueChanged, previousInput [1]
[ADMIN] [5/3/2017 00:17] [PENJUALAN] DAILY STOCK TAKE : detailDataGrid_CellValueChanged, dataGridViewTextBoxEditingControl.Text pass REGEX Checking
[ADMIN] [5/3/2017 00:17] [] DAILY STOCK TAKE : detailDataGrid_CellValueChanged [akhirRiil]
[ADMIN] [5/3/2017 00:17] [] DAILY STOCK TAKE : detailDataGrid_CellValueChanged [akhirRiil]
[ADMIN] [5/3/2017 00:17] [] DAILY STOCK TAKE : detailDataGrid_CellValueChanged [akhirRiil]
[ADMIN] [5/3/2017 00:17] [] DAILY STOCK TAKE : detailDataGrid_CellValueChanged [akhirRiil]
[ADMIN] [5/3/2017 00:17] [] DAILY STOCK TAKE : detailDataGrid_CellValueChanged [akhirRiil]
[ADMIN] [5/3/2017 00:17] [] DAILY STOCK TAKE : detailDataGrid_CellValueChanged [akhirRiil]
[] [5/3/2017 00:26] [] USER = ADMIN IS ACTIVE
[ADMIN] [5/3/2017 00:26] [] USER ID = 1 LOGIN SUCCESSFULLY
[ADMIN] [5/3/2017 00:26] [] ACTIVATE USER ACCESS RIGHT
[ADMIN] [5/3/2017 00:26] [] DISPLAY ADMIN FORM
[ADMIN] [5/3/2017 00:26] [] adminForm Load
[ADMIN] [5/3/2017 00:26] [] ACTIVATE USER ACCESS RIGHT
[] [5/3/2017 00:27] [] USER = ADMIN IS ACTIVE
[ADMIN] [5/3/2017 00:27] [] USER ID = 1 LOGIN SUCCESSFULLY
[ADMIN] [5/3/2017 00:27] [] ACTIVATE USER ACCESS RIGHT
[ADMIN] [5/3/2017 00:27] [] DISPLAY ADMIN FORM
[ADMIN] [5/3/2017 00:27] [] adminForm Load
[ADMIN] [5/3/2017 00:27] [] ACTIVATE USER ACCESS RIGHT
[] [5/3/2017 00:29] [] USER = ADMIN IS ACTIVE
[ADMIN] [5/3/2017 00:29] [] USER ID = 1 LOGIN SUCCESSFULLY
[ADMIN] [5/3/2017 00:29] [] ACTIVATE USER ACCESS RIGHT
[ADMIN] [5/3/2017 00:29] [] DISPLAY ADMIN FORM
[ADMIN] [5/3/2017 00:29] [] adminForm Load
[ADMIN] [5/3/2017 00:29] [] ACTIVATE USER ACCESS RIGHT
[ADMIN] [5/3/2017 00:29] [] DAILY STOCK TAKE : detailDataGrid_CellValueChanged [BS]
[ADMIN] [5/3/2017 00:29] [PENJUALAN] DAILY STOCK TAKE : detailDataGrid_CellValueChanged, previousInput [0]
[ADMIN] [5/3/2017 00:29] [PENJUALAN] DAILY STOCK TAKE : detailDataGrid_CellValueChanged, cellValue [1]
[ADMIN] [5/3/2017 00:29] [PENJUALAN] DAILY STOCK TAKE : detailDataGrid_CellValueChanged, dataGridViewTextBoxEditingControl.Text pass REGEX Checking
[ADMIN] [5/3/2017 00:29] [] DAILY STOCK TAKE : detailDataGrid_CellValueChanged [BS]
[ADMIN] [5/3/2017 00:29] [PENJUALAN] DAILY STOCK TAKE : detailDataGrid_CellValueChanged, previousInput [1]
[ADMIN] [5/3/2017 00:29] [PENJUALAN] DAILY STOCK TAKE : detailDataGrid_CellValueChanged, dataGridViewTextBoxEditingControl.Text pass REGEX Checking
[ADMIN] [5/3/2017 00:29] [] DAILY STOCK TAKE : detailDataGrid_CellValueChanged [BS]
[ADMIN] [5/3/2017 00:29] [PENJUALAN] DAILY STOCK TAKE : detailDataGrid_CellValueChanged, previousInput [0]
[ADMIN] [5/3/2017 00:29] [PENJUALAN] DAILY STOCK TAKE : detailDataGrid_CellValueChanged, cellValue [1]
[ADMIN] [5/3/2017 00:29] [PENJUALAN] DAILY STOCK TAKE : detailDataGrid_CellValueChanged, dataGridViewTextBoxEditingControl.Text pass REGEX Checking
[ADMIN] [5/3/2017 00:29] [] DAILY STOCK TAKE : detailDataGrid_CellValueChanged [BS]
[ADMIN] [5/3/2017 00:29] [PENJUALAN] DAILY STOCK TAKE : detailDataGrid_CellValueChanged, previousInput [1]
[ADMIN] [5/3/2017 00:29] [PENJUALAN] DAILY STOCK TAKE : detailDataGrid_CellValueChanged, dataGridViewTextBoxEditingControl.Text pass REGEX Checking
[ADMIN] [5/3/2017 00:29] [] DAILY STOCK TAKE : detailDataGrid_CellValueChanged [akhirRiil]
[ADMIN] [5/3/2017 00:29] [] DAILY STOCK TAKE : detailDataGrid_CellValueChanged [akhirRiil]
[ADMIN] [5/3/2017 00:29] [] DAILY STOCK TAKE : detailDataGrid_CellValueChanged [akhirRiil]
[ADMIN] [5/3/2017 00:29] [] DAILY STOCK TAKE : detailDataGrid_CellValueChanged [akhirRiil]
[ADMIN] [5/3/2017 00:29] [] DAILY STOCK TAKE : detailDataGrid_CellValueChanged [akhirRiil]
[ADMIN] [5/3/2017 00:29] [] DAILY STOCK TAKE : detailDataGrid_CellValueChanged [akhirRiil]
[ADMIN] [5/3/2017 00:31] [] [TUTUP TOKO] FAILED TO CONNECT TO CENTRAL HQ
[ADMIN] [5/3/2017 00:31] [] USER ID = 1LOGOUT
[ADMIN] [5/3/2017 00:31] [] USER = ADMIN IS ACTIVE
[ADMIN] [5/3/2017 00:31] [] USER ID = 1 LOGIN SUCCESSFULLY
[ADMIN] [5/3/2017 00:31] [] ACTIVATE USER ACCESS RIGHT
[ADMIN] [5/3/2017 00:31] [] DISPLAY ADMIN FORM
[ADMIN] [5/3/2017 00:31] [] adminForm Load
[ADMIN] [5/3/2017 00:31] [] ACTIVATE USER ACCESS RIGHT
[ADMIN] [5/3/2017 00:32] [] [TUTUP TOKO] FAILED TO CONNECT TO CENTRAL HQ
[ADMIN] [5/3/2017 00:32] [] USER ID = 1LOGOUT
