[] [5/3/2017 22:49] [] USER = ADMIN IS ACTIVE
[ADMIN] [5/3/2017 22:49] [] USER ID = 1 LOGIN SUCCESSFULLY
[ADMIN] [5/3/2017 22:49] [] ACTIVATE USER ACCESS RIGHT
[ADMIN] [5/3/2017 22:49] [] DISPLAY ADMIN FORM
[ADMIN] [5/3/2017 22:49] [] adminForm Load
[ADMIN] [5/3/2017 22:49] [] ACTIVATE USER ACCESS RIGHT
[ADMIN] [5/3/2017 22:49] [PENJUALAN] CASHIER FORM : REGISTER HOTKEY
[ADMIN] [5/3/2017 22:49] [PENJUALAN] CASHIER FORM : cashierForm_Load, ATTEMPT TO LOAD NO FAKTUR
[ADMIN] [5/3/2017 22:49] [PENJUALAN] CASHIER FORM : loadNoFaktur, noFakturValue [SLO001]
[ADMIN] [5/3/2017 22:49] [PENJUALAN] CASHIER FORM : cashierForm_Load, ATTEMPT TO addColumnToDataGrid
[ADMIN] [5/3/2017 22:49] [PENJUALAN] CASHIER FORM : UPDATE ROW NUMBER, TOTAL ROW [1]
[ADMIN] [5/3/2017 22:49] [PENJUALAN] CASHIER FORM : cashierDataGridView_CellValueChanged [F8]
[ADMIN] [5/3/2017 22:49] [PENJUALAN] CASHIER FORM : ADD NEW ROW,  isActive [True]
[ADMIN] [5/3/2017 22:49] [PENJUALAN] CASHIER FORM : ADD NEW ROW,  ROW COUNT [1]
[ADMIN] [5/3/2017 22:49] [PENJUALAN] CASHIER FORM : ADD NEW ROW,  ALLOW TO ADD [True]
[ADMIN] [5/3/2017 22:49] [PENJUALAN] CASHIER FORM : UPDATE ROW NUMBER, TOTAL ROW [2]
[ADMIN] [5/3/2017 22:49] [PENJUALAN] CASHIER FORM : calculateChangeValue, bayarTextBox.Text [Rp5.000,00]
[ADMIN] [5/3/2017 22:49] [PENJUALAN] CASHIER FORM : calculateChangeValue, sisaBayar [0]
[ADMIN] [5/3/2017 22:49] [PENJUALAN] CASHIER FORM : REGISTER HOTKEY
[ADMIN] [5/3/2017 22:49] [PENJUALAN] CASHIER FORM : HOTKEY TO SAVE AND PRINT OUT INVOICE PRESSED
[ADMIN] [5/3/2017 22:49] [PENJUALAN] CASHIER FORM : UNREGISTER HOTKEY
[ADMIN] [5/3/2017 22:49] [PENJUALAN] CASHIER FORM : REGISTER HOTKEY
[ADMIN] [5/3/2017 22:49] [PENJUALAN] ATTEMPT TO SAVE AND PRINT OUT INVOICE
[ADMIN] [5/3/2017 22:49] [PENJUALAN] CASHIER FORM : UNREGISTER HOTKEY
[ADMIN] [5/3/2017 22:49] [PENJUALAN] CASHIER FORM : ATTEMPT TO SAVE SALES DATA [03-05-2017 22:09]
[ADMIN] [5/3/2017 22:49] [PENJUALAN] CASHIER FORM : SALES DISC FINAL [100]
[ADMIN] [5/3/2017 22:49] [PENJUALAN] CASHIER FORM : CASH SALES
[ADMIN] [5/3/2017 22:49] [PENJUALAN] UPDATE SALES QUOTATION HEADER [SQ-2]
[ADMIN] [5/3/2017 22:49] [PENJUALAN] CLEAR SALES_QUOTATION_DETAIL [SQ-2]
[ADMIN] [5/3/2017 22:49] [PENJUALAN] INSERT INTO SALES QUOTATION DETAIL[RT001, 1000, 200]
[ADMIN] [5/3/2017 22:49] [PENJUALAN] CASHIER FORM : REGISTER HOTKEY
[ADMIN] [5/3/2017 22:49] [PENJUALAN] TRANSACTION SAVED
[ADMIN] [5/3/2017 22:49] [PENJUALAN] SAVE DP PAYMENT TO PAYMENT CREDIT
[ADMIN] [5/3/2017 22:49] [PENJUALAN] CASHIER FORM : UNREGISTER HOTKEY
[ADMIN] [5/3/2017 22:49] [PENJUALAN] CASHIER FORM : REGISTER HOTKEY
[ADMIN] [5/3/2017 22:49] [PENJUALAN] CASHIER FORM : UNREGISTER HOTKEY
[ADMIN] [5/3/2017 22:49] [PENJUALAN] CASHIER FORM : REGISTER HOTKEY
[ADMIN] [5/3/2017 22:49] [PENJUALAN] PRINT OUT INVOICE
[ADMIN] [5/3/2017 22:49] [PENJUALAN] CASHIER FORM : PrintReceipt
[ADMIN] [5/3/2017 22:49] [PENJUALAN] CASHIER FORM : PrintReceipt, POS size Paper
[ADMIN] [5/3/2017 22:49] [PENJUALAN] CASHIER FORM : printDocument1_PrintPage, print POS size receipt
[ADMIN] [5/3/2017 22:49] [PENJUALAN] CASHIER FORM : calculatePageLength, totalLengthPage [369]
[ADMIN] [5/3/2017 22:49] [PENJUALAN] CASHIER FORM : UNREGISTER HOTKEY
[ADMIN] [5/3/2017 22:49] [PENJUALAN] CASHIER FORM : printDocument1_PrintPage, print POS size receipt
[ADMIN] [5/3/2017 22:49] [PENJUALAN] CASHIER FORM : loadNamaUser
[ADMIN] [5/3/2017 22:50] [PENJUALAN] CASHIER FORM : REGISTER HOTKEY
[ADMIN] [5/3/2017 22:50] [PENJUALAN] CASHIER FORM : UNREGISTER HOTKEY
[ADMIN] [5/3/2017 22:50] [PENJUALAN] CASHIER FORM : REGISTER HOTKEY
[ADMIN] [5/3/2017 22:50] [PENJUALAN] CASHIER FORM : UNREGISTER HOTKEY
[ADMIN] [5/3/2017 22:50] [PENJUALAN] CASHIER FORM : REGISTER HOTKEY
[ADMIN] [5/3/2017 22:50] [PENJUALAN] CASHIER FORM : HOTKEY TO SAVE AND PRINT OUT INVOICE PRESSED
[ADMIN] [5/3/2017 22:50] [PENJUALAN] CASHIER FORM : UNREGISTER HOTKEY
[ADMIN] [5/3/2017 22:50] [PENJUALAN] CASHIER FORM : REGISTER HOTKEY
[ADMIN] [5/3/2017 22:50] [PENJUALAN] ATTEMPT TO SAVE AND PRINT OUT INVOICE
[ADMIN] [5/3/2017 22:50] [PENJUALAN] CASHIER FORM : UNREGISTER HOTKEY
[ADMIN] [5/3/2017 22:50] [PENJUALAN] CASHIER FORM : ATTEMPT TO SAVE SALES DATA [03-05-2017 22:09]
[ADMIN] [5/3/2017 22:50] [PENJUALAN] CASHIER FORM : SALES DISC FINAL [100]
[ADMIN] [5/3/2017 22:50] [PENJUALAN] CASHIER FORM : CASH SALES
[ADMIN] [5/3/2017 22:50] [PENJUALAN] UPDATE SALES QUOTATION HEADER [SQ-2]
[ADMIN] [5/3/2017 22:50] [PENJUALAN] CLEAR SALES_QUOTATION_DETAIL [SQ-2]
[ADMIN] [5/3/2017 22:50] [PENJUALAN] INSERT INTO SALES QUOTATION DETAIL[RT001, 1000, 200]
[ADMIN] [5/3/2017 22:50] [PENJUALAN] CASHIER FORM : REGISTER HOTKEY
[ADMIN] [5/3/2017 22:50] [PENJUALAN] TRANSACTION SAVED
[ADMIN] [5/3/2017 22:50] [PENJUALAN] SAVE DP PAYMENT TO PAYMENT CREDIT
[ADMIN] [5/3/2017 22:50] [PENJUALAN] PRINT OUT INVOICE
[ADMIN] [5/3/2017 22:50] [PENJUALAN] CASHIER FORM : PrintReceipt
[ADMIN] [5/3/2017 22:50] [PENJUALAN] CASHIER FORM : PrintReceipt, POS size Paper
[ADMIN] [5/3/2017 22:50] [PENJUALAN] CASHIER FORM : printDocument1_PrintPage, print POS size receipt
[ADMIN] [5/3/2017 22:50] [PENJUALAN] CASHIER FORM : calculatePageLength, totalLengthPage [369]
[ADMIN] [5/3/2017 22:50] [PENJUALAN] CASHIER FORM : UNREGISTER HOTKEY
[ADMIN] [5/3/2017 22:50] [PENJUALAN] CASHIER FORM : printDocument1_PrintPage, print POS size receipt
[ADMIN] [5/3/2017 22:50] [PENJUALAN] CASHIER FORM : loadNamaUser
[ADMIN] [5/3/2017 22:50] [PENJUALAN] CASHIER FORM : REGISTER HOTKEY
[ADMIN] [5/3/2017 22:50] [PENJUALAN] CASHIER FORM : UNREGISTER HOTKEY
[ADMIN] [5/3/2017 22:50] [PENJUALAN] CASHIER FORM : REGISTER HOTKEY
[ADMIN] [5/3/2017 22:50] [PENJUALAN] CASHIER FORM : UNREGISTER HOTKEY
[ADMIN] [5/3/2017 22:50] [PENJUALAN] CASHIER FORM : REGISTER HOTKEY
[ADMIN] [5/3/2017 22:50] [PENJUALAN] CASHIER FORM : UNREGISTER HOTKEY
[ADMIN] [5/3/2017 22:50] [PENJUALAN] CASHIER FORM : REGISTER HOTKEY
[ADMIN] [5/3/2017 22:50] [PENJUALAN] CASHIER FORM : UNREGISTER HOTKEY
[ADMIN] [5/3/2017 22:50] [PENJUALAN] CASHIER FORM : UNREGISTER HOTKEY
[ADMIN] [5/3/2017 23:41] [PENJUALAN] CASHIER FORM : REGISTER HOTKEY
[ADMIN] [5/3/2017 23:41] [PENJUALAN] CASHIER FORM : cashierForm_Load, ATTEMPT TO LOAD NO FAKTUR
[ADMIN] [5/3/2017 23:41] [PENJUALAN] CASHIER FORM : loadNoFaktur, noFakturValue [SLO001]
[ADMIN] [5/3/2017 23:41] [PENJUALAN] CASHIER FORM : cashierForm_Load, ATTEMPT TO addColumnToDataGrid
[ADMIN] [5/3/2017 23:41] [PENJUALAN] CASHIER FORM : UPDATE ROW NUMBER, TOTAL ROW [1]
[ADMIN] [5/3/2017 23:41] [PENJUALAN] CASHIER FORM : cashierDataGridView_CellValueChanged [F8]
[ADMIN] [5/3/2017 23:41] [PENJUALAN] CASHIER FORM : ADD NEW ROW,  isActive [True]
[ADMIN] [5/3/2017 23:41] [PENJUALAN] CASHIER FORM : ADD NEW ROW,  ROW COUNT [1]
[ADMIN] [5/3/2017 23:41] [PENJUALAN] CASHIER FORM : ADD NEW ROW,  ALLOW TO ADD [True]
[ADMIN] [5/3/2017 23:41] [PENJUALAN] CASHIER FORM : UPDATE ROW NUMBER, TOTAL ROW [2]
[ADMIN] [5/3/2017 23:41] [PENJUALAN] CASHIER FORM : calculateChangeValue, bayarTextBox.Text [Rp15.000,00]
[ADMIN] [5/3/2017 23:41] [PENJUALAN] CASHIER FORM : calculateChangeValue, sisaBayar [0]
[ADMIN] [5/3/2017 23:41] [PENJUALAN] CASHIER FORM : REGISTER HOTKEY
[ADMIN] [5/3/2017 23:43] [PENJUALAN] CASHIER FORM : UNREGISTER HOTKEY
[ADMIN] [5/3/2017 23:43] [PENJUALAN] CASHIER FORM : REGISTER HOTKEY
[ADMIN] [5/3/2017 23:43] [PENJUALAN] CASHIER FORM : UNREGISTER HOTKEY
[ADMIN] [5/3/2017 23:43] [PENJUALAN] CASHIER FORM : REGISTER HOTKEY
[ADMIN] [5/3/2017 23:43] [PENJUALAN] ATTEMPT TO SAVE AND PRINT OUT INVOICE
[ADMIN] [5/3/2017 23:43] [PENJUALAN] CASHIER FORM : UNREGISTER HOTKEY
[ADMIN] [5/3/2017 23:43] [PENJUALAN] CASHIER FORM : ATTEMPT TO SAVE SALES DATA [03-05-2017 22:09]
[ADMIN] [5/3/2017 23:43] [PENJUALAN] CASHIER FORM : SALES DISC FINAL [100]
[ADMIN] [5/3/2017 23:43] [PENJUALAN] CASHIER FORM : CASH SALES
[ADMIN] [5/3/2017 23:43] [PENJUALAN] UPDATE SALES QUOTATION HEADER [SQ-2]
[ADMIN] [5/3/2017 23:43] [PENJUALAN] CLEAR SALES_QUOTATION_DETAIL [SQ-2]
[ADMIN] [5/3/2017 23:43] [PENJUALAN] INSERT INTO SALES QUOTATION DETAIL[RT001, 1000, 200]
[ADMIN] [5/3/2017 23:43] [PENJUALAN] CASHIER FORM : REGISTER HOTKEY
[ADMIN] [5/3/2017 23:43] [PENJUALAN] TRANSACTION SAVED
[ADMIN] [5/3/2017 23:43] [PENJUALAN] SAVE DP PAYMENT TO PAYMENT CREDIT
[ADMIN] [5/3/2017 23:43] [PENJUALAN] CASHIER FORM : UNREGISTER HOTKEY
[ADMIN] [5/3/2017 23:43] [PENJUALAN] CASHIER FORM : REGISTER HOTKEY
[ADMIN] [5/3/2017 23:43] [PENJUALAN] CASHIER FORM : UNREGISTER HOTKEY
[ADMIN] [5/3/2017 23:43] [PENJUALAN] CASHIER FORM : REGISTER HOTKEY
[ADMIN] [5/3/2017 23:43] [PENJUALAN] PRINT OUT INVOICE
[ADMIN] [5/3/2017 23:43] [PENJUALAN] CASHIER FORM : PrintReceipt
[ADMIN] [5/3/2017 23:43] [PENJUALAN] CASHIER FORM : PrintReceipt, POS size Paper
[ADMIN] [5/3/2017 23:43] [PENJUALAN] CASHIER FORM : printDocument1_PrintPage, print POS size receipt
[ADMIN] [5/3/2017 23:43] [PENJUALAN] CASHIER FORM : calculatePageLength, totalLengthPage [369]
[ADMIN] [5/3/2017 23:43] [PENJUALAN] CASHIER FORM : UNREGISTER HOTKEY
[ADMIN] [5/3/2017 23:43] [PENJUALAN] CASHIER FORM : printDocument1_PrintPage, print POS size receipt
[ADMIN] [5/3/2017 23:43] [PENJUALAN] CASHIER FORM : loadNamaUser
[ADMIN] [5/3/2017 23:43] [PENJUALAN] CASHIER FORM : REGISTER HOTKEY
[ADMIN] [5/3/2017 23:43] [PENJUALAN] CASHIER FORM : UNREGISTER HOTKEY
[ADMIN] [5/3/2017 23:43] [PENJUALAN] CASHIER FORM : REGISTER HOTKEY
[ADMIN] [5/3/2017 23:43] [PENJUALAN] CASHIER FORM : UNREGISTER HOTKEY
[ADMIN] [5/3/2017 23:43] [PENJUALAN] CASHIER FORM : UNREGISTER HOTKEY
[ADMIN] [5/3/2017 23:44] [PENJUALAN] CASHIER FORM : REGISTER HOTKEY
[ADMIN] [5/3/2017 23:44] [PENJUALAN] CASHIER FORM : cashierForm_Load, ATTEMPT TO LOAD NO FAKTUR
[ADMIN] [5/3/2017 23:44] [PENJUALAN] CASHIER FORM : loadNoFaktur, noFakturValue [SLO001]
[ADMIN] [5/3/2017 23:44] [PENJUALAN] CASHIER FORM : cashierForm_Load, ATTEMPT TO addColumnToDataGrid
[ADMIN] [5/3/2017 23:44] [PENJUALAN] CASHIER FORM : UPDATE ROW NUMBER, TOTAL ROW [1]
[ADMIN] [5/3/2017 23:44] [PENJUALAN] CASHIER FORM : cashierDataGridView_CellValueChanged [F8]
[ADMIN] [5/3/2017 23:44] [PENJUALAN] CASHIER FORM : ADD NEW ROW,  isActive [True]
[ADMIN] [5/3/2017 23:44] [PENJUALAN] CASHIER FORM : ADD NEW ROW,  ROW COUNT [1]
[ADMIN] [5/3/2017 23:44] [PENJUALAN] CASHIER FORM : ADD NEW ROW,  ALLOW TO ADD [True]
[ADMIN] [5/3/2017 23:44] [PENJUALAN] CASHIER FORM : UPDATE ROW NUMBER, TOTAL ROW [2]
[ADMIN] [5/3/2017 23:44] [PENJUALAN] CASHIER FORM : calculateChangeValue, bayarTextBox.Text [0]
[ADMIN] [5/3/2017 23:44] [PENJUALAN] CASHIER FORM : calculateChangeValue, sisaBayar [0]
[ADMIN] [5/3/2017 23:44] [PENJUALAN] CASHIER FORM : REGISTER HOTKEY
[ADMIN] [5/3/2017 23:44] [PENJUALAN] CASHIER FORM : calculateChangeValue, bayarTextBox.Text [1]
[ADMIN] [5/3/2017 23:44] [PENJUALAN] CASHIER FORM : calculateChangeValue, sisaBayar [0]
[ADMIN] [5/3/2017 23:44] [PENJUALAN] CASHIER FORM : calculateChangeValue, bayarTextBox.Text [10]
[ADMIN] [5/3/2017 23:44] [PENJUALAN] CASHIER FORM : calculateChangeValue, sisaBayar [0]
[ADMIN] [5/3/2017 23:44] [PENJUALAN] CASHIER FORM : calculateChangeValue, bayarTextBox.Text [100]
[ADMIN] [5/3/2017 23:44] [PENJUALAN] CASHIER FORM : calculateChangeValue, sisaBayar [0]
[ADMIN] [5/3/2017 23:44] [PENJUALAN] CASHIER FORM : calculateChangeValue, bayarTextBox.Text [1000]
[ADMIN] [5/3/2017 23:44] [PENJUALAN] CASHIER FORM : calculateChangeValue, sisaBayar [0]
[ADMIN] [5/3/2017 23:44] [PENJUALAN] CASHIER FORM : calculateChangeValue, bayarTextBox.Text [5]
[ADMIN] [5/3/2017 23:44] [PENJUALAN] CASHIER FORM : calculateChangeValue, sisaBayar [0]
[ADMIN] [5/3/2017 23:44] [PENJUALAN] CASHIER FORM : calculateChangeValue, bayarTextBox.Text [50]
[ADMIN] [5/3/2017 23:44] [PENJUALAN] CASHIER FORM : calculateChangeValue, sisaBayar [0]
[ADMIN] [5/3/2017 23:44] [PENJUALAN] CASHIER FORM : calculateChangeValue, bayarTextBox.Text [500]
[ADMIN] [5/3/2017 23:44] [PENJUALAN] CASHIER FORM : calculateChangeValue, sisaBayar [0]
[ADMIN] [5/3/2017 23:44] [PENJUALAN] CASHIER FORM : calculateChangeValue, bayarTextBox.Text [500]
[ADMIN] [5/3/2017 23:44] [PENJUALAN] CASHIER FORM : calculateChangeValue, sisaBayar [0]
[ADMIN] [5/3/2017 23:44] [PENJUALAN] CASHIER FORM : calculateChangeValue, bayarTextBox.Text [1]
[ADMIN] [5/3/2017 23:44] [PENJUALAN] CASHIER FORM : calculateChangeValue, sisaBayar [0]
[ADMIN] [5/3/2017 23:44] [PENJUALAN] CASHIER FORM : calculateChangeValue, bayarTextBox.Text [10]
[ADMIN] [5/3/2017 23:44] [PENJUALAN] CASHIER FORM : calculateChangeValue, sisaBayar [0]
[ADMIN] [5/3/2017 23:44] [PENJUALAN] CASHIER FORM : calculateChangeValue, bayarTextBox.Text [100]
[ADMIN] [5/3/2017 23:44] [PENJUALAN] CASHIER FORM : calculateChangeValue, sisaBayar [0]
[ADMIN] [5/3/2017 23:44] [PENJUALAN] CASHIER FORM : calculateChangeValue, bayarTextBox.Text [1000]
[ADMIN] [5/3/2017 23:44] [PENJUALAN] CASHIER FORM : calculateChangeValue, sisaBayar [0]
[ADMIN] [5/3/2017 23:44] [PENJUALAN] CASHIER FORM : calculateChangeValue, bayarTextBox.Text [1000]
[ADMIN] [5/3/2017 23:44] [PENJUALAN] CASHIER FORM : calculateChangeValue, sisaBayar [0]
[ADMIN] [5/3/2017 23:44] [PENJUALAN] CASHIER FORM : UNREGISTER HOTKEY
[ADMIN] [5/3/2017 23:44] [PENJUALAN] CASHIER FORM : REGISTER HOTKEY
[ADMIN] [5/3/2017 23:44] [PENJUALAN] CASHIER FORM : UNREGISTER HOTKEY
[ADMIN] [5/3/2017 23:44] [PENJUALAN] CASHIER FORM : REGISTER HOTKEY
[ADMIN] [5/3/2017 23:44] [PENJUALAN] CASHIER FORM : calculateChangeValue, bayarTextBox.Text [1000]
[ADMIN] [5/3/2017 23:44] [PENJUALAN] CASHIER FORM : calculateChangeValue, sisaBayar [0]
[ADMIN] [5/3/2017 23:44] [PENJUALAN] CASHIER FORM : calculateChangeValue, bayarTextBox.Text [1]
[ADMIN] [5/3/2017 23:44] [PENJUALAN] CASHIER FORM : calculateChangeValue, sisaBayar [0]
[ADMIN] [5/3/2017 23:44] [PENJUALAN] CASHIER FORM : calculateChangeValue, bayarTextBox.Text [18]
[ADMIN] [5/3/2017 23:44] [PENJUALAN] CASHIER FORM : calculateChangeValue, sisaBayar [0]
[ADMIN] [5/3/2017 23:44] [PENJUALAN] CASHIER FORM : calculateChangeValue, bayarTextBox.Text [184]
[ADMIN] [5/3/2017 23:44] [PENJUALAN] CASHIER FORM : calculateChangeValue, sisaBayar [0]
[ADMIN] [5/3/2017 23:44] [PENJUALAN] CASHIER FORM : calculateChangeValue, bayarTextBox.Text [1849]
[ADMIN] [5/3/2017 23:44] [PENJUALAN] CASHIER FORM : calculateChangeValue, sisaBayar [0]
[ADMIN] [5/3/2017 23:44] [PENJUALAN] CASHIER FORM : calculateChangeValue, bayarTextBox.Text [18490]
[ADMIN] [5/3/2017 23:44] [PENJUALAN] CASHIER FORM : calculateChangeValue, sisaBayar [0]
[ADMIN] [5/3/2017 23:44] [PENJUALAN] CASHIER FORM : calculateChangeValue, bayarTextBox.Text [184900]
[ADMIN] [5/3/2017 23:44] [PENJUALAN] CASHIER FORM : calculateChangeValue, sisaBayar [0]
[ADMIN] [5/3/2017 23:44] [PENJUALAN] CASHIER FORM : calculateChangeValue, bayarTextBox.Text [1849000]
[ADMIN] [5/3/2017 23:44] [PENJUALAN] CASHIER FORM : calculateChangeValue, sisaBayar [1649100]
[ADMIN] [5/3/2017 23:44] [PENJUALAN] CASHIER FORM : calculateChangeValue, bayarTextBox.Text [184900]
[ADMIN] [5/3/2017 23:44] [PENJUALAN] CASHIER FORM : calculateChangeValue, sisaBayar [0]
[ADMIN] [5/3/2017 23:44] [PENJUALAN] CASHIER FORM : calculateChangeValue, bayarTextBox.Text [18490]
[ADMIN] [5/3/2017 23:44] [PENJUALAN] CASHIER FORM : calculateChangeValue, sisaBayar [0]
[ADMIN] [5/3/2017 23:44] [PENJUALAN] CASHIER FORM : calculateChangeValue, bayarTextBox.Text [1849]
[ADMIN] [5/3/2017 23:44] [PENJUALAN] CASHIER FORM : calculateChangeValue, sisaBayar [0]
[ADMIN] [5/3/2017 23:44] [PENJUALAN] CASHIER FORM : calculateChangeValue, bayarTextBox.Text [184]
[ADMIN] [5/3/2017 23:44] [PENJUALAN] CASHIER FORM : calculateChangeValue, sisaBayar [0]
[ADMIN] [5/3/2017 23:44] [PENJUALAN] CASHIER FORM : calculateChangeValue, bayarTextBox.Text [18]
[ADMIN] [5/3/2017 23:44] [PENJUALAN] CASHIER FORM : calculateChangeValue, sisaBayar [0]
[ADMIN] [5/3/2017 23:44] [PENJUALAN] CASHIER FORM : calculateChangeValue, bayarTextBox.Text [1]
[ADMIN] [5/3/2017 23:44] [PENJUALAN] CASHIER FORM : calculateChangeValue, sisaBayar [0]
[ADMIN] [5/3/2017 23:44] [PENJUALAN] CASHIER FORM : calculateChangeValue, bayarTextBox.Text [1]
[ADMIN] [5/3/2017 23:44] [PENJUALAN] CASHIER FORM : calculateChangeValue, sisaBayar [0]
[ADMIN] [5/3/2017 23:44] [PENJUALAN] CASHIER FORM : calculateChangeValue, bayarTextBox.Text [19]
[ADMIN] [5/3/2017 23:44] [PENJUALAN] CASHIER FORM : calculateChangeValue, sisaBayar [0]
[ADMIN] [5/3/2017 23:44] [PENJUALAN] CASHIER FORM : calculateChangeValue, bayarTextBox.Text [190]
[ADMIN] [5/3/2017 23:44] [PENJUALAN] CASHIER FORM : calculateChangeValue, sisaBayar [0]
[ADMIN] [5/3/2017 23:44] [PENJUALAN] CASHIER FORM : calculateChangeValue, bayarTextBox.Text [1900]
[ADMIN] [5/3/2017 23:44] [PENJUALAN] CASHIER FORM : calculateChangeValue, sisaBayar [0]
[ADMIN] [5/3/2017 23:44] [PENJUALAN] CASHIER FORM : calculateChangeValue, bayarTextBox.Text [19000]
[ADMIN] [5/3/2017 23:44] [PENJUALAN] CASHIER FORM : calculateChangeValue, sisaBayar [0]
[ADMIN] [5/3/2017 23:44] [PENJUALAN] CASHIER FORM : calculateChangeValue, bayarTextBox.Text [190000]
[ADMIN] [5/3/2017 23:44] [PENJUALAN] CASHIER FORM : calculateChangeValue, sisaBayar [0]
[ADMIN] [5/3/2017 23:44] [PENJUALAN] CASHIER FORM : calculateChangeValue, bayarTextBox.Text [1900000]
[ADMIN] [5/3/2017 23:44] [PENJUALAN] CASHIER FORM : calculateChangeValue, sisaBayar [1700100]
[ADMIN] [5/3/2017 23:44] [PENJUALAN] CASHIER FORM : calculateChangeValue, bayarTextBox.Text [190000]
[ADMIN] [5/3/2017 23:44] [PENJUALAN] CASHIER FORM : calculateChangeValue, sisaBayar [0]
[ADMIN] [5/3/2017 23:44] [PENJUALAN] CASHIER FORM : calculateChangeValue, bayarTextBox.Text [1900000]
[ADMIN] [5/3/2017 23:44] [PENJUALAN] CASHIER FORM : calculateChangeValue, sisaBayar [1700100]
[ADMIN] [5/3/2017 23:44] [PENJUALAN] CASHIER FORM : HOTKEY TO SAVE AND PRINT OUT INVOICE PRESSED
[ADMIN] [5/3/2017 23:44] [PENJUALAN] CASHIER FORM : UNREGISTER HOTKEY
[ADMIN] [5/3/2017 23:45] [PENJUALAN] CASHIER FORM : REGISTER HOTKEY
[ADMIN] [5/3/2017 23:45] [PENJUALAN] ATTEMPT TO SAVE AND PRINT OUT INVOICE
[ADMIN] [5/3/2017 23:45] [PENJUALAN] CASHIER FORM : UNREGISTER HOTKEY
[ADMIN] [5/3/2017 23:45] [PENJUALAN] CASHIER FORM : ATTEMPT TO SAVE SALES DATA [03-05-2017 22:09]
[ADMIN] [5/3/2017 23:45] [PENJUALAN] CASHIER FORM : SALES DISC FINAL [100]
[ADMIN] [5/3/2017 23:45] [PENJUALAN] CASHIER FORM : CASH SALES
[ADMIN] [5/3/2017 23:45] [PENJUALAN] CHECK IF TAX LIMIT SET FOR PERCENTAGE PURCHASE [0]
[ADMIN] [5/3/2017 23:45] [PENJUALAN] CHECK IF TAX LIMIT SET FOR AVERAGE DAILY PURCHASE [0]
[ADMIN] [5/3/2017 23:45] [PENJUALAN] CASHIER FORM : NO FAKTUR [SLO001]
[ADMIN] [5/3/2017 23:45] [PENJUALAN] CASHIER FORM : MAX SALES INVOICE [1]
[ADMIN] [5/3/2017 23:45] [PENJUALAN] CASHIER FORM : SALES INVOICE [SLO001-2]
[ADMIN] [5/3/2017 23:45] [PENJUALAN] INSERT INTO SALES HEADER [SLO001-2]
[ADMIN] [5/3/2017 23:45] [PENJUALAN] INSERT INTO SALES DETAIL[RT001, 1000, 200]
[ADMIN] [5/3/2017 23:45] [PENJUALAN] REDUCE STOCK AT MASTER PRODUCT [RT001]
[ADMIN] [5/3/2017 23:45] [PENJUALAN] UPDATE CUSTOMER PRODUCT DISC [RT001]
[ADMIN] [5/3/2017 23:45] [PENJUALAN] INSERT TO CREDIT TABLE [SLO001-2]
[ADMIN] [5/3/2017 23:45] [PENJUALAN] INSERT TO DAILY JOURNAL TABLE [1885000]
[ADMIN] [5/3/2017 23:45] [PENJUALAN] CASHIER FORM : REGISTER HOTKEY
[ADMIN] [5/3/2017 23:45] [PENJUALAN] TRANSACTION SAVED
[ADMIN] [5/3/2017 23:45] [PENJUALAN] CASHIER FORM : UNREGISTER HOTKEY
[ADMIN] [5/3/2017 23:45] [PENJUALAN] CASHIER FORM : REGISTER HOTKEY
[ADMIN] [5/3/2017 23:45] [PENJUALAN] SQ [SQ-2] SET TO COMPLETE
[ADMIN] [5/3/2017 23:45] [PENJUALAN] CASHIER FORM : UNREGISTER HOTKEY
[ADMIN] [5/3/2017 23:45] [PENJUALAN] CASHIER FORM : REGISTER HOTKEY
[ADMIN] [5/3/2017 23:45] [PENJUALAN] CASHIER FORM : UNREGISTER HOTKEY
[ADMIN] [5/3/2017 23:45] [PENJUALAN] CASHIER FORM : REGISTER HOTKEY
[ADMIN] [5/3/2017 23:45] [PENJUALAN] PRINT OUT INVOICE
[ADMIN] [5/3/2017 23:45] [PENJUALAN] CASHIER FORM : PrintReceipt
[ADMIN] [5/3/2017 23:45] [PENJUALAN] CASHIER FORM : PrintReceipt, POS size Paper
[ADMIN] [5/3/2017 23:45] [PENJUALAN] CASHIER FORM : printDocument1_PrintPage, print POS size receipt
[ADMIN] [5/3/2017 23:45] [PENJUALAN] CASHIER FORM : calculatePageLength, totalLengthPage [369]
[ADMIN] [5/3/2017 23:45] [PENJUALAN] CASHIER FORM : UNREGISTER HOTKEY
[ADMIN] [5/3/2017 23:45] [PENJUALAN] CASHIER FORM : printDocument1_PrintPage, print POS size receipt
[ADMIN] [5/3/2017 23:45] [PENJUALAN] CASHIER FORM : loadNamaUser
[ADMIN] [5/3/2017 23:46] [PENJUALAN] CASHIER FORM : REGISTER HOTKEY
[ADMIN] [5/3/2017 23:46] [PENJUALAN] CASHIER FORM : UNREGISTER HOTKEY
[ADMIN] [5/3/2017 23:46] [PENJUALAN] CASHIER FORM : REGISTER HOTKEY
[ADMIN] [5/3/2017 23:46] [PENJUALAN] CASHIER FORM : UPDATE ROW NUMBER, TOTAL ROW [1]
[ADMIN] [5/3/2017 23:46] [PENJUALAN] CASHIER FORM : UNREGISTER HOTKEY
[ADMIN] [5/3/2017 23:46] [PENJUALAN] CASHIER FORM : REGISTER HOTKEY
[ADMIN] [5/3/2017 23:46] [PENJUALAN] CASHIER FORM : UNREGISTER HOTKEY
[ADMIN] [5/3/2017 23:46] [PENJUALAN] CASHIER FORM : REGISTER HOTKEY
[ADMIN] [5/3/2017 23:46] [PENJUALAN] CASHIER FORM : UNREGISTER HOTKEY
[ADMIN] [5/3/2017 23:46] [PENJUALAN] CASHIER FORM : UNREGISTER HOTKEY
[ADMIN] [5/3/2017 23:46] [PENJUALAN] CASHIER FORM : REGISTER HOTKEY
[ADMIN] [5/3/2017 23:46] [PENJUALAN] CASHIER FORM : cashierForm_Load, ATTEMPT TO LOAD NO FAKTUR
[ADMIN] [5/3/2017 23:46] [PENJUALAN] CASHIER FORM : loadNoFaktur, noFakturValue [SLO001]
[ADMIN] [5/3/2017 23:46] [PENJUALAN] CASHIER FORM : cashierForm_Load, ATTEMPT TO addColumnToDataGrid
[ADMIN] [5/3/2017 23:46] [PENJUALAN] CASHIER FORM : UPDATE ROW NUMBER, TOTAL ROW [1]
[ADMIN] [5/3/2017 23:46] [PENJUALAN] CASHIER FORM : cashierDataGridView_CellValueChanged [F8]
[ADMIN] [5/3/2017 23:46] [PENJUALAN] CASHIER FORM : ADD NEW ROW,  isActive [True]
[ADMIN] [5/3/2017 23:46] [PENJUALAN] CASHIER FORM : ADD NEW ROW,  ROW COUNT [1]
[ADMIN] [5/3/2017 23:46] [PENJUALAN] CASHIER FORM : ADD NEW ROW,  ALLOW TO ADD [True]
[ADMIN] [5/3/2017 23:46] [PENJUALAN] CASHIER FORM : UPDATE ROW NUMBER, TOTAL ROW [2]
[ADMIN] [5/3/2017 23:46] [PENJUALAN] CASHIER FORM : calculateChangeValue, bayarTextBox.Text [Rp100,00]
[ADMIN] [5/3/2017 23:46] [PENJUALAN] CASHIER FORM : calculateChangeValue, sisaBayar [0]
[ADMIN] [5/3/2017 23:46] [PENJUALAN] CASHIER FORM : REGISTER HOTKEY
[ADMIN] [5/3/2017 23:47] [PENJUALAN] CASHIER FORM : UNREGISTER HOTKEY
[ADMIN] [5/3/2017 23:47] [PENJUALAN] CASHIER FORM : REGISTER HOTKEY
[ADMIN] [5/3/2017 23:47] [PENJUALAN] ATTEMPT TO SAVE AND PRINT OUT INVOICE
[ADMIN] [5/3/2017 23:47] [PENJUALAN] CASHIER FORM : UNREGISTER HOTKEY
[ADMIN] [5/3/2017 23:47] [PENJUALAN] CASHIER FORM : ATTEMPT TO SAVE SALES DATA [03-05-2017 22:09]
[ADMIN] [5/3/2017 23:47] [PENJUALAN] CASHIER FORM : SALES DISC FINAL [0]
[ADMIN] [5/3/2017 23:47] [PENJUALAN] CASHIER FORM : CASH SALES
[ADMIN] [5/3/2017 23:47] [PENJUALAN] UPDATE SALES QUOTATION HEADER [SQ-3]
[ADMIN] [5/3/2017 23:47] [PENJUALAN] CLEAR SALES_QUOTATION_DETAIL [SQ-3]
[ADMIN] [5/3/2017 23:47] [PENJUALAN] INSERT INTO SALES QUOTATION DETAIL[RT001, 1000, 200]
[ADMIN] [5/3/2017 23:47] [PENJUALAN] CASHIER FORM : REGISTER HOTKEY
[ADMIN] [5/3/2017 23:47] [PENJUALAN] TRANSACTION SAVED
[ADMIN] [5/3/2017 23:47] [PENJUALAN] SAVE DP PAYMENT TO PAYMENT CREDIT
[ADMIN] [5/3/2017 23:47] [PENJUALAN] CASHIER FORM : UNREGISTER HOTKEY
[ADMIN] [5/3/2017 23:47] [PENJUALAN] CASHIER FORM : REGISTER HOTKEY
[ADMIN] [5/3/2017 23:47] [PENJUALAN] PRINT OUT INVOICE
[ADMIN] [5/3/2017 23:47] [PENJUALAN] CASHIER FORM : PrintReceipt
[ADMIN] [5/3/2017 23:47] [PENJUALAN] CASHIER FORM : PrintReceipt, POS size Paper
[ADMIN] [5/3/2017 23:47] [PENJUALAN] CASHIER FORM : printDocument1_PrintPage, print POS size receipt
[ADMIN] [5/3/2017 23:47] [PENJUALAN] CASHIER FORM : calculatePageLength, totalLengthPage [369]
[ADMIN] [5/3/2017 23:47] [PENJUALAN] CASHIER FORM : UNREGISTER HOTKEY
[ADMIN] [5/3/2017 23:47] [PENJUALAN] CASHIER FORM : printDocument1_PrintPage, print POS size receipt
[ADMIN] [5/3/2017 23:47] [PENJUALAN] CASHIER FORM : loadNamaUser
[ADMIN] [5/3/2017 23:47] [PENJUALAN] CASHIER FORM : REGISTER HOTKEY
[ADMIN] [5/3/2017 23:47] [PENJUALAN] CASHIER FORM : UNREGISTER HOTKEY
[ADMIN] [5/3/2017 23:47] [PENJUALAN] CASHIER FORM : REGISTER HOTKEY
[ADMIN] [5/3/2017 23:47] [PENJUALAN] CASHIER FORM : UNREGISTER HOTKEY
[ADMIN] [5/3/2017 23:47] [PENJUALAN] CASHIER FORM : UNREGISTER HOTKEY
[ADMIN] [5/3/2017 23:47] [PENJUALAN] CASHIER FORM : REGISTER HOTKEY
[ADMIN] [5/3/2017 23:47] [PENJUALAN] CASHIER FORM : cashierForm_Load, ATTEMPT TO LOAD NO FAKTUR
[ADMIN] [5/3/2017 23:47] [PENJUALAN] CASHIER FORM : loadNoFaktur, noFakturValue [SLO001]
[ADMIN] [5/3/2017 23:47] [PENJUALAN] CASHIER FORM : cashierForm_Load, ATTEMPT TO addColumnToDataGrid
[ADMIN] [5/3/2017 23:47] [PENJUALAN] CASHIER FORM : UPDATE ROW NUMBER, TOTAL ROW [1]
[ADMIN] [5/3/2017 23:47] [PENJUALAN] CASHIER FORM : cashierDataGridView_CellValueChanged [F8]
[ADMIN] [5/3/2017 23:47] [PENJUALAN] CASHIER FORM : ADD NEW ROW,  isActive [True]
[ADMIN] [5/3/2017 23:47] [PENJUALAN] CASHIER FORM : ADD NEW ROW,  ROW COUNT [1]
[ADMIN] [5/3/2017 23:47] [PENJUALAN] CASHIER FORM : ADD NEW ROW,  ALLOW TO ADD [True]
[ADMIN] [5/3/2017 23:47] [PENJUALAN] CASHIER FORM : UPDATE ROW NUMBER, TOTAL ROW [2]
[ADMIN] [5/3/2017 23:47] [PENJUALAN] CASHIER FORM : calculateChangeValue, bayarTextBox.Text [0]
[ADMIN] [5/3/2017 23:47] [PENJUALAN] CASHIER FORM : calculateChangeValue, sisaBayar [0]
[ADMIN] [5/3/2017 23:47] [PENJUALAN] CASHIER FORM : REGISTER HOTKEY
[ADMIN] [5/3/2017 23:47] [PENJUALAN] CASHIER FORM : Combobox_previewKeyDown, cashierDataGridView.CurrentCell.OwningColumn.Name  [productID]
[ADMIN] [5/3/2017 23:47] [PENJUALAN] CASHIER FORM : UNREGISTER HOTKEY
[ADMIN] [5/3/2017 23:47] [PENJUALAN] CASHIER FORM : REGISTER HOTKEY
[ADMIN] [5/3/2017 23:47] [PENJUALAN] CASHIER FORM : Combobox_previewKeyDown, cashierDataGridView.CurrentCell.OwningColumn.Name  [productID]
[ADMIN] [5/3/2017 23:47] [PENJUALAN] CASHIER FORM : UNREGISTER HOTKEY
[ADMIN] [5/3/2017 23:48] [PENJUALAN] CASHIER FORM : REGISTER HOTKEY
[ADMIN] [5/3/2017 23:48] [PENJUALAN] CASHIER FORM : HOTKEY TO SAVE AND PRINT OUT INVOICE PRESSED
[ADMIN] [5/3/2017 23:48] [PENJUALAN] CASHIER FORM : UNREGISTER HOTKEY
[ADMIN] [5/3/2017 23:48] [PENJUALAN] CASHIER FORM : REGISTER HOTKEY
[ADMIN] [5/3/2017 23:48] [PENJUALAN] ATTEMPT TO SAVE AND PRINT OUT INVOICE
[ADMIN] [5/3/2017 23:48] [PENJUALAN] CASHIER FORM : UNREGISTER HOTKEY
[ADMIN] [5/3/2017 23:48] [PENJUALAN] CASHIER FORM : ATTEMPT TO SAVE SALES DATA [03-05-2017 22:09]
[ADMIN] [5/3/2017 23:48] [PENJUALAN] CASHIER FORM : SALES DISC FINAL [0]
[ADMIN] [5/3/2017 23:48] [PENJUALAN] CASHIER FORM : CASH SALES
[ADMIN] [5/3/2017 23:48] [PENJUALAN] CHECK IF TAX LIMIT SET FOR PERCENTAGE PURCHASE [0]
[ADMIN] [5/3/2017 23:48] [PENJUALAN] CHECK IF TAX LIMIT SET FOR AVERAGE DAILY PURCHASE [0]
[ADMIN] [5/3/2017 23:48] [PENJUALAN] CASHIER FORM : NO FAKTUR [SLO001]
[ADMIN] [5/3/2017 23:48] [PENJUALAN] CASHIER FORM : MAX SALES INVOICE [2]
[ADMIN] [5/3/2017 23:48] [PENJUALAN] CASHIER FORM : SALES INVOICE [SLO001-3]
[ADMIN] [5/3/2017 23:48] [PENJUALAN] INSERT INTO SALES HEADER [SLO001-3]
[ADMIN] [5/3/2017 23:48] [PENJUALAN] INSERT INTO SALES DETAIL[RT001, 1000, 200]
[ADMIN] [5/3/2017 23:48] [PENJUALAN] REDUCE STOCK AT MASTER PRODUCT [RT001]
[ADMIN] [5/3/2017 23:48] [PENJUALAN] UPDATE CUSTOMER PRODUCT DISC [RT001]
[ADMIN] [5/3/2017 23:49] [PENJUALAN] INSERT TO CREDIT TABLE [SLO001-3]
[ADMIN] [5/3/2017 23:49] [PENJUALAN] INSERT TO DAILY JOURNAL TABLE [-100]
[ADMIN] [5/3/2017 23:49] [PENJUALAN] CASHIER FORM : REGISTER HOTKEY
[ADMIN] [5/3/2017 23:49] [PENJUALAN] TRANSACTION SAVED
[ADMIN] [5/3/2017 23:49] [PENJUALAN] CASHIER FORM : UNREGISTER HOTKEY
[ADMIN] [5/3/2017 23:50] [PENJUALAN] CASHIER FORM : REGISTER HOTKEY
[ADMIN] [5/3/2017 23:50] [PENJUALAN] CASHIER FORM : UNREGISTER HOTKEY
[ADMIN] [5/3/2017 23:50] [PENJUALAN] CASHIER FORM : REGISTER HOTKEY
[ADMIN] [5/3/2017 23:50] [PENJUALAN] CASHIER FORM : UNREGISTER HOTKEY
[ADMIN] [5/3/2017 23:50] [PENJUALAN] SQ [SQ-3] SET TO COMPLETE
[] [5/3/2017 23:58] [] USER = ADMIN IS ACTIVE
[ADMIN] [5/3/2017 23:58] [] USER ID = 1 LOGIN SUCCESSFULLY
[ADMIN] [5/3/2017 23:58] [] ACTIVATE USER ACCESS RIGHT
[ADMIN] [5/3/2017 23:58] [] DISPLAY ADMIN FORM
[ADMIN] [5/3/2017 23:58] [] adminForm Load
[ADMIN] [5/3/2017 23:58] [] ACTIVATE USER ACCESS RIGHT
[ADMIN] [5/3/2017 23:58] [PENJUALAN] CASHIER FORM : REGISTER HOTKEY
[ADMIN] [5/3/2017 23:58] [PENJUALAN] CASHIER FORM : cashierForm_Load, ATTEMPT TO LOAD NO FAKTUR
[ADMIN] [5/3/2017 23:58] [PENJUALAN] CASHIER FORM : loadNoFaktur, noFakturValue [SLO001]
[ADMIN] [5/3/2017 23:58] [PENJUALAN] CASHIER FORM : cashierForm_Load, ATTEMPT TO addColumnToDataGrid
[ADMIN] [5/3/2017 23:58] [PENJUALAN] CASHIER FORM : UPDATE ROW NUMBER, TOTAL ROW [1]
[ADMIN] [5/3/2017 23:58] [PENJUALAN] CASHIER FORM : cashierDataGridView_CellValueChanged [F8]
[ADMIN] [5/3/2017 23:58] [PENJUALAN] CASHIER FORM : REGISTER HOTKEY
[ADMIN] [5/3/2017 23:58] [PENJUALAN] CASHIER FORM : Combobox_previewKeyDown, cashierDataGridView.CurrentCell.OwningColumn.Name  [productID]
[ADMIN] [5/3/2017 23:58] [PENJUALAN] CASHIER FORM : UPDATE ROW NUMBER, TOTAL ROW [2]
[ADMIN] [5/3/2017 23:58] [PENJUALAN] CASHIER FORM : cashierDataGridView_CellValueChanged [F8]
[ADMIN] [5/3/2017 23:58] [PENJUALAN] CASHIER FORM : cashierDataGridView_CellValueChanged [productID]
[ADMIN] [5/3/2017 23:58] [PENJUALAN] CASHIER FORM : Combobox_KeyUp, cashierDataGridView.CurrentCell.OwningColumn.Name  [productID]
[ADMIN] [5/3/2017 23:58] [PENJUALAN] CASHIER FORM : Combobox_previewKeyDown, cashierDataGridView.CurrentCell.OwningColumn.Name  [productID]
[ADMIN] [5/3/2017 23:58] [PENJUALAN] CASHIER FORM : cashierDataGridView_CellValueChanged [productID]
[ADMIN] [5/3/2017 23:58] [PENJUALAN] CASHIER FORM : Combobox_KeyUp, cashierDataGridView.CurrentCell.OwningColumn.Name  [productID]
[ADMIN] [5/3/2017 23:58] [PENJUALAN] CASHIER FORM : Combobox_previewKeyDown, cashierDataGridView.CurrentCell.OwningColumn.Name  [productID]
[ADMIN] [5/3/2017 23:58] [PENJUALAN] CASHIER FORM : cashierDataGridView_CellValueChanged [productID]
[ADMIN] [5/3/2017 23:58] [PENJUALAN] CASHIER FORM : Combobox_KeyUp, cashierDataGridView.CurrentCell.OwningColumn.Name  [productID]
[ADMIN] [5/3/2017 23:58] [PENJUALAN] CASHIER FORM : Combobox_previewKeyDown, cashierDataGridView.CurrentCell.OwningColumn.Name  [productID]
[ADMIN] [5/3/2017 23:58] [PENJUALAN] CASHIER FORM : cashierDataGridView_CellValueChanged [productID]
[ADMIN] [5/3/2017 23:58] [PENJUALAN] CASHIER FORM : Combobox_KeyUp, cashierDataGridView.CurrentCell.OwningColumn.Name  [productID]
[ADMIN] [5/3/2017 23:58] [PENJUALAN] CASHIER FORM : Combobox_previewKeyDown, cashierDataGridView.CurrentCell.OwningColumn.Name  [productID]
[ADMIN] [5/3/2017 23:58] [PENJUALAN] CASHIER FORM : cashierDataGridView_CellValueChanged [productID]
[ADMIN] [5/3/2017 23:58] [PENJUALAN] CASHIER FORM : Combobox_KeyUp, cashierDataGridView.CurrentCell.OwningColumn.Name  [productID]
[ADMIN] [5/3/2017 23:58] [PENJUALAN] CASHIER FORM : Combobox_previewKeyDown, cashierDataGridView.CurrentCell.OwningColumn.Name  [productID]
[ADMIN] [5/3/2017 23:58] [PENJUALAN] CASHIER FORM : cashierDataGridView_CellValueChanged [productID]
[ADMIN] [5/3/2017 23:58] [PENJUALAN] CASHIER FORM : Combobox_KeyUp, cashierDataGridView.CurrentCell.OwningColumn.Name  [productID]
[ADMIN] [5/3/2017 23:58] [PENJUALAN] CASHIER FORM : Combobox_previewKeyDown, cashierDataGridView.CurrentCell.OwningColumn.Name  [productID]
[ADMIN] [5/3/2017 23:58] [PENJUALAN] CASHIER FORM : cashierDataGridView_CellValueChanged [productID]
[ADMIN] [5/3/2017 23:58] [PENJUALAN] CASHIER FORM : Combobox_KeyUp, cashierDataGridView.CurrentCell.OwningColumn.Name  [productID]
[ADMIN] [5/3/2017 23:58] [PENJUALAN] CASHIER FORM : Combobox_previewKeyDown, cashierDataGridView.CurrentCell.OwningColumn.Name  [productID]
[ADMIN] [5/3/2017 23:58] [PENJUALAN] CASHIER FORM : cashierDataGridView_CellValueChanged [productID]
[ADMIN] [5/3/2017 23:58] [PENJUALAN] CASHIER FORM : Combobox_KeyUp, cashierDataGridView.CurrentCell.OwningColumn.Name  [productID]
[ADMIN] [5/3/2017 23:58] [PENJUALAN] CASHIER FORM : Combobox_previewKeyDown, cashierDataGridView.CurrentCell.OwningColumn.Name  [productID]
[ADMIN] [5/3/2017 23:58] [PENJUALAN] CASHIER FORM : cashierDataGridView_CellValueChanged [productID]
[ADMIN] [5/3/2017 23:58] [PENJUALAN] CASHIER FORM : Combobox_KeyUp, cashierDataGridView.CurrentCell.OwningColumn.Name  [productID]
[ADMIN] [5/3/2017 23:58] [PENJUALAN] CASHIER FORM : Combobox_previewKeyDown, cashierDataGridView.CurrentCell.OwningColumn.Name  [productID]
[ADMIN] [5/3/2017 23:58] [PENJUALAN] CASHIER FORM : updateSomeRowContents
[ADMIN] [5/3/2017 23:58] [PENJUALAN] CASHIER FORM : clearUpSomeRowContents
[ADMIN] [5/3/2017 23:58] [PENJUALAN] CASHIER FORM : cashierDataGridView_CellValueChanged [productName]
[ADMIN] [5/3/2017 23:58] [PENJUALAN] CASHIER FORM : cashierDataGridView_CellValueChanged [hpp]
[ADMIN] [5/3/2017 23:58] [PENJUALAN] CASHIER FORM : cashierDataGridView_CellValueChanged [productPrice]
[ADMIN] [5/3/2017 23:58] [PENJUALAN] CASHIER FORM : cashierDataGridView_CellValueChanged, previousInput [0]
[ADMIN] [5/3/2017 23:58] [PENJUALAN] CASHIER FORM : cashierDataGridView_CellValueChanged [qty]
[ADMIN] [5/3/2017 23:58] [PENJUALAN] CASHIER FORM : cashierDataGridView_CellValueChanged, previousInput [0]
[ADMIN] [5/3/2017 23:58] [PENJUALAN] CASHIER FORM : cashierDataGridView_CellValueChanged [disc1]
[ADMIN] [5/3/2017 23:58] [PENJUALAN] CASHIER FORM : cashierDataGridView_CellValueChanged, previousInput [0]
[ADMIN] [5/3/2017 23:58] [PENJUALAN] CASHIER FORM : cashierDataGridView_CellValueChanged [disc2]
[ADMIN] [5/3/2017 23:58] [PENJUALAN] CASHIER FORM : cashierDataGridView_CellValueChanged, previousInput [0]
[ADMIN] [5/3/2017 23:58] [PENJUALAN] CASHIER FORM : cashierDataGridView_CellValueChanged [discRP]
[ADMIN] [5/3/2017 23:58] [PENJUALAN] CASHIER FORM : cashierDataGridView_CellValueChanged, previousInput [0]
[ADMIN] [5/3/2017 23:58] [PENJUALAN] CASHIER FORM : cashierDataGridView_CellValueChanged [jumlah]
[ADMIN] [5/3/2017 23:58] [PENJUALAN] CASHIER FORM : calculateTotal
[ADMIN] [5/3/2017 23:58] [PENJUALAN] CASHIER FORM : calculateTotal [0]
[ADMIN] [5/3/2017 23:58] [PENJUALAN] CASHIER FORM : calculateTotal, totalAfterDisc [0]
[ADMIN] [5/3/2017 23:58] [PENJUALAN] CASHIER FORM : calculateChangeValue, bayarTextBox.Text [0]
[ADMIN] [5/3/2017 23:58] [PENJUALAN] CASHIER FORM : calculateChangeValue, sisaBayar [0]
[ADMIN] [5/3/2017 23:58] [PENJUALAN] CASHIER FORM : updateSomeRowContents
[ADMIN] [5/3/2017 23:58] [PENJUALAN] CASHIER FORM : clearUpSomeRowContents
[ADMIN] [5/3/2017 23:58] [PENJUALAN] CASHIER FORM : calculateTotal
[ADMIN] [5/3/2017 23:58] [PENJUALAN] CASHIER FORM : calculateTotal [0]
[ADMIN] [5/3/2017 23:58] [PENJUALAN] CASHIER FORM : calculateTotal, totalAfterDisc [0]
[ADMIN] [5/3/2017 23:58] [PENJUALAN] CASHIER FORM : calculateChangeValue, bayarTextBox.Text [0]
[ADMIN] [5/3/2017 23:58] [PENJUALAN] CASHIER FORM : calculateChangeValue, sisaBayar [0]
[ADMIN] [5/3/2017 23:58] [PENJUALAN] CASHIER FORM : Combobox_KeyUp, cashierDataGridView.CurrentCell.OwningColumn.Name  [qty]
[ADMIN] [5/3/2017 23:58] [PENJUALAN] CASHIER FORM : productName_previewKeyDown, cashierDataGridView.CurrentCell.OwningColumn.Name  [productName]
[ADMIN] [5/3/2017 23:58] [PENJUALAN] CASHIER FORM : cashierDataGridView_CellValueChanged [productName]
[ADMIN] [5/3/2017 23:58] [PENJUALAN] CASHIER FORM : Combobox_KeyUp, cashierDataGridView.CurrentCell.OwningColumn.Name  [productName]
[ADMIN] [5/3/2017 23:58] [PENJUALAN] CASHIER FORM : Combobox_KeyUp, cashierDataGridView.CurrentCell.OwningColumn.Name  [productName]
[ADMIN] [5/3/2017 23:58] [PENJUALAN] CASHIER FORM : productName_previewKeyDown, cashierDataGridView.CurrentCell.OwningColumn.Name  [productName]
[ADMIN] [5/3/2017 23:58] [PENJUALAN] CASHIER FORM : updateSomeRowContents
[ADMIN] [5/3/2017 23:58] [PENJUALAN] CASHIER FORM : clearUpSomeRowContents
[ADMIN] [5/3/2017 23:58] [PENJUALAN] CASHIER FORM : cashierDataGridView_CellValueChanged [productName]
[ADMIN] [5/3/2017 23:58] [PENJUALAN] CASHIER FORM : calculateTotal
[ADMIN] [5/3/2017 23:58] [PENJUALAN] CASHIER FORM : calculateTotal [0]
[ADMIN] [5/3/2017 23:58] [PENJUALAN] CASHIER FORM : calculateTotal, totalAfterDisc [0]
[ADMIN] [5/3/2017 23:58] [PENJUALAN] CASHIER FORM : calculateChangeValue, bayarTextBox.Text [0]
[ADMIN] [5/3/2017 23:58] [PENJUALAN] CASHIER FORM : calculateChangeValue, sisaBayar [0]
[ADMIN] [5/3/2017 23:58] [PENJUALAN] CASHIER FORM : clearUpSomeRowContents
[ADMIN] [5/3/2017 23:58] [PENJUALAN] CASHIER FORM : calculateTotal
[ADMIN] [5/3/2017 23:58] [PENJUALAN] CASHIER FORM : calculateTotal [0]
[ADMIN] [5/3/2017 23:58] [PENJUALAN] CASHIER FORM : calculateTotal, totalAfterDisc [0]
[ADMIN] [5/3/2017 23:58] [PENJUALAN] CASHIER FORM : calculateChangeValue, bayarTextBox.Text [0]
[ADMIN] [5/3/2017 23:58] [PENJUALAN] CASHIER FORM : calculateChangeValue, sisaBayar [0]
[ADMIN] [5/3/2017 23:58] [PENJUALAN] CASHIER FORM : Combobox_KeyUp, cashierDataGridView.CurrentCell.OwningColumn.Name  [qty]
[ADMIN] [5/3/2017 23:58] [PENJUALAN] CASHIER FORM : Combobox_KeyUp, cashierDataGridView.CurrentCell.OwningColumn.Name  [qty]
[ADMIN] [5/3/2017 23:58] [PENJUALAN] CASHIER FORM : productName_previewKeyDown, cashierDataGridView.CurrentCell.OwningColumn.Name  [productName]
[ADMIN] [5/3/2017 23:58] [PENJUALAN] CASHIER FORM : productName_previewKeyDown, cashierDataGridView.CurrentCell.OwningColumn.Name  [productName]
[ADMIN] [5/3/2017 23:58] [PENJUALAN] CASHIER FORM : cashierDataGridView_CellValueChanged [productName]
[ADMIN] [5/3/2017 23:58] [PENJUALAN] CASHIER FORM : cashierDataGridView_CellValueChanged [productName]
[ADMIN] [5/3/2017 23:58] [PENJUALAN] CASHIER FORM : Combobox_KeyUp, cashierDataGridView.CurrentCell.OwningColumn.Name  [productName]
[ADMIN] [5/3/2017 23:58] [PENJUALAN] CASHIER FORM : Combobox_KeyUp, cashierDataGridView.CurrentCell.OwningColumn.Name  [productName]
[ADMIN] [5/3/2017 23:58] [PENJUALAN] CASHIER FORM : Combobox_KeyUp, cashierDataGridView.CurrentCell.OwningColumn.Name  [productName]
[ADMIN] [5/3/2017 23:58] [PENJUALAN] CASHIER FORM : updateSomeRowContents
[ADMIN] [5/3/2017 23:58] [PENJUALAN] CASHIER FORM : cashierDataGridView_CellValueChanged [productID]
[ADMIN] [5/3/2017 23:58] [PENJUALAN] CASHIER FORM : PRODUCT PRICE TYPE [PRODUCT_BASE_PRICE]
[ADMIN] [5/3/2017 23:58] [PENJUALAN] CASHIER FORM : PRODUCT PRICE [200]
[ADMIN] [5/3/2017 23:58] [PENJUALAN] CASHIER FORM : ComboBox_SelectedIndexChanged, PRODUCT_BASE_PRICE [200]
[ADMIN] [5/3/2017 23:58] [PENJUALAN] CASHIER FORM : cashierDataGridView_CellValueChanged [hpp]
[ADMIN] [5/3/2017 23:58] [PENJUALAN] CASHIER FORM : PRODUCT PRICE TYPE [PRODUCT_RETAIL_PRICE]
[ADMIN] [5/3/2017 23:58] [PENJUALAN] CASHIER FORM : PRODUCT PRICE [2000]
[ADMIN] [5/3/2017 23:58] [PENJUALAN] CASHIER FORM : ComboBox_SelectedIndexChanged, PRODUCT_SALES_PRICE [2000]
[ADMIN] [5/3/2017 23:58] [PENJUALAN] CASHIER FORM : cashierDataGridView_CellValueChanged [productPrice]
[ADMIN] [5/3/2017 23:58] [PENJUALAN] CASHIER FORM : cashierDataGridView_CellValueChanged, previousInput [0]
[ADMIN] [5/3/2017 23:58] [PENJUALAN] CASHIER FORM : cashierDataGridView_CellValueChanged, cellValue [2000]
[ADMIN] [5/3/2017 23:58] [PENJUALAN] CASHIER FORM : cashierDataGridView_CellValueChanged, dataGridViewTextBoxEditingControl.Text pass REGEX Checking
[ADMIN] [5/3/2017 23:58] [PENJUALAN] CASHIER FORM : CALCULATE SUBTOTAL
[ADMIN] [5/3/2017 23:58] [PENJUALAN] CASHIER FORM : SUBTOTAL [0]
[ADMIN] [5/3/2017 23:58] [PENJUALAN] CASHIER FORM : cashierDataGridView_CellValueChanged, subtotal value [0]
[ADMIN] [5/3/2017 23:58] [PENJUALAN] CASHIER FORM : cashierDataGridView_CellValueChanged, attempt to calculate total value
[ADMIN] [5/3/2017 23:58] [PENJUALAN] CASHIER FORM : calculateTotal
[ADMIN] [5/3/2017 23:58] [PENJUALAN] CASHIER FORM : calculateTotal [0]
[ADMIN] [5/3/2017 23:58] [PENJUALAN] CASHIER FORM : calculateTotal, totalAfterDisc [0]
[ADMIN] [5/3/2017 23:58] [PENJUALAN] CASHIER FORM : calculateChangeValue, bayarTextBox.Text [0]
[ADMIN] [5/3/2017 23:58] [PENJUALAN] CASHIER FORM : calculateChangeValue, sisaBayar [0]
[ADMIN] [5/3/2017 23:58] [PENJUALAN] CASHIER FORM : cashierDataGridView_CellValueChanged [qty]
[ADMIN] [5/3/2017 23:58] [PENJUALAN] CASHIER FORM : cashierDataGridView_CellValueChanged, previousInput [0]
[ADMIN] [5/3/2017 23:58] [PENJUALAN] CASHIER FORM : cashierDataGridView_CellValueChanged [jumlah]
[ADMIN] [5/3/2017 23:58] [PENJUALAN] CASHIER FORM : calculateTotal
[ADMIN] [5/3/2017 23:58] [PENJUALAN] CASHIER FORM : calculateTotal [0]
[ADMIN] [5/3/2017 23:58] [PENJUALAN] CASHIER FORM : calculateTotal, totalAfterDisc [0]
[ADMIN] [5/3/2017 23:58] [PENJUALAN] CASHIER FORM : calculateChangeValue, bayarTextBox.Text [0]
[ADMIN] [5/3/2017 23:58] [PENJUALAN] CASHIER FORM : calculateChangeValue, sisaBayar [0]
[ADMIN] [5/3/2017 23:58] [PENJUALAN] CASHIER FORM : cashierDataGridView_CellValueChanged [qty]
[ADMIN] [5/3/2017 23:58] [PENJUALAN] CASHIER FORM : cashierDataGridView_CellValueChanged, previousInput [0]
[ADMIN] [5/3/2017 23:58] [PENJUALAN] CASHIER FORM : cashierDataGridView_CellValueChanged, cellValue [2]
[ADMIN] [5/3/2017 23:58] [PENJUALAN] CASHIER FORM : cashierDataGridView_CellValueChanged, dataGridViewTextBoxEditingControl.Text pass REGEX Checking
[ADMIN] [5/3/2017 23:58] [PENJUALAN] CASHIER FORM : CHECK STOCK QTY IS ENOUGH [RT002]
[ADMIN] [5/3/2017 23:58] [PENJUALAN] CASHIER FORM : CHECK STOCK QTY IS ENOUGH [953, 2]
[ADMIN] [5/3/2017 23:58] [PENJUALAN] CASHIER FORM : CALCULATE SUBTOTAL
[ADMIN] [5/3/2017 23:58] [PENJUALAN] CASHIER FORM : SUBTOTAL [4000]
[ADMIN] [5/3/2017 23:58] [PENJUALAN] CASHIER FORM : cashierDataGridView_CellValueChanged, subtotal value [4000]
[ADMIN] [5/3/2017 23:58] [PENJUALAN] CASHIER FORM : cashierDataGridView_CellValueChanged, attempt to calculate total value
[ADMIN] [5/3/2017 23:58] [PENJUALAN] CASHIER FORM : calculateTotal
[ADMIN] [5/3/2017 23:58] [PENJUALAN] CASHIER FORM : calculateTotal [4000]
[ADMIN] [5/3/2017 23:58] [PENJUALAN] CASHIER FORM : calculateTotal, totalAfterDisc [4000]
[ADMIN] [5/3/2017 23:58] [PENJUALAN] CASHIER FORM : calculateChangeValue, bayarTextBox.Text [0]
[ADMIN] [5/3/2017 23:58] [PENJUALAN] CASHIER FORM : calculateChangeValue, sisaBayar [0]
[ADMIN] [5/3/2017 23:58] [PENJUALAN] CASHIER FORM : Combobox_KeyUp, cashierDataGridView.CurrentCell.OwningColumn.Name  [qty]
[ADMIN] [5/3/2017 23:58] [PENJUALAN] CASHIER FORM : Combobox_KeyUp, cashierDataGridView.CurrentCell.OwningColumn.Name  [qty]
[ADMIN] [5/3/2017 23:58] [PENJUALAN] CASHIER FORM : Combobox_KeyUp, cashierDataGridView.CurrentCell.OwningColumn.Name  [qty]
[ADMIN] [5/3/2017 23:58] [PENJUALAN] CASHIER FORM : Combobox_KeyUp, cashierDataGridView.CurrentCell.OwningColumn.Name  [qty]
[ADMIN] [5/3/2017 23:58] [PENJUALAN] CASHIER FORM : cashierDataGridView_CellValueChanged [qty]
[ADMIN] [5/3/2017 23:58] [PENJUALAN] CASHIER FORM : cashierDataGridView_CellValueChanged, previousInput [2]
[ADMIN] [5/3/2017 23:58] [PENJUALAN] CASHIER FORM : cashierDataGridView_CellValueChanged, dataGridViewTextBoxEditingControl.Text pass REGEX Checking
[ADMIN] [5/3/2017 23:58] [PENJUALAN] CASHIER FORM : CHECK STOCK QTY IS ENOUGH [RT002]
[ADMIN] [5/3/2017 23:58] [PENJUALAN] CASHIER FORM : CHECK STOCK QTY IS ENOUGH [953, 22]
[ADMIN] [5/3/2017 23:58] [PENJUALAN] CASHIER FORM : CALCULATE SUBTOTAL
[ADMIN] [5/3/2017 23:58] [PENJUALAN] CASHIER FORM : SUBTOTAL [44000]
[ADMIN] [5/3/2017 23:58] [PENJUALAN] CASHIER FORM : cashierDataGridView_CellValueChanged, subtotal value [44000]
[ADMIN] [5/3/2017 23:58] [PENJUALAN] CASHIER FORM : cashierDataGridView_CellValueChanged, attempt to calculate total value
[ADMIN] [5/3/2017 23:58] [PENJUALAN] CASHIER FORM : calculateTotal
[ADMIN] [5/3/2017 23:58] [PENJUALAN] CASHIER FORM : calculateTotal [44000]
[ADMIN] [5/3/2017 23:58] [PENJUALAN] CASHIER FORM : calculateTotal, totalAfterDisc [44000]
[ADMIN] [5/3/2017 23:58] [PENJUALAN] CASHIER FORM : calculateChangeValue, bayarTextBox.Text [0]
[ADMIN] [5/3/2017 23:58] [PENJUALAN] CASHIER FORM : calculateChangeValue, sisaBayar [0]
[ADMIN] [5/3/2017 23:58] [PENJUALAN] CASHIER FORM : Combobox_KeyUp, cashierDataGridView.CurrentCell.OwningColumn.Name  [qty]
[ADMIN] [5/3/2017 23:58] [PENJUALAN] CASHIER FORM : Combobox_KeyUp, cashierDataGridView.CurrentCell.OwningColumn.Name  [qty]
[ADMIN] [5/3/2017 23:58] [PENJUALAN] CASHIER FORM : Combobox_KeyUp, cashierDataGridView.CurrentCell.OwningColumn.Name  [qty]
[ADMIN] [5/3/2017 23:58] [PENJUALAN] CASHIER FORM : Combobox_KeyUp, cashierDataGridView.CurrentCell.OwningColumn.Name  [qty]
[ADMIN] [5/3/2017 23:58] [PENJUALAN] CASHIER FORM : discJualMaskedTextBox_Validating, totalAfterDisc [43950]
[ADMIN] [5/3/2017 23:58] [PENJUALAN] CASHIER FORM : calculateChangeValue, bayarTextBox.Text [0]
[ADMIN] [5/3/2017 23:58] [PENJUALAN] CASHIER FORM : calculateChangeValue, sisaBayar [0]
[ADMIN] [5/3/2017 23:58] [PENJUALAN] CASHIER FORM : discJualMaskedTextBox_Validating, totalAfterDisc [43500]
[ADMIN] [5/3/2017 23:58] [PENJUALAN] CASHIER FORM : calculateChangeValue, bayarTextBox.Text [0]
[ADMIN] [5/3/2017 23:58] [PENJUALAN] CASHIER FORM : calculateChangeValue, sisaBayar [0]
[ADMIN] [5/3/2017 23:58] [PENJUALAN] CASHIER FORM : calculateChangeValue, bayarTextBox.Text [1]
[ADMIN] [5/3/2017 23:58] [PENJUALAN] CASHIER FORM : calculateChangeValue, sisaBayar [0]
[ADMIN] [5/3/2017 23:58] [PENJUALAN] CASHIER FORM : calculateChangeValue, bayarTextBox.Text [10]
[ADMIN] [5/3/2017 23:58] [PENJUALAN] CASHIER FORM : calculateChangeValue, sisaBayar [0]
[ADMIN] [5/3/2017 23:58] [PENJUALAN] CASHIER FORM : calculateChangeValue, bayarTextBox.Text [100]
[ADMIN] [5/3/2017 23:58] [PENJUALAN] CASHIER FORM : calculateChangeValue, sisaBayar [0]
[ADMIN] [5/3/2017 23:58] [PENJUALAN] CASHIER FORM : calculateChangeValue, bayarTextBox.Text [1000]
[ADMIN] [5/3/2017 23:58] [PENJUALAN] CASHIER FORM : calculateChangeValue, sisaBayar [0]
[ADMIN] [5/3/2017 23:58] [PENJUALAN] CASHIER FORM : calculateChangeValue, bayarTextBox.Text [10000]
[ADMIN] [5/3/2017 23:58] [PENJUALAN] CASHIER FORM : calculateChangeValue, sisaBayar [0]
[ADMIN] [5/3/2017 23:58] [PENJUALAN] CASHIER FORM : DISPLAY PELANGGAN FORM
[ADMIN] [5/3/2017 23:58] [PENJUALAN] CASHIER FORM : UNREGISTER HOTKEY
[ADMIN] [5/3/2017 23:58] [PENJUALAN] CASHIER FORM : SELECTED CUSTOMER ID [1]
[ADMIN] [5/3/2017 23:58] [PENJUALAN] CASHIER FORM : ATTEMPT TO SET CUSTOMER PROFILE
[ADMIN] [5/3/2017 23:58] [PENJUALAN] CASHIER FORM : SET CUSTOMER PROFILE [ANDRI]
[ADMIN] [5/3/2017 23:58] [PENJUALAN] CASHIER FORM : CUSTOMER GROUP [P-UMUM [ECER]]
[ADMIN] [5/3/2017 23:58] [PENJUALAN] CASHIER FORM : FINISHED SET CUSTOMER PROFILE
[ADMIN] [5/3/2017 23:58] [PENJUALAN] CASHIER FORM : ATTEMPT TO REFRESH PRODUCT PRICE
[ADMIN] [5/3/2017 23:58] [PENJUALAN] CASHIER FORM : PRODUCT PRICE TYPE [PRODUCT_RETAIL_PRICE]
[ADMIN] [5/3/2017 23:58] [PENJUALAN] CASHIER FORM : PRODUCT PRICE [2000]
[ADMIN] [5/3/2017 23:58] [PENJUALAN] CASHIER FORM : CALCULATE SUBTOTAL
[ADMIN] [5/3/2017 23:58] [PENJUALAN] CASHIER FORM : SUBTOTAL [44000]
[ADMIN] [5/3/2017 23:58] [PENJUALAN] CASHIER FORM : calculateTotal
[ADMIN] [5/3/2017 23:58] [PENJUALAN] CASHIER FORM : calculateTotal [44000]
[ADMIN] [5/3/2017 23:58] [PENJUALAN] CASHIER FORM : calculateTotal, totalAfterDisc [43500]
[ADMIN] [5/3/2017 23:58] [PENJUALAN] CASHIER FORM : calculateChangeValue, bayarTextBox.Text [10000]
[ADMIN] [5/3/2017 23:58] [PENJUALAN] CASHIER FORM : calculateChangeValue, sisaBayar [0]
[ADMIN] [5/3/2017 23:58] [PENJUALAN] CASHIER FORM : PRODUCT PRICE REFRESHED
[ADMIN] [5/3/2017 23:58] [PENJUALAN] CASHIER FORM : REGISTER HOTKEY
[ADMIN] [5/3/2017 23:58] [PENJUALAN] CASHIER FORM : HOTKEY TO SAVE AND PRINT OUT INVOICE PRESSED
[ADMIN] [5/3/2017 23:58] [PENJUALAN] CASHIER FORM : UNREGISTER HOTKEY
[ADMIN] [5/3/2017 23:58] [PENJUALAN] CASHIER FORM : REGISTER HOTKEY
[ADMIN] [5/3/2017 23:58] [PENJUALAN] ATTEMPT TO SAVE AND PRINT OUT INVOICE
[ADMIN] [5/3/2017 23:58] [PENJUALAN] CASHIER FORM : UNREGISTER HOTKEY
[ADMIN] [5/3/2017 23:58] [PENJUALAN] CASHIER FORM : ATTEMPT TO SAVE SALES DATA [03-05-2017 23:58]
[ADMIN] [5/3/2017 23:58] [PENJUALAN] CASHIER FORM : SALES DISC FINAL [Rp500]
[ADMIN] [5/3/2017 23:58] [PENJUALAN] CASHIER FORM : CASH SALES
[ADMIN] [5/3/2017 23:58] [PENJUALAN] CASHIER FORM : MAX SALES INVOICE [3]
[ADMIN] [5/3/2017 23:58] [PENJUALAN] CASHIER FORM : SALES INVOICE [SQ-4]
[ADMIN] [5/3/2017 23:58] [PENJUALAN] INSERT INTO SALES QUOTATION HEADER [SQ-4]
[ADMIN] [5/3/2017 23:58] [PENJUALAN] INSERT INTO SALES QUOTATION DETAIL[RT002, 2000, 22]
[ADMIN] [5/3/2017 23:58] [PENJUALAN] TRANSACTION SAVED
[ADMIN] [5/3/2017 23:58] [PENJUALAN] SAVE DP PAYMENT TO PAYMENT CREDIT
[ADMIN] [5/3/2017 23:59] [PENJUALAN] PRINT OUT INVOICE
[ADMIN] [5/3/2017 23:59] [PENJUALAN] CASHIER FORM : PrintReceipt
[ADMIN] [5/3/2017 23:59] [PENJUALAN] CASHIER FORM : PrintReceipt, POS size Paper
[ADMIN] [5/3/2017 23:59] [PENJUALAN] CASHIER FORM : printDocument1_PrintPage, print POS size receipt
[ADMIN] [5/3/2017 23:59] [PENJUALAN] CASHIER FORM : calculatePageLength, totalLengthPage [369]
[ADMIN] [5/3/2017 23:59] [PENJUALAN] CASHIER FORM : printDocument1_PrintPage, print POS size receipt
[ADMIN] [5/3/2017 23:59] [PENJUALAN] CASHIER FORM : loadNamaUser
[ADMIN] [5/4/2017 00:00] [PENJUALAN] CASHIER FORM : REGISTER HOTKEY
[ADMIN] [5/4/2017 00:00] [PENJUALAN] CASHIER FORM : UNREGISTER HOTKEY
[ADMIN] [5/4/2017 00:00] [PENJUALAN] CASHIER FORM : UNREGISTER HOTKEY
[ADMIN] [5/4/2017 00:00] [PENJUALAN] CASHIER FORM : REGISTER HOTKEY
[ADMIN] [5/4/2017 00:00] [PENJUALAN] CASHIER FORM : cashierForm_Load, ATTEMPT TO LOAD NO FAKTUR
[ADMIN] [5/4/2017 00:00] [PENJUALAN] CASHIER FORM : loadNoFaktur, noFakturValue [SLO001]
[ADMIN] [5/4/2017 00:00] [PENJUALAN] CASHIER FORM : cashierForm_Load, ATTEMPT TO addColumnToDataGrid
[ADMIN] [5/4/2017 00:00] [PENJUALAN] CASHIER FORM : UPDATE ROW NUMBER, TOTAL ROW [1]
[ADMIN] [5/4/2017 00:00] [PENJUALAN] CASHIER FORM : cashierDataGridView_CellValueChanged [F8]
[ADMIN] [5/4/2017 00:00] [PENJUALAN] CASHIER FORM : ADD NEW ROW,  isActive [True]
[ADMIN] [5/4/2017 00:00] [PENJUALAN] CASHIER FORM : ADD NEW ROW,  ROW COUNT [1]
[ADMIN] [5/4/2017 00:00] [PENJUALAN] CASHIER FORM : ADD NEW ROW,  ALLOW TO ADD [True]
[ADMIN] [5/4/2017 00:00] [PENJUALAN] CASHIER FORM : UPDATE ROW NUMBER, TOTAL ROW [2]
[ADMIN] [5/4/2017 00:00] [PENJUALAN] CASHIER FORM : calculateChangeValue, bayarTextBox.Text [Rp10.000,00]
[ADMIN] [5/4/2017 00:00] [PENJUALAN] CASHIER FORM : calculateChangeValue, sisaBayar [0]
[ADMIN] [5/4/2017 00:00] [PENJUALAN] CASHIER FORM : REGISTER HOTKEY
[ADMIN] [5/4/2017 00:00] [PENJUALAN] CASHIER FORM : Combobox_previewKeyDown, cashierDataGridView.CurrentCell.OwningColumn.Name  [productID]
[ADMIN] [5/4/2017 00:00] [PENJUALAN] CASHIER FORM : UNREGISTER HOTKEY
[ADMIN] [5/4/2017 00:00] [PENJUALAN] CASHIER FORM : REGISTER HOTKEY
[ADMIN] [5/4/2017 00:00] [PENJUALAN] CASHIER FORM : Combobox_KeyUp, cashierDataGridView.CurrentCell.OwningColumn.Name  [productID]
[ADMIN] [5/4/2017 00:00] [PENJUALAN] CASHIER FORM : Combobox_previewKeyDown, cashierDataGridView.CurrentCell.OwningColumn.Name  [productID]
[ADMIN] [5/4/2017 00:00] [PENJUALAN] CASHIER FORM : UNREGISTER HOTKEY
[ADMIN] [5/4/2017 00:00] [PENJUALAN] CASHIER FORM : REGISTER HOTKEY
[ADMIN] [5/4/2017 00:00] [PENJUALAN] CASHIER FORM : Combobox_KeyUp, cashierDataGridView.CurrentCell.OwningColumn.Name  [productID]
[ADMIN] [5/4/2017 00:00] [PENJUALAN] CASHIER FORM : Combobox_previewKeyDown, cashierDataGridView.CurrentCell.OwningColumn.Name  [productID]
[ADMIN] [5/4/2017 00:00] [PENJUALAN] CASHIER FORM : UNREGISTER HOTKEY
[ADMIN] [5/4/2017 00:01] [PENJUALAN] CASHIER FORM : REGISTER HOTKEY
[ADMIN] [5/4/2017 00:01] [PENJUALAN] CASHIER FORM : Combobox_KeyUp, cashierDataGridView.CurrentCell.OwningColumn.Name  [productID]
[ADMIN] [5/4/2017 00:01] [PENJUALAN] CASHIER FORM : UNREGISTER HOTKEY
[ADMIN] [5/4/2017 00:01] [PENJUALAN] CASHIER FORM : REGISTER HOTKEY
[ADMIN] [5/4/2017 00:01] [PENJUALAN] ATTEMPT TO SAVE AND PRINT OUT INVOICE
[ADMIN] [5/4/2017 00:01] [PENJUALAN] CASHIER FORM : UNREGISTER HOTKEY
[ADMIN] [5/4/2017 00:01] [PENJUALAN] CASHIER FORM : ATTEMPT TO SAVE SALES DATA [03-05-2017 23:58]
[ADMIN] [5/4/2017 00:01] [PENJUALAN] CASHIER FORM : SALES DISC FINAL [500]
[ADMIN] [5/4/2017 00:01] [PENJUALAN] CASHIER FORM : CASH SALES
[ADMIN] [5/4/2017 00:01] [PENJUALAN] UPDATE SALES QUOTATION HEADER [SQ-4]
[ADMIN] [5/4/2017 00:01] [PENJUALAN] CLEAR SALES_QUOTATION_DETAIL [SQ-4]
[ADMIN] [5/4/2017 00:01] [PENJUALAN] INSERT INTO SALES QUOTATION DETAIL[RT002, 2000, 22]
[ADMIN] [5/4/2017 00:01] [PENJUALAN] TRANSACTION SAVED
[ADMIN] [5/4/2017 00:01] [PENJUALAN] SAVE DP PAYMENT TO PAYMENT CREDIT
[ADMIN] [5/4/2017 00:01] [PENJUALAN] PRINT OUT INVOICE
[ADMIN] [5/4/2017 00:01] [PENJUALAN] CASHIER FORM : PrintReceipt
[ADMIN] [5/4/2017 00:01] [PENJUALAN] CASHIER FORM : PrintReceipt, POS size Paper
[ADMIN] [5/4/2017 00:01] [PENJUALAN] CASHIER FORM : printDocument1_PrintPage, print POS size receipt
[ADMIN] [5/4/2017 00:01] [PENJUALAN] CASHIER FORM : calculatePageLength, totalLengthPage [369]
[ADMIN] [5/4/2017 00:01] [PENJUALAN] CASHIER FORM : printDocument1_PrintPage, print POS size receipt
[ADMIN] [5/4/2017 00:01] [PENJUALAN] CASHIER FORM : loadNamaUser
[ADMIN] [5/4/2017 00:01] [PENJUALAN] CASHIER FORM : REGISTER HOTKEY
[ADMIN] [5/4/2017 00:01] [PENJUALAN] CASHIER FORM : UNREGISTER HOTKEY
[] [5/4/2017 00:06] [] USER = ADMIN IS ACTIVE
[ADMIN] [5/4/2017 00:06] [] USER ID = 1 LOGIN SUCCESSFULLY
[ADMIN] [5/4/2017 00:06] [] ACTIVATE USER ACCESS RIGHT
[ADMIN] [5/4/2017 00:06] [] DISPLAY ADMIN FORM
[ADMIN] [5/4/2017 00:06] [] adminForm Load
[ADMIN] [5/4/2017 00:06] [] ACTIVATE USER ACCESS RIGHT
[ADMIN] [5/4/2017 00:06] [PENJUALAN] CASHIER FORM : REGISTER HOTKEY
[ADMIN] [5/4/2017 00:06] [PENJUALAN] CASHIER FORM : cashierForm_Load, ATTEMPT TO LOAD NO FAKTUR
[ADMIN] [5/4/2017 00:06] [PENJUALAN] CASHIER FORM : loadNoFaktur, noFakturValue [SLO001]
[ADMIN] [5/4/2017 00:06] [PENJUALAN] CASHIER FORM : cashierForm_Load, ATTEMPT TO addColumnToDataGrid
[ADMIN] [5/4/2017 00:06] [PENJUALAN] CASHIER FORM : UPDATE ROW NUMBER, TOTAL ROW [1]
[ADMIN] [5/4/2017 00:06] [PENJUALAN] CASHIER FORM : cashierDataGridView_CellValueChanged [F8]
[ADMIN] [5/4/2017 00:06] [PENJUALAN] CASHIER FORM : REGISTER HOTKEY
[ADMIN] [5/4/2017 00:06] [PENJUALAN] CASHIER FORM : productName_previewKeyDown, cashierDataGridView.CurrentCell.OwningColumn.Name  [productName]
[ADMIN] [5/4/2017 00:06] [PENJUALAN] CASHIER FORM : UPDATE ROW NUMBER, TOTAL ROW [2]
[ADMIN] [5/4/2017 00:06] [PENJUALAN] CASHIER FORM : cashierDataGridView_CellValueChanged [F8]
[ADMIN] [5/4/2017 00:06] [PENJUALAN] CASHIER FORM : cashierDataGridView_CellValueChanged [productName]
[ADMIN] [5/4/2017 00:06] [PENJUALAN] CASHIER FORM : cashierDataGridView_CellValueChanged [productName]
[ADMIN] [5/4/2017 00:06] [PENJUALAN] CASHIER FORM : Combobox_KeyUp, cashierDataGridView.CurrentCell.OwningColumn.Name  [productName]
[ADMIN] [5/4/2017 00:06] [PENJUALAN] CASHIER FORM : Combobox_KeyUp, cashierDataGridView.CurrentCell.OwningColumn.Name  [productName]
[ADMIN] [5/4/2017 00:06] [PENJUALAN] CASHIER FORM : updateSomeRowContents
[ADMIN] [5/4/2017 00:06] [PENJUALAN] CASHIER FORM : cashierDataGridView_CellValueChanged [productID]
[ADMIN] [5/4/2017 00:06] [PENJUALAN] CASHIER FORM : PRODUCT PRICE TYPE [PRODUCT_BASE_PRICE]
[ADMIN] [5/4/2017 00:06] [PENJUALAN] CASHIER FORM : PRODUCT PRICE [200]
[ADMIN] [5/4/2017 00:06] [PENJUALAN] CASHIER FORM : ComboBox_SelectedIndexChanged, PRODUCT_BASE_PRICE [200]
[ADMIN] [5/4/2017 00:06] [PENJUALAN] CASHIER FORM : cashierDataGridView_CellValueChanged [hpp]
[ADMIN] [5/4/2017 00:06] [PENJUALAN] CASHIER FORM : PRODUCT PRICE TYPE [PRODUCT_RETAIL_PRICE]
[ADMIN] [5/4/2017 00:06] [PENJUALAN] CASHIER FORM : PRODUCT PRICE [2000]
[ADMIN] [5/4/2017 00:06] [PENJUALAN] CASHIER FORM : ComboBox_SelectedIndexChanged, PRODUCT_SALES_PRICE [2000]
[ADMIN] [5/4/2017 00:06] [PENJUALAN] CASHIER FORM : cashierDataGridView_CellValueChanged [productPrice]
[ADMIN] [5/4/2017 00:06] [PENJUALAN] CASHIER FORM : cashierDataGridView_CellValueChanged, previousInput [0]
[ADMIN] [5/4/2017 00:06] [PENJUALAN] CASHIER FORM : cashierDataGridView_CellValueChanged, cellValue [2000]
[ADMIN] [5/4/2017 00:06] [PENJUALAN] CASHIER FORM : cashierDataGridView_CellValueChanged, dataGridViewTextBoxEditingControl.Text pass REGEX Checking
[ADMIN] [5/4/2017 00:06] [PENJUALAN] CASHIER FORM : CALCULATE SUBTOTAL
[ADMIN] [5/4/2017 00:06] [PENJUALAN] CASHIER FORM : SUBTOTAL [0]
[ADMIN] [5/4/2017 00:06] [PENJUALAN] CASHIER FORM : cashierDataGridView_CellValueChanged, subtotal value [0]
[ADMIN] [5/4/2017 00:06] [PENJUALAN] CASHIER FORM : cashierDataGridView_CellValueChanged, attempt to calculate total value
[ADMIN] [5/4/2017 00:06] [PENJUALAN] CASHIER FORM : calculateTotal
[ADMIN] [5/4/2017 00:06] [PENJUALAN] CASHIER FORM : calculateTotal [0]
[ADMIN] [5/4/2017 00:06] [PENJUALAN] CASHIER FORM : calculateTotal, totalAfterDisc [0]
[ADMIN] [5/4/2017 00:06] [PENJUALAN] CASHIER FORM : calculateChangeValue, bayarTextBox.Text [0]
[ADMIN] [5/4/2017 00:06] [PENJUALAN] CASHIER FORM : calculateChangeValue, sisaBayar [0]
[ADMIN] [5/4/2017 00:06] [PENJUALAN] CASHIER FORM : cashierDataGridView_CellValueChanged [qty]
[ADMIN] [5/4/2017 00:06] [PENJUALAN] CASHIER FORM : cashierDataGridView_CellValueChanged, previousInput [0]
[ADMIN] [5/4/2017 00:06] [PENJUALAN] CASHIER FORM : cashierDataGridView_CellValueChanged [jumlah]
[ADMIN] [5/4/2017 00:06] [PENJUALAN] CASHIER FORM : calculateTotal
[ADMIN] [5/4/2017 00:06] [PENJUALAN] CASHIER FORM : calculateTotal [0]
[ADMIN] [5/4/2017 00:06] [PENJUALAN] CASHIER FORM : calculateTotal, totalAfterDisc [0]
[ADMIN] [5/4/2017 00:06] [PENJUALAN] CASHIER FORM : calculateChangeValue, bayarTextBox.Text [0]
[ADMIN] [5/4/2017 00:06] [PENJUALAN] CASHIER FORM : calculateChangeValue, sisaBayar [0]
[ADMIN] [5/4/2017 00:06] [PENJUALAN] CASHIER FORM : cashierDataGridView_CellValueChanged [qty]
[ADMIN] [5/4/2017 00:06] [PENJUALAN] CASHIER FORM : cashierDataGridView_CellValueChanged, previousInput [0]
[ADMIN] [5/4/2017 00:06] [PENJUALAN] CASHIER FORM : cashierDataGridView_CellValueChanged, cellValue [1]
[ADMIN] [5/4/2017 00:06] [PENJUALAN] CASHIER FORM : cashierDataGridView_CellValueChanged, dataGridViewTextBoxEditingControl.Text pass REGEX Checking
[ADMIN] [5/4/2017 00:06] [PENJUALAN] CASHIER FORM : CHECK STOCK QTY IS ENOUGH [RT002]
[ADMIN] [5/4/2017 00:06] [PENJUALAN] CASHIER FORM : CHECK STOCK QTY IS ENOUGH [953, 1]
[ADMIN] [5/4/2017 00:06] [PENJUALAN] CASHIER FORM : CALCULATE SUBTOTAL
[ADMIN] [5/4/2017 00:06] [PENJUALAN] CASHIER FORM : SUBTOTAL [2000]
[ADMIN] [5/4/2017 00:06] [PENJUALAN] CASHIER FORM : cashierDataGridView_CellValueChanged, subtotal value [2000]
[ADMIN] [5/4/2017 00:06] [PENJUALAN] CASHIER FORM : cashierDataGridView_CellValueChanged, attempt to calculate total value
[ADMIN] [5/4/2017 00:06] [PENJUALAN] CASHIER FORM : calculateTotal
[ADMIN] [5/4/2017 00:06] [PENJUALAN] CASHIER FORM : calculateTotal [2000]
[ADMIN] [5/4/2017 00:06] [PENJUALAN] CASHIER FORM : calculateTotal, totalAfterDisc [2000]
[ADMIN] [5/4/2017 00:06] [PENJUALAN] CASHIER FORM : calculateChangeValue, bayarTextBox.Text [0]
[ADMIN] [5/4/2017 00:06] [PENJUALAN] CASHIER FORM : calculateChangeValue, sisaBayar [0]
[ADMIN] [5/4/2017 00:06] [PENJUALAN] CASHIER FORM : Combobox_KeyUp, cashierDataGridView.CurrentCell.OwningColumn.Name  [qty]
[ADMIN] [5/4/2017 00:06] [PENJUALAN] CASHIER FORM : Combobox_KeyUp, cashierDataGridView.CurrentCell.OwningColumn.Name  [qty]
[ADMIN] [5/4/2017 00:06] [PENJUALAN] CASHIER FORM : Combobox_KeyUp, cashierDataGridView.CurrentCell.OwningColumn.Name  [qty]
[ADMIN] [5/4/2017 00:06] [PENJUALAN] CASHIER FORM : cashierDataGridView_CellValueChanged [qty]
[ADMIN] [5/4/2017 00:06] [PENJUALAN] CASHIER FORM : cashierDataGridView_CellValueChanged, previousInput [1]
[ADMIN] [5/4/2017 00:06] [PENJUALAN] CASHIER FORM : cashierDataGridView_CellValueChanged, dataGridViewTextBoxEditingControl.Text pass REGEX Checking
[ADMIN] [5/4/2017 00:06] [PENJUALAN] CASHIER FORM : CHECK STOCK QTY IS ENOUGH [RT002]
[ADMIN] [5/4/2017 00:06] [PENJUALAN] CASHIER FORM : CHECK STOCK QTY IS ENOUGH [953, 15]
[ADMIN] [5/4/2017 00:06] [PENJUALAN] CASHIER FORM : CALCULATE SUBTOTAL
[ADMIN] [5/4/2017 00:06] [PENJUALAN] CASHIER FORM : SUBTOTAL [30000]
[ADMIN] [5/4/2017 00:06] [PENJUALAN] CASHIER FORM : cashierDataGridView_CellValueChanged, subtotal value [30000]
[ADMIN] [5/4/2017 00:06] [PENJUALAN] CASHIER FORM : cashierDataGridView_CellValueChanged, attempt to calculate total value
[ADMIN] [5/4/2017 00:06] [PENJUALAN] CASHIER FORM : calculateTotal
[ADMIN] [5/4/2017 00:06] [PENJUALAN] CASHIER FORM : calculateTotal [30000]
[ADMIN] [5/4/2017 00:06] [PENJUALAN] CASHIER FORM : calculateTotal, totalAfterDisc [30000]
[ADMIN] [5/4/2017 00:06] [PENJUALAN] CASHIER FORM : calculateChangeValue, bayarTextBox.Text [0]
[ADMIN] [5/4/2017 00:06] [PENJUALAN] CASHIER FORM : calculateChangeValue, sisaBayar [0]
[ADMIN] [5/4/2017 00:06] [PENJUALAN] CASHIER FORM : Combobox_KeyUp, cashierDataGridView.CurrentCell.OwningColumn.Name  [qty]
[ADMIN] [5/4/2017 00:06] [PENJUALAN] CASHIER FORM : Combobox_KeyUp, cashierDataGridView.CurrentCell.OwningColumn.Name  [qty]
[ADMIN] [5/4/2017 00:06] [PENJUALAN] CASHIER FORM : Combobox_KeyUp, cashierDataGridView.CurrentCell.OwningColumn.Name  [qty]
[ADMIN] [5/4/2017 00:06] [PENJUALAN] CASHIER FORM : discJualMaskedTextBox_Validating, totalAfterDisc [29999]
[ADMIN] [5/4/2017 00:06] [PENJUALAN] CASHIER FORM : calculateChangeValue, bayarTextBox.Text [0]
[ADMIN] [5/4/2017 00:06] [PENJUALAN] CASHIER FORM : calculateChangeValue, sisaBayar [0]
[ADMIN] [5/4/2017 00:06] [PENJUALAN] CASHIER FORM : discJualMaskedTextBox_Validating, totalAfterDisc [29990]
[ADMIN] [5/4/2017 00:06] [PENJUALAN] CASHIER FORM : calculateChangeValue, bayarTextBox.Text [0]
[ADMIN] [5/4/2017 00:06] [PENJUALAN] CASHIER FORM : calculateChangeValue, sisaBayar [0]
[ADMIN] [5/4/2017 00:06] [PENJUALAN] CASHIER FORM : discJualMaskedTextBox_Validating, totalAfterDisc [29900]
[ADMIN] [5/4/2017 00:06] [PENJUALAN] CASHIER FORM : calculateChangeValue, bayarTextBox.Text [0]
[ADMIN] [5/4/2017 00:06] [PENJUALAN] CASHIER FORM : calculateChangeValue, sisaBayar [0]
[ADMIN] [5/4/2017 00:06] [PENJUALAN] CASHIER FORM : discJualMaskedTextBox_Validating, totalAfterDisc [29000]
[ADMIN] [5/4/2017 00:06] [PENJUALAN] CASHIER FORM : calculateChangeValue, bayarTextBox.Text [0]
[ADMIN] [5/4/2017 00:06] [PENJUALAN] CASHIER FORM : calculateChangeValue, sisaBayar [0]
[ADMIN] [5/4/2017 00:06] [PENJUALAN] CASHIER FORM : calculateChangeValue, bayarTextBox.Text [5]
[ADMIN] [5/4/2017 00:06] [PENJUALAN] CASHIER FORM : calculateChangeValue, sisaBayar [0]
[ADMIN] [5/4/2017 00:06] [PENJUALAN] CASHIER FORM : calculateChangeValue, bayarTextBox.Text [50]
[ADMIN] [5/4/2017 00:06] [PENJUALAN] CASHIER FORM : calculateChangeValue, sisaBayar [0]
[ADMIN] [5/4/2017 00:06] [PENJUALAN] CASHIER FORM : calculateChangeValue, bayarTextBox.Text [500]
[ADMIN] [5/4/2017 00:06] [PENJUALAN] CASHIER FORM : calculateChangeValue, sisaBayar [0]
[ADMIN] [5/4/2017 00:06] [PENJUALAN] CASHIER FORM : calculateChangeValue, bayarTextBox.Text [5000]
[ADMIN] [5/4/2017 00:06] [PENJUALAN] CASHIER FORM : calculateChangeValue, sisaBayar [0]
[ADMIN] [5/4/2017 00:06] [PENJUALAN] CASHIER FORM : HOTKEY TO SAVE AND PRINT OUT INVOICE PRESSED
[ADMIN] [5/4/2017 00:06] [PENJUALAN] CASHIER FORM : UNREGISTER HOTKEY
[ADMIN] [5/4/2017 00:06] [PENJUALAN] CASHIER FORM : REGISTER HOTKEY
[ADMIN] [5/4/2017 00:06] [PENJUALAN] CASHIER FORM : DISPLAY PELANGGAN FORM
[ADMIN] [5/4/2017 00:06] [PENJUALAN] CASHIER FORM : UNREGISTER HOTKEY
[ADMIN] [5/4/2017 00:06] [PENJUALAN] CASHIER FORM : SELECTED CUSTOMER ID [1]
[ADMIN] [5/4/2017 00:06] [PENJUALAN] CASHIER FORM : ATTEMPT TO SET CUSTOMER PROFILE
[ADMIN] [5/4/2017 00:06] [PENJUALAN] CASHIER FORM : SET CUSTOMER PROFILE [ANDRI]
[ADMIN] [5/4/2017 00:06] [PENJUALAN] CASHIER FORM : CUSTOMER GROUP [P-UMUM [ECER]]
[ADMIN] [5/4/2017 00:06] [PENJUALAN] CASHIER FORM : FINISHED SET CUSTOMER PROFILE
[ADMIN] [5/4/2017 00:06] [PENJUALAN] CASHIER FORM : ATTEMPT TO REFRESH PRODUCT PRICE
[ADMIN] [5/4/2017 00:06] [PENJUALAN] CASHIER FORM : PRODUCT PRICE TYPE [PRODUCT_RETAIL_PRICE]
[ADMIN] [5/4/2017 00:06] [PENJUALAN] CASHIER FORM : PRODUCT PRICE [2000]
[ADMIN] [5/4/2017 00:06] [PENJUALAN] CASHIER FORM : CALCULATE SUBTOTAL
[ADMIN] [5/4/2017 00:06] [PENJUALAN] CASHIER FORM : SUBTOTAL [30000]
[ADMIN] [5/4/2017 00:06] [PENJUALAN] CASHIER FORM : calculateTotal
[ADMIN] [5/4/2017 00:06] [PENJUALAN] CASHIER FORM : calculateTotal [30000]
[ADMIN] [5/4/2017 00:06] [PENJUALAN] CASHIER FORM : calculateTotal, totalAfterDisc [29000]
[ADMIN] [5/4/2017 00:06] [PENJUALAN] CASHIER FORM : calculateChangeValue, bayarTextBox.Text [Rp5.000]
[ADMIN] [5/4/2017 00:06] [PENJUALAN] CASHIER FORM : calculateChangeValue, sisaBayar [0]
[ADMIN] [5/4/2017 00:06] [PENJUALAN] CASHIER FORM : PRODUCT PRICE REFRESHED
[ADMIN] [5/4/2017 00:06] [PENJUALAN] CASHIER FORM : REGISTER HOTKEY
[ADMIN] [5/4/2017 00:06] [PENJUALAN] CASHIER FORM : HOTKEY TO SAVE AND PRINT OUT INVOICE PRESSED
[ADMIN] [5/4/2017 00:06] [PENJUALAN] CASHIER FORM : UNREGISTER HOTKEY
[ADMIN] [5/4/2017 00:06] [PENJUALAN] CASHIER FORM : REGISTER HOTKEY
[ADMIN] [5/4/2017 00:06] [PENJUALAN] ATTEMPT TO SAVE AND PRINT OUT INVOICE
[ADMIN] [5/4/2017 00:06] [PENJUALAN] CASHIER FORM : UNREGISTER HOTKEY
[ADMIN] [5/4/2017 00:06] [PENJUALAN] CASHIER FORM : ATTEMPT TO SAVE SALES DATA [04-05-2017 00:06]
[ADMIN] [5/4/2017 00:06] [PENJUALAN] CASHIER FORM : SALES DISC FINAL [Rp1.000]
[ADMIN] [5/4/2017 00:06] [PENJUALAN] CASHIER FORM : CASH SALES
[ADMIN] [5/4/2017 00:07] [PENJUALAN] CASHIER FORM : MAX SALES INVOICE [4]
[ADMIN] [5/4/2017 00:07] [PENJUALAN] CASHIER FORM : SALES INVOICE [SQ-5]
[ADMIN] [5/4/2017 00:07] [PENJUALAN] INSERT INTO SALES QUOTATION HEADER [SQ-5]
[ADMIN] [5/4/2017 00:07] [PENJUALAN] INSERT INTO SALES QUOTATION DETAIL[RT002, 2000, 15]
[ADMIN] [5/4/2017 00:07] [PENJUALAN] TRANSACTION SAVED
[ADMIN] [5/4/2017 00:07] [PENJUALAN] SAVE DP PAYMENT TO PAYMENT CREDIT
[ADMIN] [5/4/2017 00:07] [PENJUALAN] PRINT OUT INVOICE
[ADMIN] [5/4/2017 00:07] [PENJUALAN] CASHIER FORM : PrintReceipt
[ADMIN] [5/4/2017 00:07] [PENJUALAN] CASHIER FORM : PrintReceipt, POS size Paper
[ADMIN] [5/4/2017 00:07] [PENJUALAN] CASHIER FORM : printDocument1_PrintPage, print POS size receipt
[ADMIN] [5/4/2017 00:07] [PENJUALAN] CASHIER FORM : calculatePageLength, totalLengthPage [369]
[ADMIN] [5/4/2017 00:07] [PENJUALAN] CASHIER FORM : printDocument1_PrintPage, print POS size receipt
[ADMIN] [5/4/2017 00:07] [PENJUALAN] CASHIER FORM : loadNamaUser
[ADMIN] [5/4/2017 00:07] [PENJUALAN] CASHIER FORM : REGISTER HOTKEY
[ADMIN] [5/4/2017 00:07] [PENJUALAN] CASHIER FORM : UNREGISTER HOTKEY
[ADMIN] [5/4/2017 00:07] [PENJUALAN] CASHIER FORM : UNREGISTER HOTKEY
[ADMIN] [5/4/2017 00:07] [PENJUALAN] CASHIER FORM : REGISTER HOTKEY
[ADMIN] [5/4/2017 00:07] [PENJUALAN] CASHIER FORM : cashierForm_Load, ATTEMPT TO LOAD NO FAKTUR
[ADMIN] [5/4/2017 00:07] [PENJUALAN] CASHIER FORM : loadNoFaktur, noFakturValue [SLO001]
[ADMIN] [5/4/2017 00:07] [PENJUALAN] CASHIER FORM : cashierForm_Load, ATTEMPT TO addColumnToDataGrid
[ADMIN] [5/4/2017 00:07] [PENJUALAN] CASHIER FORM : UPDATE ROW NUMBER, TOTAL ROW [1]
[ADMIN] [5/4/2017 00:07] [PENJUALAN] CASHIER FORM : cashierDataGridView_CellValueChanged [F8]
[ADMIN] [5/4/2017 00:07] [PENJUALAN] CASHIER FORM : ADD NEW ROW,  isActive [True]
[ADMIN] [5/4/2017 00:07] [PENJUALAN] CASHIER FORM : ADD NEW ROW,  ROW COUNT [1]
[ADMIN] [5/4/2017 00:07] [PENJUALAN] CASHIER FORM : ADD NEW ROW,  ALLOW TO ADD [True]
[ADMIN] [5/4/2017 00:07] [PENJUALAN] CASHIER FORM : UPDATE ROW NUMBER, TOTAL ROW [2]
[ADMIN] [5/4/2017 00:07] [PENJUALAN] CASHIER FORM : calculateChangeValue, bayarTextBox.Text [Rp5.000,00]
[ADMIN] [5/4/2017 00:07] [PENJUALAN] CASHIER FORM : calculateChangeValue, sisaBayar [0]
[ADMIN] [5/4/2017 00:07] [PENJUALAN] CASHIER FORM : REGISTER HOTKEY
[ADMIN] [5/4/2017 00:07] [PENJUALAN] CASHIER FORM : UNREGISTER HOTKEY
[ADMIN] [5/4/2017 00:08] [PENJUALAN] CASHIER FORM : REGISTER HOTKEY
[ADMIN] [5/4/2017 00:08] [PENJUALAN] CASHIER FORM : UNREGISTER HOTKEY
[ADMIN] [5/4/2017 00:08] [PENJUALAN] CASHIER FORM : REGISTER HOTKEY
[ADMIN] [5/4/2017 00:08] [PENJUALAN] ATTEMPT TO SAVE AND PRINT OUT INVOICE
[ADMIN] [5/4/2017 00:08] [PENJUALAN] CASHIER FORM : UNREGISTER HOTKEY
[ADMIN] [5/4/2017 00:08] [PENJUALAN] CASHIER FORM : ATTEMPT TO SAVE SALES DATA [04-05-2017 00:06]
[ADMIN] [5/4/2017 00:08] [PENJUALAN] CASHIER FORM : SALES DISC FINAL [1000]
[ADMIN] [5/4/2017 00:08] [PENJUALAN] CASHIER FORM : CASH SALES
[ADMIN] [5/4/2017 00:08] [PENJUALAN] UPDATE SALES QUOTATION HEADER [SQ-5]
[ADMIN] [5/4/2017 00:08] [PENJUALAN] CLEAR SALES_QUOTATION_DETAIL [SQ-5]
[ADMIN] [5/4/2017 00:08] [PENJUALAN] INSERT INTO SALES QUOTATION DETAIL[RT002, 2000, 15]
[ADMIN] [5/4/2017 00:08] [PENJUALAN] TRANSACTION SAVED
[ADMIN] [5/4/2017 00:08] [PENJUALAN] SAVE DP PAYMENT TO PAYMENT CREDIT
[ADMIN] [5/4/2017 00:08] [PENJUALAN] PRINT OUT INVOICE
[ADMIN] [5/4/2017 00:08] [PENJUALAN] CASHIER FORM : PrintReceipt
[ADMIN] [5/4/2017 00:08] [PENJUALAN] CASHIER FORM : PrintReceipt, POS size Paper
[ADMIN] [5/4/2017 00:08] [PENJUALAN] CASHIER FORM : printDocument1_PrintPage, print POS size receipt
[ADMIN] [5/4/2017 00:08] [PENJUALAN] CASHIER FORM : calculatePageLength, totalLengthPage [369]
[ADMIN] [5/4/2017 00:08] [PENJUALAN] CASHIER FORM : printDocument1_PrintPage, print POS size receipt
[ADMIN] [5/4/2017 00:08] [PENJUALAN] CASHIER FORM : loadNamaUser
[ADMIN] [5/4/2017 00:08] [PENJUALAN] CASHIER FORM : REGISTER HOTKEY
[ADMIN] [5/4/2017 00:08] [PENJUALAN] CASHIER FORM : UNREGISTER HOTKEY
[ADMIN] [5/4/2017 00:08] [PENJUALAN] CASHIER FORM : UNREGISTER HOTKEY
[ADMIN] [5/4/2017 00:08] [PENJUALAN] CASHIER FORM : REGISTER HOTKEY
[ADMIN] [5/4/2017 00:08] [PENJUALAN] CASHIER FORM : cashierForm_Load, ATTEMPT TO LOAD NO FAKTUR
[ADMIN] [5/4/2017 00:08] [PENJUALAN] CASHIER FORM : loadNoFaktur, noFakturValue [SLO001]
[ADMIN] [5/4/2017 00:08] [PENJUALAN] CASHIER FORM : cashierForm_Load, ATTEMPT TO addColumnToDataGrid
[ADMIN] [5/4/2017 00:08] [PENJUALAN] CASHIER FORM : UPDATE ROW NUMBER, TOTAL ROW [1]
[ADMIN] [5/4/2017 00:08] [PENJUALAN] CASHIER FORM : cashierDataGridView_CellValueChanged [F8]
[ADMIN] [5/4/2017 00:08] [PENJUALAN] CASHIER FORM : ADD NEW ROW,  isActive [True]
[ADMIN] [5/4/2017 00:08] [PENJUALAN] CASHIER FORM : ADD NEW ROW,  ROW COUNT [1]
[ADMIN] [5/4/2017 00:08] [PENJUALAN] CASHIER FORM : ADD NEW ROW,  ALLOW TO ADD [True]
[ADMIN] [5/4/2017 00:08] [PENJUALAN] CASHIER FORM : UPDATE ROW NUMBER, TOTAL ROW [2]
[ADMIN] [5/4/2017 00:08] [PENJUALAN] CASHIER FORM : calculateChangeValue, bayarTextBox.Text [0]
[ADMIN] [5/4/2017 00:08] [PENJUALAN] CASHIER FORM : calculateChangeValue, sisaBayar [0]
[ADMIN] [5/4/2017 00:08] [PENJUALAN] CASHIER FORM : REGISTER HOTKEY
[ADMIN] [5/4/2017 00:08] [PENJUALAN] CASHIER FORM : UNREGISTER HOTKEY
[ADMIN] [5/4/2017 00:08] [PENJUALAN] CASHIER FORM : REGISTER HOTKEY
[ADMIN] [5/4/2017 00:08] [PENJUALAN] CASHIER FORM : calculateChangeValue, bayarTextBox.Text [30]
[ADMIN] [5/4/2017 00:08] [PENJUALAN] CASHIER FORM : calculateChangeValue, sisaBayar [0]
[ADMIN] [5/4/2017 00:08] [PENJUALAN] CASHIER FORM : UNREGISTER HOTKEY
[ADMIN] [5/4/2017 00:08] [PENJUALAN] CASHIER FORM : REGISTER HOTKEY
[ADMIN] [5/4/2017 00:08] [PENJUALAN] CASHIER FORM : calculateChangeValue, bayarTextBox.Text [300]
[ADMIN] [5/4/2017 00:08] [PENJUALAN] CASHIER FORM : calculateChangeValue, sisaBayar [0]
[ADMIN] [5/4/2017 00:08] [PENJUALAN] CASHIER FORM : calculateChangeValue, bayarTextBox.Text [3000]
[ADMIN] [5/4/2017 00:08] [PENJUALAN] CASHIER FORM : calculateChangeValue, sisaBayar [0]
[ADMIN] [5/4/2017 00:08] [PENJUALAN] CASHIER FORM : calculateChangeValue, bayarTextBox.Text [30000]
[ADMIN] [5/4/2017 00:08] [PENJUALAN] CASHIER FORM : calculateChangeValue, sisaBayar [1000]
[ADMIN] [5/4/2017 00:08] [PENJUALAN] CASHIER FORM : UNREGISTER HOTKEY
[] [5/4/2017 00:13] [] USER = ADMIN IS ACTIVE
[ADMIN] [5/4/2017 00:13] [] USER ID = 1 LOGIN SUCCESSFULLY
[ADMIN] [5/4/2017 00:13] [] ACTIVATE USER ACCESS RIGHT
[ADMIN] [5/4/2017 00:13] [] DISPLAY ADMIN FORM
[ADMIN] [5/4/2017 00:13] [] adminForm Load
[ADMIN] [5/4/2017 00:13] [] ACTIVATE USER ACCESS RIGHT
[ADMIN] [5/4/2017 00:14] [PENJUALAN] CASHIER FORM : REGISTER HOTKEY
[ADMIN] [5/4/2017 00:14] [PENJUALAN] CASHIER FORM : cashierForm_Load, ATTEMPT TO LOAD NO FAKTUR
[ADMIN] [5/4/2017 00:14] [PENJUALAN] CASHIER FORM : loadNoFaktur, noFakturValue [SLO001]
[ADMIN] [5/4/2017 00:14] [PENJUALAN] CASHIER FORM : cashierForm_Load, ATTEMPT TO addColumnToDataGrid
[ADMIN] [5/4/2017 00:14] [PENJUALAN] CASHIER FORM : UPDATE ROW NUMBER, TOTAL ROW [1]
[ADMIN] [5/4/2017 00:14] [PENJUALAN] CASHIER FORM : cashierDataGridView_CellValueChanged [F8]
[ADMIN] [5/4/2017 00:14] [PENJUALAN] CASHIER FORM : ADD NEW ROW,  isActive [True]
[ADMIN] [5/4/2017 00:14] [PENJUALAN] CASHIER FORM : ADD NEW ROW,  ROW COUNT [1]
[ADMIN] [5/4/2017 00:14] [PENJUALAN] CASHIER FORM : ADD NEW ROW,  ALLOW TO ADD [True]
[ADMIN] [5/4/2017 00:14] [PENJUALAN] CASHIER FORM : UPDATE ROW NUMBER, TOTAL ROW [2]
[ADMIN] [5/4/2017 00:14] [PENJUALAN] CASHIER FORM : calculateChangeValue, bayarTextBox.Text [0]
[ADMIN] [5/4/2017 00:14] [PENJUALAN] CASHIER FORM : calculateChangeValue, sisaBayar [0]
[ADMIN] [5/4/2017 00:14] [PENJUALAN] CASHIER FORM : REGISTER HOTKEY
[ADMIN] [5/4/2017 00:14] [PENJUALAN] CASHIER FORM : UNREGISTER HOTKEY
[ADMIN] [5/4/2017 00:14] [PENJUALAN] CASHIER FORM : REGISTER HOTKEY
[ADMIN] [5/4/2017 00:14] [PENJUALAN] CASHIER FORM : calculateChangeValue, bayarTextBox.Text [30]
[ADMIN] [5/4/2017 00:14] [PENJUALAN] CASHIER FORM : calculateChangeValue, sisaBayar [0]
[ADMIN] [5/4/2017 00:14] [PENJUALAN] CASHIER FORM : calculateChangeValue, bayarTextBox.Text [300]
[ADMIN] [5/4/2017 00:14] [PENJUALAN] CASHIER FORM : calculateChangeValue, sisaBayar [0]
[ADMIN] [5/4/2017 00:14] [PENJUALAN] CASHIER FORM : calculateChangeValue, bayarTextBox.Text [3000]
[ADMIN] [5/4/2017 00:14] [PENJUALAN] CASHIER FORM : calculateChangeValue, sisaBayar [0]
[ADMIN] [5/4/2017 00:14] [PENJUALAN] CASHIER FORM : calculateChangeValue, bayarTextBox.Text [30000]
[ADMIN] [5/4/2017 00:14] [PENJUALAN] CASHIER FORM : calculateChangeValue, sisaBayar [-4000]
[ADMIN] [5/4/2017 00:14] [PENJUALAN] CASHIER FORM : calculateChangeValue, bayarTextBox.Text [300000]
[ADMIN] [5/4/2017 00:14] [PENJUALAN] CASHIER FORM : calculateChangeValue, sisaBayar [266000]
[ADMIN] [5/4/2017 00:14] [PENJUALAN] CASHIER FORM : calculateChangeValue, bayarTextBox.Text [30000]
[ADMIN] [5/4/2017 00:14] [PENJUALAN] CASHIER FORM : calculateChangeValue, sisaBayar [-4000]
[ADMIN] [5/4/2017 00:14] [PENJUALAN] CASHIER FORM : calculateChangeValue, bayarTextBox.Text [3000]
[ADMIN] [5/4/2017 00:14] [PENJUALAN] CASHIER FORM : calculateChangeValue, sisaBayar [0]
[ADMIN] [5/4/2017 00:14] [PENJUALAN] CASHIER FORM : calculateChangeValue, bayarTextBox.Text [300]
[ADMIN] [5/4/2017 00:14] [PENJUALAN] CASHIER FORM : calculateChangeValue, sisaBayar [0]
[ADMIN] [5/4/2017 00:14] [PENJUALAN] CASHIER FORM : calculateChangeValue, bayarTextBox.Text [30]
[ADMIN] [5/4/2017 00:14] [PENJUALAN] CASHIER FORM : calculateChangeValue, sisaBayar [0]
[ADMIN] [5/4/2017 00:14] [PENJUALAN] CASHIER FORM : calculateChangeValue, bayarTextBox.Text [3]
[ADMIN] [5/4/2017 00:14] [PENJUALAN] CASHIER FORM : calculateChangeValue, sisaBayar [0]
[ADMIN] [5/4/2017 00:14] [PENJUALAN] CASHIER FORM : UNREGISTER HOTKEY
[ADMIN] [5/4/2017 00:14] [PENJUALAN] CASHIER FORM : REGISTER HOTKEY
[ADMIN] [5/4/2017 00:14] [PENJUALAN] CASHIER FORM : calculateChangeValue, bayarTextBox.Text [30]
[ADMIN] [5/4/2017 00:14] [PENJUALAN] CASHIER FORM : calculateChangeValue, sisaBayar [0]
[ADMIN] [5/4/2017 00:14] [PENJUALAN] CASHIER FORM : UNREGISTER HOTKEY
[ADMIN] [5/4/2017 00:14] [PENJUALAN] CASHIER FORM : REGISTER HOTKEY
[ADMIN] [5/4/2017 00:14] [PENJUALAN] CASHIER FORM : calculateChangeValue, bayarTextBox.Text [300]
[ADMIN] [5/4/2017 00:14] [PENJUALAN] CASHIER FORM : calculateChangeValue, sisaBayar [0]
[ADMIN] [5/4/2017 00:14] [PENJUALAN] CASHIER FORM : UNREGISTER HOTKEY
[ADMIN] [5/4/2017 00:14] [PENJUALAN] CASHIER FORM : REGISTER HOTKEY
[ADMIN] [5/4/2017 00:14] [PENJUALAN] CASHIER FORM : calculateChangeValue, bayarTextBox.Text [3000]
[ADMIN] [5/4/2017 00:14] [PENJUALAN] CASHIER FORM : calculateChangeValue, sisaBayar [0]
[ADMIN] [5/4/2017 00:14] [PENJUALAN] CASHIER FORM : UNREGISTER HOTKEY
[ADMIN] [5/4/2017 00:14] [PENJUALAN] CASHIER FORM : REGISTER HOTKEY
[ADMIN] [5/4/2017 00:15] [PENJUALAN] CASHIER FORM : calculateChangeValue, bayarTextBox.Text [30000]
[ADMIN] [5/4/2017 00:15] [PENJUALAN] CASHIER FORM : calculateChangeValue, sisaBayar [-4000]
[ADMIN] [5/4/2017 00:15] [PENJUALAN] CASHIER FORM : UNREGISTER HOTKEY
[ADMIN] [5/4/2017 00:15] [PENJUALAN] CASHIER FORM : REGISTER HOTKEY
[ADMIN] [5/4/2017 00:15] [PENJUALAN] CASHIER FORM : calculateChangeValue, bayarTextBox.Text [3000]
[ADMIN] [5/4/2017 00:15] [PENJUALAN] CASHIER FORM : calculateChangeValue, sisaBayar [0]
[ADMIN] [5/4/2017 00:15] [PENJUALAN] CASHIER FORM : UNREGISTER HOTKEY
[ADMIN] [5/4/2017 00:15] [PENJUALAN] CASHIER FORM : REGISTER HOTKEY
[ADMIN] [5/4/2017 00:15] [PENJUALAN] CASHIER FORM : calculateChangeValue, bayarTextBox.Text [30000]
[ADMIN] [5/4/2017 00:15] [PENJUALAN] CASHIER FORM : calculateChangeValue, sisaBayar [6000]
[ADMIN] [5/4/2017 00:15] [PENJUALAN] CASHIER FORM : UNREGISTER HOTKEY
[ADMIN] [5/4/2017 00:15] [PENJUALAN] CASHIER FORM : REGISTER HOTKEY
[ADMIN] [5/4/2017 00:15] [PENJUALAN] CASHIER FORM : HOTKEY TO SAVE AND PRINT OUT INVOICE PRESSED
[ADMIN] [5/4/2017 00:15] [PENJUALAN] CASHIER FORM : UNREGISTER HOTKEY
[ADMIN] [5/4/2017 00:15] [PENJUALAN] CASHIER FORM : REGISTER HOTKEY
[ADMIN] [5/4/2017 00:15] [PENJUALAN] ATTEMPT TO SAVE AND PRINT OUT INVOICE
[ADMIN] [5/4/2017 00:15] [PENJUALAN] CASHIER FORM : UNREGISTER HOTKEY
[ADMIN] [5/4/2017 00:15] [PENJUALAN] CASHIER FORM : ATTEMPT TO SAVE SALES DATA [04-05-2017 00:06]
[ADMIN] [5/4/2017 00:15] [PENJUALAN] CASHIER FORM : SALES DISC FINAL [1000]
[ADMIN] [5/4/2017 00:15] [PENJUALAN] CASHIER FORM : CASH SALES
[ADMIN] [5/4/2017 00:16] [PENJUALAN] CHECK IF TAX LIMIT SET FOR PERCENTAGE PURCHASE [0]
[ADMIN] [5/4/2017 00:16] [PENJUALAN] CHECK IF TAX LIMIT SET FOR AVERAGE DAILY PURCHASE [0]
[ADMIN] [5/4/2017 00:16] [PENJUALAN] CASHIER FORM : NO FAKTUR [SLO001]
[ADMIN] [5/4/2017 00:16] [PENJUALAN] CASHIER FORM : MAX SALES INVOICE [3]
[ADMIN] [5/4/2017 00:16] [PENJUALAN] CASHIER FORM : SALES INVOICE [SLO001-4]
[ADMIN] [5/4/2017 00:16] [PENJUALAN] INSERT INTO SALES HEADER [SLO001-4]
[ADMIN] [5/4/2017 00:16] [PENJUALAN] INSERT INTO SALES DETAIL[RT002, 2000, 15]
[ADMIN] [5/4/2017 00:16] [PENJUALAN] REDUCE STOCK AT MASTER PRODUCT [RT002]
[ADMIN] [5/4/2017 00:16] [PENJUALAN] UPDATE CUSTOMER PRODUCT DISC [RT002]
[ADMIN] [5/4/2017 00:17] [PENJUALAN] INSERT TO CREDIT TABLE [SLO001-4]
[ADMIN] [5/4/2017 00:17] [PENJUALAN] INSERT TO DAILY JOURNAL TABLE [24000]
[ADMIN] [5/4/2017 00:17] [PENJUALAN] CASHIER FORM : REGISTER HOTKEY
[ADMIN] [5/4/2017 00:17] [PENJUALAN] TRANSACTION SAVED
[ADMIN] [5/4/2017 00:18] [PENJUALAN] CASHIER FORM : UNREGISTER HOTKEY
[ADMIN] [5/4/2017 00:18] [PENJUALAN] CASHIER FORM : REGISTER HOTKEY
[ADMIN] [5/4/2017 00:18] [PENJUALAN] CASHIER FORM : UNREGISTER HOTKEY
[ADMIN] [5/4/2017 00:18] [PENJUALAN] CASHIER FORM : REGISTER HOTKEY
[ADMIN] [5/4/2017 00:18] [PENJUALAN] SQ [SQ-5] SET TO COMPLETE
[ADMIN] [5/4/2017 00:18] [PENJUALAN] CASHIER FORM : UNREGISTER HOTKEY
[] [5/4/2017 00:25] [] USER = ADMIN IS ACTIVE
[ADMIN] [5/4/2017 00:25] [] USER ID = 1 LOGIN SUCCESSFULLY
[ADMIN] [5/4/2017 00:25] [] ACTIVATE USER ACCESS RIGHT
[ADMIN] [5/4/2017 00:25] [] DISPLAY ADMIN FORM
[ADMIN] [5/4/2017 00:25] [] adminForm Load
[ADMIN] [5/4/2017 00:25] [] ACTIVATE USER ACCESS RIGHT
[ADMIN] [5/4/2017 00:25] [PENJUALAN] CASHIER FORM : REGISTER HOTKEY
[ADMIN] [5/4/2017 00:25] [PENJUALAN] CASHIER FORM : cashierForm_Load, ATTEMPT TO LOAD NO FAKTUR
[ADMIN] [5/4/2017 00:25] [PENJUALAN] CASHIER FORM : loadNoFaktur, noFakturValue [SLO001]
[ADMIN] [5/4/2017 00:25] [PENJUALAN] CASHIER FORM : cashierForm_Load, ATTEMPT TO addColumnToDataGrid
[ADMIN] [5/4/2017 00:25] [PENJUALAN] CASHIER FORM : UPDATE ROW NUMBER, TOTAL ROW [1]
[ADMIN] [5/4/2017 00:25] [PENJUALAN] CASHIER FORM : cashierDataGridView_CellValueChanged [F8]
[ADMIN] [5/4/2017 00:25] [PENJUALAN] CASHIER FORM : ADD NEW ROW,  isActive [True]
[ADMIN] [5/4/2017 00:25] [PENJUALAN] CASHIER FORM : ADD NEW ROW,  ROW COUNT [1]
[ADMIN] [5/4/2017 00:25] [PENJUALAN] CASHIER FORM : ADD NEW ROW,  ALLOW TO ADD [True]
[ADMIN] [5/4/2017 00:25] [PENJUALAN] CASHIER FORM : UPDATE ROW NUMBER, TOTAL ROW [2]
[ADMIN] [5/4/2017 00:25] [PENJUALAN] CASHIER FORM : calculateChangeValue, bayarTextBox.Text [0]
[ADMIN] [5/4/2017 00:25] [PENJUALAN] CASHIER FORM : calculateChangeValue, sisaBayar [0]
[ADMIN] [5/4/2017 00:25] [PENJUALAN] CASHIER FORM : REGISTER HOTKEY
[ADMIN] [5/4/2017 00:25] [PENJUALAN] CASHIER FORM : UNREGISTER HOTKEY
[ADMIN] [5/4/2017 00:25] [PENJUALAN] CASHIER FORM : REGISTER HOTKEY
[ADMIN] [5/4/2017 00:25] [PENJUALAN] CASHIER FORM : HOTKEY TO SAVE AND PRINT OUT INVOICE PRESSED
[ADMIN] [5/4/2017 00:25] [PENJUALAN] CASHIER FORM : UNREGISTER HOTKEY
[ADMIN] [5/4/2017 00:25] [PENJUALAN] CASHIER FORM : REGISTER HOTKEY
[ADMIN] [5/4/2017 00:25] [PENJUALAN] ATTEMPT TO SAVE AND PRINT OUT INVOICE
[ADMIN] [5/4/2017 00:26] [PENJUALAN] CASHIER FORM : calculateChangeValue, bayarTextBox.Text [0]
[ADMIN] [5/4/2017 00:26] [PENJUALAN] CASHIER FORM : calculateChangeValue, sisaBayar [0]
[ADMIN] [5/4/2017 00:26] [PENJUALAN] CASHIER FORM : UNREGISTER HOTKEY
[ADMIN] [5/4/2017 00:26] [PENJUALAN] CASHIER FORM : REGISTER HOTKEY
[ADMIN] [5/4/2017 00:26] [PENJUALAN] CASHIER FORM : calculateChangeValue, bayarTextBox.Text [3]
[ADMIN] [5/4/2017 00:26] [PENJUALAN] CASHIER FORM : calculateChangeValue, sisaBayar [0]
[ADMIN] [5/4/2017 00:26] [PENJUALAN] CASHIER FORM : UNREGISTER HOTKEY
[ADMIN] [5/4/2017 00:26] [PENJUALAN] CASHIER FORM : REGISTER HOTKEY
[ADMIN] [5/4/2017 00:26] [PENJUALAN] CASHIER FORM : calculateChangeValue, bayarTextBox.Text [30]
[ADMIN] [5/4/2017 00:26] [PENJUALAN] CASHIER FORM : calculateChangeValue, sisaBayar [0]
[ADMIN] [5/4/2017 00:26] [PENJUALAN] CASHIER FORM : calculateChangeValue, bayarTextBox.Text [300]
[ADMIN] [5/4/2017 00:26] [PENJUALAN] CASHIER FORM : calculateChangeValue, sisaBayar [0]
[ADMIN] [5/4/2017 00:26] [PENJUALAN] CASHIER FORM : calculateChangeValue, bayarTextBox.Text [3000]
[ADMIN] [5/4/2017 00:26] [PENJUALAN] CASHIER FORM : calculateChangeValue, sisaBayar [0]
[ADMIN] [5/4/2017 00:26] [PENJUALAN] CASHIER FORM : calculateChangeValue, bayarTextBox.Text [30000]
[ADMIN] [5/4/2017 00:26] [PENJUALAN] CASHIER FORM : calculateChangeValue, sisaBayar [6000]
[ADMIN] [5/4/2017 00:26] [PENJUALAN] CASHIER FORM : HOTKEY TO SAVE AND PRINT OUT INVOICE PRESSED
[ADMIN] [5/4/2017 00:26] [PENJUALAN] CASHIER FORM : UNREGISTER HOTKEY
[ADMIN] [5/4/2017 00:27] [PENJUALAN] CASHIER FORM : REGISTER HOTKEY
[ADMIN] [5/4/2017 00:27] [PENJUALAN] ATTEMPT TO SAVE AND PRINT OUT INVOICE
[ADMIN] [5/4/2017 00:27] [PENJUALAN] CASHIER FORM : UNREGISTER HOTKEY
[ADMIN] [5/4/2017 00:27] [PENJUALAN] CASHIER FORM : ATTEMPT TO SAVE SALES DATA [04-05-2017 00:06]
[ADMIN] [5/4/2017 00:27] [PENJUALAN] CASHIER FORM : SALES DISC FINAL [1000]
[ADMIN] [5/4/2017 00:27] [PENJUALAN] CASHIER FORM : CASH SALES
[ADMIN] [5/4/2017 00:27] [PENJUALAN] CHECK IF TAX LIMIT SET FOR PERCENTAGE PURCHASE [0]
[ADMIN] [5/4/2017 00:27] [PENJUALAN] CHECK IF TAX LIMIT SET FOR AVERAGE DAILY PURCHASE [0]
[ADMIN] [5/4/2017 00:27] [PENJUALAN] CASHIER FORM : NO FAKTUR [SLO001]
[ADMIN] [5/4/2017 00:27] [PENJUALAN] CASHIER FORM : MAX SALES INVOICE [3]
[ADMIN] [5/4/2017 00:27] [PENJUALAN] CASHIER FORM : SALES INVOICE [SLO001-4]
[ADMIN] [5/4/2017 00:27] [PENJUALAN] INSERT INTO SALES HEADER [SLO001-4]
[ADMIN] [5/4/2017 00:27] [PENJUALAN] INSERT INTO SALES DETAIL[RT002, 2000, 15]
[ADMIN] [5/4/2017 00:27] [PENJUALAN] REDUCE STOCK AT MASTER PRODUCT [RT002]
[ADMIN] [5/4/2017 00:27] [PENJUALAN] UPDATE CUSTOMER PRODUCT DISC [RT002]
[ADMIN] [5/4/2017 00:27] [PENJUALAN] INSERT TO CREDIT TABLE [SLO001-4]
[ADMIN] [5/4/2017 00:27] [PENJUALAN] INSERT TO DAILY JOURNAL TABLE [24000]
[ADMIN] [5/4/2017 00:27] [PENJUALAN] TRANSACTION SAVED
[ADMIN] [5/4/2017 00:27] [PENJUALAN] SQ [SQ-5] SET TO COMPLETE
[ADMIN] [5/4/2017 00:27] [PENJUALAN] PRINT OUT INVOICE
[ADMIN] [5/4/2017 00:27] [PENJUALAN] CASHIER FORM : PrintReceipt
[ADMIN] [5/4/2017 00:27] [PENJUALAN] CASHIER FORM : PrintReceipt, POS size Paper
[ADMIN] [5/4/2017 00:27] [PENJUALAN] CASHIER FORM : printDocument1_PrintPage, print POS size receipt
[ADMIN] [5/4/2017 00:27] [PENJUALAN] CASHIER FORM : calculatePageLength, totalLengthPage [369]
[ADMIN] [5/4/2017 00:27] [PENJUALAN] CASHIER FORM : printDocument1_PrintPage, print POS size receipt
[ADMIN] [5/4/2017 00:27] [PENJUALAN] CASHIER FORM : loadNamaUser
[] [5/4/2017 00:31] [] USER = ADMIN IS ACTIVE
[ADMIN] [5/4/2017 00:31] [] USER ID = 1 LOGIN SUCCESSFULLY
[ADMIN] [5/4/2017 00:31] [] ACTIVATE USER ACCESS RIGHT
[ADMIN] [5/4/2017 00:31] [] DISPLAY ADMIN FORM
[ADMIN] [5/4/2017 00:31] [] adminForm Load
[ADMIN] [5/4/2017 00:31] [] ACTIVATE USER ACCESS RIGHT
[ADMIN] [5/4/2017 00:31] [PENJUALAN] CASHIER FORM : REGISTER HOTKEY
[ADMIN] [5/4/2017 00:31] [PENJUALAN] CASHIER FORM : cashierForm_Load, ATTEMPT TO LOAD NO FAKTUR
[ADMIN] [5/4/2017 00:31] [PENJUALAN] CASHIER FORM : loadNoFaktur, noFakturValue [SLO001]
[ADMIN] [5/4/2017 00:31] [PENJUALAN] CASHIER FORM : cashierForm_Load, ATTEMPT TO addColumnToDataGrid
[ADMIN] [5/4/2017 00:31] [PENJUALAN] CASHIER FORM : UPDATE ROW NUMBER, TOTAL ROW [1]
[ADMIN] [5/4/2017 00:31] [PENJUALAN] CASHIER FORM : cashierDataGridView_CellValueChanged [F8]
[ADMIN] [5/4/2017 00:31] [PENJUALAN] CASHIER FORM : ADD NEW ROW,  isActive [True]
[ADMIN] [5/4/2017 00:31] [PENJUALAN] CASHIER FORM : ADD NEW ROW,  ROW COUNT [1]
[ADMIN] [5/4/2017 00:31] [PENJUALAN] CASHIER FORM : ADD NEW ROW,  ALLOW TO ADD [True]
[ADMIN] [5/4/2017 00:31] [PENJUALAN] CASHIER FORM : UPDATE ROW NUMBER, TOTAL ROW [2]
[ADMIN] [5/4/2017 00:31] [PENJUALAN] CASHIER FORM : calculateChangeValue, bayarTextBox.Text [0]
[ADMIN] [5/4/2017 00:31] [PENJUALAN] CASHIER FORM : calculateChangeValue, sisaBayar [0]
[ADMIN] [5/4/2017 00:31] [PENJUALAN] CASHIER FORM : REGISTER HOTKEY
[ADMIN] [5/4/2017 00:31] [PENJUALAN] CASHIER FORM : UNREGISTER HOTKEY
[ADMIN] [5/4/2017 00:31] [PENJUALAN] CASHIER FORM : REGISTER HOTKEY
[ADMIN] [5/4/2017 00:31] [PENJUALAN] CASHIER FORM : calculateChangeValue, bayarTextBox.Text [30]
[ADMIN] [5/4/2017 00:31] [PENJUALAN] CASHIER FORM : calculateChangeValue, sisaBayar [0]
[ADMIN] [5/4/2017 00:31] [PENJUALAN] CASHIER FORM : calculateChangeValue, bayarTextBox.Text [300]
[ADMIN] [5/4/2017 00:31] [PENJUALAN] CASHIER FORM : calculateChangeValue, sisaBayar [0]
[ADMIN] [5/4/2017 00:31] [PENJUALAN] CASHIER FORM : calculateChangeValue, bayarTextBox.Text [3000]
[ADMIN] [5/4/2017 00:31] [PENJUALAN] CASHIER FORM : calculateChangeValue, sisaBayar [0]
[ADMIN] [5/4/2017 00:31] [PENJUALAN] CASHIER FORM : calculateChangeValue, bayarTextBox.Text [30000]
[ADMIN] [5/4/2017 00:31] [PENJUALAN] CASHIER FORM : calculateChangeValue, sisaBayar [6000]
[ADMIN] [5/4/2017 00:31] [PENJUALAN] CASHIER FORM : HOTKEY TO SAVE AND PRINT OUT INVOICE PRESSED
[ADMIN] [5/4/2017 00:31] [PENJUALAN] CASHIER FORM : UNREGISTER HOTKEY
[ADMIN] [5/4/2017 00:31] [PENJUALAN] CASHIER FORM : REGISTER HOTKEY
[ADMIN] [5/4/2017 00:31] [PENJUALAN] ATTEMPT TO SAVE AND PRINT OUT INVOICE
[ADMIN] [5/4/2017 00:31] [PENJUALAN] CASHIER FORM : UNREGISTER HOTKEY
[ADMIN] [5/4/2017 00:31] [PENJUALAN] CASHIER FORM : ATTEMPT TO SAVE SALES DATA [04-05-2017 00:06]
[ADMIN] [5/4/2017 00:31] [PENJUALAN] CASHIER FORM : SALES DISC FINAL [1000]
[ADMIN] [5/4/2017 00:31] [PENJUALAN] CASHIER FORM : CASH SALES
[ADMIN] [5/4/2017 00:31] [PENJUALAN] CHECK IF TAX LIMIT SET FOR PERCENTAGE PURCHASE [0]
[ADMIN] [5/4/2017 00:31] [PENJUALAN] CHECK IF TAX LIMIT SET FOR AVERAGE DAILY PURCHASE [0]
[ADMIN] [5/4/2017 00:31] [PENJUALAN] CASHIER FORM : NO FAKTUR [SLO001]
[ADMIN] [5/4/2017 00:31] [PENJUALAN] CASHIER FORM : MAX SALES INVOICE [3]
[ADMIN] [5/4/2017 00:31] [PENJUALAN] CASHIER FORM : SALES INVOICE [SLO001-4]
[ADMIN] [5/4/2017 00:31] [PENJUALAN] INSERT INTO SALES HEADER [SLO001-4]
[ADMIN] [5/4/2017 00:31] [PENJUALAN] INSERT INTO SALES DETAIL[RT002, 2000, 15]
[ADMIN] [5/4/2017 00:31] [PENJUALAN] REDUCE STOCK AT MASTER PRODUCT [RT002]
[ADMIN] [5/4/2017 00:31] [PENJUALAN] UPDATE CUSTOMER PRODUCT DISC [RT002]
[ADMIN] [5/4/2017 00:31] [PENJUALAN] INSERT TO CREDIT TABLE [SLO001-4]
[ADMIN] [5/4/2017 00:31] [PENJUALAN] INSERT TO DAILY JOURNAL TABLE [24000]
[ADMIN] [5/4/2017 00:31] [PENJUALAN] TRANSACTION SAVED
[ADMIN] [5/4/2017 00:31] [PENJUALAN] SQ [SQ-5] SET TO COMPLETE
[ADMIN] [5/4/2017 00:31] [PENJUALAN] PRINT OUT INVOICE
[ADMIN] [5/4/2017 00:31] [PENJUALAN] CASHIER FORM : PrintReceipt
[ADMIN] [5/4/2017 00:31] [PENJUALAN] CASHIER FORM : PrintReceipt, POS size Paper
[ADMIN] [5/4/2017 00:31] [PENJUALAN] CASHIER FORM : printDocument1_PrintPage, print POS size receipt
[ADMIN] [5/4/2017 00:31] [PENJUALAN] CASHIER FORM : calculatePageLength, totalLengthPage [369]
[ADMIN] [5/4/2017 00:31] [PENJUALAN] CASHIER FORM : printDocument1_PrintPage, print POS size receipt
[ADMIN] [5/4/2017 00:31] [PENJUALAN] CASHIER FORM : loadNamaUser
[] [5/4/2017 00:35] [] USER = ADMIN IS ACTIVE
[ADMIN] [5/4/2017 00:35] [] USER ID = 1 LOGIN SUCCESSFULLY
[ADMIN] [5/4/2017 00:35] [] ACTIVATE USER ACCESS RIGHT
[ADMIN] [5/4/2017 00:35] [] DISPLAY ADMIN FORM
[ADMIN] [5/4/2017 00:35] [] adminForm Load
[ADMIN] [5/4/2017 00:35] [] ACTIVATE USER ACCESS RIGHT
[ADMIN] [5/4/2017 00:36] [PENJUALAN] CASHIER FORM : REGISTER HOTKEY
[ADMIN] [5/4/2017 00:36] [PENJUALAN] CASHIER FORM : cashierForm_Load, ATTEMPT TO LOAD NO FAKTUR
[ADMIN] [5/4/2017 00:36] [PENJUALAN] CASHIER FORM : loadNoFaktur, noFakturValue [SLO001]
[ADMIN] [5/4/2017 00:36] [PENJUALAN] CASHIER FORM : cashierForm_Load, ATTEMPT TO addColumnToDataGrid
[ADMIN] [5/4/2017 00:36] [PENJUALAN] CASHIER FORM : UPDATE ROW NUMBER, TOTAL ROW [1]
[ADMIN] [5/4/2017 00:36] [PENJUALAN] CASHIER FORM : cashierDataGridView_CellValueChanged [F8]
[ADMIN] [5/4/2017 00:36] [PENJUALAN] CASHIER FORM : ADD NEW ROW,  isActive [True]
[ADMIN] [5/4/2017 00:36] [PENJUALAN] CASHIER FORM : ADD NEW ROW,  ROW COUNT [1]
[ADMIN] [5/4/2017 00:36] [PENJUALAN] CASHIER FORM : ADD NEW ROW,  ALLOW TO ADD [True]
[ADMIN] [5/4/2017 00:36] [PENJUALAN] CASHIER FORM : UPDATE ROW NUMBER, TOTAL ROW [2]
[ADMIN] [5/4/2017 00:36] [PENJUALAN] CASHIER FORM : calculateChangeValue, bayarTextBox.Text [0]
[ADMIN] [5/4/2017 00:36] [PENJUALAN] CASHIER FORM : calculateChangeValue, sisaBayar [0]
[ADMIN] [5/4/2017 00:36] [PENJUALAN] CASHIER FORM : REGISTER HOTKEY
[ADMIN] [5/4/2017 00:36] [PENJUALAN] CASHIER FORM : UNREGISTER HOTKEY
[ADMIN] [5/4/2017 00:36] [PENJUALAN] CASHIER FORM : REGISTER HOTKEY
[ADMIN] [5/4/2017 00:36] [PENJUALAN] CASHIER FORM : calculateChangeValue, bayarTextBox.Text [30]
[ADMIN] [5/4/2017 00:36] [PENJUALAN] CASHIER FORM : calculateChangeValue, sisaBayar [0]
[ADMIN] [5/4/2017 00:36] [PENJUALAN] CASHIER FORM : calculateChangeValue, bayarTextBox.Text [300]
[ADMIN] [5/4/2017 00:36] [PENJUALAN] CASHIER FORM : calculateChangeValue, sisaBayar [0]
[ADMIN] [5/4/2017 00:36] [PENJUALAN] CASHIER FORM : calculateChangeValue, bayarTextBox.Text [3000]
[ADMIN] [5/4/2017 00:36] [PENJUALAN] CASHIER FORM : calculateChangeValue, sisaBayar [0]
[ADMIN] [5/4/2017 00:36] [PENJUALAN] CASHIER FORM : calculateChangeValue, bayarTextBox.Text [30000]
[ADMIN] [5/4/2017 00:36] [PENJUALAN] CASHIER FORM : calculateChangeValue, sisaBayar [6000]
[ADMIN] [5/4/2017 00:36] [PENJUALAN] CASHIER FORM : HOTKEY TO SAVE AND PRINT OUT INVOICE PRESSED
[ADMIN] [5/4/2017 00:36] [PENJUALAN] CASHIER FORM : UNREGISTER HOTKEY
[ADMIN] [5/4/2017 00:36] [PENJUALAN] CASHIER FORM : REGISTER HOTKEY
[ADMIN] [5/4/2017 00:36] [PENJUALAN] ATTEMPT TO SAVE AND PRINT OUT INVOICE
[ADMIN] [5/4/2017 00:36] [PENJUALAN] CASHIER FORM : UNREGISTER HOTKEY
[ADMIN] [5/4/2017 00:36] [PENJUALAN] CASHIER FORM : ATTEMPT TO SAVE SALES DATA [04-05-2017 00:06]
[ADMIN] [5/4/2017 00:36] [PENJUALAN] CASHIER FORM : SALES DISC FINAL [1000]
[ADMIN] [5/4/2017 00:36] [PENJUALAN] CASHIER FORM : CASH SALES
[ADMIN] [5/4/2017 00:36] [PENJUALAN] CHECK IF TAX LIMIT SET FOR PERCENTAGE PURCHASE [0]
[ADMIN] [5/4/2017 00:36] [PENJUALAN] CHECK IF TAX LIMIT SET FOR AVERAGE DAILY PURCHASE [0]
[ADMIN] [5/4/2017 00:36] [PENJUALAN] CASHIER FORM : NO FAKTUR [SLO001]
[ADMIN] [5/4/2017 00:36] [PENJUALAN] CASHIER FORM : MAX SALES INVOICE [3]
[ADMIN] [5/4/2017 00:36] [PENJUALAN] CASHIER FORM : SALES INVOICE [SLO001-4]
[ADMIN] [5/4/2017 00:36] [PENJUALAN] INSERT INTO SALES HEADER [SLO001-4]
[ADMIN] [5/4/2017 00:36] [PENJUALAN] INSERT INTO SALES DETAIL[RT002, 2000, 15]
[ADMIN] [5/4/2017 00:36] [PENJUALAN] REDUCE STOCK AT MASTER PRODUCT [RT002]
[ADMIN] [5/4/2017 00:36] [PENJUALAN] UPDATE CUSTOMER PRODUCT DISC [RT002]
[ADMIN] [5/4/2017 00:36] [PENJUALAN] INSERT TO CREDIT TABLE [SLO001-4]
[ADMIN] [5/4/2017 00:36] [PENJUALAN] INSERT TO DAILY JOURNAL TABLE [24000]
[ADMIN] [5/4/2017 00:36] [PENJUALAN] TRANSACTION SAVED
[ADMIN] [5/4/2017 00:36] [PENJUALAN] SQ [SQ-5] SET TO COMPLETE
[ADMIN] [5/4/2017 00:36] [PENJUALAN] PRINT OUT INVOICE
[ADMIN] [5/4/2017 00:36] [PENJUALAN] CASHIER FORM : PrintReceipt
[ADMIN] [5/4/2017 00:36] [PENJUALAN] CASHIER FORM : PrintReceipt, POS size Paper
[ADMIN] [5/4/2017 00:36] [PENJUALAN] CASHIER FORM : printDocument1_PrintPage, print POS size receipt
[ADMIN] [5/4/2017 00:36] [PENJUALAN] CASHIER FORM : calculatePageLength, totalLengthPage [411]
[ADMIN] [5/4/2017 00:36] [PENJUALAN] CASHIER FORM : printDocument1_PrintPage, print POS size receipt
[ADMIN] [5/4/2017 00:36] [PENJUALAN] CASHIER FORM : loadNamaUser
[ADMIN] [5/4/2017 00:36] [PENJUALAN] CASHIER FORM : UPDATE ROW NUMBER, TOTAL ROW [1]
[] [5/4/2017 00:38] [] USER = ADMIN IS ACTIVE
[ADMIN] [5/4/2017 00:38] [] USER ID = 1 LOGIN SUCCESSFULLY
[ADMIN] [5/4/2017 00:38] [] ACTIVATE USER ACCESS RIGHT
[ADMIN] [5/4/2017 00:38] [] DISPLAY ADMIN FORM
[ADMIN] [5/4/2017 00:38] [] adminForm Load
[ADMIN] [5/4/2017 00:38] [] ACTIVATE USER ACCESS RIGHT
[] [5/4/2017 13:44] [] USER = ADMIN IS ACTIVE
[ADMIN] [5/4/2017 13:44] [] USER ID = 1 LOGIN SUCCESSFULLY
[ADMIN] [5/4/2017 13:44] [] ACTIVATE USER ACCESS RIGHT
[ADMIN] [5/4/2017 13:44] [] DISPLAY ADMIN FORM
[ADMIN] [5/4/2017 13:44] [] adminForm Load
[ADMIN] [5/4/2017 13:44] [] ACTIVATE USER ACCESS RIGHT
[] [5/4/2017 13:47] [] USER = ADMIN IS ACTIVE
[ADMIN] [5/4/2017 13:47] [] USER ID = 1 LOGIN SUCCESSFULLY
[ADMIN] [5/4/2017 13:47] [] ACTIVATE USER ACCESS RIGHT
[ADMIN] [5/4/2017 13:47] [] DISPLAY ADMIN FORM
[ADMIN] [5/4/2017 13:47] [] adminForm Load
[ADMIN] [5/4/2017 13:47] [] ACTIVATE USER ACCESS RIGHT
