[] [5/3/2017 00:12] [] USER = ADMIN IS ACTIVE
[ADMIN] [5/3/2017 00:12] [] USER ID = 1 LOGIN SUCCESSFULLY
[ADMIN] [5/3/2017 00:12] [] ACTIVATE USER ACCESS RIGHT
[ADMIN] [5/3/2017 00:12] [] DISPLAY ADMIN FORM
[ADMIN] [5/3/2017 00:12] [] adminForm Load
[ADMIN] [5/3/2017 00:12] [] ACTIVATE USER ACCESS RIGHT
[ADMIN] [5/3/2017 00:13] [] DAILY STOCK TAKE : detailDataGrid_CellValueChanged [BS]
[ADMIN] [5/3/2017 00:13] [PENJUALAN] DAILY STOCK TAKE : detailDataGrid_CellValueChanged, previousInput [0]
[ADMIN] [5/3/2017 00:13] [PENJUALAN] DAILY STOCK TAKE : detailDataGrid_CellValueChanged, cellValue [1]
[ADMIN] [5/3/2017 00:13] [PENJUALAN] DAILY STOCK TAKE : detailDataGrid_CellValueChanged, dataGridViewTextBoxEditingControl.Text pass REGEX Checking
[ADMIN] [5/3/2017 00:13] [] DAILY STOCK TAKE : detailDataGrid_CellValueChanged [BS]
[ADMIN] [5/3/2017 00:13] [PENJUALAN] DAILY STOCK TAKE : detailDataGrid_CellValueChanged, previousInput [1]
[ADMIN] [5/3/2017 00:13] [PENJUALAN] DAILY STOCK TAKE : detailDataGrid_CellValueChanged, dataGridViewTextBoxEditingControl.Text pass REGEX Checking
[ADMIN] [5/3/2017 00:13] [] DAILY STOCK TAKE : detailDataGrid_CellValueChanged [BS]
[ADMIN] [5/3/2017 00:13] [PENJUALAN] DAILY STOCK TAKE : detailDataGrid_CellValueChanged, previousInput [0]
[ADMIN] [5/3/2017 00:13] [PENJUALAN] DAILY STOCK TAKE : detailDataGrid_CellValueChanged, cellValue [1]
[ADMIN] [5/3/2017 00:13] [PENJUALAN] DAILY STOCK TAKE : detailDataGrid_CellValueChanged, dataGridViewTextBoxEditingControl.Text pass REGEX Checking
[ADMIN] [5/3/2017 00:13] [] DAILY STOCK TAKE : detailDataGrid_CellValueChanged [BS]
[ADMIN] [5/3/2017 00:13] [PENJUALAN] DAILY STOCK TAKE : detailDataGrid_CellValueChanged, previousInput [1]
[ADMIN] [5/3/2017 00:13] [PENJUALAN] DAILY STOCK TAKE : detailDataGrid_CellValueChanged, dataGridViewTextBoxEditingControl.Text pass REGEX Checking
[ADMIN] [5/3/2017 00:13] [] DAILY STOCK TAKE : detailDataGrid_CellValueChanged [BS]
[ADMIN] [5/3/2017 00:13] [PENJUALAN] DAILY STOCK TAKE : detailDataGrid_CellValueChanged, previousInput [10]
[ADMIN] [5/3/2017 00:13] [PENJUALAN] DAILY STOCK TAKE : detailDataGrid_CellValueChanged, dataGridViewTextBoxEditingControl.Text pass REGEX Checking
[ADMIN] [5/3/2017 00:13] [] DAILY STOCK TAKE : detailDataGrid_CellValueChanged [BS]
[ADMIN] [5/3/2017 00:13] [PENJUALAN] DAILY STOCK TAKE : detailDataGrid_CellValueChanged, previousInput [10]
[ADMIN] [5/3/2017 00:13] [PENJUALAN] DAILY STOCK TAKE : detailDataGrid_CellValueChanged, dataGridViewTextBoxEditingControl.Text pass REGEX Checking
[ADMIN] [5/3/2017 00:13] [] DAILY STOCK TAKE : detailDataGrid_CellValueChanged [BS]
[ADMIN] [5/3/2017 00:13] [PENJUALAN] DAILY STOCK TAKE : detailDataGrid_CellValueChanged, previousInput [0]
[ADMIN] [5/3/2017 00:13] [PENJUALAN] DAILY STOCK TAKE : detailDataGrid_CellValueChanged, cellValue [1]
[ADMIN] [5/3/2017 00:13] [PENJUALAN] DAILY STOCK TAKE : detailDataGrid_CellValueChanged, dataGridViewTextBoxEditingControl.Text pass REGEX Checking
[ADMIN] [5/3/2017 00:13] [] DAILY STOCK TAKE : detailDataGrid_CellValueChanged [BS]
[ADMIN] [5/3/2017 00:13] [PENJUALAN] DAILY STOCK TAKE : detailDataGrid_CellValueChanged, previousInput [1]
[ADMIN] [5/3/2017 00:13] [] DAILY STOCK TAKE : detailDataGrid_CellValueChanged [BS]
[ADMIN] [5/3/2017 00:13] [PENJUALAN] DAILY STOCK TAKE : detailDataGrid_CellValueChanged, previousInput [1]
[ADMIN] [5/3/2017 00:13] [PENJUALAN] DAILY STOCK TAKE : detailDataGrid_CellValueChanged, dataGridViewTextBoxEditingControl.Text pass REGEX Checking
[ADMIN] [5/3/2017 00:13] [] DAILY STOCK TAKE : detailDataGrid_CellValueChanged [BS]
[ADMIN] [5/3/2017 00:13] [PENJUALAN] DAILY STOCK TAKE : detailDataGrid_CellValueChanged, previousInput [10]
[ADMIN] [5/3/2017 00:13] [PENJUALAN] DAILY STOCK TAKE : detailDataGrid_CellValueChanged, dataGridViewTextBoxEditingControl.Text pass REGEX Checking
[ADMIN] [5/3/2017 00:13] [] DAILY STOCK TAKE : detailDataGrid_CellValueChanged [BS]
[ADMIN] [5/3/2017 00:13] [PENJUALAN] DAILY STOCK TAKE : detailDataGrid_CellValueChanged, empty texbox, reset [BS] value to 0
[ADMIN] [5/3/2017 00:13] [] DAILY STOCK TAKE : detailDataGrid_CellValueChanged [BS]
[ADMIN] [5/3/2017 00:13] [PENJUALAN] DAILY STOCK TAKE : detailDataGrid_CellValueChanged, previousInput [1]
[ADMIN] [5/3/2017 00:13] [] DAILY STOCK TAKE : detailDataGrid_CellValueChanged [BS]
[ADMIN] [5/3/2017 00:13] [PENJUALAN] DAILY STOCK TAKE : detailDataGrid_CellValueChanged, previousInput [1]
[ADMIN] [5/3/2017 00:13] [PENJUALAN] DAILY STOCK TAKE : detailDataGrid_CellValueChanged, dataGridViewTextBoxEditingControl.Text pass REGEX Checking
[ADMIN] [5/3/2017 00:13] [] DAILY STOCK TAKE : detailDataGrid_CellValueChanged [BS]
[ADMIN] [5/3/2017 00:13] [PENJUALAN] DAILY STOCK TAKE : detailDataGrid_CellValueChanged, previousInput [12]
[ADMIN] [5/3/2017 00:13] [PENJUALAN] DAILY STOCK TAKE : detailDataGrid_CellValueChanged, dataGridViewTextBoxEditingControl.Text pass REGEX Checking
[ADMIN] [5/3/2017 00:13] [] DAILY STOCK TAKE : detailDataGrid_CellValueChanged [BS]
[ADMIN] [5/3/2017 00:13] [PENJUALAN] DAILY STOCK TAKE : detailDataGrid_CellValueChanged, previousInput [125]
[ADMIN] [5/3/2017 00:13] [PENJUALAN] DAILY STOCK TAKE : detailDataGrid_CellValueChanged, dataGridViewTextBoxEditingControl.Text pass REGEX Checking
[ADMIN] [5/3/2017 00:13] [] DAILY STOCK TAKE : detailDataGrid_CellValueChanged [BS]
[ADMIN] [5/3/2017 00:13] [PENJUALAN] DAILY STOCK TAKE : detailDataGrid_CellValueChanged, previousInput [12]
[ADMIN] [5/3/2017 00:13] [PENJUALAN] DAILY STOCK TAKE : detailDataGrid_CellValueChanged, dataGridViewTextBoxEditingControl.Text pass REGEX Checking
[ADMIN] [5/3/2017 00:13] [] DAILY STOCK TAKE : detailDataGrid_CellValueChanged [BS]
[ADMIN] [5/3/2017 00:13] [PENJUALAN] DAILY STOCK TAKE : detailDataGrid_CellValueChanged, empty texbox, reset [BS] value to 0
[ADMIN] [5/3/2017 00:14] [] USER ID = 1LOGOUT
