[] [5/5/2017 12:26] [] USER = ADMIN IS ACTIVE
[ADMIN] [5/5/2017 12:26] [] USER ID = 1 LOGIN SUCCESSFULLY
[ADMIN] [5/5/2017 12:26] [] ACTIVATE USER ACCESS RIGHT
[ADMIN] [5/5/2017 12:26] [] DISPLAY ADMIN FORM
[ADMIN] [5/5/2017 12:26] [] adminForm Load
[ADMIN] [5/5/2017 12:26] [] ACTIVATE USER ACCESS RIGHT
[ADMIN] [5/5/2017 12:26] [PENJUALAN] CASHIER FORM : REGISTER HOTKEY
[ADMIN] [5/5/2017 12:26] [PENJUALAN] CASHIER FORM : cashierForm_Load, ATTEMPT TO LOAD NO FAKTUR
[ADMIN] [5/5/2017 12:26] [PENJUALAN] CASHIER FORM : loadNoFaktur, noFakturValue [SLO001]
[ADMIN] [5/5/2017 12:26] [PENJUALAN] CASHIER FORM : cashierForm_Load, ATTEMPT TO addColumnToDataGrid
[ADMIN] [5/5/2017 12:26] [PENJUALAN] CASHIER FORM : UPDATE ROW NUMBER, TOTAL ROW [1]
[ADMIN] [5/5/2017 12:26] [PENJUALAN] CASHIER FORM : cashierDataGridView_CellValueChanged [F8]
[ADMIN] [5/5/2017 12:26] [PENJUALAN] CASHIER FORM : ADD NEW ROW,  isActive [True]
[ADMIN] [5/5/2017 12:26] [PENJUALAN] CASHIER FORM : ADD NEW ROW,  ROW COUNT [1]
[ADMIN] [5/5/2017 12:26] [PENJUALAN] CASHIER FORM : ADD NEW ROW,  ALLOW TO ADD [True]
[ADMIN] [5/5/2017 12:26] [PENJUALAN] CASHIER FORM : UPDATE ROW NUMBER, TOTAL ROW [2]
[ADMIN] [5/5/2017 12:26] [PENJUALAN] CASHIER FORM : REGISTER HOTKEY
[ADMIN] [5/5/2017 12:27] [PENJUALAN] CASHIER FORM : discJualMaskedTextBox_Validating, totalAfterDisc [20000]
[ADMIN] [5/5/2017 12:27] [PENJUALAN] CASHIER FORM : calculateChangeValue, bayarTextBox.Text [Rp5.000]
[ADMIN] [5/5/2017 12:27] [PENJUALAN] CASHIER FORM : calculateChangeValue, sisaBayar [0]
[ADMIN] [5/5/2017 12:27] [PENJUALAN] CASHIER FORM : discJualMaskedTextBox_Validating, totalAfterDisc [29999]
[ADMIN] [5/5/2017 12:27] [PENJUALAN] CASHIER FORM : calculateChangeValue, bayarTextBox.Text [Rp5.000]
[ADMIN] [5/5/2017 12:27] [PENJUALAN] CASHIER FORM : calculateChangeValue, sisaBayar [0]
[ADMIN] [5/5/2017 12:27] [PENJUALAN] CASHIER FORM : discJualMaskedTextBox_Validating, totalAfterDisc [29985]
[ADMIN] [5/5/2017 12:27] [PENJUALAN] CASHIER FORM : calculateChangeValue, bayarTextBox.Text [Rp5.000]
[ADMIN] [5/5/2017 12:27] [PENJUALAN] CASHIER FORM : calculateChangeValue, sisaBayar [0]
[ADMIN] [5/5/2017 12:27] [PENJUALAN] CASHIER FORM : discJualMaskedTextBox_Validating, totalAfterDisc [29850]
[ADMIN] [5/5/2017 12:27] [PENJUALAN] CASHIER FORM : calculateChangeValue, bayarTextBox.Text [Rp5.000]
[ADMIN] [5/5/2017 12:27] [PENJUALAN] CASHIER FORM : calculateChangeValue, sisaBayar [0]
[ADMIN] [5/5/2017 12:27] [PENJUALAN] CASHIER FORM : discJualMaskedTextBox_Validating, totalAfterDisc [28500]
[ADMIN] [5/5/2017 12:27] [PENJUALAN] CASHIER FORM : calculateChangeValue, bayarTextBox.Text [Rp5.000]
[ADMIN] [5/5/2017 12:27] [PENJUALAN] CASHIER FORM : calculateChangeValue, sisaBayar [0]
[ADMIN] [5/5/2017 12:27] [PENJUALAN] CASHIER FORM : discJualMaskedTextBox_Validating, totalAfterDisc [15000]
[ADMIN] [5/5/2017 12:27] [PENJUALAN] CASHIER FORM : calculateChangeValue, bayarTextBox.Text [Rp5.000]
[ADMIN] [5/5/2017 12:27] [PENJUALAN] CASHIER FORM : calculateChangeValue, sisaBayar [0]
[ADMIN] [5/5/2017 12:27] [PENJUALAN] CASHIER FORM : discJualMaskedTextBox_Validating, totalAfterDisc [-120000]
[ADMIN] [5/5/2017 12:27] [PENJUALAN] CASHIER FORM : calculateChangeValue, bayarTextBox.Text [Rp5.000]
[ADMIN] [5/5/2017 12:27] [PENJUALAN] CASHIER FORM : calculateChangeValue, sisaBayar [125000]
[ADMIN] [5/5/2017 12:27] [PENJUALAN] CASHIER FORM : discJualMaskedTextBox_Validating, totalAfterDisc [15000]
[ADMIN] [5/5/2017 12:27] [PENJUALAN] CASHIER FORM : calculateChangeValue, bayarTextBox.Text [Rp5.000]
[ADMIN] [5/5/2017 12:27] [PENJUALAN] CASHIER FORM : calculateChangeValue, sisaBayar [0]
[ADMIN] [5/5/2017 12:27] [PENJUALAN] CASHIER FORM : HOTKEY TO SAVE AND PRINT OUT INVOICE PRESSED
[ADMIN] [5/5/2017 12:27] [PENJUALAN] CASHIER FORM : UNREGISTER HOTKEY
[ADMIN] [5/5/2017 12:27] [PENJUALAN] CASHIER FORM : REGISTER HOTKEY
[ADMIN] [5/5/2017 12:27] [PENJUALAN] ATTEMPT TO SAVE AND PRINT OUT INVOICE
[ADMIN] [5/5/2017 12:27] [PENJUALAN] CASHIER FORM : CHECK STOCK QTY IS ENOUGH [RT002]
[ADMIN] [5/5/2017 12:27] [PENJUALAN] CASHIER FORM : UNREGISTER HOTKEY
[ADMIN] [5/5/2017 12:27] [PENJUALAN] CASHIER FORM : ATTEMPT TO SAVE SALES DATA [05-05-2017 11:47]
[ADMIN] [5/5/2017 12:27] [PENJUALAN] CASHIER FORM : SALES DISC FINAL [Rp15.000]
[ADMIN] [5/5/2017 12:27] [PENJUALAN] CASHIER FORM : NON CASH - SALES DUE DATE [05-05-2017]
[ADMIN] [5/5/2017 12:27] [PENJUALAN] UPDATE SALES HEADER [0]
[ADMIN] [5/5/2017 12:27] [PENJUALAN] DELETE SALES DETAIL [0]
[ADMIN] [5/5/2017 12:27] [PENJUALAN] INSERT INTO SALES DETAIL[RT002, 2000, 15]
[ADMIN] [5/5/2017 12:27] [PENJUALAN] UPDATE CUSTOMER PRODUCT DISC [RT002]
[ADMIN] [5/5/2017 12:27] [PENJUALAN] CASHIER FORM : REGISTER HOTKEY
[ADMIN] [5/5/2017 12:27] [PENJUALAN] TRANSACTION SAVED
[ADMIN] [5/5/2017 12:27] [PENJUALAN] PRINT OUT INVOICE
[ADMIN] [5/5/2017 12:27] [PENJUALAN] CASHIER FORM : PrintReceipt
[ADMIN] [5/5/2017 12:27] [PENJUALAN] CASHIER FORM : PrintReceipt, POS size Paper
[ADMIN] [5/5/2017 12:27] [PENJUALAN] CASHIER FORM : printDocument1_PrintPage, print POS size receipt
[] [5/6/2017 15:00] [] USER = ADMIN IS ACTIVE
[ADMIN] [5/6/2017 15:01] [] USER ID = 1 LOGIN SUCCESSFULLY
[ADMIN] [5/6/2017 15:01] [] ACTIVATE USER ACCESS RIGHT
[ADMIN] [5/6/2017 15:01] [] DISPLAY ADMIN FORM
[ADMIN] [5/6/2017 15:01] [] adminForm Load
[ADMIN] [5/6/2017 15:01] [] ACTIVATE USER ACCESS RIGHT
[ADMIN] [5/6/2017 15:01] [PENJUALAN] CASHIER FORM : MULTIPLE CASHIER INSTANCE [1]
[ADMIN] [5/6/2017 15:01] [PENJUALAN] CASHIER FORM : REGISTER HOTKEY
[ADMIN] [5/6/2017 15:01] [PENJUALAN] CASHIER FORM : cashierForm_Load, ATTEMPT TO LOAD NO FAKTUR
[ADMIN] [5/6/2017 15:01] [PENJUALAN] CASHIER FORM : loadNoFaktur, noFakturValue [SLO001]
[ADMIN] [5/6/2017 15:01] [PENJUALAN] CASHIER FORM : cashierForm_Load, ATTEMPT TO addColumnToDataGrid
[ADMIN] [5/6/2017 15:01] [PENJUALAN] CASHIER FORM : UPDATE ROW NUMBER, TOTAL ROW [1]
[ADMIN] [5/6/2017 15:01] [PENJUALAN] CASHIER FORM : cashierDataGridView_CellValueChanged [F8]
[ADMIN] [5/6/2017 15:01] [PENJUALAN] CASHIER FORM : REGISTER HOTKEY
[ADMIN] [5/6/2017 15:01] [PENJUALAN] CASHIER FORM : productName_previewKeyDown, cashierDataGridView.CurrentCell.OwningColumn.Name  [productName]
[ADMIN] [5/6/2017 15:01] [PENJUALAN] CASHIER FORM : productName_previewKeyDown, cashierDataGridView.CurrentCell.OwningColumn.Name  [productName]
[ADMIN] [5/6/2017 15:01] [PENJUALAN] CASHIER FORM : UNREGISTER HOTKEY
[ADMIN] [5/6/2017 15:01] [PENJUALAN] CASHIER FORM : UNREGISTER HOTKEY
[ADMIN] [5/6/2017 15:01] [] USER ID = 1LOGOUT
