[] [5/3/2017 22:20] [] USER = ADMIN IS ACTIVE
[ADMIN] [5/3/2017 22:20] [] USER ID = 1 LOGIN SUCCESSFULLY
[ADMIN] [5/3/2017 22:20] [] ACTIVATE USER ACCESS RIGHT
[ADMIN] [5/3/2017 22:20] [] DISPLAY ADMIN FORM
[ADMIN] [5/3/2017 22:20] [] adminForm Load
[ADMIN] [5/3/2017 22:20] [] ACTIVATE USER ACCESS RIGHT
[ADMIN] [5/3/2017 22:21] [PENJUALAN] CASHIER FORM : REGISTER HOTKEY
[ADMIN] [5/3/2017 22:21] [PENJUALAN] CASHIER FORM : cashierForm_Load, ATTEMPT TO LOAD NO FAKTUR
[ADMIN] [5/3/2017 22:21] [PENJUALAN] CASHIER FORM : loadNoFaktur, noFakturValue [SLO001]
[ADMIN] [5/3/2017 22:21] [PENJUALAN] CASHIER FORM : cashierForm_Load, ATTEMPT TO addColumnToDataGrid
[ADMIN] [5/3/2017 22:21] [PENJUALAN] CASHIER FORM : UPDATE ROW NUMBER, TOTAL ROW [1]
[ADMIN] [5/3/2017 22:21] [PENJUALAN] CASHIER FORM : cashierDataGridView_CellValueChanged [F8]
[ADMIN] [5/3/2017 22:21] [PENJUALAN] CASHIER FORM : ADD NEW ROW,  isActive [True]
[ADMIN] [5/3/2017 22:21] [PENJUALAN] CASHIER FORM : ADD NEW ROW,  ROW COUNT [1]
[ADMIN] [5/3/2017 22:21] [PENJUALAN] CASHIER FORM : ADD NEW ROW,  ALLOW TO ADD [True]
[ADMIN] [5/3/2017 22:21] [PENJUALAN] CASHIER FORM : UPDATE ROW NUMBER, TOTAL ROW [2]
[ADMIN] [5/3/2017 22:21] [PENJUALAN] CASHIER FORM : calculateChangeValue, bayarTextBox.Text [Rp100,00]
[ADMIN] [5/3/2017 22:21] [PENJUALAN] CASHIER FORM : calculateChangeValue, sisaBayar [0]
[ADMIN] [5/3/2017 22:21] [PENJUALAN] CASHIER FORM : REGISTER HOTKEY
[ADMIN] [5/3/2017 22:21] [PENJUALAN] CASHIER FORM : discJualMaskedTextBox_Validating, totalAfterDisc [199900]
[ADMIN] [5/3/2017 22:21] [PENJUALAN] CASHIER FORM : calculateChangeValue, bayarTextBox.Text [Rp100]
[ADMIN] [5/3/2017 22:21] [PENJUALAN] CASHIER FORM : calculateChangeValue, sisaBayar [0]
[ADMIN] [5/3/2017 22:21] [PENJUALAN] CASHIER FORM : discJualMaskedTextBox_Validating, totalAfterDisc [199900]
[ADMIN] [5/3/2017 22:21] [PENJUALAN] CASHIER FORM : calculateChangeValue, bayarTextBox.Text [Rp100]
[ADMIN] [5/3/2017 22:21] [PENJUALAN] CASHIER FORM : calculateChangeValue, sisaBayar [0]
[ADMIN] [5/3/2017 22:21] [PENJUALAN] CASHIER FORM : UNREGISTER HOTKEY
[ADMIN] [5/3/2017 22:21] [PENJUALAN] CASHIER FORM : REGISTER HOTKEY
[ADMIN] [5/3/2017 22:21] [PENJUALAN] CASHIER FORM : discJualMaskedTextBox_Validating, totalAfterDisc [199900]
[ADMIN] [5/3/2017 22:21] [PENJUALAN] CASHIER FORM : calculateChangeValue, bayarTextBox.Text [Rp200]
[ADMIN] [5/3/2017 22:21] [PENJUALAN] CASHIER FORM : calculateChangeValue, sisaBayar [0]
[ADMIN] [5/3/2017 22:21] [PENJUALAN] CASHIER FORM : UNREGISTER HOTKEY
[ADMIN] [5/3/2017 22:21] [PENJUALAN] CASHIER FORM : REGISTER HOTKEY
[ADMIN] [5/3/2017 22:21] [PENJUALAN] CASHIER FORM : UNREGISTER HOTKEY
[ADMIN] [5/3/2017 22:21] [PENJUALAN] CASHIER FORM : REGISTER HOTKEY
[ADMIN] [5/3/2017 22:21] [PENJUALAN] CASHIER FORM : UNREGISTER HOTKEY
[ADMIN] [5/3/2017 22:21] [PENJUALAN] CASHIER FORM : UNREGISTER HOTKEY
[ADMIN] [5/3/2017 22:21] [] USER ID = 1LOGOUT
