[] [11/15/2016 12:02] [] USER = ADMIN IS ACTIVE
[ADMIN] [11/15/2016 12:02] [] USER ID = 1 LOGIN SUCCESSFULLY
[ADMIN] [11/15/2016 12:02] [] ACTIVATE USER ACCESS RIGHT
[ADMIN] [11/15/2016 12:02] [] DISPLAY ADMIN FORM
[ADMIN] [11/15/2016 12:02] [] adminForm Load
[ADMIN] [11/15/2016 12:02] [] ACTIVATE USER ACCESS RIGHT
[ADMIN] [11/15/2016 12:02] [PENJUALAN] CASHIER FORM : REGISTER HOTKEY
[ADMIN] [11/15/2016 12:02] [PENJUALAN] CASHIER FORM : cashierForm_Load, ATTEMPT TO LOAD NO FAKTUR
[ADMIN] [11/15/2016 12:02] [PENJUALAN] CASHIER FORM : loadNoFaktur, noFakturValue [SLO001]
[ADMIN] [11/15/2016 12:02] [PENJUALAN] CASHIER FORM : cashierForm_Load, ATTEMPT TO addColumnToDataGrid
[ADMIN] [11/15/2016 12:02] [PENJUALAN] CASHIER FORM : UPDATE ROW NUMBER, TOTAL ROW [1]
[ADMIN] [11/15/2016 12:02] [PENJUALAN] CASHIER FORM : cashierDataGridView_CellValueChanged [F8]
[ADMIN] [11/15/2016 12:02] [PENJUALAN] CASHIER FORM : calculateTotal
[ADMIN] [11/15/2016 12:02] [PENJUALAN] CASHIER FORM : calculateTotal [0]
[ADMIN] [11/15/2016 12:02] [PENJUALAN] CASHIER FORM : calculateTotal, totalAfterDisc [0]
[ADMIN] [11/15/2016 12:02] [PENJUALAN] CASHIER FORM : calculateChangeValue, bayarTextBox.Text [0]
[ADMIN] [11/15/2016 12:02] [PENJUALAN] CASHIER FORM : calculateChangeValue, sisaBayar [0]
[ADMIN] [11/15/2016 12:02] [PENJUALAN] CASHIER FORM : REGISTER HOTKEY
[ADMIN] [11/15/2016 12:02] [PENJUALAN] CASHIER FORM : DISPLAY PELANGGAN FORM
[ADMIN] [11/15/2016 12:02] [PENJUALAN] CASHIER FORM : UNREGISTER HOTKEY
[] [11/15/2016 12:04] [] USER = ADMIN IS ACTIVE
[ADMIN] [11/15/2016 12:04] [] USER ID = 1 LOGIN SUCCESSFULLY
[ADMIN] [11/15/2016 12:04] [] ACTIVATE USER ACCESS RIGHT
[ADMIN] [11/15/2016 12:04] [] DISPLAY ADMIN FORM
[ADMIN] [11/15/2016 12:04] [] adminForm Load
[ADMIN] [11/15/2016 12:04] [] ACTIVATE USER ACCESS RIGHT
[ADMIN] [11/15/2016 12:04] [PENJUALAN] CASHIER FORM : REGISTER HOTKEY
[ADMIN] [11/15/2016 12:04] [PENJUALAN] CASHIER FORM : cashierForm_Load, ATTEMPT TO LOAD NO FAKTUR
[ADMIN] [11/15/2016 12:04] [PENJUALAN] CASHIER FORM : loadNoFaktur, noFakturValue [SLO001]
[ADMIN] [11/15/2016 12:04] [PENJUALAN] CASHIER FORM : cashierForm_Load, ATTEMPT TO addColumnToDataGrid
[ADMIN] [11/15/2016 12:04] [PENJUALAN] CASHIER FORM : UPDATE ROW NUMBER, TOTAL ROW [1]
[ADMIN] [11/15/2016 12:04] [PENJUALAN] CASHIER FORM : cashierDataGridView_CellValueChanged [F8]
[ADMIN] [11/15/2016 12:04] [PENJUALAN] CASHIER FORM : calculateTotal
[ADMIN] [11/15/2016 12:04] [PENJUALAN] CASHIER FORM : calculateTotal [0]
[ADMIN] [11/15/2016 12:04] [PENJUALAN] CASHIER FORM : calculateTotal, totalAfterDisc [0]
[ADMIN] [11/15/2016 12:04] [PENJUALAN] CASHIER FORM : calculateChangeValue, bayarTextBox.Text [0]
[ADMIN] [11/15/2016 12:04] [PENJUALAN] CASHIER FORM : calculateChangeValue, sisaBayar [0]
[ADMIN] [11/15/2016 12:04] [PENJUALAN] CASHIER FORM : REGISTER HOTKEY
[ADMIN] [11/15/2016 12:04] [PENJUALAN] CASHIER FORM : DISPLAY PELANGGAN FORM
[ADMIN] [11/15/2016 12:04] [PENJUALAN] CASHIER FORM : UNREGISTER HOTKEY
[ADMIN] [11/15/2016 12:04] [PELANGGAN] ATTEMPT TO SAVE DATA
[ADMIN] [11/15/2016 12:04] [PELANGGAN] INSERT NEW CUSTOMER DATA [ANDRI]
[ADMIN] [11/15/2016 12:04] [PELANGGAN] DATA SAVED
[ADMIN] [11/15/2016 12:04] [PENJUALAN] CASHIER FORM : SELECTED CUSTOMER ID [1]
[ADMIN] [11/15/2016 12:04] [PENJUALAN] CASHIER FORM : ATTEMPT TO SET CUSTOMER PROFILE
[ADMIN] [11/15/2016 12:04] [PENJUALAN] CASHIER FORM : SET CUSTOMER PROFILE [ANDRI]
[ADMIN] [11/15/2016 12:04] [PENJUALAN] CASHIER FORM : CUSTOMER GROUP [P-UMUM [ECER]]
[ADMIN] [11/15/2016 12:04] [PENJUALAN] CASHIER FORM : FINISHED SET CUSTOMER PROFILE
[ADMIN] [11/15/2016 12:04] [PENJUALAN] CASHIER FORM : ATTEMPT TO REFRESH PRODUCT PRICE
[ADMIN] [11/15/2016 12:04] [PENJUALAN] CASHIER FORM : calculateTotal
[ADMIN] [11/15/2016 12:04] [PENJUALAN] CASHIER FORM : calculateTotal [0]
[ADMIN] [11/15/2016 12:04] [PENJUALAN] CASHIER FORM : calculateTotal, totalAfterDisc [0]
[ADMIN] [11/15/2016 12:04] [PENJUALAN] CASHIER FORM : calculateChangeValue, bayarTextBox.Text [0]
[ADMIN] [11/15/2016 12:04] [PENJUALAN] CASHIER FORM : calculateChangeValue, sisaBayar [0]
[ADMIN] [11/15/2016 12:04] [PENJUALAN] CASHIER FORM : PRODUCT PRICE REFRESHED
[ADMIN] [11/15/2016 12:04] [PENJUALAN] CASHIER FORM : REGISTER HOTKEY
[ADMIN] [11/15/2016 12:04] [PENJUALAN] CASHIER FORM : DISPLAY PELANGGAN FORM
[ADMIN] [11/15/2016 12:04] [PENJUALAN] CASHIER FORM : UNREGISTER HOTKEY
[ADMIN] [11/15/2016 12:05] [PENJUALAN] CASHIER FORM : REGISTER HOTKEY
[ADMIN] [11/15/2016 12:05] [PENJUALAN] CASHIER FORM : Combobox_previewKeyDown, cashierDataGridView.CurrentCell.OwningColumn.Name  [productID]
[ADMIN] [11/15/2016 12:05] [PENJUALAN] CASHIER FORM : productName_previewKeyDown, cashierDataGridView.CurrentCell.OwningColumn.Name  [productName]
[ADMIN] [11/15/2016 12:05] [PENJUALAN] CASHIER FORM : UPDATE ROW NUMBER, TOTAL ROW [2]
[ADMIN] [11/15/2016 12:05] [PENJUALAN] CASHIER FORM : cashierDataGridView_CellValueChanged [F8]
[ADMIN] [11/15/2016 12:05] [PENJUALAN] CASHIER FORM : cashierDataGridView_CellValueChanged [productName]
[ADMIN] [11/15/2016 12:05] [PENJUALAN] CASHIER FORM : updateSomeRowContents
[ADMIN] [11/15/2016 12:05] [PENJUALAN] CASHIER FORM : clearUpSomeRowContents
[ADMIN] [11/15/2016 12:05] [PENJUALAN] CASHIER FORM : cashierDataGridView_CellValueChanged [productName]
[ADMIN] [11/15/2016 12:05] [PENJUALAN] CASHIER FORM : cashierDataGridView_CellValueChanged [hpp]
[ADMIN] [11/15/2016 12:05] [PENJUALAN] CASHIER FORM : cashierDataGridView_CellValueChanged [productPrice]
[ADMIN] [11/15/2016 12:05] [PENJUALAN] CASHIER FORM : cashierDataGridView_CellValueChanged, previousInput [0]
[ADMIN] [11/15/2016 12:05] [PENJUALAN] CASHIER FORM : cashierDataGridView_CellValueChanged [qty]
[ADMIN] [11/15/2016 12:05] [PENJUALAN] CASHIER FORM : cashierDataGridView_CellValueChanged, previousInput [0]
[ADMIN] [11/15/2016 12:05] [PENJUALAN] CASHIER FORM : cashierDataGridView_CellValueChanged [disc1]
[ADMIN] [11/15/2016 12:05] [PENJUALAN] CASHIER FORM : cashierDataGridView_CellValueChanged, previousInput [0]
[ADMIN] [11/15/2016 12:05] [PENJUALAN] CASHIER FORM : cashierDataGridView_CellValueChanged [disc2]
[ADMIN] [11/15/2016 12:05] [PENJUALAN] CASHIER FORM : cashierDataGridView_CellValueChanged, previousInput [0]
[ADMIN] [11/15/2016 12:05] [PENJUALAN] CASHIER FORM : cashierDataGridView_CellValueChanged [discRP]
[ADMIN] [11/15/2016 12:05] [PENJUALAN] CASHIER FORM : cashierDataGridView_CellValueChanged, previousInput [0]
[ADMIN] [11/15/2016 12:05] [PENJUALAN] CASHIER FORM : cashierDataGridView_CellValueChanged [jumlah]
[ADMIN] [11/15/2016 12:05] [PENJUALAN] CASHIER FORM : calculateTotal
[ADMIN] [11/15/2016 12:05] [PENJUALAN] CASHIER FORM : calculateTotal [0]
[ADMIN] [11/15/2016 12:05] [PENJUALAN] CASHIER FORM : calculateTotal, totalAfterDisc [0]
[ADMIN] [11/15/2016 12:05] [PENJUALAN] CASHIER FORM : calculateChangeValue, bayarTextBox.Text [0]
[ADMIN] [11/15/2016 12:05] [PENJUALAN] CASHIER FORM : calculateChangeValue, sisaBayar [0]
[ADMIN] [11/15/2016 12:05] [PENJUALAN] CASHIER FORM : cashierDataGridView_CellValueChanged [productName]
[ADMIN] [11/15/2016 12:05] [PENJUALAN] CASHIER FORM : updateSomeRowContents
[ADMIN] [11/15/2016 12:05] [PENJUALAN] CASHIER FORM : clearUpSomeRowContents
[ADMIN] [11/15/2016 12:05] [PENJUALAN] CASHIER FORM : cashierDataGridView_CellValueChanged [productName]
[ADMIN] [11/15/2016 12:05] [PENJUALAN] CASHIER FORM : calculateTotal
[ADMIN] [11/15/2016 12:05] [PENJUALAN] CASHIER FORM : calculateTotal [0]
[ADMIN] [11/15/2016 12:05] [PENJUALAN] CASHIER FORM : calculateTotal, totalAfterDisc [0]
[ADMIN] [11/15/2016 12:05] [PENJUALAN] CASHIER FORM : calculateChangeValue, bayarTextBox.Text [0]
[ADMIN] [11/15/2016 12:05] [PENJUALAN] CASHIER FORM : calculateChangeValue, sisaBayar [0]
[ADMIN] [11/15/2016 12:05] [PENJUALAN] CASHIER FORM : cashierDataGridView_CellValueChanged [productName]
[ADMIN] [11/15/2016 12:05] [PENJUALAN] CASHIER FORM : updateSomeRowContents
[ADMIN] [11/15/2016 12:05] [PENJUALAN] CASHIER FORM : cashierDataGridView_CellValueChanged [productID]
[ADMIN] [11/15/2016 12:05] [PENJUALAN] CASHIER FORM : PRODUCT PRICE TYPE [PRODUCT_BASE_PRICE]
[ADMIN] [11/15/2016 12:05] [PENJUALAN] CASHIER FORM : PRODUCT PRICE [2]
[ADMIN] [11/15/2016 12:05] [PENJUALAN] CASHIER FORM : ComboBox_SelectedIndexChanged, PRODUCT_BASE_PRICE [2]
[ADMIN] [11/15/2016 12:05] [PENJUALAN] CASHIER FORM : cashierDataGridView_CellValueChanged [hpp]
[ADMIN] [11/15/2016 12:05] [PENJUALAN] CASHIER FORM : PRODUCT PRICE TYPE [PRODUCT_RETAIL_PRICE]
[ADMIN] [11/15/2016 12:05] [PENJUALAN] CASHIER FORM : PRODUCT PRICE [1000]
[ADMIN] [11/15/2016 12:05] [PENJUALAN] CASHIER FORM : ComboBox_SelectedIndexChanged, PRODUCT_SALES_PRICE [1000]
[ADMIN] [11/15/2016 12:05] [PENJUALAN] CASHIER FORM : cashierDataGridView_CellValueChanged [productPrice]
[ADMIN] [11/15/2016 12:05] [PENJUALAN] CASHIER FORM : cashierDataGridView_CellValueChanged, previousInput [0]
[ADMIN] [11/15/2016 12:05] [PENJUALAN] CASHIER FORM : cashierDataGridView_CellValueChanged, cellValue [1000]
[ADMIN] [11/15/2016 12:05] [PENJUALAN] CASHIER FORM : cashierDataGridView_CellValueChanged, dataGridViewTextBoxEditingControl.Text pass REGEX Checking
[ADMIN] [11/15/2016 12:05] [PENJUALAN] CASHIER FORM : CALCULATE SUBTOTAL
[ADMIN] [11/15/2016 12:05] [PENJUALAN] CASHIER FORM : SUBTOTAL [0]
[ADMIN] [11/15/2016 12:05] [PENJUALAN] CASHIER FORM : cashierDataGridView_CellValueChanged, subtotal value [0]
[ADMIN] [11/15/2016 12:05] [PENJUALAN] CASHIER FORM : cashierDataGridView_CellValueChanged, attempt to calculate total value
[ADMIN] [11/15/2016 12:05] [PENJUALAN] CASHIER FORM : calculateTotal
[ADMIN] [11/15/2016 12:05] [PENJUALAN] CASHIER FORM : calculateTotal [0]
[ADMIN] [11/15/2016 12:05] [PENJUALAN] CASHIER FORM : calculateTotal, totalAfterDisc [0]
[ADMIN] [11/15/2016 12:05] [PENJUALAN] CASHIER FORM : calculateChangeValue, bayarTextBox.Text [0]
[ADMIN] [11/15/2016 12:05] [PENJUALAN] CASHIER FORM : calculateChangeValue, sisaBayar [0]
[ADMIN] [11/15/2016 12:05] [PENJUALAN] CASHIER FORM : cashierDataGridView_CellValueChanged [qty]
[ADMIN] [11/15/2016 12:05] [PENJUALAN] CASHIER FORM : cashierDataGridView_CellValueChanged, previousInput [0]
[ADMIN] [11/15/2016 12:05] [PENJUALAN] CASHIER FORM : ComboBox_SelectedIndexChanged, CHECK FOR CUST PRODUCT DISC, selectedPelangganID [1]
[ADMIN] [11/15/2016 12:05] [PENJUALAN] CASHIER FORM : cashierDataGridView_CellValueChanged [disc1]
[ADMIN] [11/15/2016 12:05] [PENJUALAN] CASHIER FORM : cashierDataGridView_CellValueChanged, previousInput [0]
[ADMIN] [11/15/2016 12:05] [PENJUALAN] CASHIER FORM : cashierDataGridView_CellValueChanged [disc2]
[ADMIN] [11/15/2016 12:05] [PENJUALAN] CASHIER FORM : cashierDataGridView_CellValueChanged, previousInput [0]
[ADMIN] [11/15/2016 12:05] [PENJUALAN] CASHIER FORM : cashierDataGridView_CellValueChanged [discRP]
[ADMIN] [11/15/2016 12:05] [PENJUALAN] CASHIER FORM : cashierDataGridView_CellValueChanged, previousInput [0]
[ADMIN] [11/15/2016 12:05] [PENJUALAN] CASHIER FORM : cashierDataGridView_CellValueChanged [jumlah]
[ADMIN] [11/15/2016 12:05] [PENJUALAN] CASHIER FORM : calculateTotal
[ADMIN] [11/15/2016 12:05] [PENJUALAN] CASHIER FORM : calculateTotal [0]
[ADMIN] [11/15/2016 12:05] [PENJUALAN] CASHIER FORM : calculateTotal, totalAfterDisc [0]
[ADMIN] [11/15/2016 12:05] [PENJUALAN] CASHIER FORM : calculateChangeValue, bayarTextBox.Text [0]
[ADMIN] [11/15/2016 12:05] [PENJUALAN] CASHIER FORM : calculateChangeValue, sisaBayar [0]
[ADMIN] [11/15/2016 12:05] [PENJUALAN] CASHIER FORM : Combobox_KeyUp, cashierDataGridView.CurrentCell.OwningColumn.Name  [productName]
[ADMIN] [11/15/2016 12:05] [PENJUALAN] CASHIER FORM : Combobox_KeyUp, cashierDataGridView.CurrentCell.OwningColumn.Name  [productName]
[ADMIN] [11/15/2016 12:05] [PENJUALAN] CASHIER FORM : productName_previewKeyDown, cashierDataGridView.CurrentCell.OwningColumn.Name  [productName]
[ADMIN] [11/15/2016 12:05] [PENJUALAN] CASHIER FORM : Combobox_KeyUp, cashierDataGridView.CurrentCell.OwningColumn.Name  [productName]
[ADMIN] [11/15/2016 12:05] [PENJUALAN] CASHIER FORM : Combobox_KeyUp, cashierDataGridView.CurrentCell.OwningColumn.Name  [productName]
[ADMIN] [11/15/2016 12:05] [PENJUALAN] CASHIER FORM : productName_previewKeyDown, cashierDataGridView.CurrentCell.OwningColumn.Name  [productName]
[ADMIN] [11/15/2016 12:05] [PENJUALAN] CASHIER FORM : Combobox_KeyUp, cashierDataGridView.CurrentCell.OwningColumn.Name  [productPrice]
[ADMIN] [11/15/2016 12:05] [PENJUALAN] CASHIER FORM : Combobox_KeyUp, cashierDataGridView.CurrentCell.OwningColumn.Name  [productPrice]
[ADMIN] [11/15/2016 12:05] [PENJUALAN] CASHIER FORM : Combobox_KeyUp, cashierDataGridView.CurrentCell.OwningColumn.Name  [qty]
[ADMIN] [11/15/2016 12:05] [PENJUALAN] CASHIER FORM : Combobox_KeyUp, cashierDataGridView.CurrentCell.OwningColumn.Name  [qty]
[ADMIN] [11/15/2016 12:05] [PENJUALAN] CASHIER FORM : cashierDataGridView_CellValueChanged [qty]
[ADMIN] [11/15/2016 12:05] [PENJUALAN] CASHIER FORM : cashierDataGridView_CellValueChanged, previousInput [0]
[ADMIN] [11/15/2016 12:05] [PENJUALAN] CASHIER FORM : cashierDataGridView_CellValueChanged, cellValue [2]
[ADMIN] [11/15/2016 12:05] [PENJUALAN] CASHIER FORM : cashierDataGridView_CellValueChanged, dataGridViewTextBoxEditingControl.Text pass REGEX Checking
[ADMIN] [11/15/2016 12:05] [PENJUALAN] CASHIER FORM : CHECK STOCK QTY IS ENOUGH [RT001]
[ADMIN] [11/15/2016 12:05] [PENJUALAN] CASHIER FORM : CHECK STOCK QTY IS ENOUGH [12, 2]
[ADMIN] [11/15/2016 12:05] [PENJUALAN] CASHIER FORM : CALCULATE SUBTOTAL
[ADMIN] [11/15/2016 12:05] [PENJUALAN] CASHIER FORM : SUBTOTAL [2000]
[ADMIN] [11/15/2016 12:05] [PENJUALAN] CASHIER FORM : cashierDataGridView_CellValueChanged, subtotal value [2000]
[ADMIN] [11/15/2016 12:05] [PENJUALAN] CASHIER FORM : cashierDataGridView_CellValueChanged, attempt to calculate total value
[ADMIN] [11/15/2016 12:05] [PENJUALAN] CASHIER FORM : calculateTotal
[ADMIN] [11/15/2016 12:05] [PENJUALAN] CASHIER FORM : calculateTotal [2000]
[ADMIN] [11/15/2016 12:05] [PENJUALAN] CASHIER FORM : calculateTotal, totalAfterDisc [2000]
[ADMIN] [11/15/2016 12:05] [PENJUALAN] CASHIER FORM : calculateChangeValue, bayarTextBox.Text [0]
[ADMIN] [11/15/2016 12:05] [PENJUALAN] CASHIER FORM : calculateChangeValue, sisaBayar [0]
[ADMIN] [11/15/2016 12:05] [PENJUALAN] CASHIER FORM : Combobox_KeyUp, cashierDataGridView.CurrentCell.OwningColumn.Name  [qty]
[ADMIN] [11/15/2016 12:05] [PENJUALAN] CASHIER FORM : Combobox_KeyUp, cashierDataGridView.CurrentCell.OwningColumn.Name  [qty]
[ADMIN] [11/15/2016 12:05] [PENJUALAN] CASHIER FORM : Combobox_KeyUp, cashierDataGridView.CurrentCell.OwningColumn.Name  [productID]
[ADMIN] [11/15/2016 12:05] [PENJUALAN] CASHIER FORM : Combobox_KeyUp, cashierDataGridView.CurrentCell.OwningColumn.Name  [productID]
[ADMIN] [11/15/2016 12:05] [PENJUALAN] CASHIER FORM : Combobox_KeyUp, cashierDataGridView.CurrentCell.OwningColumn.Name  [productID]
[ADMIN] [11/15/2016 12:05] [PENJUALAN] CASHIER FORM : Combobox_previewKeyDown, cashierDataGridView.CurrentCell.OwningColumn.Name  [productID]
[ADMIN] [11/15/2016 12:05] [PENJUALAN] CASHIER FORM : Combobox_previewKeyDown, cashierDataGridView.CurrentCell.OwningColumn.Name  [productID]
[ADMIN] [11/15/2016 12:05] [PENJUALAN] CASHIER FORM : productName_previewKeyDown, cashierDataGridView.CurrentCell.OwningColumn.Name  [productName]
[ADMIN] [11/15/2016 12:05] [PENJUALAN] CASHIER FORM : productName_previewKeyDown, cashierDataGridView.CurrentCell.OwningColumn.Name  [productName]
[ADMIN] [11/15/2016 12:05] [PENJUALAN] CASHIER FORM : productName_previewKeyDown, cashierDataGridView.CurrentCell.OwningColumn.Name  [productName]
[ADMIN] [11/15/2016 12:05] [PENJUALAN] CASHIER FORM : productName_previewKeyDown, cashierDataGridView.CurrentCell.OwningColumn.Name  [productName]
[ADMIN] [11/15/2016 12:05] [PENJUALAN] CASHIER FORM : productName_previewKeyDown, cashierDataGridView.CurrentCell.OwningColumn.Name  [productName]
[ADMIN] [11/15/2016 12:05] [PENJUALAN] CASHIER FORM : UPDATE ROW NUMBER, TOTAL ROW [3]
[ADMIN] [11/15/2016 12:05] [PENJUALAN] CASHIER FORM : cashierDataGridView_CellValueChanged [F8]
[ADMIN] [11/15/2016 12:05] [PENJUALAN] CASHIER FORM : cashierDataGridView_CellValueChanged [productName]
[ADMIN] [11/15/2016 12:05] [PENJUALAN] CASHIER FORM : updateSomeRowContents
[ADMIN] [11/15/2016 12:05] [PENJUALAN] CASHIER FORM : clearUpSomeRowContents
[ADMIN] [11/15/2016 12:05] [PENJUALAN] CASHIER FORM : cashierDataGridView_CellValueChanged [productName]
[ADMIN] [11/15/2016 12:05] [PENJUALAN] CASHIER FORM : cashierDataGridView_CellValueChanged [hpp]
[ADMIN] [11/15/2016 12:05] [PENJUALAN] CASHIER FORM : cashierDataGridView_CellValueChanged [productPrice]
[ADMIN] [11/15/2016 12:05] [PENJUALAN] CASHIER FORM : cashierDataGridView_CellValueChanged, previousInput [0]
[ADMIN] [11/15/2016 12:05] [PENJUALAN] CASHIER FORM : cashierDataGridView_CellValueChanged [qty]
[ADMIN] [11/15/2016 12:05] [PENJUALAN] CASHIER FORM : cashierDataGridView_CellValueChanged, previousInput [0]
[ADMIN] [11/15/2016 12:05] [PENJUALAN] CASHIER FORM : cashierDataGridView_CellValueChanged [disc1]
[ADMIN] [11/15/2016 12:05] [PENJUALAN] CASHIER FORM : cashierDataGridView_CellValueChanged, previousInput [0]
[ADMIN] [11/15/2016 12:05] [PENJUALAN] CASHIER FORM : cashierDataGridView_CellValueChanged [disc2]
[ADMIN] [11/15/2016 12:05] [PENJUALAN] CASHIER FORM : cashierDataGridView_CellValueChanged, previousInput [0]
[ADMIN] [11/15/2016 12:05] [PENJUALAN] CASHIER FORM : cashierDataGridView_CellValueChanged [discRP]
[ADMIN] [11/15/2016 12:05] [PENJUALAN] CASHIER FORM : cashierDataGridView_CellValueChanged, previousInput [0]
[ADMIN] [11/15/2016 12:05] [PENJUALAN] CASHIER FORM : cashierDataGridView_CellValueChanged [jumlah]
[ADMIN] [11/15/2016 12:05] [PENJUALAN] CASHIER FORM : calculateTotal
[ADMIN] [11/15/2016 12:05] [PENJUALAN] CASHIER FORM : calculateTotal [2000]
[ADMIN] [11/15/2016 12:05] [PENJUALAN] CASHIER FORM : calculateTotal, totalAfterDisc [2000]
[ADMIN] [11/15/2016 12:05] [PENJUALAN] CASHIER FORM : calculateChangeValue, bayarTextBox.Text [0]
[ADMIN] [11/15/2016 12:05] [PENJUALAN] CASHIER FORM : calculateChangeValue, sisaBayar [0]
[ADMIN] [11/15/2016 12:05] [PENJUALAN] CASHIER FORM : Combobox_KeyUp, cashierDataGridView.CurrentCell.OwningColumn.Name  [productName]
[ADMIN] [11/15/2016 12:05] [PENJUALAN] CASHIER FORM : Combobox_KeyUp, cashierDataGridView.CurrentCell.OwningColumn.Name  [productName]
[ADMIN] [11/15/2016 12:05] [PENJUALAN] CASHIER FORM : Combobox_KeyUp, cashierDataGridView.CurrentCell.OwningColumn.Name  [productName]
[ADMIN] [11/15/2016 12:05] [PENJUALAN] CASHIER FORM : Combobox_KeyUp, cashierDataGridView.CurrentCell.OwningColumn.Name  [productName]
[ADMIN] [11/15/2016 12:05] [PENJUALAN] CASHIER FORM : Combobox_KeyUp, cashierDataGridView.CurrentCell.OwningColumn.Name  [productName]
[ADMIN] [11/15/2016 12:05] [PENJUALAN] CASHIER FORM : productName_previewKeyDown, cashierDataGridView.CurrentCell.OwningColumn.Name  [productName]
[ADMIN] [11/15/2016 12:05] [PENJUALAN] CASHIER FORM : productName_previewKeyDown, cashierDataGridView.CurrentCell.OwningColumn.Name  [productName]
[ADMIN] [11/15/2016 12:05] [PENJUALAN] CASHIER FORM : productName_previewKeyDown, cashierDataGridView.CurrentCell.OwningColumn.Name  [productName]
[ADMIN] [11/15/2016 12:05] [PENJUALAN] CASHIER FORM : cashierDataGridView_CellValueChanged [productName]
[ADMIN] [11/15/2016 12:05] [PENJUALAN] CASHIER FORM : Combobox_KeyUp, cashierDataGridView.CurrentCell.OwningColumn.Name  [productName]
[ADMIN] [11/15/2016 12:05] [PENJUALAN] CASHIER FORM : Combobox_KeyUp, cashierDataGridView.CurrentCell.OwningColumn.Name  [productName]
[ADMIN] [11/15/2016 12:05] [PENJUALAN] CASHIER FORM : Combobox_KeyUp, cashierDataGridView.CurrentCell.OwningColumn.Name  [productName]
[ADMIN] [11/15/2016 12:05] [PENJUALAN] CASHIER FORM : Combobox_KeyUp, cashierDataGridView.CurrentCell.OwningColumn.Name  [productName]
[ADMIN] [11/15/2016 12:05] [PENJUALAN] CASHIER FORM : Combobox_KeyUp, cashierDataGridView.CurrentCell.OwningColumn.Name  [productName]
[ADMIN] [11/15/2016 12:05] [PENJUALAN] CASHIER FORM : productName_previewKeyDown, cashierDataGridView.CurrentCell.OwningColumn.Name  [productName]
[ADMIN] [11/15/2016 12:05] [PENJUALAN] CASHIER FORM : productName_previewKeyDown, cashierDataGridView.CurrentCell.OwningColumn.Name  [productName]
[ADMIN] [11/15/2016 12:05] [PENJUALAN] CASHIER FORM : productName_previewKeyDown, cashierDataGridView.CurrentCell.OwningColumn.Name  [productName]
[ADMIN] [11/15/2016 12:05] [PENJUALAN] CASHIER FORM : cashierDataGridView_CellValueChanged [productName]
[ADMIN] [11/15/2016 12:05] [PENJUALAN] CASHIER FORM : updateSomeRowContents
[ADMIN] [11/15/2016 12:05] [PENJUALAN] CASHIER FORM : clearUpSomeRowContents
[ADMIN] [11/15/2016 12:05] [PENJUALAN] CASHIER FORM : cashierDataGridView_CellValueChanged [productName]
[ADMIN] [11/15/2016 12:05] [PENJUALAN] CASHIER FORM : calculateTotal
[ADMIN] [11/15/2016 12:05] [PENJUALAN] CASHIER FORM : calculateTotal [2000]
[ADMIN] [11/15/2016 12:05] [PENJUALAN] CASHIER FORM : calculateTotal, totalAfterDisc [2000]
[ADMIN] [11/15/2016 12:05] [PENJUALAN] CASHIER FORM : calculateChangeValue, bayarTextBox.Text [0]
[ADMIN] [11/15/2016 12:05] [PENJUALAN] CASHIER FORM : calculateChangeValue, sisaBayar [0]
[ADMIN] [11/15/2016 12:05] [PENJUALAN] CASHIER FORM : Combobox_KeyUp, cashierDataGridView.CurrentCell.OwningColumn.Name  [productName]
[ADMIN] [11/15/2016 12:05] [PENJUALAN] CASHIER FORM : Combobox_KeyUp, cashierDataGridView.CurrentCell.OwningColumn.Name  [productName]
[ADMIN] [11/15/2016 12:05] [PENJUALAN] CASHIER FORM : Combobox_KeyUp, cashierDataGridView.CurrentCell.OwningColumn.Name  [productName]
[ADMIN] [11/15/2016 12:05] [PENJUALAN] CASHIER FORM : Combobox_KeyUp, cashierDataGridView.CurrentCell.OwningColumn.Name  [productName]
[ADMIN] [11/15/2016 12:05] [PENJUALAN] CASHIER FORM : Combobox_KeyUp, cashierDataGridView.CurrentCell.OwningColumn.Name  [productName]
[ADMIN] [11/15/2016 12:05] [PENJUALAN] CASHIER FORM : productName_previewKeyDown, cashierDataGridView.CurrentCell.OwningColumn.Name  [productName]
[ADMIN] [11/15/2016 12:05] [PENJUALAN] CASHIER FORM : productName_previewKeyDown, cashierDataGridView.CurrentCell.OwningColumn.Name  [productName]
[ADMIN] [11/15/2016 12:05] [PENJUALAN] CASHIER FORM : productName_previewKeyDown, cashierDataGridView.CurrentCell.OwningColumn.Name  [productName]
[ADMIN] [11/15/2016 12:05] [PENJUALAN] CASHIER FORM : cashierDataGridView_CellValueChanged [productName]
[ADMIN] [11/15/2016 12:05] [PENJUALAN] CASHIER FORM : Combobox_KeyUp, cashierDataGridView.CurrentCell.OwningColumn.Name  [productName]
[ADMIN] [11/15/2016 12:05] [PENJUALAN] CASHIER FORM : Combobox_KeyUp, cashierDataGridView.CurrentCell.OwningColumn.Name  [productName]
[ADMIN] [11/15/2016 12:05] [PENJUALAN] CASHIER FORM : Combobox_KeyUp, cashierDataGridView.CurrentCell.OwningColumn.Name  [productName]
[ADMIN] [11/15/2016 12:05] [PENJUALAN] CASHIER FORM : Combobox_KeyUp, cashierDataGridView.CurrentCell.OwningColumn.Name  [productName]
[ADMIN] [11/15/2016 12:05] [PENJUALAN] CASHIER FORM : Combobox_KeyUp, cashierDataGridView.CurrentCell.OwningColumn.Name  [productName]
[ADMIN] [11/15/2016 12:05] [PENJUALAN] CASHIER FORM : productName_previewKeyDown, cashierDataGridView.CurrentCell.OwningColumn.Name  [productName]
[ADMIN] [11/15/2016 12:05] [PENJUALAN] CASHIER FORM : productName_previewKeyDown, cashierDataGridView.CurrentCell.OwningColumn.Name  [productName]
[ADMIN] [11/15/2016 12:05] [PENJUALAN] CASHIER FORM : productName_previewKeyDown, cashierDataGridView.CurrentCell.OwningColumn.Name  [productName]
[ADMIN] [11/15/2016 12:05] [PENJUALAN] CASHIER FORM : cashierDataGridView_CellValueChanged [productName]
[ADMIN] [11/15/2016 12:05] [PENJUALAN] CASHIER FORM : updateSomeRowContents
[ADMIN] [11/15/2016 12:05] [PENJUALAN] CASHIER FORM : clearUpSomeRowContents
[ADMIN] [11/15/2016 12:05] [PENJUALAN] CASHIER FORM : cashierDataGridView_CellValueChanged [productName]
[ADMIN] [11/15/2016 12:05] [PENJUALAN] CASHIER FORM : calculateTotal
[ADMIN] [11/15/2016 12:05] [PENJUALAN] CASHIER FORM : calculateTotal [2000]
[ADMIN] [11/15/2016 12:05] [PENJUALAN] CASHIER FORM : calculateTotal, totalAfterDisc [2000]
[ADMIN] [11/15/2016 12:05] [PENJUALAN] CASHIER FORM : calculateChangeValue, bayarTextBox.Text [0]
[ADMIN] [11/15/2016 12:05] [PENJUALAN] CASHIER FORM : calculateChangeValue, sisaBayar [0]
[ADMIN] [11/15/2016 12:05] [PENJUALAN] CASHIER FORM : cashierDataGridView_CellValueChanged [productName]
[ADMIN] [11/15/2016 12:05] [PENJUALAN] CASHIER FORM : updateSomeRowContents
[ADMIN] [11/15/2016 12:05] [PENJUALAN] CASHIER FORM : clearUpSomeRowContents
[ADMIN] [11/15/2016 12:05] [PENJUALAN] CASHIER FORM : cashierDataGridView_CellValueChanged [productName]
[ADMIN] [11/15/2016 12:05] [PENJUALAN] CASHIER FORM : calculateTotal
[ADMIN] [11/15/2016 12:05] [PENJUALAN] CASHIER FORM : calculateTotal [2000]
[ADMIN] [11/15/2016 12:05] [PENJUALAN] CASHIER FORM : calculateTotal, totalAfterDisc [2000]
[ADMIN] [11/15/2016 12:05] [PENJUALAN] CASHIER FORM : calculateChangeValue, bayarTextBox.Text [0]
[ADMIN] [11/15/2016 12:05] [PENJUALAN] CASHIER FORM : calculateChangeValue, sisaBayar [0]
[ADMIN] [11/15/2016 12:05] [PENJUALAN] CASHIER FORM : cashierDataGridView_CellValueChanged [productName]
[ADMIN] [11/15/2016 12:05] [PENJUALAN] CASHIER FORM : updateSomeRowContents
[ADMIN] [11/15/2016 12:05] [PENJUALAN] CASHIER FORM : cashierDataGridView_CellValueChanged [productID]
[ADMIN] [11/15/2016 12:05] [PENJUALAN] CASHIER FORM : PRODUCT PRICE TYPE [PRODUCT_BASE_PRICE]
[ADMIN] [11/15/2016 12:05] [PENJUALAN] CASHIER FORM : PRODUCT PRICE [2]
[ADMIN] [11/15/2016 12:05] [PENJUALAN] CASHIER FORM : ComboBox_SelectedIndexChanged, PRODUCT_BASE_PRICE [2]
[ADMIN] [11/15/2016 12:05] [PENJUALAN] CASHIER FORM : cashierDataGridView_CellValueChanged [hpp]
[ADMIN] [11/15/2016 12:05] [PENJUALAN] CASHIER FORM : PRODUCT PRICE TYPE [PRODUCT_RETAIL_PRICE]
[ADMIN] [11/15/2016 12:05] [PENJUALAN] CASHIER FORM : PRODUCT PRICE [1000]
[ADMIN] [11/15/2016 12:05] [PENJUALAN] CASHIER FORM : ComboBox_SelectedIndexChanged, PRODUCT_SALES_PRICE [1000]
[ADMIN] [11/15/2016 12:05] [PENJUALAN] CASHIER FORM : cashierDataGridView_CellValueChanged [productPrice]
[ADMIN] [11/15/2016 12:05] [PENJUALAN] CASHIER FORM : cashierDataGridView_CellValueChanged, previousInput [0]
[ADMIN] [11/15/2016 12:05] [PENJUALAN] CASHIER FORM : cashierDataGridView_CellValueChanged, cellValue [1000]
[ADMIN] [11/15/2016 12:05] [PENJUALAN] CASHIER FORM : cashierDataGridView_CellValueChanged, dataGridViewTextBoxEditingControl.Text pass REGEX Checking
[ADMIN] [11/15/2016 12:05] [PENJUALAN] CASHIER FORM : CALCULATE SUBTOTAL
[ADMIN] [11/15/2016 12:05] [PENJUALAN] CASHIER FORM : SUBTOTAL [0]
[ADMIN] [11/15/2016 12:05] [PENJUALAN] CASHIER FORM : cashierDataGridView_CellValueChanged, subtotal value [0]
[ADMIN] [11/15/2016 12:05] [PENJUALAN] CASHIER FORM : cashierDataGridView_CellValueChanged, attempt to calculate total value
[ADMIN] [11/15/2016 12:05] [PENJUALAN] CASHIER FORM : calculateTotal
[ADMIN] [11/15/2016 12:05] [PENJUALAN] CASHIER FORM : calculateTotal [2000]
[ADMIN] [11/15/2016 12:05] [PENJUALAN] CASHIER FORM : calculateTotal, totalAfterDisc [2000]
[ADMIN] [11/15/2016 12:05] [PENJUALAN] CASHIER FORM : calculateChangeValue, bayarTextBox.Text [0]
[ADMIN] [11/15/2016 12:05] [PENJUALAN] CASHIER FORM : calculateChangeValue, sisaBayar [0]
[ADMIN] [11/15/2016 12:05] [PENJUALAN] CASHIER FORM : cashierDataGridView_CellValueChanged [qty]
[ADMIN] [11/15/2016 12:05] [PENJUALAN] CASHIER FORM : cashierDataGridView_CellValueChanged, previousInput [0]
[ADMIN] [11/15/2016 12:05] [PENJUALAN] CASHIER FORM : ComboBox_SelectedIndexChanged, CHECK FOR CUST PRODUCT DISC, selectedPelangganID [1]
[ADMIN] [11/15/2016 12:05] [PENJUALAN] CASHIER FORM : cashierDataGridView_CellValueChanged [disc1]
[ADMIN] [11/15/2016 12:05] [PENJUALAN] CASHIER FORM : cashierDataGridView_CellValueChanged, previousInput [0]
[ADMIN] [11/15/2016 12:05] [PENJUALAN] CASHIER FORM : cashierDataGridView_CellValueChanged [disc2]
[ADMIN] [11/15/2016 12:05] [PENJUALAN] CASHIER FORM : cashierDataGridView_CellValueChanged, previousInput [0]
[ADMIN] [11/15/2016 12:05] [PENJUALAN] CASHIER FORM : cashierDataGridView_CellValueChanged [discRP]
[ADMIN] [11/15/2016 12:05] [PENJUALAN] CASHIER FORM : cashierDataGridView_CellValueChanged, previousInput [0]
[ADMIN] [11/15/2016 12:05] [PENJUALAN] CASHIER FORM : cashierDataGridView_CellValueChanged [jumlah]
[ADMIN] [11/15/2016 12:05] [PENJUALAN] CASHIER FORM : calculateTotal
[ADMIN] [11/15/2016 12:05] [PENJUALAN] CASHIER FORM : calculateTotal [2000]
[ADMIN] [11/15/2016 12:05] [PENJUALAN] CASHIER FORM : calculateTotal, totalAfterDisc [2000]
[ADMIN] [11/15/2016 12:05] [PENJUALAN] CASHIER FORM : calculateChangeValue, bayarTextBox.Text [0]
[ADMIN] [11/15/2016 12:05] [PENJUALAN] CASHIER FORM : calculateChangeValue, sisaBayar [0]
[ADMIN] [11/15/2016 12:05] [PENJUALAN] CASHIER FORM : Combobox_KeyUp, cashierDataGridView.CurrentCell.OwningColumn.Name  [productName]
[ADMIN] [11/15/2016 12:05] [PENJUALAN] CASHIER FORM : Combobox_KeyUp, cashierDataGridView.CurrentCell.OwningColumn.Name  [productName]
[ADMIN] [11/15/2016 12:05] [PENJUALAN] CASHIER FORM : Combobox_KeyUp, cashierDataGridView.CurrentCell.OwningColumn.Name  [productName]
[ADMIN] [11/15/2016 12:05] [PENJUALAN] CASHIER FORM : Combobox_KeyUp, cashierDataGridView.CurrentCell.OwningColumn.Name  [productName]
[ADMIN] [11/15/2016 12:05] [PENJUALAN] CASHIER FORM : Combobox_KeyUp, cashierDataGridView.CurrentCell.OwningColumn.Name  [productName]
[ADMIN] [11/15/2016 12:05] [PENJUALAN] CASHIER FORM : productName_previewKeyDown, cashierDataGridView.CurrentCell.OwningColumn.Name  [productName]
[ADMIN] [11/15/2016 12:05] [PENJUALAN] CASHIER FORM : productName_previewKeyDown, cashierDataGridView.CurrentCell.OwningColumn.Name  [productName]
[ADMIN] [11/15/2016 12:05] [PENJUALAN] CASHIER FORM : productName_previewKeyDown, cashierDataGridView.CurrentCell.OwningColumn.Name  [productName]
[ADMIN] [11/15/2016 12:05] [PENJUALAN] CASHIER FORM : Combobox_KeyUp, cashierDataGridView.CurrentCell.OwningColumn.Name  [productName]
[ADMIN] [11/15/2016 12:05] [PENJUALAN] CASHIER FORM : Combobox_KeyUp, cashierDataGridView.CurrentCell.OwningColumn.Name  [productName]
[ADMIN] [11/15/2016 12:05] [PENJUALAN] CASHIER FORM : Combobox_KeyUp, cashierDataGridView.CurrentCell.OwningColumn.Name  [productName]
[ADMIN] [11/15/2016 12:05] [PENJUALAN] CASHIER FORM : Combobox_KeyUp, cashierDataGridView.CurrentCell.OwningColumn.Name  [productName]
[ADMIN] [11/15/2016 12:05] [PENJUALAN] CASHIER FORM : Combobox_KeyUp, cashierDataGridView.CurrentCell.OwningColumn.Name  [productName]
[ADMIN] [11/15/2016 12:05] [PENJUALAN] CASHIER FORM : productName_previewKeyDown, cashierDataGridView.CurrentCell.OwningColumn.Name  [productName]
[ADMIN] [11/15/2016 12:05] [PENJUALAN] CASHIER FORM : productName_previewKeyDown, cashierDataGridView.CurrentCell.OwningColumn.Name  [productName]
[ADMIN] [11/15/2016 12:05] [PENJUALAN] CASHIER FORM : productName_previewKeyDown, cashierDataGridView.CurrentCell.OwningColumn.Name  [productName]
[ADMIN] [11/15/2016 12:05] [PENJUALAN] CASHIER FORM : cashierDataGridView_CellValueChanged [productName]
[ADMIN] [11/15/2016 12:05] [PENJUALAN] CASHIER FORM : updateSomeRowContents
[ADMIN] [11/15/2016 12:05] [PENJUALAN] CASHIER FORM : cashierDataGridView_CellValueChanged [productID]
[ADMIN] [11/15/2016 12:05] [PENJUALAN] CASHIER FORM : PRODUCT PRICE TYPE [PRODUCT_BASE_PRICE]
[ADMIN] [11/15/2016 12:05] [PENJUALAN] CASHIER FORM : PRODUCT PRICE [0]
[ADMIN] [11/15/2016 12:05] [PENJUALAN] CASHIER FORM : ComboBox_SelectedIndexChanged, PRODUCT_BASE_PRICE [0]
[ADMIN] [11/15/2016 12:05] [PENJUALAN] CASHIER FORM : cashierDataGridView_CellValueChanged [hpp]
[ADMIN] [11/15/2016 12:05] [PENJUALAN] CASHIER FORM : PRODUCT PRICE TYPE [PRODUCT_RETAIL_PRICE]
[ADMIN] [11/15/2016 12:05] [PENJUALAN] CASHIER FORM : PRODUCT PRICE [5000]
[ADMIN] [11/15/2016 12:05] [PENJUALAN] CASHIER FORM : ComboBox_SelectedIndexChanged, PRODUCT_SALES_PRICE [5000]
[ADMIN] [11/15/2016 12:05] [PENJUALAN] CASHIER FORM : cashierDataGridView_CellValueChanged [productPrice]
[ADMIN] [11/15/2016 12:05] [PENJUALAN] CASHIER FORM : cashierDataGridView_CellValueChanged, previousInput [1000]
[ADMIN] [11/15/2016 12:05] [PENJUALAN] CASHIER FORM : cashierDataGridView_CellValueChanged, dataGridViewTextBoxEditingControl.Text pass REGEX Checking
[ADMIN] [11/15/2016 12:05] [PENJUALAN] CASHIER FORM : CALCULATE SUBTOTAL
[ADMIN] [11/15/2016 12:05] [PENJUALAN] CASHIER FORM : SUBTOTAL [0]
[ADMIN] [11/15/2016 12:05] [PENJUALAN] CASHIER FORM : cashierDataGridView_CellValueChanged, subtotal value [0]
[ADMIN] [11/15/2016 12:05] [PENJUALAN] CASHIER FORM : cashierDataGridView_CellValueChanged, attempt to calculate total value
[ADMIN] [11/15/2016 12:05] [PENJUALAN] CASHIER FORM : calculateTotal
[ADMIN] [11/15/2016 12:05] [PENJUALAN] CASHIER FORM : calculateTotal [2000]
[ADMIN] [11/15/2016 12:05] [PENJUALAN] CASHIER FORM : calculateTotal, totalAfterDisc [2000]
[ADMIN] [11/15/2016 12:05] [PENJUALAN] CASHIER FORM : calculateChangeValue, bayarTextBox.Text [0]
[ADMIN] [11/15/2016 12:05] [PENJUALAN] CASHIER FORM : calculateChangeValue, sisaBayar [0]
[ADMIN] [11/15/2016 12:05] [PENJUALAN] CASHIER FORM : ComboBox_SelectedIndexChanged, CHECK FOR CUST PRODUCT DISC, selectedPelangganID [1]
[ADMIN] [11/15/2016 12:05] [PENJUALAN] CASHIER FORM : cashierDataGridView_CellValueChanged [jumlah]
[ADMIN] [11/15/2016 12:05] [PENJUALAN] CASHIER FORM : calculateTotal
[ADMIN] [11/15/2016 12:05] [PENJUALAN] CASHIER FORM : calculateTotal [2000]
[ADMIN] [11/15/2016 12:05] [PENJUALAN] CASHIER FORM : calculateTotal, totalAfterDisc [2000]
[ADMIN] [11/15/2016 12:05] [PENJUALAN] CASHIER FORM : calculateChangeValue, bayarTextBox.Text [0]
[ADMIN] [11/15/2016 12:05] [PENJUALAN] CASHIER FORM : calculateChangeValue, sisaBayar [0]
[ADMIN] [11/15/2016 12:05] [PENJUALAN] CASHIER FORM : Combobox_KeyUp, cashierDataGridView.CurrentCell.OwningColumn.Name  [productName]
[ADMIN] [11/15/2016 12:05] [PENJUALAN] CASHIER FORM : Combobox_KeyUp, cashierDataGridView.CurrentCell.OwningColumn.Name  [productName]
[ADMIN] [11/15/2016 12:05] [PENJUALAN] CASHIER FORM : Combobox_KeyUp, cashierDataGridView.CurrentCell.OwningColumn.Name  [productName]
[ADMIN] [11/15/2016 12:05] [PENJUALAN] CASHIER FORM : Combobox_KeyUp, cashierDataGridView.CurrentCell.OwningColumn.Name  [productName]
[ADMIN] [11/15/2016 12:05] [PENJUALAN] CASHIER FORM : Combobox_KeyUp, cashierDataGridView.CurrentCell.OwningColumn.Name  [productName]
[ADMIN] [11/15/2016 12:05] [PENJUALAN] CASHIER FORM : productName_previewKeyDown, cashierDataGridView.CurrentCell.OwningColumn.Name  [productName]
[ADMIN] [11/15/2016 12:05] [PENJUALAN] CASHIER FORM : productName_previewKeyDown, cashierDataGridView.CurrentCell.OwningColumn.Name  [productName]
[ADMIN] [11/15/2016 12:05] [PENJUALAN] CASHIER FORM : productName_previewKeyDown, cashierDataGridView.CurrentCell.OwningColumn.Name  [productName]
[ADMIN] [11/15/2016 12:05] [PENJUALAN] CASHIER FORM : Combobox_KeyUp, cashierDataGridView.CurrentCell.OwningColumn.Name  [productPrice]
[ADMIN] [11/15/2016 12:05] [PENJUALAN] CASHIER FORM : Combobox_KeyUp, cashierDataGridView.CurrentCell.OwningColumn.Name  [productPrice]
[ADMIN] [11/15/2016 12:05] [PENJUALAN] CASHIER FORM : Combobox_KeyUp, cashierDataGridView.CurrentCell.OwningColumn.Name  [productPrice]
[ADMIN] [11/15/2016 12:05] [PENJUALAN] CASHIER FORM : Combobox_KeyUp, cashierDataGridView.CurrentCell.OwningColumn.Name  [productPrice]
[ADMIN] [11/15/2016 12:05] [PENJUALAN] CASHIER FORM : Combobox_KeyUp, cashierDataGridView.CurrentCell.OwningColumn.Name  [productPrice]
[ADMIN] [11/15/2016 12:05] [PENJUALAN] CASHIER FORM : Combobox_KeyUp, cashierDataGridView.CurrentCell.OwningColumn.Name  [qty]
[ADMIN] [11/15/2016 12:05] [PENJUALAN] CASHIER FORM : Combobox_KeyUp, cashierDataGridView.CurrentCell.OwningColumn.Name  [qty]
[ADMIN] [11/15/2016 12:05] [PENJUALAN] CASHIER FORM : Combobox_KeyUp, cashierDataGridView.CurrentCell.OwningColumn.Name  [qty]
[ADMIN] [11/15/2016 12:05] [PENJUALAN] CASHIER FORM : Combobox_KeyUp, cashierDataGridView.CurrentCell.OwningColumn.Name  [qty]
[ADMIN] [11/15/2016 12:05] [PENJUALAN] CASHIER FORM : Combobox_KeyUp, cashierDataGridView.CurrentCell.OwningColumn.Name  [qty]
[ADMIN] [11/15/2016 12:05] [PENJUALAN] CASHIER FORM : cashierDataGridView_CellValueChanged [qty]
[ADMIN] [11/15/2016 12:05] [PENJUALAN] CASHIER FORM : cashierDataGridView_CellValueChanged, previousInput [0]
[ADMIN] [11/15/2016 12:05] [PENJUALAN] CASHIER FORM : cashierDataGridView_CellValueChanged, cellValue [2]
[ADMIN] [11/15/2016 12:05] [PENJUALAN] CASHIER FORM : cashierDataGridView_CellValueChanged, dataGridViewTextBoxEditingControl.Text pass REGEX Checking
[ADMIN] [11/15/2016 12:05] [PENJUALAN] CASHIER FORM : CHECK STOCK QTY IS ENOUGH [RT002]
[ADMIN] [11/15/2016 12:05] [PENJUALAN] CASHIER FORM : CHECK STOCK QTY IS ENOUGH [12, 2]
[ADMIN] [11/15/2016 12:05] [PENJUALAN] CASHIER FORM : CALCULATE SUBTOTAL
[ADMIN] [11/15/2016 12:05] [PENJUALAN] CASHIER FORM : SUBTOTAL [10000]
[ADMIN] [11/15/2016 12:05] [PENJUALAN] CASHIER FORM : cashierDataGridView_CellValueChanged, subtotal value [10000]
[ADMIN] [11/15/2016 12:05] [PENJUALAN] CASHIER FORM : cashierDataGridView_CellValueChanged, attempt to calculate total value
[ADMIN] [11/15/2016 12:05] [PENJUALAN] CASHIER FORM : calculateTotal
[ADMIN] [11/15/2016 12:05] [PENJUALAN] CASHIER FORM : calculateTotal [12000]
[ADMIN] [11/15/2016 12:05] [PENJUALAN] CASHIER FORM : calculateTotal, totalAfterDisc [12000]
[ADMIN] [11/15/2016 12:05] [PENJUALAN] CASHIER FORM : calculateChangeValue, bayarTextBox.Text [0]
[ADMIN] [11/15/2016 12:05] [PENJUALAN] CASHIER FORM : calculateChangeValue, sisaBayar [0]
[ADMIN] [11/15/2016 12:05] [PENJUALAN] CASHIER FORM : Combobox_KeyUp, cashierDataGridView.CurrentCell.OwningColumn.Name  [qty]
[ADMIN] [11/15/2016 12:05] [PENJUALAN] CASHIER FORM : Combobox_KeyUp, cashierDataGridView.CurrentCell.OwningColumn.Name  [qty]
[ADMIN] [11/15/2016 12:05] [PENJUALAN] CASHIER FORM : Combobox_KeyUp, cashierDataGridView.CurrentCell.OwningColumn.Name  [qty]
[ADMIN] [11/15/2016 12:05] [PENJUALAN] CASHIER FORM : Combobox_KeyUp, cashierDataGridView.CurrentCell.OwningColumn.Name  [qty]
[ADMIN] [11/15/2016 12:05] [PENJUALAN] CASHIER FORM : Combobox_KeyUp, cashierDataGridView.CurrentCell.OwningColumn.Name  [qty]
[ADMIN] [11/15/2016 12:05] [PENJUALAN] CASHIER FORM : cashierDataGridView_CellValueChanged [qty]
[ADMIN] [11/15/2016 12:05] [PENJUALAN] CASHIER FORM : cashierDataGridView_CellValueChanged, previousInput [2]
[ADMIN] [11/15/2016 12:05] [PENJUALAN] CASHIER FORM : cashierDataGridView_CellValueChanged, dataGridViewTextBoxEditingControl.Text pass REGEX Checking
[ADMIN] [11/15/2016 12:05] [PENJUALAN] CASHIER FORM : CHECK STOCK QTY IS ENOUGH [RT002]
[ADMIN] [11/15/2016 12:05] [PENJUALAN] CASHIER FORM : CHECK STOCK QTY IS ENOUGH [12, 22]
[ADMIN] [11/15/2016 12:05] [PENJUALAN] CASHIER FORM : CALCULATE SUBTOTAL
[ADMIN] [11/15/2016 12:05] [PENJUALAN] CASHIER FORM : SUBTOTAL [10000]
[ADMIN] [11/15/2016 12:05] [PENJUALAN] CASHIER FORM : cashierDataGridView_CellValueChanged, subtotal value [10000]
[ADMIN] [11/15/2016 12:05] [PENJUALAN] CASHIER FORM : cashierDataGridView_CellValueChanged, attempt to calculate total value
[ADMIN] [11/15/2016 12:05] [PENJUALAN] CASHIER FORM : calculateTotal
[ADMIN] [11/15/2016 12:05] [PENJUALAN] CASHIER FORM : calculateTotal [12000]
[ADMIN] [11/15/2016 12:05] [PENJUALAN] CASHIER FORM : calculateTotal, totalAfterDisc [12000]
[ADMIN] [11/15/2016 12:05] [PENJUALAN] CASHIER FORM : calculateChangeValue, bayarTextBox.Text [0]
[ADMIN] [11/15/2016 12:05] [PENJUALAN] CASHIER FORM : calculateChangeValue, sisaBayar [0]
[ADMIN] [11/15/2016 12:05] [PENJUALAN] CASHIER FORM : Combobox_KeyUp, cashierDataGridView.CurrentCell.OwningColumn.Name  [qty]
[ADMIN] [11/15/2016 12:05] [PENJUALAN] CASHIER FORM : Combobox_KeyUp, cashierDataGridView.CurrentCell.OwningColumn.Name  [qty]
[ADMIN] [11/15/2016 12:05] [PENJUALAN] CASHIER FORM : Combobox_KeyUp, cashierDataGridView.CurrentCell.OwningColumn.Name  [qty]
[ADMIN] [11/15/2016 12:05] [PENJUALAN] CASHIER FORM : Combobox_KeyUp, cashierDataGridView.CurrentCell.OwningColumn.Name  [qty]
[ADMIN] [11/15/2016 12:05] [PENJUALAN] CASHIER FORM : Combobox_KeyUp, cashierDataGridView.CurrentCell.OwningColumn.Name  [qty]
[ADMIN] [11/15/2016 12:05] [PENJUALAN] CASHIER FORM : Combobox_KeyUp, cashierDataGridView.CurrentCell.OwningColumn.Name  [qty]
[ADMIN] [11/15/2016 12:05] [PENJUALAN] CASHIER FORM : Combobox_KeyUp, cashierDataGridView.CurrentCell.OwningColumn.Name  [qty]
[ADMIN] [11/15/2016 12:05] [PENJUALAN] CASHIER FORM : Combobox_KeyUp, cashierDataGridView.CurrentCell.OwningColumn.Name  [qty]
[ADMIN] [11/15/2016 12:05] [PENJUALAN] CASHIER FORM : Combobox_KeyUp, cashierDataGridView.CurrentCell.OwningColumn.Name  [qty]
[ADMIN] [11/15/2016 12:05] [PENJUALAN] CASHIER FORM : Combobox_KeyUp, cashierDataGridView.CurrentCell.OwningColumn.Name  [qty]
[ADMIN] [11/15/2016 12:05] [PENJUALAN] CASHIER FORM : Combobox_KeyUp, cashierDataGridView.CurrentCell.OwningColumn.Name  [qty]
[ADMIN] [11/15/2016 12:05] [PENJUALAN] CASHIER FORM : Combobox_KeyUp, cashierDataGridView.CurrentCell.OwningColumn.Name  [qty]
[ADMIN] [11/15/2016 12:05] [PENJUALAN] CASHIER FORM : Combobox_KeyUp, cashierDataGridView.CurrentCell.OwningColumn.Name  [qty]
[ADMIN] [11/15/2016 12:05] [PENJUALAN] CASHIER FORM : Combobox_KeyUp, cashierDataGridView.CurrentCell.OwningColumn.Name  [qty]
[ADMIN] [11/15/2016 12:05] [PENJUALAN] CASHIER FORM : Combobox_KeyUp, cashierDataGridView.CurrentCell.OwningColumn.Name  [qty]
[ADMIN] [11/15/2016 12:05] [PENJUALAN] CASHIER FORM : Combobox_KeyUp, cashierDataGridView.CurrentCell.OwningColumn.Name  [productPrice]
[ADMIN] [11/15/2016 12:05] [PENJUALAN] CASHIER FORM : Combobox_KeyUp, cashierDataGridView.CurrentCell.OwningColumn.Name  [productPrice]
[ADMIN] [11/15/2016 12:05] [PENJUALAN] CASHIER FORM : Combobox_KeyUp, cashierDataGridView.CurrentCell.OwningColumn.Name  [productPrice]
[ADMIN] [11/15/2016 12:05] [PENJUALAN] CASHIER FORM : Combobox_KeyUp, cashierDataGridView.CurrentCell.OwningColumn.Name  [productPrice]
[ADMIN] [11/15/2016 12:05] [PENJUALAN] CASHIER FORM : Combobox_KeyUp, cashierDataGridView.CurrentCell.OwningColumn.Name  [productPrice]
[ADMIN] [11/15/2016 12:05] [PENJUALAN] CASHIER FORM : Combobox_KeyUp, cashierDataGridView.CurrentCell.OwningColumn.Name  [productPrice]
[ADMIN] [11/15/2016 12:05] [PENJUALAN] CASHIER FORM : Combobox_KeyUp, cashierDataGridView.CurrentCell.OwningColumn.Name  [productPrice]
[ADMIN] [11/15/2016 12:05] [PENJUALAN] CASHIER FORM : Combobox_KeyUp, cashierDataGridView.CurrentCell.OwningColumn.Name  [productPrice]
[ADMIN] [11/15/2016 12:05] [PENJUALAN] CASHIER FORM : Combobox_KeyUp, cashierDataGridView.CurrentCell.OwningColumn.Name  [productPrice]
[ADMIN] [11/15/2016 12:05] [PENJUALAN] CASHIER FORM : Combobox_KeyUp, cashierDataGridView.CurrentCell.OwningColumn.Name  [productPrice]
[ADMIN] [11/15/2016 12:05] [PENJUALAN] CASHIER FORM : productName_previewKeyDown, cashierDataGridView.CurrentCell.OwningColumn.Name  [productName]
[ADMIN] [11/15/2016 12:05] [PENJUALAN] CASHIER FORM : productName_previewKeyDown, cashierDataGridView.CurrentCell.OwningColumn.Name  [productName]
[ADMIN] [11/15/2016 12:05] [PENJUALAN] CASHIER FORM : productName_previewKeyDown, cashierDataGridView.CurrentCell.OwningColumn.Name  [productName]
[ADMIN] [11/15/2016 12:05] [PENJUALAN] CASHIER FORM : productName_previewKeyDown, cashierDataGridView.CurrentCell.OwningColumn.Name  [productName]
[ADMIN] [11/15/2016 12:05] [PENJUALAN] CASHIER FORM : productName_previewKeyDown, cashierDataGridView.CurrentCell.OwningColumn.Name  [productName]
[ADMIN] [11/15/2016 12:05] [PENJUALAN] CASHIER FORM : productName_previewKeyDown, cashierDataGridView.CurrentCell.OwningColumn.Name  [productName]
[ADMIN] [11/15/2016 12:05] [PENJUALAN] CASHIER FORM : productName_previewKeyDown, cashierDataGridView.CurrentCell.OwningColumn.Name  [productName]
[ADMIN] [11/15/2016 12:05] [PENJUALAN] CASHIER FORM : productName_previewKeyDown, cashierDataGridView.CurrentCell.OwningColumn.Name  [productName]
[ADMIN] [11/15/2016 12:05] [PENJUALAN] CASHIER FORM : productName_previewKeyDown, cashierDataGridView.CurrentCell.OwningColumn.Name  [productName]
[ADMIN] [11/15/2016 12:05] [PENJUALAN] CASHIER FORM : productName_previewKeyDown, cashierDataGridView.CurrentCell.OwningColumn.Name  [productName]
[ADMIN] [11/15/2016 12:05] [PENJUALAN] CASHIER FORM : productName_previewKeyDown, cashierDataGridView.CurrentCell.OwningColumn.Name  [productName]
[ADMIN] [11/15/2016 12:05] [PENJUALAN] CASHIER FORM : productName_previewKeyDown, cashierDataGridView.CurrentCell.OwningColumn.Name  [productName]
[ADMIN] [11/15/2016 12:05] [PENJUALAN] CASHIER FORM : productName_previewKeyDown, cashierDataGridView.CurrentCell.OwningColumn.Name  [productName]
[ADMIN] [11/15/2016 12:05] [PENJUALAN] CASHIER FORM : productName_previewKeyDown, cashierDataGridView.CurrentCell.OwningColumn.Name  [productName]
[ADMIN] [11/15/2016 12:05] [PENJUALAN] CASHIER FORM : productName_previewKeyDown, cashierDataGridView.CurrentCell.OwningColumn.Name  [productName]
[ADMIN] [11/15/2016 12:05] [PENJUALAN] CASHIER FORM : productName_previewKeyDown, cashierDataGridView.CurrentCell.OwningColumn.Name  [productName]
[ADMIN] [11/15/2016 12:05] [PENJUALAN] CASHIER FORM : productName_previewKeyDown, cashierDataGridView.CurrentCell.OwningColumn.Name  [productName]
[ADMIN] [11/15/2016 12:05] [PENJUALAN] CASHIER FORM : productName_previewKeyDown, cashierDataGridView.CurrentCell.OwningColumn.Name  [productName]
[ADMIN] [11/15/2016 12:05] [PENJUALAN] CASHIER FORM : productName_previewKeyDown, cashierDataGridView.CurrentCell.OwningColumn.Name  [productName]
[ADMIN] [11/15/2016 12:05] [PENJUALAN] CASHIER FORM : productName_previewKeyDown, cashierDataGridView.CurrentCell.OwningColumn.Name  [productName]
[ADMIN] [11/15/2016 12:05] [PENJUALAN] CASHIER FORM : productName_previewKeyDown, cashierDataGridView.CurrentCell.OwningColumn.Name  [productName]
[ADMIN] [11/15/2016 12:05] [PENJUALAN] CASHIER FORM : productName_previewKeyDown, cashierDataGridView.CurrentCell.OwningColumn.Name  [productName]
[ADMIN] [11/15/2016 12:05] [PENJUALAN] CASHIER FORM : productName_previewKeyDown, cashierDataGridView.CurrentCell.OwningColumn.Name  [productName]
[ADMIN] [11/15/2016 12:05] [PENJUALAN] CASHIER FORM : productName_previewKeyDown, cashierDataGridView.CurrentCell.OwningColumn.Name  [productName]
[ADMIN] [11/15/2016 12:05] [PENJUALAN] CASHIER FORM : productName_previewKeyDown, cashierDataGridView.CurrentCell.OwningColumn.Name  [productName]
[ADMIN] [11/15/2016 12:05] [PENJUALAN] CASHIER FORM : productName_previewKeyDown, cashierDataGridView.CurrentCell.OwningColumn.Name  [productName]
[ADMIN] [11/15/2016 12:05] [PENJUALAN] CASHIER FORM : productName_previewKeyDown, cashierDataGridView.CurrentCell.OwningColumn.Name  [productName]
[ADMIN] [11/15/2016 12:05] [PENJUALAN] CASHIER FORM : productName_previewKeyDown, cashierDataGridView.CurrentCell.OwningColumn.Name  [productName]
[ADMIN] [11/15/2016 12:05] [PENJUALAN] CASHIER FORM : productName_previewKeyDown, cashierDataGridView.CurrentCell.OwningColumn.Name  [productName]
[ADMIN] [11/15/2016 12:05] [PENJUALAN] CASHIER FORM : productName_previewKeyDown, cashierDataGridView.CurrentCell.OwningColumn.Name  [productName]
[ADMIN] [11/15/2016 12:05] [PENJUALAN] CASHIER FORM : productName_previewKeyDown, cashierDataGridView.CurrentCell.OwningColumn.Name  [productName]
[ADMIN] [11/15/2016 12:05] [PENJUALAN] CASHIER FORM : productName_previewKeyDown, cashierDataGridView.CurrentCell.OwningColumn.Name  [productName]
[ADMIN] [11/15/2016 12:05] [PENJUALAN] CASHIER FORM : productName_previewKeyDown, cashierDataGridView.CurrentCell.OwningColumn.Name  [productName]
[ADMIN] [11/15/2016 12:05] [PENJUALAN] CASHIER FORM : productName_previewKeyDown, cashierDataGridView.CurrentCell.OwningColumn.Name  [productName]
[ADMIN] [11/15/2016 12:05] [PENJUALAN] CASHIER FORM : productName_previewKeyDown, cashierDataGridView.CurrentCell.OwningColumn.Name  [productName]
[ADMIN] [11/15/2016 12:05] [PENJUALAN] CASHIER FORM : productName_previewKeyDown, cashierDataGridView.CurrentCell.OwningColumn.Name  [productName]
[ADMIN] [11/15/2016 12:05] [PENJUALAN] CASHIER FORM : Combobox_KeyUp, cashierDataGridView.CurrentCell.OwningColumn.Name  [productName]
[ADMIN] [11/15/2016 12:05] [PENJUALAN] CASHIER FORM : Combobox_KeyUp, cashierDataGridView.CurrentCell.OwningColumn.Name  [productName]
[ADMIN] [11/15/2016 12:05] [PENJUALAN] CASHIER FORM : Combobox_KeyUp, cashierDataGridView.CurrentCell.OwningColumn.Name  [productName]
[ADMIN] [11/15/2016 12:05] [PENJUALAN] CASHIER FORM : Combobox_KeyUp, cashierDataGridView.CurrentCell.OwningColumn.Name  [productName]
[ADMIN] [11/15/2016 12:05] [PENJUALAN] CASHIER FORM : Combobox_KeyUp, cashierDataGridView.CurrentCell.OwningColumn.Name  [productName]
[ADMIN] [11/15/2016 12:05] [PENJUALAN] CASHIER FORM : Combobox_KeyUp, cashierDataGridView.CurrentCell.OwningColumn.Name  [productName]
[ADMIN] [11/15/2016 12:05] [PENJUALAN] CASHIER FORM : productName_previewKeyDown, cashierDataGridView.CurrentCell.OwningColumn.Name  [productName]
[ADMIN] [11/15/2016 12:05] [PENJUALAN] CASHIER FORM : productName_previewKeyDown, cashierDataGridView.CurrentCell.OwningColumn.Name  [productName]
[ADMIN] [11/15/2016 12:05] [PENJUALAN] CASHIER FORM : productName_previewKeyDown, cashierDataGridView.CurrentCell.OwningColumn.Name  [productName]
[ADMIN] [11/15/2016 12:05] [PENJUALAN] CASHIER FORM : productName_previewKeyDown, cashierDataGridView.CurrentCell.OwningColumn.Name  [productName]
[ADMIN] [11/15/2016 12:05] [PENJUALAN] CASHIER FORM : Combobox_KeyUp, cashierDataGridView.CurrentCell.OwningColumn.Name  [productName]
[ADMIN] [11/15/2016 12:05] [PENJUALAN] CASHIER FORM : Combobox_KeyUp, cashierDataGridView.CurrentCell.OwningColumn.Name  [productName]
[ADMIN] [11/15/2016 12:05] [PENJUALAN] CASHIER FORM : Combobox_KeyUp, cashierDataGridView.CurrentCell.OwningColumn.Name  [productName]
[ADMIN] [11/15/2016 12:05] [PENJUALAN] CASHIER FORM : Combobox_KeyUp, cashierDataGridView.CurrentCell.OwningColumn.Name  [productName]
[ADMIN] [11/15/2016 12:05] [PENJUALAN] CASHIER FORM : Combobox_KeyUp, cashierDataGridView.CurrentCell.OwningColumn.Name  [productName]
[ADMIN] [11/15/2016 12:05] [PENJUALAN] CASHIER FORM : Combobox_KeyUp, cashierDataGridView.CurrentCell.OwningColumn.Name  [productName]
[ADMIN] [11/15/2016 12:05] [PENJUALAN] CASHIER FORM : productName_previewKeyDown, cashierDataGridView.CurrentCell.OwningColumn.Name  [productName]
[ADMIN] [11/15/2016 12:05] [PENJUALAN] CASHIER FORM : productName_previewKeyDown, cashierDataGridView.CurrentCell.OwningColumn.Name  [productName]
[ADMIN] [11/15/2016 12:05] [PENJUALAN] CASHIER FORM : productName_previewKeyDown, cashierDataGridView.CurrentCell.OwningColumn.Name  [productName]
[ADMIN] [11/15/2016 12:05] [PENJUALAN] CASHIER FORM : productName_previewKeyDown, cashierDataGridView.CurrentCell.OwningColumn.Name  [productName]
[ADMIN] [11/15/2016 12:05] [PENJUALAN] CASHIER FORM : Combobox_KeyUp, cashierDataGridView.CurrentCell.OwningColumn.Name  [productName]
[ADMIN] [11/15/2016 12:05] [PENJUALAN] CASHIER FORM : Combobox_KeyUp, cashierDataGridView.CurrentCell.OwningColumn.Name  [productName]
[ADMIN] [11/15/2016 12:05] [PENJUALAN] CASHIER FORM : Combobox_KeyUp, cashierDataGridView.CurrentCell.OwningColumn.Name  [productName]
[ADMIN] [11/15/2016 12:05] [PENJUALAN] CASHIER FORM : Combobox_KeyUp, cashierDataGridView.CurrentCell.OwningColumn.Name  [productName]
[ADMIN] [11/15/2016 12:05] [PENJUALAN] CASHIER FORM : Combobox_KeyUp, cashierDataGridView.CurrentCell.OwningColumn.Name  [productName]
[ADMIN] [11/15/2016 12:05] [PENJUALAN] CASHIER FORM : Combobox_KeyUp, cashierDataGridView.CurrentCell.OwningColumn.Name  [productName]
[ADMIN] [11/15/2016 12:05] [PENJUALAN] CASHIER FORM : productName_previewKeyDown, cashierDataGridView.CurrentCell.OwningColumn.Name  [productName]
[ADMIN] [11/15/2016 12:05] [PENJUALAN] CASHIER FORM : productName_previewKeyDown, cashierDataGridView.CurrentCell.OwningColumn.Name  [productName]
[ADMIN] [11/15/2016 12:05] [PENJUALAN] CASHIER FORM : productName_previewKeyDown, cashierDataGridView.CurrentCell.OwningColumn.Name  [productName]
[ADMIN] [11/15/2016 12:05] [PENJUALAN] CASHIER FORM : productName_previewKeyDown, cashierDataGridView.CurrentCell.OwningColumn.Name  [productName]
[ADMIN] [11/15/2016 12:05] [PENJUALAN] CASHIER FORM : UNREGISTER HOTKEY
[ADMIN] [11/15/2016 12:11] [PENJUALAN] CASHIER FORM : REGISTER HOTKEY
[ADMIN] [11/15/2016 12:11] [PENJUALAN] CASHIER FORM : Combobox_KeyUp, cashierDataGridView.CurrentCell.OwningColumn.Name  [productName]
[ADMIN] [11/15/2016 12:11] [PENJUALAN] CASHIER FORM : Combobox_KeyUp, cashierDataGridView.CurrentCell.OwningColumn.Name  [productName]
[ADMIN] [11/15/2016 12:11] [PENJUALAN] CASHIER FORM : Combobox_KeyUp, cashierDataGridView.CurrentCell.OwningColumn.Name  [productName]
[ADMIN] [11/15/2016 12:11] [PENJUALAN] CASHIER FORM : Combobox_KeyUp, cashierDataGridView.CurrentCell.OwningColumn.Name  [productName]
[ADMIN] [11/15/2016 12:11] [PENJUALAN] CASHIER FORM : Combobox_KeyUp, cashierDataGridView.CurrentCell.OwningColumn.Name  [productName]
[ADMIN] [11/15/2016 12:11] [PENJUALAN] CASHIER FORM : Combobox_KeyUp, cashierDataGridView.CurrentCell.OwningColumn.Name  [productName]
[ADMIN] [11/15/2016 12:11] [PENJUALAN] CASHIER FORM : UNREGISTER HOTKEY
[ADMIN] [11/15/2016 12:11] [PENJUALAN] CASHIER FORM : UNREGISTER HOTKEY
[ADMIN] [11/15/2016 14:16] [] USER ID = 1LOGOUT
