[] [5/16/2017 14:43] [] USER = ADMIN IS ACTIVE
[ADMIN] [5/16/2017 14:43] [] USER ID = 1 LOGIN SUCCESSFULLY
[ADMIN] [5/16/2017 14:43] [] ACTIVATE USER ACCESS RIGHT
[ADMIN] [5/16/2017 14:43] [] DISPLAY ADMIN FORM
[ADMIN] [5/16/2017 14:43] [] adminForm Load
[ADMIN] [5/16/2017 14:43] [] ACTIVATE USER ACCESS RIGHT
[ADMIN] [5/16/2017 14:44] [PENJUALAN] CASHIER FORM : REGISTER HOTKEY
[ADMIN] [5/16/2017 14:44] [PENJUALAN] CASHIER FORM : cashierForm_Load, ATTEMPT TO LOAD NO FAKTUR
[ADMIN] [5/16/2017 14:44] [PENJUALAN] CASHIER FORM : loadNoFaktur, noFakturValue [SLO001]
[ADMIN] [5/16/2017 14:44] [PENJUALAN] CASHIER FORM : cashierForm_Load, ATTEMPT TO addColumnToDataGrid
[ADMIN] [5/16/2017 14:44] [PENJUALAN] CASHIER FORM : UPDATE ROW NUMBER, TOTAL ROW [1]
[ADMIN] [5/16/2017 14:44] [PENJUALAN] CASHIER FORM : cashierDataGridView_CellValueChanged [F8]
[ADMIN] [5/16/2017 14:44] [PENJUALAN] CASHIER FORM : ADD NEW ROW,  isActive [True]
[ADMIN] [5/16/2017 14:44] [PENJUALAN] CASHIER FORM : ADD NEW ROW,  ROW COUNT [0]
[ADMIN] [5/16/2017 14:44] [PENJUALAN] CASHIER FORM : ADD NEW ROW,  ALLOW TO ADD [True]
[ADMIN] [5/16/2017 14:44] [PENJUALAN] CASHIER FORM : UPDATE ROW NUMBER, TOTAL ROW [1]
[ADMIN] [5/16/2017 14:44] [PENJUALAN] CASHIER FORM : REGISTER HOTKEY
[ADMIN] [5/16/2017 14:44] [PENJUALAN] CASHIER FORM : UNREGISTER HOTKEY
[ADMIN] [5/16/2017 14:44] [PENJUALAN] CASHIER FORM : UNREGISTER HOTKEY
[ADMIN] [5/16/2017 14:44] [PENJUALAN] CASHIER FORM : REGISTER HOTKEY
[ADMIN] [5/16/2017 14:44] [PENJUALAN] CASHIER FORM : cashierForm_Load, ATTEMPT TO LOAD NO FAKTUR
[ADMIN] [5/16/2017 14:44] [PENJUALAN] CASHIER FORM : loadNoFaktur, noFakturValue [SLO001]
[ADMIN] [5/16/2017 14:44] [PENJUALAN] CASHIER FORM : cashierForm_Load, ATTEMPT TO addColumnToDataGrid
[ADMIN] [5/16/2017 14:44] [PENJUALAN] CASHIER FORM : UPDATE ROW NUMBER, TOTAL ROW [1]
[ADMIN] [5/16/2017 14:44] [PENJUALAN] CASHIER FORM : cashierDataGridView_CellValueChanged [F8]
[ADMIN] [5/16/2017 14:44] [PENJUALAN] CASHIER FORM : ADD NEW ROW,  isActive [True]
[ADMIN] [5/16/2017 14:44] [PENJUALAN] CASHIER FORM : ADD NEW ROW,  ROW COUNT [0]
[ADMIN] [5/16/2017 14:44] [PENJUALAN] CASHIER FORM : ADD NEW ROW,  ALLOW TO ADD [True]
[ADMIN] [5/16/2017 14:44] [PENJUALAN] CASHIER FORM : UPDATE ROW NUMBER, TOTAL ROW [1]
[ADMIN] [5/16/2017 14:44] [PENJUALAN] CASHIER FORM : REGISTER HOTKEY
[ADMIN] [5/16/2017 14:44] [PENJUALAN] CASHIER FORM : UNREGISTER HOTKEY
[ADMIN] [5/16/2017 14:44] [PENJUALAN] CASHIER FORM : REGISTER HOTKEY
[ADMIN] [5/16/2017 14:44] [PENJUALAN] RE-PRINT INVOICE
[ADMIN] [5/16/2017 14:44] [PENJUALAN] CASHIER FORM : PrintReceipt
[ADMIN] [5/16/2017 14:44] [PENJUALAN] CASHIER FORM : PrintReceipt, POS size Paper
[ADMIN] [5/16/2017 14:44] [PENJUALAN] CASHIER FORM : printDocument1_PrintPage, print POS size receipt
[ADMIN] [5/16/2017 14:44] [PENJUALAN] CASHIER FORM : loadInfoToko
[] [5/16/2017 14:59] [] USER = ADMIN IS ACTIVE
[ADMIN] [5/16/2017 14:59] [] USER ID = 1 LOGIN SUCCESSFULLY
[ADMIN] [5/16/2017 14:59] [] ACTIVATE USER ACCESS RIGHT
[ADMIN] [5/16/2017 14:59] [] DISPLAY ADMIN FORM
[ADMIN] [5/16/2017 14:59] [] adminForm Load
[ADMIN] [5/16/2017 14:59] [] ACTIVATE USER ACCESS RIGHT
[ADMIN] [5/16/2017 14:59] [PENJUALAN] CASHIER FORM : REGISTER HOTKEY
[ADMIN] [5/16/2017 14:59] [PENJUALAN] CASHIER FORM : cashierForm_Load, ATTEMPT TO LOAD NO FAKTUR
[ADMIN] [5/16/2017 14:59] [PENJUALAN] CASHIER FORM : loadNoFaktur, noFakturValue [SLO001]
[ADMIN] [5/16/2017 14:59] [PENJUALAN] CASHIER FORM : cashierForm_Load, ATTEMPT TO addColumnToDataGrid
[ADMIN] [5/16/2017 14:59] [PENJUALAN] CASHIER FORM : UPDATE ROW NUMBER, TOTAL ROW [1]
[ADMIN] [5/16/2017 14:59] [PENJUALAN] CASHIER FORM : cashierDataGridView_CellValueChanged [F8]
[ADMIN] [5/16/2017 14:59] [PENJUALAN] CASHIER FORM : ADD NEW ROW,  isActive [True]
[ADMIN] [5/16/2017 14:59] [PENJUALAN] CASHIER FORM : ADD NEW ROW,  ROW COUNT [0]
[ADMIN] [5/16/2017 14:59] [PENJUALAN] CASHIER FORM : ADD NEW ROW,  ALLOW TO ADD [True]
[ADMIN] [5/16/2017 14:59] [PENJUALAN] CASHIER FORM : UPDATE ROW NUMBER, TOTAL ROW [1]
[ADMIN] [5/16/2017 14:59] [PENJUALAN] CASHIER FORM : REGISTER HOTKEY
[ADMIN] [5/16/2017 15:00] [PENJUALAN] CASHIER FORM : UNREGISTER HOTKEY
[ADMIN] [5/16/2017 15:00] [PENJUALAN] CASHIER FORM : REGISTER HOTKEY
[ADMIN] [5/16/2017 15:00] [PENJUALAN] RE-PRINT INVOICE
[ADMIN] [5/16/2017 15:00] [PENJUALAN] CASHIER FORM : PrintReceipt
[ADMIN] [5/16/2017 15:00] [PENJUALAN] CASHIER FORM : PrintReceipt, POS size Paper
[ADMIN] [5/16/2017 15:00] [PENJUALAN] CASHIER FORM : printDocument1_PrintPage, print POS size receipt
[ADMIN] [5/16/2017 15:00] [PENJUALAN] CASHIER FORM : loadInfoToko
[] [5/16/2017 15:12] [] USER = ADMIN IS ACTIVE
[ADMIN] [5/16/2017 15:12] [] USER ID = 1 LOGIN SUCCESSFULLY
[ADMIN] [5/16/2017 15:12] [] ACTIVATE USER ACCESS RIGHT
[ADMIN] [5/16/2017 15:12] [] DISPLAY ADMIN FORM
[ADMIN] [5/16/2017 15:12] [] adminForm Load
[ADMIN] [5/16/2017 15:12] [] ACTIVATE USER ACCESS RIGHT
[ADMIN] [5/16/2017 15:13] [PENJUALAN] CASHIER FORM : REGISTER HOTKEY
[ADMIN] [5/16/2017 15:13] [PENJUALAN] CASHIER FORM : cashierForm_Load, ATTEMPT TO LOAD NO FAKTUR
[ADMIN] [5/16/2017 15:13] [PENJUALAN] CASHIER FORM : loadNoFaktur, noFakturValue [SLO001]
[ADMIN] [5/16/2017 15:13] [PENJUALAN] CASHIER FORM : cashierForm_Load, ATTEMPT TO addColumnToDataGrid
[ADMIN] [5/16/2017 15:13] [PENJUALAN] CASHIER FORM : UPDATE ROW NUMBER, TOTAL ROW [1]
[ADMIN] [5/16/2017 15:13] [PENJUALAN] CASHIER FORM : cashierDataGridView_CellValueChanged [F8]
[ADMIN] [5/16/2017 15:13] [PENJUALAN] CASHIER FORM : ADD NEW ROW,  isActive [True]
[ADMIN] [5/16/2017 15:13] [PENJUALAN] CASHIER FORM : ADD NEW ROW,  ROW COUNT [0]
[ADMIN] [5/16/2017 15:13] [PENJUALAN] CASHIER FORM : ADD NEW ROW,  ALLOW TO ADD [True]
[ADMIN] [5/16/2017 15:13] [PENJUALAN] CASHIER FORM : UPDATE ROW NUMBER, TOTAL ROW [1]
[ADMIN] [5/16/2017 15:13] [PENJUALAN] CASHIER FORM : REGISTER HOTKEY
[ADMIN] [5/16/2017 15:13] [PENJUALAN] CASHIER FORM : UNREGISTER HOTKEY
[ADMIN] [5/16/2017 15:13] [PENJUALAN] CASHIER FORM : REGISTER HOTKEY
[ADMIN] [5/16/2017 15:13] [PENJUALAN] RE-PRINT INVOICE
[ADMIN] [5/16/2017 15:13] [PENJUALAN] CASHIER FORM : PrintReceipt
[ADMIN] [5/16/2017 15:13] [PENJUALAN] CASHIER FORM : PrintReceipt, POS size Paper
[ADMIN] [5/16/2017 15:13] [PENJUALAN] CASHIER FORM : printDocument1_PrintPage, print POS size receipt
[ADMIN] [5/16/2017 15:13] [PENJUALAN] CASHIER FORM : loadInfoToko
[ADMIN] [5/16/2017 15:13] [PENJUALAN] CASHIER FORM : calculatePageLength, totalLengthPage [327]
[ADMIN] [5/16/2017 15:13] [PENJUALAN] CASHIER FORM : UNREGISTER HOTKEY
[ADMIN] [5/16/2017 15:13] [PENJUALAN] CASHIER FORM : printDocument1_PrintPage, print POS size receipt
[ADMIN] [5/16/2017 15:13] [PENJUALAN] CASHIER FORM : loadInfoToko
[ADMIN] [5/16/2017 15:13] [PENJUALAN] CASHIER FORM : loadNamaUser
[ADMIN] [5/16/2017 15:13] [PENJUALAN] CASHIER FORM : REGISTER HOTKEY
[ADMIN] [5/16/2017 15:13] [PENJUALAN] CASHIER FORM : UNREGISTER HOTKEY
[ADMIN] [5/16/2017 15:13] [PENJUALAN] CASHIER FORM : UNREGISTER HOTKEY
[ADMIN] [5/16/2017 15:13] [PENJUALAN] CASHIER FORM : REGISTER HOTKEY
[ADMIN] [5/16/2017 15:13] [PENJUALAN] CASHIER FORM : cashierForm_Load, ATTEMPT TO LOAD NO FAKTUR
[ADMIN] [5/16/2017 15:13] [PENJUALAN] CASHIER FORM : loadNoFaktur, noFakturValue [SLO001]
[ADMIN] [5/16/2017 15:13] [PENJUALAN] CASHIER FORM : cashierForm_Load, ATTEMPT TO addColumnToDataGrid
[ADMIN] [5/16/2017 15:13] [PENJUALAN] CASHIER FORM : UPDATE ROW NUMBER, TOTAL ROW [1]
[ADMIN] [5/16/2017 15:13] [PENJUALAN] CASHIER FORM : cashierDataGridView_CellValueChanged [F8]
[ADMIN] [5/16/2017 15:13] [PENJUALAN] CASHIER FORM : ADD NEW ROW,  isActive [True]
[ADMIN] [5/16/2017 15:13] [PENJUALAN] CASHIER FORM : ADD NEW ROW,  ROW COUNT [0]
[ADMIN] [5/16/2017 15:13] [PENJUALAN] CASHIER FORM : ADD NEW ROW,  ALLOW TO ADD [True]
[ADMIN] [5/16/2017 15:13] [PENJUALAN] CASHIER FORM : UPDATE ROW NUMBER, TOTAL ROW [1]
[ADMIN] [5/16/2017 15:13] [PENJUALAN] CASHIER FORM : REGISTER HOTKEY
[ADMIN] [5/16/2017 15:13] [PENJUALAN] CASHIER FORM : UNREGISTER HOTKEY
[ADMIN] [5/16/2017 15:13] [PENJUALAN] CASHIER FORM : REGISTER HOTKEY
[ADMIN] [5/16/2017 15:13] [PENJUALAN] RE-PRINT INVOICE
[ADMIN] [5/16/2017 15:13] [PENJUALAN] CASHIER FORM : PrintReceipt
[ADMIN] [5/16/2017 15:13] [PENJUALAN] CASHIER FORM : PrintReceipt, POS size Paper
[ADMIN] [5/16/2017 15:13] [PENJUALAN] CASHIER FORM : printDocument1_PrintPage, print POS size receipt
[ADMIN] [5/16/2017 15:13] [PENJUALAN] CASHIER FORM : loadInfoToko
[ADMIN] [5/16/2017 15:13] [PENJUALAN] CASHIER FORM : calculatePageLength, totalLengthPage [355]
[ADMIN] [5/16/2017 15:13] [PENJUALAN] CASHIER FORM : UNREGISTER HOTKEY
[ADMIN] [5/16/2017 15:13] [PENJUALAN] CASHIER FORM : printDocument1_PrintPage, print POS size receipt
[ADMIN] [5/16/2017 15:13] [PENJUALAN] CASHIER FORM : loadInfoToko
[ADMIN] [5/16/2017 15:13] [PENJUALAN] CASHIER FORM : loadNamaUser
[ADMIN] [5/16/2017 15:13] [PENJUALAN] CASHIER FORM : REGISTER HOTKEY
[ADMIN] [5/16/2017 15:13] [PENJUALAN] CASHIER FORM : UNREGISTER HOTKEY
[ADMIN] [5/16/2017 15:13] [PENJUALAN] CASHIER FORM : UNREGISTER HOTKEY
[ADMIN] [5/16/2017 15:13] [] USER ID = 1LOGOUT
