[] [11/9/2016 12:27] [] USER = ADMIN IS ACTIVE
[ADMIN] [11/9/2016 12:27] [] USER ID = 1 LOGIN SUCCESSFULLY
[ADMIN] [11/9/2016 12:28] [] ACTIVATE USER ACCESS RIGHT
[ADMIN] [11/9/2016 12:28] [] DISPLAY ADMIN FORM
[ADMIN] [11/9/2016 12:28] [] adminForm Load
[ADMIN] [11/9/2016 12:28] [] ACTIVATE USER ACCESS RIGHT
[ADMIN] [11/9/2016 12:33] [] DAILY STOCK TAKE : detailDataGrid_CellValueChanged [remark]
[ADMIN] [11/9/2016 12:33] [] DAILY STOCK TAKE : detailDataGrid_CellValueChanged [remark]
[ADMIN] [11/9/2016 12:33] [] DAILY STOCK TAKE : detailDataGrid_CellValueChanged [remark]
[ADMIN] [11/9/2016 12:33] [] DAILY STOCK TAKE : detailDataGrid_CellValueChanged [remark]
[ADMIN] [11/9/2016 12:33] [] DAILY STOCK TAKE : detailDataGrid_CellValueChanged [remark]
[ADMIN] [11/9/2016 12:33] [] DAILY STOCK TAKE : detailDataGrid_CellValueChanged [remark]
[] [11/9/2016 12:59] [] USER = ADMIN IS ACTIVE
[ADMIN] [11/9/2016 12:59] [] USER ID = 1 LOGIN SUCCESSFULLY
[ADMIN] [11/9/2016 13:00] [] ACTIVATE USER ACCESS RIGHT
[ADMIN] [11/9/2016 13:00] [] DISPLAY ADMIN FORM
[ADMIN] [11/9/2016 13:00] [] adminForm Load
[ADMIN] [11/9/2016 13:00] [] ACTIVATE USER ACCESS RIGHT
[ADMIN] [11/9/2016 13:00] [] DAILY STOCK TAKE : detailDataGrid_CellValueChanged [remark]
[ADMIN] [11/9/2016 13:00] [] DAILY STOCK TAKE : detailDataGrid_CellValueChanged [remark]
[ADMIN] [11/9/2016 13:00] [] DAILY STOCK TAKE : detailDataGrid_CellValueChanged [remark]
[ADMIN] [11/9/2016 13:00] [] DAILY STOCK TAKE : detailDataGrid_CellValueChanged [remark]
[ADMIN] [11/9/2016 13:00] [] DAILY STOCK TAKE : detailDataGrid_CellValueChanged [remark]
[ADMIN] [11/9/2016 13:00] [] DAILY STOCK TAKE : detailDataGrid_CellValueChanged [remark]
[ADMIN] [11/9/2016 13:00] [] DAILY STOCK TAKE : detailDataGrid_CellValueChanged [remark]
[ADMIN] [11/9/2016 13:00] [] DAILY STOCK TAKE : detailDataGrid_CellValueChanged [remark]
[ADMIN] [11/9/2016 13:00] [] DAILY STOCK TAKE : detailDataGrid_CellValueChanged [remark]
[ADMIN] [11/9/2016 13:01] [] CREATE DATA GROUP FORM MODULE_ID [51]
[ADMIN] [11/9/2016 13:01] [] CREATE DATA GROUP ACCESS MODULE FORM, GROUP USER ID [1]
[ADMIN] [11/9/2016 13:01] [] USER ID = 1LOGOUT
