[] [5/5/2017 11:46] [] USER = ADMIN IS ACTIVE
[ADMIN] [5/5/2017 11:46] [] USER ID = 1 LOGIN SUCCESSFULLY
[ADMIN] [5/5/2017 11:46] [] ACTIVATE USER ACCESS RIGHT
[ADMIN] [5/5/2017 11:46] [] DISPLAY ADMIN FORM
[ADMIN] [5/5/2017 11:46] [] adminForm Load
[ADMIN] [5/5/2017 11:46] [] ACTIVATE USER ACCESS RIGHT
[ADMIN] [5/5/2017 11:47] [PENJUALAN] CASHIER FORM : MULTIPLE CASHIER INSTANCE [1]
[ADMIN] [5/5/2017 11:47] [PENJUALAN] CASHIER FORM : REGISTER HOTKEY
[ADMIN] [5/5/2017 11:47] [PENJUALAN] CASHIER FORM : cashierForm_Load, ATTEMPT TO LOAD NO FAKTUR
[ADMIN] [5/5/2017 11:47] [PENJUALAN] CASHIER FORM : loadNoFaktur, noFakturValue [SLO001]
[ADMIN] [5/5/2017 11:47] [PENJUALAN] CASHIER FORM : cashierForm_Load, ATTEMPT TO addColumnToDataGrid
[ADMIN] [5/5/2017 11:47] [PENJUALAN] CASHIER FORM : UPDATE ROW NUMBER, TOTAL ROW [1]
[ADMIN] [5/5/2017 11:47] [PENJUALAN] CASHIER FORM : cashierDataGridView_CellValueChanged [F8]
[ADMIN] [5/5/2017 11:47] [PENJUALAN] CASHIER FORM : REGISTER HOTKEY
[ADMIN] [5/5/2017 11:47] [PENJUALAN] CASHIER FORM : Combobox_KeyUp, cashierDataGridView.CurrentCell.OwningColumn.Name  [productID]
[ADMIN] [5/5/2017 11:48] [PENJUALAN] CASHIER FORM : Combobox_previewKeyDown, cashierDataGridView.CurrentCell.OwningColumn.Name  [productID]
[ADMIN] [5/5/2017 11:48] [PENJUALAN] CASHIER FORM : UPDATE ROW NUMBER, TOTAL ROW [2]
[ADMIN] [5/5/2017 11:48] [PENJUALAN] CASHIER FORM : cashierDataGridView_CellValueChanged [F8]
[ADMIN] [5/5/2017 11:48] [PENJUALAN] CASHIER FORM : cashierDataGridView_CellValueChanged [productID]
[ADMIN] [5/5/2017 11:48] [PENJUALAN] CASHIER FORM : Combobox_KeyUp, cashierDataGridView.CurrentCell.OwningColumn.Name  [productID]
[ADMIN] [5/5/2017 11:48] [PENJUALAN] CASHIER FORM : Combobox_previewKeyDown, cashierDataGridView.CurrentCell.OwningColumn.Name  [productID]
[ADMIN] [5/5/2017 11:48] [PENJUALAN] CASHIER FORM : cashierDataGridView_CellValueChanged [productID]
[ADMIN] [5/5/2017 11:48] [PENJUALAN] CASHIER FORM : Combobox_KeyUp, cashierDataGridView.CurrentCell.OwningColumn.Name  [productID]
[ADMIN] [5/5/2017 11:48] [PENJUALAN] CASHIER FORM : Combobox_previewKeyDown, cashierDataGridView.CurrentCell.OwningColumn.Name  [productID]
[ADMIN] [5/5/2017 11:48] [PENJUALAN] CASHIER FORM : cashierDataGridView_CellValueChanged [productID]
[ADMIN] [5/5/2017 11:48] [PENJUALAN] CASHIER FORM : Combobox_KeyUp, cashierDataGridView.CurrentCell.OwningColumn.Name  [productID]
[ADMIN] [5/5/2017 11:48] [PENJUALAN] CASHIER FORM : Combobox_previewKeyDown, cashierDataGridView.CurrentCell.OwningColumn.Name  [productID]
[ADMIN] [5/5/2017 11:48] [PENJUALAN] CASHIER FORM : cashierDataGridView_CellValueChanged [productID]
[ADMIN] [5/5/2017 11:48] [PENJUALAN] CASHIER FORM : Combobox_KeyUp, cashierDataGridView.CurrentCell.OwningColumn.Name  [productID]
[ADMIN] [5/5/2017 11:48] [PENJUALAN] CASHIER FORM : Combobox_previewKeyDown, cashierDataGridView.CurrentCell.OwningColumn.Name  [productID]
[ADMIN] [5/5/2017 11:48] [PENJUALAN] CASHIER FORM : cashierDataGridView_CellValueChanged [productID]
[ADMIN] [5/5/2017 11:48] [PENJUALAN] CASHIER FORM : Combobox_KeyUp, cashierDataGridView.CurrentCell.OwningColumn.Name  [productID]
[ADMIN] [5/5/2017 11:48] [PENJUALAN] CASHIER FORM : Combobox_previewKeyDown, cashierDataGridView.CurrentCell.OwningColumn.Name  [productID]
[ADMIN] [5/5/2017 11:48] [PENJUALAN] CASHIER FORM : updateSomeRowContents
[ADMIN] [5/5/2017 11:48] [PENJUALAN] CASHIER FORM : cashierDataGridView_CellValueChanged [productName]
[ADMIN] [5/5/2017 11:48] [PENJUALAN] CASHIER FORM : PRODUCT PRICE TYPE [PRODUCT_BASE_PRICE]
[ADMIN] [5/5/2017 11:48] [PENJUALAN] CASHIER FORM : PRODUCT PRICE [200]
[ADMIN] [5/5/2017 11:48] [PENJUALAN] CASHIER FORM : ComboBox_SelectedIndexChanged, PRODUCT_BASE_PRICE [200]
[ADMIN] [5/5/2017 11:48] [PENJUALAN] CASHIER FORM : cashierDataGridView_CellValueChanged [hpp]
[ADMIN] [5/5/2017 11:48] [PENJUALAN] CASHIER FORM : PRODUCT PRICE TYPE [PRODUCT_RETAIL_PRICE]
[ADMIN] [5/5/2017 11:48] [PENJUALAN] CASHIER FORM : PRODUCT PRICE [2000]
[ADMIN] [5/5/2017 11:48] [PENJUALAN] CASHIER FORM : ComboBox_SelectedIndexChanged, PRODUCT_SALES_PRICE [2000]
[ADMIN] [5/5/2017 11:48] [PENJUALAN] CASHIER FORM : cashierDataGridView_CellValueChanged [productPrice]
[ADMIN] [5/5/2017 11:48] [PENJUALAN] CASHIER FORM : cashierDataGridView_CellValueChanged, previousInput [0]
[ADMIN] [5/5/2017 11:48] [PENJUALAN] CASHIER FORM : cashierDataGridView_CellValueChanged, cellValue [2000]
[ADMIN] [5/5/2017 11:48] [PENJUALAN] CASHIER FORM : cashierDataGridView_CellValueChanged, dataGridViewTextBoxEditingControl.Text pass REGEX Checking
[ADMIN] [5/5/2017 11:48] [PENJUALAN] CASHIER FORM : CALCULATE SUBTOTAL
[ADMIN] [5/5/2017 11:48] [PENJUALAN] CASHIER FORM : SUBTOTAL [0]
[ADMIN] [5/5/2017 11:48] [PENJUALAN] CASHIER FORM : cashierDataGridView_CellValueChanged, subtotal value [0]
[ADMIN] [5/5/2017 11:48] [PENJUALAN] CASHIER FORM : cashierDataGridView_CellValueChanged, attempt to calculate total value
[ADMIN] [5/5/2017 11:48] [PENJUALAN] CASHIER FORM : calculateTotal
[ADMIN] [5/5/2017 11:48] [PENJUALAN] CASHIER FORM : calculateTotal [0]
[ADMIN] [5/5/2017 11:48] [PENJUALAN] CASHIER FORM : calculateTotal, totalAfterDisc [0]
[ADMIN] [5/5/2017 11:48] [PENJUALAN] CASHIER FORM : calculateChangeValue, bayarTextBox.Text [0]
[ADMIN] [5/5/2017 11:48] [PENJUALAN] CASHIER FORM : calculateChangeValue, sisaBayar [0]
[ADMIN] [5/5/2017 11:48] [PENJUALAN] CASHIER FORM : cashierDataGridView_CellValueChanged [qty]
[ADMIN] [5/5/2017 11:48] [PENJUALAN] CASHIER FORM : cashierDataGridView_CellValueChanged, previousInput [0]
[ADMIN] [5/5/2017 11:48] [PENJUALAN] CASHIER FORM : cashierDataGridView_CellValueChanged [jumlah]
[ADMIN] [5/5/2017 11:48] [PENJUALAN] CASHIER FORM : calculateTotal
[ADMIN] [5/5/2017 11:48] [PENJUALAN] CASHIER FORM : calculateTotal [0]
[ADMIN] [5/5/2017 11:48] [PENJUALAN] CASHIER FORM : calculateTotal, totalAfterDisc [0]
[ADMIN] [5/5/2017 11:48] [PENJUALAN] CASHIER FORM : calculateChangeValue, bayarTextBox.Text [0]
[ADMIN] [5/5/2017 11:48] [PENJUALAN] CASHIER FORM : calculateChangeValue, sisaBayar [0]
[ADMIN] [5/5/2017 11:48] [PENJUALAN] CASHIER FORM : updateSomeRowContents
[ADMIN] [5/5/2017 11:48] [PENJUALAN] CASHIER FORM : Combobox_KeyUp, cashierDataGridView.CurrentCell.OwningColumn.Name  [qty]
[ADMIN] [5/5/2017 11:48] [PENJUALAN] CASHIER FORM : cashierDataGridView_CellValueChanged [qty]
[ADMIN] [5/5/2017 11:48] [PENJUALAN] CASHIER FORM : cashierDataGridView_CellValueChanged, previousInput [0]
[ADMIN] [5/5/2017 11:48] [PENJUALAN] CASHIER FORM : cashierDataGridView_CellValueChanged, cellValue [1]
[ADMIN] [5/5/2017 11:48] [PENJUALAN] CASHIER FORM : cashierDataGridView_CellValueChanged, dataGridViewTextBoxEditingControl.Text pass REGEX Checking
[ADMIN] [5/5/2017 11:48] [PENJUALAN] CASHIER FORM : CHECK STOCK QTY IS ENOUGH [RT002]
[ADMIN] [5/5/2017 11:48] [PENJUALAN] CASHIER FORM : CHECK STOCK QTY IS ENOUGH [873, 1]
[ADMIN] [5/5/2017 11:48] [PENJUALAN] CASHIER FORM : CALCULATE SUBTOTAL
[ADMIN] [5/5/2017 11:48] [PENJUALAN] CASHIER FORM : SUBTOTAL [2000]
[ADMIN] [5/5/2017 11:48] [PENJUALAN] CASHIER FORM : cashierDataGridView_CellValueChanged, subtotal value [2000]
[ADMIN] [5/5/2017 11:48] [PENJUALAN] CASHIER FORM : cashierDataGridView_CellValueChanged, attempt to calculate total value
[ADMIN] [5/5/2017 11:48] [PENJUALAN] CASHIER FORM : calculateTotal
[ADMIN] [5/5/2017 11:48] [PENJUALAN] CASHIER FORM : calculateTotal [2000]
[ADMIN] [5/5/2017 11:48] [PENJUALAN] CASHIER FORM : calculateTotal, totalAfterDisc [2000]
[ADMIN] [5/5/2017 11:48] [PENJUALAN] CASHIER FORM : calculateChangeValue, bayarTextBox.Text [0]
[ADMIN] [5/5/2017 11:48] [PENJUALAN] CASHIER FORM : calculateChangeValue, sisaBayar [0]
[ADMIN] [5/5/2017 11:48] [PENJUALAN] CASHIER FORM : Combobox_KeyUp, cashierDataGridView.CurrentCell.OwningColumn.Name  [qty]
[ADMIN] [5/5/2017 11:48] [PENJUALAN] CASHIER FORM : cashierDataGridView_CellValueChanged [qty]
[ADMIN] [5/5/2017 11:48] [PENJUALAN] CASHIER FORM : cashierDataGridView_CellValueChanged, previousInput [1]
[ADMIN] [5/5/2017 11:48] [PENJUALAN] CASHIER FORM : cashierDataGridView_CellValueChanged, dataGridViewTextBoxEditingControl.Text pass REGEX Checking
[ADMIN] [5/5/2017 11:48] [PENJUALAN] CASHIER FORM : CHECK STOCK QTY IS ENOUGH [RT002]
[ADMIN] [5/5/2017 11:48] [PENJUALAN] CASHIER FORM : CHECK STOCK QTY IS ENOUGH [873, 15]
[ADMIN] [5/5/2017 11:48] [PENJUALAN] CASHIER FORM : CALCULATE SUBTOTAL
[ADMIN] [5/5/2017 11:48] [PENJUALAN] CASHIER FORM : SUBTOTAL [30000]
[ADMIN] [5/5/2017 11:48] [PENJUALAN] CASHIER FORM : cashierDataGridView_CellValueChanged, subtotal value [30000]
[ADMIN] [5/5/2017 11:48] [PENJUALAN] CASHIER FORM : cashierDataGridView_CellValueChanged, attempt to calculate total value
[ADMIN] [5/5/2017 11:48] [PENJUALAN] CASHIER FORM : calculateTotal
[ADMIN] [5/5/2017 11:48] [PENJUALAN] CASHIER FORM : calculateTotal [30000]
[ADMIN] [5/5/2017 11:48] [PENJUALAN] CASHIER FORM : calculateTotal, totalAfterDisc [30000]
[ADMIN] [5/5/2017 11:48] [PENJUALAN] CASHIER FORM : calculateChangeValue, bayarTextBox.Text [0]
[ADMIN] [5/5/2017 11:48] [PENJUALAN] CASHIER FORM : calculateChangeValue, sisaBayar [0]
[ADMIN] [5/5/2017 11:48] [PENJUALAN] CASHIER FORM : Combobox_KeyUp, cashierDataGridView.CurrentCell.OwningColumn.Name  [qty]
[ADMIN] [5/5/2017 11:48] [PENJUALAN] CASHIER FORM : DISPLAY PELANGGAN FORM
[ADMIN] [5/5/2017 11:48] [PENJUALAN] CASHIER FORM : UNREGISTER HOTKEY
[ADMIN] [5/5/2017 11:48] [PENJUALAN] CASHIER FORM : SELECTED CUSTOMER ID [1]
[ADMIN] [5/5/2017 11:48] [PENJUALAN] CASHIER FORM : ATTEMPT TO SET CUSTOMER PROFILE
[ADMIN] [5/5/2017 11:48] [PENJUALAN] CASHIER FORM : SET CUSTOMER PROFILE [ANDRI]
[ADMIN] [5/5/2017 11:48] [PENJUALAN] CASHIER FORM : CUSTOMER GROUP [P-UMUM [ECER]]
[ADMIN] [5/5/2017 11:48] [PENJUALAN] CASHIER FORM : FINISHED SET CUSTOMER PROFILE
[ADMIN] [5/5/2017 11:48] [PENJUALAN] CASHIER FORM : ATTEMPT TO REFRESH PRODUCT PRICE
[ADMIN] [5/5/2017 11:48] [PENJUALAN] CASHIER FORM : PRODUCT PRICE TYPE [PRODUCT_RETAIL_PRICE]
[ADMIN] [5/5/2017 11:48] [PENJUALAN] CASHIER FORM : PRODUCT PRICE [2000]
[ADMIN] [5/5/2017 11:48] [PENJUALAN] CASHIER FORM : CHECK IF THERE'S ANY ENTRY IN THE PRODUCT DISC
[ADMIN] [5/5/2017 11:48] [PENJUALAN] CASHIER FORM : ENTRY IN THE PRODUCT DISC FOUND, RETRIEVE THE DISC VALUE
[ADMIN] [5/5/2017 11:48] [PENJUALAN] CASHIER FORM : cashierDataGridView_CellValueChanged [disc1]
[ADMIN] [5/5/2017 11:48] [PENJUALAN] CASHIER FORM : cashierDataGridView_CellValueChanged, previousInput [0]
[ADMIN] [5/5/2017 11:48] [PENJUALAN] CASHIER FORM : cashierDataGridView_CellValueChanged [disc2]
[ADMIN] [5/5/2017 11:48] [PENJUALAN] CASHIER FORM : cashierDataGridView_CellValueChanged, previousInput [0]
[ADMIN] [5/5/2017 11:48] [PENJUALAN] CASHIER FORM : cashierDataGridView_CellValueChanged [discRP]
[ADMIN] [5/5/2017 11:48] [PENJUALAN] CASHIER FORM : cashierDataGridView_CellValueChanged, previousInput [0]
[ADMIN] [5/5/2017 11:48] [PENJUALAN] CASHIER FORM : DISC FOUND [0, 0, 0]
[ADMIN] [5/5/2017 11:48] [PENJUALAN] CASHIER FORM : CALCULATE SUBTOTAL
[ADMIN] [5/5/2017 11:48] [PENJUALAN] CASHIER FORM : SUBTOTAL [30000]
[ADMIN] [5/5/2017 11:48] [PENJUALAN] CASHIER FORM : calculateTotal
[ADMIN] [5/5/2017 11:48] [PENJUALAN] CASHIER FORM : calculateTotal [30000]
[ADMIN] [5/5/2017 11:48] [PENJUALAN] CASHIER FORM : calculateTotal, totalAfterDisc [30000]
[ADMIN] [5/5/2017 11:48] [PENJUALAN] CASHIER FORM : calculateChangeValue, bayarTextBox.Text [0]
[ADMIN] [5/5/2017 11:48] [PENJUALAN] CASHIER FORM : calculateChangeValue, sisaBayar [0]
[ADMIN] [5/5/2017 11:48] [PENJUALAN] CASHIER FORM : PRODUCT PRICE REFRESHED
[ADMIN] [5/5/2017 11:48] [PENJUALAN] CASHIER FORM : REGISTER HOTKEY
[ADMIN] [5/5/2017 11:48] [PENJUALAN] CASHIER FORM : discJualMaskedTextBox_Validating, totalAfterDisc [29999]
[ADMIN] [5/5/2017 11:48] [PENJUALAN] CASHIER FORM : calculateChangeValue, bayarTextBox.Text [0]
[ADMIN] [5/5/2017 11:48] [PENJUALAN] CASHIER FORM : calculateChangeValue, sisaBayar [0]
[ADMIN] [5/5/2017 11:48] [PENJUALAN] CASHIER FORM : discJualMaskedTextBox_Validating, totalAfterDisc [29990]
[ADMIN] [5/5/2017 11:48] [PENJUALAN] CASHIER FORM : calculateChangeValue, bayarTextBox.Text [0]
[ADMIN] [5/5/2017 11:48] [PENJUALAN] CASHIER FORM : calculateChangeValue, sisaBayar [0]
[ADMIN] [5/5/2017 11:48] [PENJUALAN] CASHIER FORM : discJualMaskedTextBox_Validating, totalAfterDisc [29900]
[ADMIN] [5/5/2017 11:48] [PENJUALAN] CASHIER FORM : calculateChangeValue, bayarTextBox.Text [0]
[ADMIN] [5/5/2017 11:48] [PENJUALAN] CASHIER FORM : calculateChangeValue, sisaBayar [0]
[ADMIN] [5/5/2017 11:48] [PENJUALAN] CASHIER FORM : discJualMaskedTextBox_Validating, totalAfterDisc [29000]
[ADMIN] [5/5/2017 11:48] [PENJUALAN] CASHIER FORM : calculateChangeValue, bayarTextBox.Text [0]
[ADMIN] [5/5/2017 11:48] [PENJUALAN] CASHIER FORM : calculateChangeValue, sisaBayar [0]
[ADMIN] [5/5/2017 11:48] [PENJUALAN] CASHIER FORM : discJualMaskedTextBox_Validating, totalAfterDisc [20000]
[ADMIN] [5/5/2017 11:48] [PENJUALAN] CASHIER FORM : calculateChangeValue, bayarTextBox.Text [0]
[ADMIN] [5/5/2017 11:48] [PENJUALAN] CASHIER FORM : calculateChangeValue, sisaBayar [0]
[ADMIN] [5/5/2017 11:48] [PENJUALAN] CASHIER FORM : calculateChangeValue, bayarTextBox.Text [5]
[ADMIN] [5/5/2017 11:48] [PENJUALAN] CASHIER FORM : calculateChangeValue, sisaBayar [0]
[ADMIN] [5/5/2017 11:48] [PENJUALAN] CASHIER FORM : calculateChangeValue, bayarTextBox.Text [50]
[ADMIN] [5/5/2017 11:48] [PENJUALAN] CASHIER FORM : calculateChangeValue, sisaBayar [0]
[ADMIN] [5/5/2017 11:48] [PENJUALAN] CASHIER FORM : calculateChangeValue, bayarTextBox.Text [500]
[ADMIN] [5/5/2017 11:48] [PENJUALAN] CASHIER FORM : calculateChangeValue, sisaBayar [0]
[ADMIN] [5/5/2017 11:48] [PENJUALAN] CASHIER FORM : calculateChangeValue, bayarTextBox.Text [5000]
[ADMIN] [5/5/2017 11:48] [PENJUALAN] CASHIER FORM : calculateChangeValue, sisaBayar [0]
[ADMIN] [5/5/2017 11:48] [PENJUALAN] CASHIER FORM : calculateChangeValue, bayarTextBox.Text [50000]
[ADMIN] [5/5/2017 11:48] [PENJUALAN] CASHIER FORM : calculateChangeValue, sisaBayar [30000]
[ADMIN] [5/5/2017 11:48] [PENJUALAN] CASHIER FORM : calculateChangeValue, bayarTextBox.Text [5000]
[ADMIN] [5/5/2017 11:48] [PENJUALAN] CASHIER FORM : calculateChangeValue, sisaBayar [0]
[ADMIN] [5/5/2017 11:48] [PENJUALAN] CASHIER FORM : calculateChangeValue, bayarTextBox.Text [50000]
[ADMIN] [5/5/2017 11:48] [PENJUALAN] CASHIER FORM : calculateChangeValue, sisaBayar [30000]
[ADMIN] [5/5/2017 11:48] [PENJUALAN] CASHIER FORM : calculateChangeValue, bayarTextBox.Text [5000]
[ADMIN] [5/5/2017 11:48] [PENJUALAN] CASHIER FORM : calculateChangeValue, sisaBayar [0]
[ADMIN] [5/5/2017 11:48] [PENJUALAN] CASHIER FORM : HOTKEY TO SAVE AND PRINT OUT INVOICE PRESSED
[ADMIN] [5/5/2017 11:48] [PENJUALAN] CASHIER FORM : UNREGISTER HOTKEY
[ADMIN] [5/5/2017 11:49] [PENJUALAN] CASHIER FORM : REGISTER HOTKEY
[ADMIN] [5/5/2017 11:49] [PENJUALAN] ATTEMPT TO SAVE AND PRINT OUT INVOICE
[ADMIN] [5/5/2017 11:49] [PENJUALAN] CASHIER FORM : CHECK STOCK QTY IS ENOUGH [RT002]
[ADMIN] [5/5/2017 11:49] [PENJUALAN] CASHIER FORM : UNREGISTER HOTKEY
[ADMIN] [5/5/2017 11:49] [PENJUALAN] CASHIER FORM : ATTEMPT TO SAVE SALES DATA [05-05-2017 11:47]
[ADMIN] [5/5/2017 11:49] [PENJUALAN] CASHIER FORM : SALES DISC FINAL [Rp10.000]
[ADMIN] [5/5/2017 11:49] [PENJUALAN] CASHIER FORM : NON CASH - SALES DUE DATE [05-05-2017]
[ADMIN] [5/5/2017 11:49] [PENJUALAN] CHECK IF TAX LIMIT SET FOR PERCENTAGE PURCHASE [0]
[ADMIN] [5/5/2017 11:49] [PENJUALAN] CHECK IF TAX LIMIT SET FOR AVERAGE DAILY PURCHASE [0]
[ADMIN] [5/5/2017 11:49] [PENJUALAN] CASHIER FORM : NO FAKTUR [SLO001]
[ADMIN] [5/5/2017 11:49] [PENJUALAN] CASHIER FORM : MAX SALES INVOICE [9]
[ADMIN] [5/5/2017 11:49] [PENJUALAN] CASHIER FORM : SALES INVOICE [SLO001-10]
[ADMIN] [5/5/2017 11:49] [PENJUALAN] INSERT INTO SALES HEADER [SLO001-10]
[ADMIN] [5/5/2017 11:49] [PENJUALAN] INSERT INTO SALES DETAIL[RT002, 2000, 15]
[ADMIN] [5/5/2017 11:49] [PENJUALAN] UPDATE CUSTOMER PRODUCT DISC [RT002]
[ADMIN] [5/5/2017 11:49] [PENJUALAN] INSERT TO CREDIT TABLE [SLO001-10]
[ADMIN] [5/5/2017 11:49] [PENJUALAN] INSERT TO DAILY JOURNAL TABLE [5000]
[ADMIN] [5/5/2017 11:49] [PENJUALAN] CASHIER FORM : REGISTER HOTKEY
[ADMIN] [5/5/2017 11:49] [PENJUALAN] TRANSACTION SAVED
[ADMIN] [5/5/2017 11:49] [PENJUALAN] PRINT OUT INVOICE
[ADMIN] [5/5/2017 11:49] [PENJUALAN] CASHIER FORM : PrintReceipt
[ADMIN] [5/5/2017 11:49] [PENJUALAN] CASHIER FORM : PrintReceipt, POS size Paper
[ADMIN] [5/5/2017 11:49] [PENJUALAN] CASHIER FORM : printDocument1_PrintPage, print POS size receipt
[ADMIN] [5/5/2017 11:49] [PENJUALAN] CASHIER FORM : calculatePageLength, totalLengthPage [341]
[ADMIN] [5/5/2017 11:49] [PENJUALAN] CASHIER FORM : UNREGISTER HOTKEY
[ADMIN] [5/5/2017 11:49] [PENJUALAN] CASHIER FORM : printDocument1_PrintPage, print POS size receipt
[ADMIN] [5/5/2017 11:49] [PENJUALAN] CASHIER FORM : loadNamaUser
[ADMIN] [5/5/2017 11:49] [PENJUALAN] CASHIER FORM : REGISTER HOTKEY
[ADMIN] [5/5/2017 11:49] [PENJUALAN] CASHIER FORM : UNREGISTER HOTKEY
[ADMIN] [5/5/2017 11:49] [PENJUALAN] CASHIER FORM : REGISTER HOTKEY
[ADMIN] [5/5/2017 11:49] [PENJUALAN] CASHIER FORM : UPDATE ROW NUMBER, TOTAL ROW [1]
[ADMIN] [5/5/2017 11:49] [PENJUALAN] CASHIER FORM : cashierDataGridView_CellValueChanged [F8]
[ADMIN] [5/5/2017 11:49] [PENJUALAN] CASHIER FORM : UNREGISTER HOTKEY
[ADMIN] [5/5/2017 11:49] [PENJUALAN] CASHIER FORM : UNREGISTER HOTKEY
[ADMIN] [5/5/2017 11:51] [] USER ID = 1LOGOUT
[ADMIN] [5/5/2017 11:51] [] USER = ADMIN IS ACTIVE
[ADMIN] [5/5/2017 11:51] [] USER ID = 1 LOGIN SUCCESSFULLY
[ADMIN] [5/5/2017 11:51] [] ACTIVATE USER ACCESS RIGHT
[ADMIN] [5/5/2017 11:51] [] DISPLAY ADMIN FORM
[ADMIN] [5/5/2017 11:51] [] adminForm Load
[ADMIN] [5/5/2017 11:51] [] ACTIVATE USER ACCESS RIGHT
[ADMIN] [5/5/2017 11:51] [PENJUALAN] CASHIER FORM : REGISTER HOTKEY
[ADMIN] [5/5/2017 11:51] [PENJUALAN] CASHIER FORM : cashierForm_Load, ATTEMPT TO LOAD NO FAKTUR
[ADMIN] [5/5/2017 11:51] [PENJUALAN] CASHIER FORM : loadNoFaktur, noFakturValue [SLO001]
[ADMIN] [5/5/2017 11:51] [PENJUALAN] CASHIER FORM : cashierForm_Load, ATTEMPT TO addColumnToDataGrid
[ADMIN] [5/5/2017 11:51] [PENJUALAN] CASHIER FORM : UPDATE ROW NUMBER, TOTAL ROW [1]
[ADMIN] [5/5/2017 11:51] [PENJUALAN] CASHIER FORM : cashierDataGridView_CellValueChanged [F8]
[ADMIN] [5/5/2017 11:51] [PENJUALAN] CASHIER FORM : ADD NEW ROW,  isActive [True]
[ADMIN] [5/5/2017 11:51] [PENJUALAN] CASHIER FORM : ADD NEW ROW,  ROW COUNT [1]
[ADMIN] [5/5/2017 11:51] [PENJUALAN] CASHIER FORM : ADD NEW ROW,  ALLOW TO ADD [True]
[ADMIN] [5/5/2017 11:51] [PENJUALAN] CASHIER FORM : UPDATE ROW NUMBER, TOTAL ROW [2]
[ADMIN] [5/5/2017 11:51] [PENJUALAN] CASHIER FORM : REGISTER HOTKEY
[ADMIN] [5/5/2017 11:51] [PENJUALAN] CASHIER FORM : calculateChangeValue, bayarTextBox.Text [5000]
[ADMIN] [5/5/2017 11:51] [PENJUALAN] CASHIER FORM : calculateChangeValue, sisaBayar [0]
[ADMIN] [5/5/2017 11:51] [PENJUALAN] CASHIER FORM : discJualMaskedTextBox_Validating, totalAfterDisc [20000]
[ADMIN] [5/5/2017 11:51] [PENJUALAN] CASHIER FORM : calculateChangeValue, bayarTextBox.Text [Rp5.000]
[ADMIN] [5/5/2017 11:51] [PENJUALAN] CASHIER FORM : calculateChangeValue, sisaBayar [0]
[ADMIN] [5/5/2017 11:51] [PENJUALAN] CASHIER FORM : calculateChangeValue, bayarTextBox.Text [5000]
[ADMIN] [5/5/2017 11:51] [PENJUALAN] CASHIER FORM : calculateChangeValue, sisaBayar [0]
[ADMIN] [5/5/2017 11:51] [PENJUALAN] CASHIER FORM : UNREGISTER HOTKEY
[ADMIN] [5/5/2017 11:51] [PENJUALAN] CASHIER FORM : UNREGISTER HOTKEY
[ADMIN] [5/5/2017 11:51] [] USER ID = 1LOGOUT
