[] [5/13/2017 13:55] [] USER = ADMIN IS ACTIVE
[ADMIN] [5/13/2017 13:55] [] USER ID = 1 LOGIN SUCCESSFULLY
[ADMIN] [5/13/2017 13:55] [] ACTIVATE USER ACCESS RIGHT
[ADMIN] [5/13/2017 13:55] [] DISPLAY ADMIN FORM
[ADMIN] [5/13/2017 13:55] [] adminForm Load
[ADMIN] [5/13/2017 13:55] [] ACTIVATE USER ACCESS RIGHT
[ADMIN] [5/13/2017 13:56] [] [SYNC] CONNECTION TO SERVER CREATED
[ADMIN] [5/13/2017 13:56] [] [SYNC] CONNECTION TO SERVER CREATED
[ADMIN] [5/13/2017 13:56] [] [SYNC] CONNECTION TO SERVER CREATED
[ADMIN] [5/13/2017 13:56] [] [SYNC] CONNECTION TO SERVER CREATED
[ADMIN] [5/13/2017 13:56] [] USER ID = 1LOGOUT
[] [5/13/2017 14:08] [] USER = ADMIN IS ACTIVE
[ADMIN] [5/13/2017 14:08] [] USER ID = 1 LOGIN SUCCESSFULLY
[ADMIN] [5/13/2017 14:08] [] ACTIVATE USER ACCESS RIGHT
[ADMIN] [5/13/2017 14:08] [] DISPLAY ADMIN FORM
[ADMIN] [5/13/2017 14:08] [] adminForm Load
[ADMIN] [5/13/2017 14:08] [] ACTIVATE USER ACCESS RIGHT
[ADMIN] [5/13/2017 14:17] [] [SYNC] CONNECTION TO SERVER CREATED
[ADMIN] [5/13/2017 14:17] [] [SYNC] CONNECTION TO SERVER CREATED
[ADMIN] [5/13/2017 14:17] [] [SYNC] CONNECTION TO SERVER CREATED
[ADMIN] [5/13/2017 14:17] [] [SYNC] CONNECTION TO SERVER CREATED
[ADMIN] [5/13/2017 14:17] [] USER ID = 1LOGOUT
[ADMIN] [5/13/2017 14:26] [] USER = ADMIN IS ACTIVE
[ADMIN] [5/13/2017 14:26] [] USER ID = 1 LOGIN SUCCESSFULLY
[ADMIN] [5/13/2017 14:26] [] ACTIVATE USER ACCESS RIGHT
[ADMIN] [5/13/2017 14:26] [] DISPLAY ADMIN FORM
[ADMIN] [5/13/2017 14:26] [] adminForm Load
[ADMIN] [5/13/2017 14:26] [] ACTIVATE USER ACCESS RIGHT
[ADMIN] [5/13/2017 14:26] [] [SYNC] CONNECTION TO SERVER CREATED
[ADMIN] [5/13/2017 14:26] [] [SYNC] CONNECTION TO SERVER CREATED
[ADMIN] [5/13/2017 14:26] [] [SYNC] CONNECTION TO SERVER CREATED
[ADMIN] [5/13/2017 14:26] [] [SYNC] CONNECTION TO SERVER CREATED
[] [5/13/2017 14:36] [] USER = ADMIN IS ACTIVE
[ADMIN] [5/13/2017 14:36] [] USER ID = 1 LOGIN SUCCESSFULLY
[ADMIN] [5/13/2017 14:36] [] ACTIVATE USER ACCESS RIGHT
[ADMIN] [5/13/2017 14:36] [] DISPLAY ADMIN FORM
[ADMIN] [5/13/2017 14:36] [] adminForm Load
[] [5/13/2017 14:39] [] USER = ADMIN IS ACTIVE
[] [5/13/2017 14:40] [] USER = ADMIN IS ACTIVE
[ADMIN] [5/13/2017 14:40] [] USER ID = 1 LOGIN SUCCESSFULLY
[ADMIN] [5/13/2017 14:40] [] ACTIVATE USER ACCESS RIGHT
[ADMIN] [5/13/2017 14:40] [] DISPLAY ADMIN FORM
[ADMIN] [5/13/2017 14:40] [] adminForm Load
[ADMIN] [5/13/2017 14:40] [] ACTIVATE USER ACCESS RIGHT
[ADMIN] [5/13/2017 14:40] [] USER ID = 1LOGOUT
