[] [11/11/2016 15:28] [] USER = ADMIN IS ACTIVE
[ADMIN] [11/11/2016 15:28] [] USER ID = 1 LOGIN SUCCESSFULLY
[ADMIN] [11/11/2016 15:28] [] ACTIVATE USER ACCESS RIGHT
[ADMIN] [11/11/2016 15:28] [] DISPLAY ADMIN FORM
[ADMIN] [11/11/2016 15:28] [] adminForm Load
[ADMIN] [11/11/2016 15:28] [] ACTIVATE USER ACCESS RIGHT
[ADMIN] [11/11/2016 15:29] [] USER ID = 1LOGOUT
[ADMIN] [11/11/2016 15:29] [] USER = ADMIN IS ACTIVE
[ADMIN] [11/11/2016 15:29] [] USER ID = 1 LOGIN SUCCESSFULLY
[ADMIN] [11/11/2016 15:29] [] ACTIVATE USER ACCESS RIGHT
[ADMIN] [11/11/2016 15:29] [] DISPLAY ADMIN FORM
[ADMIN] [11/11/2016 15:29] [] adminForm Load
[ADMIN] [11/11/2016 15:29] [] ACTIVATE USER ACCESS RIGHT
[] [11/11/2016 15:31] [] USER = ADMIN IS ACTIVE
[ADMIN] [11/11/2016 15:31] [] USER ID = 1 LOGIN SUCCESSFULLY
[ADMIN] [11/11/2016 15:31] [] ACTIVATE USER ACCESS RIGHT
[ADMIN] [11/11/2016 15:31] [] DISPLAY ADMIN FORM
[ADMIN] [11/11/2016 15:31] [] adminForm Load
[ADMIN] [11/11/2016 15:31] [] ACTIVATE USER ACCESS RIGHT
[ADMIN] [11/11/2016 15:32] [] USER ID = 1LOGOUT
