[] [4/26/2017 14:47] [] USER = ADMIN IS ACTIVE
[ADMIN] [4/26/2017 14:47] [] USER ID = 1 LOGIN SUCCESSFULLY
[ADMIN] [4/26/2017 14:47] [] ACTIVATE USER ACCESS RIGHT
[ADMIN] [4/26/2017 14:47] [] DISPLAY ADMIN FORM
[ADMIN] [4/26/2017 14:47] [] adminForm Load
[ADMIN] [4/26/2017 14:47] [] ACTIVATE USER ACCESS RIGHT
[] [4/26/2017 14:50] [] USER = ADMIN IS ACTIVE
[ADMIN] [4/26/2017 14:50] [] USER ID = 1 LOGIN SUCCESSFULLY
[ADMIN] [4/26/2017 14:50] [] ACTIVATE USER ACCESS RIGHT
[ADMIN] [4/26/2017 14:50] [] DISPLAY ADMIN FORM
[ADMIN] [4/26/2017 14:50] [] adminForm Load
[ADMIN] [4/26/2017 14:50] [] ACTIVATE USER ACCESS RIGHT
[] [4/26/2017 22:21] [] USER = ADMIN IS ACTIVE
[ADMIN] [4/26/2017 22:21] [] USER ID = 1 LOGIN SUCCESSFULLY
[ADMIN] [4/26/2017 22:21] [] ACTIVATE USER ACCESS RIGHT
[ADMIN] [4/26/2017 22:21] [] DISPLAY ADMIN FORM
[ADMIN] [4/26/2017 22:21] [] adminForm Load
[ADMIN] [4/26/2017 22:21] [] ACTIVATE USER ACCESS RIGHT
[] [4/26/2017 22:22] [] USER = ADMIN IS ACTIVE
[ADMIN] [4/26/2017 22:22] [] USER ID = 1 LOGIN SUCCESSFULLY
[ADMIN] [4/26/2017 22:22] [] ACTIVATE USER ACCESS RIGHT
[ADMIN] [4/26/2017 22:22] [] DISPLAY ADMIN FORM
[ADMIN] [4/26/2017 22:22] [] adminForm Load
[ADMIN] [4/26/2017 22:22] [] ACTIVATE USER ACCESS RIGHT
[] [4/26/2017 22:25] [] USER = ADMIN IS ACTIVE
[ADMIN] [4/26/2017 22:25] [] USER ID = 1 LOGIN SUCCESSFULLY
[ADMIN] [4/26/2017 22:25] [] ACTIVATE USER ACCESS RIGHT
[ADMIN] [4/26/2017 22:25] [] DISPLAY ADMIN FORM
[ADMIN] [4/26/2017 22:25] [] adminForm Load
[ADMIN] [4/26/2017 22:25] [] ACTIVATE USER ACCESS RIGHT
[ADMIN] [4/26/2017 22:27] [] USER ID = 1LOGOUT
