[] [5/12/2017 15:21] [] USER = ADMIN IS ACTIVE
[ADMIN] [5/12/2017 15:21] [] USER ID = 1 LOGIN SUCCESSFULLY
[ADMIN] [5/12/2017 15:21] [] ACTIVATE USER ACCESS RIGHT
[ADMIN] [5/12/2017 15:21] [] DISPLAY ADMIN FORM
[ADMIN] [5/12/2017 15:21] [] adminForm Load
[ADMIN] [5/12/2017 15:21] [] ACTIVATE USER ACCESS RIGHT
[ADMIN] [5/12/2017 15:22] [PENJUALAN] CASHIER FORM : REGISTER HOTKEY
[ADMIN] [5/12/2017 15:22] [PENJUALAN] CASHIER FORM : cashierForm_Load, ATTEMPT TO LOAD NO FAKTUR
[ADMIN] [5/12/2017 15:22] [PENJUALAN] CASHIER FORM : loadNoFaktur, noFakturValue [SLO001]
[ADMIN] [5/12/2017 15:22] [PENJUALAN] CASHIER FORM : cashierForm_Load, ATTEMPT TO addColumnToDataGrid
[ADMIN] [5/12/2017 15:22] [PENJUALAN] CASHIER FORM : UPDATE ROW NUMBER, TOTAL ROW [1]
[ADMIN] [5/12/2017 15:22] [PENJUALAN] CASHIER FORM : cashierDataGridView_CellValueChanged [F8]
[ADMIN] [5/12/2017 15:22] [PENJUALAN] CASHIER FORM : ADD NEW ROW,  isActive [True]
[ADMIN] [5/12/2017 15:22] [PENJUALAN] CASHIER FORM : ADD NEW ROW,  ROW COUNT [1]
[ADMIN] [5/12/2017 15:22] [PENJUALAN] CASHIER FORM : ADD NEW ROW,  ALLOW TO ADD [True]
[ADMIN] [5/12/2017 15:22] [PENJUALAN] CASHIER FORM : UPDATE ROW NUMBER, TOTAL ROW [2]
[ADMIN] [5/12/2017 15:22] [PENJUALAN] CASHIER FORM : REGISTER HOTKEY
[ADMIN] [5/12/2017 15:22] [PENJUALAN] CASHIER FORM : cashierDataGridView_CellValueChanged [qty]
[ADMIN] [5/12/2017 15:22] [PENJUALAN] CASHIER FORM : cashierDataGridView_CellValueChanged, previousInput [25]
[ADMIN] [5/12/2017 15:22] [PENJUALAN] CASHIER FORM : cashierDataGridView_CellValueChanged, dataGridViewTextBoxEditingControl.Text pass REGEX Checking
[ADMIN] [5/12/2017 15:22] [PENJUALAN] CASHIER FORM : CHECK STOCK QTY IS ENOUGH [RT001]
[ADMIN] [5/12/2017 15:22] [PENJUALAN] CASHIER FORM : CHECK STOCK QTY IS ENOUGH [509, 1]
[ADMIN] [5/12/2017 15:22] [PENJUALAN] CASHIER FORM : CALCULATE SUBTOTAL
[ADMIN] [5/12/2017 15:22] [PENJUALAN] CASHIER FORM : SUBTOTAL [1000]
[ADMIN] [5/12/2017 15:22] [PENJUALAN] CASHIER FORM : cashierDataGridView_CellValueChanged, subtotal value [1000]
[ADMIN] [5/12/2017 15:22] [PENJUALAN] CASHIER FORM : cashierDataGridView_CellValueChanged, attempt to calculate total value
[ADMIN] [5/12/2017 15:22] [PENJUALAN] CASHIER FORM : calculateTotal
[ADMIN] [5/12/2017 15:22] [PENJUALAN] CASHIER FORM : calculateTotal [1000]
[ADMIN] [5/12/2017 15:22] [PENJUALAN] CASHIER FORM : calculateTotal, totalAfterDisc [500]
[ADMIN] [5/12/2017 15:22] [PENJUALAN] CASHIER FORM : calculateChangeValue, bayarTextBox.Text [Rp10.000]
[ADMIN] [5/12/2017 15:22] [PENJUALAN] CASHIER FORM : calculateChangeValue, sisaBayar [9500]
[ADMIN] [5/12/2017 15:22] [PENJUALAN] CASHIER FORM : cashierDataGridView_CellValueChanged [qty]
[ADMIN] [5/12/2017 15:22] [PENJUALAN] CASHIER FORM : cashierDataGridView_CellValueChanged, previousInput [1]
[ADMIN] [5/12/2017 15:22] [PENJUALAN] CASHIER FORM : cashierDataGridView_CellValueChanged, dataGridViewTextBoxEditingControl.Text pass REGEX Checking
[ADMIN] [5/12/2017 15:22] [PENJUALAN] CASHIER FORM : CHECK STOCK QTY IS ENOUGH [RT001]
[ADMIN] [5/12/2017 15:22] [PENJUALAN] CASHIER FORM : CHECK STOCK QTY IS ENOUGH [509, 11]
[ADMIN] [5/12/2017 15:22] [PENJUALAN] CASHIER FORM : CALCULATE SUBTOTAL
[ADMIN] [5/12/2017 15:22] [PENJUALAN] CASHIER FORM : SUBTOTAL [11000]
[ADMIN] [5/12/2017 15:22] [PENJUALAN] CASHIER FORM : cashierDataGridView_CellValueChanged, subtotal value [11000]
[ADMIN] [5/12/2017 15:22] [PENJUALAN] CASHIER FORM : cashierDataGridView_CellValueChanged, attempt to calculate total value
[ADMIN] [5/12/2017 15:22] [PENJUALAN] CASHIER FORM : calculateTotal
[ADMIN] [5/12/2017 15:22] [PENJUALAN] CASHIER FORM : calculateTotal [11000]
[ADMIN] [5/12/2017 15:22] [PENJUALAN] CASHIER FORM : calculateTotal, totalAfterDisc [10500]
[ADMIN] [5/12/2017 15:22] [PENJUALAN] CASHIER FORM : calculateChangeValue, bayarTextBox.Text [Rp10.000]
[ADMIN] [5/12/2017 15:22] [PENJUALAN] CASHIER FORM : calculateChangeValue, sisaBayar [0]
[ADMIN] [5/12/2017 15:22] [PENJUALAN] CASHIER FORM : HOTKEY TO SAVE AND PRINT OUT INVOICE PRESSED
[ADMIN] [5/12/2017 15:22] [PENJUALAN] CASHIER FORM : UNREGISTER HOTKEY
[ADMIN] [5/12/2017 15:22] [PENJUALAN] CASHIER FORM : REGISTER HOTKEY
[ADMIN] [5/12/2017 15:22] [PENJUALAN] ATTEMPT TO SAVE AND PRINT OUT INVOICE
[ADMIN] [5/12/2017 15:22] [PENJUALAN] CASHIER FORM : CHECK STOCK QTY IS ENOUGH [RT001]
[ADMIN] [5/12/2017 15:22] [PENJUALAN] CASHIER FORM : CHECK STOCK QTY IS ENOUGH [509, 11]
[ADMIN] [5/12/2017 15:22] [PENJUALAN] CASHIER FORM : UNREGISTER HOTKEY
[ADMIN] [5/12/2017 15:22] [PENJUALAN] CASHIER FORM : ATTEMPT TO SAVE SALES DATA [05-05-2017 00:18]
[ADMIN] [5/12/2017 15:22] [PENJUALAN] CASHIER FORM : SALES DISC FINAL [500]
[ADMIN] [5/12/2017 15:22] [PENJUALAN] CASHIER FORM : CASH SALES
[ADMIN] [5/12/2017 15:22] [PENJUALAN] CASHIER FORM : NO FAKTUR [SLO001]
[ADMIN] [5/12/2017 15:22] [PENJUALAN] CASHIER FORM : MAX SALES INVOICE [11]
[ADMIN] [5/12/2017 15:22] [PENJUALAN] CASHIER FORM : SALES INVOICE [SLO001-12]
[ADMIN] [5/12/2017 15:22] [PENJUALAN] INSERT INTO SALES HEADER [SLO001-12]
[ADMIN] [5/12/2017 15:22] [PENJUALAN] INSERT INTO SALES DETAIL[RT001, 1000, 11]
[ADMIN] [5/12/2017 15:22] [PENJUALAN] INSERT INTO SALES DETAIL FULFILLMENT [RT001, 11]
[ADMIN] [5/12/2017 15:22] [PENJUALAN] REDUCE STOCK AT MASTER PRODUCT [RT001]
[ADMIN] [5/12/2017 15:22] [PENJUALAN] CASHIER FORM : REGISTER HOTKEY
[ADMIN] [5/12/2017 15:22] [PENJUALAN] TRANSACTION SAVED
[ADMIN] [5/12/2017 15:22] [PENJUALAN] CASHIER FORM : UNREGISTER HOTKEY
[] [5/12/2017 15:28] [] USER = ADMIN IS ACTIVE
[ADMIN] [5/12/2017 15:28] [] USER ID = 1 LOGIN SUCCESSFULLY
[ADMIN] [5/12/2017 15:28] [] ACTIVATE USER ACCESS RIGHT
[ADMIN] [5/12/2017 15:28] [] DISPLAY ADMIN FORM
[ADMIN] [5/12/2017 15:28] [] adminForm Load
[ADMIN] [5/12/2017 15:28] [] ACTIVATE USER ACCESS RIGHT
[ADMIN] [5/12/2017 15:28] [PENJUALAN] CASHIER FORM : REGISTER HOTKEY
[ADMIN] [5/12/2017 15:28] [PENJUALAN] CASHIER FORM : cashierForm_Load, ATTEMPT TO LOAD NO FAKTUR
[ADMIN] [5/12/2017 15:28] [PENJUALAN] CASHIER FORM : loadNoFaktur, noFakturValue [SLO001]
[ADMIN] [5/12/2017 15:28] [PENJUALAN] CASHIER FORM : cashierForm_Load, ATTEMPT TO addColumnToDataGrid
[ADMIN] [5/12/2017 15:28] [PENJUALAN] CASHIER FORM : UPDATE ROW NUMBER, TOTAL ROW [1]
[ADMIN] [5/12/2017 15:28] [PENJUALAN] CASHIER FORM : cashierDataGridView_CellValueChanged [F8]
[ADMIN] [5/12/2017 15:28] [PENJUALAN] CASHIER FORM : ADD NEW ROW,  isActive [True]
[ADMIN] [5/12/2017 15:28] [PENJUALAN] CASHIER FORM : ADD NEW ROW,  ROW COUNT [1]
[ADMIN] [5/12/2017 15:28] [PENJUALAN] CASHIER FORM : ADD NEW ROW,  ALLOW TO ADD [True]
[ADMIN] [5/12/2017 15:28] [PENJUALAN] CASHIER FORM : UPDATE ROW NUMBER, TOTAL ROW [2]
[ADMIN] [5/12/2017 15:28] [PENJUALAN] CASHIER FORM : REGISTER HOTKEY
[ADMIN] [5/12/2017 15:28] [PENJUALAN] CASHIER FORM : cashierDataGridView_CellValueChanged [qty]
[ADMIN] [5/12/2017 15:28] [PENJUALAN] CASHIER FORM : cashierDataGridView_CellValueChanged, previousInput [25]
[ADMIN] [5/12/2017 15:28] [PENJUALAN] CASHIER FORM : cashierDataGridView_CellValueChanged, dataGridViewTextBoxEditingControl.Text pass REGEX Checking
[ADMIN] [5/12/2017 15:28] [PENJUALAN] CASHIER FORM : CHECK STOCK QTY IS ENOUGH [RT001]
[ADMIN] [5/12/2017 15:28] [PENJUALAN] CASHIER FORM : CHECK STOCK QTY IS ENOUGH [498, 1]
[ADMIN] [5/12/2017 15:28] [PENJUALAN] CASHIER FORM : CALCULATE SUBTOTAL
[ADMIN] [5/12/2017 15:28] [PENJUALAN] CASHIER FORM : SUBTOTAL [1000]
[ADMIN] [5/12/2017 15:28] [PENJUALAN] CASHIER FORM : cashierDataGridView_CellValueChanged, subtotal value [1000]
[ADMIN] [5/12/2017 15:28] [PENJUALAN] CASHIER FORM : cashierDataGridView_CellValueChanged, attempt to calculate total value
[ADMIN] [5/12/2017 15:28] [PENJUALAN] CASHIER FORM : calculateTotal
[ADMIN] [5/12/2017 15:28] [PENJUALAN] CASHIER FORM : calculateTotal [1000]
[ADMIN] [5/12/2017 15:28] [PENJUALAN] CASHIER FORM : calculateTotal, totalAfterDisc [500]
[ADMIN] [5/12/2017 15:28] [PENJUALAN] CASHIER FORM : calculateChangeValue, bayarTextBox.Text [Rp10.000]
[ADMIN] [5/12/2017 15:28] [PENJUALAN] CASHIER FORM : calculateChangeValue, sisaBayar [9500]
[ADMIN] [5/12/2017 15:28] [PENJUALAN] CASHIER FORM : cashierDataGridView_CellValueChanged [qty]
[ADMIN] [5/12/2017 15:28] [PENJUALAN] CASHIER FORM : cashierDataGridView_CellValueChanged, previousInput [1]
[ADMIN] [5/12/2017 15:28] [PENJUALAN] CASHIER FORM : cashierDataGridView_CellValueChanged, dataGridViewTextBoxEditingControl.Text pass REGEX Checking
[ADMIN] [5/12/2017 15:28] [PENJUALAN] CASHIER FORM : CHECK STOCK QTY IS ENOUGH [RT001]
[ADMIN] [5/12/2017 15:28] [PENJUALAN] CASHIER FORM : CHECK STOCK QTY IS ENOUGH [498, 10]
[ADMIN] [5/12/2017 15:28] [PENJUALAN] CASHIER FORM : CALCULATE SUBTOTAL
[ADMIN] [5/12/2017 15:28] [PENJUALAN] CASHIER FORM : SUBTOTAL [10000]
[ADMIN] [5/12/2017 15:28] [PENJUALAN] CASHIER FORM : cashierDataGridView_CellValueChanged, subtotal value [10000]
[ADMIN] [5/12/2017 15:28] [PENJUALAN] CASHIER FORM : cashierDataGridView_CellValueChanged, attempt to calculate total value
[ADMIN] [5/12/2017 15:28] [PENJUALAN] CASHIER FORM : calculateTotal
[ADMIN] [5/12/2017 15:28] [PENJUALAN] CASHIER FORM : calculateTotal [10000]
[ADMIN] [5/12/2017 15:28] [PENJUALAN] CASHIER FORM : calculateTotal, totalAfterDisc [9500]
[ADMIN] [5/12/2017 15:28] [PENJUALAN] CASHIER FORM : calculateChangeValue, bayarTextBox.Text [Rp10.000]
[ADMIN] [5/12/2017 15:28] [PENJUALAN] CASHIER FORM : calculateChangeValue, sisaBayar [500]
[ADMIN] [5/12/2017 15:28] [PENJUALAN] CASHIER FORM : cashierDataGridView_CellValueChanged [qty]
[ADMIN] [5/12/2017 15:28] [PENJUALAN] CASHIER FORM : cashierDataGridView_CellValueChanged, previousInput [10]
[ADMIN] [5/12/2017 15:28] [PENJUALAN] CASHIER FORM : cashierDataGridView_CellValueChanged, dataGridViewTextBoxEditingControl.Text pass REGEX Checking
[ADMIN] [5/12/2017 15:28] [PENJUALAN] CASHIER FORM : CHECK STOCK QTY IS ENOUGH [RT001]
[ADMIN] [5/12/2017 15:28] [PENJUALAN] CASHIER FORM : CHECK STOCK QTY IS ENOUGH [498, 1]
[ADMIN] [5/12/2017 15:28] [PENJUALAN] CASHIER FORM : CALCULATE SUBTOTAL
[ADMIN] [5/12/2017 15:28] [PENJUALAN] CASHIER FORM : SUBTOTAL [1000]
[ADMIN] [5/12/2017 15:28] [PENJUALAN] CASHIER FORM : cashierDataGridView_CellValueChanged, subtotal value [1000]
[ADMIN] [5/12/2017 15:28] [PENJUALAN] CASHIER FORM : cashierDataGridView_CellValueChanged, attempt to calculate total value
[ADMIN] [5/12/2017 15:28] [PENJUALAN] CASHIER FORM : calculateTotal
[ADMIN] [5/12/2017 15:28] [PENJUALAN] CASHIER FORM : calculateTotal [1000]
[ADMIN] [5/12/2017 15:28] [PENJUALAN] CASHIER FORM : calculateTotal, totalAfterDisc [500]
[ADMIN] [5/12/2017 15:28] [PENJUALAN] CASHIER FORM : calculateChangeValue, bayarTextBox.Text [Rp10.000]
[ADMIN] [5/12/2017 15:28] [PENJUALAN] CASHIER FORM : calculateChangeValue, sisaBayar [9500]
[ADMIN] [5/12/2017 15:28] [PENJUALAN] CASHIER FORM : cashierDataGridView_CellValueChanged [qty]
[ADMIN] [5/12/2017 15:28] [PENJUALAN] CASHIER FORM : cashierDataGridView_CellValueChanged, empty texbox, reset [qty] value to 0
[ADMIN] [5/12/2017 15:28] [PENJUALAN] CASHIER FORM : TextBox_TextChanged, recalculate total value
[ADMIN] [5/12/2017 15:28] [PENJUALAN] CASHIER FORM : calculateTotal
[ADMIN] [5/12/2017 15:28] [PENJUALAN] CASHIER FORM : calculateTotal [0]
[ADMIN] [5/12/2017 15:28] [PENJUALAN] CASHIER FORM : calculateTotal, totalAfterDisc [-500]
[ADMIN] [5/12/2017 15:28] [PENJUALAN] CASHIER FORM : calculateChangeValue, bayarTextBox.Text [Rp10.000]
[ADMIN] [5/12/2017 15:28] [PENJUALAN] CASHIER FORM : calculateChangeValue, sisaBayar [10500]
[ADMIN] [5/12/2017 15:28] [PENJUALAN] CASHIER FORM : cashierDataGridView_CellValueChanged [qty]
[ADMIN] [5/12/2017 15:28] [PENJUALAN] CASHIER FORM : cashierDataGridView_CellValueChanged, previousInput [0]
[ADMIN] [5/12/2017 15:28] [PENJUALAN] CASHIER FORM : cashierDataGridView_CellValueChanged, cellValue [7]
[ADMIN] [5/12/2017 15:28] [PENJUALAN] CASHIER FORM : cashierDataGridView_CellValueChanged, dataGridViewTextBoxEditingControl.Text pass REGEX Checking
[ADMIN] [5/12/2017 15:28] [PENJUALAN] CASHIER FORM : CHECK STOCK QTY IS ENOUGH [RT001]
[ADMIN] [5/12/2017 15:28] [PENJUALAN] CASHIER FORM : CHECK STOCK QTY IS ENOUGH [498, 7]
[ADMIN] [5/12/2017 15:28] [PENJUALAN] CASHIER FORM : CALCULATE SUBTOTAL
[ADMIN] [5/12/2017 15:28] [PENJUALAN] CASHIER FORM : SUBTOTAL [7000]
[ADMIN] [5/12/2017 15:28] [PENJUALAN] CASHIER FORM : cashierDataGridView_CellValueChanged, subtotal value [7000]
[ADMIN] [5/12/2017 15:28] [PENJUALAN] CASHIER FORM : cashierDataGridView_CellValueChanged, attempt to calculate total value
[ADMIN] [5/12/2017 15:28] [PENJUALAN] CASHIER FORM : calculateTotal
[ADMIN] [5/12/2017 15:28] [PENJUALAN] CASHIER FORM : calculateTotal [7000]
[ADMIN] [5/12/2017 15:28] [PENJUALAN] CASHIER FORM : calculateTotal, totalAfterDisc [6500]
[ADMIN] [5/12/2017 15:28] [PENJUALAN] CASHIER FORM : calculateChangeValue, bayarTextBox.Text [Rp10.000]
[ADMIN] [5/12/2017 15:28] [PENJUALAN] CASHIER FORM : calculateChangeValue, sisaBayar [3500]
[ADMIN] [5/12/2017 15:28] [PENJUALAN] CASHIER FORM : HOTKEY TO SAVE AND PRINT OUT INVOICE PRESSED
[ADMIN] [5/12/2017 15:28] [PENJUALAN] CASHIER FORM : UNREGISTER HOTKEY
[ADMIN] [5/12/2017 15:28] [PENJUALAN] CASHIER FORM : REGISTER HOTKEY
[ADMIN] [5/12/2017 15:29] [PENJUALAN] ATTEMPT TO SAVE AND PRINT OUT INVOICE
[ADMIN] [5/12/2017 15:29] [PENJUALAN] CASHIER FORM : CHECK STOCK QTY IS ENOUGH [RT001]
[ADMIN] [5/12/2017 15:29] [PENJUALAN] CASHIER FORM : CHECK STOCK QTY IS ENOUGH [498, 7]
[ADMIN] [5/12/2017 15:29] [PENJUALAN] CASHIER FORM : UNREGISTER HOTKEY
[ADMIN] [5/12/2017 15:29] [PENJUALAN] CASHIER FORM : ATTEMPT TO SAVE SALES DATA [05-05-2017 00:18]
[ADMIN] [5/12/2017 15:29] [PENJUALAN] CASHIER FORM : SALES DISC FINAL [500]
[ADMIN] [5/12/2017 15:29] [PENJUALAN] CASHIER FORM : CASH SALES
[ADMIN] [5/12/2017 15:29] [PENJUALAN] CASHIER FORM : NO FAKTUR [SLO001]
[ADMIN] [5/12/2017 15:29] [PENJUALAN] CASHIER FORM : MAX SALES INVOICE [12]
[ADMIN] [5/12/2017 15:29] [PENJUALAN] CASHIER FORM : SALES INVOICE [SLO001-13]
[ADMIN] [5/12/2017 15:29] [PENJUALAN] INSERT INTO SALES HEADER [SLO001-13]
[ADMIN] [5/12/2017 15:29] [PENJUALAN] INSERT INTO SALES DETAIL[RT001, 1000, 7]
[ADMIN] [5/12/2017 15:29] [PENJUALAN] INSERT INTO SALES DETAIL FULFILLMENT [RT001, 7]
[ADMIN] [5/12/2017 15:29] [PENJUALAN] REDUCE STOCK AT MASTER PRODUCT [RT001]
[ADMIN] [5/12/2017 15:29] [PENJUALAN] CASHIER FORM : REGISTER HOTKEY
[ADMIN] [5/12/2017 15:29] [PENJUALAN] TRANSACTION SAVED
[ADMIN] [5/12/2017 15:29] [PENJUALAN] CASHIER FORM : UNREGISTER HOTKEY
[ADMIN] [5/12/2017 15:29] [PENJUALAN] CASHIER FORM : REGISTER HOTKEY
[ADMIN] [5/12/2017 15:29] [PENJUALAN] CASHIER FORM : UNREGISTER HOTKEY
[ADMIN] [5/12/2017 15:29] [] [SYNC] CONNECTION TO SERVER CREATED
[ADMIN] [5/12/2017 15:29] [PENJUALAN] CASHIER FORM : REGISTER HOTKEY
[ADMIN] [5/12/2017 15:29] [] [SYNC] CONNECTION TO SERVER CREATED
[ADMIN] [5/12/2017 15:29] [PENJUALAN] CASHIER FORM : UNREGISTER HOTKEY
[ADMIN] [5/12/2017 15:29] [PENJUALAN] CASHIER FORM : REGISTER HOTKEY
[ADMIN] [5/12/2017 15:29] [] [SYNC] CONNECTION TO SERVER CREATED
[ADMIN] [5/12/2017 15:29] [PENJUALAN] PRINT OUT INVOICE
[ADMIN] [5/12/2017 15:29] [PENJUALAN] CASHIER FORM : PrintReceipt
[ADMIN] [5/12/2017 15:29] [PENJUALAN] CASHIER FORM : PrintReceipt, POS size Paper
[ADMIN] [5/12/2017 15:29] [PENJUALAN] CASHIER FORM : printDocument1_PrintPage, print POS size receipt
[ADMIN] [5/12/2017 15:29] [PENJUALAN] CASHIER FORM : calculatePageLength, totalLengthPage [369]
[ADMIN] [5/12/2017 15:29] [PENJUALAN] CASHIER FORM : UNREGISTER HOTKEY
[ADMIN] [5/12/2017 15:29] [PENJUALAN] CASHIER FORM : printDocument1_PrintPage, print POS size receipt
[ADMIN] [5/12/2017 15:29] [PENJUALAN] CASHIER FORM : loadNamaUser
[ADMIN] [5/12/2017 15:29] [PENJUALAN] CASHIER FORM : REGISTER HOTKEY
[ADMIN] [5/12/2017 15:29] [PENJUALAN] CASHIER FORM : UNREGISTER HOTKEY
[ADMIN] [5/12/2017 15:29] [PENJUALAN] CASHIER FORM : REGISTER HOTKEY
[ADMIN] [5/12/2017 15:29] [PENJUALAN] CASHIER FORM : UNREGISTER HOTKEY
[ADMIN] [5/12/2017 15:29] [PENJUALAN] CASHIER FORM : REGISTER HOTKEY
[ADMIN] [5/12/2017 15:29] [PENJUALAN] CASHIER FORM : UNREGISTER HOTKEY
[ADMIN] [5/12/2017 15:29] [PENJUALAN] CASHIER FORM : UNREGISTER HOTKEY
[ADMIN] [5/12/2017 15:29] [PENJUALAN] CASHIER FORM : REGISTER HOTKEY
[ADMIN] [5/12/2017 15:29] [PENJUALAN] CASHIER FORM : cashierForm_Load, ATTEMPT TO LOAD NO FAKTUR
[ADMIN] [5/12/2017 15:29] [PENJUALAN] CASHIER FORM : loadNoFaktur, noFakturValue [SLO001]
[ADMIN] [5/12/2017 15:29] [PENJUALAN] CASHIER FORM : cashierForm_Load, ATTEMPT TO addColumnToDataGrid
[ADMIN] [5/12/2017 15:29] [PENJUALAN] CASHIER FORM : UPDATE ROW NUMBER, TOTAL ROW [1]
[ADMIN] [5/12/2017 15:29] [PENJUALAN] CASHIER FORM : cashierDataGridView_CellValueChanged [F8]
[ADMIN] [5/12/2017 15:29] [PENJUALAN] CASHIER FORM : ADD NEW ROW,  isActive [True]
[ADMIN] [5/12/2017 15:29] [PENJUALAN] CASHIER FORM : ADD NEW ROW,  ROW COUNT [1]
[ADMIN] [5/12/2017 15:29] [PENJUALAN] CASHIER FORM : ADD NEW ROW,  ALLOW TO ADD [True]
[ADMIN] [5/12/2017 15:29] [PENJUALAN] CASHIER FORM : UPDATE ROW NUMBER, TOTAL ROW [2]
[ADMIN] [5/12/2017 15:29] [PENJUALAN] CASHIER FORM : REGISTER HOTKEY
[ADMIN] [5/12/2017 15:29] [PENJUALAN] CASHIER FORM : UNREGISTER HOTKEY
[ADMIN] [5/12/2017 15:29] [PENJUALAN] CASHIER FORM : UNREGISTER HOTKEY
[ADMIN] [5/12/2017 15:31] [PENJUALAN] CASHIER FORM : REGISTER HOTKEY
[ADMIN] [5/12/2017 15:31] [PENJUALAN] CASHIER FORM : cashierForm_Load, ATTEMPT TO LOAD NO FAKTUR
[ADMIN] [5/12/2017 15:31] [PENJUALAN] CASHIER FORM : loadNoFaktur, noFakturValue [SLO001]
[ADMIN] [5/12/2017 15:31] [PENJUALAN] CASHIER FORM : cashierForm_Load, ATTEMPT TO addColumnToDataGrid
[ADMIN] [5/12/2017 15:31] [PENJUALAN] CASHIER FORM : UPDATE ROW NUMBER, TOTAL ROW [1]
[ADMIN] [5/12/2017 15:31] [PENJUALAN] CASHIER FORM : cashierDataGridView_CellValueChanged [F8]
[] [5/12/2017 23:23] [] USER = ADMIN IS ACTIVE
[ADMIN] [5/12/2017 23:23] [] USER ID = 1 LOGIN SUCCESSFULLY
[ADMIN] [5/12/2017 23:23] [] ACTIVATE USER ACCESS RIGHT
[ADMIN] [5/12/2017 23:23] [] DISPLAY ADMIN FORM
[ADMIN] [5/12/2017 23:23] [] adminForm Load
[ADMIN] [5/12/2017 23:23] [] ACTIVATE USER ACCESS RIGHT
[ADMIN] [5/12/2017 23:24] [PENJUALAN] CASHIER FORM : REGISTER HOTKEY
[ADMIN] [5/12/2017 23:24] [PENJUALAN] CASHIER FORM : cashierForm_Load, ATTEMPT TO LOAD NO FAKTUR
[ADMIN] [5/12/2017 23:24] [PENJUALAN] CASHIER FORM : loadNoFaktur, noFakturValue [SLO001]
[ADMIN] [5/12/2017 23:24] [PENJUALAN] CASHIER FORM : cashierForm_Load, ATTEMPT TO addColumnToDataGrid
[ADMIN] [5/12/2017 23:24] [PENJUALAN] CASHIER FORM : UPDATE ROW NUMBER, TOTAL ROW [1]
[ADMIN] [5/12/2017 23:24] [PENJUALAN] CASHIER FORM : cashierDataGridView_CellValueChanged [F8]
[] [5/12/2017 23:24] [] USER = ADMIN IS ACTIVE
[ADMIN] [5/12/2017 23:24] [] USER ID = 1 LOGIN SUCCESSFULLY
[ADMIN] [5/12/2017 23:24] [] ACTIVATE USER ACCESS RIGHT
[ADMIN] [5/12/2017 23:24] [] DISPLAY ADMIN FORM
[ADMIN] [5/12/2017 23:24] [] adminForm Load
[ADMIN] [5/12/2017 23:24] [] ACTIVATE USER ACCESS RIGHT
[ADMIN] [5/12/2017 23:25] [PENJUALAN] CASHIER FORM : REGISTER HOTKEY
[ADMIN] [5/12/2017 23:25] [PENJUALAN] CASHIER FORM : cashierForm_Load, ATTEMPT TO LOAD NO FAKTUR
[ADMIN] [5/12/2017 23:25] [PENJUALAN] CASHIER FORM : loadNoFaktur, noFakturValue [SLO001]
[ADMIN] [5/12/2017 23:25] [PENJUALAN] CASHIER FORM : cashierForm_Load, ATTEMPT TO addColumnToDataGrid
[ADMIN] [5/12/2017 23:25] [PENJUALAN] CASHIER FORM : UPDATE ROW NUMBER, TOTAL ROW [1]
[ADMIN] [5/12/2017 23:25] [PENJUALAN] CASHIER FORM : cashierDataGridView_CellValueChanged [F8]
[ADMIN] [5/12/2017 23:25] [PENJUALAN] CASHIER FORM : ADD NEW ROW,  isActive [True]
[ADMIN] [5/12/2017 23:25] [PENJUALAN] CASHIER FORM : ADD NEW ROW,  ROW COUNT [1]
[ADMIN] [5/12/2017 23:25] [PENJUALAN] CASHIER FORM : ADD NEW ROW,  ALLOW TO ADD [True]
[ADMIN] [5/12/2017 23:25] [PENJUALAN] CASHIER FORM : UPDATE ROW NUMBER, TOTAL ROW [2]
[ADMIN] [5/12/2017 23:25] [PENJUALAN] CASHIER FORM : REGISTER HOTKEY
[ADMIN] [5/12/2017 23:25] [PENJUALAN] CASHIER FORM : UNREGISTER HOTKEY
[ADMIN] [5/12/2017 23:25] [PENJUALAN] CASHIER FORM : REGISTER HOTKEY
[ADMIN] [5/12/2017 23:25] [PENJUALAN] CASHIER FORM : cashierDataGridView_CellValueChanged [qty]
[ADMIN] [5/12/2017 23:25] [PENJUALAN] CASHIER FORM : cashierDataGridView_CellValueChanged, previousInput [25]
[ADMIN] [5/12/2017 23:25] [PENJUALAN] CASHIER FORM : cashierDataGridView_CellValueChanged, dataGridViewTextBoxEditingControl.Text pass REGEX Checking
[ADMIN] [5/12/2017 23:25] [PENJUALAN] CASHIER FORM : CHECK STOCK QTY IS ENOUGH [RT001]
[ADMIN] [5/12/2017 23:25] [PENJUALAN] CASHIER FORM : CHECK STOCK QTY IS ENOUGH [491, 1]
[ADMIN] [5/12/2017 23:25] [PENJUALAN] CASHIER FORM : CALCULATE SUBTOTAL
[ADMIN] [5/12/2017 23:25] [PENJUALAN] CASHIER FORM : SUBTOTAL [1000]
[ADMIN] [5/12/2017 23:25] [PENJUALAN] CASHIER FORM : cashierDataGridView_CellValueChanged, subtotal value [1000]
[ADMIN] [5/12/2017 23:25] [PENJUALAN] CASHIER FORM : cashierDataGridView_CellValueChanged, attempt to calculate total value
[ADMIN] [5/12/2017 23:25] [PENJUALAN] CASHIER FORM : calculateTotal
[ADMIN] [5/12/2017 23:25] [PENJUALAN] CASHIER FORM : calculateTotal [1000]
[ADMIN] [5/12/2017 23:25] [PENJUALAN] CASHIER FORM : calculateTotal, totalAfterDisc [500]
[ADMIN] [5/12/2017 23:25] [PENJUALAN] CASHIER FORM : calculateChangeValue, bayarTextBox.Text [Rp10.000]
[ADMIN] [5/12/2017 23:25] [PENJUALAN] CASHIER FORM : calculateChangeValue, sisaBayar [9500]
[ADMIN] [5/12/2017 23:25] [PENJUALAN] CASHIER FORM : cashierDataGridView_CellValueChanged [qty]
[ADMIN] [5/12/2017 23:25] [PENJUALAN] CASHIER FORM : cashierDataGridView_CellValueChanged, previousInput [1]
[ADMIN] [5/12/2017 23:25] [PENJUALAN] CASHIER FORM : cashierDataGridView_CellValueChanged, dataGridViewTextBoxEditingControl.Text pass REGEX Checking
[ADMIN] [5/12/2017 23:25] [PENJUALAN] CASHIER FORM : CHECK STOCK QTY IS ENOUGH [RT001]
[ADMIN] [5/12/2017 23:25] [PENJUALAN] CASHIER FORM : CHECK STOCK QTY IS ENOUGH [491, 10]
[ADMIN] [5/12/2017 23:25] [PENJUALAN] CASHIER FORM : CALCULATE SUBTOTAL
[ADMIN] [5/12/2017 23:25] [PENJUALAN] CASHIER FORM : SUBTOTAL [10000]
[ADMIN] [5/12/2017 23:25] [PENJUALAN] CASHIER FORM : cashierDataGridView_CellValueChanged, subtotal value [10000]
[ADMIN] [5/12/2017 23:25] [PENJUALAN] CASHIER FORM : cashierDataGridView_CellValueChanged, attempt to calculate total value
[ADMIN] [5/12/2017 23:25] [PENJUALAN] CASHIER FORM : calculateTotal
[ADMIN] [5/12/2017 23:25] [PENJUALAN] CASHIER FORM : calculateTotal [10000]
[ADMIN] [5/12/2017 23:25] [PENJUALAN] CASHIER FORM : calculateTotal, totalAfterDisc [9500]
[ADMIN] [5/12/2017 23:25] [PENJUALAN] CASHIER FORM : calculateChangeValue, bayarTextBox.Text [Rp10.000]
[ADMIN] [5/12/2017 23:25] [PENJUALAN] CASHIER FORM : calculateChangeValue, sisaBayar [500]
[ADMIN] [5/12/2017 23:25] [PENJUALAN] CASHIER FORM : HOTKEY TO SAVE AND PRINT OUT INVOICE PRESSED
[ADMIN] [5/12/2017 23:25] [PENJUALAN] CASHIER FORM : UNREGISTER HOTKEY
[ADMIN] [5/12/2017 23:25] [PENJUALAN] CASHIER FORM : REGISTER HOTKEY
[ADMIN] [5/12/2017 23:25] [PENJUALAN] ATTEMPT TO SAVE AND PRINT OUT INVOICE
[ADMIN] [5/12/2017 23:25] [PENJUALAN] CASHIER FORM : CHECK STOCK QTY IS ENOUGH [RT001]
[ADMIN] [5/12/2017 23:25] [PENJUALAN] CASHIER FORM : CHECK STOCK QTY IS ENOUGH [491, 10]
[ADMIN] [5/12/2017 23:25] [PENJUALAN] CASHIER FORM : UNREGISTER HOTKEY
[ADMIN] [5/12/2017 23:25] [PENJUALAN] CASHIER FORM : ATTEMPT TO SAVE SALES DATA [05-05-2017 00:18]
[ADMIN] [5/12/2017 23:25] [PENJUALAN] CASHIER FORM : SALES DISC FINAL [500]
[ADMIN] [5/12/2017 23:25] [PENJUALAN] CASHIER FORM : CASH SALES
[ADMIN] [5/12/2017 23:25] [PENJUALAN] CASHIER FORM : NO FAKTUR [SLO001]
[ADMIN] [5/12/2017 23:25] [PENJUALAN] CASHIER FORM : MAX SALES INVOICE [11]
[ADMIN] [5/12/2017 23:25] [PENJUALAN] CASHIER FORM : SALES INVOICE [SLO001-12]
[ADMIN] [5/12/2017 23:25] [PENJUALAN] INSERT INTO SALES HEADER [SLO001-12]
[ADMIN] [5/12/2017 23:25] [PENJUALAN] INSERT INTO SALES DETAIL[RT001, 1000, 10]
[ADMIN] [5/12/2017 23:25] [PENJUALAN] INSERT INTO SALES DETAIL FULFILLMENT [RT001, 10]
[ADMIN] [5/12/2017 23:25] [PENJUALAN] REDUCE STOCK AT MASTER PRODUCT [RT001]
[ADMIN] [5/12/2017 23:25] [PENJUALAN] CASHIER FORM : REGISTER HOTKEY
[ADMIN] [5/12/2017 23:25] [PENJUALAN] TRANSACTION SAVED
[ADMIN] [5/12/2017 23:25] [PENJUALAN] CASHIER FORM : UNREGISTER HOTKEY
[ADMIN] [5/12/2017 23:25] [PENJUALAN] CASHIER FORM : REGISTER HOTKEY
[ADMIN] [5/12/2017 23:25] [] [SYNC] CONNECTION TO SERVER CREATED
[ADMIN] [5/12/2017 23:25] [PENJUALAN] CASHIER FORM : UNREGISTER HOTKEY
[ADMIN] [5/12/2017 23:25] [PENJUALAN] CASHIER FORM : REGISTER HOTKEY
[ADMIN] [5/12/2017 23:25] [] [SYNC] CONNECTION TO SERVER CREATED
[ADMIN] [5/12/2017 23:25] [PENJUALAN] CASHIER FORM : UNREGISTER HOTKEY
[ADMIN] [5/12/2017 23:25] [PENJUALAN] CASHIER FORM : REGISTER HOTKEY
[ADMIN] [5/12/2017 23:25] [] [SYNC] CONNECTION TO SERVER CREATED
[ADMIN] [5/12/2017 23:25] [PENJUALAN] PRINT OUT INVOICE
[ADMIN] [5/12/2017 23:25] [PENJUALAN] CASHIER FORM : PrintReceipt
[ADMIN] [5/12/2017 23:25] [PENJUALAN] CASHIER FORM : PrintReceipt, POS size Paper
[ADMIN] [5/12/2017 23:25] [PENJUALAN] CASHIER FORM : printDocument1_PrintPage, print POS size receipt
[ADMIN] [5/12/2017 23:25] [PENJUALAN] CASHIER FORM : calculatePageLength, totalLengthPage [397]
[ADMIN] [5/12/2017 23:25] [PENJUALAN] CASHIER FORM : UNREGISTER HOTKEY
[ADMIN] [5/12/2017 23:25] [PENJUALAN] CASHIER FORM : printDocument1_PrintPage, print POS size receipt
[ADMIN] [5/12/2017 23:25] [PENJUALAN] CASHIER FORM : loadNamaUser
[ADMIN] [5/12/2017 23:26] [PENJUALAN] CASHIER FORM : REGISTER HOTKEY
[ADMIN] [5/12/2017 23:26] [PENJUALAN] CASHIER FORM : UNREGISTER HOTKEY
[ADMIN] [5/12/2017 23:26] [PENJUALAN] CASHIER FORM : REGISTER HOTKEY
[ADMIN] [5/12/2017 23:26] [PENJUALAN] CASHIER FORM : UNREGISTER HOTKEY
[ADMIN] [5/12/2017 23:26] [PENJUALAN] CASHIER FORM : REGISTER HOTKEY
[ADMIN] [5/12/2017 23:26] [PENJUALAN] CASHIER FORM : UNREGISTER HOTKEY
[ADMIN] [5/12/2017 23:26] [PENJUALAN] CASHIER FORM : UNREGISTER HOTKEY
[ADMIN] [5/12/2017 23:26] [PENJUALAN] CASHIER FORM : REGISTER HOTKEY
[ADMIN] [5/12/2017 23:26] [PENJUALAN] CASHIER FORM : cashierForm_Load, ATTEMPT TO LOAD NO FAKTUR
[ADMIN] [5/12/2017 23:26] [PENJUALAN] CASHIER FORM : loadNoFaktur, noFakturValue [SLO001]
[ADMIN] [5/12/2017 23:26] [PENJUALAN] CASHIER FORM : cashierForm_Load, ATTEMPT TO addColumnToDataGrid
[ADMIN] [5/12/2017 23:26] [PENJUALAN] CASHIER FORM : UPDATE ROW NUMBER, TOTAL ROW [1]
[ADMIN] [5/12/2017 23:26] [PENJUALAN] CASHIER FORM : cashierDataGridView_CellValueChanged [F8]
[ADMIN] [5/12/2017 23:26] [PENJUALAN] CASHIER FORM : ADD NEW ROW,  isActive [True]
[ADMIN] [5/12/2017 23:26] [PENJUALAN] CASHIER FORM : ADD NEW ROW,  ROW COUNT [1]
[ADMIN] [5/12/2017 23:26] [PENJUALAN] CASHIER FORM : ADD NEW ROW,  ALLOW TO ADD [True]
[ADMIN] [5/12/2017 23:26] [PENJUALAN] CASHIER FORM : UPDATE ROW NUMBER, TOTAL ROW [2]
[ADMIN] [5/12/2017 23:26] [PENJUALAN] CASHIER FORM : REGISTER HOTKEY
[ADMIN] [5/12/2017 23:26] [PENJUALAN] CASHIER FORM : UNREGISTER HOTKEY
[ADMIN] [5/12/2017 23:26] [PENJUALAN] CASHIER FORM : REGISTER HOTKEY
[ADMIN] [5/12/2017 23:26] [PENJUALAN] CASHIER FORM : UNREGISTER HOTKEY
[ADMIN] [5/12/2017 23:26] [PENJUALAN] CASHIER FORM : UNREGISTER HOTKEY
[] [5/12/2017 23:38] [] USER = ADMIN IS ACTIVE
[ADMIN] [5/12/2017 23:38] [] USER ID = 1 LOGIN SUCCESSFULLY
[ADMIN] [5/12/2017 23:38] [] ACTIVATE USER ACCESS RIGHT
[ADMIN] [5/12/2017 23:38] [] DISPLAY ADMIN FORM
[ADMIN] [5/12/2017 23:38] [] adminForm Load
[ADMIN] [5/12/2017 23:38] [] ACTIVATE USER ACCESS RIGHT
[] [5/13/2017 12:56] [] USER = ADMIN IS ACTIVE
[ADMIN] [5/13/2017 12:56] [] USER ID = 1 LOGIN SUCCESSFULLY
[ADMIN] [5/13/2017 12:56] [] ACTIVATE USER ACCESS RIGHT
[ADMIN] [5/13/2017 12:56] [] DISPLAY ADMIN FORM
[ADMIN] [5/13/2017 12:56] [] adminForm Load
[ADMIN] [5/13/2017 12:56] [] ACTIVATE USER ACCESS RIGHT
[ADMIN] [5/13/2017 12:58] [PENJUALAN] CASHIER FORM : MULTIPLE CASHIER INSTANCE [1]
[ADMIN] [5/13/2017 12:58] [PENJUALAN] CASHIER FORM : REGISTER HOTKEY
[ADMIN] [5/13/2017 12:58] [PENJUALAN] CASHIER FORM : cashierForm_Load, ATTEMPT TO LOAD NO FAKTUR
[ADMIN] [5/13/2017 12:58] [PENJUALAN] CASHIER FORM : loadNoFaktur, noFakturValue [SLO001]
[ADMIN] [5/13/2017 12:58] [PENJUALAN] CASHIER FORM : cashierForm_Load, ATTEMPT TO addColumnToDataGrid
[ADMIN] [5/13/2017 12:58] [PENJUALAN] CASHIER FORM : UPDATE ROW NUMBER, TOTAL ROW [1]
[ADMIN] [5/13/2017 12:58] [PENJUALAN] CASHIER FORM : cashierDataGridView_CellValueChanged [F8]
[ADMIN] [5/13/2017 12:58] [PENJUALAN] CASHIER FORM : REGISTER HOTKEY
[ADMIN] [5/13/2017 12:59] [PENJUALAN] CASHIER FORM : Combobox_previewKeyDown, cashierDataGridView.CurrentCell.OwningColumn.Name  [productID]
[ADMIN] [5/13/2017 12:59] [PENJUALAN] CASHIER FORM : UPDATE ROW NUMBER, TOTAL ROW [2]
[ADMIN] [5/13/2017 12:59] [PENJUALAN] CASHIER FORM : cashierDataGridView_CellValueChanged [F8]
[ADMIN] [5/13/2017 12:59] [PENJUALAN] CASHIER FORM : cashierDataGridView_CellValueChanged [productID]
[ADMIN] [5/13/2017 12:59] [PENJUALAN] CASHIER FORM : Combobox_previewKeyDown, cashierDataGridView.CurrentCell.OwningColumn.Name  [productID]
[ADMIN] [5/13/2017 12:59] [PENJUALAN] CASHIER FORM : cashierDataGridView_CellValueChanged [productID]
[ADMIN] [5/13/2017 12:59] [PENJUALAN] CASHIER FORM : Combobox_previewKeyDown, cashierDataGridView.CurrentCell.OwningColumn.Name  [productID]
[ADMIN] [5/13/2017 12:59] [PENJUALAN] CASHIER FORM : UNREGISTER HOTKEY
[ADMIN] [5/13/2017 12:59] [PENJUALAN] CASHIER FORM : ADD NEW ROW FROM BARCODE [ROTI PISANG]
[ADMIN] [5/13/2017 12:59] [PENJUALAN] CASHIER FORM : updateSomeRowContents
[ADMIN] [5/13/2017 12:59] [PENJUALAN] CASHIER FORM : cashierDataGridView_CellValueChanged [productID]
[ADMIN] [5/13/2017 12:59] [PENJUALAN] CASHIER FORM : cashierDataGridView_CellValueChanged [productName]
[ADMIN] [5/13/2017 12:59] [PENJUALAN] CASHIER FORM : PRODUCT PRICE TYPE [PRODUCT_BASE_PRICE]
[ADMIN] [5/13/2017 12:59] [PENJUALAN] CASHIER FORM : PRODUCT PRICE [10]
[ADMIN] [5/13/2017 12:59] [PENJUALAN] CASHIER FORM : ComboBox_SelectedIndexChanged, PRODUCT_BASE_PRICE [10]
[ADMIN] [5/13/2017 12:59] [PENJUALAN] CASHIER FORM : cashierDataGridView_CellValueChanged [hpp]
[ADMIN] [5/13/2017 12:59] [PENJUALAN] CASHIER FORM : PRODUCT PRICE TYPE [PRODUCT_RETAIL_PRICE]
[ADMIN] [5/13/2017 12:59] [PENJUALAN] CASHIER FORM : PRODUCT PRICE [1000]
[ADMIN] [5/13/2017 12:59] [PENJUALAN] CASHIER FORM : ComboBox_SelectedIndexChanged, PRODUCT_SALES_PRICE [1000]
[ADMIN] [5/13/2017 12:59] [PENJUALAN] CASHIER FORM : cashierDataGridView_CellValueChanged [productPrice]
[ADMIN] [5/13/2017 12:59] [PENJUALAN] CASHIER FORM : cashierDataGridView_CellValueChanged, previousInput [0]
[ADMIN] [5/13/2017 12:59] [PENJUALAN] CASHIER FORM : cashierDataGridView_CellValueChanged, cellValue [1000]
[ADMIN] [5/13/2017 12:59] [PENJUALAN] CASHIER FORM : cashierDataGridView_CellValueChanged, dataGridViewTextBoxEditingControl.Text pass REGEX Checking
[ADMIN] [5/13/2017 12:59] [PENJUALAN] CASHIER FORM : CALCULATE SUBTOTAL
[ADMIN] [5/13/2017 12:59] [PENJUALAN] CASHIER FORM : SUBTOTAL [0]
[ADMIN] [5/13/2017 12:59] [PENJUALAN] CASHIER FORM : cashierDataGridView_CellValueChanged, subtotal value [0]
[ADMIN] [5/13/2017 12:59] [PENJUALAN] CASHIER FORM : cashierDataGridView_CellValueChanged, attempt to calculate total value
[ADMIN] [5/13/2017 12:59] [PENJUALAN] CASHIER FORM : calculateTotal
[ADMIN] [5/13/2017 12:59] [PENJUALAN] CASHIER FORM : calculateTotal [0]
[ADMIN] [5/13/2017 12:59] [PENJUALAN] CASHIER FORM : calculateTotal, totalAfterDisc [0]
[ADMIN] [5/13/2017 12:59] [PENJUALAN] CASHIER FORM : calculateChangeValue, bayarTextBox.Text [0]
[ADMIN] [5/13/2017 12:59] [PENJUALAN] CASHIER FORM : calculateChangeValue, sisaBayar [0]
[ADMIN] [5/13/2017 12:59] [PENJUALAN] CASHIER FORM : cashierDataGridView_CellValueChanged [qty]
[ADMIN] [5/13/2017 12:59] [PENJUALAN] CASHIER FORM : cashierDataGridView_CellValueChanged, previousInput [0]
[ADMIN] [5/13/2017 12:59] [PENJUALAN] CASHIER FORM : cashierDataGridView_CellValueChanged [jumlah]
[ADMIN] [5/13/2017 12:59] [PENJUALAN] CASHIER FORM : calculateTotal
[ADMIN] [5/13/2017 12:59] [PENJUALAN] CASHIER FORM : calculateTotal [0]
[ADMIN] [5/13/2017 12:59] [PENJUALAN] CASHIER FORM : calculateTotal, totalAfterDisc [0]
[ADMIN] [5/13/2017 12:59] [PENJUALAN] CASHIER FORM : calculateChangeValue, bayarTextBox.Text [0]
[ADMIN] [5/13/2017 12:59] [PENJUALAN] CASHIER FORM : calculateChangeValue, sisaBayar [0]
[ADMIN] [5/13/2017 12:59] [PENJUALAN] CASHIER FORM : CHECK STOCK QTY IS ENOUGH [RT001]
[ADMIN] [5/13/2017 12:59] [PENJUALAN] CASHIER FORM : CHECK STOCK QTY IS ENOUGH [481, 1]
[ADMIN] [5/13/2017 12:59] [PENJUALAN] CASHIER FORM : cashierDataGridView_CellValueChanged [qty]
[ADMIN] [5/13/2017 12:59] [PENJUALAN] CASHIER FORM : cashierDataGridView_CellValueChanged, previousInput [0]
[ADMIN] [5/13/2017 12:59] [PENJUALAN] CASHIER FORM : cashierDataGridView_CellValueChanged, cellValue [1]
[ADMIN] [5/13/2017 12:59] [PENJUALAN] CASHIER FORM : cashierDataGridView_CellValueChanged, dataGridViewTextBoxEditingControl.Text pass REGEX Checking
[ADMIN] [5/13/2017 12:59] [PENJUALAN] CASHIER FORM : CHECK STOCK QTY IS ENOUGH [RT001]
[ADMIN] [5/13/2017 12:59] [PENJUALAN] CASHIER FORM : CHECK STOCK QTY IS ENOUGH [481, 1]
[ADMIN] [5/13/2017 12:59] [PENJUALAN] CASHIER FORM : CALCULATE SUBTOTAL
[ADMIN] [5/13/2017 12:59] [PENJUALAN] CASHIER FORM : SUBTOTAL [1000]
[ADMIN] [5/13/2017 12:59] [PENJUALAN] CASHIER FORM : cashierDataGridView_CellValueChanged, subtotal value [1000]
[ADMIN] [5/13/2017 12:59] [PENJUALAN] CASHIER FORM : cashierDataGridView_CellValueChanged, attempt to calculate total value
[ADMIN] [5/13/2017 12:59] [PENJUALAN] CASHIER FORM : calculateTotal
[ADMIN] [5/13/2017 12:59] [PENJUALAN] CASHIER FORM : calculateTotal [1000]
[ADMIN] [5/13/2017 12:59] [PENJUALAN] CASHIER FORM : calculateTotal, totalAfterDisc [1000]
[ADMIN] [5/13/2017 12:59] [PENJUALAN] CASHIER FORM : calculateChangeValue, bayarTextBox.Text [0]
[ADMIN] [5/13/2017 12:59] [PENJUALAN] CASHIER FORM : calculateChangeValue, sisaBayar [0]
[ADMIN] [5/13/2017 12:59] [PENJUALAN] CASHIER FORM : SET QTY TO 1 BECAUSE OF NEW ROW
[ADMIN] [5/13/2017 12:59] [PENJUALAN] CASHIER FORM : CALCULATE SUBTOTAL
[ADMIN] [5/13/2017 12:59] [PENJUALAN] CASHIER FORM : SUBTOTAL [1000]
[ADMIN] [5/13/2017 12:59] [PENJUALAN] CASHIER FORM : calculateTotal
[ADMIN] [5/13/2017 12:59] [PENJUALAN] CASHIER FORM : calculateTotal [1000]
[ADMIN] [5/13/2017 12:59] [PENJUALAN] CASHIER FORM : calculateTotal, totalAfterDisc [1000]
[ADMIN] [5/13/2017 12:59] [PENJUALAN] CASHIER FORM : calculateChangeValue, bayarTextBox.Text [0]
[ADMIN] [5/13/2017 12:59] [PENJUALAN] CASHIER FORM : calculateChangeValue, sisaBayar [0]
[ADMIN] [5/13/2017 12:59] [PENJUALAN] CASHIER FORM : UPDATE ROW NUMBER, TOTAL ROW [2]
[ADMIN] [5/13/2017 12:59] [PENJUALAN] CASHIER FORM : cashierDataGridView_CellValueChanged [F8]
[ADMIN] [5/13/2017 12:59] [PENJUALAN] CASHIER FORM : REGISTER HOTKEY
[ADMIN] [5/13/2017 12:59] [PENJUALAN] CASHIER FORM : cashierDataGridView_CellValueChanged [qty]
[ADMIN] [5/13/2017 12:59] [PENJUALAN] CASHIER FORM : cashierDataGridView_CellValueChanged, previousInput [1]
[ADMIN] [5/13/2017 12:59] [PENJUALAN] CASHIER FORM : cashierDataGridView_CellValueChanged, dataGridViewTextBoxEditingControl.Text pass REGEX Checking
[ADMIN] [5/13/2017 12:59] [PENJUALAN] CASHIER FORM : CHECK STOCK QTY IS ENOUGH [RT001]
[ADMIN] [5/13/2017 12:59] [PENJUALAN] CASHIER FORM : CHECK STOCK QTY IS ENOUGH [481, 2]
[ADMIN] [5/13/2017 12:59] [PENJUALAN] CASHIER FORM : CALCULATE SUBTOTAL
[ADMIN] [5/13/2017 12:59] [PENJUALAN] CASHIER FORM : SUBTOTAL [2000]
[ADMIN] [5/13/2017 12:59] [PENJUALAN] CASHIER FORM : cashierDataGridView_CellValueChanged, subtotal value [2000]
[ADMIN] [5/13/2017 12:59] [PENJUALAN] CASHIER FORM : cashierDataGridView_CellValueChanged, attempt to calculate total value
[ADMIN] [5/13/2017 12:59] [PENJUALAN] CASHIER FORM : calculateTotal
[ADMIN] [5/13/2017 12:59] [PENJUALAN] CASHIER FORM : calculateTotal [2000]
[ADMIN] [5/13/2017 12:59] [PENJUALAN] CASHIER FORM : calculateTotal, totalAfterDisc [2000]
[ADMIN] [5/13/2017 12:59] [PENJUALAN] CASHIER FORM : calculateChangeValue, bayarTextBox.Text [0]
[ADMIN] [5/13/2017 12:59] [PENJUALAN] CASHIER FORM : calculateChangeValue, sisaBayar [0]
[ADMIN] [5/13/2017 12:59] [PENJUALAN] CASHIER FORM : cashierDataGridView_CellValueChanged [qty]
[ADMIN] [5/13/2017 12:59] [PENJUALAN] CASHIER FORM : cashierDataGridView_CellValueChanged, previousInput [2]
[ADMIN] [5/13/2017 12:59] [PENJUALAN] CASHIER FORM : cashierDataGridView_CellValueChanged, dataGridViewTextBoxEditingControl.Text pass REGEX Checking
[ADMIN] [5/13/2017 12:59] [PENJUALAN] CASHIER FORM : CHECK STOCK QTY IS ENOUGH [RT001]
[ADMIN] [5/13/2017 12:59] [PENJUALAN] CASHIER FORM : CHECK STOCK QTY IS ENOUGH [481, 20]
[ADMIN] [5/13/2017 12:59] [PENJUALAN] CASHIER FORM : CALCULATE SUBTOTAL
[ADMIN] [5/13/2017 12:59] [PENJUALAN] CASHIER FORM : SUBTOTAL [20000]
[ADMIN] [5/13/2017 12:59] [PENJUALAN] CASHIER FORM : cashierDataGridView_CellValueChanged, subtotal value [20000]
[ADMIN] [5/13/2017 12:59] [PENJUALAN] CASHIER FORM : cashierDataGridView_CellValueChanged, attempt to calculate total value
[ADMIN] [5/13/2017 12:59] [PENJUALAN] CASHIER FORM : calculateTotal
[ADMIN] [5/13/2017 12:59] [PENJUALAN] CASHIER FORM : calculateTotal [20000]
[ADMIN] [5/13/2017 12:59] [PENJUALAN] CASHIER FORM : calculateTotal, totalAfterDisc [20000]
[ADMIN] [5/13/2017 12:59] [PENJUALAN] CASHIER FORM : calculateChangeValue, bayarTextBox.Text [0]
[ADMIN] [5/13/2017 12:59] [PENJUALAN] CASHIER FORM : calculateChangeValue, sisaBayar [0]
[ADMIN] [5/13/2017 12:59] [PENJUALAN] CASHIER FORM : cashierDataGridView_CellValueChanged [qty]
[ADMIN] [5/13/2017 12:59] [PENJUALAN] CASHIER FORM : cashierDataGridView_CellValueChanged, previousInput [20]
[ADMIN] [5/13/2017 12:59] [PENJUALAN] CASHIER FORM : cashierDataGridView_CellValueChanged, dataGridViewTextBoxEditingControl.Text pass REGEX Checking
[ADMIN] [5/13/2017 12:59] [PENJUALAN] CASHIER FORM : CHECK STOCK QTY IS ENOUGH [RT001]
[ADMIN] [5/13/2017 12:59] [PENJUALAN] CASHIER FORM : CHECK STOCK QTY IS ENOUGH [481, 2]
[ADMIN] [5/13/2017 12:59] [PENJUALAN] CASHIER FORM : CALCULATE SUBTOTAL
[ADMIN] [5/13/2017 12:59] [PENJUALAN] CASHIER FORM : SUBTOTAL [2000]
[ADMIN] [5/13/2017 12:59] [PENJUALAN] CASHIER FORM : cashierDataGridView_CellValueChanged, subtotal value [2000]
[ADMIN] [5/13/2017 12:59] [PENJUALAN] CASHIER FORM : cashierDataGridView_CellValueChanged, attempt to calculate total value
[ADMIN] [5/13/2017 12:59] [PENJUALAN] CASHIER FORM : calculateTotal
[ADMIN] [5/13/2017 12:59] [PENJUALAN] CASHIER FORM : calculateTotal [2000]
[ADMIN] [5/13/2017 12:59] [PENJUALAN] CASHIER FORM : calculateTotal, totalAfterDisc [2000]
[ADMIN] [5/13/2017 12:59] [PENJUALAN] CASHIER FORM : calculateChangeValue, bayarTextBox.Text [0]
[ADMIN] [5/13/2017 12:59] [PENJUALAN] CASHIER FORM : calculateChangeValue, sisaBayar [0]
[ADMIN] [5/13/2017 12:59] [PENJUALAN] CASHIER FORM : cashierDataGridView_CellValueChanged [qty]
[ADMIN] [5/13/2017 12:59] [PENJUALAN] CASHIER FORM : cashierDataGridView_CellValueChanged, previousInput [2]
[ADMIN] [5/13/2017 12:59] [PENJUALAN] CASHIER FORM : cashierDataGridView_CellValueChanged, dataGridViewTextBoxEditingControl.Text pass REGEX Checking
[ADMIN] [5/13/2017 12:59] [PENJUALAN] CASHIER FORM : CHECK STOCK QTY IS ENOUGH [RT001]
[ADMIN] [5/13/2017 12:59] [PENJUALAN] CASHIER FORM : CHECK STOCK QTY IS ENOUGH [481, 21]
[ADMIN] [5/13/2017 12:59] [PENJUALAN] CASHIER FORM : CALCULATE SUBTOTAL
[ADMIN] [5/13/2017 12:59] [PENJUALAN] CASHIER FORM : SUBTOTAL [21000]
[ADMIN] [5/13/2017 12:59] [PENJUALAN] CASHIER FORM : cashierDataGridView_CellValueChanged, subtotal value [21000]
[ADMIN] [5/13/2017 12:59] [PENJUALAN] CASHIER FORM : cashierDataGridView_CellValueChanged, attempt to calculate total value
[ADMIN] [5/13/2017 12:59] [PENJUALAN] CASHIER FORM : calculateTotal
[ADMIN] [5/13/2017 12:59] [PENJUALAN] CASHIER FORM : calculateTotal [21000]
[ADMIN] [5/13/2017 12:59] [PENJUALAN] CASHIER FORM : calculateTotal, totalAfterDisc [21000]
[ADMIN] [5/13/2017 12:59] [PENJUALAN] CASHIER FORM : calculateChangeValue, bayarTextBox.Text [0]
[ADMIN] [5/13/2017 12:59] [PENJUALAN] CASHIER FORM : calculateChangeValue, sisaBayar [0]
[ADMIN] [5/13/2017 12:59] [PENJUALAN] CASHIER FORM : cashierDataGridView_CellValueChanged [qty]
[ADMIN] [5/13/2017 12:59] [PENJUALAN] CASHIER FORM : cashierDataGridView_CellValueChanged, previousInput [21]
[ADMIN] [5/13/2017 12:59] [PENJUALAN] CASHIER FORM : cashierDataGridView_CellValueChanged, dataGridViewTextBoxEditingControl.Text pass REGEX Checking
[ADMIN] [5/13/2017 12:59] [PENJUALAN] CASHIER FORM : CHECK STOCK QTY IS ENOUGH [RT001]
[ADMIN] [5/13/2017 12:59] [PENJUALAN] CASHIER FORM : CHECK STOCK QTY IS ENOUGH [481, 2]
[ADMIN] [5/13/2017 12:59] [PENJUALAN] CASHIER FORM : CALCULATE SUBTOTAL
[ADMIN] [5/13/2017 12:59] [PENJUALAN] CASHIER FORM : SUBTOTAL [2000]
[ADMIN] [5/13/2017 12:59] [PENJUALAN] CASHIER FORM : cashierDataGridView_CellValueChanged, subtotal value [2000]
[ADMIN] [5/13/2017 12:59] [PENJUALAN] CASHIER FORM : cashierDataGridView_CellValueChanged, attempt to calculate total value
[ADMIN] [5/13/2017 12:59] [PENJUALAN] CASHIER FORM : calculateTotal
[ADMIN] [5/13/2017 12:59] [PENJUALAN] CASHIER FORM : calculateTotal [2000]
[ADMIN] [5/13/2017 12:59] [PENJUALAN] CASHIER FORM : calculateTotal, totalAfterDisc [2000]
[ADMIN] [5/13/2017 12:59] [PENJUALAN] CASHIER FORM : calculateChangeValue, bayarTextBox.Text [0]
[ADMIN] [5/13/2017 12:59] [PENJUALAN] CASHIER FORM : calculateChangeValue, sisaBayar [0]
[ADMIN] [5/13/2017 12:59] [PENJUALAN] CASHIER FORM : cashierDataGridView_CellValueChanged [qty]
[ADMIN] [5/13/2017 12:59] [PENJUALAN] CASHIER FORM : cashierDataGridView_CellValueChanged, empty texbox, reset [qty] value to 0
[ADMIN] [5/13/2017 12:59] [PENJUALAN] CASHIER FORM : TextBox_TextChanged, recalculate total value
[ADMIN] [5/13/2017 12:59] [PENJUALAN] CASHIER FORM : calculateTotal
[ADMIN] [5/13/2017 12:59] [PENJUALAN] CASHIER FORM : calculateTotal [0]
[ADMIN] [5/13/2017 12:59] [PENJUALAN] CASHIER FORM : calculateTotal, totalAfterDisc [0]
[ADMIN] [5/13/2017 12:59] [PENJUALAN] CASHIER FORM : calculateChangeValue, bayarTextBox.Text [0]
[ADMIN] [5/13/2017 12:59] [PENJUALAN] CASHIER FORM : calculateChangeValue, sisaBayar [0]
[ADMIN] [5/13/2017 12:59] [PENJUALAN] CASHIER FORM : cashierDataGridView_CellValueChanged [qty]
[ADMIN] [5/13/2017 12:59] [PENJUALAN] CASHIER FORM : cashierDataGridView_CellValueChanged, previousInput [0]
[ADMIN] [5/13/2017 12:59] [PENJUALAN] CASHIER FORM : cashierDataGridView_CellValueChanged, cellValue [1]
[ADMIN] [5/13/2017 12:59] [PENJUALAN] CASHIER FORM : cashierDataGridView_CellValueChanged, dataGridViewTextBoxEditingControl.Text pass REGEX Checking
[ADMIN] [5/13/2017 12:59] [PENJUALAN] CASHIER FORM : CHECK STOCK QTY IS ENOUGH [RT001]
[ADMIN] [5/13/2017 12:59] [PENJUALAN] CASHIER FORM : CHECK STOCK QTY IS ENOUGH [481, 1]
[ADMIN] [5/13/2017 12:59] [PENJUALAN] CASHIER FORM : CALCULATE SUBTOTAL
[ADMIN] [5/13/2017 12:59] [PENJUALAN] CASHIER FORM : SUBTOTAL [1000]
[ADMIN] [5/13/2017 12:59] [PENJUALAN] CASHIER FORM : cashierDataGridView_CellValueChanged, subtotal value [1000]
[ADMIN] [5/13/2017 12:59] [PENJUALAN] CASHIER FORM : cashierDataGridView_CellValueChanged, attempt to calculate total value
[ADMIN] [5/13/2017 12:59] [PENJUALAN] CASHIER FORM : calculateTotal
[ADMIN] [5/13/2017 12:59] [PENJUALAN] CASHIER FORM : calculateTotal [1000]
[ADMIN] [5/13/2017 12:59] [PENJUALAN] CASHIER FORM : calculateTotal, totalAfterDisc [1000]
[ADMIN] [5/13/2017 12:59] [PENJUALAN] CASHIER FORM : calculateChangeValue, bayarTextBox.Text [0]
[ADMIN] [5/13/2017 12:59] [PENJUALAN] CASHIER FORM : calculateChangeValue, sisaBayar [0]
[ADMIN] [5/13/2017 12:59] [PENJUALAN] CASHIER FORM : cashierDataGridView_CellValueChanged [qty]
[ADMIN] [5/13/2017 12:59] [PENJUALAN] CASHIER FORM : cashierDataGridView_CellValueChanged, previousInput [1]
[ADMIN] [5/13/2017 12:59] [PENJUALAN] CASHIER FORM : cashierDataGridView_CellValueChanged, dataGridViewTextBoxEditingControl.Text pass REGEX Checking
[ADMIN] [5/13/2017 12:59] [PENJUALAN] CASHIER FORM : CHECK STOCK QTY IS ENOUGH [RT001]
[ADMIN] [5/13/2017 12:59] [PENJUALAN] CASHIER FORM : CHECK STOCK QTY IS ENOUGH [481, 10]
[ADMIN] [5/13/2017 12:59] [PENJUALAN] CASHIER FORM : CALCULATE SUBTOTAL
[ADMIN] [5/13/2017 12:59] [PENJUALAN] CASHIER FORM : SUBTOTAL [10000]
[ADMIN] [5/13/2017 12:59] [PENJUALAN] CASHIER FORM : cashierDataGridView_CellValueChanged, subtotal value [10000]
[ADMIN] [5/13/2017 12:59] [PENJUALAN] CASHIER FORM : cashierDataGridView_CellValueChanged, attempt to calculate total value
[ADMIN] [5/13/2017 12:59] [PENJUALAN] CASHIER FORM : calculateTotal
[ADMIN] [5/13/2017 12:59] [PENJUALAN] CASHIER FORM : calculateTotal [10000]
[ADMIN] [5/13/2017 12:59] [PENJUALAN] CASHIER FORM : calculateTotal, totalAfterDisc [10000]
[ADMIN] [5/13/2017 12:59] [PENJUALAN] CASHIER FORM : calculateChangeValue, bayarTextBox.Text [0]
[ADMIN] [5/13/2017 12:59] [PENJUALAN] CASHIER FORM : calculateChangeValue, sisaBayar [0]
[ADMIN] [5/13/2017 12:59] [PENJUALAN] CASHIER FORM : HOTKEY TO SAVE AND PRINT OUT INVOICE PRESSED
[ADMIN] [5/13/2017 12:59] [PENJUALAN] CASHIER FORM : UNREGISTER HOTKEY
[ADMIN] [5/13/2017 12:59] [PENJUALAN] CASHIER FORM : REGISTER HOTKEY
[ADMIN] [5/13/2017 12:59] [PENJUALAN] ATTEMPT TO SAVE AND PRINT OUT INVOICE
[ADMIN] [5/13/2017 12:59] [PENJUALAN] CASHIER FORM : CHECK STOCK QTY IS ENOUGH [RT001]
[ADMIN] [5/13/2017 12:59] [PENJUALAN] CASHIER FORM : CHECK STOCK QTY IS ENOUGH [481, 10]
[ADMIN] [5/13/2017 12:59] [PENJUALAN] CASHIER FORM : UNREGISTER HOTKEY
[ADMIN] [5/13/2017 12:59] [PENJUALAN] CASHIER FORM : REGISTER HOTKEY
[ADMIN] [5/13/2017 12:59] [PENJUALAN] CASHIER FORM : calculateChangeValue, bayarTextBox.Text [1]
[ADMIN] [5/13/2017 12:59] [PENJUALAN] CASHIER FORM : calculateChangeValue, sisaBayar [0]
[ADMIN] [5/13/2017 12:59] [PENJUALAN] CASHIER FORM : calculateChangeValue, bayarTextBox.Text [10]
[ADMIN] [5/13/2017 12:59] [PENJUALAN] CASHIER FORM : calculateChangeValue, sisaBayar [0]
[ADMIN] [5/13/2017 12:59] [PENJUALAN] CASHIER FORM : calculateChangeValue, bayarTextBox.Text [100]
[ADMIN] [5/13/2017 12:59] [PENJUALAN] CASHIER FORM : calculateChangeValue, sisaBayar [0]
[ADMIN] [5/13/2017 12:59] [PENJUALAN] CASHIER FORM : calculateChangeValue, bayarTextBox.Text [1000]
[ADMIN] [5/13/2017 12:59] [PENJUALAN] CASHIER FORM : calculateChangeValue, sisaBayar [0]
[ADMIN] [5/13/2017 12:59] [PENJUALAN] CASHIER FORM : calculateChangeValue, bayarTextBox.Text [10000]
[ADMIN] [5/13/2017 12:59] [PENJUALAN] CASHIER FORM : calculateChangeValue, sisaBayar [0]
[ADMIN] [5/13/2017 12:59] [PENJUALAN] CASHIER FORM : HOTKEY TO SAVE AND PRINT OUT INVOICE PRESSED
[ADMIN] [5/13/2017 12:59] [PENJUALAN] CASHIER FORM : UNREGISTER HOTKEY
[ADMIN] [5/13/2017 12:59] [PENJUALAN] CASHIER FORM : REGISTER HOTKEY
[ADMIN] [5/13/2017 12:59] [PENJUALAN] ATTEMPT TO SAVE AND PRINT OUT INVOICE
[ADMIN] [5/13/2017 12:59] [PENJUALAN] CASHIER FORM : CHECK STOCK QTY IS ENOUGH [RT001]
[ADMIN] [5/13/2017 12:59] [PENJUALAN] CASHIER FORM : CHECK STOCK QTY IS ENOUGH [481, 10]
[ADMIN] [5/13/2017 12:59] [PENJUALAN] CASHIER FORM : UNREGISTER HOTKEY
[ADMIN] [5/13/2017 12:59] [PENJUALAN] CASHIER FORM : REGISTER HOTKEY
[ADMIN] [5/13/2017 12:59] [PENJUALAN] CASHIER FORM : UNREGISTER HOTKEY
[ADMIN] [5/13/2017 12:59] [PENJUALAN] CASHIER FORM : ATTEMPT TO SAVE SALES DATA [13-05-2017 12:58]
[ADMIN] [5/13/2017 12:59] [PENJUALAN] CASHIER FORM : SALES DISC FINAL [0]
[ADMIN] [5/13/2017 12:59] [PENJUALAN] CASHIER FORM : CASH SALES
[ADMIN] [5/13/2017 12:59] [PENJUALAN] CHECK IF TAX LIMIT SET FOR PERCENTAGE PURCHASE [0]
[ADMIN] [5/13/2017 12:59] [PENJUALAN] CHECK IF TAX LIMIT SET FOR AVERAGE DAILY PURCHASE [0]
[ADMIN] [5/13/2017 12:59] [PENJUALAN] CASHIER FORM : NO FAKTUR [SLO001]
[ADMIN] [5/13/2017 12:59] [PENJUALAN] CASHIER FORM : MAX SALES INVOICE [0]
[ADMIN] [5/13/2017 12:59] [PENJUALAN] CASHIER FORM : SALES INVOICE [SLO001-1]
[ADMIN] [5/13/2017 12:59] [PENJUALAN] INSERT INTO SALES HEADER [SLO001-1]
[ADMIN] [5/13/2017 12:59] [PENJUALAN] INSERT INTO SALES DETAIL[RT001, 1000, 10]
[ADMIN] [5/13/2017 12:59] [PENJUALAN] REDUCE STOCK AT MASTER PRODUCT [RT001]
[ADMIN] [5/13/2017 12:59] [PENJUALAN] INSERT TO CREDIT TABLE [SLO001-1]
[ADMIN] [5/13/2017 12:59] [PENJUALAN] INSERT TO DAILY JOURNAL TABLE [10000]
[ADMIN] [5/13/2017 12:59] [PENJUALAN] CASHIER FORM : REGISTER HOTKEY
[ADMIN] [5/13/2017 12:59] [PENJUALAN] TRANSACTION SAVED
[ADMIN] [5/13/2017 12:59] [PENJUALAN] PRINT OUT INVOICE
[ADMIN] [5/13/2017 12:59] [PENJUALAN] CASHIER FORM : PrintReceipt
[ADMIN] [5/13/2017 12:59] [PENJUALAN] CASHIER FORM : PrintReceipt, POS size Paper
[ADMIN] [5/13/2017 12:59] [PENJUALAN] CASHIER FORM : printDocument1_PrintPage, print POS size receipt
[ADMIN] [5/13/2017 12:59] [PENJUALAN] CASHIER FORM : calculatePageLength, totalLengthPage [369]
[ADMIN] [5/13/2017 12:59] [PENJUALAN] CASHIER FORM : UNREGISTER HOTKEY
[ADMIN] [5/13/2017 12:59] [PENJUALAN] CASHIER FORM : printDocument1_PrintPage, print POS size receipt
[ADMIN] [5/13/2017 12:59] [PENJUALAN] CASHIER FORM : loadNamaUser
[ADMIN] [5/13/2017 12:59] [PENJUALAN] CASHIER FORM : REGISTER HOTKEY
[ADMIN] [5/13/2017 12:59] [PENJUALAN] CASHIER FORM : UNREGISTER HOTKEY
[ADMIN] [5/13/2017 12:59] [PENJUALAN] CASHIER FORM : REGISTER HOTKEY
[ADMIN] [5/13/2017 12:59] [PENJUALAN] CASHIER FORM : UPDATE ROW NUMBER, TOTAL ROW [1]
[ADMIN] [5/13/2017 12:59] [PENJUALAN] CASHIER FORM : cashierDataGridView_CellValueChanged [F8]
[ADMIN] [5/13/2017 12:59] [PENJUALAN] CASHIER FORM : UNREGISTER HOTKEY
[ADMIN] [5/13/2017 12:59] [PENJUALAN] CASHIER FORM : REGISTER HOTKEY
[ADMIN] [5/13/2017 12:59] [PENJUALAN] CASHIER FORM : UNREGISTER HOTKEY
[ADMIN] [5/13/2017 12:59] [PENJUALAN] CASHIER FORM : REGISTER HOTKEY
[ADMIN] [5/13/2017 12:59] [PENJUALAN] CASHIER FORM : UNREGISTER HOTKEY
[ADMIN] [5/13/2017 12:59] [PENJUALAN] CASHIER FORM : UNREGISTER HOTKEY
[ADMIN] [5/13/2017 12:59] [] [SYNC] CONNECTION TO SERVER CREATED
[ADMIN] [5/13/2017 12:59] [] [SYNC] CONNECTION TO SERVER CREATED
[ADMIN] [5/13/2017 12:59] [] [SYNC] CONNECTION TO SERVER CREATED
[] [5/13/2017 13:10] [] USER = ADMIN IS ACTIVE
[ADMIN] [5/13/2017 13:10] [] USER ID = 1 LOGIN SUCCESSFULLY
[ADMIN] [5/13/2017 13:10] [] ACTIVATE USER ACCESS RIGHT
[ADMIN] [5/13/2017 13:10] [] DISPLAY ADMIN FORM
[ADMIN] [5/13/2017 13:10] [] adminForm Load
[ADMIN] [5/13/2017 13:11] [] ACTIVATE USER ACCESS RIGHT
[ADMIN] [5/13/2017 13:11] [] USER ID = 1LOGOUT
