[] [5/3/2017 22:34] [] USER = ADMIN IS ACTIVE
[ADMIN] [5/3/2017 22:34] [] USER ID = 1 LOGIN SUCCESSFULLY
[ADMIN] [5/3/2017 22:34] [] ACTIVATE USER ACCESS RIGHT
[ADMIN] [5/3/2017 22:34] [] DISPLAY ADMIN FORM
[ADMIN] [5/3/2017 22:34] [] adminForm Load
[ADMIN] [5/3/2017 22:34] [] ACTIVATE USER ACCESS RIGHT
[ADMIN] [5/3/2017 22:35] [PENJUALAN] CASHIER FORM : REGISTER HOTKEY
[ADMIN] [5/3/2017 22:35] [PENJUALAN] CASHIER FORM : cashierForm_Load, ATTEMPT TO LOAD NO FAKTUR
[ADMIN] [5/3/2017 22:35] [PENJUALAN] CASHIER FORM : loadNoFaktur, noFakturValue [SLO001]
[ADMIN] [5/3/2017 22:35] [PENJUALAN] CASHIER FORM : cashierForm_Load, ATTEMPT TO addColumnToDataGrid
[ADMIN] [5/3/2017 22:35] [PENJUALAN] CASHIER FORM : UPDATE ROW NUMBER, TOTAL ROW [1]
[ADMIN] [5/3/2017 22:35] [PENJUALAN] CASHIER FORM : cashierDataGridView_CellValueChanged [F8]
[ADMIN] [5/3/2017 22:35] [PENJUALAN] CASHIER FORM : ADD NEW ROW,  isActive [True]
[ADMIN] [5/3/2017 22:35] [PENJUALAN] CASHIER FORM : ADD NEW ROW,  ROW COUNT [1]
[ADMIN] [5/3/2017 22:35] [PENJUALAN] CASHIER FORM : ADD NEW ROW,  ALLOW TO ADD [True]
[ADMIN] [5/3/2017 22:35] [PENJUALAN] CASHIER FORM : UPDATE ROW NUMBER, TOTAL ROW [2]
[ADMIN] [5/3/2017 22:35] [PENJUALAN] CASHIER FORM : calculateChangeValue, bayarTextBox.Text [Rp100,00]
[ADMIN] [5/3/2017 22:35] [PENJUALAN] CASHIER FORM : calculateChangeValue, sisaBayar [0]
[ADMIN] [5/3/2017 22:35] [PENJUALAN] CASHIER FORM : REGISTER HOTKEY
[ADMIN] [5/3/2017 22:35] [PENJUALAN] CASHIER FORM : discJualMaskedTextBox_Validating, totalAfterDisc [199990]
[ADMIN] [5/3/2017 22:35] [PENJUALAN] CASHIER FORM : calculateChangeValue, bayarTextBox.Text [Rp100,00]
[ADMIN] [5/3/2017 22:35] [PENJUALAN] CASHIER FORM : calculateChangeValue, sisaBayar [0]
[ADMIN] [5/3/2017 22:35] [PENJUALAN] CASHIER FORM : discJualMaskedTextBox_Validating, totalAfterDisc [199900]
[ADMIN] [5/3/2017 22:35] [PENJUALAN] CASHIER FORM : calculateChangeValue, bayarTextBox.Text [Rp100,00]
[ADMIN] [5/3/2017 22:35] [PENJUALAN] CASHIER FORM : calculateChangeValue, sisaBayar [0]
[ADMIN] [5/3/2017 22:35] [PENJUALAN] CASHIER FORM : discJualMaskedTextBox_Validating, totalAfterDisc [199000]
[ADMIN] [5/3/2017 22:35] [PENJUALAN] CASHIER FORM : calculateChangeValue, bayarTextBox.Text [Rp100,00]
[ADMIN] [5/3/2017 22:35] [PENJUALAN] CASHIER FORM : calculateChangeValue, sisaBayar [0]
[ADMIN] [5/3/2017 22:35] [PENJUALAN] CASHIER FORM : discJualMaskedTextBox_Validating, totalAfterDisc [199900]
[ADMIN] [5/3/2017 22:35] [PENJUALAN] CASHIER FORM : calculateChangeValue, bayarTextBox.Text [Rp100,00]
[ADMIN] [5/3/2017 22:35] [PENJUALAN] CASHIER FORM : calculateChangeValue, sisaBayar [0]
[ADMIN] [5/3/2017 22:35] [PENJUALAN] CASHIER FORM : Combobox_previewKeyDown, cashierDataGridView.CurrentCell.OwningColumn.Name  [productID]
[ADMIN] [5/3/2017 22:35] [PENJUALAN] CASHIER FORM : Combobox_previewKeyDown, cashierDataGridView.CurrentCell.OwningColumn.Name  [productID]
[ADMIN] [5/3/2017 22:35] [PENJUALAN] CASHIER FORM : productName_previewKeyDown, cashierDataGridView.CurrentCell.OwningColumn.Name  [productName]
[ADMIN] [5/3/2017 22:36] [PENJUALAN] CASHIER FORM : HOTKEY TO SAVE AND PRINT OUT INVOICE PRESSED
[ADMIN] [5/3/2017 22:36] [PENJUALAN] CASHIER FORM : UNREGISTER HOTKEY
[ADMIN] [5/3/2017 22:36] [PENJUALAN] CASHIER FORM : REGISTER HOTKEY
[ADMIN] [5/3/2017 22:36] [PENJUALAN] ATTEMPT TO SAVE AND PRINT OUT INVOICE
[ADMIN] [5/3/2017 22:36] [PENJUALAN] CASHIER FORM : UNREGISTER HOTKEY
[ADMIN] [5/3/2017 22:36] [PENJUALAN] CASHIER FORM : ATTEMPT TO SAVE SALES DATA [03-05-2017 22:09]
[ADMIN] [5/3/2017 22:36] [PENJUALAN] CASHIER FORM : SALES DISC FINAL [Rp100]
[ADMIN] [5/3/2017 22:36] [PENJUALAN] CASHIER FORM : CASH SALES
[ADMIN] [5/3/2017 22:36] [PENJUALAN] UPDATE SALES QUOTATION HEADER [SQ-2]
[ADMIN] [5/3/2017 22:36] [PENJUALAN] CLEAR SALES_QUOTATION_DETAIL [SQ-2]
[ADMIN] [5/3/2017 22:36] [PENJUALAN] INSERT INTO SALES QUOTATION DETAIL[RT001, 1000, 200]
[ADMIN] [5/3/2017 22:36] [PENJUALAN] CASHIER FORM : REGISTER HOTKEY
[ADMIN] [5/3/2017 22:36] [PENJUALAN] TRANSACTION SAVED
[ADMIN] [5/3/2017 22:36] [PENJUALAN] SAVE DP PAYMENT TO PAYMENT CREDIT
[ADMIN] [5/3/2017 22:36] [PENJUALAN] CASHIER FORM : UNREGISTER HOTKEY
[ADMIN] [5/3/2017 22:36] [PENJUALAN] CASHIER FORM : REGISTER HOTKEY
[] [5/3/2017 22:38] [] USER = ADMIN IS ACTIVE
[ADMIN] [5/3/2017 22:38] [] USER ID = 1 LOGIN SUCCESSFULLY
[ADMIN] [5/3/2017 22:38] [] ACTIVATE USER ACCESS RIGHT
[ADMIN] [5/3/2017 22:38] [] DISPLAY ADMIN FORM
[ADMIN] [5/3/2017 22:38] [] adminForm Load
[ADMIN] [5/3/2017 22:38] [] ACTIVATE USER ACCESS RIGHT
[ADMIN] [5/3/2017 22:39] [PENJUALAN] CASHIER FORM : REGISTER HOTKEY
[ADMIN] [5/3/2017 22:39] [PENJUALAN] CASHIER FORM : cashierForm_Load, ATTEMPT TO LOAD NO FAKTUR
[ADMIN] [5/3/2017 22:39] [PENJUALAN] CASHIER FORM : loadNoFaktur, noFakturValue [SLO001]
[ADMIN] [5/3/2017 22:39] [PENJUALAN] CASHIER FORM : cashierForm_Load, ATTEMPT TO addColumnToDataGrid
[ADMIN] [5/3/2017 22:39] [PENJUALAN] CASHIER FORM : UPDATE ROW NUMBER, TOTAL ROW [1]
[ADMIN] [5/3/2017 22:39] [PENJUALAN] CASHIER FORM : cashierDataGridView_CellValueChanged [F8]
[ADMIN] [5/3/2017 22:39] [PENJUALAN] CASHIER FORM : ADD NEW ROW,  isActive [True]
[ADMIN] [5/3/2017 22:39] [PENJUALAN] CASHIER FORM : ADD NEW ROW,  ROW COUNT [1]
[ADMIN] [5/3/2017 22:39] [PENJUALAN] CASHIER FORM : ADD NEW ROW,  ALLOW TO ADD [True]
[ADMIN] [5/3/2017 22:39] [PENJUALAN] CASHIER FORM : UPDATE ROW NUMBER, TOTAL ROW [2]
[ADMIN] [5/3/2017 22:39] [PENJUALAN] CASHIER FORM : calculateChangeValue, bayarTextBox.Text [Rp5.000,00]
[ADMIN] [5/3/2017 22:39] [PENJUALAN] CASHIER FORM : calculateChangeValue, sisaBayar [0]
[ADMIN] [5/3/2017 22:39] [PENJUALAN] CASHIER FORM : REGISTER HOTKEY
[ADMIN] [5/3/2017 22:39] [PENJUALAN] CASHIER FORM : discJualMaskedTextBox_Validating, totalAfterDisc [204900]
[ADMIN] [5/3/2017 22:39] [PENJUALAN] CASHIER FORM : calculateChangeValue, bayarTextBox.Text [Rp5.000,00]
[ADMIN] [5/3/2017 22:39] [PENJUALAN] CASHIER FORM : calculateChangeValue, sisaBayar [0]
[ADMIN] [5/3/2017 22:39] [PENJUALAN] CASHIER FORM : discJualMaskedTextBox_Validating, totalAfterDisc [204900]
[ADMIN] [5/3/2017 22:39] [PENJUALAN] CASHIER FORM : calculateChangeValue, bayarTextBox.Text [Rp5.000,00]
[ADMIN] [5/3/2017 22:39] [PENJUALAN] CASHIER FORM : calculateChangeValue, sisaBayar [0]
[ADMIN] [5/3/2017 22:40] [PENJUALAN] CASHIER FORM : discJualMaskedTextBox_Validating, totalAfterDisc [204900]
[ADMIN] [5/3/2017 22:40] [PENJUALAN] CASHIER FORM : calculateChangeValue, bayarTextBox.Text [Rp5.000]
[ADMIN] [5/3/2017 22:40] [PENJUALAN] CASHIER FORM : calculateChangeValue, sisaBayar [0]
[ADMIN] [5/3/2017 22:40] [PENJUALAN] CASHIER FORM : UNREGISTER HOTKEY
[ADMIN] [5/3/2017 22:40] [PENJUALAN] CASHIER FORM : REGISTER HOTKEY
[ADMIN] [5/3/2017 22:40] [PENJUALAN] CASHIER FORM : UNREGISTER HOTKEY
[ADMIN] [5/3/2017 22:40] [PENJUALAN] CASHIER FORM : REGISTER HOTKEY
[ADMIN] [5/3/2017 22:40] [PENJUALAN] CASHIER FORM : UNREGISTER HOTKEY
[] [5/3/2017 22:41] [] USER = ADMIN IS ACTIVE
[ADMIN] [5/3/2017 22:41] [] USER ID = 1 LOGIN SUCCESSFULLY
[ADMIN] [5/3/2017 22:41] [] ACTIVATE USER ACCESS RIGHT
[ADMIN] [5/3/2017 22:42] [] DISPLAY ADMIN FORM
[ADMIN] [5/3/2017 22:42] [] adminForm Load
[ADMIN] [5/3/2017 22:42] [] ACTIVATE USER ACCESS RIGHT
[ADMIN] [5/3/2017 22:42] [PENJUALAN] CASHIER FORM : REGISTER HOTKEY
[ADMIN] [5/3/2017 22:42] [PENJUALAN] CASHIER FORM : cashierForm_Load, ATTEMPT TO LOAD NO FAKTUR
[ADMIN] [5/3/2017 22:42] [PENJUALAN] CASHIER FORM : loadNoFaktur, noFakturValue [SLO001]
[ADMIN] [5/3/2017 22:42] [PENJUALAN] CASHIER FORM : cashierForm_Load, ATTEMPT TO addColumnToDataGrid
[ADMIN] [5/3/2017 22:42] [PENJUALAN] CASHIER FORM : UPDATE ROW NUMBER, TOTAL ROW [1]
[ADMIN] [5/3/2017 22:42] [PENJUALAN] CASHIER FORM : cashierDataGridView_CellValueChanged [F8]
[ADMIN] [5/3/2017 22:42] [PENJUALAN] CASHIER FORM : ADD NEW ROW,  isActive [True]
[ADMIN] [5/3/2017 22:42] [PENJUALAN] CASHIER FORM : ADD NEW ROW,  ROW COUNT [1]
[ADMIN] [5/3/2017 22:42] [PENJUALAN] CASHIER FORM : ADD NEW ROW,  ALLOW TO ADD [True]
[ADMIN] [5/3/2017 22:42] [PENJUALAN] CASHIER FORM : UPDATE ROW NUMBER, TOTAL ROW [2]
[ADMIN] [5/3/2017 22:42] [PENJUALAN] CASHIER FORM : calculateChangeValue, bayarTextBox.Text [Rp5.000,00]
[ADMIN] [5/3/2017 22:42] [PENJUALAN] CASHIER FORM : calculateChangeValue, sisaBayar [0]
[ADMIN] [5/3/2017 22:42] [PENJUALAN] CASHIER FORM : REGISTER HOTKEY
[ADMIN] [5/3/2017 22:42] [PENJUALAN] CASHIER FORM : discJualMaskedTextBox_Validating, totalAfterDisc [199900]
[ADMIN] [5/3/2017 22:42] [PENJUALAN] CASHIER FORM : calculateChangeValue, bayarTextBox.Text [Rp5.000]
[ADMIN] [5/3/2017 22:42] [PENJUALAN] CASHIER FORM : calculateChangeValue, sisaBayar [0]
[ADMIN] [5/3/2017 22:42] [PENJUALAN] CASHIER FORM : discJualMaskedTextBox_Validating, totalAfterDisc [199900]
[ADMIN] [5/3/2017 22:42] [PENJUALAN] CASHIER FORM : calculateChangeValue, bayarTextBox.Text [Rp5.000]
[ADMIN] [5/3/2017 22:42] [PENJUALAN] CASHIER FORM : calculateChangeValue, sisaBayar [0]
[ADMIN] [5/3/2017 22:42] [PENJUALAN] CASHIER FORM : discJualMaskedTextBox_Validating, totalAfterDisc [199900]
[ADMIN] [5/3/2017 22:42] [PENJUALAN] CASHIER FORM : calculateChangeValue, bayarTextBox.Text [Rp5.000]
[ADMIN] [5/3/2017 22:42] [PENJUALAN] CASHIER FORM : calculateChangeValue, sisaBayar [0]
[ADMIN] [5/3/2017 22:42] [PENJUALAN] CASHIER FORM : discJualMaskedTextBox_Validating, totalAfterDisc [199900]
[ADMIN] [5/3/2017 22:42] [PENJUALAN] CASHIER FORM : calculateChangeValue, bayarTextBox.Text [Rp5.000]
[ADMIN] [5/3/2017 22:42] [PENJUALAN] CASHIER FORM : calculateChangeValue, sisaBayar [0]
[ADMIN] [5/3/2017 22:42] [PENJUALAN] CASHIER FORM : UNREGISTER HOTKEY
[ADMIN] [5/3/2017 22:42] [PENJUALAN] CASHIER FORM : UNREGISTER HOTKEY
[ADMIN] [5/3/2017 22:42] [PENJUALAN] CASHIER FORM : REGISTER HOTKEY
[ADMIN] [5/3/2017 22:42] [PENJUALAN] CASHIER FORM : cashierForm_Load, ATTEMPT TO LOAD NO FAKTUR
[ADMIN] [5/3/2017 22:42] [PENJUALAN] CASHIER FORM : loadNoFaktur, noFakturValue [SLO001]
[ADMIN] [5/3/2017 22:42] [PENJUALAN] CASHIER FORM : cashierForm_Load, ATTEMPT TO addColumnToDataGrid
[ADMIN] [5/3/2017 22:42] [PENJUALAN] CASHIER FORM : UPDATE ROW NUMBER, TOTAL ROW [1]
[ADMIN] [5/3/2017 22:42] [PENJUALAN] CASHIER FORM : cashierDataGridView_CellValueChanged [F8]
[ADMIN] [5/3/2017 22:42] [PENJUALAN] CASHIER FORM : ADD NEW ROW,  isActive [True]
[ADMIN] [5/3/2017 22:42] [PENJUALAN] CASHIER FORM : ADD NEW ROW,  ROW COUNT [1]
[ADMIN] [5/3/2017 22:42] [PENJUALAN] CASHIER FORM : ADD NEW ROW,  ALLOW TO ADD [True]
[ADMIN] [5/3/2017 22:42] [PENJUALAN] CASHIER FORM : UPDATE ROW NUMBER, TOTAL ROW [2]
[ADMIN] [5/3/2017 22:42] [PENJUALAN] CASHIER FORM : calculateChangeValue, bayarTextBox.Text [Rp5.000,00]
[ADMIN] [5/3/2017 22:42] [PENJUALAN] CASHIER FORM : calculateChangeValue, sisaBayar [0]
[ADMIN] [5/3/2017 22:42] [PENJUALAN] CASHIER FORM : REGISTER HOTKEY
[ADMIN] [5/3/2017 22:42] [PENJUALAN] CASHIER FORM : Combobox_previewKeyDown, cashierDataGridView.CurrentCell.OwningColumn.Name  [productID]
[ADMIN] [5/3/2017 22:42] [PENJUALAN] CASHIER FORM : UNREGISTER HOTKEY
[] [5/3/2017 22:43] [] USER = ADMIN IS ACTIVE
[ADMIN] [5/3/2017 22:43] [] USER ID = 1 LOGIN SUCCESSFULLY
[ADMIN] [5/3/2017 22:43] [] ACTIVATE USER ACCESS RIGHT
[ADMIN] [5/3/2017 22:43] [] DISPLAY ADMIN FORM
[ADMIN] [5/3/2017 22:43] [] adminForm Load
[ADMIN] [5/3/2017 22:43] [] ACTIVATE USER ACCESS RIGHT
[ADMIN] [5/3/2017 22:43] [PENJUALAN] CASHIER FORM : REGISTER HOTKEY
[ADMIN] [5/3/2017 22:43] [PENJUALAN] CASHIER FORM : cashierForm_Load, ATTEMPT TO LOAD NO FAKTUR
[ADMIN] [5/3/2017 22:43] [PENJUALAN] CASHIER FORM : loadNoFaktur, noFakturValue [SLO001]
[ADMIN] [5/3/2017 22:43] [PENJUALAN] CASHIER FORM : cashierForm_Load, ATTEMPT TO addColumnToDataGrid
[ADMIN] [5/3/2017 22:43] [PENJUALAN] CASHIER FORM : UPDATE ROW NUMBER, TOTAL ROW [1]
[ADMIN] [5/3/2017 22:43] [PENJUALAN] CASHIER FORM : cashierDataGridView_CellValueChanged [F8]
[ADMIN] [5/3/2017 22:43] [PENJUALAN] CASHIER FORM : ADD NEW ROW,  isActive [True]
[ADMIN] [5/3/2017 22:43] [PENJUALAN] CASHIER FORM : ADD NEW ROW,  ROW COUNT [1]
[ADMIN] [5/3/2017 22:43] [PENJUALAN] CASHIER FORM : ADD NEW ROW,  ALLOW TO ADD [True]
[ADMIN] [5/3/2017 22:43] [PENJUALAN] CASHIER FORM : UPDATE ROW NUMBER, TOTAL ROW [2]
[ADMIN] [5/3/2017 22:43] [PENJUALAN] CASHIER FORM : calculateChangeValue, bayarTextBox.Text [Rp5.000,00]
[ADMIN] [5/3/2017 22:43] [PENJUALAN] CASHIER FORM : calculateChangeValue, sisaBayar [0]
[ADMIN] [5/3/2017 22:43] [PENJUALAN] CASHIER FORM : REGISTER HOTKEY
[ADMIN] [5/3/2017 22:43] [PENJUALAN] CASHIER FORM : HOTKEY TO SAVE AND PRINT OUT INVOICE PRESSED
[ADMIN] [5/3/2017 22:43] [PENJUALAN] CASHIER FORM : UNREGISTER HOTKEY
[ADMIN] [5/3/2017 22:43] [PENJUALAN] CASHIER FORM : REGISTER HOTKEY
[ADMIN] [5/3/2017 22:43] [PENJUALAN] ATTEMPT TO SAVE AND PRINT OUT INVOICE
[ADMIN] [5/3/2017 22:43] [PENJUALAN] CASHIER FORM : UNREGISTER HOTKEY
[ADMIN] [5/3/2017 22:43] [PENJUALAN] CASHIER FORM : ATTEMPT TO SAVE SALES DATA [03-05-2017 22:09]
[ADMIN] [5/3/2017 22:43] [PENJUALAN] CASHIER FORM : SALES DISC FINAL [100]
[ADMIN] [5/3/2017 22:43] [PENJUALAN] CASHIER FORM : CASH SALES
[ADMIN] [5/3/2017 22:43] [PENJUALAN] UPDATE SALES QUOTATION HEADER [SQ-2]
[ADMIN] [5/3/2017 22:43] [PENJUALAN] CLEAR SALES_QUOTATION_DETAIL [SQ-2]
[ADMIN] [5/3/2017 22:43] [PENJUALAN] INSERT INTO SALES QUOTATION DETAIL[RT001, 1000, 200]
[ADMIN] [5/3/2017 22:43] [PENJUALAN] CASHIER FORM : REGISTER HOTKEY
[ADMIN] [5/3/2017 22:43] [PENJUALAN] TRANSACTION SAVED
[ADMIN] [5/3/2017 22:43] [PENJUALAN] SAVE DP PAYMENT TO PAYMENT CREDIT
[ADMIN] [5/3/2017 22:44] [PENJUALAN] PRINT OUT INVOICE
[ADMIN] [5/3/2017 22:44] [PENJUALAN] CASHIER FORM : PrintReceipt
[ADMIN] [5/3/2017 22:44] [PENJUALAN] CASHIER FORM : PrintReceipt, POS size Paper
[ADMIN] [5/3/2017 22:44] [PENJUALAN] CASHIER FORM : printDocument1_PrintPage, print POS size receipt
[ADMIN] [5/3/2017 22:44] [PENJUALAN] CASHIER FORM : calculatePageLength, totalLengthPage [355]
[ADMIN] [5/3/2017 22:44] [PENJUALAN] CASHIER FORM : UNREGISTER HOTKEY
[ADMIN] [5/3/2017 22:44] [PENJUALAN] CASHIER FORM : REGISTER HOTKEY
[ADMIN] [5/3/2017 22:44] [PENJUALAN] CASHIER FORM : UNREGISTER HOTKEY
[ADMIN] [5/3/2017 22:44] [PENJUALAN] CASHIER FORM : printDocument1_PrintPage, print POS size receipt
[ADMIN] [5/3/2017 22:44] [PENJUALAN] CASHIER FORM : loadNamaUser
[ADMIN] [5/3/2017 22:44] [PENJUALAN] CASHIER FORM : REGISTER HOTKEY
[ADMIN] [5/3/2017 22:44] [PENJUALAN] CASHIER FORM : UNREGISTER HOTKEY
[ADMIN] [5/3/2017 22:44] [PENJUALAN] CASHIER FORM : REGISTER HOTKEY
[ADMIN] [5/3/2017 22:44] [PENJUALAN] CASHIER FORM : UNREGISTER HOTKEY
[ADMIN] [5/3/2017 22:44] [PENJUALAN] CASHIER FORM : REGISTER HOTKEY
[ADMIN] [5/3/2017 22:44] [PENJUALAN] CASHIER FORM : UNREGISTER HOTKEY
[ADMIN] [5/3/2017 22:44] [PENJUALAN] CASHIER FORM : REGISTER HOTKEY
[ADMIN] [5/3/2017 22:44] [PENJUALAN] CASHIER FORM : UNREGISTER HOTKEY
[ADMIN] [5/3/2017 22:44] [PENJUALAN] CASHIER FORM : REGISTER HOTKEY
[ADMIN] [5/3/2017 22:45] [PENJUALAN] CASHIER FORM : UNREGISTER HOTKEY
[ADMIN] [5/3/2017 22:45] [PENJUALAN] CASHIER FORM : UNREGISTER HOTKEY
[ADMIN] [5/3/2017 22:45] [] USER ID = 1LOGOUT
