[] [5/5/2017 00:54] [] USER = ADMIN IS ACTIVE
[ADMIN] [5/5/2017 00:54] [] USER ID = 1 LOGIN SUCCESSFULLY
[ADMIN] [5/5/2017 00:54] [] ACTIVATE USER ACCESS RIGHT
[ADMIN] [5/5/2017 00:54] [] DISPLAY ADMIN FORM
[ADMIN] [5/5/2017 00:54] [] adminForm Load
[ADMIN] [5/5/2017 00:54] [] ACTIVATE USER ACCESS RIGHT
[] [5/5/2017 00:56] [] USER = ADMIN IS ACTIVE
[ADMIN] [5/5/2017 00:56] [] USER ID = 1 LOGIN SUCCESSFULLY
[ADMIN] [5/5/2017 00:56] [] ACTIVATE USER ACCESS RIGHT
[ADMIN] [5/5/2017 00:56] [] DISPLAY ADMIN FORM
[ADMIN] [5/5/2017 00:56] [] adminForm Load
[ADMIN] [5/5/2017 00:56] [] ACTIVATE USER ACCESS RIGHT
[] [5/5/2017 00:58] [] USER = ADMIN IS ACTIVE
[ADMIN] [5/5/2017 00:58] [] USER ID = 1 LOGIN SUCCESSFULLY
[ADMIN] [5/5/2017 00:58] [] ACTIVATE USER ACCESS RIGHT
[ADMIN] [5/5/2017 00:58] [] DISPLAY ADMIN FORM
[ADMIN] [5/5/2017 00:58] [] adminForm Load
[ADMIN] [5/5/2017 00:58] [] ACTIVATE USER ACCESS RIGHT
[] [5/5/2017 00:58] [] USER = ADMIN IS ACTIVE
[ADMIN] [5/5/2017 00:58] [] USER ID = 1 LOGIN SUCCESSFULLY
[ADMIN] [5/5/2017 00:58] [] ACTIVATE USER ACCESS RIGHT
[ADMIN] [5/5/2017 00:58] [] DISPLAY ADMIN FORM
[ADMIN] [5/5/2017 00:58] [] adminForm Load
[ADMIN] [5/5/2017 00:58] [] ACTIVATE USER ACCESS RIGHT
[] [5/5/2017 01:00] [] USER = ADMIN IS ACTIVE
[ADMIN] [5/5/2017 01:00] [] USER ID = 1 LOGIN SUCCESSFULLY
[ADMIN] [5/5/2017 01:00] [] ACTIVATE USER ACCESS RIGHT
[ADMIN] [5/5/2017 01:00] [] DISPLAY ADMIN FORM
[ADMIN] [5/5/2017 01:00] [] adminForm Load
[ADMIN] [5/5/2017 01:00] [] ACTIVATE USER ACCESS RIGHT
[ADMIN] [5/5/2017 01:06] [] USER ID = 1LOGOUT
[] [5/5/2017 01:06] [] USER = ADMIN IS ACTIVE
[ADMIN] [5/5/2017 01:06] [] USER ID = 1 LOGIN SUCCESSFULLY
[ADMIN] [5/5/2017 01:06] [] ACTIVATE USER ACCESS RIGHT
[ADMIN] [5/5/2017 01:06] [] DISPLAY ADMIN FORM
[ADMIN] [5/5/2017 01:06] [] adminForm Load
[ADMIN] [5/5/2017 01:06] [] ACTIVATE USER ACCESS RIGHT
[] [5/5/2017 01:09] [] USER = ADMIN IS ACTIVE
[ADMIN] [5/5/2017 01:09] [] USER ID = 1 LOGIN SUCCESSFULLY
[ADMIN] [5/5/2017 01:09] [] ACTIVATE USER ACCESS RIGHT
[ADMIN] [5/5/2017 01:09] [] DISPLAY ADMIN FORM
[ADMIN] [5/5/2017 01:09] [] adminForm Load
[ADMIN] [5/5/2017 01:09] [] ACTIVATE USER ACCESS RIGHT
[] [5/5/2017 11:16] [] USER = ADMIN IS ACTIVE
[ADMIN] [5/5/2017 11:16] [] USER ID = 1 LOGIN SUCCESSFULLY
[ADMIN] [5/5/2017 11:16] [] ACTIVATE USER ACCESS RIGHT
[ADMIN] [5/5/2017 11:16] [] DISPLAY ADMIN FORM
[ADMIN] [5/5/2017 11:16] [] adminForm Load
[ADMIN] [5/5/2017 11:16] [] ACTIVATE USER ACCESS RIGHT
[ADMIN] [5/5/2017 11:17] [PENJUALAN] CASHIER FORM : MULTIPLE CASHIER INSTANCE [1]
[ADMIN] [5/5/2017 11:17] [PENJUALAN] CASHIER FORM : REGISTER HOTKEY
[ADMIN] [5/5/2017 11:17] [PENJUALAN] CASHIER FORM : cashierForm_Load, ATTEMPT TO LOAD NO FAKTUR
[ADMIN] [5/5/2017 11:17] [PENJUALAN] CASHIER FORM : loadNoFaktur, noFakturValue [SLO001]
[ADMIN] [5/5/2017 11:17] [PENJUALAN] CASHIER FORM : cashierForm_Load, ATTEMPT TO addColumnToDataGrid
[ADMIN] [5/5/2017 11:17] [PENJUALAN] CASHIER FORM : UPDATE ROW NUMBER, TOTAL ROW [1]
[ADMIN] [5/5/2017 11:17] [PENJUALAN] CASHIER FORM : cashierDataGridView_CellValueChanged [F8]
[ADMIN] [5/5/2017 11:17] [PENJUALAN] CASHIER FORM : REGISTER HOTKEY
[ADMIN] [5/5/2017 11:17] [PENJUALAN] CASHIER FORM : Combobox_KeyUp, cashierDataGridView.CurrentCell.OwningColumn.Name  [productID]
[ADMIN] [5/5/2017 11:17] [PENJUALAN] CASHIER FORM : Combobox_previewKeyDown, cashierDataGridView.CurrentCell.OwningColumn.Name  [productID]
[ADMIN] [5/5/2017 11:17] [PENJUALAN] CASHIER FORM : UPDATE ROW NUMBER, TOTAL ROW [2]
[ADMIN] [5/5/2017 11:17] [PENJUALAN] CASHIER FORM : cashierDataGridView_CellValueChanged [F8]
[ADMIN] [5/5/2017 11:17] [PENJUALAN] CASHIER FORM : cashierDataGridView_CellValueChanged [productID]
[ADMIN] [5/5/2017 11:17] [PENJUALAN] CASHIER FORM : Combobox_KeyUp, cashierDataGridView.CurrentCell.OwningColumn.Name  [productID]
[ADMIN] [5/5/2017 11:17] [PENJUALAN] CASHIER FORM : Combobox_previewKeyDown, cashierDataGridView.CurrentCell.OwningColumn.Name  [productID]
[ADMIN] [5/5/2017 11:17] [PENJUALAN] CASHIER FORM : cashierDataGridView_CellValueChanged [productID]
[ADMIN] [5/5/2017 11:17] [PENJUALAN] CASHIER FORM : Combobox_KeyUp, cashierDataGridView.CurrentCell.OwningColumn.Name  [productID]
[ADMIN] [5/5/2017 11:17] [PENJUALAN] CASHIER FORM : Combobox_previewKeyDown, cashierDataGridView.CurrentCell.OwningColumn.Name  [productID]
[ADMIN] [5/5/2017 11:17] [PENJUALAN] CASHIER FORM : cashierDataGridView_CellValueChanged [productID]
[ADMIN] [5/5/2017 11:17] [PENJUALAN] CASHIER FORM : Combobox_KeyUp, cashierDataGridView.CurrentCell.OwningColumn.Name  [productID]
[ADMIN] [5/5/2017 11:17] [PENJUALAN] CASHIER FORM : Combobox_previewKeyDown, cashierDataGridView.CurrentCell.OwningColumn.Name  [productID]
[ADMIN] [5/5/2017 11:17] [PENJUALAN] CASHIER FORM : cashierDataGridView_CellValueChanged [productID]
[ADMIN] [5/5/2017 11:17] [PENJUALAN] CASHIER FORM : Combobox_KeyUp, cashierDataGridView.CurrentCell.OwningColumn.Name  [productID]
[ADMIN] [5/5/2017 11:17] [PENJUALAN] CASHIER FORM : Combobox_previewKeyDown, cashierDataGridView.CurrentCell.OwningColumn.Name  [productID]
[ADMIN] [5/5/2017 11:17] [PENJUALAN] CASHIER FORM : cashierDataGridView_CellValueChanged [productID]
[ADMIN] [5/5/2017 11:17] [PENJUALAN] CASHIER FORM : Combobox_KeyUp, cashierDataGridView.CurrentCell.OwningColumn.Name  [productID]
[ADMIN] [5/5/2017 11:17] [PENJUALAN] CASHIER FORM : Combobox_previewKeyDown, cashierDataGridView.CurrentCell.OwningColumn.Name  [productID]
[ADMIN] [5/5/2017 11:17] [PENJUALAN] CASHIER FORM : updateSomeRowContents
[ADMIN] [5/5/2017 11:17] [PENJUALAN] CASHIER FORM : cashierDataGridView_CellValueChanged [productName]
[ADMIN] [5/5/2017 11:17] [PENJUALAN] CASHIER FORM : PRODUCT PRICE TYPE [PRODUCT_BASE_PRICE]
[ADMIN] [5/5/2017 11:17] [PENJUALAN] CASHIER FORM : PRODUCT PRICE [10]
[ADMIN] [5/5/2017 11:17] [PENJUALAN] CASHIER FORM : ComboBox_SelectedIndexChanged, PRODUCT_BASE_PRICE [10]
[ADMIN] [5/5/2017 11:17] [PENJUALAN] CASHIER FORM : cashierDataGridView_CellValueChanged [hpp]
[ADMIN] [5/5/2017 11:17] [PENJUALAN] CASHIER FORM : PRODUCT PRICE TYPE [PRODUCT_RETAIL_PRICE]
[ADMIN] [5/5/2017 11:17] [PENJUALAN] CASHIER FORM : PRODUCT PRICE [1000]
[ADMIN] [5/5/2017 11:17] [PENJUALAN] CASHIER FORM : ComboBox_SelectedIndexChanged, PRODUCT_SALES_PRICE [1000]
[ADMIN] [5/5/2017 11:17] [PENJUALAN] CASHIER FORM : cashierDataGridView_CellValueChanged [productPrice]
[ADMIN] [5/5/2017 11:17] [PENJUALAN] CASHIER FORM : cashierDataGridView_CellValueChanged, previousInput [0]
[ADMIN] [5/5/2017 11:17] [PENJUALAN] CASHIER FORM : cashierDataGridView_CellValueChanged, cellValue [1000]
[ADMIN] [5/5/2017 11:17] [PENJUALAN] CASHIER FORM : cashierDataGridView_CellValueChanged, dataGridViewTextBoxEditingControl.Text pass REGEX Checking
[ADMIN] [5/5/2017 11:17] [PENJUALAN] CASHIER FORM : CALCULATE SUBTOTAL
[ADMIN] [5/5/2017 11:17] [PENJUALAN] CASHIER FORM : SUBTOTAL [0]
[ADMIN] [5/5/2017 11:17] [PENJUALAN] CASHIER FORM : cashierDataGridView_CellValueChanged, subtotal value [0]
[ADMIN] [5/5/2017 11:17] [PENJUALAN] CASHIER FORM : cashierDataGridView_CellValueChanged, attempt to calculate total value
[ADMIN] [5/5/2017 11:17] [PENJUALAN] CASHIER FORM : calculateTotal
[ADMIN] [5/5/2017 11:17] [PENJUALAN] CASHIER FORM : calculateTotal [0]
[ADMIN] [5/5/2017 11:17] [PENJUALAN] CASHIER FORM : calculateTotal, totalAfterDisc [0]
[ADMIN] [5/5/2017 11:17] [PENJUALAN] CASHIER FORM : calculateChangeValue, bayarTextBox.Text [0]
[ADMIN] [5/5/2017 11:17] [PENJUALAN] CASHIER FORM : calculateChangeValue, sisaBayar [0]
[ADMIN] [5/5/2017 11:17] [PENJUALAN] CASHIER FORM : cashierDataGridView_CellValueChanged [qty]
[ADMIN] [5/5/2017 11:17] [PENJUALAN] CASHIER FORM : cashierDataGridView_CellValueChanged, previousInput [0]
[ADMIN] [5/5/2017 11:17] [PENJUALAN] CASHIER FORM : cashierDataGridView_CellValueChanged [jumlah]
[ADMIN] [5/5/2017 11:17] [PENJUALAN] CASHIER FORM : calculateTotal
[ADMIN] [5/5/2017 11:17] [PENJUALAN] CASHIER FORM : calculateTotal [0]
[ADMIN] [5/5/2017 11:17] [PENJUALAN] CASHIER FORM : calculateTotal, totalAfterDisc [0]
[ADMIN] [5/5/2017 11:17] [PENJUALAN] CASHIER FORM : calculateChangeValue, bayarTextBox.Text [0]
[ADMIN] [5/5/2017 11:17] [PENJUALAN] CASHIER FORM : calculateChangeValue, sisaBayar [0]
[ADMIN] [5/5/2017 11:17] [PENJUALAN] CASHIER FORM : updateSomeRowContents
[ADMIN] [5/5/2017 11:17] [PENJUALAN] CASHIER FORM : Combobox_KeyUp, cashierDataGridView.CurrentCell.OwningColumn.Name  [qty]
[ADMIN] [5/5/2017 11:17] [PENJUALAN] CASHIER FORM : cashierDataGridView_CellValueChanged [qty]
[ADMIN] [5/5/2017 11:17] [PENJUALAN] CASHIER FORM : cashierDataGridView_CellValueChanged, previousInput [0]
[ADMIN] [5/5/2017 11:17] [PENJUALAN] CASHIER FORM : cashierDataGridView_CellValueChanged, cellValue [2]
[ADMIN] [5/5/2017 11:17] [PENJUALAN] CASHIER FORM : cashierDataGridView_CellValueChanged, dataGridViewTextBoxEditingControl.Text pass REGEX Checking
[ADMIN] [5/5/2017 11:17] [PENJUALAN] CASHIER FORM : CHECK STOCK QTY IS ENOUGH [RT001]
[ADMIN] [5/5/2017 11:17] [PENJUALAN] CASHIER FORM : CHECK STOCK QTY IS ENOUGH [529, 2]
[ADMIN] [5/5/2017 11:17] [PENJUALAN] CASHIER FORM : CALCULATE SUBTOTAL
[ADMIN] [5/5/2017 11:17] [PENJUALAN] CASHIER FORM : SUBTOTAL [2000]
[ADMIN] [5/5/2017 11:17] [PENJUALAN] CASHIER FORM : cashierDataGridView_CellValueChanged, subtotal value [2000]
[ADMIN] [5/5/2017 11:17] [PENJUALAN] CASHIER FORM : cashierDataGridView_CellValueChanged, attempt to calculate total value
[ADMIN] [5/5/2017 11:17] [PENJUALAN] CASHIER FORM : calculateTotal
[ADMIN] [5/5/2017 11:17] [PENJUALAN] CASHIER FORM : calculateTotal [2000]
[ADMIN] [5/5/2017 11:17] [PENJUALAN] CASHIER FORM : calculateTotal, totalAfterDisc [2000]
[ADMIN] [5/5/2017 11:17] [PENJUALAN] CASHIER FORM : calculateChangeValue, bayarTextBox.Text [0]
[ADMIN] [5/5/2017 11:17] [PENJUALAN] CASHIER FORM : calculateChangeValue, sisaBayar [0]
[ADMIN] [5/5/2017 11:17] [PENJUALAN] CASHIER FORM : cashierDataGridView_CellValueChanged [qty]
[ADMIN] [5/5/2017 11:17] [PENJUALAN] CASHIER FORM : cashierDataGridView_CellValueChanged, previousInput [2]
[ADMIN] [5/5/2017 11:17] [PENJUALAN] CASHIER FORM : cashierDataGridView_CellValueChanged, dataGridViewTextBoxEditingControl.Text pass REGEX Checking
[ADMIN] [5/5/2017 11:17] [PENJUALAN] CASHIER FORM : CHECK STOCK QTY IS ENOUGH [RT001]
[ADMIN] [5/5/2017 11:17] [PENJUALAN] CASHIER FORM : CHECK STOCK QTY IS ENOUGH [529, 20]
[ADMIN] [5/5/2017 11:17] [PENJUALAN] CASHIER FORM : CALCULATE SUBTOTAL
[ADMIN] [5/5/2017 11:17] [PENJUALAN] CASHIER FORM : SUBTOTAL [20000]
[ADMIN] [5/5/2017 11:17] [PENJUALAN] CASHIER FORM : cashierDataGridView_CellValueChanged, subtotal value [20000]
[ADMIN] [5/5/2017 11:17] [PENJUALAN] CASHIER FORM : cashierDataGridView_CellValueChanged, attempt to calculate total value
[ADMIN] [5/5/2017 11:17] [PENJUALAN] CASHIER FORM : calculateTotal
[ADMIN] [5/5/2017 11:17] [PENJUALAN] CASHIER FORM : calculateTotal [20000]
[ADMIN] [5/5/2017 11:17] [PENJUALAN] CASHIER FORM : calculateTotal, totalAfterDisc [20000]
[ADMIN] [5/5/2017 11:17] [PENJUALAN] CASHIER FORM : calculateChangeValue, bayarTextBox.Text [0]
[ADMIN] [5/5/2017 11:17] [PENJUALAN] CASHIER FORM : calculateChangeValue, sisaBayar [0]
[ADMIN] [5/5/2017 11:17] [PENJUALAN] CASHIER FORM : Combobox_KeyUp, cashierDataGridView.CurrentCell.OwningColumn.Name  [qty]
[ADMIN] [5/5/2017 11:17] [PENJUALAN] CASHIER FORM : Combobox_KeyUp, cashierDataGridView.CurrentCell.OwningColumn.Name  [qty]
[ADMIN] [5/5/2017 11:17] [PENJUALAN] CASHIER FORM : DISPLAY PELANGGAN FORM
[ADMIN] [5/5/2017 11:17] [PENJUALAN] CASHIER FORM : UNREGISTER HOTKEY
[ADMIN] [5/5/2017 11:17] [PENJUALAN] CASHIER FORM : SELECTED CUSTOMER ID [1]
[ADMIN] [5/5/2017 11:17] [PENJUALAN] CASHIER FORM : ATTEMPT TO SET CUSTOMER PROFILE
[ADMIN] [5/5/2017 11:17] [PENJUALAN] CASHIER FORM : SET CUSTOMER PROFILE [ANDRI]
[ADMIN] [5/5/2017 11:17] [PENJUALAN] CASHIER FORM : CUSTOMER GROUP [P-UMUM [ECER]]
[ADMIN] [5/5/2017 11:17] [PENJUALAN] CASHIER FORM : FINISHED SET CUSTOMER PROFILE
[ADMIN] [5/5/2017 11:17] [PENJUALAN] CASHIER FORM : ATTEMPT TO REFRESH PRODUCT PRICE
[ADMIN] [5/5/2017 11:17] [PENJUALAN] CASHIER FORM : PRODUCT PRICE TYPE [PRODUCT_RETAIL_PRICE]
[ADMIN] [5/5/2017 11:17] [PENJUALAN] CASHIER FORM : PRODUCT PRICE [1000]
[ADMIN] [5/5/2017 11:17] [PENJUALAN] CASHIER FORM : CHECK IF THERE'S ANY ENTRY IN THE PRODUCT DISC
[ADMIN] [5/5/2017 11:17] [PENJUALAN] CASHIER FORM : ENTRY IN THE PRODUCT DISC FOUND, RETRIEVE THE DISC VALUE
[ADMIN] [5/5/2017 11:17] [PENJUALAN] CASHIER FORM : cashierDataGridView_CellValueChanged [disc1]
[ADMIN] [5/5/2017 11:17] [PENJUALAN] CASHIER FORM : cashierDataGridView_CellValueChanged, previousInput [0]
[ADMIN] [5/5/2017 11:17] [PENJUALAN] CASHIER FORM : cashierDataGridView_CellValueChanged [disc2]
[ADMIN] [5/5/2017 11:17] [PENJUALAN] CASHIER FORM : cashierDataGridView_CellValueChanged, previousInput [0]
[ADMIN] [5/5/2017 11:17] [PENJUALAN] CASHIER FORM : cashierDataGridView_CellValueChanged [discRP]
[ADMIN] [5/5/2017 11:17] [PENJUALAN] CASHIER FORM : cashierDataGridView_CellValueChanged, previousInput [0]
[ADMIN] [5/5/2017 11:17] [PENJUALAN] CASHIER FORM : DISC FOUND [0, 0, 0]
[ADMIN] [5/5/2017 11:17] [PENJUALAN] CASHIER FORM : CALCULATE SUBTOTAL
[ADMIN] [5/5/2017 11:17] [PENJUALAN] CASHIER FORM : SUBTOTAL [20000]
[ADMIN] [5/5/2017 11:17] [PENJUALAN] CASHIER FORM : calculateTotal
[ADMIN] [5/5/2017 11:17] [PENJUALAN] CASHIER FORM : calculateTotal [20000]
[ADMIN] [5/5/2017 11:17] [PENJUALAN] CASHIER FORM : calculateTotal, totalAfterDisc [20000]
[ADMIN] [5/5/2017 11:17] [PENJUALAN] CASHIER FORM : calculateChangeValue, bayarTextBox.Text [0]
[ADMIN] [5/5/2017 11:17] [PENJUALAN] CASHIER FORM : calculateChangeValue, sisaBayar [0]
[ADMIN] [5/5/2017 11:17] [PENJUALAN] CASHIER FORM : PRODUCT PRICE REFRESHED
[ADMIN] [5/5/2017 11:17] [PENJUALAN] CASHIER FORM : REGISTER HOTKEY
[ADMIN] [5/5/2017 11:17] [PENJUALAN] CASHIER FORM : Combobox_KeyUp, cashierDataGridView.CurrentCell.OwningColumn.Name  [qty]
[ADMIN] [5/5/2017 11:17] [PENJUALAN] CASHIER FORM : discJualMaskedTextBox_Validating, totalAfterDisc [19995]
[ADMIN] [5/5/2017 11:17] [PENJUALAN] CASHIER FORM : calculateChangeValue, bayarTextBox.Text [0]
[ADMIN] [5/5/2017 11:17] [PENJUALAN] CASHIER FORM : calculateChangeValue, sisaBayar [0]
[ADMIN] [5/5/2017 11:17] [PENJUALAN] CASHIER FORM : discJualMaskedTextBox_Validating, totalAfterDisc [19950]
[ADMIN] [5/5/2017 11:17] [PENJUALAN] CASHIER FORM : calculateChangeValue, bayarTextBox.Text [0]
[ADMIN] [5/5/2017 11:17] [PENJUALAN] CASHIER FORM : calculateChangeValue, sisaBayar [0]
[ADMIN] [5/5/2017 11:17] [PENJUALAN] CASHIER FORM : discJualMaskedTextBox_Validating, totalAfterDisc [19500]
[ADMIN] [5/5/2017 11:17] [PENJUALAN] CASHIER FORM : calculateChangeValue, bayarTextBox.Text [0]
[ADMIN] [5/5/2017 11:17] [PENJUALAN] CASHIER FORM : calculateChangeValue, sisaBayar [0]
[ADMIN] [5/5/2017 11:17] [PENJUALAN] CASHIER FORM : Combobox_KeyUp, cashierDataGridView.CurrentCell.OwningColumn.Name  [qty]
[ADMIN] [5/5/2017 11:17] [PENJUALAN] CASHIER FORM : Combobox_KeyUp, cashierDataGridView.CurrentCell.OwningColumn.Name  [productID]
[ADMIN] [5/5/2017 11:17] [PENJUALAN] CASHIER FORM : Combobox_KeyUp, cashierDataGridView.CurrentCell.OwningColumn.Name  [productID]
[ADMIN] [5/5/2017 11:17] [PENJUALAN] CASHIER FORM : Combobox_previewKeyDown, cashierDataGridView.CurrentCell.OwningColumn.Name  [productID]
[ADMIN] [5/5/2017 11:17] [PENJUALAN] CASHIER FORM : Combobox_previewKeyDown, cashierDataGridView.CurrentCell.OwningColumn.Name  [productID]
[ADMIN] [5/5/2017 11:17] [PENJUALAN] CASHIER FORM : Combobox_KeyUp, cashierDataGridView.CurrentCell.OwningColumn.Name  [productName]
[ADMIN] [5/5/2017 11:17] [PENJUALAN] CASHIER FORM : Combobox_KeyUp, cashierDataGridView.CurrentCell.OwningColumn.Name  [productName]
[ADMIN] [5/5/2017 11:17] [PENJUALAN] CASHIER FORM : Combobox_KeyUp, cashierDataGridView.CurrentCell.OwningColumn.Name  [productName]
[ADMIN] [5/5/2017 11:17] [PENJUALAN] CASHIER FORM : productName_previewKeyDown, cashierDataGridView.CurrentCell.OwningColumn.Name  [productName]
[ADMIN] [5/5/2017 11:17] [PENJUALAN] CASHIER FORM : Combobox_KeyUp, cashierDataGridView.CurrentCell.OwningColumn.Name  [productPrice]
[ADMIN] [5/5/2017 11:17] [PENJUALAN] CASHIER FORM : Combobox_KeyUp, cashierDataGridView.CurrentCell.OwningColumn.Name  [productPrice]
[ADMIN] [5/5/2017 11:17] [PENJUALAN] CASHIER FORM : Combobox_KeyUp, cashierDataGridView.CurrentCell.OwningColumn.Name  [productPrice]
[ADMIN] [5/5/2017 11:17] [PENJUALAN] CASHIER FORM : Combobox_KeyUp, cashierDataGridView.CurrentCell.OwningColumn.Name  [qty]
[ADMIN] [5/5/2017 11:17] [PENJUALAN] CASHIER FORM : Combobox_KeyUp, cashierDataGridView.CurrentCell.OwningColumn.Name  [qty]
[ADMIN] [5/5/2017 11:17] [PENJUALAN] CASHIER FORM : Combobox_KeyUp, cashierDataGridView.CurrentCell.OwningColumn.Name  [qty]
[ADMIN] [5/5/2017 11:17] [PENJUALAN] CASHIER FORM : discJualMaskedTextBox_Validating, totalAfterDisc [19500]
[ADMIN] [5/5/2017 11:17] [PENJUALAN] CASHIER FORM : calculateChangeValue, bayarTextBox.Text [Rp0]
[ADMIN] [5/5/2017 11:17] [PENJUALAN] CASHIER FORM : calculateChangeValue, sisaBayar [0]
[ADMIN] [5/5/2017 11:17] [PENJUALAN] CASHIER FORM : calculateChangeValue, bayarTextBox.Text [0]
[ADMIN] [5/5/2017 11:17] [PENJUALAN] CASHIER FORM : calculateChangeValue, sisaBayar [0]
[ADMIN] [5/5/2017 11:18] [PENJUALAN] CASHIER FORM : UNREGISTER HOTKEY
[ADMIN] [5/5/2017 11:18] [PENJUALAN] CASHIER FORM : UNREGISTER HOTKEY
[ADMIN] [5/5/2017 11:18] [PENJUALAN] CASHIER FORM : REGISTER HOTKEY
[ADMIN] [5/5/2017 11:18] [PENJUALAN] CASHIER FORM : cashierForm_Load, ATTEMPT TO LOAD NO FAKTUR
[ADMIN] [5/5/2017 11:18] [PENJUALAN] CASHIER FORM : loadNoFaktur, noFakturValue [SLO001]
[ADMIN] [5/5/2017 11:18] [PENJUALAN] CASHIER FORM : cashierForm_Load, ATTEMPT TO addColumnToDataGrid
[ADMIN] [5/5/2017 11:18] [PENJUALAN] CASHIER FORM : UPDATE ROW NUMBER, TOTAL ROW [1]
[ADMIN] [5/5/2017 11:18] [PENJUALAN] CASHIER FORM : cashierDataGridView_CellValueChanged [F8]
[ADMIN] [5/5/2017 11:18] [PENJUALAN] CASHIER FORM : ADD NEW ROW,  isActive [True]
[ADMIN] [5/5/2017 11:18] [PENJUALAN] CASHIER FORM : ADD NEW ROW,  ROW COUNT [0]
[ADMIN] [5/5/2017 11:18] [PENJUALAN] CASHIER FORM : ADD NEW ROW,  ALLOW TO ADD [True]
[ADMIN] [5/5/2017 11:18] [PENJUALAN] CASHIER FORM : UPDATE ROW NUMBER, TOTAL ROW [1]
[ADMIN] [5/5/2017 11:18] [PENJUALAN] CASHIER FORM : REGISTER HOTKEY
[ADMIN] [5/5/2017 11:18] [PENJUALAN] CASHIER FORM : UNREGISTER HOTKEY
[ADMIN] [5/5/2017 11:18] [PENJUALAN] CASHIER FORM : UNREGISTER HOTKEY
[ADMIN] [5/5/2017 11:19] [] USER ID = 1LOGOUT
