[] [11/14/2016 22:28] [] USER = ADMIN IS ACTIVE
[ADMIN] [11/14/2016 22:28] [] USER ID = 1 LOGIN SUCCESSFULLY
[ADMIN] [11/14/2016 22:28] [] ACTIVATE USER ACCESS RIGHT
[ADMIN] [11/14/2016 22:28] [] DISPLAY ADMIN FORM
[ADMIN] [11/14/2016 22:28] [] adminForm Load
[ADMIN] [11/14/2016 22:28] [] ACTIVATE USER ACCESS RIGHT
[ADMIN] [11/14/2016 22:28] [PENJUALAN] CASHIER FORM : REGISTER HOTKEY
[ADMIN] [11/14/2016 22:28] [PENJUALAN] CASHIER FORM : cashierForm_Load, ATTEMPT TO LOAD NO FAKTUR
[ADMIN] [11/14/2016 22:28] [PENJUALAN] CASHIER FORM : loadNoFaktur, noFakturValue [SLO001]
[ADMIN] [11/14/2016 22:28] [PENJUALAN] CASHIER FORM : cashierForm_Load, ATTEMPT TO addColumnToDataGrid
[ADMIN] [11/14/2016 22:28] [PENJUALAN] CASHIER FORM : UPDATE ROW NUMBER, TOTAL ROW [1]
[ADMIN] [11/14/2016 22:28] [PENJUALAN] CASHIER FORM : cashierDataGridView_CellValueChanged [F8]
[ADMIN] [11/14/2016 22:28] [PENJUALAN] CASHIER FORM : calculateTotal
[ADMIN] [11/14/2016 22:28] [PENJUALAN] CASHIER FORM : calculateTotal [0]
[ADMIN] [11/14/2016 22:28] [PENJUALAN] CASHIER FORM : calculateTotal, totalAfterDisc [0]
[ADMIN] [11/14/2016 22:28] [PENJUALAN] CASHIER FORM : calculateChangeValue, bayarTextBox.Text [0]
[ADMIN] [11/14/2016 22:28] [PENJUALAN] CASHIER FORM : calculateChangeValue, sisaBayar [0]
[ADMIN] [11/14/2016 22:29] [PENJUALAN] CASHIER FORM : ADD NEW ROW,  isActive [True]
[ADMIN] [11/14/2016 22:29] [PENJUALAN] CASHIER FORM : ADD NEW ROW,  ROW COUNT [1]
[ADMIN] [11/14/2016 22:29] [PENJUALAN] CASHIER FORM : ADD NEW ROW,  ALLOW TO ADD [False]
[ADMIN] [11/14/2016 22:29] [PENJUALAN] CASHIER FORM : clearUpSomeRowContents
[ADMIN] [11/14/2016 22:29] [PENJUALAN] CASHIER FORM : calculateTotal
[ADMIN] [11/14/2016 22:29] [PENJUALAN] CASHIER FORM : calculateTotal [0]
[ADMIN] [11/14/2016 22:29] [PENJUALAN] CASHIER FORM : calculateTotal, totalAfterDisc [-100]
[ADMIN] [11/14/2016 22:29] [PENJUALAN] CASHIER FORM : calculateChangeValue, bayarTextBox.Text [0]
[ADMIN] [11/14/2016 22:29] [PENJUALAN] CASHIER FORM : calculateChangeValue, sisaBayar [100]
[ADMIN] [11/14/2016 22:29] [PENJUALAN] CASHIER FORM : REGISTER HOTKEY
[ADMIN] [11/14/2016 22:29] [PENJUALAN] CASHIER FORM : UNREGISTER HOTKEY
[ADMIN] [11/14/2016 22:30] [PENJUALAN] CASHIER FORM : REGISTER HOTKEY
[ADMIN] [11/14/2016 22:30] [PENJUALAN] CASHIER FORM : UNREGISTER HOTKEY
[ADMIN] [11/14/2016 22:30] [PENJUALAN] CASHIER FORM : UNREGISTER HOTKEY
[ADMIN] [11/14/2016 22:30] [] CREATE DATA GROUP FORM MODULE_ID [51]
[ADMIN] [11/14/2016 22:30] [] CREATE DATA GROUP ACCESS MODULE FORM, GROUP USER ID [1]
[ADMIN] [11/14/2016 22:31] [PENJUALAN] CASHIER FORM : REGISTER HOTKEY
[ADMIN] [11/14/2016 22:31] [PENJUALAN] CASHIER FORM : cashierForm_Load, ATTEMPT TO LOAD NO FAKTUR
[ADMIN] [11/14/2016 22:31] [PENJUALAN] CASHIER FORM : loadNoFaktur, noFakturValue [SLO001]
[ADMIN] [11/14/2016 22:31] [PENJUALAN] CASHIER FORM : cashierForm_Load, ATTEMPT TO addColumnToDataGrid
[ADMIN] [11/14/2016 22:31] [PENJUALAN] CASHIER FORM : UPDATE ROW NUMBER, TOTAL ROW [1]
[ADMIN] [11/14/2016 22:31] [PENJUALAN] CASHIER FORM : cashierDataGridView_CellValueChanged [F8]
[ADMIN] [11/14/2016 22:31] [PENJUALAN] CASHIER FORM : calculateTotal
[ADMIN] [11/14/2016 22:31] [PENJUALAN] CASHIER FORM : calculateTotal [0]
[ADMIN] [11/14/2016 22:31] [PENJUALAN] CASHIER FORM : calculateTotal, totalAfterDisc [0]
[ADMIN] [11/14/2016 22:31] [PENJUALAN] CASHIER FORM : calculateChangeValue, bayarTextBox.Text [0]
[ADMIN] [11/14/2016 22:31] [PENJUALAN] CASHIER FORM : calculateChangeValue, sisaBayar [0]
[ADMIN] [11/14/2016 22:32] [PENJUALAN] CASHIER FORM : ADD NEW ROW,  isActive [True]
[ADMIN] [11/14/2016 22:32] [PENJUALAN] CASHIER FORM : ADD NEW ROW,  ROW COUNT [1]
[ADMIN] [11/14/2016 22:32] [PENJUALAN] CASHIER FORM : ADD NEW ROW,  ALLOW TO ADD [False]
[ADMIN] [11/14/2016 22:32] [PENJUALAN] CASHIER FORM : clearUpSomeRowContents
[ADMIN] [11/14/2016 22:32] [PENJUALAN] CASHIER FORM : calculateTotal
[ADMIN] [11/14/2016 22:32] [PENJUALAN] CASHIER FORM : calculateTotal [0]
[ADMIN] [11/14/2016 22:32] [PENJUALAN] CASHIER FORM : calculateTotal, totalAfterDisc [-100]
[ADMIN] [11/14/2016 22:32] [PENJUALAN] CASHIER FORM : calculateChangeValue, bayarTextBox.Text [0]
[ADMIN] [11/14/2016 22:32] [PENJUALAN] CASHIER FORM : calculateChangeValue, sisaBayar [100]
[ADMIN] [11/14/2016 22:32] [PENJUALAN] CASHIER FORM : REGISTER HOTKEY
[ADMIN] [11/14/2016 22:32] [PENJUALAN] CASHIER FORM : UNREGISTER HOTKEY
[ADMIN] [11/14/2016 22:32] [PENJUALAN] CASHIER FORM : REGISTER HOTKEY
[ADMIN] [11/14/2016 22:32] [PENJUALAN] CASHIER FORM : UPDATE ROW NUMBER, TOTAL ROW [2]
[ADMIN] [11/14/2016 22:32] [PENJUALAN] CASHIER FORM : cashierDataGridView_CellValueChanged [F8]
[ADMIN] [11/14/2016 22:32] [PENJUALAN] CASHIER FORM : cashierDataGridView_CellValueChanged [qty]
[ADMIN] [11/14/2016 22:32] [PENJUALAN] CASHIER FORM : cashierDataGridView_CellValueChanged, empty texbox, reset [qty] value to 0
[ADMIN] [11/14/2016 22:32] [PENJUALAN] CASHIER FORM : TextBox_TextChanged, recalculate total value
[ADMIN] [11/14/2016 22:32] [PENJUALAN] CASHIER FORM : calculateTotal
[ADMIN] [11/14/2016 22:32] [PENJUALAN] CASHIER FORM : calculateTotal [0]
[ADMIN] [11/14/2016 22:32] [PENJUALAN] CASHIER FORM : calculateTotal, totalAfterDisc [-100]
[ADMIN] [11/14/2016 22:32] [PENJUALAN] CASHIER FORM : calculateChangeValue, bayarTextBox.Text [0]
[ADMIN] [11/14/2016 22:32] [PENJUALAN] CASHIER FORM : calculateChangeValue, sisaBayar [100]
[ADMIN] [11/14/2016 22:32] [PENJUALAN] CASHIER FORM : Combobox_KeyUp, cashierDataGridView.CurrentCell.OwningColumn.Name  [qty]
[ADMIN] [11/14/2016 22:32] [PENJUALAN] CASHIER FORM : cashierDataGridView_CellValueChanged [qty]
[ADMIN] [11/14/2016 22:32] [PENJUALAN] CASHIER FORM : cashierDataGridView_CellValueChanged, previousInput [0]
[ADMIN] [11/14/2016 22:32] [PENJUALAN] CASHIER FORM : cashierDataGridView_CellValueChanged, cellValue [1]
[ADMIN] [11/14/2016 22:32] [PENJUALAN] CASHIER FORM : cashierDataGridView_CellValueChanged, dataGridViewTextBoxEditingControl.Text pass REGEX Checking
[ADMIN] [11/14/2016 22:32] [PENJUALAN] CASHIER FORM : CHECK STOCK QTY IS ENOUGH [RT001]
[ADMIN] [11/14/2016 22:32] [PENJUALAN] CASHIER FORM : CHECK STOCK QTY IS ENOUGH [12, 1]
[ADMIN] [11/14/2016 22:32] [PENJUALAN] CASHIER FORM : CALCULATE SUBTOTAL
[ADMIN] [11/14/2016 22:32] [PENJUALAN] CASHIER FORM : SUBTOTAL [0]
[ADMIN] [11/14/2016 22:32] [PENJUALAN] CASHIER FORM : cashierDataGridView_CellValueChanged, subtotal value [0]
[ADMIN] [11/14/2016 22:32] [PENJUALAN] CASHIER FORM : cashierDataGridView_CellValueChanged, attempt to calculate total value
[ADMIN] [11/14/2016 22:32] [PENJUALAN] CASHIER FORM : calculateTotal
[ADMIN] [11/14/2016 22:32] [PENJUALAN] CASHIER FORM : calculateTotal [0]
[ADMIN] [11/14/2016 22:32] [PENJUALAN] CASHIER FORM : calculateTotal, totalAfterDisc [-100]
[ADMIN] [11/14/2016 22:32] [PENJUALAN] CASHIER FORM : calculateChangeValue, bayarTextBox.Text [0]
[ADMIN] [11/14/2016 22:32] [PENJUALAN] CASHIER FORM : calculateChangeValue, sisaBayar [100]
[ADMIN] [11/14/2016 22:32] [PENJUALAN] CASHIER FORM : Combobox_KeyUp, cashierDataGridView.CurrentCell.OwningColumn.Name  [qty]
[ADMIN] [11/14/2016 22:32] [PENJUALAN] CASHIER FORM : Combobox_KeyUp, cashierDataGridView.CurrentCell.OwningColumn.Name  [qty]
[ADMIN] [11/14/2016 22:32] [PENJUALAN] CASHIER FORM : Combobox_KeyUp, cashierDataGridView.CurrentCell.OwningColumn.Name  [qty]
[ADMIN] [11/14/2016 22:32] [PENJUALAN] CASHIER FORM : Combobox_KeyUp, cashierDataGridView.CurrentCell.OwningColumn.Name  [qty]
[ADMIN] [11/14/2016 22:32] [PENJUALAN] CASHIER FORM : cashierDataGridView_CellValueChanged [qty]
[ADMIN] [11/14/2016 22:32] [PENJUALAN] CASHIER FORM : cashierDataGridView_CellValueChanged, previousInput [1]
[ADMIN] [11/14/2016 22:32] [PENJUALAN] CASHIER FORM : cashierDataGridView_CellValueChanged, dataGridViewTextBoxEditingControl.Text pass REGEX Checking
[ADMIN] [11/14/2016 22:32] [PENJUALAN] CASHIER FORM : CHECK STOCK QTY IS ENOUGH [RT001]
[ADMIN] [11/14/2016 22:32] [PENJUALAN] CASHIER FORM : CHECK STOCK QTY IS ENOUGH [12, 12]
[ADMIN] [11/14/2016 22:32] [PENJUALAN] CASHIER FORM : CALCULATE SUBTOTAL
[ADMIN] [11/14/2016 22:32] [PENJUALAN] CASHIER FORM : SUBTOTAL [0]
[ADMIN] [11/14/2016 22:32] [PENJUALAN] CASHIER FORM : cashierDataGridView_CellValueChanged, subtotal value [0]
[ADMIN] [11/14/2016 22:32] [PENJUALAN] CASHIER FORM : cashierDataGridView_CellValueChanged, attempt to calculate total value
[ADMIN] [11/14/2016 22:32] [PENJUALAN] CASHIER FORM : calculateTotal
[ADMIN] [11/14/2016 22:32] [PENJUALAN] CASHIER FORM : calculateTotal [0]
[ADMIN] [11/14/2016 22:32] [PENJUALAN] CASHIER FORM : calculateTotal, totalAfterDisc [-100]
[ADMIN] [11/14/2016 22:32] [PENJUALAN] CASHIER FORM : calculateChangeValue, bayarTextBox.Text [0]
[ADMIN] [11/14/2016 22:32] [PENJUALAN] CASHIER FORM : calculateChangeValue, sisaBayar [100]
[ADMIN] [11/14/2016 22:32] [PENJUALAN] CASHIER FORM : Combobox_KeyUp, cashierDataGridView.CurrentCell.OwningColumn.Name  [qty]
[ADMIN] [11/14/2016 22:32] [PENJUALAN] CASHIER FORM : cashierDataGridView_CellValueChanged [qty]
[ADMIN] [11/14/2016 22:32] [PENJUALAN] CASHIER FORM : cashierDataGridView_CellValueChanged, previousInput [12]
[ADMIN] [11/14/2016 22:32] [PENJUALAN] CASHIER FORM : cashierDataGridView_CellValueChanged, dataGridViewTextBoxEditingControl.Text pass REGEX Checking
[ADMIN] [11/14/2016 22:32] [PENJUALAN] CASHIER FORM : CHECK STOCK QTY IS ENOUGH [RT001]
[ADMIN] [11/14/2016 22:32] [PENJUALAN] CASHIER FORM : CHECK STOCK QTY IS ENOUGH [12, 112]
[ADMIN] [11/14/2016 22:32] [PENJUALAN] CASHIER FORM : CALCULATE SUBTOTAL
[ADMIN] [11/14/2016 22:32] [PENJUALAN] CASHIER FORM : SUBTOTAL [0]
[ADMIN] [11/14/2016 22:32] [PENJUALAN] CASHIER FORM : cashierDataGridView_CellValueChanged, subtotal value [0]
[ADMIN] [11/14/2016 22:32] [PENJUALAN] CASHIER FORM : cashierDataGridView_CellValueChanged, attempt to calculate total value
[ADMIN] [11/14/2016 22:32] [PENJUALAN] CASHIER FORM : calculateTotal
[ADMIN] [11/14/2016 22:32] [PENJUALAN] CASHIER FORM : calculateTotal [0]
[ADMIN] [11/14/2016 22:32] [PENJUALAN] CASHIER FORM : calculateTotal, totalAfterDisc [-100]
[ADMIN] [11/14/2016 22:32] [PENJUALAN] CASHIER FORM : calculateChangeValue, bayarTextBox.Text [0]
[ADMIN] [11/14/2016 22:32] [PENJUALAN] CASHIER FORM : calculateChangeValue, sisaBayar [100]
[ADMIN] [11/14/2016 22:32] [PENJUALAN] CASHIER FORM : Combobox_KeyUp, cashierDataGridView.CurrentCell.OwningColumn.Name  [qty]
[ADMIN] [11/14/2016 22:32] [PENJUALAN] CASHIER FORM : cashierDataGridView_CellValueChanged [qty]
[ADMIN] [11/14/2016 22:32] [PENJUALAN] CASHIER FORM : cashierDataGridView_CellValueChanged, previousInput [12]
[ADMIN] [11/14/2016 22:32] [PENJUALAN] CASHIER FORM : cashierDataGridView_CellValueChanged, dataGridViewTextBoxEditingControl.Text pass REGEX Checking
[ADMIN] [11/14/2016 22:32] [PENJUALAN] CASHIER FORM : CHECK STOCK QTY IS ENOUGH [RT001]
[ADMIN] [11/14/2016 22:32] [PENJUALAN] CASHIER FORM : CHECK STOCK QTY IS ENOUGH [12, 2]
[ADMIN] [11/14/2016 22:32] [PENJUALAN] CASHIER FORM : CALCULATE SUBTOTAL
[ADMIN] [11/14/2016 22:32] [PENJUALAN] CASHIER FORM : SUBTOTAL [0]
[ADMIN] [11/14/2016 22:32] [PENJUALAN] CASHIER FORM : cashierDataGridView_CellValueChanged, subtotal value [0]
[ADMIN] [11/14/2016 22:32] [PENJUALAN] CASHIER FORM : cashierDataGridView_CellValueChanged, attempt to calculate total value
[ADMIN] [11/14/2016 22:32] [PENJUALAN] CASHIER FORM : calculateTotal
[ADMIN] [11/14/2016 22:32] [PENJUALAN] CASHIER FORM : calculateTotal [0]
[ADMIN] [11/14/2016 22:32] [PENJUALAN] CASHIER FORM : calculateTotal, totalAfterDisc [-100]
[ADMIN] [11/14/2016 22:32] [PENJUALAN] CASHIER FORM : calculateChangeValue, bayarTextBox.Text [0]
[ADMIN] [11/14/2016 22:32] [PENJUALAN] CASHIER FORM : calculateChangeValue, sisaBayar [100]
[ADMIN] [11/14/2016 22:32] [PENJUALAN] CASHIER FORM : Combobox_KeyUp, cashierDataGridView.CurrentCell.OwningColumn.Name  [qty]
[ADMIN] [11/14/2016 22:32] [PENJUALAN] CASHIER FORM : cashierDataGridView_CellValueChanged [productPrice]
[ADMIN] [11/14/2016 22:32] [PENJUALAN] CASHIER FORM : cashierDataGridView_CellValueChanged, previousInput [0]
[ADMIN] [11/14/2016 22:32] [PENJUALAN] CASHIER FORM : cashierDataGridView_CellValueChanged, cellValue [1]
[ADMIN] [11/14/2016 22:32] [PENJUALAN] CASHIER FORM : cashierDataGridView_CellValueChanged, dataGridViewTextBoxEditingControl.Text pass REGEX Checking
[ADMIN] [11/14/2016 22:32] [PENJUALAN] CASHIER FORM : CALCULATE SUBTOTAL
[ADMIN] [11/14/2016 22:32] [PENJUALAN] CASHIER FORM : SUBTOTAL [2]
[ADMIN] [11/14/2016 22:32] [PENJUALAN] CASHIER FORM : cashierDataGridView_CellValueChanged, subtotal value [2]
[ADMIN] [11/14/2016 22:32] [PENJUALAN] CASHIER FORM : cashierDataGridView_CellValueChanged, attempt to calculate total value
[ADMIN] [11/14/2016 22:32] [PENJUALAN] CASHIER FORM : calculateTotal
[ADMIN] [11/14/2016 22:32] [PENJUALAN] CASHIER FORM : calculateTotal [2]
[ADMIN] [11/14/2016 22:32] [PENJUALAN] CASHIER FORM : calculateTotal, totalAfterDisc [-98]
[ADMIN] [11/14/2016 22:32] [PENJUALAN] CASHIER FORM : calculateChangeValue, bayarTextBox.Text [0]
[ADMIN] [11/14/2016 22:32] [PENJUALAN] CASHIER FORM : calculateChangeValue, sisaBayar [98]
[ADMIN] [11/14/2016 22:32] [PENJUALAN] CASHIER FORM : Combobox_KeyUp, cashierDataGridView.CurrentCell.OwningColumn.Name  [productPrice]
[ADMIN] [11/14/2016 22:32] [PENJUALAN] CASHIER FORM : cashierDataGridView_CellValueChanged [productPrice]
[ADMIN] [11/14/2016 22:32] [PENJUALAN] CASHIER FORM : cashierDataGridView_CellValueChanged, previousInput [1]
[ADMIN] [11/14/2016 22:32] [PENJUALAN] CASHIER FORM : cashierDataGridView_CellValueChanged, dataGridViewTextBoxEditingControl.Text pass REGEX Checking
[ADMIN] [11/14/2016 22:32] [PENJUALAN] CASHIER FORM : CALCULATE SUBTOTAL
[ADMIN] [11/14/2016 22:32] [PENJUALAN] CASHIER FORM : SUBTOTAL [22]
[ADMIN] [11/14/2016 22:32] [PENJUALAN] CASHIER FORM : cashierDataGridView_CellValueChanged, subtotal value [22]
[ADMIN] [11/14/2016 22:32] [PENJUALAN] CASHIER FORM : cashierDataGridView_CellValueChanged, attempt to calculate total value
[ADMIN] [11/14/2016 22:32] [PENJUALAN] CASHIER FORM : calculateTotal
[ADMIN] [11/14/2016 22:32] [PENJUALAN] CASHIER FORM : calculateTotal [22]
[ADMIN] [11/14/2016 22:32] [PENJUALAN] CASHIER FORM : calculateTotal, totalAfterDisc [-78]
[ADMIN] [11/14/2016 22:32] [PENJUALAN] CASHIER FORM : calculateChangeValue, bayarTextBox.Text [0]
[ADMIN] [11/14/2016 22:32] [PENJUALAN] CASHIER FORM : calculateChangeValue, sisaBayar [78]
[ADMIN] [11/14/2016 22:32] [PENJUALAN] CASHIER FORM : Combobox_KeyUp, cashierDataGridView.CurrentCell.OwningColumn.Name  [productPrice]
[ADMIN] [11/14/2016 22:32] [PENJUALAN] CASHIER FORM : cashierDataGridView_CellValueChanged [productPrice]
[ADMIN] [11/14/2016 22:32] [PENJUALAN] CASHIER FORM : cashierDataGridView_CellValueChanged, previousInput [11]
[ADMIN] [11/14/2016 22:32] [PENJUALAN] CASHIER FORM : cashierDataGridView_CellValueChanged, dataGridViewTextBoxEditingControl.Text pass REGEX Checking
[ADMIN] [11/14/2016 22:32] [PENJUALAN] CASHIER FORM : CALCULATE SUBTOTAL
[ADMIN] [11/14/2016 22:32] [PENJUALAN] CASHIER FORM : SUBTOTAL [222]
[ADMIN] [11/14/2016 22:32] [PENJUALAN] CASHIER FORM : cashierDataGridView_CellValueChanged, subtotal value [222]
[ADMIN] [11/14/2016 22:32] [PENJUALAN] CASHIER FORM : cashierDataGridView_CellValueChanged, attempt to calculate total value
[ADMIN] [11/14/2016 22:32] [PENJUALAN] CASHIER FORM : calculateTotal
[ADMIN] [11/14/2016 22:32] [PENJUALAN] CASHIER FORM : calculateTotal [222]
[ADMIN] [11/14/2016 22:32] [PENJUALAN] CASHIER FORM : calculateTotal, totalAfterDisc [122]
[ADMIN] [11/14/2016 22:32] [PENJUALAN] CASHIER FORM : calculateChangeValue, bayarTextBox.Text [0]
[ADMIN] [11/14/2016 22:32] [PENJUALAN] CASHIER FORM : calculateChangeValue, sisaBayar [0]
[ADMIN] [11/14/2016 22:32] [PENJUALAN] CASHIER FORM : Combobox_KeyUp, cashierDataGridView.CurrentCell.OwningColumn.Name  [productPrice]
[ADMIN] [11/14/2016 22:32] [PENJUALAN] CASHIER FORM : cashierDataGridView_CellValueChanged [productPrice]
[ADMIN] [11/14/2016 22:32] [PENJUALAN] CASHIER FORM : cashierDataGridView_CellValueChanged, previousInput [111]
[ADMIN] [11/14/2016 22:32] [PENJUALAN] CASHIER FORM : cashierDataGridView_CellValueChanged, dataGridViewTextBoxEditingControl.Text pass REGEX Checking
[ADMIN] [11/14/2016 22:32] [PENJUALAN] CASHIER FORM : CALCULATE SUBTOTAL
[ADMIN] [11/14/2016 22:32] [PENJUALAN] CASHIER FORM : SUBTOTAL [2222]
[ADMIN] [11/14/2016 22:32] [PENJUALAN] CASHIER FORM : cashierDataGridView_CellValueChanged, subtotal value [2222]
[ADMIN] [11/14/2016 22:32] [PENJUALAN] CASHIER FORM : cashierDataGridView_CellValueChanged, attempt to calculate total value
[ADMIN] [11/14/2016 22:32] [PENJUALAN] CASHIER FORM : calculateTotal
[ADMIN] [11/14/2016 22:32] [PENJUALAN] CASHIER FORM : calculateTotal [2222]
[ADMIN] [11/14/2016 22:32] [PENJUALAN] CASHIER FORM : calculateTotal, totalAfterDisc [2122]
[ADMIN] [11/14/2016 22:32] [PENJUALAN] CASHIER FORM : calculateChangeValue, bayarTextBox.Text [0]
[ADMIN] [11/14/2016 22:32] [PENJUALAN] CASHIER FORM : calculateChangeValue, sisaBayar [0]
[ADMIN] [11/14/2016 22:32] [PENJUALAN] CASHIER FORM : Combobox_KeyUp, cashierDataGridView.CurrentCell.OwningColumn.Name  [productPrice]
[ADMIN] [11/14/2016 22:32] [PENJUALAN] CASHIER FORM : Combobox_KeyUp, cashierDataGridView.CurrentCell.OwningColumn.Name  [qty]
[ADMIN] [11/14/2016 22:32] [PENJUALAN] CASHIER FORM : Combobox_KeyUp, cashierDataGridView.CurrentCell.OwningColumn.Name  [qty]
[ADMIN] [11/14/2016 22:32] [PENJUALAN] CASHIER FORM : cashierDataGridView_CellValueChanged [qty]
[ADMIN] [11/14/2016 22:32] [PENJUALAN] CASHIER FORM : cashierDataGridView_CellValueChanged, previousInput [2]
[ADMIN] [11/14/2016 22:32] [PENJUALAN] CASHIER FORM : cashierDataGridView_CellValueChanged, dataGridViewTextBoxEditingControl.Text pass REGEX Checking
[ADMIN] [11/14/2016 22:32] [PENJUALAN] CASHIER FORM : CHECK STOCK QTY IS ENOUGH [RT001]
[ADMIN] [11/14/2016 22:32] [PENJUALAN] CASHIER FORM : CHECK STOCK QTY IS ENOUGH [12, 22]
[ADMIN] [11/14/2016 22:32] [PENJUALAN] CASHIER FORM : CALCULATE SUBTOTAL
[ADMIN] [11/14/2016 22:32] [PENJUALAN] CASHIER FORM : SUBTOTAL [2222]
[ADMIN] [11/14/2016 22:32] [PENJUALAN] CASHIER FORM : cashierDataGridView_CellValueChanged, subtotal value [2222]
[ADMIN] [11/14/2016 22:32] [PENJUALAN] CASHIER FORM : cashierDataGridView_CellValueChanged, attempt to calculate total value
[ADMIN] [11/14/2016 22:32] [PENJUALAN] CASHIER FORM : calculateTotal
[ADMIN] [11/14/2016 22:32] [PENJUALAN] CASHIER FORM : calculateTotal [2222]
[ADMIN] [11/14/2016 22:32] [PENJUALAN] CASHIER FORM : calculateTotal, totalAfterDisc [2122]
[ADMIN] [11/14/2016 22:32] [PENJUALAN] CASHIER FORM : calculateChangeValue, bayarTextBox.Text [0]
[ADMIN] [11/14/2016 22:32] [PENJUALAN] CASHIER FORM : calculateChangeValue, sisaBayar [0]
[ADMIN] [11/14/2016 22:32] [PENJUALAN] CASHIER FORM : Combobox_KeyUp, cashierDataGridView.CurrentCell.OwningColumn.Name  [qty]
[ADMIN] [11/14/2016 22:32] [PENJUALAN] CASHIER FORM : cashierDataGridView_CellValueChanged [qty]
[ADMIN] [11/14/2016 22:32] [PENJUALAN] CASHIER FORM : cashierDataGridView_CellValueChanged, previousInput [2]
[ADMIN] [11/14/2016 22:32] [PENJUALAN] CASHIER FORM : cashierDataGridView_CellValueChanged, dataGridViewTextBoxEditingControl.Text pass REGEX Checking
[ADMIN] [11/14/2016 22:32] [PENJUALAN] CASHIER FORM : CHECK STOCK QTY IS ENOUGH [RT001]
[ADMIN] [11/14/2016 22:32] [PENJUALAN] CASHIER FORM : CHECK STOCK QTY IS ENOUGH [12, 222]
[ADMIN] [11/14/2016 22:32] [PENJUALAN] CASHIER FORM : CALCULATE SUBTOTAL
[ADMIN] [11/14/2016 22:32] [PENJUALAN] CASHIER FORM : SUBTOTAL [2222]
[ADMIN] [11/14/2016 22:32] [PENJUALAN] CASHIER FORM : cashierDataGridView_CellValueChanged, subtotal value [2222]
[ADMIN] [11/14/2016 22:32] [PENJUALAN] CASHIER FORM : cashierDataGridView_CellValueChanged, attempt to calculate total value
[ADMIN] [11/14/2016 22:32] [PENJUALAN] CASHIER FORM : calculateTotal
[ADMIN] [11/14/2016 22:32] [PENJUALAN] CASHIER FORM : calculateTotal [2222]
[ADMIN] [11/14/2016 22:32] [PENJUALAN] CASHIER FORM : calculateTotal, totalAfterDisc [2122]
[ADMIN] [11/14/2016 22:32] [PENJUALAN] CASHIER FORM : calculateChangeValue, bayarTextBox.Text [0]
[ADMIN] [11/14/2016 22:32] [PENJUALAN] CASHIER FORM : calculateChangeValue, sisaBayar [0]
[ADMIN] [11/14/2016 22:32] [PENJUALAN] CASHIER FORM : Combobox_KeyUp, cashierDataGridView.CurrentCell.OwningColumn.Name  [qty]
[ADMIN] [11/14/2016 22:32] [PENJUALAN] CASHIER FORM : cashierDataGridView_CellValueChanged [qty]
[ADMIN] [11/14/2016 22:32] [PENJUALAN] CASHIER FORM : cashierDataGridView_CellValueChanged, previousInput [2]
[ADMIN] [11/14/2016 22:32] [PENJUALAN] CASHIER FORM : cashierDataGridView_CellValueChanged, dataGridViewTextBoxEditingControl.Text pass REGEX Checking
[ADMIN] [11/14/2016 22:32] [PENJUALAN] CASHIER FORM : CHECK STOCK QTY IS ENOUGH [RT001]
[ADMIN] [11/14/2016 22:32] [PENJUALAN] CASHIER FORM : CHECK STOCK QTY IS ENOUGH [12, 2223]
[ADMIN] [11/14/2016 22:32] [PENJUALAN] CASHIER FORM : CALCULATE SUBTOTAL
[ADMIN] [11/14/2016 22:32] [PENJUALAN] CASHIER FORM : SUBTOTAL [2222]
[ADMIN] [11/14/2016 22:32] [PENJUALAN] CASHIER FORM : cashierDataGridView_CellValueChanged, subtotal value [2222]
[ADMIN] [11/14/2016 22:32] [PENJUALAN] CASHIER FORM : cashierDataGridView_CellValueChanged, attempt to calculate total value
[ADMIN] [11/14/2016 22:32] [PENJUALAN] CASHIER FORM : calculateTotal
[ADMIN] [11/14/2016 22:32] [PENJUALAN] CASHIER FORM : calculateTotal [2222]
[ADMIN] [11/14/2016 22:32] [PENJUALAN] CASHIER FORM : calculateTotal, totalAfterDisc [2122]
[ADMIN] [11/14/2016 22:32] [PENJUALAN] CASHIER FORM : calculateChangeValue, bayarTextBox.Text [0]
[ADMIN] [11/14/2016 22:32] [PENJUALAN] CASHIER FORM : calculateChangeValue, sisaBayar [0]
[ADMIN] [11/14/2016 22:32] [PENJUALAN] CASHIER FORM : Combobox_KeyUp, cashierDataGridView.CurrentCell.OwningColumn.Name  [qty]
[ADMIN] [11/14/2016 22:32] [PENJUALAN] CASHIER FORM : cashierDataGridView_CellValueChanged [qty]
[ADMIN] [11/14/2016 22:32] [PENJUALAN] CASHIER FORM : cashierDataGridView_CellValueChanged, previousInput [2]
[ADMIN] [11/14/2016 22:32] [PENJUALAN] CASHIER FORM : cashierDataGridView_CellValueChanged, dataGridViewTextBoxEditingControl.Text pass REGEX Checking
[ADMIN] [11/14/2016 22:32] [PENJUALAN] CASHIER FORM : CHECK STOCK QTY IS ENOUGH [RT001]
[ADMIN] [11/14/2016 22:32] [PENJUALAN] CASHIER FORM : CHECK STOCK QTY IS ENOUGH [12, 22233]
[ADMIN] [11/14/2016 22:32] [PENJUALAN] CASHIER FORM : CALCULATE SUBTOTAL
[ADMIN] [11/14/2016 22:32] [PENJUALAN] CASHIER FORM : SUBTOTAL [2222]
[ADMIN] [11/14/2016 22:32] [PENJUALAN] CASHIER FORM : cashierDataGridView_CellValueChanged, subtotal value [2222]
[ADMIN] [11/14/2016 22:32] [PENJUALAN] CASHIER FORM : cashierDataGridView_CellValueChanged, attempt to calculate total value
[ADMIN] [11/14/2016 22:32] [PENJUALAN] CASHIER FORM : calculateTotal
[ADMIN] [11/14/2016 22:32] [PENJUALAN] CASHIER FORM : calculateTotal [2222]
[ADMIN] [11/14/2016 22:32] [PENJUALAN] CASHIER FORM : calculateTotal, totalAfterDisc [2122]
[ADMIN] [11/14/2016 22:32] [PENJUALAN] CASHIER FORM : calculateChangeValue, bayarTextBox.Text [0]
[ADMIN] [11/14/2016 22:32] [PENJUALAN] CASHIER FORM : calculateChangeValue, sisaBayar [0]
[ADMIN] [11/14/2016 22:32] [PENJUALAN] CASHIER FORM : Combobox_KeyUp, cashierDataGridView.CurrentCell.OwningColumn.Name  [qty]
[ADMIN] [11/14/2016 22:32] [PENJUALAN] CASHIER FORM : cashierDataGridView_CellValueChanged [qty]
[ADMIN] [11/14/2016 22:32] [PENJUALAN] CASHIER FORM : cashierDataGridView_CellValueChanged, previousInput [2]
[ADMIN] [11/14/2016 22:32] [PENJUALAN] CASHIER FORM : cashierDataGridView_CellValueChanged, dataGridViewTextBoxEditingControl.Text pass REGEX Checking
[ADMIN] [11/14/2016 22:32] [PENJUALAN] CASHIER FORM : CHECK STOCK QTY IS ENOUGH [RT001]
[ADMIN] [11/14/2016 22:32] [PENJUALAN] CASHIER FORM : CHECK STOCK QTY IS ENOUGH [12, 1]
[ADMIN] [11/14/2016 22:32] [PENJUALAN] CASHIER FORM : CALCULATE SUBTOTAL
[ADMIN] [11/14/2016 22:32] [PENJUALAN] CASHIER FORM : SUBTOTAL [1111]
[ADMIN] [11/14/2016 22:32] [PENJUALAN] CASHIER FORM : cashierDataGridView_CellValueChanged, subtotal value [1111]
[ADMIN] [11/14/2016 22:32] [PENJUALAN] CASHIER FORM : cashierDataGridView_CellValueChanged, attempt to calculate total value
[ADMIN] [11/14/2016 22:32] [PENJUALAN] CASHIER FORM : calculateTotal
[ADMIN] [11/14/2016 22:32] [PENJUALAN] CASHIER FORM : calculateTotal [1111]
[ADMIN] [11/14/2016 22:32] [PENJUALAN] CASHIER FORM : calculateTotal, totalAfterDisc [1011]
[ADMIN] [11/14/2016 22:32] [PENJUALAN] CASHIER FORM : calculateChangeValue, bayarTextBox.Text [0]
[ADMIN] [11/14/2016 22:32] [PENJUALAN] CASHIER FORM : calculateChangeValue, sisaBayar [0]
[ADMIN] [11/14/2016 22:32] [PENJUALAN] CASHIER FORM : Combobox_KeyUp, cashierDataGridView.CurrentCell.OwningColumn.Name  [qty]
[ADMIN] [11/14/2016 22:32] [PENJUALAN] CASHIER FORM : UNREGISTER HOTKEY
[ADMIN] [11/14/2016 22:32] [PENJUALAN] CASHIER FORM : UNREGISTER HOTKEY
[ADMIN] [11/14/2016 22:32] [PENJUALAN] CASHIER FORM : REGISTER HOTKEY
[ADMIN] [11/14/2016 22:32] [PENJUALAN] CASHIER FORM : cashierForm_Load, ATTEMPT TO LOAD NO FAKTUR
[ADMIN] [11/14/2016 22:32] [PENJUALAN] CASHIER FORM : loadNoFaktur, noFakturValue [SLO001]
[ADMIN] [11/14/2016 22:32] [PENJUALAN] CASHIER FORM : cashierForm_Load, ATTEMPT TO addColumnToDataGrid
[ADMIN] [11/14/2016 22:32] [PENJUALAN] CASHIER FORM : UPDATE ROW NUMBER, TOTAL ROW [1]
[ADMIN] [11/14/2016 22:32] [PENJUALAN] CASHIER FORM : cashierDataGridView_CellValueChanged [F8]
[ADMIN] [11/14/2016 22:32] [PENJUALAN] CASHIER FORM : calculateTotal
[ADMIN] [11/14/2016 22:32] [PENJUALAN] CASHIER FORM : calculateTotal [0]
[ADMIN] [11/14/2016 22:32] [PENJUALAN] CASHIER FORM : calculateTotal, totalAfterDisc [0]
[ADMIN] [11/14/2016 22:32] [PENJUALAN] CASHIER FORM : calculateChangeValue, bayarTextBox.Text [0]
[ADMIN] [11/14/2016 22:32] [PENJUALAN] CASHIER FORM : calculateChangeValue, sisaBayar [0]
[ADMIN] [11/14/2016 22:32] [PENJUALAN] CASHIER FORM : ADD NEW ROW,  isActive [True]
[ADMIN] [11/14/2016 22:32] [PENJUALAN] CASHIER FORM : ADD NEW ROW,  ROW COUNT [1]
[ADMIN] [11/14/2016 22:32] [PENJUALAN] CASHIER FORM : ADD NEW ROW,  ALLOW TO ADD [False]
[ADMIN] [11/14/2016 22:32] [PENJUALAN] CASHIER FORM : clearUpSomeRowContents
[ADMIN] [11/14/2016 22:32] [PENJUALAN] CASHIER FORM : calculateTotal
[ADMIN] [11/14/2016 22:32] [PENJUALAN] CASHIER FORM : calculateTotal [0]
[ADMIN] [11/14/2016 22:32] [PENJUALAN] CASHIER FORM : calculateTotal, totalAfterDisc [-100]
[ADMIN] [11/14/2016 22:32] [PENJUALAN] CASHIER FORM : calculateChangeValue, bayarTextBox.Text [0]
[ADMIN] [11/14/2016 22:32] [PENJUALAN] CASHIER FORM : calculateChangeValue, sisaBayar [100]
[ADMIN] [11/14/2016 22:32] [PENJUALAN] CASHIER FORM : REGISTER HOTKEY
[ADMIN] [11/14/2016 22:32] [PENJUALAN] CASHIER FORM : UPDATE ROW NUMBER, TOTAL ROW [2]
[ADMIN] [11/14/2016 22:32] [PENJUALAN] CASHIER FORM : cashierDataGridView_CellValueChanged [F8]
[ADMIN] [11/14/2016 22:32] [PENJUALAN] CASHIER FORM : cashierDataGridView_CellValueChanged [productPrice]
[ADMIN] [11/14/2016 22:32] [PENJUALAN] CASHIER FORM : cashierDataGridView_CellValueChanged, previousInput [0]
[ADMIN] [11/14/2016 22:32] [PENJUALAN] CASHIER FORM : cashierDataGridView_CellValueChanged, cellValue [1]
[ADMIN] [11/14/2016 22:32] [PENJUALAN] CASHIER FORM : cashierDataGridView_CellValueChanged, dataGridViewTextBoxEditingControl.Text pass REGEX Checking
[ADMIN] [11/14/2016 22:32] [PENJUALAN] CASHIER FORM : CALCULATE SUBTOTAL
[ADMIN] [11/14/2016 22:32] [PENJUALAN] CASHIER FORM : SUBTOTAL [2]
[ADMIN] [11/14/2016 22:32] [PENJUALAN] CASHIER FORM : cashierDataGridView_CellValueChanged, subtotal value [2]
[ADMIN] [11/14/2016 22:32] [PENJUALAN] CASHIER FORM : cashierDataGridView_CellValueChanged, attempt to calculate total value
[ADMIN] [11/14/2016 22:32] [PENJUALAN] CASHIER FORM : calculateTotal
[ADMIN] [11/14/2016 22:32] [PENJUALAN] CASHIER FORM : calculateTotal [2]
[ADMIN] [11/14/2016 22:32] [PENJUALAN] CASHIER FORM : calculateTotal, totalAfterDisc [-98]
[ADMIN] [11/14/2016 22:32] [PENJUALAN] CASHIER FORM : calculateChangeValue, bayarTextBox.Text [0]
[ADMIN] [11/14/2016 22:32] [PENJUALAN] CASHIER FORM : calculateChangeValue, sisaBayar [98]
[ADMIN] [11/14/2016 22:32] [PENJUALAN] CASHIER FORM : Combobox_KeyUp, cashierDataGridView.CurrentCell.OwningColumn.Name  [productPrice]
[ADMIN] [11/14/2016 22:32] [PENJUALAN] CASHIER FORM : UNREGISTER HOTKEY
[ADMIN] [11/14/2016 22:32] [PENJUALAN] CASHIER FORM : UNREGISTER HOTKEY
[ADMIN] [11/14/2016 22:32] [PENJUALAN] CASHIER FORM : REGISTER HOTKEY
[ADMIN] [11/14/2016 22:32] [PENJUALAN] CASHIER FORM : cashierForm_Load, ATTEMPT TO LOAD NO FAKTUR
[ADMIN] [11/14/2016 22:32] [PENJUALAN] CASHIER FORM : loadNoFaktur, noFakturValue [SLO001]
[ADMIN] [11/14/2016 22:32] [PENJUALAN] CASHIER FORM : cashierForm_Load, ATTEMPT TO addColumnToDataGrid
[ADMIN] [11/14/2016 22:32] [PENJUALAN] CASHIER FORM : UPDATE ROW NUMBER, TOTAL ROW [1]
[ADMIN] [11/14/2016 22:32] [PENJUALAN] CASHIER FORM : cashierDataGridView_CellValueChanged [F8]
[ADMIN] [11/14/2016 22:32] [PENJUALAN] CASHIER FORM : calculateTotal
[ADMIN] [11/14/2016 22:32] [PENJUALAN] CASHIER FORM : calculateTotal [0]
[ADMIN] [11/14/2016 22:32] [PENJUALAN] CASHIER FORM : calculateTotal, totalAfterDisc [0]
[ADMIN] [11/14/2016 22:32] [PENJUALAN] CASHIER FORM : calculateChangeValue, bayarTextBox.Text [0]
[ADMIN] [11/14/2016 22:32] [PENJUALAN] CASHIER FORM : calculateChangeValue, sisaBayar [0]
[ADMIN] [11/14/2016 22:32] [PENJUALAN] CASHIER FORM : ADD NEW ROW,  isActive [True]
[ADMIN] [11/14/2016 22:32] [PENJUALAN] CASHIER FORM : ADD NEW ROW,  ROW COUNT [1]
[ADMIN] [11/14/2016 22:32] [PENJUALAN] CASHIER FORM : ADD NEW ROW,  ALLOW TO ADD [False]
[ADMIN] [11/14/2016 22:32] [PENJUALAN] CASHIER FORM : clearUpSomeRowContents
[ADMIN] [11/14/2016 22:32] [PENJUALAN] CASHIER FORM : calculateTotal
[ADMIN] [11/14/2016 22:32] [PENJUALAN] CASHIER FORM : calculateTotal [0]
[ADMIN] [11/14/2016 22:32] [PENJUALAN] CASHIER FORM : calculateTotal, totalAfterDisc [-100]
[ADMIN] [11/14/2016 22:32] [PENJUALAN] CASHIER FORM : calculateChangeValue, bayarTextBox.Text [0]
[ADMIN] [11/14/2016 22:32] [PENJUALAN] CASHIER FORM : calculateChangeValue, sisaBayar [100]
[ADMIN] [11/14/2016 22:32] [PENJUALAN] CASHIER FORM : REGISTER HOTKEY
[ADMIN] [11/14/2016 22:32] [PENJUALAN] CASHIER FORM : UPDATE ROW NUMBER, TOTAL ROW [2]
[ADMIN] [11/14/2016 22:32] [PENJUALAN] CASHIER FORM : cashierDataGridView_CellValueChanged [F8]
[ADMIN] [11/14/2016 22:32] [PENJUALAN] CASHIER FORM : cashierDataGridView_CellValueChanged [qty]
[ADMIN] [11/14/2016 22:32] [PENJUALAN] CASHIER FORM : cashierDataGridView_CellValueChanged, previousInput [2]
[ADMIN] [11/14/2016 22:32] [PENJUALAN] CASHIER FORM : cashierDataGridView_CellValueChanged, dataGridViewTextBoxEditingControl.Text pass REGEX Checking
[ADMIN] [11/14/2016 22:32] [PENJUALAN] CASHIER FORM : CHECK STOCK QTY IS ENOUGH [RT001]
[ADMIN] [11/14/2016 22:32] [PENJUALAN] CASHIER FORM : CHECK STOCK QTY IS ENOUGH [12, 3]
[ADMIN] [11/14/2016 22:32] [PENJUALAN] CASHIER FORM : CALCULATE SUBTOTAL
[ADMIN] [11/14/2016 22:32] [PENJUALAN] CASHIER FORM : SUBTOTAL [0]
[ADMIN] [11/14/2016 22:32] [PENJUALAN] CASHIER FORM : cashierDataGridView_CellValueChanged, subtotal value [0]
[ADMIN] [11/14/2016 22:32] [PENJUALAN] CASHIER FORM : cashierDataGridView_CellValueChanged, attempt to calculate total value
[ADMIN] [11/14/2016 22:32] [PENJUALAN] CASHIER FORM : calculateTotal
[ADMIN] [11/14/2016 22:32] [PENJUALAN] CASHIER FORM : calculateTotal [0]
[ADMIN] [11/14/2016 22:32] [PENJUALAN] CASHIER FORM : calculateTotal, totalAfterDisc [-100]
[ADMIN] [11/14/2016 22:32] [PENJUALAN] CASHIER FORM : calculateChangeValue, bayarTextBox.Text [0]
[ADMIN] [11/14/2016 22:32] [PENJUALAN] CASHIER FORM : calculateChangeValue, sisaBayar [100]
[ADMIN] [11/14/2016 22:32] [PENJUALAN] CASHIER FORM : Combobox_KeyUp, cashierDataGridView.CurrentCell.OwningColumn.Name  [qty]
[ADMIN] [11/14/2016 22:32] [PENJUALAN] CASHIER FORM : UNREGISTER HOTKEY
[ADMIN] [11/14/2016 22:32] [PENJUALAN] CASHIER FORM : REGISTER HOTKEY
[ADMIN] [11/14/2016 22:32] [PENJUALAN] CASHIER FORM : cashierDataGridView_CellValueChanged [qty]
[ADMIN] [11/14/2016 22:33] [PENJUALAN] CASHIER FORM : cashierDataGridView_CellValueChanged, previousInput [3]
[ADMIN] [11/14/2016 22:33] [PENJUALAN] CASHIER FORM : cashierDataGridView_CellValueChanged, dataGridViewTextBoxEditingControl.Text pass REGEX Checking
[ADMIN] [11/14/2016 22:33] [PENJUALAN] CASHIER FORM : CHECK STOCK QTY IS ENOUGH [RT001]
[ADMIN] [11/14/2016 22:33] [PENJUALAN] CASHIER FORM : CHECK STOCK QTY IS ENOUGH [12, 2]
[] [11/14/2016 22:35] [] USER = ADMIN IS ACTIVE
[ADMIN] [11/14/2016 22:35] [] USER ID = 1 LOGIN SUCCESSFULLY
[ADMIN] [11/14/2016 22:35] [] ACTIVATE USER ACCESS RIGHT
[ADMIN] [11/14/2016 22:35] [] DISPLAY ADMIN FORM
[ADMIN] [11/14/2016 22:35] [] adminForm Load
[ADMIN] [11/14/2016 22:35] [] ACTIVATE USER ACCESS RIGHT
[ADMIN] [11/14/2016 22:35] [PENJUALAN] CASHIER FORM : REGISTER HOTKEY
[ADMIN] [11/14/2016 22:35] [PENJUALAN] CASHIER FORM : cashierForm_Load, ATTEMPT TO LOAD NO FAKTUR
[ADMIN] [11/14/2016 22:35] [PENJUALAN] CASHIER FORM : loadNoFaktur, noFakturValue [SLO001]
[ADMIN] [11/14/2016 22:35] [PENJUALAN] CASHIER FORM : cashierForm_Load, ATTEMPT TO addColumnToDataGrid
[ADMIN] [11/14/2016 22:35] [PENJUALAN] CASHIER FORM : UPDATE ROW NUMBER, TOTAL ROW [1]
[ADMIN] [11/14/2016 22:35] [PENJUALAN] CASHIER FORM : cashierDataGridView_CellValueChanged [F8]
[ADMIN] [11/14/2016 22:35] [PENJUALAN] CASHIER FORM : calculateTotal
[ADMIN] [11/14/2016 22:35] [PENJUALAN] CASHIER FORM : calculateTotal [0]
[ADMIN] [11/14/2016 22:35] [PENJUALAN] CASHIER FORM : calculateTotal, totalAfterDisc [0]
[ADMIN] [11/14/2016 22:35] [PENJUALAN] CASHIER FORM : calculateChangeValue, bayarTextBox.Text [0]
[ADMIN] [11/14/2016 22:35] [PENJUALAN] CASHIER FORM : calculateChangeValue, sisaBayar [0]
[ADMIN] [11/14/2016 22:35] [PENJUALAN] CASHIER FORM : ADD NEW ROW,  isActive [True]
[ADMIN] [11/14/2016 22:35] [PENJUALAN] CASHIER FORM : ADD NEW ROW,  ROW COUNT [1]
[ADMIN] [11/14/2016 22:35] [PENJUALAN] CASHIER FORM : ADD NEW ROW,  ALLOW TO ADD [False]
[ADMIN] [11/14/2016 22:35] [PENJUALAN] CASHIER FORM : clearUpSomeRowContents
[ADMIN] [11/14/2016 22:35] [PENJUALAN] CASHIER FORM : calculateTotal
[ADMIN] [11/14/2016 22:35] [PENJUALAN] CASHIER FORM : calculateTotal [0]
[ADMIN] [11/14/2016 22:35] [PENJUALAN] CASHIER FORM : calculateTotal, totalAfterDisc [-100]
[ADMIN] [11/14/2016 22:35] [PENJUALAN] CASHIER FORM : calculateChangeValue, bayarTextBox.Text [0]
[ADMIN] [11/14/2016 22:35] [PENJUALAN] CASHIER FORM : calculateChangeValue, sisaBayar [100]
[ADMIN] [11/14/2016 22:35] [PENJUALAN] CASHIER FORM : REGISTER HOTKEY
[ADMIN] [11/14/2016 22:35] [PENJUALAN] CASHIER FORM : UNREGISTER HOTKEY
[ADMIN] [11/14/2016 22:35] [PENJUALAN] CASHIER FORM : REGISTER HOTKEY
[ADMIN] [11/14/2016 22:35] [PENJUALAN] CASHIER FORM : UNREGISTER HOTKEY
[ADMIN] [11/14/2016 22:35] [PENJUALAN] CASHIER FORM : UNREGISTER HOTKEY
[ADMIN] [11/14/2016 22:35] [PENJUALAN] CASHIER FORM : REGISTER HOTKEY
[ADMIN] [11/14/2016 22:35] [PENJUALAN] CASHIER FORM : cashierForm_Load, ATTEMPT TO LOAD NO FAKTUR
[ADMIN] [11/14/2016 22:35] [PENJUALAN] CASHIER FORM : loadNoFaktur, noFakturValue [SLO001]
[ADMIN] [11/14/2016 22:35] [PENJUALAN] CASHIER FORM : cashierForm_Load, ATTEMPT TO addColumnToDataGrid
[ADMIN] [11/14/2016 22:35] [PENJUALAN] CASHIER FORM : UPDATE ROW NUMBER, TOTAL ROW [1]
[ADMIN] [11/14/2016 22:35] [PENJUALAN] CASHIER FORM : cashierDataGridView_CellValueChanged [F8]
[ADMIN] [11/14/2016 22:36] [PENJUALAN] CASHIER FORM : calculateTotal
[ADMIN] [11/14/2016 22:36] [PENJUALAN] CASHIER FORM : calculateTotal [0]
[ADMIN] [11/14/2016 22:36] [PENJUALAN] CASHIER FORM : calculateTotal, totalAfterDisc [0]
[ADMIN] [11/14/2016 22:36] [PENJUALAN] CASHIER FORM : calculateChangeValue, bayarTextBox.Text [0]
[ADMIN] [11/14/2016 22:36] [PENJUALAN] CASHIER FORM : calculateChangeValue, sisaBayar [0]
[ADMIN] [11/14/2016 22:37] [PENJUALAN] CASHIER FORM : ADD NEW ROW,  isActive [True]
[ADMIN] [11/14/2016 22:37] [PENJUALAN] CASHIER FORM : ADD NEW ROW,  ROW COUNT [1]
[ADMIN] [11/14/2016 22:37] [PENJUALAN] CASHIER FORM : ADD NEW ROW,  ALLOW TO ADD [False]
[ADMIN] [11/14/2016 22:37] [PENJUALAN] CASHIER FORM : clearUpSomeRowContents
[ADMIN] [11/14/2016 22:37] [PENJUALAN] CASHIER FORM : calculateTotal
[ADMIN] [11/14/2016 22:37] [PENJUALAN] CASHIER FORM : calculateTotal [0]
[ADMIN] [11/14/2016 22:37] [PENJUALAN] CASHIER FORM : calculateTotal, totalAfterDisc [-100]
[ADMIN] [11/14/2016 22:37] [PENJUALAN] CASHIER FORM : calculateChangeValue, bayarTextBox.Text [0]
[ADMIN] [11/14/2016 22:37] [PENJUALAN] CASHIER FORM : calculateChangeValue, sisaBayar [100]
[ADMIN] [11/14/2016 22:37] [PENJUALAN] CASHIER FORM : REGISTER HOTKEY
[ADMIN] [11/14/2016 22:37] [PENJUALAN] CASHIER FORM : UNREGISTER HOTKEY
[ADMIN] [11/14/2016 22:38] [PENJUALAN] CASHIER FORM : REGISTER HOTKEY
[ADMIN] [11/14/2016 22:38] [PENJUALAN] CASHIER FORM : UNREGISTER HOTKEY
[ADMIN] [11/14/2016 22:38] [PENJUALAN] CASHIER FORM : UNREGISTER HOTKEY
[ADMIN] [11/14/2016 22:38] [PENJUALAN] CASHIER FORM : REGISTER HOTKEY
[ADMIN] [11/14/2016 22:38] [PENJUALAN] CASHIER FORM : cashierForm_Load, ATTEMPT TO LOAD NO FAKTUR
[ADMIN] [11/14/2016 22:38] [PENJUALAN] CASHIER FORM : loadNoFaktur, noFakturValue [SLO001]
[ADMIN] [11/14/2016 22:38] [PENJUALAN] CASHIER FORM : cashierForm_Load, ATTEMPT TO addColumnToDataGrid
[ADMIN] [11/14/2016 22:38] [PENJUALAN] CASHIER FORM : UPDATE ROW NUMBER, TOTAL ROW [1]
[ADMIN] [11/14/2016 22:38] [PENJUALAN] CASHIER FORM : cashierDataGridView_CellValueChanged [F8]
[ADMIN] [11/14/2016 22:39] [PENJUALAN] CASHIER FORM : calculateTotal
[ADMIN] [11/14/2016 22:39] [PENJUALAN] CASHIER FORM : calculateTotal [0]
[ADMIN] [11/14/2016 22:39] [PENJUALAN] CASHIER FORM : calculateTotal, totalAfterDisc [0]
[ADMIN] [11/14/2016 22:39] [PENJUALAN] CASHIER FORM : calculateChangeValue, bayarTextBox.Text [0]
[ADMIN] [11/14/2016 22:39] [PENJUALAN] CASHIER FORM : calculateChangeValue, sisaBayar [0]
[ADMIN] [11/14/2016 22:40] [PENJUALAN] CASHIER FORM : ADD NEW ROW,  isActive [True]
[ADMIN] [11/14/2016 22:40] [PENJUALAN] CASHIER FORM : ADD NEW ROW,  ROW COUNT [1]
[ADMIN] [11/14/2016 22:40] [PENJUALAN] CASHIER FORM : ADD NEW ROW,  ALLOW TO ADD [False]
[ADMIN] [11/14/2016 22:40] [PENJUALAN] CASHIER FORM : clearUpSomeRowContents
[ADMIN] [11/14/2016 22:40] [PENJUALAN] CASHIER FORM : calculateTotal
[ADMIN] [11/14/2016 22:41] [PENJUALAN] CASHIER FORM : calculateTotal [0]
[ADMIN] [11/14/2016 22:41] [PENJUALAN] CASHIER FORM : calculateTotal, totalAfterDisc [-100]
[ADMIN] [11/14/2016 22:41] [PENJUALAN] CASHIER FORM : calculateChangeValue, bayarTextBox.Text [0]
[ADMIN] [11/14/2016 22:41] [PENJUALAN] CASHIER FORM : calculateChangeValue, sisaBayar [100]
[] [11/14/2016 22:48] [] USER = ADMIN IS ACTIVE
[ADMIN] [11/14/2016 22:48] [] USER ID = 1 LOGIN SUCCESSFULLY
[ADMIN] [11/14/2016 22:48] [] ACTIVATE USER ACCESS RIGHT
[ADMIN] [11/14/2016 22:48] [] DISPLAY ADMIN FORM
[ADMIN] [11/14/2016 22:48] [] adminForm Load
[ADMIN] [11/14/2016 22:48] [] ACTIVATE USER ACCESS RIGHT
[ADMIN] [11/14/2016 22:48] [PENJUALAN] CASHIER FORM : REGISTER HOTKEY
[ADMIN] [11/14/2016 22:48] [PENJUALAN] CASHIER FORM : cashierForm_Load, ATTEMPT TO LOAD NO FAKTUR
[ADMIN] [11/14/2016 22:48] [PENJUALAN] CASHIER FORM : loadNoFaktur, noFakturValue [SLO001]
[ADMIN] [11/14/2016 22:48] [PENJUALAN] CASHIER FORM : cashierForm_Load, ATTEMPT TO addColumnToDataGrid
[ADMIN] [11/14/2016 22:48] [PENJUALAN] CASHIER FORM : UPDATE ROW NUMBER, TOTAL ROW [1]
[ADMIN] [11/14/2016 22:48] [PENJUALAN] CASHIER FORM : cashierDataGridView_CellValueChanged [F8]
[ADMIN] [11/14/2016 22:48] [PENJUALAN] CASHIER FORM : calculateTotal
[ADMIN] [11/14/2016 22:48] [PENJUALAN] CASHIER FORM : calculateTotal [0]
[ADMIN] [11/14/2016 22:48] [PENJUALAN] CASHIER FORM : calculateTotal, totalAfterDisc [0]
[ADMIN] [11/14/2016 22:48] [PENJUALAN] CASHIER FORM : calculateChangeValue, bayarTextBox.Text [0]
[ADMIN] [11/14/2016 22:48] [PENJUALAN] CASHIER FORM : calculateChangeValue, sisaBayar [0]
[ADMIN] [11/14/2016 22:48] [PENJUALAN] CASHIER FORM : ADD NEW ROW,  isActive [True]
[ADMIN] [11/14/2016 22:48] [PENJUALAN] CASHIER FORM : ADD NEW ROW,  ROW COUNT [1]
[ADMIN] [11/14/2016 22:48] [PENJUALAN] CASHIER FORM : ADD NEW ROW,  ALLOW TO ADD [False]
[ADMIN] [11/14/2016 22:48] [PENJUALAN] CASHIER FORM : clearUpSomeRowContents
[ADMIN] [11/14/2016 22:48] [PENJUALAN] CASHIER FORM : calculateTotal
[ADMIN] [11/14/2016 22:48] [PENJUALAN] CASHIER FORM : calculateTotal [0]
[ADMIN] [11/14/2016 22:48] [PENJUALAN] CASHIER FORM : calculateTotal, totalAfterDisc [-100]
[ADMIN] [11/14/2016 22:48] [PENJUALAN] CASHIER FORM : calculateChangeValue, bayarTextBox.Text [0]
[ADMIN] [11/14/2016 22:48] [PENJUALAN] CASHIER FORM : calculateChangeValue, sisaBayar [100]
[ADMIN] [11/14/2016 22:48] [PENJUALAN] CASHIER FORM : calculateTotal
[ADMIN] [11/14/2016 22:48] [PENJUALAN] CASHIER FORM : calculateTotal [4000]
[ADMIN] [11/14/2016 22:48] [PENJUALAN] CASHIER FORM : calculateTotal, totalAfterDisc [3900]
[ADMIN] [11/14/2016 22:48] [PENJUALAN] CASHIER FORM : calculateChangeValue, bayarTextBox.Text [0]
[ADMIN] [11/14/2016 22:48] [PENJUALAN] CASHIER FORM : calculateChangeValue, sisaBayar [0]
[ADMIN] [11/14/2016 22:48] [PENJUALAN] CASHIER FORM : REGISTER HOTKEY
[ADMIN] [11/14/2016 22:48] [PENJUALAN] CASHIER FORM : UNREGISTER HOTKEY
[ADMIN] [11/14/2016 22:49] [PENJUALAN] CASHIER FORM : REGISTER HOTKEY
[ADMIN] [11/14/2016 22:49] [PENJUALAN] CASHIER FORM : discJualMaskedTextBox_Validating, totalAfterDisc [3998]
[ADMIN] [11/14/2016 22:49] [PENJUALAN] CASHIER FORM : calculateChangeValue, bayarTextBox.Text [0]
[ADMIN] [11/14/2016 22:49] [PENJUALAN] CASHIER FORM : calculateChangeValue, sisaBayar [0]
[ADMIN] [11/14/2016 22:49] [PENJUALAN] CASHIER FORM : discJualMaskedTextBox_Validating, totalAfterDisc [3980]
[ADMIN] [11/14/2016 22:49] [PENJUALAN] CASHIER FORM : calculateChangeValue, bayarTextBox.Text [0]
[ADMIN] [11/14/2016 22:49] [PENJUALAN] CASHIER FORM : calculateChangeValue, sisaBayar [0]
[ADMIN] [11/14/2016 22:49] [PENJUALAN] CASHIER FORM : discJualMaskedTextBox_Validating, totalAfterDisc [3800]
[ADMIN] [11/14/2016 22:49] [PENJUALAN] CASHIER FORM : calculateChangeValue, bayarTextBox.Text [0]
[ADMIN] [11/14/2016 22:49] [PENJUALAN] CASHIER FORM : calculateChangeValue, sisaBayar [0]
[ADMIN] [11/14/2016 22:49] [PENJUALAN] CASHIER FORM : UNREGISTER HOTKEY
[ADMIN] [11/14/2016 22:49] [PENJUALAN] CASHIER FORM : UNREGISTER HOTKEY
[ADMIN] [11/14/2016 22:49] [] USER ID = 1LOGOUT
