[] [11/25/2016 12:32] [] USER = ADMIN IS ACTIVE
[ADMIN] [11/25/2016 12:32] [] USER ID = 1 LOGIN SUCCESSFULLY
[ADMIN] [11/25/2016 12:33] [] ACTIVATE USER ACCESS RIGHT
[ADMIN] [11/25/2016 12:33] [] DISPLAY ADMIN FORM
[ADMIN] [11/25/2016 12:33] [] adminForm Load
[ADMIN] [11/25/2016 12:33] [] ACTIVATE USER ACCESS RIGHT
[ADMIN] [11/25/2016 12:33] [PENJUALAN] CASHIER FORM : REGISTER HOTKEY
[ADMIN] [11/25/2016 12:33] [PENJUALAN] CASHIER FORM : cashierForm_Load, ATTEMPT TO LOAD NO FAKTUR
[ADMIN] [11/25/2016 12:33] [PENJUALAN] CASHIER FORM : loadNoFaktur, noFakturValue [SLO001]
[ADMIN] [11/25/2016 12:33] [PENJUALAN] CASHIER FORM : cashierForm_Load, ATTEMPT TO addColumnToDataGrid
[ADMIN] [11/25/2016 12:33] [PENJUALAN] CASHIER FORM : UPDATE ROW NUMBER, TOTAL ROW [1]
[ADMIN] [11/25/2016 12:33] [PENJUALAN] CASHIER FORM : cashierDataGridView_CellValueChanged [F8]
[ADMIN] [11/25/2016 12:33] [PENJUALAN] CASHIER FORM : ADD NEW ROW,  isActive [True]
[ADMIN] [11/25/2016 12:33] [PENJUALAN] CASHIER FORM : ADD NEW ROW,  ROW COUNT [1]
[ADMIN] [11/25/2016 12:33] [PENJUALAN] CASHIER FORM : ADD NEW ROW,  ALLOW TO ADD [False]
[ADMIN] [11/25/2016 12:33] [PENJUALAN] CASHIER FORM : clearUpSomeRowContents
[ADMIN] [11/25/2016 12:33] [PENJUALAN] CASHIER FORM : calculateTotal
[ADMIN] [11/25/2016 12:33] [PENJUALAN] CASHIER FORM : calculateTotal [0]
[ADMIN] [11/25/2016 12:33] [PENJUALAN] CASHIER FORM : calculateTotal, totalAfterDisc [0]
[ADMIN] [11/25/2016 12:33] [PENJUALAN] CASHIER FORM : calculateChangeValue, bayarTextBox.Text [0]
[ADMIN] [11/25/2016 12:33] [PENJUALAN] CASHIER FORM : calculateChangeValue, sisaBayar [0]
[ADMIN] [11/25/2016 12:33] [PENJUALAN] CASHIER FORM : calculateChangeValue, bayarTextBox.Text [1000]
[ADMIN] [11/25/2016 12:33] [PENJUALAN] CASHIER FORM : calculateChangeValue, sisaBayar [0]
[ADMIN] [11/25/2016 12:33] [PENJUALAN] CASHIER FORM : REGISTER HOTKEY
[ADMIN] [11/25/2016 12:33] [PENJUALAN] CASHIER FORM : calculateChangeValue, bayarTextBox.Text [2]
[ADMIN] [11/25/2016 12:33] [PENJUALAN] CASHIER FORM : calculateChangeValue, sisaBayar [0]
[ADMIN] [11/25/2016 12:33] [PENJUALAN] CASHIER FORM : calculateChangeValue, bayarTextBox.Text [20]
[ADMIN] [11/25/2016 12:33] [PENJUALAN] CASHIER FORM : calculateChangeValue, sisaBayar [0]
[ADMIN] [11/25/2016 12:33] [PENJUALAN] CASHIER FORM : calculateChangeValue, bayarTextBox.Text [200]
[ADMIN] [11/25/2016 12:33] [PENJUALAN] CASHIER FORM : calculateChangeValue, sisaBayar [0]
[ADMIN] [11/25/2016 12:33] [PENJUALAN] CASHIER FORM : calculateChangeValue, bayarTextBox.Text [2000]
[ADMIN] [11/25/2016 12:33] [PENJUALAN] CASHIER FORM : calculateChangeValue, sisaBayar [0]
[ADMIN] [11/25/2016 12:33] [PENJUALAN] CASHIER FORM : calculateChangeValue, bayarTextBox.Text [2000]
[ADMIN] [11/25/2016 12:33] [PENJUALAN] CASHIER FORM : calculateChangeValue, sisaBayar [0]
[ADMIN] [11/25/2016 12:33] [PENJUALAN] CASHIER FORM : discJualMaskedTextBox_Validating, totalAfterDisc [2000]
[ADMIN] [11/25/2016 12:33] [PENJUALAN] CASHIER FORM : calculateChangeValue, bayarTextBox.Text [Rp2.000]
[ADMIN] [11/25/2016 12:33] [PENJUALAN] CASHIER FORM : calculateChangeValue, sisaBayar [0]
[ADMIN] [11/25/2016 12:33] [PENJUALAN] CASHIER FORM : calculateChangeValue, bayarTextBox.Text [2000]
[ADMIN] [11/25/2016 12:33] [PENJUALAN] CASHIER FORM : calculateChangeValue, sisaBayar [0]
[ADMIN] [11/25/2016 12:33] [PENJUALAN] CASHIER FORM : HOTKEY TO SAVE AND PRINT OUT INVOICE PRESSED
[ADMIN] [11/25/2016 12:33] [PENJUALAN] CASHIER FORM : UNREGISTER HOTKEY
[ADMIN] [11/25/2016 12:33] [PENJUALAN] CASHIER FORM : REGISTER HOTKEY
[ADMIN] [11/25/2016 12:33] [PENJUALAN] ATTEMPT TO SAVE AND PRINT OUT INVOICE
[ADMIN] [11/25/2016 12:33] [PENJUALAN] CASHIER FORM : UNREGISTER HOTKEY
[ADMIN] [11/25/2016 12:33] [PENJUALAN] CASHIER FORM : ATTEMPT TO SAVE SALES DATA [25-11-2016 12:33]
[ADMIN] [11/25/2016 12:33] [PENJUALAN] CASHIER FORM : SALES DISC FINAL [Rp0]
[ADMIN] [11/25/2016 12:33] [PENJUALAN] CASHIER FORM : CASH SALES
[ADMIN] [11/25/2016 12:33] [PENJUALAN] CHECK IF TAX LIMIT SET FOR PERCENTAGE PURCHASE [0]
[ADMIN] [11/25/2016 12:33] [PENJUALAN] CHECK IF TAX LIMIT SET FOR AVERAGE DAILY PURCHASE [0]
[ADMIN] [11/25/2016 12:33] [PENJUALAN] CASHIER FORM : NO FAKTUR [SLO001]
[ADMIN] [11/25/2016 12:33] [PENJUALAN] CASHIER FORM : MAX SALES INVOICE [22]
[ADMIN] [11/25/2016 12:33] [PENJUALAN] CASHIER FORM : SALES INVOICE [SLO001-23]
[ADMIN] [11/25/2016 12:33] [PENJUALAN] INSERT INTO SALES HEADER [SLO001-23]
[ADMIN] [11/25/2016 12:33] [PENJUALAN] INSERT INTO SALES DETAIL[RT001, 1000, 2]
[ADMIN] [11/25/2016 12:33] [PENJUALAN] REDUCE STOCK AT MASTER PRODUCT [RT001]
[ADMIN] [11/25/2016 12:33] [PENJUALAN] UPDATE CUSTOMER PRODUCT DISC [RT001]
[ADMIN] [11/25/2016 12:33] [PENJUALAN] INSERT TO CREDIT TABLE [SLO001-23]
[ADMIN] [11/25/2016 12:33] [PENJUALAN] INSERT TO DAILY JOURNAL TABLE [1000]
[ADMIN] [11/25/2016 12:33] [PENJUALAN] CASHIER FORM : REGISTER HOTKEY
[ADMIN] [11/25/2016 12:33] [PENJUALAN] TRANSACTION SAVED
[ADMIN] [11/25/2016 12:33] [PENJUALAN] SAVE DP PAYMENT TO PAYMENT CREDIT
[ADMIN] [11/25/2016 12:33] [PENJUALAN] PRINT OUT INVOICE
[ADMIN] [11/25/2016 12:33] [PENJUALAN] CASHIER FORM : PrintReceipt
[ADMIN] [11/25/2016 12:33] [PENJUALAN] CASHIER FORM : PrintReceipt, papermode [0]
[ADMIN] [11/25/2016 12:33] [PENJUALAN] CASHIER FORM : PrintReceipt, display SalesReceiptForm
[ADMIN] [11/25/2016 12:33] [PENJUALAN] CASHIER FORM : UNREGISTER HOTKEY
[ADMIN] [11/25/2016 12:34] [PENJUALAN] CASHIER FORM : REGISTER HOTKEY
[ADMIN] [11/25/2016 12:34] [PENJUALAN] CASHIER FORM : UNREGISTER HOTKEY
[ADMIN] [11/25/2016 12:34] [PENJUALAN] CASHIER FORM : REGISTER HOTKEY
[ADMIN] [11/25/2016 12:34] [PENJUALAN] CASHIER FORM : UPDATE ROW NUMBER, TOTAL ROW [1]
[ADMIN] [11/25/2016 12:34] [PENJUALAN] CASHIER FORM : UNREGISTER HOTKEY
[ADMIN] [11/25/2016 12:34] [PENJUALAN] CASHIER FORM : REGISTER HOTKEY
[ADMIN] [11/25/2016 12:34] [PENJUALAN] CASHIER FORM : UNREGISTER HOTKEY
[ADMIN] [11/25/2016 12:34] [PENJUALAN] CASHIER FORM : REGISTER HOTKEY
[ADMIN] [11/25/2016 12:34] [PENJUALAN] CASHIER FORM : UNREGISTER HOTKEY
[ADMIN] [11/25/2016 12:34] [PENJUALAN] CASHIER FORM : REGISTER HOTKEY
[ADMIN] [11/25/2016 12:34] [PENJUALAN] CASHIER FORM : UNREGISTER HOTKEY
[ADMIN] [11/25/2016 12:34] [PENJUALAN] CASHIER FORM : UNREGISTER HOTKEY
[ADMIN] [11/25/2016 12:34] [] USER ID = 1LOGOUT
