[] [5/13/2017 14:56] [] USER = ADMIN IS ACTIVE
[ADMIN] [5/13/2017 14:56] [] USER ID = 1 LOGIN SUCCESSFULLY
[ADMIN] [5/13/2017 14:56] [] ACTIVATE USER ACCESS RIGHT
[ADMIN] [5/13/2017 14:56] [] DISPLAY ADMIN FORM
[ADMIN] [5/13/2017 14:56] [] adminForm Load
[ADMIN] [5/13/2017 14:56] [] ACTIVATE USER ACCESS RIGHT
[ADMIN] [5/13/2017 15:02] [] SERVER IP IS LOCALHOST
[ADMIN] [5/13/2017 15:02] [] INSERT DATA ID 2 TO SYS_CONFIG
[] [5/13/2017 15:04] [] USER = ADMIN IS ACTIVE
[] [5/13/2017 15:04] [] USER = ADMIN IS ACTIVE
[ADMIN] [5/13/2017 15:04] [] USER ID = 1 LOGIN SUCCESSFULLY
[ADMIN] [5/13/2017 15:04] [] ACTIVATE USER ACCESS RIGHT
[ADMIN] [5/13/2017 15:04] [] DISPLAY ADMIN FORM
[ADMIN] [5/13/2017 15:04] [] adminForm Load
[ADMIN] [5/13/2017 15:04] [] ACTIVATE USER ACCESS RIGHT
[ADMIN] [5/13/2017 15:05] [KATEGORI PRODUK] ADD NEW CATEGORY [ROTI]
[ADMIN] [5/13/2017 15:05] [SATUAN PRODUK] ADD NEW UNIT [BIJI]
[ADMIN] [5/13/2017 15:06] [TAMBAH / UPDATE PRODUK] INSERT NEW PRODUCT [RT001]
[ADMIN] [5/13/2017 15:06] [TAMBAH / UPDATE PRODUK] INSERT PRODUCT CATEGORY FOR [RT001]
[ADMIN] [5/13/2017 15:06] [TAMBAH / UPDATE PRODUK] INSERT NEW PRODUCT [RT002]
[ADMIN] [5/13/2017 15:06] [TAMBAH / UPDATE PRODUK] INSERT PRODUCT CATEGORY FOR [RT002]
[] [5/15/2017 13:53] [] USER = ADMIN IS ACTIVE
[ADMIN] [5/15/2017 13:53] [] USER ID = 1 LOGIN SUCCESSFULLY
[ADMIN] [5/15/2017 13:53] [] ACTIVATE USER ACCESS RIGHT
[ADMIN] [5/15/2017 13:53] [] DISPLAY ADMIN FORM
[ADMIN] [5/15/2017 13:53] [] adminForm Load
[ADMIN] [5/15/2017 13:53] [] ACTIVATE USER ACCESS RIGHT
[ADMIN] [5/15/2017 13:53] [PENJUALAN] CASHIER FORM : MULTIPLE CASHIER INSTANCE [1]
[ADMIN] [5/15/2017 13:53] [PENJUALAN] CASHIER FORM : REGISTER HOTKEY
[ADMIN] [5/15/2017 13:53] [PENJUALAN] CASHIER FORM : cashierForm_Load, ATTEMPT TO LOAD NO FAKTUR
[ADMIN] [5/15/2017 13:53] [PENJUALAN] CASHIER FORM : loadNoFaktur, noFakturValue [SLO001]
[ADMIN] [5/15/2017 13:53] [PENJUALAN] CASHIER FORM : cashierForm_Load, ATTEMPT TO addColumnToDataGrid
[ADMIN] [5/15/2017 13:53] [PENJUALAN] CASHIER FORM : UPDATE ROW NUMBER, TOTAL ROW [1]
[ADMIN] [5/15/2017 13:53] [PENJUALAN] CASHIER FORM : cashierDataGridView_CellValueChanged [F8]
[ADMIN] [5/15/2017 13:53] [PENJUALAN] CASHIER FORM : REGISTER HOTKEY
[ADMIN] [5/15/2017 13:53] [PENJUALAN] CASHIER FORM : Combobox_previewKeyDown, cashierDataGridView.CurrentCell.OwningColumn.Name  [productID]
[ADMIN] [5/15/2017 13:53] [PENJUALAN] CASHIER FORM : UPDATE ROW NUMBER, TOTAL ROW [2]
[ADMIN] [5/15/2017 13:53] [PENJUALAN] CASHIER FORM : cashierDataGridView_CellValueChanged [F8]
[ADMIN] [5/15/2017 13:53] [PENJUALAN] CASHIER FORM : cashierDataGridView_CellValueChanged [productID]
[ADMIN] [5/15/2017 13:53] [PENJUALAN] CASHIER FORM : Combobox_previewKeyDown, cashierDataGridView.CurrentCell.OwningColumn.Name  [productID]
[ADMIN] [5/15/2017 13:53] [PENJUALAN] CASHIER FORM : cashierDataGridView_CellValueChanged [productID]
[ADMIN] [5/15/2017 13:53] [PENJUALAN] CASHIER FORM : Combobox_previewKeyDown, cashierDataGridView.CurrentCell.OwningColumn.Name  [productID]
[ADMIN] [5/15/2017 13:53] [PENJUALAN] CASHIER FORM : cashierDataGridView_CellValueChanged [productID]
[ADMIN] [5/15/2017 13:53] [PENJUALAN] CASHIER FORM : Combobox_previewKeyDown, cashierDataGridView.CurrentCell.OwningColumn.Name  [productID]
[ADMIN] [5/15/2017 13:53] [PENJUALAN] CASHIER FORM : cashierDataGridView_CellValueChanged [productID]
[ADMIN] [5/15/2017 13:53] [PENJUALAN] CASHIER FORM : Combobox_previewKeyDown, cashierDataGridView.CurrentCell.OwningColumn.Name  [productID]
[ADMIN] [5/15/2017 13:53] [PENJUALAN] CASHIER FORM : cashierDataGridView_CellValueChanged [productID]
[ADMIN] [5/15/2017 13:53] [PENJUALAN] CASHIER FORM : Combobox_previewKeyDown, cashierDataGridView.CurrentCell.OwningColumn.Name  [productID]
[ADMIN] [5/15/2017 13:53] [PENJUALAN] CASHIER FORM : UNREGISTER HOTKEY
[ADMIN] [5/15/2017 13:53] [PENJUALAN] CASHIER FORM : ADD NEW ROW FROM BARCODE [ROTI PISANG]
[ADMIN] [5/15/2017 13:53] [PENJUALAN] CASHIER FORM : updateSomeRowContents
[ADMIN] [5/15/2017 13:53] [PENJUALAN] CASHIER FORM : cashierDataGridView_CellValueChanged [productName]
[ADMIN] [5/15/2017 13:53] [PENJUALAN] CASHIER FORM : PRODUCT PRICE TYPE [PRODUCT_BASE_PRICE]
[ADMIN] [5/15/2017 13:53] [PENJUALAN] CASHIER FORM : PRODUCT PRICE [10]
[ADMIN] [5/15/2017 13:53] [PENJUALAN] CASHIER FORM : ComboBox_SelectedIndexChanged, PRODUCT_BASE_PRICE [10]
[ADMIN] [5/15/2017 13:53] [PENJUALAN] CASHIER FORM : cashierDataGridView_CellValueChanged [hpp]
[ADMIN] [5/15/2017 13:53] [PENJUALAN] CASHIER FORM : PRODUCT PRICE TYPE [PRODUCT_RETAIL_PRICE]
[ADMIN] [5/15/2017 13:53] [PENJUALAN] CASHIER FORM : PRODUCT PRICE [100]
[ADMIN] [5/15/2017 13:53] [PENJUALAN] CASHIER FORM : ComboBox_SelectedIndexChanged, PRODUCT_SALES_PRICE [100]
[ADMIN] [5/15/2017 13:53] [PENJUALAN] CASHIER FORM : cashierDataGridView_CellValueChanged [productPrice]
[ADMIN] [5/15/2017 13:53] [PENJUALAN] CASHIER FORM : cashierDataGridView_CellValueChanged, previousInput [0]
[ADMIN] [5/15/2017 13:53] [PENJUALAN] CASHIER FORM : cashierDataGridView_CellValueChanged, cellValue [100]
[ADMIN] [5/15/2017 13:53] [PENJUALAN] CASHIER FORM : cashierDataGridView_CellValueChanged, dataGridViewTextBoxEditingControl.Text pass REGEX Checking
[ADMIN] [5/15/2017 13:53] [PENJUALAN] CASHIER FORM : CALCULATE SUBTOTAL
[ADMIN] [5/15/2017 13:53] [PENJUALAN] CASHIER FORM : SUBTOTAL [0]
[ADMIN] [5/15/2017 13:53] [PENJUALAN] CASHIER FORM : cashierDataGridView_CellValueChanged, subtotal value [0]
[ADMIN] [5/15/2017 13:53] [PENJUALAN] CASHIER FORM : cashierDataGridView_CellValueChanged, attempt to calculate total value
[ADMIN] [5/15/2017 13:53] [PENJUALAN] CASHIER FORM : calculateTotal
[ADMIN] [5/15/2017 13:53] [PENJUALAN] CASHIER FORM : calculateTotal [0]
[ADMIN] [5/15/2017 13:53] [PENJUALAN] CASHIER FORM : calculateTotal, totalAfterDisc [0]
[ADMIN] [5/15/2017 13:53] [PENJUALAN] CASHIER FORM : calculateChangeValue, bayarTextBox.Text [0]
[ADMIN] [5/15/2017 13:53] [PENJUALAN] CASHIER FORM : calculateChangeValue, sisaBayar [0]
[ADMIN] [5/15/2017 13:53] [PENJUALAN] CASHIER FORM : cashierDataGridView_CellValueChanged [qty]
[ADMIN] [5/15/2017 13:53] [PENJUALAN] CASHIER FORM : cashierDataGridView_CellValueChanged, previousInput [0]
[ADMIN] [5/15/2017 13:53] [PENJUALAN] CASHIER FORM : cashierDataGridView_CellValueChanged [jumlah]
[ADMIN] [5/15/2017 13:53] [PENJUALAN] CASHIER FORM : calculateTotal
[ADMIN] [5/15/2017 13:53] [PENJUALAN] CASHIER FORM : calculateTotal [0]
[ADMIN] [5/15/2017 13:53] [PENJUALAN] CASHIER FORM : calculateTotal, totalAfterDisc [0]
[ADMIN] [5/15/2017 13:53] [PENJUALAN] CASHIER FORM : calculateChangeValue, bayarTextBox.Text [0]
[ADMIN] [5/15/2017 13:53] [PENJUALAN] CASHIER FORM : calculateChangeValue, sisaBayar [0]
[ADMIN] [5/15/2017 13:53] [PENJUALAN] CASHIER FORM : CHECK STOCK QTY IS ENOUGH [RT001]
[ADMIN] [5/15/2017 13:53] [PENJUALAN] CASHIER FORM : CHECK STOCK QTY IS ENOUGH [100, 1]
[ADMIN] [5/15/2017 13:53] [PENJUALAN] CASHIER FORM : cashierDataGridView_CellValueChanged [qty]
[ADMIN] [5/15/2017 13:53] [PENJUALAN] CASHIER FORM : cashierDataGridView_CellValueChanged, previousInput [0]
[ADMIN] [5/15/2017 13:53] [PENJUALAN] CASHIER FORM : cashierDataGridView_CellValueChanged, cellValue [1]
[ADMIN] [5/15/2017 13:53] [PENJUALAN] CASHIER FORM : cashierDataGridView_CellValueChanged, dataGridViewTextBoxEditingControl.Text pass REGEX Checking
[ADMIN] [5/15/2017 13:53] [PENJUALAN] CASHIER FORM : CHECK STOCK QTY IS ENOUGH [RT001]
[ADMIN] [5/15/2017 13:53] [PENJUALAN] CASHIER FORM : CHECK STOCK QTY IS ENOUGH [100, 1]
[ADMIN] [5/15/2017 13:53] [PENJUALAN] CASHIER FORM : CALCULATE SUBTOTAL
[ADMIN] [5/15/2017 13:53] [PENJUALAN] CASHIER FORM : SUBTOTAL [100]
[ADMIN] [5/15/2017 13:53] [PENJUALAN] CASHIER FORM : cashierDataGridView_CellValueChanged, subtotal value [100]
[ADMIN] [5/15/2017 13:53] [PENJUALAN] CASHIER FORM : cashierDataGridView_CellValueChanged, attempt to calculate total value
[ADMIN] [5/15/2017 13:53] [PENJUALAN] CASHIER FORM : calculateTotal
[ADMIN] [5/15/2017 13:53] [PENJUALAN] CASHIER FORM : calculateTotal [100]
[ADMIN] [5/15/2017 13:53] [PENJUALAN] CASHIER FORM : calculateTotal, totalAfterDisc [100]
[ADMIN] [5/15/2017 13:53] [PENJUALAN] CASHIER FORM : calculateChangeValue, bayarTextBox.Text [0]
[ADMIN] [5/15/2017 13:53] [PENJUALAN] CASHIER FORM : calculateChangeValue, sisaBayar [0]
[ADMIN] [5/15/2017 13:53] [PENJUALAN] CASHIER FORM : SET QTY TO 1 BECAUSE OF NEW ROW
[ADMIN] [5/15/2017 13:53] [PENJUALAN] CASHIER FORM : CALCULATE SUBTOTAL
[ADMIN] [5/15/2017 13:53] [PENJUALAN] CASHIER FORM : SUBTOTAL [100]
[ADMIN] [5/15/2017 13:53] [PENJUALAN] CASHIER FORM : calculateTotal
[ADMIN] [5/15/2017 13:53] [PENJUALAN] CASHIER FORM : calculateTotal [100]
[ADMIN] [5/15/2017 13:53] [PENJUALAN] CASHIER FORM : calculateTotal, totalAfterDisc [100]
[ADMIN] [5/15/2017 13:53] [PENJUALAN] CASHIER FORM : calculateChangeValue, bayarTextBox.Text [0]
[ADMIN] [5/15/2017 13:53] [PENJUALAN] CASHIER FORM : calculateChangeValue, sisaBayar [0]
[ADMIN] [5/15/2017 13:53] [PENJUALAN] CASHIER FORM : UPDATE ROW NUMBER, TOTAL ROW [2]
[ADMIN] [5/15/2017 13:53] [PENJUALAN] CASHIER FORM : cashierDataGridView_CellValueChanged [F8]
[ADMIN] [5/15/2017 13:53] [PENJUALAN] CASHIER FORM : REGISTER HOTKEY
[ADMIN] [5/15/2017 13:54] [PENJUALAN] CASHIER FORM : cashierDataGridView_CellValueChanged [qty]
[ADMIN] [5/15/2017 13:54] [PENJUALAN] CASHIER FORM : cashierDataGridView_CellValueChanged, previousInput [1]
[ADMIN] [5/15/2017 13:54] [PENJUALAN] CASHIER FORM : cashierDataGridView_CellValueChanged, dataGridViewTextBoxEditingControl.Text pass REGEX Checking
[ADMIN] [5/15/2017 13:54] [PENJUALAN] CASHIER FORM : CHECK STOCK QTY IS ENOUGH [RT001]
[ADMIN] [5/15/2017 13:54] [PENJUALAN] CASHIER FORM : CHECK STOCK QTY IS ENOUGH [100, 2]
[ADMIN] [5/15/2017 13:54] [PENJUALAN] CASHIER FORM : CALCULATE SUBTOTAL
[ADMIN] [5/15/2017 13:54] [PENJUALAN] CASHIER FORM : SUBTOTAL [200]
[ADMIN] [5/15/2017 13:54] [PENJUALAN] CASHIER FORM : cashierDataGridView_CellValueChanged, subtotal value [200]
[ADMIN] [5/15/2017 13:54] [PENJUALAN] CASHIER FORM : cashierDataGridView_CellValueChanged, attempt to calculate total value
[ADMIN] [5/15/2017 13:54] [PENJUALAN] CASHIER FORM : calculateTotal
[ADMIN] [5/15/2017 13:54] [PENJUALAN] CASHIER FORM : calculateTotal [200]
[ADMIN] [5/15/2017 13:54] [PENJUALAN] CASHIER FORM : calculateTotal, totalAfterDisc [200]
[ADMIN] [5/15/2017 13:54] [PENJUALAN] CASHIER FORM : calculateChangeValue, bayarTextBox.Text [0]
[ADMIN] [5/15/2017 13:54] [PENJUALAN] CASHIER FORM : calculateChangeValue, sisaBayar [0]
[ADMIN] [5/15/2017 13:54] [PENJUALAN] CASHIER FORM : cashierDataGridView_CellValueChanged [qty]
[ADMIN] [5/15/2017 13:54] [PENJUALAN] CASHIER FORM : cashierDataGridView_CellValueChanged, previousInput [2]
[ADMIN] [5/15/2017 13:54] [PENJUALAN] CASHIER FORM : cashierDataGridView_CellValueChanged, dataGridViewTextBoxEditingControl.Text pass REGEX Checking
[ADMIN] [5/15/2017 13:54] [PENJUALAN] CASHIER FORM : CHECK STOCK QTY IS ENOUGH [RT001]
[ADMIN] [5/15/2017 13:54] [PENJUALAN] CASHIER FORM : CHECK STOCK QTY IS ENOUGH [100, 20]
[ADMIN] [5/15/2017 13:54] [PENJUALAN] CASHIER FORM : CALCULATE SUBTOTAL
[ADMIN] [5/15/2017 13:54] [PENJUALAN] CASHIER FORM : SUBTOTAL [2000]
[ADMIN] [5/15/2017 13:54] [PENJUALAN] CASHIER FORM : cashierDataGridView_CellValueChanged, subtotal value [2000]
[ADMIN] [5/15/2017 13:54] [PENJUALAN] CASHIER FORM : cashierDataGridView_CellValueChanged, attempt to calculate total value
[ADMIN] [5/15/2017 13:54] [PENJUALAN] CASHIER FORM : calculateTotal
[ADMIN] [5/15/2017 13:54] [PENJUALAN] CASHIER FORM : calculateTotal [2000]
[ADMIN] [5/15/2017 13:54] [PENJUALAN] CASHIER FORM : calculateTotal, totalAfterDisc [2000]
[ADMIN] [5/15/2017 13:54] [PENJUALAN] CASHIER FORM : calculateChangeValue, bayarTextBox.Text [0]
[ADMIN] [5/15/2017 13:54] [PENJUALAN] CASHIER FORM : calculateChangeValue, sisaBayar [0]
[ADMIN] [5/15/2017 13:54] [PENJUALAN] CASHIER FORM : DISPLAY PELANGGAN FORM
[ADMIN] [5/15/2017 13:54] [PENJUALAN] CASHIER FORM : UNREGISTER HOTKEY
[ADMIN] [5/15/2017 13:54] [PELANGGAN] ATTEMPT TO SAVE DATA
[ADMIN] [5/15/2017 13:54] [PELANGGAN] INSERT NEW CUSTOMER DATA [ANDRI]
[ADMIN] [5/15/2017 13:54] [PELANGGAN] DATA SAVED
[ADMIN] [5/15/2017 13:54] [PENJUALAN] CASHIER FORM : SELECTED CUSTOMER ID [1]
[ADMIN] [5/15/2017 13:54] [PENJUALAN] CASHIER FORM : ATTEMPT TO SET CUSTOMER PROFILE
[ADMIN] [5/15/2017 13:54] [PENJUALAN] CASHIER FORM : SET CUSTOMER PROFILE [ANDRI]
[ADMIN] [5/15/2017 13:54] [PENJUALAN] CASHIER FORM : CUSTOMER GROUP [P-UMUM [ECER]]
[ADMIN] [5/15/2017 13:54] [PENJUALAN] CASHIER FORM : FINISHED SET CUSTOMER PROFILE
[ADMIN] [5/15/2017 13:54] [PENJUALAN] CASHIER FORM : ATTEMPT TO REFRESH PRODUCT PRICE
[ADMIN] [5/15/2017 13:54] [PENJUALAN] CASHIER FORM : PRODUCT PRICE TYPE [PRODUCT_RETAIL_PRICE]
[ADMIN] [5/15/2017 13:54] [PENJUALAN] CASHIER FORM : PRODUCT PRICE [100]
[ADMIN] [5/15/2017 13:54] [PENJUALAN] CASHIER FORM : CHECK IF THERE'S ANY ENTRY IN THE PRODUCT DISC
[ADMIN] [5/15/2017 13:54] [PENJUALAN] CASHIER FORM : ENTRY IN THE PRODUCT DISC FOUND, RETRIEVE THE DISC VALUE
[ADMIN] [5/15/2017 13:54] [PENJUALAN] CASHIER FORM : cashierDataGridView_CellValueChanged [disc1]
[ADMIN] [5/15/2017 13:54] [PENJUALAN] CASHIER FORM : cashierDataGridView_CellValueChanged, previousInput [0]
[ADMIN] [5/15/2017 13:54] [PENJUALAN] CASHIER FORM : cashierDataGridView_CellValueChanged [disc2]
[ADMIN] [5/15/2017 13:54] [PENJUALAN] CASHIER FORM : cashierDataGridView_CellValueChanged, previousInput [0]
[ADMIN] [5/15/2017 13:54] [PENJUALAN] CASHIER FORM : cashierDataGridView_CellValueChanged [discRP]
[ADMIN] [5/15/2017 13:54] [PENJUALAN] CASHIER FORM : cashierDataGridView_CellValueChanged, previousInput [0]
[ADMIN] [5/15/2017 13:54] [PENJUALAN] CASHIER FORM : DISC FOUND [0, 0, 0]
[ADMIN] [5/15/2017 13:54] [PENJUALAN] CASHIER FORM : CALCULATE SUBTOTAL
[ADMIN] [5/15/2017 13:54] [PENJUALAN] CASHIER FORM : SUBTOTAL [2000]
[ADMIN] [5/15/2017 13:54] [PENJUALAN] CASHIER FORM : calculateTotal
[ADMIN] [5/15/2017 13:54] [PENJUALAN] CASHIER FORM : calculateTotal [2000]
[ADMIN] [5/15/2017 13:54] [PENJUALAN] CASHIER FORM : calculateTotal, totalAfterDisc [2000]
[ADMIN] [5/15/2017 13:54] [PENJUALAN] CASHIER FORM : calculateChangeValue, bayarTextBox.Text [0]
[ADMIN] [5/15/2017 13:54] [PENJUALAN] CASHIER FORM : calculateChangeValue, sisaBayar [0]
[ADMIN] [5/15/2017 13:54] [PENJUALAN] CASHIER FORM : PRODUCT PRICE REFRESHED
[ADMIN] [5/15/2017 13:54] [PENJUALAN] CASHIER FORM : REGISTER HOTKEY
[ADMIN] [5/15/2017 13:54] [PENJUALAN] CASHIER FORM : calculateChangeValue, bayarTextBox.Text [20]
[ADMIN] [5/15/2017 13:54] [PENJUALAN] CASHIER FORM : calculateChangeValue, sisaBayar [0]
[ADMIN] [5/15/2017 13:54] [PENJUALAN] CASHIER FORM : calculateChangeValue, bayarTextBox.Text [200]
[ADMIN] [5/15/2017 13:54] [PENJUALAN] CASHIER FORM : calculateChangeValue, sisaBayar [0]
[ADMIN] [5/15/2017 13:54] [PENJUALAN] CASHIER FORM : calculateChangeValue, bayarTextBox.Text [2000]
[ADMIN] [5/15/2017 13:54] [PENJUALAN] CASHIER FORM : calculateChangeValue, sisaBayar [0]
[ADMIN] [5/15/2017 13:54] [PENJUALAN] CASHIER FORM : calculateChangeValue, bayarTextBox.Text [20000]
[ADMIN] [5/15/2017 13:54] [PENJUALAN] CASHIER FORM : calculateChangeValue, sisaBayar [18000]
[ADMIN] [5/15/2017 13:54] [PENJUALAN] CASHIER FORM : calculateChangeValue, bayarTextBox.Text [2000]
[ADMIN] [5/15/2017 13:54] [PENJUALAN] CASHIER FORM : calculateChangeValue, sisaBayar [0]
[ADMIN] [5/15/2017 13:54] [PENJUALAN] CASHIER FORM : HOTKEY TO SAVE AND PRINT OUT INVOICE PRESSED
[ADMIN] [5/15/2017 13:54] [PENJUALAN] CASHIER FORM : UNREGISTER HOTKEY
[ADMIN] [5/15/2017 13:54] [PENJUALAN] CASHIER FORM : REGISTER HOTKEY
[ADMIN] [5/15/2017 13:54] [PENJUALAN] ATTEMPT TO SAVE AND PRINT OUT INVOICE
[ADMIN] [5/15/2017 13:54] [PENJUALAN] CASHIER FORM : CHECK STOCK QTY IS ENOUGH [RT001]
[ADMIN] [5/15/2017 13:54] [PENJUALAN] CASHIER FORM : CHECK STOCK QTY IS ENOUGH [100, 20]
[ADMIN] [5/15/2017 13:54] [PENJUALAN] CASHIER FORM : UNREGISTER HOTKEY
[ADMIN] [5/15/2017 13:54] [PENJUALAN] CASHIER FORM : ATTEMPT TO SAVE SALES DATA [15-05-2017 13:53]
[ADMIN] [5/15/2017 13:54] [PENJUALAN] CASHIER FORM : SALES DISC FINAL [0]
[ADMIN] [5/15/2017 13:54] [PENJUALAN] CASHIER FORM : CASH SALES
[ADMIN] [5/15/2017 13:54] [PENJUALAN] CHECK IF TAX LIMIT SET FOR PERCENTAGE PURCHASE [0]
[ADMIN] [5/15/2017 13:54] [PENJUALAN] CHECK IF TAX LIMIT SET FOR AVERAGE DAILY PURCHASE [0]
[ADMIN] [5/15/2017 13:54] [PENJUALAN] CASHIER FORM : NO FAKTUR [SLO001]
[ADMIN] [5/15/2017 13:54] [PENJUALAN] CASHIER FORM : MAX SALES INVOICE [0]
[ADMIN] [5/15/2017 13:54] [PENJUALAN] CASHIER FORM : SALES INVOICE [SLO001-1]
[ADMIN] [5/15/2017 13:54] [PENJUALAN] INSERT INTO SALES HEADER [SLO001-1]
[ADMIN] [5/15/2017 13:54] [PENJUALAN] INSERT INTO SALES DETAIL[RT001, 100, 20]
[ADMIN] [5/15/2017 13:54] [PENJUALAN] REDUCE STOCK AT MASTER PRODUCT [RT001]
[ADMIN] [5/15/2017 13:54] [PENJUALAN] UPDATE CUSTOMER PRODUCT DISC [RT001]
[ADMIN] [5/15/2017 13:54] [PENJUALAN] INSERT TO CREDIT TABLE [SLO001-1]
[ADMIN] [5/15/2017 13:54] [PENJUALAN] INSERT TO DAILY JOURNAL TABLE [2000]
[ADMIN] [5/15/2017 13:54] [PENJUALAN] CASHIER FORM : REGISTER HOTKEY
[ADMIN] [5/15/2017 13:54] [PENJUALAN] TRANSACTION SAVED
[ADMIN] [5/15/2017 13:54] [PENJUALAN] PRINT OUT INVOICE
[ADMIN] [5/15/2017 13:54] [PENJUALAN] CASHIER FORM : PrintReceipt
[ADMIN] [5/15/2017 13:54] [PENJUALAN] CASHIER FORM : PrintReceipt, POS size Paper
[ADMIN] [5/15/2017 13:54] [PENJUALAN] CASHIER FORM : printDocument1_PrintPage, print POS size receipt
[ADMIN] [5/15/2017 13:54] [PENJUALAN] CASHIER FORM : loadInfoToko
[ADMIN] [5/15/2017 13:54] [PENJUALAN] CASHIER FORM : calculatePageLength, totalLengthPage [383]
[ADMIN] [5/15/2017 13:54] [PENJUALAN] CASHIER FORM : UNREGISTER HOTKEY
[ADMIN] [5/15/2017 13:54] [PENJUALAN] CASHIER FORM : printDocument1_PrintPage, print POS size receipt
[ADMIN] [5/15/2017 13:54] [PENJUALAN] CASHIER FORM : loadInfoToko
[ADMIN] [5/15/2017 13:54] [PENJUALAN] CASHIER FORM : loadNamaUser
[ADMIN] [5/15/2017 13:54] [PENJUALAN] CASHIER FORM : REGISTER HOTKEY
[ADMIN] [5/15/2017 13:54] [PENJUALAN] CASHIER FORM : UNREGISTER HOTKEY
[ADMIN] [5/15/2017 13:54] [PENJUALAN] CASHIER FORM : REGISTER HOTKEY
[ADMIN] [5/15/2017 13:54] [PENJUALAN] CASHIER FORM : UPDATE ROW NUMBER, TOTAL ROW [1]
[ADMIN] [5/15/2017 13:54] [PENJUALAN] CASHIER FORM : cashierDataGridView_CellValueChanged [F8]
[ADMIN] [5/15/2017 13:54] [PENJUALAN] CASHIER FORM : UNREGISTER HOTKEY
[ADMIN] [5/15/2017 13:54] [PENJUALAN] CASHIER FORM : UNREGISTER HOTKEY
[ADMIN] [5/15/2017 13:54] [PENJUALAN] CASHIER FORM : MULTIPLE CASHIER INSTANCE [1]
[ADMIN] [5/15/2017 13:54] [PENJUALAN] CASHIER FORM : REGISTER HOTKEY
[ADMIN] [5/15/2017 13:54] [PENJUALAN] CASHIER FORM : cashierForm_Load, ATTEMPT TO LOAD NO FAKTUR
[ADMIN] [5/15/2017 13:54] [PENJUALAN] CASHIER FORM : loadNoFaktur, noFakturValue [SLO001]
[ADMIN] [5/15/2017 13:54] [PENJUALAN] CASHIER FORM : cashierForm_Load, ATTEMPT TO addColumnToDataGrid
[ADMIN] [5/15/2017 13:54] [PENJUALAN] CASHIER FORM : UPDATE ROW NUMBER, TOTAL ROW [1]
[ADMIN] [5/15/2017 13:54] [PENJUALAN] CASHIER FORM : cashierDataGridView_CellValueChanged [F8]
[ADMIN] [5/15/2017 13:54] [PENJUALAN] CASHIER FORM : REGISTER HOTKEY
[ADMIN] [5/15/2017 13:54] [PENJUALAN] CASHIER FORM : Combobox_previewKeyDown, cashierDataGridView.CurrentCell.OwningColumn.Name  [productID]
[ADMIN] [5/15/2017 13:54] [PENJUALAN] CASHIER FORM : UPDATE ROW NUMBER, TOTAL ROW [2]
[ADMIN] [5/15/2017 13:54] [PENJUALAN] CASHIER FORM : cashierDataGridView_CellValueChanged [F8]
[ADMIN] [5/15/2017 13:54] [PENJUALAN] CASHIER FORM : cashierDataGridView_CellValueChanged [productID]
[ADMIN] [5/15/2017 13:54] [PENJUALAN] CASHIER FORM : Combobox_previewKeyDown, cashierDataGridView.CurrentCell.OwningColumn.Name  [productID]
[ADMIN] [5/15/2017 13:54] [PENJUALAN] CASHIER FORM : cashierDataGridView_CellValueChanged [productID]
[ADMIN] [5/15/2017 13:54] [PENJUALAN] CASHIER FORM : Combobox_previewKeyDown, cashierDataGridView.CurrentCell.OwningColumn.Name  [productID]
[ADMIN] [5/15/2017 13:54] [PENJUALAN] CASHIER FORM : cashierDataGridView_CellValueChanged [productID]
[ADMIN] [5/15/2017 13:54] [PENJUALAN] CASHIER FORM : Combobox_previewKeyDown, cashierDataGridView.CurrentCell.OwningColumn.Name  [productID]
[ADMIN] [5/15/2017 13:54] [PENJUALAN] CASHIER FORM : cashierDataGridView_CellValueChanged [productID]
[ADMIN] [5/15/2017 13:54] [PENJUALAN] CASHIER FORM : Combobox_previewKeyDown, cashierDataGridView.CurrentCell.OwningColumn.Name  [productID]
[ADMIN] [5/15/2017 13:54] [PENJUALAN] CASHIER FORM : cashierDataGridView_CellValueChanged [productID]
[ADMIN] [5/15/2017 13:54] [PENJUALAN] CASHIER FORM : Combobox_previewKeyDown, cashierDataGridView.CurrentCell.OwningColumn.Name  [productID]
[ADMIN] [5/15/2017 13:54] [PENJUALAN] CASHIER FORM : UNREGISTER HOTKEY
[ADMIN] [5/15/2017 13:55] [PENJUALAN] CASHIER FORM : ADD NEW ROW FROM BARCODE [ROTI AYAM]
[ADMIN] [5/15/2017 13:55] [PENJUALAN] CASHIER FORM : updateSomeRowContents
[ADMIN] [5/15/2017 13:55] [PENJUALAN] CASHIER FORM : cashierDataGridView_CellValueChanged [productName]
[ADMIN] [5/15/2017 13:55] [PENJUALAN] CASHIER FORM : PRODUCT PRICE TYPE [PRODUCT_BASE_PRICE]
[ADMIN] [5/15/2017 13:55] [PENJUALAN] CASHIER FORM : PRODUCT PRICE [10]
[ADMIN] [5/15/2017 13:55] [PENJUALAN] CASHIER FORM : ComboBox_SelectedIndexChanged, PRODUCT_BASE_PRICE [10]
[ADMIN] [5/15/2017 13:55] [PENJUALAN] CASHIER FORM : cashierDataGridView_CellValueChanged [hpp]
[ADMIN] [5/15/2017 13:55] [PENJUALAN] CASHIER FORM : PRODUCT PRICE TYPE [PRODUCT_RETAIL_PRICE]
[ADMIN] [5/15/2017 13:55] [PENJUALAN] CASHIER FORM : PRODUCT PRICE [100]
[ADMIN] [5/15/2017 13:55] [PENJUALAN] CASHIER FORM : ComboBox_SelectedIndexChanged, PRODUCT_SALES_PRICE [100]
[ADMIN] [5/15/2017 13:55] [PENJUALAN] CASHIER FORM : cashierDataGridView_CellValueChanged [productPrice]
[ADMIN] [5/15/2017 13:55] [PENJUALAN] CASHIER FORM : cashierDataGridView_CellValueChanged, previousInput [0]
[ADMIN] [5/15/2017 13:55] [PENJUALAN] CASHIER FORM : cashierDataGridView_CellValueChanged, cellValue [100]
[ADMIN] [5/15/2017 13:55] [PENJUALAN] CASHIER FORM : cashierDataGridView_CellValueChanged, dataGridViewTextBoxEditingControl.Text pass REGEX Checking
[ADMIN] [5/15/2017 13:55] [PENJUALAN] CASHIER FORM : CALCULATE SUBTOTAL
[ADMIN] [5/15/2017 13:55] [PENJUALAN] CASHIER FORM : SUBTOTAL [0]
[ADMIN] [5/15/2017 13:55] [PENJUALAN] CASHIER FORM : cashierDataGridView_CellValueChanged, subtotal value [0]
[ADMIN] [5/15/2017 13:55] [PENJUALAN] CASHIER FORM : cashierDataGridView_CellValueChanged, attempt to calculate total value
[ADMIN] [5/15/2017 13:55] [PENJUALAN] CASHIER FORM : calculateTotal
[ADMIN] [5/15/2017 13:55] [PENJUALAN] CASHIER FORM : calculateTotal [0]
[ADMIN] [5/15/2017 13:55] [PENJUALAN] CASHIER FORM : calculateTotal, totalAfterDisc [0]
[ADMIN] [5/15/2017 13:55] [PENJUALAN] CASHIER FORM : calculateChangeValue, bayarTextBox.Text [0]
[ADMIN] [5/15/2017 13:55] [PENJUALAN] CASHIER FORM : calculateChangeValue, sisaBayar [0]
[ADMIN] [5/15/2017 13:55] [PENJUALAN] CASHIER FORM : cashierDataGridView_CellValueChanged [qty]
[ADMIN] [5/15/2017 13:55] [PENJUALAN] CASHIER FORM : cashierDataGridView_CellValueChanged, previousInput [0]
[ADMIN] [5/15/2017 13:55] [PENJUALAN] CASHIER FORM : cashierDataGridView_CellValueChanged [jumlah]
[ADMIN] [5/15/2017 13:55] [PENJUALAN] CASHIER FORM : calculateTotal
[ADMIN] [5/15/2017 13:55] [PENJUALAN] CASHIER FORM : calculateTotal [0]
[ADMIN] [5/15/2017 13:55] [PENJUALAN] CASHIER FORM : calculateTotal, totalAfterDisc [0]
[ADMIN] [5/15/2017 13:55] [PENJUALAN] CASHIER FORM : calculateChangeValue, bayarTextBox.Text [0]
[ADMIN] [5/15/2017 13:55] [PENJUALAN] CASHIER FORM : calculateChangeValue, sisaBayar [0]
[ADMIN] [5/15/2017 13:55] [PENJUALAN] CASHIER FORM : CHECK STOCK QTY IS ENOUGH [RT002]
[ADMIN] [5/15/2017 13:55] [PENJUALAN] CASHIER FORM : CHECK STOCK QTY IS ENOUGH [100, 1]
[ADMIN] [5/15/2017 13:55] [PENJUALAN] CASHIER FORM : cashierDataGridView_CellValueChanged [qty]
[ADMIN] [5/15/2017 13:55] [PENJUALAN] CASHIER FORM : cashierDataGridView_CellValueChanged, previousInput [0]
[ADMIN] [5/15/2017 13:55] [PENJUALAN] CASHIER FORM : cashierDataGridView_CellValueChanged, cellValue [1]
[ADMIN] [5/15/2017 13:55] [PENJUALAN] CASHIER FORM : cashierDataGridView_CellValueChanged, dataGridViewTextBoxEditingControl.Text pass REGEX Checking
[ADMIN] [5/15/2017 13:55] [PENJUALAN] CASHIER FORM : CHECK STOCK QTY IS ENOUGH [RT002]
[ADMIN] [5/15/2017 13:55] [PENJUALAN] CASHIER FORM : CHECK STOCK QTY IS ENOUGH [100, 1]
[ADMIN] [5/15/2017 13:55] [PENJUALAN] CASHIER FORM : CALCULATE SUBTOTAL
[ADMIN] [5/15/2017 13:55] [PENJUALAN] CASHIER FORM : SUBTOTAL [100]
[ADMIN] [5/15/2017 13:55] [PENJUALAN] CASHIER FORM : cashierDataGridView_CellValueChanged, subtotal value [100]
[ADMIN] [5/15/2017 13:55] [PENJUALAN] CASHIER FORM : cashierDataGridView_CellValueChanged, attempt to calculate total value
[ADMIN] [5/15/2017 13:55] [PENJUALAN] CASHIER FORM : calculateTotal
[ADMIN] [5/15/2017 13:55] [PENJUALAN] CASHIER FORM : calculateTotal [100]
[ADMIN] [5/15/2017 13:55] [PENJUALAN] CASHIER FORM : calculateTotal, totalAfterDisc [100]
[ADMIN] [5/15/2017 13:55] [PENJUALAN] CASHIER FORM : calculateChangeValue, bayarTextBox.Text [0]
[ADMIN] [5/15/2017 13:55] [PENJUALAN] CASHIER FORM : calculateChangeValue, sisaBayar [0]
[ADMIN] [5/15/2017 13:55] [PENJUALAN] CASHIER FORM : SET QTY TO 1 BECAUSE OF NEW ROW
[ADMIN] [5/15/2017 13:55] [PENJUALAN] CASHIER FORM : CALCULATE SUBTOTAL
[ADMIN] [5/15/2017 13:55] [PENJUALAN] CASHIER FORM : SUBTOTAL [100]
[ADMIN] [5/15/2017 13:55] [PENJUALAN] CASHIER FORM : calculateTotal
[ADMIN] [5/15/2017 13:55] [PENJUALAN] CASHIER FORM : calculateTotal [100]
[ADMIN] [5/15/2017 13:55] [PENJUALAN] CASHIER FORM : calculateTotal, totalAfterDisc [100]
[ADMIN] [5/15/2017 13:55] [PENJUALAN] CASHIER FORM : calculateChangeValue, bayarTextBox.Text [0]
[ADMIN] [5/15/2017 13:55] [PENJUALAN] CASHIER FORM : calculateChangeValue, sisaBayar [0]
[ADMIN] [5/15/2017 13:55] [PENJUALAN] CASHIER FORM : UPDATE ROW NUMBER, TOTAL ROW [2]
[ADMIN] [5/15/2017 13:55] [PENJUALAN] CASHIER FORM : cashierDataGridView_CellValueChanged [F8]
[ADMIN] [5/15/2017 13:55] [PENJUALAN] CASHIER FORM : REGISTER HOTKEY
[ADMIN] [5/15/2017 13:55] [PENJUALAN] CASHIER FORM : cashierDataGridView_CellValueChanged [qty]
[ADMIN] [5/15/2017 13:55] [PENJUALAN] CASHIER FORM : cashierDataGridView_CellValueChanged, previousInput [1]
[ADMIN] [5/15/2017 13:55] [PENJUALAN] CASHIER FORM : cashierDataGridView_CellValueChanged [qty]
[ADMIN] [5/15/2017 13:55] [PENJUALAN] CASHIER FORM : cashierDataGridView_CellValueChanged, previousInput [1]
[ADMIN] [5/15/2017 13:55] [PENJUALAN] CASHIER FORM : cashierDataGridView_CellValueChanged, dataGridViewTextBoxEditingControl.Text pass REGEX Checking
[ADMIN] [5/15/2017 13:55] [PENJUALAN] CASHIER FORM : CHECK STOCK QTY IS ENOUGH [RT002]
[ADMIN] [5/15/2017 13:55] [PENJUALAN] CASHIER FORM : CHECK STOCK QTY IS ENOUGH [100, 10]
[ADMIN] [5/15/2017 13:55] [PENJUALAN] CASHIER FORM : CALCULATE SUBTOTAL
[ADMIN] [5/15/2017 13:55] [PENJUALAN] CASHIER FORM : SUBTOTAL [1000]
[ADMIN] [5/15/2017 13:55] [PENJUALAN] CASHIER FORM : cashierDataGridView_CellValueChanged, subtotal value [1000]
[ADMIN] [5/15/2017 13:55] [PENJUALAN] CASHIER FORM : cashierDataGridView_CellValueChanged, attempt to calculate total value
[ADMIN] [5/15/2017 13:55] [PENJUALAN] CASHIER FORM : calculateTotal
[ADMIN] [5/15/2017 13:55] [PENJUALAN] CASHIER FORM : calculateTotal [1000]
[ADMIN] [5/15/2017 13:55] [PENJUALAN] CASHIER FORM : calculateTotal, totalAfterDisc [1000]
[ADMIN] [5/15/2017 13:55] [PENJUALAN] CASHIER FORM : calculateChangeValue, bayarTextBox.Text [0]
[ADMIN] [5/15/2017 13:55] [PENJUALAN] CASHIER FORM : calculateChangeValue, sisaBayar [0]
[ADMIN] [5/15/2017 13:55] [PENJUALAN] CASHIER FORM : cashierDataGridView_CellValueChanged [qty]
[ADMIN] [5/15/2017 13:55] [PENJUALAN] CASHIER FORM : cashierDataGridView_CellValueChanged, previousInput [10]
[ADMIN] [5/15/2017 13:55] [PENJUALAN] CASHIER FORM : cashierDataGridView_CellValueChanged, dataGridViewTextBoxEditingControl.Text pass REGEX Checking
[ADMIN] [5/15/2017 13:55] [PENJUALAN] CASHIER FORM : CHECK STOCK QTY IS ENOUGH [RT002]
[ADMIN] [5/15/2017 13:55] [PENJUALAN] CASHIER FORM : CHECK STOCK QTY IS ENOUGH [100, 1]
[ADMIN] [5/15/2017 13:55] [PENJUALAN] CASHIER FORM : CALCULATE SUBTOTAL
[ADMIN] [5/15/2017 13:55] [PENJUALAN] CASHIER FORM : SUBTOTAL [100]
[ADMIN] [5/15/2017 13:55] [PENJUALAN] CASHIER FORM : cashierDataGridView_CellValueChanged, subtotal value [100]
[ADMIN] [5/15/2017 13:55] [PENJUALAN] CASHIER FORM : cashierDataGridView_CellValueChanged, attempt to calculate total value
[ADMIN] [5/15/2017 13:55] [PENJUALAN] CASHIER FORM : calculateTotal
[ADMIN] [5/15/2017 13:55] [PENJUALAN] CASHIER FORM : calculateTotal [100]
[ADMIN] [5/15/2017 13:55] [PENJUALAN] CASHIER FORM : calculateTotal, totalAfterDisc [100]
[ADMIN] [5/15/2017 13:55] [PENJUALAN] CASHIER FORM : calculateChangeValue, bayarTextBox.Text [0]
[ADMIN] [5/15/2017 13:55] [PENJUALAN] CASHIER FORM : calculateChangeValue, sisaBayar [0]
[ADMIN] [5/15/2017 13:55] [PENJUALAN] CASHIER FORM : cashierDataGridView_CellValueChanged [qty]
[ADMIN] [5/15/2017 13:55] [PENJUALAN] CASHIER FORM : cashierDataGridView_CellValueChanged, empty texbox, reset [qty] value to 0
[ADMIN] [5/15/2017 13:55] [PENJUALAN] CASHIER FORM : TextBox_TextChanged, recalculate total value
[ADMIN] [5/15/2017 13:55] [PENJUALAN] CASHIER FORM : calculateTotal
[ADMIN] [5/15/2017 13:55] [PENJUALAN] CASHIER FORM : calculateTotal [0]
[ADMIN] [5/15/2017 13:55] [PENJUALAN] CASHIER FORM : calculateTotal, totalAfterDisc [0]
[ADMIN] [5/15/2017 13:55] [PENJUALAN] CASHIER FORM : calculateChangeValue, bayarTextBox.Text [0]
[ADMIN] [5/15/2017 13:55] [PENJUALAN] CASHIER FORM : calculateChangeValue, sisaBayar [0]
[ADMIN] [5/15/2017 13:55] [PENJUALAN] CASHIER FORM : cashierDataGridView_CellValueChanged [qty]
[ADMIN] [5/15/2017 13:55] [PENJUALAN] CASHIER FORM : cashierDataGridView_CellValueChanged, previousInput [0]
[ADMIN] [5/15/2017 13:55] [PENJUALAN] CASHIER FORM : cashierDataGridView_CellValueChanged, cellValue [2]
[ADMIN] [5/15/2017 13:55] [PENJUALAN] CASHIER FORM : cashierDataGridView_CellValueChanged, dataGridViewTextBoxEditingControl.Text pass REGEX Checking
[ADMIN] [5/15/2017 13:55] [PENJUALAN] CASHIER FORM : CHECK STOCK QTY IS ENOUGH [RT002]
[ADMIN] [5/15/2017 13:55] [PENJUALAN] CASHIER FORM : CHECK STOCK QTY IS ENOUGH [100, 2]
[ADMIN] [5/15/2017 13:55] [PENJUALAN] CASHIER FORM : CALCULATE SUBTOTAL
[ADMIN] [5/15/2017 13:55] [PENJUALAN] CASHIER FORM : SUBTOTAL [200]
[ADMIN] [5/15/2017 13:55] [PENJUALAN] CASHIER FORM : cashierDataGridView_CellValueChanged, subtotal value [200]
[ADMIN] [5/15/2017 13:55] [PENJUALAN] CASHIER FORM : cashierDataGridView_CellValueChanged, attempt to calculate total value
[ADMIN] [5/15/2017 13:55] [PENJUALAN] CASHIER FORM : calculateTotal
[ADMIN] [5/15/2017 13:55] [PENJUALAN] CASHIER FORM : calculateTotal [200]
[ADMIN] [5/15/2017 13:55] [PENJUALAN] CASHIER FORM : calculateTotal, totalAfterDisc [200]
[ADMIN] [5/15/2017 13:55] [PENJUALAN] CASHIER FORM : calculateChangeValue, bayarTextBox.Text [0]
[ADMIN] [5/15/2017 13:55] [PENJUALAN] CASHIER FORM : calculateChangeValue, sisaBayar [0]
[ADMIN] [5/15/2017 13:55] [PENJUALAN] CASHIER FORM : cashierDataGridView_CellValueChanged [qty]
[ADMIN] [5/15/2017 13:55] [PENJUALAN] CASHIER FORM : cashierDataGridView_CellValueChanged, previousInput [2]
[ADMIN] [5/15/2017 13:55] [PENJUALAN] CASHIER FORM : cashierDataGridView_CellValueChanged, dataGridViewTextBoxEditingControl.Text pass REGEX Checking
[ADMIN] [5/15/2017 13:55] [PENJUALAN] CASHIER FORM : CHECK STOCK QTY IS ENOUGH [RT002]
[ADMIN] [5/15/2017 13:55] [PENJUALAN] CASHIER FORM : CHECK STOCK QTY IS ENOUGH [100, 20]
[ADMIN] [5/15/2017 13:55] [PENJUALAN] CASHIER FORM : CALCULATE SUBTOTAL
[ADMIN] [5/15/2017 13:55] [PENJUALAN] CASHIER FORM : SUBTOTAL [2000]
[ADMIN] [5/15/2017 13:55] [PENJUALAN] CASHIER FORM : cashierDataGridView_CellValueChanged, subtotal value [2000]
[ADMIN] [5/15/2017 13:55] [PENJUALAN] CASHIER FORM : cashierDataGridView_CellValueChanged, attempt to calculate total value
[ADMIN] [5/15/2017 13:55] [PENJUALAN] CASHIER FORM : calculateTotal
[ADMIN] [5/15/2017 13:55] [PENJUALAN] CASHIER FORM : calculateTotal [2000]
[ADMIN] [5/15/2017 13:55] [PENJUALAN] CASHIER FORM : calculateTotal, totalAfterDisc [2000]
[ADMIN] [5/15/2017 13:55] [PENJUALAN] CASHIER FORM : calculateChangeValue, bayarTextBox.Text [0]
[ADMIN] [5/15/2017 13:55] [PENJUALAN] CASHIER FORM : calculateChangeValue, sisaBayar [0]
[ADMIN] [5/15/2017 13:55] [PENJUALAN] CASHIER FORM : DISPLAY PELANGGAN FORM
[ADMIN] [5/15/2017 13:55] [PENJUALAN] CASHIER FORM : UNREGISTER HOTKEY
[ADMIN] [5/15/2017 13:55] [PENJUALAN] CASHIER FORM : REGISTER HOTKEY
[ADMIN] [5/15/2017 13:55] [PENJUALAN] CASHIER FORM : DISPLAY PELANGGAN FORM
[ADMIN] [5/15/2017 13:55] [PENJUALAN] CASHIER FORM : UNREGISTER HOTKEY
[ADMIN] [5/15/2017 13:55] [PENJUALAN] CASHIER FORM : SELECTED CUSTOMER ID [1]
[ADMIN] [5/15/2017 13:55] [PENJUALAN] CASHIER FORM : ATTEMPT TO SET CUSTOMER PROFILE
[ADMIN] [5/15/2017 13:55] [PENJUALAN] CASHIER FORM : SET CUSTOMER PROFILE [ANDRI]
[ADMIN] [5/15/2017 13:55] [PENJUALAN] CASHIER FORM : CUSTOMER GROUP [P-UMUM [ECER]]
[ADMIN] [5/15/2017 13:55] [PENJUALAN] CASHIER FORM : FINISHED SET CUSTOMER PROFILE
[ADMIN] [5/15/2017 13:55] [PENJUALAN] CASHIER FORM : ATTEMPT TO REFRESH PRODUCT PRICE
[ADMIN] [5/15/2017 13:55] [PENJUALAN] CASHIER FORM : PRODUCT PRICE TYPE [PRODUCT_RETAIL_PRICE]
[ADMIN] [5/15/2017 13:55] [PENJUALAN] CASHIER FORM : PRODUCT PRICE [100]
[ADMIN] [5/15/2017 13:55] [PENJUALAN] CASHIER FORM : CHECK IF THERE'S ANY ENTRY IN THE PRODUCT DISC
[ADMIN] [5/15/2017 13:55] [PENJUALAN] CASHIER FORM : ENTRY IN THE PRODUCT DISC FOUND, RETRIEVE THE DISC VALUE
[ADMIN] [5/15/2017 13:55] [PENJUALAN] CASHIER FORM : cashierDataGridView_CellValueChanged [disc1]
[ADMIN] [5/15/2017 13:55] [PENJUALAN] CASHIER FORM : cashierDataGridView_CellValueChanged, previousInput [0]
[ADMIN] [5/15/2017 13:55] [PENJUALAN] CASHIER FORM : cashierDataGridView_CellValueChanged [disc2]
[ADMIN] [5/15/2017 13:55] [PENJUALAN] CASHIER FORM : cashierDataGridView_CellValueChanged, previousInput [0]
[ADMIN] [5/15/2017 13:55] [PENJUALAN] CASHIER FORM : cashierDataGridView_CellValueChanged [discRP]
[ADMIN] [5/15/2017 13:55] [PENJUALAN] CASHIER FORM : cashierDataGridView_CellValueChanged, previousInput [0]
[ADMIN] [5/15/2017 13:55] [PENJUALAN] CASHIER FORM : DISC FOUND [0, 0, 0]
[ADMIN] [5/15/2017 13:55] [PENJUALAN] CASHIER FORM : CALCULATE SUBTOTAL
[ADMIN] [5/15/2017 13:55] [PENJUALAN] CASHIER FORM : SUBTOTAL [2000]
[ADMIN] [5/15/2017 13:55] [PENJUALAN] CASHIER FORM : calculateTotal
[ADMIN] [5/15/2017 13:55] [PENJUALAN] CASHIER FORM : calculateTotal [2000]
[ADMIN] [5/15/2017 13:55] [PENJUALAN] CASHIER FORM : calculateTotal, totalAfterDisc [2000]
[ADMIN] [5/15/2017 13:55] [PENJUALAN] CASHIER FORM : calculateChangeValue, bayarTextBox.Text [0]
[ADMIN] [5/15/2017 13:55] [PENJUALAN] CASHIER FORM : calculateChangeValue, sisaBayar [0]
[ADMIN] [5/15/2017 13:55] [PENJUALAN] CASHIER FORM : PRODUCT PRICE REFRESHED
[ADMIN] [5/15/2017 13:55] [PENJUALAN] CASHIER FORM : REGISTER HOTKEY
[ADMIN] [5/15/2017 13:55] [PENJUALAN] CASHIER FORM : HOTKEY TO SAVE AND PRINT OUT INVOICE PRESSED
[ADMIN] [5/15/2017 13:55] [PENJUALAN] CASHIER FORM : UNREGISTER HOTKEY
[ADMIN] [5/15/2017 13:55] [PENJUALAN] CASHIER FORM : REGISTER HOTKEY
[ADMIN] [5/15/2017 13:55] [PENJUALAN] ATTEMPT TO SAVE AND PRINT OUT INVOICE
[ADMIN] [5/15/2017 13:55] [PENJUALAN] CASHIER FORM : CHECK STOCK QTY IS ENOUGH [RT002]
[ADMIN] [5/15/2017 13:55] [PENJUALAN] CASHIER FORM : UNREGISTER HOTKEY
[ADMIN] [5/15/2017 13:55] [PENJUALAN] CASHIER FORM : ATTEMPT TO SAVE SALES DATA [15-05-2017 13:54]
[ADMIN] [5/15/2017 13:55] [PENJUALAN] CASHIER FORM : SALES DISC FINAL [0]
[ADMIN] [5/15/2017 13:55] [PENJUALAN] CASHIER FORM : NON CASH - SALES DUE DATE [15-05-2017]
[ADMIN] [5/15/2017 13:55] [PENJUALAN] CHECK IF TAX LIMIT SET FOR PERCENTAGE PURCHASE [0]
[ADMIN] [5/15/2017 13:55] [PENJUALAN] CHECK IF TAX LIMIT SET FOR AVERAGE DAILY PURCHASE [0]
[ADMIN] [5/15/2017 13:55] [PENJUALAN] CASHIER FORM : NO FAKTUR [SLO001]
[ADMIN] [5/15/2017 13:55] [PENJUALAN] CASHIER FORM : MAX SALES INVOICE [1]
[ADMIN] [5/15/2017 13:55] [PENJUALAN] CASHIER FORM : SALES INVOICE [SLO001-2]
[ADMIN] [5/15/2017 13:55] [PENJUALAN] INSERT INTO SALES HEADER [SLO001-2]
[ADMIN] [5/15/2017 13:55] [PENJUALAN] INSERT INTO SALES DETAIL[RT002, 100, 20]
[ADMIN] [5/15/2017 13:55] [PENJUALAN] UPDATE CUSTOMER PRODUCT DISC [RT002]
[ADMIN] [5/15/2017 13:55] [PENJUALAN] INSERT TO CREDIT TABLE [SLO001-2]
[ADMIN] [5/15/2017 13:55] [PENJUALAN] INSERT TO DAILY JOURNAL TABLE [0]
[ADMIN] [5/15/2017 13:55] [PENJUALAN] CASHIER FORM : REGISTER HOTKEY
[ADMIN] [5/15/2017 13:55] [PENJUALAN] TRANSACTION SAVED
[ADMIN] [5/15/2017 13:55] [PENJUALAN] CASHIER FORM : UNREGISTER HOTKEY
[ADMIN] [5/15/2017 13:55] [PENJUALAN] CASHIER FORM : REGISTER HOTKEY
[ADMIN] [5/15/2017 13:55] [] [SYNC] CONNECTION TO SERVER CREATED
[ADMIN] [5/15/2017 13:55] [PENJUALAN] CASHIER FORM : UNREGISTER HOTKEY
[ADMIN] [5/15/2017 13:55] [PENJUALAN] CASHIER FORM : REGISTER HOTKEY
[ADMIN] [5/15/2017 13:55] [] [SYNC] CONNECTION TO SERVER CREATED
[ADMIN] [5/15/2017 13:55] [PENJUALAN] CASHIER FORM : UNREGISTER HOTKEY
[ADMIN] [5/15/2017 13:55] [PENJUALAN] CASHIER FORM : REGISTER HOTKEY
[ADMIN] [5/15/2017 13:55] [] [SYNC] CONNECTION TO SERVER CREATED
[ADMIN] [5/15/2017 13:55] [PENJUALAN] PRINT OUT INVOICE
[ADMIN] [5/15/2017 13:55] [PENJUALAN] CASHIER FORM : PrintReceipt
[ADMIN] [5/15/2017 13:55] [PENJUALAN] CASHIER FORM : PrintReceipt, POS size Paper
[ADMIN] [5/15/2017 13:55] [PENJUALAN] CASHIER FORM : printDocument1_PrintPage, print POS size receipt
[ADMIN] [5/15/2017 13:55] [PENJUALAN] CASHIER FORM : loadInfoToko
[ADMIN] [5/15/2017 13:55] [PENJUALAN] CASHIER FORM : calculatePageLength, totalLengthPage [355]
[ADMIN] [5/15/2017 13:55] [PENJUALAN] CASHIER FORM : UNREGISTER HOTKEY
[ADMIN] [5/15/2017 13:55] [PENJUALAN] CASHIER FORM : printDocument1_PrintPage, print POS size receipt
[ADMIN] [5/15/2017 13:55] [PENJUALAN] CASHIER FORM : loadInfoToko
[ADMIN] [5/15/2017 13:55] [PENJUALAN] CASHIER FORM : loadNamaUser
[ADMIN] [5/15/2017 13:55] [PENJUALAN] CASHIER FORM : REGISTER HOTKEY
[ADMIN] [5/15/2017 13:55] [PENJUALAN] CASHIER FORM : UNREGISTER HOTKEY
[ADMIN] [5/15/2017 13:55] [PENJUALAN] CASHIER FORM : REGISTER HOTKEY
[ADMIN] [5/15/2017 13:55] [PENJUALAN] CASHIER FORM : UPDATE ROW NUMBER, TOTAL ROW [1]
[ADMIN] [5/15/2017 13:55] [PENJUALAN] CASHIER FORM : cashierDataGridView_CellValueChanged [F8]
[ADMIN] [5/15/2017 13:55] [PENJUALAN] CASHIER FORM : UNREGISTER HOTKEY
[ADMIN] [5/15/2017 13:55] [PENJUALAN] CASHIER FORM : UNREGISTER HOTKEY
[ADMIN] [5/15/2017 13:55] [PENJUALAN] CASHIER FORM : REGISTER HOTKEY
[ADMIN] [5/15/2017 13:55] [PENJUALAN] CASHIER FORM : cashierForm_Load, ATTEMPT TO LOAD NO FAKTUR
[ADMIN] [5/15/2017 13:55] [PENJUALAN] CASHIER FORM : loadNoFaktur, noFakturValue [SLO001]
[ADMIN] [5/15/2017 13:55] [PENJUALAN] CASHIER FORM : cashierForm_Load, ATTEMPT TO addColumnToDataGrid
[ADMIN] [5/15/2017 13:55] [PENJUALAN] CASHIER FORM : UPDATE ROW NUMBER, TOTAL ROW [1]
[ADMIN] [5/15/2017 13:55] [PENJUALAN] CASHIER FORM : cashierDataGridView_CellValueChanged [F8]
[ADMIN] [5/15/2017 13:55] [PENJUALAN] CASHIER FORM : ADD NEW ROW,  isActive [True]
[ADMIN] [5/15/2017 13:55] [PENJUALAN] CASHIER FORM : ADD NEW ROW,  ROW COUNT [1]
[ADMIN] [5/15/2017 13:55] [PENJUALAN] CASHIER FORM : ADD NEW ROW,  ALLOW TO ADD [True]
[ADMIN] [5/15/2017 13:55] [PENJUALAN] CASHIER FORM : UPDATE ROW NUMBER, TOTAL ROW [2]
[ADMIN] [5/15/2017 13:55] [PENJUALAN] CASHIER FORM : REGISTER HOTKEY
[ADMIN] [5/15/2017 13:55] [PENJUALAN] CASHIER FORM : Combobox_previewKeyDown, cashierDataGridView.CurrentCell.OwningColumn.Name  [productID]
[ADMIN] [5/15/2017 13:55] [PENJUALAN] CASHIER FORM : productName_previewKeyDown, cashierDataGridView.CurrentCell.OwningColumn.Name  [productName]
[ADMIN] [5/15/2017 13:55] [PENJUALAN] CASHIER FORM : cashierDataGridView_CellValueChanged [qty]
[ADMIN] [5/15/2017 13:55] [PENJUALAN] CASHIER FORM : cashierDataGridView_CellValueChanged, previousInput [20]
[ADMIN] [5/15/2017 13:55] [PENJUALAN] CASHIER FORM : cashierDataGridView_CellValueChanged, dataGridViewTextBoxEditingControl.Text pass REGEX Checking
[ADMIN] [5/15/2017 13:55] [PENJUALAN] CASHIER FORM : CHECK STOCK QTY IS ENOUGH [RT002]
[ADMIN] [5/15/2017 13:55] [PENJUALAN] CASHIER FORM : CHECK STOCK QTY IS ENOUGH [100, 1]
[ADMIN] [5/15/2017 13:55] [PENJUALAN] CASHIER FORM : CALCULATE SUBTOTAL
[ADMIN] [5/15/2017 13:55] [PENJUALAN] CASHIER FORM : SUBTOTAL [100]
[ADMIN] [5/15/2017 13:55] [PENJUALAN] CASHIER FORM : cashierDataGridView_CellValueChanged, subtotal value [100]
[ADMIN] [5/15/2017 13:55] [PENJUALAN] CASHIER FORM : cashierDataGridView_CellValueChanged, attempt to calculate total value
[ADMIN] [5/15/2017 13:55] [PENJUALAN] CASHIER FORM : calculateTotal
[ADMIN] [5/15/2017 13:55] [PENJUALAN] CASHIER FORM : calculateTotal [100]
[ADMIN] [5/15/2017 13:55] [PENJUALAN] CASHIER FORM : calculateTotal, totalAfterDisc [100]
[ADMIN] [5/15/2017 13:55] [PENJUALAN] CASHIER FORM : calculateChangeValue, bayarTextBox.Text [Rp0]
[ADMIN] [5/15/2017 13:55] [PENJUALAN] CASHIER FORM : calculateChangeValue, sisaBayar [0]
[ADMIN] [5/15/2017 13:55] [PENJUALAN] CASHIER FORM : cashierDataGridView_CellValueChanged [qty]
[ADMIN] [5/15/2017 13:55] [PENJUALAN] CASHIER FORM : cashierDataGridView_CellValueChanged, previousInput [1]
[ADMIN] [5/15/2017 13:55] [PENJUALAN] CASHIER FORM : cashierDataGridView_CellValueChanged, dataGridViewTextBoxEditingControl.Text pass REGEX Checking
[ADMIN] [5/15/2017 13:55] [PENJUALAN] CASHIER FORM : CHECK STOCK QTY IS ENOUGH [RT002]
[ADMIN] [5/15/2017 13:55] [PENJUALAN] CASHIER FORM : CHECK STOCK QTY IS ENOUGH [100, 10]
[ADMIN] [5/15/2017 13:55] [PENJUALAN] CASHIER FORM : CALCULATE SUBTOTAL
[ADMIN] [5/15/2017 13:55] [PENJUALAN] CASHIER FORM : SUBTOTAL [1000]
[ADMIN] [5/15/2017 13:55] [PENJUALAN] CASHIER FORM : cashierDataGridView_CellValueChanged, subtotal value [1000]
[ADMIN] [5/15/2017 13:55] [PENJUALAN] CASHIER FORM : cashierDataGridView_CellValueChanged, attempt to calculate total value
[ADMIN] [5/15/2017 13:55] [PENJUALAN] CASHIER FORM : calculateTotal
[ADMIN] [5/15/2017 13:55] [PENJUALAN] CASHIER FORM : calculateTotal [1000]
[ADMIN] [5/15/2017 13:55] [PENJUALAN] CASHIER FORM : calculateTotal, totalAfterDisc [1000]
[ADMIN] [5/15/2017 13:55] [PENJUALAN] CASHIER FORM : calculateChangeValue, bayarTextBox.Text [Rp0]
[ADMIN] [5/15/2017 13:55] [PENJUALAN] CASHIER FORM : calculateChangeValue, sisaBayar [0]
[ADMIN] [5/15/2017 13:55] [PENJUALAN] CASHIER FORM : HOTKEY TO SAVE AND PRINT OUT INVOICE PRESSED
[ADMIN] [5/15/2017 13:55] [PENJUALAN] CASHIER FORM : UNREGISTER HOTKEY
[ADMIN] [5/15/2017 13:56] [PENJUALAN] CASHIER FORM : REGISTER HOTKEY
[ADMIN] [5/15/2017 13:56] [PENJUALAN] ATTEMPT TO SAVE AND PRINT OUT INVOICE
[ADMIN] [5/15/2017 13:56] [PENJUALAN] CASHIER FORM : CHECK STOCK QTY IS ENOUGH [RT002]
[ADMIN] [5/15/2017 13:56] [PENJUALAN] CASHIER FORM : CHECK STOCK QTY IS ENOUGH [100, 10]
[ADMIN] [5/15/2017 13:56] [PENJUALAN] CASHIER FORM : UNREGISTER HOTKEY
[ADMIN] [5/15/2017 13:56] [PENJUALAN] CASHIER FORM : ATTEMPT TO SAVE SALES DATA [15-05-2017 13:54]
[ADMIN] [5/15/2017 13:56] [PENJUALAN] CASHIER FORM : SALES DISC FINAL [0]
[ADMIN] [5/15/2017 13:56] [PENJUALAN] CASHIER FORM : CASH SALES
[ADMIN] [5/15/2017 13:56] [PENJUALAN] CASHIER FORM : NO FAKTUR [SLO001]
[ADMIN] [5/15/2017 13:56] [PENJUALAN] CASHIER FORM : MAX SALES INVOICE [2]
[ADMIN] [5/15/2017 13:56] [PENJUALAN] CASHIER FORM : SALES INVOICE [SLO001-3]
[ADMIN] [5/15/2017 13:56] [PENJUALAN] INSERT INTO SALES HEADER [SLO001-3]
[ADMIN] [5/15/2017 13:56] [PENJUALAN] INSERT INTO SALES DETAIL[RT002, 100, 10]
[ADMIN] [5/15/2017 13:56] [PENJUALAN] INSERT INTO SALES DETAIL FULFILLMENT [RT002, 10]
[ADMIN] [5/15/2017 13:56] [PENJUALAN] REDUCE STOCK AT MASTER PRODUCT [RT002]
[ADMIN] [5/15/2017 13:56] [PENJUALAN] CASHIER FORM : REGISTER HOTKEY
[ADMIN] [5/15/2017 13:56] [PENJUALAN] TRANSACTION SAVED
[ADMIN] [5/15/2017 13:56] [PENJUALAN] CASHIER FORM : UNREGISTER HOTKEY
[ADMIN] [5/15/2017 13:56] [PENJUALAN] CASHIER FORM : REGISTER HOTKEY
[ADMIN] [5/15/2017 13:56] [] [SYNC] CONNECTION TO SERVER CREATED
[ADMIN] [5/15/2017 13:56] [PENJUALAN] CASHIER FORM : UNREGISTER HOTKEY
[ADMIN] [5/15/2017 13:56] [PENJUALAN] CASHIER FORM : REGISTER HOTKEY
[ADMIN] [5/15/2017 13:56] [] [SYNC] CONNECTION TO SERVER CREATED
[ADMIN] [5/15/2017 13:56] [PENJUALAN] CASHIER FORM : UNREGISTER HOTKEY
[ADMIN] [5/15/2017 13:56] [PENJUALAN] CASHIER FORM : REGISTER HOTKEY
[ADMIN] [5/15/2017 13:56] [] [SYNC] CONNECTION TO SERVER CREATED
[ADMIN] [5/15/2017 13:56] [PENJUALAN] PRINT OUT INVOICE
[ADMIN] [5/15/2017 13:56] [PENJUALAN] CASHIER FORM : PrintReceipt
[ADMIN] [5/15/2017 13:56] [PENJUALAN] CASHIER FORM : PrintReceipt, POS size Paper
[ADMIN] [5/15/2017 13:56] [PENJUALAN] CASHIER FORM : printDocument1_PrintPage, print POS size receipt
[ADMIN] [5/15/2017 13:56] [PENJUALAN] CASHIER FORM : loadInfoToko
[ADMIN] [5/15/2017 13:56] [PENJUALAN] CASHIER FORM : calculatePageLength, totalLengthPage [383]
[ADMIN] [5/15/2017 13:56] [PENJUALAN] CASHIER FORM : UNREGISTER HOTKEY
[ADMIN] [5/15/2017 13:56] [PENJUALAN] CASHIER FORM : printDocument1_PrintPage, print POS size receipt
[ADMIN] [5/15/2017 13:56] [PENJUALAN] CASHIER FORM : loadInfoToko
[ADMIN] [5/15/2017 13:56] [PENJUALAN] CASHIER FORM : loadNamaUser
[ADMIN] [5/15/2017 13:56] [PENJUALAN] CASHIER FORM : REGISTER HOTKEY
[ADMIN] [5/15/2017 13:56] [PENJUALAN] CASHIER FORM : UNREGISTER HOTKEY
[ADMIN] [5/15/2017 13:56] [PENJUALAN] CASHIER FORM : REGISTER HOTKEY
[ADMIN] [5/15/2017 13:56] [PENJUALAN] CASHIER FORM : UPDATE ROW NUMBER, TOTAL ROW [1]
[ADMIN] [5/15/2017 13:56] [PENJUALAN] CASHIER FORM : cashierDataGridView_CellValueChanged [F8]
[ADMIN] [5/15/2017 13:56] [PENJUALAN] CASHIER FORM : UNREGISTER HOTKEY
[ADMIN] [5/15/2017 13:56] [PENJUALAN] CASHIER FORM : UNREGISTER HOTKEY
[ADMIN] [5/15/2017 13:57] [] DAILY STOCK TAKE : detailDataGrid_CellValueChanged [akhirRiil]
[ADMIN] [5/15/2017 13:57] [] DAILY STOCK TAKE : detailDataGrid_CellValueChanged [akhirRiil]
[ADMIN] [5/15/2017 13:57] [] DAILY STOCK TAKE : detailDataGrid_CellValueChanged [akhirRiil]
[ADMIN] [5/15/2017 13:57] [] DAILY STOCK TAKE : detailDataGrid_CellValueChanged [akhirRiil]
[ADMIN] [5/15/2017 13:58] [] [SYNC] CONNECTION TO SERVER CREATED
[ADMIN] [5/15/2017 13:58] [] [SYNC] CONNECTION TO SERVER CREATED
[ADMIN] [5/15/2017 13:58] [] [SYNC] CONNECTION TO SERVER CREATED
[ADMIN] [5/15/2017 13:58] [] [SYNC] CONNECTION TO SERVER CREATED
[] [5/15/2017 14:05] [] USER = ADMIN IS ACTIVE
[ADMIN] [5/15/2017 14:05] [] USER ID = 1 LOGIN SUCCESSFULLY
[ADMIN] [5/15/2017 14:05] [] ACTIVATE USER ACCESS RIGHT
[ADMIN] [5/15/2017 14:05] [] DISPLAY ADMIN FORM
[ADMIN] [5/15/2017 14:05] [] adminForm Load
[ADMIN] [5/15/2017 14:05] [] ACTIVATE USER ACCESS RIGHT
[ADMIN] [5/15/2017 14:13] [] [SYNC] CONNECTION TO SERVER CREATED
[] [5/15/2017 14:14] [] USER = ADMIN IS ACTIVE
[ADMIN] [5/15/2017 14:14] [] USER ID = 1 LOGIN SUCCESSFULLY
[ADMIN] [5/15/2017 14:14] [] ACTIVATE USER ACCESS RIGHT
[ADMIN] [5/15/2017 14:14] [] DISPLAY ADMIN FORM
[ADMIN] [5/15/2017 14:14] [] adminForm Load
[ADMIN] [5/15/2017 14:14] [] ACTIVATE USER ACCESS RIGHT
[ADMIN] [5/15/2017 14:18] [] [SYNC] CONNECTION TO SERVER CREATED
[ADMIN] [5/15/2017 14:19] [] [SYNC] CONNECTION TO SERVER CREATED
[ADMIN] [5/15/2017 14:19] [] [SYNC] CONNECTION TO SERVER CREATED
[ADMIN] [5/15/2017 14:19] [] [SYNC] CONNECTION TO SERVER CREATED
[] [5/15/2017 14:20] [] USER = ADMIN IS ACTIVE
[ADMIN] [5/15/2017 14:20] [] USER ID = 1 LOGIN SUCCESSFULLY
[ADMIN] [5/15/2017 14:20] [] ACTIVATE USER ACCESS RIGHT
[ADMIN] [5/15/2017 14:20] [] DISPLAY ADMIN FORM
[ADMIN] [5/15/2017 14:20] [] adminForm Load
[ADMIN] [5/15/2017 14:20] [] ACTIVATE USER ACCESS RIGHT
[ADMIN] [5/15/2017 14:21] [] [SYNC] CONNECTION TO SERVER CREATED
[ADMIN] [5/15/2017 14:21] [] [SYNC] CONNECTION TO SERVER CREATED
[ADMIN] [5/15/2017 14:21] [] [SYNC] CONNECTION TO SERVER CREATED
[ADMIN] [5/15/2017 14:21] [] [SYNC] CONNECTION TO SERVER CREATED
[ADMIN] [5/15/2017 14:26] [] USER ID = 1LOGOUT
[ADMIN] [5/16/2017 14:30] [] USER = ADMIN IS ACTIVE
[ADMIN] [5/16/2017 14:30] [] USER ID = 1 LOGIN SUCCESSFULLY
[ADMIN] [5/16/2017 14:30] [] ACTIVATE USER ACCESS RIGHT
[ADMIN] [5/16/2017 14:30] [] DISPLAY ADMIN FORM
[ADMIN] [5/16/2017 14:30] [] adminForm Load
[ADMIN] [5/16/2017 14:30] [] ACTIVATE USER ACCESS RIGHT
[] [5/16/2017 14:35] [] USER = ADMIN IS ACTIVE
[ADMIN] [5/16/2017 14:35] [] USER ID = 1 LOGIN SUCCESSFULLY
[ADMIN] [5/16/2017 14:35] [] ACTIVATE USER ACCESS RIGHT
[ADMIN] [5/16/2017 14:35] [] DISPLAY ADMIN FORM
[ADMIN] [5/16/2017 14:35] [] adminForm Load
[ADMIN] [5/16/2017 14:35] [] ACTIVATE USER ACCESS RIGHT
[ADMIN] [5/16/2017 14:36] [] DAILY STOCK TAKE : detailDataGrid_CellValueChanged [akhirRiil]
[ADMIN] [5/16/2017 14:36] [] DAILY STOCK TAKE : detailDataGrid_CellValueChanged [akhirRiil]
[ADMIN] [5/16/2017 14:36] [] DAILY STOCK TAKE : detailDataGrid_CellValueChanged [BS]
[ADMIN] [5/16/2017 14:36] [PENJUALAN] DAILY STOCK TAKE : detailDataGrid_CellValueChanged, previousInput [0]
[ADMIN] [5/16/2017 14:36] [PENJUALAN] DAILY STOCK TAKE : detailDataGrid_CellValueChanged, cellValue [1]
[ADMIN] [5/16/2017 14:36] [PENJUALAN] DAILY STOCK TAKE : detailDataGrid_CellValueChanged, dataGridViewTextBoxEditingControl.Text pass REGEX Checking
[ADMIN] [5/16/2017 14:36] [] DAILY STOCK TAKE : detailDataGrid_CellValueChanged [BS]
[ADMIN] [5/16/2017 14:36] [PENJUALAN] DAILY STOCK TAKE : detailDataGrid_CellValueChanged, previousInput [1]
[ADMIN] [5/16/2017 14:36] [PENJUALAN] DAILY STOCK TAKE : detailDataGrid_CellValueChanged, dataGridViewTextBoxEditingControl.Text pass REGEX Checking
[ADMIN] [5/16/2017 14:36] [] USER ID = 1LOGOUT
