[] [11/18/2016 14:32] [] USER = ADMIN IS ACTIVE
[ADMIN] [11/18/2016 14:32] [] USER ID = 1 LOGIN SUCCESSFULLY
[ADMIN] [11/18/2016 14:32] [] ACTIVATE USER ACCESS RIGHT
[ADMIN] [11/18/2016 14:32] [] DISPLAY ADMIN FORM
[ADMIN] [11/18/2016 14:32] [] adminForm Load
[ADMIN] [11/18/2016 14:32] [] ACTIVATE USER ACCESS RIGHT
[ADMIN] [11/18/2016 14:34] [PEMBAYARAN PIUTANG] ATTEMPT TO SAVE PAYMENT CREDIT
[ADMIN] [11/18/2016 14:34] [PEMBAYARAN PIUTANG] PAYMENT CREDIT BY CASH
[ADMIN] [11/18/2016 14:34] [PEMBAYARAN PIUTANG] BRANCH ID [0]
[ADMIN] [11/18/2016 14:34] [PEMBAYARAN PIUTANG] INSERT INTO PAYMENT CREDIT [9, 122]
[ADMIN] [11/18/2016 14:34] [PEMBAYARAN PIUTANG] CASH TRANSACTION, INSERT INTO DAILY JOURNAL [122]
[ADMIN] [11/18/2016 14:34] [PEMBAYARAN PIUTANG] PAYMENT CREDIT DATA SAVED
[] [11/18/2016 14:37] [] USER = ADMIN IS ACTIVE
[ADMIN] [11/18/2016 14:37] [] USER ID = 1 LOGIN SUCCESSFULLY
[ADMIN] [11/18/2016 14:37] [] ACTIVATE USER ACCESS RIGHT
[ADMIN] [11/18/2016 14:37] [] DISPLAY ADMIN FORM
[ADMIN] [11/18/2016 14:37] [] adminForm Load
[ADMIN] [11/18/2016 14:37] [] ACTIVATE USER ACCESS RIGHT
[ADMIN] [11/18/2016 14:38] [PENJUALAN] CASHIER FORM : REGISTER HOTKEY
[ADMIN] [11/18/2016 14:38] [PENJUALAN] CASHIER FORM : cashierForm_Load, ATTEMPT TO LOAD NO FAKTUR
[ADMIN] [11/18/2016 14:38] [PENJUALAN] CASHIER FORM : loadNoFaktur, noFakturValue [SLO001]
[ADMIN] [11/18/2016 14:38] [PENJUALAN] CASHIER FORM : cashierForm_Load, ATTEMPT TO addColumnToDataGrid
[ADMIN] [11/18/2016 14:38] [PENJUALAN] CASHIER FORM : UPDATE ROW NUMBER, TOTAL ROW [1]
[ADMIN] [11/18/2016 14:38] [PENJUALAN] CASHIER FORM : cashierDataGridView_CellValueChanged [F8]
[ADMIN] [11/18/2016 14:38] [PENJUALAN] CASHIER FORM : REGISTER HOTKEY
[ADMIN] [11/18/2016 14:38] [PENJUALAN] CASHIER FORM : Combobox_previewKeyDown, cashierDataGridView.CurrentCell.OwningColumn.Name  [productID]
[ADMIN] [11/18/2016 14:38] [PENJUALAN] CASHIER FORM : UPDATE ROW NUMBER, TOTAL ROW [2]
[ADMIN] [11/18/2016 14:38] [PENJUALAN] CASHIER FORM : cashierDataGridView_CellValueChanged [F8]
[ADMIN] [11/18/2016 14:38] [PENJUALAN] CASHIER FORM : cashierDataGridView_CellValueChanged [productID]
[ADMIN] [11/18/2016 14:38] [PENJUALAN] CASHIER FORM : Combobox_KeyUp, cashierDataGridView.CurrentCell.OwningColumn.Name  [productID]
[ADMIN] [11/18/2016 14:38] [PENJUALAN] CASHIER FORM : Combobox_previewKeyDown, cashierDataGridView.CurrentCell.OwningColumn.Name  [productID]
[ADMIN] [11/18/2016 14:38] [PENJUALAN] CASHIER FORM : cashierDataGridView_CellValueChanged [productID]
[ADMIN] [11/18/2016 14:38] [PENJUALAN] CASHIER FORM : Combobox_KeyUp, cashierDataGridView.CurrentCell.OwningColumn.Name  [productID]
[ADMIN] [11/18/2016 14:38] [PENJUALAN] CASHIER FORM : Combobox_previewKeyDown, cashierDataGridView.CurrentCell.OwningColumn.Name  [productID]
[ADMIN] [11/18/2016 14:38] [PENJUALAN] CASHIER FORM : cashierDataGridView_CellValueChanged [productID]
[ADMIN] [11/18/2016 14:38] [PENJUALAN] CASHIER FORM : Combobox_KeyUp, cashierDataGridView.CurrentCell.OwningColumn.Name  [productID]
[ADMIN] [11/18/2016 14:38] [PENJUALAN] CASHIER FORM : Combobox_previewKeyDown, cashierDataGridView.CurrentCell.OwningColumn.Name  [productID]
[ADMIN] [11/18/2016 14:38] [PENJUALAN] CASHIER FORM : cashierDataGridView_CellValueChanged [productID]
[ADMIN] [11/18/2016 14:38] [PENJUALAN] CASHIER FORM : Combobox_KeyUp, cashierDataGridView.CurrentCell.OwningColumn.Name  [productID]
[ADMIN] [11/18/2016 14:38] [PENJUALAN] CASHIER FORM : Combobox_previewKeyDown, cashierDataGridView.CurrentCell.OwningColumn.Name  [productID]
[ADMIN] [11/18/2016 14:38] [PENJUALAN] CASHIER FORM : cashierDataGridView_CellValueChanged [productID]
[ADMIN] [11/18/2016 14:38] [PENJUALAN] CASHIER FORM : Combobox_KeyUp, cashierDataGridView.CurrentCell.OwningColumn.Name  [productID]
[ADMIN] [11/18/2016 14:38] [PENJUALAN] CASHIER FORM : Combobox_previewKeyDown, cashierDataGridView.CurrentCell.OwningColumn.Name  [productID]
[ADMIN] [11/18/2016 14:38] [PENJUALAN] CASHIER FORM : updateSomeRowContents
[ADMIN] [11/18/2016 14:38] [PENJUALAN] CASHIER FORM : cashierDataGridView_CellValueChanged [productName]
[ADMIN] [11/18/2016 14:38] [PENJUALAN] CASHIER FORM : updateSomeRowContents
[ADMIN] [11/18/2016 14:38] [PENJUALAN] CASHIER FORM : PRODUCT PRICE TYPE [PRODUCT_BASE_PRICE]
[ADMIN] [11/18/2016 14:38] [PENJUALAN] CASHIER FORM : PRODUCT PRICE [2]
[ADMIN] [11/18/2016 14:38] [PENJUALAN] CASHIER FORM : ComboBox_SelectedIndexChanged, PRODUCT_BASE_PRICE [2]
[ADMIN] [11/18/2016 14:38] [PENJUALAN] CASHIER FORM : cashierDataGridView_CellValueChanged [hpp]
[ADMIN] [11/18/2016 14:38] [PENJUALAN] CASHIER FORM : PRODUCT PRICE TYPE [PRODUCT_RETAIL_PRICE]
[ADMIN] [11/18/2016 14:38] [PENJUALAN] CASHIER FORM : PRODUCT PRICE [1000]
[ADMIN] [11/18/2016 14:38] [PENJUALAN] CASHIER FORM : ComboBox_SelectedIndexChanged, PRODUCT_SALES_PRICE [1000]
[ADMIN] [11/18/2016 14:38] [PENJUALAN] CASHIER FORM : cashierDataGridView_CellValueChanged [productPrice]
[ADMIN] [11/18/2016 14:38] [PENJUALAN] CASHIER FORM : cashierDataGridView_CellValueChanged, previousInput [0]
[ADMIN] [11/18/2016 14:38] [PENJUALAN] CASHIER FORM : cashierDataGridView_CellValueChanged, cellValue [1000]
[ADMIN] [11/18/2016 14:38] [PENJUALAN] CASHIER FORM : cashierDataGridView_CellValueChanged, dataGridViewTextBoxEditingControl.Text pass REGEX Checking
[ADMIN] [11/18/2016 14:38] [PENJUALAN] CASHIER FORM : CALCULATE SUBTOTAL
[ADMIN] [11/18/2016 14:38] [PENJUALAN] CASHIER FORM : SUBTOTAL [0]
[ADMIN] [11/18/2016 14:38] [PENJUALAN] CASHIER FORM : cashierDataGridView_CellValueChanged, subtotal value [0]
[ADMIN] [11/18/2016 14:38] [PENJUALAN] CASHIER FORM : cashierDataGridView_CellValueChanged, attempt to calculate total value
[ADMIN] [11/18/2016 14:38] [PENJUALAN] CASHIER FORM : calculateTotal
[ADMIN] [11/18/2016 14:38] [PENJUALAN] CASHIER FORM : calculateTotal [0]
[ADMIN] [11/18/2016 14:38] [PENJUALAN] CASHIER FORM : calculateTotal, totalAfterDisc [0]
[ADMIN] [11/18/2016 14:38] [PENJUALAN] CASHIER FORM : calculateChangeValue, bayarTextBox.Text [0]
[ADMIN] [11/18/2016 14:38] [PENJUALAN] CASHIER FORM : calculateChangeValue, sisaBayar [0]
[ADMIN] [11/18/2016 14:38] [PENJUALAN] CASHIER FORM : cashierDataGridView_CellValueChanged [qty]
[ADMIN] [11/18/2016 14:38] [PENJUALAN] CASHIER FORM : cashierDataGridView_CellValueChanged, previousInput [0]
[ADMIN] [11/18/2016 14:38] [PENJUALAN] CASHIER FORM : cashierDataGridView_CellValueChanged [jumlah]
[ADMIN] [11/18/2016 14:38] [PENJUALAN] CASHIER FORM : calculateTotal
[ADMIN] [11/18/2016 14:38] [PENJUALAN] CASHIER FORM : calculateTotal [0]
[ADMIN] [11/18/2016 14:38] [PENJUALAN] CASHIER FORM : calculateTotal, totalAfterDisc [0]
[ADMIN] [11/18/2016 14:38] [PENJUALAN] CASHIER FORM : calculateChangeValue, bayarTextBox.Text [0]
[ADMIN] [11/18/2016 14:38] [PENJUALAN] CASHIER FORM : calculateChangeValue, sisaBayar [0]
[ADMIN] [11/18/2016 14:38] [PENJUALAN] CASHIER FORM : Combobox_KeyUp, cashierDataGridView.CurrentCell.OwningColumn.Name  [qty]
[ADMIN] [11/18/2016 14:38] [PENJUALAN] CASHIER FORM : cashierDataGridView_CellValueChanged [qty]
[ADMIN] [11/18/2016 14:38] [PENJUALAN] CASHIER FORM : cashierDataGridView_CellValueChanged, previousInput [0]
[ADMIN] [11/18/2016 14:38] [PENJUALAN] CASHIER FORM : cashierDataGridView_CellValueChanged, cellValue [2]
[ADMIN] [11/18/2016 14:38] [PENJUALAN] CASHIER FORM : cashierDataGridView_CellValueChanged, dataGridViewTextBoxEditingControl.Text pass REGEX Checking
[ADMIN] [11/18/2016 14:38] [PENJUALAN] CASHIER FORM : CHECK STOCK QTY IS ENOUGH [RT001]
[ADMIN] [11/18/2016 14:38] [PENJUALAN] CASHIER FORM : CHECK STOCK QTY IS ENOUGH [100, 2]
[ADMIN] [11/18/2016 14:38] [PENJUALAN] CASHIER FORM : CALCULATE SUBTOTAL
[ADMIN] [11/18/2016 14:38] [PENJUALAN] CASHIER FORM : SUBTOTAL [2000]
[ADMIN] [11/18/2016 14:38] [PENJUALAN] CASHIER FORM : cashierDataGridView_CellValueChanged, subtotal value [2000]
[ADMIN] [11/18/2016 14:38] [PENJUALAN] CASHIER FORM : cashierDataGridView_CellValueChanged, attempt to calculate total value
[ADMIN] [11/18/2016 14:38] [PENJUALAN] CASHIER FORM : calculateTotal
[ADMIN] [11/18/2016 14:38] [PENJUALAN] CASHIER FORM : calculateTotal [2000]
[ADMIN] [11/18/2016 14:38] [PENJUALAN] CASHIER FORM : calculateTotal, totalAfterDisc [2000]
[ADMIN] [11/18/2016 14:38] [PENJUALAN] CASHIER FORM : calculateChangeValue, bayarTextBox.Text [0]
[ADMIN] [11/18/2016 14:38] [PENJUALAN] CASHIER FORM : calculateChangeValue, sisaBayar [0]
[ADMIN] [11/18/2016 14:38] [PENJUALAN] CASHIER FORM : Combobox_KeyUp, cashierDataGridView.CurrentCell.OwningColumn.Name  [qty]
[ADMIN] [11/18/2016 14:38] [PENJUALAN] CASHIER FORM : DISPLAY PELANGGAN FORM
[ADMIN] [11/18/2016 14:38] [PENJUALAN] CASHIER FORM : UNREGISTER HOTKEY
[ADMIN] [11/18/2016 14:38] [PENJUALAN] CASHIER FORM : SELECTED CUSTOMER ID [1]
[ADMIN] [11/18/2016 14:38] [PENJUALAN] CASHIER FORM : ATTEMPT TO SET CUSTOMER PROFILE
[ADMIN] [11/18/2016 14:38] [PENJUALAN] CASHIER FORM : SET CUSTOMER PROFILE [ANDRI]
[ADMIN] [11/18/2016 14:38] [PENJUALAN] CASHIER FORM : CUSTOMER GROUP [P-UMUM [ECER]]
[ADMIN] [11/18/2016 14:38] [PENJUALAN] CASHIER FORM : FINISHED SET CUSTOMER PROFILE
[ADMIN] [11/18/2016 14:38] [PENJUALAN] CASHIER FORM : ATTEMPT TO REFRESH PRODUCT PRICE
[ADMIN] [11/18/2016 14:38] [PENJUALAN] CASHIER FORM : PRODUCT PRICE TYPE [PRODUCT_RETAIL_PRICE]
[ADMIN] [11/18/2016 14:38] [PENJUALAN] CASHIER FORM : PRODUCT PRICE [1000]
[ADMIN] [11/18/2016 14:38] [PENJUALAN] CASHIER FORM : CALCULATE SUBTOTAL
[ADMIN] [11/18/2016 14:38] [PENJUALAN] CASHIER FORM : SUBTOTAL [2000]
[ADMIN] [11/18/2016 14:38] [PENJUALAN] CASHIER FORM : calculateTotal
[ADMIN] [11/18/2016 14:38] [PENJUALAN] CASHIER FORM : calculateTotal [2000]
[ADMIN] [11/18/2016 14:38] [PENJUALAN] CASHIER FORM : calculateTotal, totalAfterDisc [2000]
[ADMIN] [11/18/2016 14:38] [PENJUALAN] CASHIER FORM : calculateChangeValue, bayarTextBox.Text [0]
[ADMIN] [11/18/2016 14:38] [PENJUALAN] CASHIER FORM : calculateChangeValue, sisaBayar [0]
[ADMIN] [11/18/2016 14:38] [PENJUALAN] CASHIER FORM : PRODUCT PRICE REFRESHED
[ADMIN] [11/18/2016 14:38] [PENJUALAN] CASHIER FORM : REGISTER HOTKEY
[ADMIN] [11/18/2016 14:38] [PENJUALAN] CASHIER FORM : Combobox_KeyUp, cashierDataGridView.CurrentCell.OwningColumn.Name  [qty]
[ADMIN] [11/18/2016 14:38] [PENJUALAN] CASHIER FORM : calculateChangeValue, bayarTextBox.Text [20]
[ADMIN] [11/18/2016 14:38] [PENJUALAN] CASHIER FORM : calculateChangeValue, sisaBayar [0]
[ADMIN] [11/18/2016 14:38] [PENJUALAN] CASHIER FORM : calculateChangeValue, bayarTextBox.Text [200]
[ADMIN] [11/18/2016 14:38] [PENJUALAN] CASHIER FORM : calculateChangeValue, sisaBayar [0]
[ADMIN] [11/18/2016 14:38] [PENJUALAN] CASHIER FORM : calculateChangeValue, bayarTextBox.Text [2000]
[ADMIN] [11/18/2016 14:38] [PENJUALAN] CASHIER FORM : calculateChangeValue, sisaBayar [0]
[ADMIN] [11/18/2016 14:38] [PENJUALAN] CASHIER FORM : HOTKEY TO SAVE AND PRINT OUT INVOICE PRESSED
[ADMIN] [11/18/2016 14:38] [PENJUALAN] CASHIER FORM : UNREGISTER HOTKEY
[ADMIN] [11/18/2016 14:38] [PENJUALAN] CASHIER FORM : REGISTER HOTKEY
[ADMIN] [11/18/2016 14:38] [PENJUALAN] ATTEMPT TO SAVE AND PRINT OUT INVOICE
[ADMIN] [11/18/2016 14:38] [PENJUALAN] CASHIER FORM : UNREGISTER HOTKEY
[ADMIN] [11/18/2016 14:38] [PENJUALAN] CASHIER FORM : ATTEMPT TO SAVE SALES DATA [18-11-2016 14:38]
[ADMIN] [11/18/2016 14:38] [PENJUALAN] CASHIER FORM : SALES DISC FINAL [0]
[ADMIN] [11/18/2016 14:38] [PENJUALAN] CASHIER FORM : CASH SALES
[ADMIN] [11/18/2016 14:38] [PENJUALAN] CASHIER FORM : MAX SALES INVOICE [24]
[ADMIN] [11/18/2016 14:38] [PENJUALAN] CASHIER FORM : SALES INVOICE [SQ-25]
[ADMIN] [11/18/2016 14:38] [PENJUALAN] INSERT INTO SALES QUOTATION HEADER [SQ-25]
[ADMIN] [11/18/2016 14:38] [PENJUALAN] INSERT INTO SALES QUOTATION DETAIL[RT001, 1000, 2]
[ADMIN] [11/18/2016 14:38] [PENJUALAN] CASHIER FORM : REGISTER HOTKEY
[ADMIN] [11/18/2016 14:38] [PENJUALAN] TRANSACTION SAVED
[ADMIN] [11/18/2016 14:38] [PENJUALAN] PRINT OUT INVOICE
[ADMIN] [11/18/2016 14:40] [PENJUALAN] CASHIER FORM : PrintReceipt
[ADMIN] [11/18/2016 14:40] [PENJUALAN] CASHIER FORM : PrintReceipt, papermode [0]
[ADMIN] [11/18/2016 14:40] [PENJUALAN] CASHIER FORM : UNREGISTER HOTKEY
[ADMIN] [11/18/2016 14:40] [PENJUALAN] CASHIER FORM : PrintReceipt, display SalesQuotationReceiptForm
[ADMIN] [11/18/2016 14:40] [PENJUALAN] CASHIER FORM : REGISTER HOTKEY
[ADMIN] [11/18/2016 14:40] [PENJUALAN] CASHIER FORM : UNREGISTER HOTKEY
[ADMIN] [11/18/2016 14:40] [PENJUALAN] CASHIER FORM : UPDATE ROW NUMBER, TOTAL ROW [1]
[ADMIN] [11/18/2016 14:40] [PENJUALAN] CASHIER FORM : cashierDataGridView_CellValueChanged [F8]
[ADMIN] [11/18/2016 14:40] [PENJUALAN] CASHIER FORM : REGISTER HOTKEY
[ADMIN] [11/18/2016 14:40] [PENJUALAN] CASHIER FORM : UNREGISTER HOTKEY
[ADMIN] [11/18/2016 14:40] [PENJUALAN] CASHIER FORM : UNREGISTER HOTKEY
[ADMIN] [11/18/2016 14:40] [PENJUALAN] CASHIER FORM : REGISTER HOTKEY
[ADMIN] [11/18/2016 14:40] [PENJUALAN] CASHIER FORM : cashierForm_Load, ATTEMPT TO LOAD NO FAKTUR
[ADMIN] [11/18/2016 14:40] [PENJUALAN] CASHIER FORM : loadNoFaktur, noFakturValue [SLO001]
[ADMIN] [11/18/2016 14:40] [PENJUALAN] CASHIER FORM : cashierForm_Load, ATTEMPT TO addColumnToDataGrid
[ADMIN] [11/18/2016 14:40] [PENJUALAN] CASHIER FORM : UPDATE ROW NUMBER, TOTAL ROW [1]
[ADMIN] [11/18/2016 14:40] [PENJUALAN] CASHIER FORM : cashierDataGridView_CellValueChanged [F8]
[ADMIN] [11/18/2016 14:40] [PENJUALAN] CASHIER FORM : ADD NEW ROW,  isActive [True]
[ADMIN] [11/18/2016 14:40] [PENJUALAN] CASHIER FORM : ADD NEW ROW,  ROW COUNT [1]
[ADMIN] [11/18/2016 14:40] [PENJUALAN] CASHIER FORM : ADD NEW ROW,  ALLOW TO ADD [False]
[ADMIN] [11/18/2016 14:40] [PENJUALAN] CASHIER FORM : clearUpSomeRowContents
[ADMIN] [11/18/2016 14:40] [PENJUALAN] CASHIER FORM : calculateTotal
[ADMIN] [11/18/2016 14:40] [PENJUALAN] CASHIER FORM : calculateTotal [0]
[ADMIN] [11/18/2016 14:40] [PENJUALAN] CASHIER FORM : calculateTotal, totalAfterDisc [0]
[ADMIN] [11/18/2016 14:40] [PENJUALAN] CASHIER FORM : calculateChangeValue, bayarTextBox.Text [0]
[ADMIN] [11/18/2016 14:40] [PENJUALAN] CASHIER FORM : calculateChangeValue, sisaBayar [0]
[ADMIN] [11/18/2016 14:40] [PENJUALAN] CASHIER FORM : calculateChangeValue, bayarTextBox.Text [2000]
[ADMIN] [11/18/2016 14:40] [PENJUALAN] CASHIER FORM : calculateChangeValue, sisaBayar [0]
[ADMIN] [11/18/2016 14:40] [PENJUALAN] CASHIER FORM : REGISTER HOTKEY
[ADMIN] [11/18/2016 14:40] [PENJUALAN] CASHIER FORM : UNREGISTER HOTKEY
[ADMIN] [11/18/2016 14:40] [PENJUALAN] CASHIER FORM : REGISTER HOTKEY
[ADMIN] [11/18/2016 14:40] [PENJUALAN] ATTEMPT TO SAVE AND PRINT OUT INVOICE
[ADMIN] [11/18/2016 14:40] [PENJUALAN] CASHIER FORM : UNREGISTER HOTKEY
[ADMIN] [11/18/2016 14:40] [PENJUALAN] CASHIER FORM : ATTEMPT TO SAVE SALES DATA [18-11-2016 14:40]
[ADMIN] [11/18/2016 14:40] [PENJUALAN] CASHIER FORM : SALES DISC FINAL [0]
[ADMIN] [11/18/2016 14:40] [PENJUALAN] CASHIER FORM : CASH SALES
[ADMIN] [11/18/2016 14:40] [PENJUALAN] CHECK IF TAX LIMIT SET FOR PERCENTAGE PURCHASE [0]
[ADMIN] [11/18/2016 14:40] [PENJUALAN] CHECK IF TAX LIMIT SET FOR AVERAGE DAILY PURCHASE [0]
[ADMIN] [11/18/2016 14:40] [PENJUALAN] CASHIER FORM : NO FAKTUR [SLO001]
[ADMIN] [11/18/2016 14:40] [PENJUALAN] CASHIER FORM : MAX SALES INVOICE [16]
[ADMIN] [11/18/2016 14:40] [PENJUALAN] CASHIER FORM : SALES INVOICE [SLO001-17]
[ADMIN] [11/18/2016 14:40] [PENJUALAN] INSERT INTO SALES HEADER [SLO001-17]
[ADMIN] [11/18/2016 14:40] [PENJUALAN] INSERT INTO SALES DETAIL[RT001, 1000, 2]
[ADMIN] [11/18/2016 14:40] [PENJUALAN] REDUCE STOCK AT MASTER PRODUCT [RT001]
[ADMIN] [11/18/2016 14:40] [PENJUALAN] INSERT CUSTOMER PRODUCT DISC [RT001]
[ADMIN] [11/18/2016 14:40] [PENJUALAN] INSERT TO CREDIT TABLE [SLO001-17]
[ADMIN] [11/18/2016 14:40] [PENJUALAN] INSERT TO DAILY JOURNAL TABLE [2000]
[ADMIN] [11/18/2016 14:40] [PENJUALAN] CASHIER FORM : REGISTER HOTKEY
[ADMIN] [11/18/2016 14:40] [PENJUALAN] TRANSACTION SAVED
[ADMIN] [11/18/2016 14:40] [PENJUALAN] PRINT OUT INVOICE
[ADMIN] [11/18/2016 14:40] [PENJUALAN] CASHIER FORM : PrintReceipt
[ADMIN] [11/18/2016 14:40] [PENJUALAN] CASHIER FORM : PrintReceipt, papermode [0]
[ADMIN] [11/18/2016 14:40] [PENJUALAN] CASHIER FORM : UNREGISTER HOTKEY
[ADMIN] [11/18/2016 14:40] [PENJUALAN] CASHIER FORM : REGISTER HOTKEY
[ADMIN] [11/18/2016 14:40] [PENJUALAN] CASHIER FORM : PrintReceipt, display SalesReceiptForm
[ADMIN] [11/18/2016 14:41] [PENJUALAN] CASHIER FORM : UNREGISTER HOTKEY
[ADMIN] [11/18/2016 14:41] [PENJUALAN] CASHIER FORM : REGISTER HOTKEY
[ADMIN] [11/18/2016 14:41] [PENJUALAN] CASHIER FORM : UNREGISTER HOTKEY
[ADMIN] [11/18/2016 14:41] [PENJUALAN] CASHIER FORM : REGISTER HOTKEY
[ADMIN] [11/18/2016 14:41] [PENJUALAN] CASHIER FORM : UPDATE ROW NUMBER, TOTAL ROW [1]
[] [11/18/2016 14:42] [] USER = ADMIN IS ACTIVE
[ADMIN] [11/18/2016 14:42] [] USER ID = 1 LOGIN SUCCESSFULLY
[ADMIN] [11/18/2016 14:42] [] ACTIVATE USER ACCESS RIGHT
[ADMIN] [11/18/2016 14:42] [] DISPLAY ADMIN FORM
[ADMIN] [11/18/2016 14:42] [] adminForm Load
[ADMIN] [11/18/2016 14:42] [] ACTIVATE USER ACCESS RIGHT
[ADMIN] [11/18/2016 14:42] [PENJUALAN] CASHIER FORM : REGISTER HOTKEY
[ADMIN] [11/18/2016 14:42] [PENJUALAN] CASHIER FORM : cashierForm_Load, ATTEMPT TO LOAD NO FAKTUR
[ADMIN] [11/18/2016 14:42] [PENJUALAN] CASHIER FORM : loadNoFaktur, noFakturValue [SLO001]
[ADMIN] [11/18/2016 14:42] [PENJUALAN] CASHIER FORM : cashierForm_Load, ATTEMPT TO addColumnToDataGrid
[ADMIN] [11/18/2016 14:42] [PENJUALAN] CASHIER FORM : UPDATE ROW NUMBER, TOTAL ROW [1]
[ADMIN] [11/18/2016 14:42] [PENJUALAN] CASHIER FORM : cashierDataGridView_CellValueChanged [F8]
[ADMIN] [11/18/2016 14:42] [PENJUALAN] CASHIER FORM : REGISTER HOTKEY
[ADMIN] [11/18/2016 14:42] [PENJUALAN] CASHIER FORM : Combobox_previewKeyDown, cashierDataGridView.CurrentCell.OwningColumn.Name  [productID]
[ADMIN] [11/18/2016 14:42] [PENJUALAN] CASHIER FORM : UPDATE ROW NUMBER, TOTAL ROW [2]
[ADMIN] [11/18/2016 14:42] [PENJUALAN] CASHIER FORM : cashierDataGridView_CellValueChanged [F8]
[ADMIN] [11/18/2016 14:42] [PENJUALAN] CASHIER FORM : cashierDataGridView_CellValueChanged [productID]
[ADMIN] [11/18/2016 14:42] [PENJUALAN] CASHIER FORM : Combobox_KeyUp, cashierDataGridView.CurrentCell.OwningColumn.Name  [productID]
[ADMIN] [11/18/2016 14:42] [PENJUALAN] CASHIER FORM : Combobox_previewKeyDown, cashierDataGridView.CurrentCell.OwningColumn.Name  [productID]
[ADMIN] [11/18/2016 14:42] [PENJUALAN] CASHIER FORM : cashierDataGridView_CellValueChanged [productID]
[ADMIN] [11/18/2016 14:42] [PENJUALAN] CASHIER FORM : Combobox_KeyUp, cashierDataGridView.CurrentCell.OwningColumn.Name  [productID]
[ADMIN] [11/18/2016 14:42] [PENJUALAN] CASHIER FORM : Combobox_previewKeyDown, cashierDataGridView.CurrentCell.OwningColumn.Name  [productID]
[ADMIN] [11/18/2016 14:42] [PENJUALAN] CASHIER FORM : cashierDataGridView_CellValueChanged [productID]
[ADMIN] [11/18/2016 14:42] [PENJUALAN] CASHIER FORM : Combobox_KeyUp, cashierDataGridView.CurrentCell.OwningColumn.Name  [productID]
[ADMIN] [11/18/2016 14:42] [PENJUALAN] CASHIER FORM : Combobox_previewKeyDown, cashierDataGridView.CurrentCell.OwningColumn.Name  [productID]
[ADMIN] [11/18/2016 14:42] [PENJUALAN] CASHIER FORM : cashierDataGridView_CellValueChanged [productID]
[ADMIN] [11/18/2016 14:42] [PENJUALAN] CASHIER FORM : Combobox_KeyUp, cashierDataGridView.CurrentCell.OwningColumn.Name  [productID]
[ADMIN] [11/18/2016 14:42] [PENJUALAN] CASHIER FORM : Combobox_previewKeyDown, cashierDataGridView.CurrentCell.OwningColumn.Name  [productID]
[ADMIN] [11/18/2016 14:42] [PENJUALAN] CASHIER FORM : cashierDataGridView_CellValueChanged [productID]
[ADMIN] [11/18/2016 14:42] [PENJUALAN] CASHIER FORM : Combobox_KeyUp, cashierDataGridView.CurrentCell.OwningColumn.Name  [productID]
[ADMIN] [11/18/2016 14:42] [PENJUALAN] CASHIER FORM : Combobox_previewKeyDown, cashierDataGridView.CurrentCell.OwningColumn.Name  [productID]
[ADMIN] [11/18/2016 14:42] [PENJUALAN] CASHIER FORM : updateSomeRowContents
[ADMIN] [11/18/2016 14:42] [PENJUALAN] CASHIER FORM : cashierDataGridView_CellValueChanged [productName]
[ADMIN] [11/18/2016 14:42] [PENJUALAN] CASHIER FORM : updateSomeRowContents
[ADMIN] [11/18/2016 14:42] [PENJUALAN] CASHIER FORM : PRODUCT PRICE TYPE [PRODUCT_BASE_PRICE]
[ADMIN] [11/18/2016 14:42] [PENJUALAN] CASHIER FORM : PRODUCT PRICE [2]
[ADMIN] [11/18/2016 14:42] [PENJUALAN] CASHIER FORM : ComboBox_SelectedIndexChanged, PRODUCT_BASE_PRICE [2]
[ADMIN] [11/18/2016 14:42] [PENJUALAN] CASHIER FORM : cashierDataGridView_CellValueChanged [hpp]
[ADMIN] [11/18/2016 14:42] [PENJUALAN] CASHIER FORM : PRODUCT PRICE TYPE [PRODUCT_RETAIL_PRICE]
[ADMIN] [11/18/2016 14:42] [PENJUALAN] CASHIER FORM : PRODUCT PRICE [1000]
[ADMIN] [11/18/2016 14:42] [PENJUALAN] CASHIER FORM : ComboBox_SelectedIndexChanged, PRODUCT_SALES_PRICE [1000]
[ADMIN] [11/18/2016 14:42] [PENJUALAN] CASHIER FORM : cashierDataGridView_CellValueChanged [productPrice]
[ADMIN] [11/18/2016 14:42] [PENJUALAN] CASHIER FORM : cashierDataGridView_CellValueChanged, previousInput [0]
[ADMIN] [11/18/2016 14:42] [PENJUALAN] CASHIER FORM : cashierDataGridView_CellValueChanged, cellValue [1000]
[ADMIN] [11/18/2016 14:42] [PENJUALAN] CASHIER FORM : cashierDataGridView_CellValueChanged, dataGridViewTextBoxEditingControl.Text pass REGEX Checking
[ADMIN] [11/18/2016 14:42] [PENJUALAN] CASHIER FORM : CALCULATE SUBTOTAL
[ADMIN] [11/18/2016 14:42] [PENJUALAN] CASHIER FORM : SUBTOTAL [0]
[ADMIN] [11/18/2016 14:42] [PENJUALAN] CASHIER FORM : cashierDataGridView_CellValueChanged, subtotal value [0]
[ADMIN] [11/18/2016 14:42] [PENJUALAN] CASHIER FORM : cashierDataGridView_CellValueChanged, attempt to calculate total value
[ADMIN] [11/18/2016 14:42] [PENJUALAN] CASHIER FORM : calculateTotal
[ADMIN] [11/18/2016 14:42] [PENJUALAN] CASHIER FORM : calculateTotal [0]
[ADMIN] [11/18/2016 14:42] [PENJUALAN] CASHIER FORM : calculateTotal, totalAfterDisc [0]
[ADMIN] [11/18/2016 14:42] [PENJUALAN] CASHIER FORM : calculateChangeValue, bayarTextBox.Text [0]
[ADMIN] [11/18/2016 14:42] [PENJUALAN] CASHIER FORM : calculateChangeValue, sisaBayar [0]
[ADMIN] [11/18/2016 14:42] [PENJUALAN] CASHIER FORM : cashierDataGridView_CellValueChanged [qty]
[ADMIN] [11/18/2016 14:42] [PENJUALAN] CASHIER FORM : cashierDataGridView_CellValueChanged, previousInput [0]
[ADMIN] [11/18/2016 14:42] [PENJUALAN] CASHIER FORM : cashierDataGridView_CellValueChanged [jumlah]
[ADMIN] [11/18/2016 14:42] [PENJUALAN] CASHIER FORM : calculateTotal
[ADMIN] [11/18/2016 14:42] [PENJUALAN] CASHIER FORM : calculateTotal [0]
[ADMIN] [11/18/2016 14:42] [PENJUALAN] CASHIER FORM : calculateTotal, totalAfterDisc [0]
[ADMIN] [11/18/2016 14:42] [PENJUALAN] CASHIER FORM : calculateChangeValue, bayarTextBox.Text [0]
[ADMIN] [11/18/2016 14:42] [PENJUALAN] CASHIER FORM : calculateChangeValue, sisaBayar [0]
[ADMIN] [11/18/2016 14:42] [PENJUALAN] CASHIER FORM : Combobox_KeyUp, cashierDataGridView.CurrentCell.OwningColumn.Name  [qty]
[ADMIN] [11/18/2016 14:42] [PENJUALAN] CASHIER FORM : cashierDataGridView_CellValueChanged [qty]
[ADMIN] [11/18/2016 14:42] [PENJUALAN] CASHIER FORM : cashierDataGridView_CellValueChanged, previousInput [0]
[ADMIN] [11/18/2016 14:42] [PENJUALAN] CASHIER FORM : cashierDataGridView_CellValueChanged, cellValue [2]
[ADMIN] [11/18/2016 14:42] [PENJUALAN] CASHIER FORM : cashierDataGridView_CellValueChanged, dataGridViewTextBoxEditingControl.Text pass REGEX Checking
[ADMIN] [11/18/2016 14:42] [PENJUALAN] CASHIER FORM : CHECK STOCK QTY IS ENOUGH [RT001]
[ADMIN] [11/18/2016 14:42] [PENJUALAN] CASHIER FORM : CHECK STOCK QTY IS ENOUGH [98, 2]
[ADMIN] [11/18/2016 14:42] [PENJUALAN] CASHIER FORM : CALCULATE SUBTOTAL
[ADMIN] [11/18/2016 14:42] [PENJUALAN] CASHIER FORM : SUBTOTAL [2000]
[ADMIN] [11/18/2016 14:42] [PENJUALAN] CASHIER FORM : cashierDataGridView_CellValueChanged, subtotal value [2000]
[ADMIN] [11/18/2016 14:42] [PENJUALAN] CASHIER FORM : cashierDataGridView_CellValueChanged, attempt to calculate total value
[ADMIN] [11/18/2016 14:42] [PENJUALAN] CASHIER FORM : calculateTotal
[ADMIN] [11/18/2016 14:42] [PENJUALAN] CASHIER FORM : calculateTotal [2000]
[ADMIN] [11/18/2016 14:42] [PENJUALAN] CASHIER FORM : calculateTotal, totalAfterDisc [2000]
[ADMIN] [11/18/2016 14:42] [PENJUALAN] CASHIER FORM : calculateChangeValue, bayarTextBox.Text [0]
[ADMIN] [11/18/2016 14:42] [PENJUALAN] CASHIER FORM : calculateChangeValue, sisaBayar [0]
[ADMIN] [11/18/2016 14:42] [PENJUALAN] CASHIER FORM : Combobox_KeyUp, cashierDataGridView.CurrentCell.OwningColumn.Name  [qty]
[ADMIN] [11/18/2016 14:42] [PENJUALAN] CASHIER FORM : DISPLAY PELANGGAN FORM
[ADMIN] [11/18/2016 14:42] [PENJUALAN] CASHIER FORM : UNREGISTER HOTKEY
[ADMIN] [11/18/2016 14:42] [PENJUALAN] CASHIER FORM : SELECTED CUSTOMER ID [1]
[ADMIN] [11/18/2016 14:42] [PENJUALAN] CASHIER FORM : ATTEMPT TO SET CUSTOMER PROFILE
[ADMIN] [11/18/2016 14:42] [PENJUALAN] CASHIER FORM : SET CUSTOMER PROFILE [ANDRI]
[ADMIN] [11/18/2016 14:42] [PENJUALAN] CASHIER FORM : CUSTOMER GROUP [P-UMUM [ECER]]
[ADMIN] [11/18/2016 14:42] [PENJUALAN] CASHIER FORM : FINISHED SET CUSTOMER PROFILE
[ADMIN] [11/18/2016 14:42] [PENJUALAN] CASHIER FORM : ATTEMPT TO REFRESH PRODUCT PRICE
[ADMIN] [11/18/2016 14:42] [PENJUALAN] CASHIER FORM : PRODUCT PRICE TYPE [PRODUCT_RETAIL_PRICE]
[ADMIN] [11/18/2016 14:42] [PENJUALAN] CASHIER FORM : PRODUCT PRICE [1000]
[ADMIN] [11/18/2016 14:42] [PENJUALAN] CASHIER FORM : CALCULATE SUBTOTAL
[ADMIN] [11/18/2016 14:42] [PENJUALAN] CASHIER FORM : SUBTOTAL [2000]
[ADMIN] [11/18/2016 14:42] [PENJUALAN] CASHIER FORM : calculateTotal
[ADMIN] [11/18/2016 14:42] [PENJUALAN] CASHIER FORM : calculateTotal [2000]
[ADMIN] [11/18/2016 14:42] [PENJUALAN] CASHIER FORM : calculateTotal, totalAfterDisc [2000]
[ADMIN] [11/18/2016 14:42] [PENJUALAN] CASHIER FORM : calculateChangeValue, bayarTextBox.Text [0]
[ADMIN] [11/18/2016 14:42] [PENJUALAN] CASHIER FORM : calculateChangeValue, sisaBayar [0]
[ADMIN] [11/18/2016 14:42] [PENJUALAN] CASHIER FORM : PRODUCT PRICE REFRESHED
[ADMIN] [11/18/2016 14:42] [PENJUALAN] CASHIER FORM : REGISTER HOTKEY
[ADMIN] [11/18/2016 14:42] [PENJUALAN] CASHIER FORM : Combobox_KeyUp, cashierDataGridView.CurrentCell.OwningColumn.Name  [qty]
[ADMIN] [11/18/2016 14:46] [PENJUALAN] CASHIER FORM : calculateChangeValue, bayarTextBox.Text [10]
[ADMIN] [11/18/2016 14:46] [PENJUALAN] CASHIER FORM : calculateChangeValue, sisaBayar [0]
[ADMIN] [11/18/2016 14:46] [PENJUALAN] CASHIER FORM : calculateChangeValue, bayarTextBox.Text [100]
[ADMIN] [11/18/2016 14:46] [PENJUALAN] CASHIER FORM : calculateChangeValue, sisaBayar [0]
[ADMIN] [11/18/2016 14:46] [PENJUALAN] CASHIER FORM : calculateChangeValue, bayarTextBox.Text [1000]
[ADMIN] [11/18/2016 14:46] [PENJUALAN] CASHIER FORM : calculateChangeValue, sisaBayar [0]
[ADMIN] [11/18/2016 14:46] [PENJUALAN] CASHIER FORM : HOTKEY TO SAVE AND PRINT OUT INVOICE PRESSED
[ADMIN] [11/18/2016 14:46] [PENJUALAN] CASHIER FORM : UNREGISTER HOTKEY
[ADMIN] [11/18/2016 14:46] [PENJUALAN] CASHIER FORM : REGISTER HOTKEY
[ADMIN] [11/18/2016 14:46] [PENJUALAN] ATTEMPT TO SAVE AND PRINT OUT INVOICE
[ADMIN] [11/18/2016 14:46] [PENJUALAN] CASHIER FORM : UNREGISTER HOTKEY
[ADMIN] [11/18/2016 14:46] [PENJUALAN] CASHIER FORM : ATTEMPT TO SAVE SALES DATA [18-11-2016 14:46]
[ADMIN] [11/18/2016 14:46] [PENJUALAN] CASHIER FORM : SALES DISC FINAL [0]
[ADMIN] [11/18/2016 14:46] [PENJUALAN] CASHIER FORM : CASH SALES
[ADMIN] [11/18/2016 14:46] [PENJUALAN] CASHIER FORM : MAX SALES INVOICE [25]
[ADMIN] [11/18/2016 14:46] [PENJUALAN] CASHIER FORM : SALES INVOICE [SQ-26]
[ADMIN] [11/18/2016 14:46] [PENJUALAN] INSERT INTO SALES QUOTATION HEADER [SQ-26]
[ADMIN] [11/18/2016 14:46] [PENJUALAN] INSERT INTO SALES QUOTATION DETAIL[RT001, 1000, 2]
[ADMIN] [11/18/2016 14:46] [PENJUALAN] CASHIER FORM : REGISTER HOTKEY
[ADMIN] [11/18/2016 14:46] [PENJUALAN] TRANSACTION SAVED
[ADMIN] [11/18/2016 14:46] [PENJUALAN] PRINT OUT INVOICE
[ADMIN] [11/18/2016 14:46] [PENJUALAN] CASHIER FORM : PrintReceipt
[ADMIN] [11/18/2016 14:46] [PENJUALAN] CASHIER FORM : PrintReceipt, papermode [0]
[ADMIN] [11/18/2016 14:46] [PENJUALAN] CASHIER FORM : PrintReceipt, display SalesQuotationReceiptForm
[ADMIN] [11/18/2016 14:46] [PENJUALAN] CASHIER FORM : UNREGISTER HOTKEY
[ADMIN] [11/18/2016 14:47] [PENJUALAN] CASHIER FORM : REGISTER HOTKEY
[ADMIN] [11/18/2016 14:47] [PENJUALAN] CASHIER FORM : UPDATE ROW NUMBER, TOTAL ROW [1]
[ADMIN] [11/18/2016 14:47] [PENJUALAN] CASHIER FORM : cashierDataGridView_CellValueChanged [F8]
[ADMIN] [11/18/2016 14:48] [PENJUALAN] CASHIER FORM : UNREGISTER HOTKEY
[ADMIN] [11/18/2016 14:48] [PENJUALAN] CASHIER FORM : UNREGISTER HOTKEY
[ADMIN] [11/18/2016 14:48] [PENJUALAN] CASHIER FORM : REGISTER HOTKEY
[ADMIN] [11/18/2016 14:48] [PENJUALAN] CASHIER FORM : cashierForm_Load, ATTEMPT TO LOAD NO FAKTUR
[ADMIN] [11/18/2016 14:48] [PENJUALAN] CASHIER FORM : loadNoFaktur, noFakturValue [SLO001]
[ADMIN] [11/18/2016 14:48] [PENJUALAN] CASHIER FORM : cashierForm_Load, ATTEMPT TO addColumnToDataGrid
[ADMIN] [11/18/2016 14:48] [PENJUALAN] CASHIER FORM : UPDATE ROW NUMBER, TOTAL ROW [1]
[ADMIN] [11/18/2016 14:48] [PENJUALAN] CASHIER FORM : cashierDataGridView_CellValueChanged [F8]
[ADMIN] [11/18/2016 14:48] [PENJUALAN] CASHIER FORM : ADD NEW ROW,  isActive [True]
[ADMIN] [11/18/2016 14:48] [PENJUALAN] CASHIER FORM : ADD NEW ROW,  ROW COUNT [1]
[ADMIN] [11/18/2016 14:48] [PENJUALAN] CASHIER FORM : ADD NEW ROW,  ALLOW TO ADD [False]
[ADMIN] [11/18/2016 14:48] [PENJUALAN] CASHIER FORM : clearUpSomeRowContents
[ADMIN] [11/18/2016 14:48] [PENJUALAN] CASHIER FORM : calculateTotal
[ADMIN] [11/18/2016 14:48] [PENJUALAN] CASHIER FORM : calculateTotal [0]
[ADMIN] [11/18/2016 14:48] [PENJUALAN] CASHIER FORM : calculateTotal, totalAfterDisc [0]
[ADMIN] [11/18/2016 14:48] [PENJUALAN] CASHIER FORM : calculateChangeValue, bayarTextBox.Text [0]
[ADMIN] [11/18/2016 14:48] [PENJUALAN] CASHIER FORM : calculateChangeValue, sisaBayar [0]
[ADMIN] [11/18/2016 14:48] [PENJUALAN] CASHIER FORM : calculateChangeValue, bayarTextBox.Text [1000]
[ADMIN] [11/18/2016 14:48] [PENJUALAN] CASHIER FORM : calculateChangeValue, sisaBayar [0]
[ADMIN] [11/18/2016 14:48] [PENJUALAN] CASHIER FORM : REGISTER HOTKEY
[ADMIN] [11/18/2016 14:48] [PENJUALAN] CASHIER FORM : UNREGISTER HOTKEY
[ADMIN] [11/18/2016 14:50] [PENJUALAN] CASHIER FORM : REGISTER HOTKEY
[ADMIN] [11/18/2016 14:50] [PENJUALAN] CASHIER FORM : UNREGISTER HOTKEY
[ADMIN] [11/18/2016 14:50] [PENJUALAN] CASHIER FORM : REGISTER HOTKEY
[] [11/18/2016 14:54] [] USER = ADMIN IS ACTIVE
[ADMIN] [11/18/2016 14:54] [] USER ID = 1 LOGIN SUCCESSFULLY
[ADMIN] [11/18/2016 14:54] [] ACTIVATE USER ACCESS RIGHT
[ADMIN] [11/18/2016 14:54] [] DISPLAY ADMIN FORM
[ADMIN] [11/18/2016 14:54] [] adminForm Load
[ADMIN] [11/18/2016 14:54] [] ACTIVATE USER ACCESS RIGHT
[ADMIN] [11/18/2016 14:55] [PENJUALAN] CASHIER FORM : REGISTER HOTKEY
[ADMIN] [11/18/2016 14:55] [PENJUALAN] CASHIER FORM : cashierForm_Load, ATTEMPT TO LOAD NO FAKTUR
[ADMIN] [11/18/2016 14:55] [PENJUALAN] CASHIER FORM : loadNoFaktur, noFakturValue [SLO001]
[ADMIN] [11/18/2016 14:55] [PENJUALAN] CASHIER FORM : cashierForm_Load, ATTEMPT TO addColumnToDataGrid
[ADMIN] [11/18/2016 14:55] [PENJUALAN] CASHIER FORM : UPDATE ROW NUMBER, TOTAL ROW [1]
[ADMIN] [11/18/2016 14:55] [PENJUALAN] CASHIER FORM : cashierDataGridView_CellValueChanged [F8]
[ADMIN] [11/18/2016 14:55] [PENJUALAN] CASHIER FORM : ADD NEW ROW,  isActive [True]
[ADMIN] [11/18/2016 14:55] [PENJUALAN] CASHIER FORM : ADD NEW ROW,  ROW COUNT [1]
[ADMIN] [11/18/2016 14:55] [PENJUALAN] CASHIER FORM : ADD NEW ROW,  ALLOW TO ADD [False]
[ADMIN] [11/18/2016 14:55] [PENJUALAN] CASHIER FORM : clearUpSomeRowContents
[ADMIN] [11/18/2016 14:55] [PENJUALAN] CASHIER FORM : calculateTotal
[ADMIN] [11/18/2016 14:55] [PENJUALAN] CASHIER FORM : calculateTotal [0]
[ADMIN] [11/18/2016 14:55] [PENJUALAN] CASHIER FORM : calculateTotal, totalAfterDisc [0]
[ADMIN] [11/18/2016 14:55] [PENJUALAN] CASHIER FORM : calculateChangeValue, bayarTextBox.Text [0]
[ADMIN] [11/18/2016 14:55] [PENJUALAN] CASHIER FORM : calculateChangeValue, sisaBayar [0]
[ADMIN] [11/18/2016 14:55] [PENJUALAN] CASHIER FORM : calculateChangeValue, bayarTextBox.Text [1000]
[ADMIN] [11/18/2016 14:55] [PENJUALAN] CASHIER FORM : calculateChangeValue, sisaBayar [0]
[ADMIN] [11/18/2016 14:55] [PENJUALAN] CASHIER FORM : REGISTER HOTKEY
[ADMIN] [11/18/2016 14:55] [PENJUALAN] CASHIER FORM : UNREGISTER HOTKEY
[ADMIN] [11/18/2016 14:55] [PENJUALAN] CASHIER FORM : REGISTER HOTKEY
[ADMIN] [11/18/2016 14:55] [PENJUALAN] ATTEMPT TO SAVE AND PRINT OUT INVOICE
[ADMIN] [11/18/2016 14:55] [PENJUALAN] CASHIER FORM : UNREGISTER HOTKEY
[ADMIN] [11/18/2016 14:55] [PENJUALAN] CASHIER FORM : ATTEMPT TO SAVE SALES DATA [18-11-2016 14:55]
[ADMIN] [11/18/2016 14:55] [PENJUALAN] CASHIER FORM : SALES DISC FINAL [Rp0]
[ADMIN] [11/18/2016 14:55] [PENJUALAN] CASHIER FORM : CASH SALES
[ADMIN] [11/18/2016 14:55] [PENJUALAN] CHECK IF TAX LIMIT SET FOR PERCENTAGE PURCHASE [0]
[ADMIN] [11/18/2016 14:55] [PENJUALAN] CHECK IF TAX LIMIT SET FOR AVERAGE DAILY PURCHASE [0]
[ADMIN] [11/18/2016 14:55] [PENJUALAN] CASHIER FORM : NO FAKTUR [SLO001]
[ADMIN] [11/18/2016 14:55] [PENJUALAN] CASHIER FORM : MAX SALES INVOICE [17]
[ADMIN] [11/18/2016 14:55] [PENJUALAN] CASHIER FORM : SALES INVOICE [SLO001-18]
[ADMIN] [11/18/2016 14:55] [PENJUALAN] INSERT INTO SALES HEADER [SLO001-18]
[ADMIN] [11/18/2016 14:55] [PENJUALAN] INSERT INTO SALES DETAIL[RT001, 1000, 2]
[ADMIN] [11/18/2016 14:55] [PENJUALAN] REDUCE STOCK AT MASTER PRODUCT [RT001]
[ADMIN] [11/18/2016 14:55] [PENJUALAN] UPDATE CUSTOMER PRODUCT DISC [RT001]
[ADMIN] [11/18/2016 14:55] [PENJUALAN] INSERT TO CREDIT TABLE [SLO001-18]
[ADMIN] [11/18/2016 14:55] [PENJUALAN] INSERT TO DAILY JOURNAL TABLE [2000]
[ADMIN] [11/18/2016 14:55] [PENJUALAN] CASHIER FORM : REGISTER HOTKEY
[ADMIN] [11/18/2016 14:55] [PENJUALAN] TRANSACTION SAVED
[ADMIN] [11/18/2016 14:55] [PENJUALAN] PRINT OUT INVOICE
[ADMIN] [11/18/2016 14:55] [PENJUALAN] CASHIER FORM : PrintReceipt
[ADMIN] [11/18/2016 14:55] [PENJUALAN] CASHIER FORM : PrintReceipt, papermode [0]
[ADMIN] [11/18/2016 14:55] [PENJUALAN] CASHIER FORM : UNREGISTER HOTKEY
[ADMIN] [11/18/2016 14:55] [PENJUALAN] CASHIER FORM : PrintReceipt, display SalesReceiptForm
[ADMIN] [11/18/2016 14:55] [PENJUALAN] CASHIER FORM : REGISTER HOTKEY
[ADMIN] [11/18/2016 14:55] [PENJUALAN] CASHIER FORM : UNREGISTER HOTKEY
[ADMIN] [11/18/2016 14:55] [PENJUALAN] CASHIER FORM : REGISTER HOTKEY
[ADMIN] [11/18/2016 14:55] [PENJUALAN] CASHIER FORM : UPDATE ROW NUMBER, TOTAL ROW [1]
[ADMIN] [11/18/2016 14:55] [PENJUALAN] CASHIER FORM : UNREGISTER HOTKEY
[ADMIN] [11/18/2016 14:55] [PENJUALAN] CASHIER FORM : UNREGISTER HOTKEY
[ADMIN] [11/18/2016 14:57] [] USER ID = 1LOGOUT
[] [11/18/2016 15:06] [] USER = ADMIN IS ACTIVE
[ADMIN] [11/18/2016 15:06] [] USER ID = 1 LOGIN SUCCESSFULLY
[ADMIN] [11/18/2016 15:06] [] ACTIVATE USER ACCESS RIGHT
[ADMIN] [11/18/2016 15:06] [] DISPLAY ADMIN FORM
[ADMIN] [11/18/2016 15:06] [] adminForm Load
[ADMIN] [11/18/2016 15:06] [] ACTIVATE USER ACCESS RIGHT
[ADMIN] [11/18/2016 15:06] [PENJUALAN] CASHIER FORM : REGISTER HOTKEY
[ADMIN] [11/18/2016 15:06] [PENJUALAN] CASHIER FORM : cashierForm_Load, ATTEMPT TO LOAD NO FAKTUR
[ADMIN] [11/18/2016 15:06] [PENJUALAN] CASHIER FORM : loadNoFaktur, noFakturValue [SLO001]
[ADMIN] [11/18/2016 15:06] [PENJUALAN] CASHIER FORM : cashierForm_Load, ATTEMPT TO addColumnToDataGrid
[ADMIN] [11/18/2016 15:06] [PENJUALAN] CASHIER FORM : UPDATE ROW NUMBER, TOTAL ROW [1]
[ADMIN] [11/18/2016 15:06] [PENJUALAN] CASHIER FORM : cashierDataGridView_CellValueChanged [F8]
[ADMIN] [11/18/2016 15:06] [PENJUALAN] CASHIER FORM : REGISTER HOTKEY
[ADMIN] [11/18/2016 15:06] [PENJUALAN] CASHIER FORM : Combobox_previewKeyDown, cashierDataGridView.CurrentCell.OwningColumn.Name  [productID]
[ADMIN] [11/18/2016 15:06] [PENJUALAN] CASHIER FORM : UPDATE ROW NUMBER, TOTAL ROW [2]
[ADMIN] [11/18/2016 15:06] [PENJUALAN] CASHIER FORM : cashierDataGridView_CellValueChanged [F8]
[ADMIN] [11/18/2016 15:06] [PENJUALAN] CASHIER FORM : cashierDataGridView_CellValueChanged [productID]
[ADMIN] [11/18/2016 15:06] [PENJUALAN] CASHIER FORM : Combobox_KeyUp, cashierDataGridView.CurrentCell.OwningColumn.Name  [productID]
[ADMIN] [11/18/2016 15:06] [PENJUALAN] CASHIER FORM : Combobox_previewKeyDown, cashierDataGridView.CurrentCell.OwningColumn.Name  [productID]
[ADMIN] [11/18/2016 15:06] [PENJUALAN] CASHIER FORM : cashierDataGridView_CellValueChanged [productID]
[ADMIN] [11/18/2016 15:06] [PENJUALAN] CASHIER FORM : Combobox_KeyUp, cashierDataGridView.CurrentCell.OwningColumn.Name  [productID]
[ADMIN] [11/18/2016 15:06] [PENJUALAN] CASHIER FORM : Combobox_previewKeyDown, cashierDataGridView.CurrentCell.OwningColumn.Name  [productID]
[ADMIN] [11/18/2016 15:06] [PENJUALAN] CASHIER FORM : cashierDataGridView_CellValueChanged [productID]
[ADMIN] [11/18/2016 15:06] [PENJUALAN] CASHIER FORM : Combobox_KeyUp, cashierDataGridView.CurrentCell.OwningColumn.Name  [productID]
[ADMIN] [11/18/2016 15:06] [PENJUALAN] CASHIER FORM : Combobox_previewKeyDown, cashierDataGridView.CurrentCell.OwningColumn.Name  [productID]
[ADMIN] [11/18/2016 15:06] [PENJUALAN] CASHIER FORM : cashierDataGridView_CellValueChanged [productID]
[ADMIN] [11/18/2016 15:06] [PENJUALAN] CASHIER FORM : Combobox_KeyUp, cashierDataGridView.CurrentCell.OwningColumn.Name  [productID]
[ADMIN] [11/18/2016 15:06] [PENJUALAN] CASHIER FORM : Combobox_previewKeyDown, cashierDataGridView.CurrentCell.OwningColumn.Name  [productID]
[ADMIN] [11/18/2016 15:06] [PENJUALAN] CASHIER FORM : cashierDataGridView_CellValueChanged [productID]
[ADMIN] [11/18/2016 15:06] [PENJUALAN] CASHIER FORM : Combobox_KeyUp, cashierDataGridView.CurrentCell.OwningColumn.Name  [productID]
[ADMIN] [11/18/2016 15:06] [PENJUALAN] CASHIER FORM : Combobox_previewKeyDown, cashierDataGridView.CurrentCell.OwningColumn.Name  [productID]
[ADMIN] [11/18/2016 15:06] [PENJUALAN] CASHIER FORM : cashierDataGridView_CellValueChanged [productID]
[ADMIN] [11/18/2016 15:06] [PENJUALAN] CASHIER FORM : Combobox_previewKeyDown, cashierDataGridView.CurrentCell.OwningColumn.Name  [productID]
[ADMIN] [11/18/2016 15:06] [PENJUALAN] CASHIER FORM : cashierDataGridView_CellValueChanged [productID]
[ADMIN] [11/18/2016 15:06] [PENJUALAN] CASHIER FORM : Combobox_KeyUp, cashierDataGridView.CurrentCell.OwningColumn.Name  [productID]
[ADMIN] [11/18/2016 15:06] [PENJUALAN] CASHIER FORM : Combobox_KeyUp, cashierDataGridView.CurrentCell.OwningColumn.Name  [productID]
[ADMIN] [11/18/2016 15:06] [PENJUALAN] CASHIER FORM : Combobox_previewKeyDown, cashierDataGridView.CurrentCell.OwningColumn.Name  [productID]
[ADMIN] [11/18/2016 15:06] [PENJUALAN] CASHIER FORM : updateSomeRowContents
[ADMIN] [11/18/2016 15:06] [PENJUALAN] CASHIER FORM : cashierDataGridView_CellValueChanged [productName]
[ADMIN] [11/18/2016 15:06] [PENJUALAN] CASHIER FORM : updateSomeRowContents
[ADMIN] [11/18/2016 15:06] [PENJUALAN] CASHIER FORM : PRODUCT PRICE TYPE [PRODUCT_BASE_PRICE]
[ADMIN] [11/18/2016 15:06] [PENJUALAN] CASHIER FORM : PRODUCT PRICE [2]
[ADMIN] [11/18/2016 15:06] [PENJUALAN] CASHIER FORM : ComboBox_SelectedIndexChanged, PRODUCT_BASE_PRICE [2]
[ADMIN] [11/18/2016 15:06] [PENJUALAN] CASHIER FORM : cashierDataGridView_CellValueChanged [hpp]
[ADMIN] [11/18/2016 15:06] [PENJUALAN] CASHIER FORM : PRODUCT PRICE TYPE [PRODUCT_RETAIL_PRICE]
[ADMIN] [11/18/2016 15:06] [PENJUALAN] CASHIER FORM : PRODUCT PRICE [1000]
[ADMIN] [11/18/2016 15:06] [PENJUALAN] CASHIER FORM : ComboBox_SelectedIndexChanged, PRODUCT_SALES_PRICE [1000]
[ADMIN] [11/18/2016 15:06] [PENJUALAN] CASHIER FORM : cashierDataGridView_CellValueChanged [productPrice]
[ADMIN] [11/18/2016 15:06] [PENJUALAN] CASHIER FORM : cashierDataGridView_CellValueChanged, previousInput [0]
[ADMIN] [11/18/2016 15:06] [PENJUALAN] CASHIER FORM : cashierDataGridView_CellValueChanged, cellValue [1000]
[ADMIN] [11/18/2016 15:06] [PENJUALAN] CASHIER FORM : cashierDataGridView_CellValueChanged, dataGridViewTextBoxEditingControl.Text pass REGEX Checking
[ADMIN] [11/18/2016 15:06] [PENJUALAN] CASHIER FORM : CALCULATE SUBTOTAL
[ADMIN] [11/18/2016 15:06] [PENJUALAN] CASHIER FORM : SUBTOTAL [0]
[ADMIN] [11/18/2016 15:06] [PENJUALAN] CASHIER FORM : cashierDataGridView_CellValueChanged, subtotal value [0]
[ADMIN] [11/18/2016 15:06] [PENJUALAN] CASHIER FORM : cashierDataGridView_CellValueChanged, attempt to calculate total value
[ADMIN] [11/18/2016 15:06] [PENJUALAN] CASHIER FORM : calculateTotal
[ADMIN] [11/18/2016 15:06] [PENJUALAN] CASHIER FORM : calculateTotal [0]
[ADMIN] [11/18/2016 15:06] [PENJUALAN] CASHIER FORM : calculateTotal, totalAfterDisc [0]
[ADMIN] [11/18/2016 15:06] [PENJUALAN] CASHIER FORM : calculateChangeValue, bayarTextBox.Text [0]
[ADMIN] [11/18/2016 15:06] [PENJUALAN] CASHIER FORM : calculateChangeValue, sisaBayar [0]
[ADMIN] [11/18/2016 15:06] [PENJUALAN] CASHIER FORM : cashierDataGridView_CellValueChanged [qty]
[ADMIN] [11/18/2016 15:06] [PENJUALAN] CASHIER FORM : cashierDataGridView_CellValueChanged, previousInput [0]
[ADMIN] [11/18/2016 15:06] [PENJUALAN] CASHIER FORM : cashierDataGridView_CellValueChanged [jumlah]
[ADMIN] [11/18/2016 15:06] [PENJUALAN] CASHIER FORM : calculateTotal
[ADMIN] [11/18/2016 15:06] [PENJUALAN] CASHIER FORM : calculateTotal [0]
[ADMIN] [11/18/2016 15:06] [PENJUALAN] CASHIER FORM : calculateTotal, totalAfterDisc [0]
[ADMIN] [11/18/2016 15:06] [PENJUALAN] CASHIER FORM : calculateChangeValue, bayarTextBox.Text [0]
[ADMIN] [11/18/2016 15:06] [PENJUALAN] CASHIER FORM : calculateChangeValue, sisaBayar [0]
[ADMIN] [11/18/2016 15:06] [PENJUALAN] CASHIER FORM : Combobox_KeyUp, cashierDataGridView.CurrentCell.OwningColumn.Name  [qty]
[ADMIN] [11/18/2016 15:06] [PENJUALAN] CASHIER FORM : cashierDataGridView_CellValueChanged [qty]
[ADMIN] [11/18/2016 15:06] [PENJUALAN] CASHIER FORM : cashierDataGridView_CellValueChanged, previousInput [0]
[ADMIN] [11/18/2016 15:06] [PENJUALAN] CASHIER FORM : cashierDataGridView_CellValueChanged, cellValue [2]
[ADMIN] [11/18/2016 15:06] [PENJUALAN] CASHIER FORM : cashierDataGridView_CellValueChanged, dataGridViewTextBoxEditingControl.Text pass REGEX Checking
[ADMIN] [11/18/2016 15:06] [PENJUALAN] CASHIER FORM : CHECK STOCK QTY IS ENOUGH [RT001]
[ADMIN] [11/18/2016 15:06] [PENJUALAN] CASHIER FORM : CHECK STOCK QTY IS ENOUGH [96, 2]
[ADMIN] [11/18/2016 15:06] [PENJUALAN] CASHIER FORM : CALCULATE SUBTOTAL
[ADMIN] [11/18/2016 15:06] [PENJUALAN] CASHIER FORM : SUBTOTAL [2000]
[ADMIN] [11/18/2016 15:06] [PENJUALAN] CASHIER FORM : cashierDataGridView_CellValueChanged, subtotal value [2000]
[ADMIN] [11/18/2016 15:06] [PENJUALAN] CASHIER FORM : cashierDataGridView_CellValueChanged, attempt to calculate total value
[ADMIN] [11/18/2016 15:06] [PENJUALAN] CASHIER FORM : calculateTotal
[ADMIN] [11/18/2016 15:06] [PENJUALAN] CASHIER FORM : calculateTotal [2000]
[ADMIN] [11/18/2016 15:06] [PENJUALAN] CASHIER FORM : calculateTotal, totalAfterDisc [2000]
[ADMIN] [11/18/2016 15:06] [PENJUALAN] CASHIER FORM : calculateChangeValue, bayarTextBox.Text [0]
[ADMIN] [11/18/2016 15:06] [PENJUALAN] CASHIER FORM : calculateChangeValue, sisaBayar [0]
[ADMIN] [11/18/2016 15:06] [PENJUALAN] CASHIER FORM : Combobox_KeyUp, cashierDataGridView.CurrentCell.OwningColumn.Name  [qty]
[ADMIN] [11/18/2016 15:06] [PENJUALAN] CASHIER FORM : DISPLAY PELANGGAN FORM
[ADMIN] [11/18/2016 15:06] [PENJUALAN] CASHIER FORM : UNREGISTER HOTKEY
[ADMIN] [11/18/2016 15:06] [PENJUALAN] CASHIER FORM : SELECTED CUSTOMER ID [1]
[ADMIN] [11/18/2016 15:06] [PENJUALAN] CASHIER FORM : ATTEMPT TO SET CUSTOMER PROFILE
[ADMIN] [11/18/2016 15:06] [PENJUALAN] CASHIER FORM : SET CUSTOMER PROFILE [ANDRI]
[ADMIN] [11/18/2016 15:06] [PENJUALAN] CASHIER FORM : CUSTOMER GROUP [P-UMUM [ECER]]
[ADMIN] [11/18/2016 15:06] [PENJUALAN] CASHIER FORM : FINISHED SET CUSTOMER PROFILE
[ADMIN] [11/18/2016 15:06] [PENJUALAN] CASHIER FORM : ATTEMPT TO REFRESH PRODUCT PRICE
[ADMIN] [11/18/2016 15:06] [PENJUALAN] CASHIER FORM : PRODUCT PRICE TYPE [PRODUCT_RETAIL_PRICE]
[ADMIN] [11/18/2016 15:06] [PENJUALAN] CASHIER FORM : PRODUCT PRICE [1000]
[ADMIN] [11/18/2016 15:06] [PENJUALAN] CASHIER FORM : CALCULATE SUBTOTAL
[ADMIN] [11/18/2016 15:06] [PENJUALAN] CASHIER FORM : SUBTOTAL [2000]
[ADMIN] [11/18/2016 15:06] [PENJUALAN] CASHIER FORM : calculateTotal
[ADMIN] [11/18/2016 15:06] [PENJUALAN] CASHIER FORM : calculateTotal [2000]
[ADMIN] [11/18/2016 15:06] [PENJUALAN] CASHIER FORM : calculateTotal, totalAfterDisc [2000]
[ADMIN] [11/18/2016 15:06] [PENJUALAN] CASHIER FORM : calculateChangeValue, bayarTextBox.Text [0]
[ADMIN] [11/18/2016 15:06] [PENJUALAN] CASHIER FORM : calculateChangeValue, sisaBayar [0]
[ADMIN] [11/18/2016 15:06] [PENJUALAN] CASHIER FORM : PRODUCT PRICE REFRESHED
[ADMIN] [11/18/2016 15:06] [PENJUALAN] CASHIER FORM : REGISTER HOTKEY
[ADMIN] [11/18/2016 15:06] [PENJUALAN] CASHIER FORM : calculateChangeValue, bayarTextBox.Text [1]
[ADMIN] [11/18/2016 15:06] [PENJUALAN] CASHIER FORM : calculateChangeValue, sisaBayar [0]
[ADMIN] [11/18/2016 15:06] [PENJUALAN] CASHIER FORM : calculateChangeValue, bayarTextBox.Text [10]
[ADMIN] [11/18/2016 15:06] [PENJUALAN] CASHIER FORM : calculateChangeValue, sisaBayar [0]
[ADMIN] [11/18/2016 15:06] [PENJUALAN] CASHIER FORM : calculateChangeValue, bayarTextBox.Text [100]
[ADMIN] [11/18/2016 15:06] [PENJUALAN] CASHIER FORM : calculateChangeValue, sisaBayar [0]
[ADMIN] [11/18/2016 15:06] [PENJUALAN] CASHIER FORM : HOTKEY TO SAVE AND PRINT OUT INVOICE PRESSED
[ADMIN] [11/18/2016 15:06] [PENJUALAN] CASHIER FORM : UNREGISTER HOTKEY
[ADMIN] [11/18/2016 15:06] [PENJUALAN] CASHIER FORM : REGISTER HOTKEY
[ADMIN] [11/18/2016 15:06] [PENJUALAN] ATTEMPT TO SAVE AND PRINT OUT INVOICE
[ADMIN] [11/18/2016 15:06] [PENJUALAN] CASHIER FORM : UNREGISTER HOTKEY
[ADMIN] [11/18/2016 15:06] [PENJUALAN] CASHIER FORM : ATTEMPT TO SAVE SALES DATA [18-11-2016 15:06]
[ADMIN] [11/18/2016 15:06] [PENJUALAN] CASHIER FORM : SALES DISC FINAL [0]
[ADMIN] [11/18/2016 15:06] [PENJUALAN] CASHIER FORM : CASH SALES
[ADMIN] [11/18/2016 15:06] [PENJUALAN] CASHIER FORM : MAX SALES INVOICE [26]
[ADMIN] [11/18/2016 15:06] [PENJUALAN] CASHIER FORM : SALES INVOICE [SQ-27]
[ADMIN] [11/18/2016 15:06] [PENJUALAN] INSERT INTO SALES QUOTATION HEADER [SQ-27]
[ADMIN] [11/18/2016 15:06] [PENJUALAN] INSERT INTO SALES QUOTATION DETAIL[RT001, 1000, 2]
[ADMIN] [11/18/2016 15:06] [PENJUALAN] CASHIER FORM : REGISTER HOTKEY
[ADMIN] [11/18/2016 15:06] [PENJUALAN] TRANSACTION SAVED
[ADMIN] [11/18/2016 15:06] [PENJUALAN] PRINT OUT INVOICE
[ADMIN] [11/18/2016 15:06] [PENJUALAN] CASHIER FORM : PrintReceipt
[ADMIN] [11/18/2016 15:06] [PENJUALAN] CASHIER FORM : PrintReceipt, papermode [0]
[ADMIN] [11/18/2016 15:06] [PENJUALAN] CASHIER FORM : PrintReceipt, display SalesQuotationReceiptForm
[ADMIN] [11/18/2016 15:06] [PENJUALAN] CASHIER FORM : UNREGISTER HOTKEY
[ADMIN] [11/18/2016 15:06] [PENJUALAN] CASHIER FORM : REGISTER HOTKEY
[ADMIN] [11/18/2016 15:06] [PENJUALAN] CASHIER FORM : UPDATE ROW NUMBER, TOTAL ROW [1]
[ADMIN] [11/18/2016 15:06] [PENJUALAN] CASHIER FORM : cashierDataGridView_CellValueChanged [F8]
[ADMIN] [11/18/2016 15:07] [PENJUALAN] CASHIER FORM : UNREGISTER HOTKEY
[ADMIN] [11/18/2016 15:16] [PENJUALAN] CASHIER FORM : REGISTER HOTKEY
[ADMIN] [11/18/2016 15:16] [PENJUALAN] CASHIER FORM : UNREGISTER HOTKEY
[ADMIN] [11/18/2016 15:16] [PENJUALAN] CASHIER FORM : UNREGISTER HOTKEY
[ADMIN] [11/18/2016 15:16] [PENJUALAN] CASHIER FORM : REGISTER HOTKEY
[ADMIN] [11/18/2016 15:16] [PENJUALAN] CASHIER FORM : cashierForm_Load, ATTEMPT TO LOAD NO FAKTUR
[ADMIN] [11/18/2016 15:16] [PENJUALAN] CASHIER FORM : loadNoFaktur, noFakturValue [SLO001]
[ADMIN] [11/18/2016 15:16] [PENJUALAN] CASHIER FORM : cashierForm_Load, ATTEMPT TO addColumnToDataGrid
[ADMIN] [11/18/2016 15:16] [PENJUALAN] CASHIER FORM : UPDATE ROW NUMBER, TOTAL ROW [1]
[ADMIN] [11/18/2016 15:16] [PENJUALAN] CASHIER FORM : cashierDataGridView_CellValueChanged [F8]
[ADMIN] [11/18/2016 15:16] [PENJUALAN] CASHIER FORM : ADD NEW ROW,  isActive [True]
[ADMIN] [11/18/2016 15:16] [PENJUALAN] CASHIER FORM : ADD NEW ROW,  ROW COUNT [1]
[ADMIN] [11/18/2016 15:16] [PENJUALAN] CASHIER FORM : ADD NEW ROW,  ALLOW TO ADD [False]
[ADMIN] [11/18/2016 15:16] [PENJUALAN] CASHIER FORM : clearUpSomeRowContents
[ADMIN] [11/18/2016 15:16] [PENJUALAN] CASHIER FORM : calculateTotal
[ADMIN] [11/18/2016 15:16] [PENJUALAN] CASHIER FORM : calculateTotal [0]
[ADMIN] [11/18/2016 15:16] [PENJUALAN] CASHIER FORM : calculateTotal, totalAfterDisc [0]
[ADMIN] [11/18/2016 15:16] [PENJUALAN] CASHIER FORM : calculateChangeValue, bayarTextBox.Text [0]
[ADMIN] [11/18/2016 15:16] [PENJUALAN] CASHIER FORM : calculateChangeValue, sisaBayar [0]
[ADMIN] [11/18/2016 15:16] [PENJUALAN] CASHIER FORM : calculateChangeValue, bayarTextBox.Text [100]
[ADMIN] [11/18/2016 15:16] [PENJUALAN] CASHIER FORM : calculateChangeValue, sisaBayar [0]
[ADMIN] [11/18/2016 15:16] [PENJUALAN] CASHIER FORM : REGISTER HOTKEY
[ADMIN] [11/18/2016 15:17] [PENJUALAN] CASHIER FORM : UNREGISTER HOTKEY
[ADMIN] [11/18/2016 15:17] [PENJUALAN] CASHIER FORM : REGISTER HOTKEY
[ADMIN] [11/18/2016 15:17] [PENJUALAN] ATTEMPT TO SAVE AND PRINT OUT INVOICE
[ADMIN] [11/18/2016 15:17] [PENJUALAN] CASHIER FORM : UNREGISTER HOTKEY
[ADMIN] [11/18/2016 15:17] [PENJUALAN] CASHIER FORM : ATTEMPT TO SAVE SALES DATA [18-11-2016 15:17]
[ADMIN] [11/18/2016 15:17] [PENJUALAN] CASHIER FORM : SALES DISC FINAL [0]
[ADMIN] [11/18/2016 15:17] [PENJUALAN] CASHIER FORM : CASH SALES
[ADMIN] [11/18/2016 15:17] [PENJUALAN] CHECK IF TAX LIMIT SET FOR PERCENTAGE PURCHASE [0]
[ADMIN] [11/18/2016 15:17] [PENJUALAN] CHECK IF TAX LIMIT SET FOR AVERAGE DAILY PURCHASE [0]
[ADMIN] [11/18/2016 15:17] [PENJUALAN] CASHIER FORM : NO FAKTUR [SLO001]
[ADMIN] [11/18/2016 15:17] [PENJUALAN] CASHIER FORM : MAX SALES INVOICE [18]
[ADMIN] [11/18/2016 15:17] [PENJUALAN] CASHIER FORM : SALES INVOICE [SLO001-19]
[ADMIN] [11/18/2016 15:17] [PENJUALAN] INSERT INTO SALES HEADER [SLO001-19]
[ADMIN] [11/18/2016 15:17] [PENJUALAN] INSERT INTO SALES DETAIL[RT001, 1000, 2]
[ADMIN] [11/18/2016 15:17] [PENJUALAN] REDUCE STOCK AT MASTER PRODUCT [RT001]
[ADMIN] [11/18/2016 15:17] [PENJUALAN] UPDATE CUSTOMER PRODUCT DISC [RT001]
[ADMIN] [11/18/2016 15:17] [PENJUALAN] INSERT TO CREDIT TABLE [SLO001-19]
[ADMIN] [11/18/2016 15:17] [PENJUALAN] INSERT TO DAILY JOURNAL TABLE [2000]
[ADMIN] [11/18/2016 15:17] [PENJUALAN] CASHIER FORM : REGISTER HOTKEY
[ADMIN] [11/18/2016 15:17] [PENJUALAN] TRANSACTION SAVED
[ADMIN] [11/18/2016 15:17] [PENJUALAN] PRINT OUT INVOICE
[ADMIN] [11/18/2016 15:17] [PENJUALAN] CASHIER FORM : PrintReceipt
[ADMIN] [11/18/2016 15:17] [PENJUALAN] CASHIER FORM : PrintReceipt, papermode [0]
[ADMIN] [11/18/2016 15:17] [PENJUALAN] CASHIER FORM : PrintReceipt, display SalesReceiptForm
[ADMIN] [11/18/2016 15:17] [PENJUALAN] CASHIER FORM : UNREGISTER HOTKEY
[ADMIN] [11/18/2016 15:17] [PENJUALAN] CASHIER FORM : REGISTER HOTKEY
[ADMIN] [11/18/2016 15:17] [PENJUALAN] CASHIER FORM : UNREGISTER HOTKEY
[ADMIN] [11/18/2016 15:17] [PENJUALAN] CASHIER FORM : REGISTER HOTKEY
[ADMIN] [11/18/2016 15:17] [PENJUALAN] CASHIER FORM : UPDATE ROW NUMBER, TOTAL ROW [1]
[ADMIN] [11/18/2016 15:17] [PENJUALAN] CASHIER FORM : UNREGISTER HOTKEY
[ADMIN] [11/18/2016 15:17] [PENJUALAN] CASHIER FORM : REGISTER HOTKEY
[ADMIN] [11/18/2016 15:17] [PENJUALAN] CASHIER FORM : UNREGISTER HOTKEY
[ADMIN] [11/18/2016 15:17] [PENJUALAN] CASHIER FORM : UNREGISTER HOTKEY
[ADMIN] [11/18/2016 15:17] [] USER ID = 1LOGOUT
