[] [6/16/2017 12:25] [] USER = ADMIN IS ACTIVE
[ADMIN] [6/16/2017 12:25] [] USER ID = 1 LOGIN SUCCESSFULLY
[ADMIN] [6/16/2017 12:25] [] ACTIVATE USER ACCESS RIGHT
[ADMIN] [6/16/2017 12:25] [] DISPLAY ADMIN FORM
[ADMIN] [6/16/2017 12:25] [] adminForm Load
[ADMIN] [6/16/2017 12:25] [PENJUALAN] CASHIER FORM : MULTIPLE CASHIER INSTANCE [1]
[ADMIN] [6/16/2017 12:25] [PENJUALAN] CASHIER FORM : REGISTER HOTKEY
[ADMIN] [6/16/2017 12:25] [PENJUALAN] CASHIER FORM : cashierForm_Load, ATTEMPT TO LOAD NO FAKTUR
[ADMIN] [6/16/2017 12:25] [PENJUALAN] CASHIER FORM : loadNoFaktur, noFakturValue [SLO001]
[ADMIN] [6/16/2017 12:25] [PENJUALAN] CASHIER FORM : cashierForm_Load, ATTEMPT TO addColumnToDataGrid
[ADMIN] [6/16/2017 12:25] [PENJUALAN] CASHIER FORM : UPDATE ROW NUMBER, TOTAL ROW [1]
[ADMIN] [6/16/2017 12:25] [PENJUALAN] CASHIER FORM : cashierDataGridView_CellValueChanged [F8]
[ADMIN] [6/16/2017 12:25] [PENJUALAN] CASHIER FORM : REGISTER HOTKEY
[ADMIN] [6/16/2017 12:25] [PENJUALAN] CASHIER FORM : Combobox_previewKeyDown, cashierDataGridView.CurrentCell.OwningColumn.Name  [productID]
[ADMIN] [6/16/2017 12:25] [PENJUALAN] CASHIER FORM : UPDATE ROW NUMBER, TOTAL ROW [2]
[ADMIN] [6/16/2017 12:25] [PENJUALAN] CASHIER FORM : cashierDataGridView_CellValueChanged [F8]
[ADMIN] [6/16/2017 12:25] [PENJUALAN] CASHIER FORM : cashierDataGridView_CellValueChanged [productID]
[ADMIN] [6/16/2017 12:25] [PENJUALAN] CASHIER FORM : Combobox_previewKeyDown, cashierDataGridView.CurrentCell.OwningColumn.Name  [productID]
[ADMIN] [6/16/2017 12:25] [PENJUALAN] CASHIER FORM : cashierDataGridView_CellValueChanged [productID]
[ADMIN] [6/16/2017 12:25] [PENJUALAN] CASHIER FORM : Combobox_previewKeyDown, cashierDataGridView.CurrentCell.OwningColumn.Name  [productID]
[ADMIN] [6/16/2017 12:25] [PENJUALAN] CASHIER FORM : UNREGISTER HOTKEY
[ADMIN] [6/16/2017 12:25] [PENJUALAN] CASHIER FORM : ADD NEW ROW FROM BARCODE [ROTI PISANG]
[ADMIN] [6/16/2017 12:25] [PENJUALAN] CASHIER FORM : updateSomeRowContents
[ADMIN] [6/16/2017 12:25] [PENJUALAN] CASHIER FORM : cashierDataGridView_CellValueChanged [productID]
[ADMIN] [6/16/2017 12:25] [PENJUALAN] CASHIER FORM : cashierDataGridView_CellValueChanged [productName]
[ADMIN] [6/16/2017 12:25] [PENJUALAN] CASHIER FORM : PRODUCT PRICE TYPE [PRODUCT_BASE_PRICE]
[ADMIN] [6/16/2017 12:25] [PENJUALAN] CASHIER FORM : PRODUCT PRICE [10]
[ADMIN] [6/16/2017 12:25] [PENJUALAN] CASHIER FORM : ComboBox_SelectedIndexChanged, PRODUCT_BASE_PRICE [10]
[ADMIN] [6/16/2017 12:25] [PENJUALAN] CASHIER FORM : cashierDataGridView_CellValueChanged [hpp]
[ADMIN] [6/16/2017 12:25] [PENJUALAN] CASHIER FORM : PRODUCT PRICE TYPE [PRODUCT_RETAIL_PRICE]
[ADMIN] [6/16/2017 12:25] [PENJUALAN] CASHIER FORM : PRODUCT PRICE [10]
[ADMIN] [6/16/2017 12:25] [PENJUALAN] CASHIER FORM : ComboBox_SelectedIndexChanged, PRODUCT_SALES_PRICE [10]
[ADMIN] [6/16/2017 12:25] [PENJUALAN] CASHIER FORM : cashierDataGridView_CellValueChanged [productPrice]
[ADMIN] [6/16/2017 12:25] [PENJUALAN] CASHIER FORM : cashierDataGridView_CellValueChanged, previousInput [0]
[ADMIN] [6/16/2017 12:25] [PENJUALAN] CASHIER FORM : cashierDataGridView_CellValueChanged, cellValue [10]
[ADMIN] [6/16/2017 12:25] [PENJUALAN] CASHIER FORM : cashierDataGridView_CellValueChanged, dataGridViewTextBoxEditingControl.Text pass REGEX Checking
[ADMIN] [6/16/2017 12:25] [PENJUALAN] CASHIER FORM : CALCULATE SUBTOTAL
[ADMIN] [6/16/2017 12:25] [PENJUALAN] CASHIER FORM : SUBTOTAL [0]
[ADMIN] [6/16/2017 12:25] [PENJUALAN] CASHIER FORM : cashierDataGridView_CellValueChanged, subtotal value [0]
[ADMIN] [6/16/2017 12:25] [PENJUALAN] CASHIER FORM : cashierDataGridView_CellValueChanged, attempt to calculate total value
[ADMIN] [6/16/2017 12:25] [PENJUALAN] CASHIER FORM : calculateTotal
[ADMIN] [6/16/2017 12:25] [PENJUALAN] CASHIER FORM : calculateTotal [0]
[ADMIN] [6/16/2017 12:25] [PENJUALAN] CASHIER FORM : calculateTotal, totalAfterDisc [0]
[ADMIN] [6/16/2017 12:25] [PENJUALAN] CASHIER FORM : calculateChangeValue, bayarTextBox.Text [0]
[ADMIN] [6/16/2017 12:25] [PENJUALAN] CASHIER FORM : calculateChangeValue, sisaBayar [0]
[ADMIN] [6/16/2017 12:25] [PENJUALAN] CASHIER FORM : cashierDataGridView_CellValueChanged [qty]
[ADMIN] [6/16/2017 12:25] [PENJUALAN] CASHIER FORM : cashierDataGridView_CellValueChanged, previousInput [0]
[ADMIN] [6/16/2017 12:25] [PENJUALAN] CASHIER FORM : cashierDataGridView_CellValueChanged [jumlah]
[ADMIN] [6/16/2017 12:25] [PENJUALAN] CASHIER FORM : calculateTotal
[ADMIN] [6/16/2017 12:25] [PENJUALAN] CASHIER FORM : calculateTotal [0]
[ADMIN] [6/16/2017 12:25] [PENJUALAN] CASHIER FORM : calculateTotal, totalAfterDisc [0]
[ADMIN] [6/16/2017 12:25] [PENJUALAN] CASHIER FORM : calculateChangeValue, bayarTextBox.Text [0]
[ADMIN] [6/16/2017 12:25] [PENJUALAN] CASHIER FORM : calculateChangeValue, sisaBayar [0]
[ADMIN] [6/16/2017 12:25] [PENJUALAN] CASHIER FORM : CHECK STOCK QTY IS ENOUGH [RT001]
[ADMIN] [6/16/2017 12:25] [PENJUALAN] CASHIER FORM : CHECK STOCK QTY IS ENOUGH [65, 1]
[ADMIN] [6/16/2017 12:25] [PENJUALAN] CASHIER FORM : cashierDataGridView_CellValueChanged [qty]
[ADMIN] [6/16/2017 12:25] [PENJUALAN] CASHIER FORM : cashierDataGridView_CellValueChanged, previousInput [0]
[ADMIN] [6/16/2017 12:25] [PENJUALAN] CASHIER FORM : cashierDataGridView_CellValueChanged, cellValue [1]
[ADMIN] [6/16/2017 12:25] [PENJUALAN] CASHIER FORM : cashierDataGridView_CellValueChanged, dataGridViewTextBoxEditingControl.Text pass REGEX Checking
[ADMIN] [6/16/2017 12:25] [PENJUALAN] CASHIER FORM : CHECK STOCK QTY IS ENOUGH [RT001]
[ADMIN] [6/16/2017 12:25] [PENJUALAN] CASHIER FORM : CHECK STOCK QTY IS ENOUGH [65, 1]
[ADMIN] [6/16/2017 12:25] [PENJUALAN] CASHIER FORM : CALCULATE SUBTOTAL
[ADMIN] [6/16/2017 12:25] [PENJUALAN] CASHIER FORM : SUBTOTAL [10]
[ADMIN] [6/16/2017 12:25] [PENJUALAN] CASHIER FORM : cashierDataGridView_CellValueChanged, subtotal value [10]
[ADMIN] [6/16/2017 12:25] [PENJUALAN] CASHIER FORM : cashierDataGridView_CellValueChanged, attempt to calculate total value
[ADMIN] [6/16/2017 12:25] [PENJUALAN] CASHIER FORM : calculateTotal
[ADMIN] [6/16/2017 12:25] [PENJUALAN] CASHIER FORM : calculateTotal [10]
[ADMIN] [6/16/2017 12:25] [PENJUALAN] CASHIER FORM : calculateTotal, totalAfterDisc [10]
[ADMIN] [6/16/2017 12:25] [PENJUALAN] CASHIER FORM : calculateChangeValue, bayarTextBox.Text [0]
[ADMIN] [6/16/2017 12:25] [PENJUALAN] CASHIER FORM : calculateChangeValue, sisaBayar [0]
[ADMIN] [6/16/2017 12:25] [PENJUALAN] CASHIER FORM : SET QTY TO 1 BECAUSE OF NEW ROW
[ADMIN] [6/16/2017 12:25] [PENJUALAN] CASHIER FORM : CALCULATE SUBTOTAL
[ADMIN] [6/16/2017 12:25] [PENJUALAN] CASHIER FORM : SUBTOTAL [10]
[ADMIN] [6/16/2017 12:25] [PENJUALAN] CASHIER FORM : calculateTotal
[ADMIN] [6/16/2017 12:25] [PENJUALAN] CASHIER FORM : calculateTotal [10]
[ADMIN] [6/16/2017 12:25] [PENJUALAN] CASHIER FORM : calculateTotal, totalAfterDisc [10]
[ADMIN] [6/16/2017 12:25] [PENJUALAN] CASHIER FORM : calculateChangeValue, bayarTextBox.Text [0]
[ADMIN] [6/16/2017 12:25] [PENJUALAN] CASHIER FORM : calculateChangeValue, sisaBayar [0]
[ADMIN] [6/16/2017 12:25] [PENJUALAN] CASHIER FORM : UPDATE ROW NUMBER, TOTAL ROW [2]
[ADMIN] [6/16/2017 12:25] [PENJUALAN] CASHIER FORM : cashierDataGridView_CellValueChanged [F8]
[ADMIN] [6/16/2017 12:25] [PENJUALAN] CASHIER FORM : REGISTER HOTKEY
[ADMIN] [6/16/2017 12:25] [PENJUALAN] CASHIER FORM : calculateChangeValue, bayarTextBox.Text [10]
[ADMIN] [6/16/2017 12:25] [PENJUALAN] CASHIER FORM : calculateChangeValue, sisaBayar [0]
[ADMIN] [6/16/2017 12:25] [PENJUALAN] CASHIER FORM : calculateChangeValue, bayarTextBox.Text [100]
[ADMIN] [6/16/2017 12:25] [PENJUALAN] CASHIER FORM : calculateChangeValue, sisaBayar [90]
[ADMIN] [6/16/2017 12:25] [PENJUALAN] CASHIER FORM : calculateChangeValue, bayarTextBox.Text [1000]
[ADMIN] [6/16/2017 12:25] [PENJUALAN] CASHIER FORM : calculateChangeValue, sisaBayar [990]
[ADMIN] [6/16/2017 12:25] [PENJUALAN] CASHIER FORM : HOTKEY TO SAVE AND PRINT OUT INVOICE PRESSED
[ADMIN] [6/16/2017 12:25] [PENJUALAN] CASHIER FORM : UNREGISTER HOTKEY
[ADMIN] [6/16/2017 12:25] [PENJUALAN] CASHIER FORM : REGISTER HOTKEY
[ADMIN] [6/16/2017 12:25] [PENJUALAN] ATTEMPT TO SAVE AND PRINT OUT INVOICE
[ADMIN] [6/16/2017 12:25] [PENJUALAN] CASHIER FORM : CHECK STOCK QTY IS ENOUGH [RT001]
[ADMIN] [6/16/2017 12:25] [PENJUALAN] CASHIER FORM : CHECK STOCK QTY IS ENOUGH [65, 1]
[ADMIN] [6/16/2017 12:25] [PENJUALAN] CASHIER FORM : UNREGISTER HOTKEY
[ADMIN] [6/16/2017 12:25] [PENJUALAN] CASHIER FORM : REGISTER HOTKEY
[ADMIN] [6/16/2017 12:25] [PENJUALAN] CASHIER FORM : CHECK STOCK QTY IS ENOUGH [RT001]
[ADMIN] [6/16/2017 12:25] [PENJUALAN] CASHIER FORM : CHECK STOCK QTY IS ENOUGH [65, 1]
[ADMIN] [6/16/2017 12:25] [PENJUALAN] CASHIER FORM : UNREGISTER HOTKEY
[ADMIN] [6/16/2017 12:25] [PENJUALAN] CASHIER FORM : ATTEMPT TO SAVE SALES DATA [16-06-2017 12:25]
[ADMIN] [6/16/2017 12:25] [PENJUALAN] CASHIER FORM : SALES DISC FINAL [0]
[ADMIN] [6/16/2017 12:25] [PENJUALAN] CASHIER FORM : CASH SALES
[ADMIN] [6/16/2017 12:25] [PENJUALAN] CHECK IF TAX LIMIT SET FOR PERCENTAGE PURCHASE [0]
[ADMIN] [6/16/2017 12:25] [PENJUALAN] CHECK IF TAX LIMIT SET FOR AVERAGE DAILY PURCHASE [0]
[ADMIN] [6/16/2017 12:25] [PENJUALAN] CASHIER FORM : NO FAKTUR [SLO001]
[ADMIN] [6/16/2017 12:25] [PENJUALAN] CASHIER FORM : MAX SALES INVOICE [3]
[ADMIN] [6/16/2017 12:25] [PENJUALAN] CASHIER FORM : SALES INVOICE [SLO001-4]
[ADMIN] [6/16/2017 12:25] [PENJUALAN] INSERT INTO SALES HEADER [SLO001-4]
[ADMIN] [6/16/2017 12:25] [PENJUALAN] INSERT INTO SALES DETAIL[RT001, 10, 1]
[ADMIN] [6/16/2017 12:25] [PENJUALAN] REDUCE STOCK AT MASTER PRODUCT [RT001]
[ADMIN] [6/16/2017 12:25] [PENJUALAN] INSERT TO CREDIT TABLE [SLO001-4]
[ADMIN] [6/16/2017 12:25] [PENJUALAN] INSERT TO DAILY JOURNAL TABLE [10]
[ADMIN] [6/16/2017 12:25] [PENJUALAN] CASHIER FORM : REGISTER HOTKEY
[ADMIN] [6/16/2017 12:25] [PENJUALAN] TRANSACTION SAVED
[ADMIN] [6/16/2017 12:25] [PENJUALAN] PRINT OUT INVOICE
[ADMIN] [6/16/2017 12:25] [PENJUALAN] CASHIER FORM : PrintReceipt
[ADMIN] [6/16/2017 12:25] [PENJUALAN] CASHIER FORM : PrintReceipt, POS size Paper
[ADMIN] [6/16/2017 12:25] [PENJUALAN] CASHIER FORM : printDocument1_PrintPage, print POS size receipt
[ADMIN] [6/16/2017 12:25] [PENJUALAN] CASHIER FORM : loadInfoToko
[ADMIN] [6/16/2017 12:25] [PENJUALAN] CASHIER FORM : calculatePageLength, totalLengthPage [383]
[ADMIN] [6/16/2017 12:25] [PENJUALAN] CASHIER FORM : UNREGISTER HOTKEY
[ADMIN] [6/16/2017 12:25] [PENJUALAN] CASHIER FORM : printDocument1_PrintPage, print POS size receipt
[ADMIN] [6/16/2017 12:25] [PENJUALAN] CASHIER FORM : loadInfoToko
[ADMIN] [6/16/2017 12:25] [PENJUALAN] CASHIER FORM : loadNamaUser
[ADMIN] [6/16/2017 12:25] [PENJUALAN] CASHIER FORM : REGISTER HOTKEY
[ADMIN] [6/16/2017 12:25] [PENJUALAN] CASHIER FORM : UNREGISTER HOTKEY
[ADMIN] [6/16/2017 12:25] [PENJUALAN] CASHIER FORM : REGISTER HOTKEY
[ADMIN] [6/16/2017 12:25] [PENJUALAN] CASHIER FORM : UPDATE ROW NUMBER, TOTAL ROW [1]
[ADMIN] [6/16/2017 12:25] [PENJUALAN] CASHIER FORM : UNREGISTER HOTKEY
[ADMIN] [6/16/2017 12:25] [PENJUALAN] CASHIER FORM : UNREGISTER HOTKEY
[ADMIN] [6/16/2017 12:25] [] USER ID = 1LOGOUT
