[] [5/13/2017 13:31] [] USER = ADMIN IS ACTIVE
[ADMIN] [5/13/2017 13:31] [] USER ID = 1 LOGIN SUCCESSFULLY
[ADMIN] [5/13/2017 13:31] [] ACTIVATE USER ACCESS RIGHT
[ADMIN] [5/13/2017 13:31] [] DISPLAY ADMIN FORM
[ADMIN] [5/13/2017 13:31] [] adminForm Load
[ADMIN] [5/13/2017 13:31] [] ACTIVATE USER ACCESS RIGHT
[ADMIN] [5/13/2017 13:32] [KATEGORI PRODUK] ADD NEW CATEGORY [ROTI]
[ADMIN] [5/13/2017 13:33] [SATUAN PRODUK] ADD NEW UNIT [BIJI]
[ADMIN] [5/13/2017 13:33] [TAMBAH / UPDATE PRODUK] INSERT NEW PRODUCT [RT001]
[ADMIN] [5/13/2017 13:33] [TAMBAH / UPDATE PRODUK] INSERT PRODUCT CATEGORY FOR [RT001]
[ADMIN] [5/13/2017 13:33] [TAMBAH / UPDATE PRODUK] INSERT NEW PRODUCT [RT002]
[ADMIN] [5/13/2017 13:33] [TAMBAH / UPDATE PRODUK] INSERT PRODUCT CATEGORY FOR [RT002]
[ADMIN] [5/13/2017 13:34] [PENJUALAN] CASHIER FORM : MULTIPLE CASHIER INSTANCE [1]
[ADMIN] [5/13/2017 13:34] [PENJUALAN] CASHIER FORM : REGISTER HOTKEY
[ADMIN] [5/13/2017 13:34] [PENJUALAN] CASHIER FORM : cashierForm_Load, ATTEMPT TO LOAD NO FAKTUR
[ADMIN] [5/13/2017 13:34] [PENJUALAN] CASHIER FORM : loadNoFaktur, noFakturValue [SLO001]
[ADMIN] [5/13/2017 13:34] [PENJUALAN] CASHIER FORM : cashierForm_Load, ATTEMPT TO addColumnToDataGrid
[ADMIN] [5/13/2017 13:34] [PENJUALAN] CASHIER FORM : UPDATE ROW NUMBER, TOTAL ROW [1]
[ADMIN] [5/13/2017 13:34] [PENJUALAN] CASHIER FORM : cashierDataGridView_CellValueChanged [F8]
[ADMIN] [5/13/2017 13:34] [PENJUALAN] CASHIER FORM : REGISTER HOTKEY
[ADMIN] [5/13/2017 13:34] [PENJUALAN] CASHIER FORM : Combobox_previewKeyDown, cashierDataGridView.CurrentCell.OwningColumn.Name  [productID]
[ADMIN] [5/13/2017 13:34] [PENJUALAN] CASHIER FORM : UPDATE ROW NUMBER, TOTAL ROW [2]
[ADMIN] [5/13/2017 13:34] [PENJUALAN] CASHIER FORM : cashierDataGridView_CellValueChanged [F8]
[ADMIN] [5/13/2017 13:34] [PENJUALAN] CASHIER FORM : cashierDataGridView_CellValueChanged [productID]
[ADMIN] [5/13/2017 13:34] [PENJUALAN] CASHIER FORM : Combobox_previewKeyDown, cashierDataGridView.CurrentCell.OwningColumn.Name  [productID]
[ADMIN] [5/13/2017 13:34] [PENJUALAN] CASHIER FORM : cashierDataGridView_CellValueChanged [productID]
[ADMIN] [5/13/2017 13:34] [PENJUALAN] CASHIER FORM : Combobox_previewKeyDown, cashierDataGridView.CurrentCell.OwningColumn.Name  [productID]
[ADMIN] [5/13/2017 13:34] [PENJUALAN] CASHIER FORM : cashierDataGridView_CellValueChanged [productID]
[ADMIN] [5/13/2017 13:34] [PENJUALAN] CASHIER FORM : Combobox_previewKeyDown, cashierDataGridView.CurrentCell.OwningColumn.Name  [productID]
[ADMIN] [5/13/2017 13:34] [PENJUALAN] CASHIER FORM : cashierDataGridView_CellValueChanged [productID]
[ADMIN] [5/13/2017 13:34] [PENJUALAN] CASHIER FORM : Combobox_previewKeyDown, cashierDataGridView.CurrentCell.OwningColumn.Name  [productID]
[ADMIN] [5/13/2017 13:34] [PENJUALAN] CASHIER FORM : cashierDataGridView_CellValueChanged [productID]
[ADMIN] [5/13/2017 13:34] [PENJUALAN] CASHIER FORM : Combobox_previewKeyDown, cashierDataGridView.CurrentCell.OwningColumn.Name  [productID]
[ADMIN] [5/13/2017 13:34] [PENJUALAN] CASHIER FORM : UNREGISTER HOTKEY
[ADMIN] [5/13/2017 13:34] [PENJUALAN] CASHIER FORM : ADD NEW ROW FROM BARCODE [ROTI PISANG]
[ADMIN] [5/13/2017 13:34] [PENJUALAN] CASHIER FORM : updateSomeRowContents
[ADMIN] [5/13/2017 13:34] [PENJUALAN] CASHIER FORM : cashierDataGridView_CellValueChanged [productName]
[ADMIN] [5/13/2017 13:34] [PENJUALAN] CASHIER FORM : PRODUCT PRICE TYPE [PRODUCT_BASE_PRICE]
[ADMIN] [5/13/2017 13:34] [PENJUALAN] CASHIER FORM : PRODUCT PRICE [10]
[ADMIN] [5/13/2017 13:34] [PENJUALAN] CASHIER FORM : ComboBox_SelectedIndexChanged, PRODUCT_BASE_PRICE [10]
[ADMIN] [5/13/2017 13:34] [PENJUALAN] CASHIER FORM : cashierDataGridView_CellValueChanged [hpp]
[ADMIN] [5/13/2017 13:34] [PENJUALAN] CASHIER FORM : PRODUCT PRICE TYPE [PRODUCT_RETAIL_PRICE]
[ADMIN] [5/13/2017 13:34] [PENJUALAN] CASHIER FORM : PRODUCT PRICE [100]
[ADMIN] [5/13/2017 13:34] [PENJUALAN] CASHIER FORM : ComboBox_SelectedIndexChanged, PRODUCT_SALES_PRICE [100]
[ADMIN] [5/13/2017 13:34] [PENJUALAN] CASHIER FORM : cashierDataGridView_CellValueChanged [productPrice]
[ADMIN] [5/13/2017 13:34] [PENJUALAN] CASHIER FORM : cashierDataGridView_CellValueChanged, previousInput [0]
[ADMIN] [5/13/2017 13:34] [PENJUALAN] CASHIER FORM : cashierDataGridView_CellValueChanged, cellValue [100]
[ADMIN] [5/13/2017 13:34] [PENJUALAN] CASHIER FORM : cashierDataGridView_CellValueChanged, dataGridViewTextBoxEditingControl.Text pass REGEX Checking
[ADMIN] [5/13/2017 13:34] [PENJUALAN] CASHIER FORM : CALCULATE SUBTOTAL
[ADMIN] [5/13/2017 13:34] [PENJUALAN] CASHIER FORM : SUBTOTAL [0]
[ADMIN] [5/13/2017 13:34] [PENJUALAN] CASHIER FORM : cashierDataGridView_CellValueChanged, subtotal value [0]
[ADMIN] [5/13/2017 13:34] [PENJUALAN] CASHIER FORM : cashierDataGridView_CellValueChanged, attempt to calculate total value
[ADMIN] [5/13/2017 13:34] [PENJUALAN] CASHIER FORM : calculateTotal
[ADMIN] [5/13/2017 13:34] [PENJUALAN] CASHIER FORM : calculateTotal [0]
[ADMIN] [5/13/2017 13:34] [PENJUALAN] CASHIER FORM : calculateTotal, totalAfterDisc [0]
[ADMIN] [5/13/2017 13:34] [PENJUALAN] CASHIER FORM : calculateChangeValue, bayarTextBox.Text [0]
[ADMIN] [5/13/2017 13:34] [PENJUALAN] CASHIER FORM : calculateChangeValue, sisaBayar [0]
[ADMIN] [5/13/2017 13:34] [PENJUALAN] CASHIER FORM : cashierDataGridView_CellValueChanged [qty]
[ADMIN] [5/13/2017 13:34] [PENJUALAN] CASHIER FORM : cashierDataGridView_CellValueChanged, previousInput [0]
[ADMIN] [5/13/2017 13:34] [PENJUALAN] CASHIER FORM : cashierDataGridView_CellValueChanged [jumlah]
[ADMIN] [5/13/2017 13:34] [PENJUALAN] CASHIER FORM : calculateTotal
[ADMIN] [5/13/2017 13:34] [PENJUALAN] CASHIER FORM : calculateTotal [0]
[ADMIN] [5/13/2017 13:34] [PENJUALAN] CASHIER FORM : calculateTotal, totalAfterDisc [0]
[ADMIN] [5/13/2017 13:34] [PENJUALAN] CASHIER FORM : calculateChangeValue, bayarTextBox.Text [0]
[ADMIN] [5/13/2017 13:34] [PENJUALAN] CASHIER FORM : calculateChangeValue, sisaBayar [0]
[ADMIN] [5/13/2017 13:34] [PENJUALAN] CASHIER FORM : CHECK STOCK QTY IS ENOUGH [RT001]
[ADMIN] [5/13/2017 13:34] [PENJUALAN] CASHIER FORM : CHECK STOCK QTY IS ENOUGH [100, 1]
[ADMIN] [5/13/2017 13:34] [PENJUALAN] CASHIER FORM : cashierDataGridView_CellValueChanged [qty]
[ADMIN] [5/13/2017 13:34] [PENJUALAN] CASHIER FORM : cashierDataGridView_CellValueChanged, previousInput [0]
[ADMIN] [5/13/2017 13:34] [PENJUALAN] CASHIER FORM : cashierDataGridView_CellValueChanged, cellValue [1]
[ADMIN] [5/13/2017 13:34] [PENJUALAN] CASHIER FORM : cashierDataGridView_CellValueChanged, dataGridViewTextBoxEditingControl.Text pass REGEX Checking
[ADMIN] [5/13/2017 13:34] [PENJUALAN] CASHIER FORM : CHECK STOCK QTY IS ENOUGH [RT001]
[ADMIN] [5/13/2017 13:34] [PENJUALAN] CASHIER FORM : CHECK STOCK QTY IS ENOUGH [100, 1]
[ADMIN] [5/13/2017 13:34] [PENJUALAN] CASHIER FORM : CALCULATE SUBTOTAL
[ADMIN] [5/13/2017 13:34] [PENJUALAN] CASHIER FORM : SUBTOTAL [100]
[ADMIN] [5/13/2017 13:34] [PENJUALAN] CASHIER FORM : cashierDataGridView_CellValueChanged, subtotal value [100]
[ADMIN] [5/13/2017 13:34] [PENJUALAN] CASHIER FORM : cashierDataGridView_CellValueChanged, attempt to calculate total value
[ADMIN] [5/13/2017 13:34] [PENJUALAN] CASHIER FORM : calculateTotal
[ADMIN] [5/13/2017 13:34] [PENJUALAN] CASHIER FORM : calculateTotal [100]
[ADMIN] [5/13/2017 13:34] [PENJUALAN] CASHIER FORM : calculateTotal, totalAfterDisc [100]
[ADMIN] [5/13/2017 13:34] [PENJUALAN] CASHIER FORM : calculateChangeValue, bayarTextBox.Text [0]
[ADMIN] [5/13/2017 13:34] [PENJUALAN] CASHIER FORM : calculateChangeValue, sisaBayar [0]
[ADMIN] [5/13/2017 13:34] [PENJUALAN] CASHIER FORM : SET QTY TO 1 BECAUSE OF NEW ROW
[ADMIN] [5/13/2017 13:34] [PENJUALAN] CASHIER FORM : CALCULATE SUBTOTAL
[ADMIN] [5/13/2017 13:34] [PENJUALAN] CASHIER FORM : SUBTOTAL [100]
[ADMIN] [5/13/2017 13:34] [PENJUALAN] CASHIER FORM : calculateTotal
[ADMIN] [5/13/2017 13:34] [PENJUALAN] CASHIER FORM : calculateTotal [100]
[ADMIN] [5/13/2017 13:34] [PENJUALAN] CASHIER FORM : calculateTotal, totalAfterDisc [100]
[ADMIN] [5/13/2017 13:34] [PENJUALAN] CASHIER FORM : calculateChangeValue, bayarTextBox.Text [0]
[ADMIN] [5/13/2017 13:34] [PENJUALAN] CASHIER FORM : calculateChangeValue, sisaBayar [0]
[ADMIN] [5/13/2017 13:34] [PENJUALAN] CASHIER FORM : UPDATE ROW NUMBER, TOTAL ROW [2]
[ADMIN] [5/13/2017 13:34] [PENJUALAN] CASHIER FORM : cashierDataGridView_CellValueChanged [F8]
[ADMIN] [5/13/2017 13:34] [PENJUALAN] CASHIER FORM : REGISTER HOTKEY
[ADMIN] [5/13/2017 13:34] [PENJUALAN] CASHIER FORM : cashierDataGridView_CellValueChanged [qty]
[ADMIN] [5/13/2017 13:34] [PENJUALAN] CASHIER FORM : cashierDataGridView_CellValueChanged, previousInput [1]
[ADMIN] [5/13/2017 13:34] [PENJUALAN] CASHIER FORM : cashierDataGridView_CellValueChanged [qty]
[ADMIN] [5/13/2017 13:34] [PENJUALAN] CASHIER FORM : cashierDataGridView_CellValueChanged, previousInput [1]
[ADMIN] [5/13/2017 13:34] [PENJUALAN] CASHIER FORM : cashierDataGridView_CellValueChanged, dataGridViewTextBoxEditingControl.Text pass REGEX Checking
[ADMIN] [5/13/2017 13:34] [PENJUALAN] CASHIER FORM : CHECK STOCK QTY IS ENOUGH [RT001]
[ADMIN] [5/13/2017 13:34] [PENJUALAN] CASHIER FORM : CHECK STOCK QTY IS ENOUGH [100, 10]
[ADMIN] [5/13/2017 13:34] [PENJUALAN] CASHIER FORM : CALCULATE SUBTOTAL
[ADMIN] [5/13/2017 13:34] [PENJUALAN] CASHIER FORM : SUBTOTAL [1000]
[ADMIN] [5/13/2017 13:34] [PENJUALAN] CASHIER FORM : cashierDataGridView_CellValueChanged, subtotal value [1000]
[ADMIN] [5/13/2017 13:34] [PENJUALAN] CASHIER FORM : cashierDataGridView_CellValueChanged, attempt to calculate total value
[ADMIN] [5/13/2017 13:34] [PENJUALAN] CASHIER FORM : calculateTotal
[ADMIN] [5/13/2017 13:34] [PENJUALAN] CASHIER FORM : calculateTotal [1000]
[ADMIN] [5/13/2017 13:34] [PENJUALAN] CASHIER FORM : calculateTotal, totalAfterDisc [1000]
[ADMIN] [5/13/2017 13:34] [PENJUALAN] CASHIER FORM : calculateChangeValue, bayarTextBox.Text [0]
[ADMIN] [5/13/2017 13:34] [PENJUALAN] CASHIER FORM : calculateChangeValue, sisaBayar [0]
[ADMIN] [5/13/2017 13:34] [PENJUALAN] CASHIER FORM : DISPLAY PELANGGAN FORM
[ADMIN] [5/13/2017 13:34] [PENJUALAN] CASHIER FORM : UNREGISTER HOTKEY
[ADMIN] [5/13/2017 13:34] [PELANGGAN] ATTEMPT TO SAVE DATA
[ADMIN] [5/13/2017 13:34] [PELANGGAN] INSERT NEW CUSTOMER DATA [ANDRI]
[ADMIN] [5/13/2017 13:34] [PELANGGAN] DATA SAVED
[ADMIN] [5/13/2017 13:34] [PENJUALAN] CASHIER FORM : SELECTED CUSTOMER ID [1]
[ADMIN] [5/13/2017 13:34] [PENJUALAN] CASHIER FORM : ATTEMPT TO SET CUSTOMER PROFILE
[ADMIN] [5/13/2017 13:34] [PENJUALAN] CASHIER FORM : SET CUSTOMER PROFILE [ANDRI]
[ADMIN] [5/13/2017 13:34] [PENJUALAN] CASHIER FORM : CUSTOMER GROUP [P-UMUM [ECER]]
[ADMIN] [5/13/2017 13:34] [PENJUALAN] CASHIER FORM : FINISHED SET CUSTOMER PROFILE
[ADMIN] [5/13/2017 13:34] [PENJUALAN] CASHIER FORM : ATTEMPT TO REFRESH PRODUCT PRICE
[ADMIN] [5/13/2017 13:34] [PENJUALAN] CASHIER FORM : PRODUCT PRICE TYPE [PRODUCT_RETAIL_PRICE]
[ADMIN] [5/13/2017 13:34] [PENJUALAN] CASHIER FORM : PRODUCT PRICE [100]
[ADMIN] [5/13/2017 13:34] [PENJUALAN] CASHIER FORM : CHECK IF THERE'S ANY ENTRY IN THE PRODUCT DISC
[ADMIN] [5/13/2017 13:34] [PENJUALAN] CASHIER FORM : ENTRY IN THE PRODUCT DISC FOUND, RETRIEVE THE DISC VALUE
[ADMIN] [5/13/2017 13:34] [PENJUALAN] CASHIER FORM : cashierDataGridView_CellValueChanged [disc1]
[ADMIN] [5/13/2017 13:34] [PENJUALAN] CASHIER FORM : cashierDataGridView_CellValueChanged, previousInput [0]
[ADMIN] [5/13/2017 13:34] [PENJUALAN] CASHIER FORM : cashierDataGridView_CellValueChanged [disc2]
[ADMIN] [5/13/2017 13:34] [PENJUALAN] CASHIER FORM : cashierDataGridView_CellValueChanged, previousInput [0]
[ADMIN] [5/13/2017 13:34] [PENJUALAN] CASHIER FORM : cashierDataGridView_CellValueChanged [discRP]
[ADMIN] [5/13/2017 13:34] [PENJUALAN] CASHIER FORM : cashierDataGridView_CellValueChanged, previousInput [0]
[ADMIN] [5/13/2017 13:34] [PENJUALAN] CASHIER FORM : DISC FOUND [0, 0, 0]
[ADMIN] [5/13/2017 13:34] [PENJUALAN] CASHIER FORM : CALCULATE SUBTOTAL
[ADMIN] [5/13/2017 13:34] [PENJUALAN] CASHIER FORM : SUBTOTAL [1000]
[ADMIN] [5/13/2017 13:34] [PENJUALAN] CASHIER FORM : calculateTotal
[ADMIN] [5/13/2017 13:34] [PENJUALAN] CASHIER FORM : calculateTotal [1000]
[ADMIN] [5/13/2017 13:34] [PENJUALAN] CASHIER FORM : calculateTotal, totalAfterDisc [1000]
[ADMIN] [5/13/2017 13:34] [PENJUALAN] CASHIER FORM : calculateChangeValue, bayarTextBox.Text [0]
[ADMIN] [5/13/2017 13:34] [PENJUALAN] CASHIER FORM : calculateChangeValue, sisaBayar [0]
[ADMIN] [5/13/2017 13:34] [PENJUALAN] CASHIER FORM : PRODUCT PRICE REFRESHED
[ADMIN] [5/13/2017 13:34] [PENJUALAN] CASHIER FORM : REGISTER HOTKEY
[ADMIN] [5/13/2017 13:34] [PENJUALAN] CASHIER FORM : calculateChangeValue, bayarTextBox.Text [1]
[ADMIN] [5/13/2017 13:34] [PENJUALAN] CASHIER FORM : calculateChangeValue, sisaBayar [0]
[ADMIN] [5/13/2017 13:34] [PENJUALAN] CASHIER FORM : calculateChangeValue, bayarTextBox.Text [10]
[ADMIN] [5/13/2017 13:34] [PENJUALAN] CASHIER FORM : calculateChangeValue, sisaBayar [0]
[ADMIN] [5/13/2017 13:34] [PENJUALAN] CASHIER FORM : calculateChangeValue, bayarTextBox.Text [100]
[ADMIN] [5/13/2017 13:34] [PENJUALAN] CASHIER FORM : calculateChangeValue, sisaBayar [0]
[ADMIN] [5/13/2017 13:34] [PENJUALAN] CASHIER FORM : calculateChangeValue, bayarTextBox.Text [1000]
[ADMIN] [5/13/2017 13:34] [PENJUALAN] CASHIER FORM : calculateChangeValue, sisaBayar [0]
[ADMIN] [5/13/2017 13:34] [PENJUALAN] CASHIER FORM : HOTKEY TO SAVE AND PRINT OUT INVOICE PRESSED
[ADMIN] [5/13/2017 13:34] [PENJUALAN] CASHIER FORM : UNREGISTER HOTKEY
[ADMIN] [5/13/2017 13:34] [PENJUALAN] CASHIER FORM : REGISTER HOTKEY
[ADMIN] [5/13/2017 13:34] [PENJUALAN] ATTEMPT TO SAVE AND PRINT OUT INVOICE
[ADMIN] [5/13/2017 13:34] [PENJUALAN] CASHIER FORM : CHECK STOCK QTY IS ENOUGH [RT001]
[ADMIN] [5/13/2017 13:34] [PENJUALAN] CASHIER FORM : CHECK STOCK QTY IS ENOUGH [100, 10]
[ADMIN] [5/13/2017 13:34] [PENJUALAN] CASHIER FORM : UNREGISTER HOTKEY
[ADMIN] [5/13/2017 13:34] [PENJUALAN] CASHIER FORM : ATTEMPT TO SAVE SALES DATA [13-05-2017 13:34]
[ADMIN] [5/13/2017 13:34] [PENJUALAN] CASHIER FORM : SALES DISC FINAL [0]
[ADMIN] [5/13/2017 13:34] [PENJUALAN] CASHIER FORM : CASH SALES
[ADMIN] [5/13/2017 13:34] [PENJUALAN] CHECK IF TAX LIMIT SET FOR PERCENTAGE PURCHASE [0]
[ADMIN] [5/13/2017 13:34] [PENJUALAN] CHECK IF TAX LIMIT SET FOR AVERAGE DAILY PURCHASE [0]
[ADMIN] [5/13/2017 13:34] [PENJUALAN] CASHIER FORM : NO FAKTUR [SLO001]
[ADMIN] [5/13/2017 13:34] [PENJUALAN] CASHIER FORM : MAX SALES INVOICE [0]
[ADMIN] [5/13/2017 13:34] [PENJUALAN] CASHIER FORM : SALES INVOICE [SLO001-1]
[ADMIN] [5/13/2017 13:34] [PENJUALAN] INSERT INTO SALES HEADER [SLO001-1]
[ADMIN] [5/13/2017 13:34] [PENJUALAN] INSERT INTO SALES DETAIL[RT001, 100, 10]
[ADMIN] [5/13/2017 13:34] [PENJUALAN] REDUCE STOCK AT MASTER PRODUCT [RT001]
[ADMIN] [5/13/2017 13:34] [PENJUALAN] UPDATE CUSTOMER PRODUCT DISC [RT001]
[ADMIN] [5/13/2017 13:34] [PENJUALAN] INSERT TO CREDIT TABLE [SLO001-1]
[ADMIN] [5/13/2017 13:34] [PENJUALAN] INSERT TO DAILY JOURNAL TABLE [1000]
[ADMIN] [5/13/2017 13:34] [PENJUALAN] CASHIER FORM : REGISTER HOTKEY
[ADMIN] [5/13/2017 13:34] [PENJUALAN] TRANSACTION SAVED
[ADMIN] [5/13/2017 13:34] [PENJUALAN] PRINT OUT INVOICE
[ADMIN] [5/13/2017 13:34] [PENJUALAN] CASHIER FORM : PrintReceipt
[ADMIN] [5/13/2017 13:34] [PENJUALAN] CASHIER FORM : PrintReceipt, POS size Paper
[ADMIN] [5/13/2017 13:34] [PENJUALAN] CASHIER FORM : printDocument1_PrintPage, print POS size receipt
[ADMIN] [5/13/2017 13:34] [PENJUALAN] CASHIER FORM : loadInfoToko
[ADMIN] [5/13/2017 13:34] [PENJUALAN] CASHIER FORM : calculatePageLength, totalLengthPage [383]
[ADMIN] [5/13/2017 13:34] [PENJUALAN] CASHIER FORM : UNREGISTER HOTKEY
[ADMIN] [5/13/2017 13:34] [PENJUALAN] CASHIER FORM : printDocument1_PrintPage, print POS size receipt
[ADMIN] [5/13/2017 13:34] [PENJUALAN] CASHIER FORM : loadInfoToko
[ADMIN] [5/13/2017 13:34] [PENJUALAN] CASHIER FORM : loadNamaUser
[ADMIN] [5/13/2017 13:34] [PENJUALAN] CASHIER FORM : REGISTER HOTKEY
[ADMIN] [5/13/2017 13:34] [PENJUALAN] CASHIER FORM : UNREGISTER HOTKEY
[ADMIN] [5/13/2017 13:34] [PENJUALAN] CASHIER FORM : REGISTER HOTKEY
[ADMIN] [5/13/2017 13:34] [PENJUALAN] CASHIER FORM : UPDATE ROW NUMBER, TOTAL ROW [1]
[ADMIN] [5/13/2017 13:34] [PENJUALAN] CASHIER FORM : cashierDataGridView_CellValueChanged [F8]
[ADMIN] [5/13/2017 13:34] [PENJUALAN] CASHIER FORM : Combobox_previewKeyDown, cashierDataGridView.CurrentCell.OwningColumn.Name  [productID]
[ADMIN] [5/13/2017 13:34] [PENJUALAN] CASHIER FORM : UPDATE ROW NUMBER, TOTAL ROW [2]
[ADMIN] [5/13/2017 13:34] [PENJUALAN] CASHIER FORM : cashierDataGridView_CellValueChanged [F8]
[ADMIN] [5/13/2017 13:34] [PENJUALAN] CASHIER FORM : cashierDataGridView_CellValueChanged [productID]
[ADMIN] [5/13/2017 13:34] [PENJUALAN] CASHIER FORM : Combobox_previewKeyDown, cashierDataGridView.CurrentCell.OwningColumn.Name  [productID]
[ADMIN] [5/13/2017 13:34] [PENJUALAN] CASHIER FORM : cashierDataGridView_CellValueChanged [productID]
[ADMIN] [5/13/2017 13:34] [PENJUALAN] CASHIER FORM : Combobox_previewKeyDown, cashierDataGridView.CurrentCell.OwningColumn.Name  [productID]
[ADMIN] [5/13/2017 13:34] [PENJUALAN] CASHIER FORM : cashierDataGridView_CellValueChanged [productID]
[ADMIN] [5/13/2017 13:34] [PENJUALAN] CASHIER FORM : Combobox_previewKeyDown, cashierDataGridView.CurrentCell.OwningColumn.Name  [productID]
[ADMIN] [5/13/2017 13:34] [PENJUALAN] CASHIER FORM : cashierDataGridView_CellValueChanged [productID]
[ADMIN] [5/13/2017 13:34] [PENJUALAN] CASHIER FORM : Combobox_previewKeyDown, cashierDataGridView.CurrentCell.OwningColumn.Name  [productID]
[ADMIN] [5/13/2017 13:34] [PENJUALAN] CASHIER FORM : cashierDataGridView_CellValueChanged [productID]
[ADMIN] [5/13/2017 13:34] [PENJUALAN] CASHIER FORM : Combobox_previewKeyDown, cashierDataGridView.CurrentCell.OwningColumn.Name  [productID]
[ADMIN] [5/13/2017 13:34] [PENJUALAN] CASHIER FORM : productName_previewKeyDown, cashierDataGridView.CurrentCell.OwningColumn.Name  [productName]
[ADMIN] [5/13/2017 13:34] [PENJUALAN] CASHIER FORM : productName_previewKeyDown, cashierDataGridView.CurrentCell.OwningColumn.Name  [productName]
[ADMIN] [5/13/2017 13:34] [PENJUALAN] CASHIER FORM : productName_previewKeyDown, cashierDataGridView.CurrentCell.OwningColumn.Name  [productName]
[ADMIN] [5/13/2017 13:34] [PENJUALAN] CASHIER FORM : cashierDataGridView_CellValueChanged [productName]
[ADMIN] [5/13/2017 13:34] [PENJUALAN] CASHIER FORM : productName_previewKeyDown, cashierDataGridView.CurrentCell.OwningColumn.Name  [productName]
[ADMIN] [5/13/2017 13:34] [PENJUALAN] CASHIER FORM : UNREGISTER HOTKEY
[ADMIN] [5/13/2017 13:34] [PENJUALAN] CASHIER FORM : ADD NEW ROW FROM BARCODE [ROTI AYAM]
[ADMIN] [5/13/2017 13:34] [PENJUALAN] CASHIER FORM : updateSomeRowContents
[ADMIN] [5/13/2017 13:34] [PENJUALAN] CASHIER FORM : cashierDataGridView_CellValueChanged [productName]
[ADMIN] [5/13/2017 13:34] [PENJUALAN] CASHIER FORM : PRODUCT PRICE TYPE [PRODUCT_BASE_PRICE]
[ADMIN] [5/13/2017 13:34] [PENJUALAN] CASHIER FORM : PRODUCT PRICE [10]
[ADMIN] [5/13/2017 13:34] [PENJUALAN] CASHIER FORM : ComboBox_SelectedIndexChanged, PRODUCT_BASE_PRICE [10]
[ADMIN] [5/13/2017 13:34] [PENJUALAN] CASHIER FORM : cashierDataGridView_CellValueChanged [hpp]
[ADMIN] [5/13/2017 13:34] [PENJUALAN] CASHIER FORM : PRODUCT PRICE TYPE [PRODUCT_RETAIL_PRICE]
[ADMIN] [5/13/2017 13:34] [PENJUALAN] CASHIER FORM : PRODUCT PRICE [100]
[ADMIN] [5/13/2017 13:34] [PENJUALAN] CASHIER FORM : ComboBox_SelectedIndexChanged, PRODUCT_SALES_PRICE [100]
[ADMIN] [5/13/2017 13:34] [PENJUALAN] CASHIER FORM : cashierDataGridView_CellValueChanged [productPrice]
[ADMIN] [5/13/2017 13:34] [PENJUALAN] CASHIER FORM : cashierDataGridView_CellValueChanged, previousInput [100]
[ADMIN] [5/13/2017 13:34] [PENJUALAN] CASHIER FORM : cashierDataGridView_CellValueChanged [qty]
[ADMIN] [5/13/2017 13:34] [PENJUALAN] CASHIER FORM : cashierDataGridView_CellValueChanged, previousInput [0]
[ADMIN] [5/13/2017 13:34] [PENJUALAN] CASHIER FORM : cashierDataGridView_CellValueChanged [jumlah]
[ADMIN] [5/13/2017 13:34] [PENJUALAN] CASHIER FORM : calculateTotal
[ADMIN] [5/13/2017 13:34] [PENJUALAN] CASHIER FORM : calculateTotal [0]
[ADMIN] [5/13/2017 13:34] [PENJUALAN] CASHIER FORM : calculateTotal, totalAfterDisc [0]
[ADMIN] [5/13/2017 13:34] [PENJUALAN] CASHIER FORM : calculateChangeValue, bayarTextBox.Text [0]
[ADMIN] [5/13/2017 13:34] [PENJUALAN] CASHIER FORM : calculateChangeValue, sisaBayar [0]
[ADMIN] [5/13/2017 13:34] [PENJUALAN] CASHIER FORM : CHECK STOCK QTY IS ENOUGH [RT002]
[ADMIN] [5/13/2017 13:34] [PENJUALAN] CASHIER FORM : CHECK STOCK QTY IS ENOUGH [100, 1]
[ADMIN] [5/13/2017 13:34] [PENJUALAN] CASHIER FORM : cashierDataGridView_CellValueChanged [qty]
[ADMIN] [5/13/2017 13:34] [PENJUALAN] CASHIER FORM : cashierDataGridView_CellValueChanged, previousInput [0]
[ADMIN] [5/13/2017 13:34] [PENJUALAN] CASHIER FORM : cashierDataGridView_CellValueChanged, cellValue [1]
[ADMIN] [5/13/2017 13:34] [PENJUALAN] CASHIER FORM : cashierDataGridView_CellValueChanged, dataGridViewTextBoxEditingControl.Text pass REGEX Checking
[ADMIN] [5/13/2017 13:34] [PENJUALAN] CASHIER FORM : CHECK STOCK QTY IS ENOUGH [RT002]
[ADMIN] [5/13/2017 13:34] [PENJUALAN] CASHIER FORM : CHECK STOCK QTY IS ENOUGH [100, 1]
[ADMIN] [5/13/2017 13:34] [PENJUALAN] CASHIER FORM : CALCULATE SUBTOTAL
[ADMIN] [5/13/2017 13:34] [PENJUALAN] CASHIER FORM : SUBTOTAL [100]
[ADMIN] [5/13/2017 13:34] [PENJUALAN] CASHIER FORM : cashierDataGridView_CellValueChanged, subtotal value [100]
[ADMIN] [5/13/2017 13:34] [PENJUALAN] CASHIER FORM : cashierDataGridView_CellValueChanged, attempt to calculate total value
[ADMIN] [5/13/2017 13:34] [PENJUALAN] CASHIER FORM : calculateTotal
[ADMIN] [5/13/2017 13:34] [PENJUALAN] CASHIER FORM : calculateTotal [100]
[ADMIN] [5/13/2017 13:34] [PENJUALAN] CASHIER FORM : calculateTotal, totalAfterDisc [100]
[ADMIN] [5/13/2017 13:34] [PENJUALAN] CASHIER FORM : calculateChangeValue, bayarTextBox.Text [0]
[ADMIN] [5/13/2017 13:34] [PENJUALAN] CASHIER FORM : calculateChangeValue, sisaBayar [0]
[ADMIN] [5/13/2017 13:34] [PENJUALAN] CASHIER FORM : SET QTY TO 1 BECAUSE OF NEW ROW
[ADMIN] [5/13/2017 13:34] [PENJUALAN] CASHIER FORM : CALCULATE SUBTOTAL
[ADMIN] [5/13/2017 13:34] [PENJUALAN] CASHIER FORM : SUBTOTAL [100]
[ADMIN] [5/13/2017 13:34] [PENJUALAN] CASHIER FORM : calculateTotal
[ADMIN] [5/13/2017 13:34] [PENJUALAN] CASHIER FORM : calculateTotal [100]
[ADMIN] [5/13/2017 13:34] [PENJUALAN] CASHIER FORM : calculateTotal, totalAfterDisc [100]
[ADMIN] [5/13/2017 13:34] [PENJUALAN] CASHIER FORM : calculateChangeValue, bayarTextBox.Text [0]
[ADMIN] [5/13/2017 13:34] [PENJUALAN] CASHIER FORM : calculateChangeValue, sisaBayar [0]
[ADMIN] [5/13/2017 13:34] [PENJUALAN] CASHIER FORM : UPDATE ROW NUMBER, TOTAL ROW [2]
[ADMIN] [5/13/2017 13:34] [PENJUALAN] CASHIER FORM : cashierDataGridView_CellValueChanged [F8]
[ADMIN] [5/13/2017 13:34] [PENJUALAN] CASHIER FORM : REGISTER HOTKEY
[ADMIN] [5/13/2017 13:34] [PENJUALAN] CASHIER FORM : productName_previewKeyDown, cashierDataGridView.CurrentCell.OwningColumn.Name  [productName]
[ADMIN] [5/13/2017 13:34] [PENJUALAN] CASHIER FORM : cashierDataGridView_CellValueChanged [productName]
[ADMIN] [5/13/2017 13:34] [PENJUALAN] CASHIER FORM : productName_previewKeyDown, cashierDataGridView.CurrentCell.OwningColumn.Name  [productName]
[ADMIN] [5/13/2017 13:34] [PENJUALAN] CASHIER FORM : cashierDataGridView_CellValueChanged [productName]
[ADMIN] [5/13/2017 13:34] [PENJUALAN] CASHIER FORM : productName_previewKeyDown, cashierDataGridView.CurrentCell.OwningColumn.Name  [productName]
[ADMIN] [5/13/2017 13:34] [PENJUALAN] CASHIER FORM : cashierDataGridView_CellValueChanged [productName]
[ADMIN] [5/13/2017 13:34] [PENJUALAN] CASHIER FORM : productName_previewKeyDown, cashierDataGridView.CurrentCell.OwningColumn.Name  [productName]
[ADMIN] [5/13/2017 13:34] [PENJUALAN] CASHIER FORM : cashierDataGridView_CellValueChanged [productName]
[ADMIN] [5/13/2017 13:34] [PENJUALAN] CASHIER FORM : productName_previewKeyDown, cashierDataGridView.CurrentCell.OwningColumn.Name  [productName]
[ADMIN] [5/13/2017 13:34] [PENJUALAN] CASHIER FORM : UNREGISTER HOTKEY
[ADMIN] [5/13/2017 13:34] [PENJUALAN] CASHIER FORM : ADD NEW ROW FROM BARCODE [ROTI PISANG]
[ADMIN] [5/13/2017 13:34] [PENJUALAN] CASHIER FORM : updateSomeRowContents
[ADMIN] [5/13/2017 13:34] [PENJUALAN] CASHIER FORM : cashierDataGridView_CellValueChanged [productID]
[ADMIN] [5/13/2017 13:34] [PENJUALAN] CASHIER FORM : cashierDataGridView_CellValueChanged [productName]
[ADMIN] [5/13/2017 13:34] [PENJUALAN] CASHIER FORM : PRODUCT PRICE TYPE [PRODUCT_BASE_PRICE]
[ADMIN] [5/13/2017 13:34] [PENJUALAN] CASHIER FORM : PRODUCT PRICE [10]
[ADMIN] [5/13/2017 13:34] [PENJUALAN] CASHIER FORM : ComboBox_SelectedIndexChanged, PRODUCT_BASE_PRICE [10]
[ADMIN] [5/13/2017 13:34] [PENJUALAN] CASHIER FORM : PRODUCT PRICE TYPE [PRODUCT_RETAIL_PRICE]
[ADMIN] [5/13/2017 13:34] [PENJUALAN] CASHIER FORM : PRODUCT PRICE [100]
[ADMIN] [5/13/2017 13:34] [PENJUALAN] CASHIER FORM : ComboBox_SelectedIndexChanged, PRODUCT_SALES_PRICE [100]
[ADMIN] [5/13/2017 13:34] [PENJUALAN] CASHIER FORM : cashierDataGridView_CellValueChanged [qty]
[ADMIN] [5/13/2017 13:34] [PENJUALAN] CASHIER FORM : cashierDataGridView_CellValueChanged, previousInput [1]
[ADMIN] [5/13/2017 13:34] [PENJUALAN] CASHIER FORM : cashierDataGridView_CellValueChanged, dataGridViewTextBoxEditingControl.Text pass REGEX Checking
[ADMIN] [5/13/2017 13:34] [PENJUALAN] CASHIER FORM : CHECK STOCK QTY IS ENOUGH [RT001]
[ADMIN] [5/13/2017 13:34] [PENJUALAN] CASHIER FORM : CHECK STOCK QTY IS ENOUGH [90, 0]
[ADMIN] [5/13/2017 13:34] [PENJUALAN] CASHIER FORM : CALCULATE SUBTOTAL
[ADMIN] [5/13/2017 13:34] [PENJUALAN] CASHIER FORM : SUBTOTAL [0]
[ADMIN] [5/13/2017 13:34] [PENJUALAN] CASHIER FORM : cashierDataGridView_CellValueChanged, subtotal value [0]
[ADMIN] [5/13/2017 13:34] [PENJUALAN] CASHIER FORM : cashierDataGridView_CellValueChanged, attempt to calculate total value
[ADMIN] [5/13/2017 13:34] [PENJUALAN] CASHIER FORM : calculateTotal
[ADMIN] [5/13/2017 13:34] [PENJUALAN] CASHIER FORM : calculateTotal [0]
[ADMIN] [5/13/2017 13:34] [PENJUALAN] CASHIER FORM : calculateTotal, totalAfterDisc [0]
[ADMIN] [5/13/2017 13:34] [PENJUALAN] CASHIER FORM : calculateChangeValue, bayarTextBox.Text [0]
[ADMIN] [5/13/2017 13:34] [PENJUALAN] CASHIER FORM : calculateChangeValue, sisaBayar [0]
[ADMIN] [5/13/2017 13:34] [PENJUALAN] CASHIER FORM : cashierDataGridView_CellValueChanged [jumlah]
[ADMIN] [5/13/2017 13:34] [PENJUALAN] CASHIER FORM : calculateTotal
[ADMIN] [5/13/2017 13:34] [PENJUALAN] CASHIER FORM : calculateTotal [0]
[ADMIN] [5/13/2017 13:34] [PENJUALAN] CASHIER FORM : calculateTotal, totalAfterDisc [0]
[ADMIN] [5/13/2017 13:34] [PENJUALAN] CASHIER FORM : calculateChangeValue, bayarTextBox.Text [0]
[ADMIN] [5/13/2017 13:34] [PENJUALAN] CASHIER FORM : calculateChangeValue, sisaBayar [0]
[ADMIN] [5/13/2017 13:34] [PENJUALAN] CASHIER FORM : CHECK STOCK QTY IS ENOUGH [RT001]
[ADMIN] [5/13/2017 13:34] [PENJUALAN] CASHIER FORM : CHECK STOCK QTY IS ENOUGH [90, 1]
[ADMIN] [5/13/2017 13:34] [PENJUALAN] CASHIER FORM : cashierDataGridView_CellValueChanged [qty]
[ADMIN] [5/13/2017 13:34] [PENJUALAN] CASHIER FORM : cashierDataGridView_CellValueChanged, previousInput [0]
[ADMIN] [5/13/2017 13:34] [PENJUALAN] CASHIER FORM : cashierDataGridView_CellValueChanged, cellValue [1]
[ADMIN] [5/13/2017 13:34] [PENJUALAN] CASHIER FORM : cashierDataGridView_CellValueChanged, dataGridViewTextBoxEditingControl.Text pass REGEX Checking
[ADMIN] [5/13/2017 13:34] [PENJUALAN] CASHIER FORM : CHECK STOCK QTY IS ENOUGH [RT001]
[ADMIN] [5/13/2017 13:34] [PENJUALAN] CASHIER FORM : CHECK STOCK QTY IS ENOUGH [90, 1]
[ADMIN] [5/13/2017 13:34] [PENJUALAN] CASHIER FORM : CALCULATE SUBTOTAL
[ADMIN] [5/13/2017 13:34] [PENJUALAN] CASHIER FORM : SUBTOTAL [100]
[ADMIN] [5/13/2017 13:34] [PENJUALAN] CASHIER FORM : cashierDataGridView_CellValueChanged, subtotal value [100]
[ADMIN] [5/13/2017 13:34] [PENJUALAN] CASHIER FORM : cashierDataGridView_CellValueChanged, attempt to calculate total value
[ADMIN] [5/13/2017 13:34] [PENJUALAN] CASHIER FORM : calculateTotal
[ADMIN] [5/13/2017 13:34] [PENJUALAN] CASHIER FORM : calculateTotal [100]
[ADMIN] [5/13/2017 13:34] [PENJUALAN] CASHIER FORM : calculateTotal, totalAfterDisc [100]
[ADMIN] [5/13/2017 13:34] [PENJUALAN] CASHIER FORM : calculateChangeValue, bayarTextBox.Text [0]
[ADMIN] [5/13/2017 13:34] [PENJUALAN] CASHIER FORM : calculateChangeValue, sisaBayar [0]
[ADMIN] [5/13/2017 13:34] [PENJUALAN] CASHIER FORM : SET QTY TO 1 BECAUSE OF NEW ROW
[ADMIN] [5/13/2017 13:34] [PENJUALAN] CASHIER FORM : CALCULATE SUBTOTAL
[ADMIN] [5/13/2017 13:34] [PENJUALAN] CASHIER FORM : SUBTOTAL [100]
[ADMIN] [5/13/2017 13:34] [PENJUALAN] CASHIER FORM : calculateTotal
[ADMIN] [5/13/2017 13:34] [PENJUALAN] CASHIER FORM : calculateTotal [100]
[ADMIN] [5/13/2017 13:34] [PENJUALAN] CASHIER FORM : calculateTotal, totalAfterDisc [100]
[ADMIN] [5/13/2017 13:34] [PENJUALAN] CASHIER FORM : calculateChangeValue, bayarTextBox.Text [0]
[ADMIN] [5/13/2017 13:34] [PENJUALAN] CASHIER FORM : calculateChangeValue, sisaBayar [0]
[ADMIN] [5/13/2017 13:34] [PENJUALAN] CASHIER FORM : UPDATE ROW NUMBER, TOTAL ROW [2]
[ADMIN] [5/13/2017 13:34] [PENJUALAN] CASHIER FORM : cashierDataGridView_CellValueChanged [F8]
[ADMIN] [5/13/2017 13:34] [PENJUALAN] CASHIER FORM : REGISTER HOTKEY
[ADMIN] [5/13/2017 13:34] [PENJUALAN] CASHIER FORM : productName_previewKeyDown, cashierDataGridView.CurrentCell.OwningColumn.Name  [productName]
[ADMIN] [5/13/2017 13:34] [PENJUALAN] CASHIER FORM : cashierDataGridView_CellValueChanged [productName]
[ADMIN] [5/13/2017 13:34] [PENJUALAN] CASHIER FORM : productName_previewKeyDown, cashierDataGridView.CurrentCell.OwningColumn.Name  [productName]
[ADMIN] [5/13/2017 13:34] [PENJUALAN] CASHIER FORM : cashierDataGridView_CellValueChanged [productName]
[ADMIN] [5/13/2017 13:34] [PENJUALAN] CASHIER FORM : productName_previewKeyDown, cashierDataGridView.CurrentCell.OwningColumn.Name  [productName]
[ADMIN] [5/13/2017 13:34] [PENJUALAN] CASHIER FORM : UNREGISTER HOTKEY
[ADMIN] [5/13/2017 13:34] [PENJUALAN] CASHIER FORM : ADD NEW ROW FROM BARCODE [ROTI AYAM]
[ADMIN] [5/13/2017 13:34] [PENJUALAN] CASHIER FORM : updateSomeRowContents
[ADMIN] [5/13/2017 13:34] [PENJUALAN] CASHIER FORM : cashierDataGridView_CellValueChanged [productID]
[ADMIN] [5/13/2017 13:34] [PENJUALAN] CASHIER FORM : cashierDataGridView_CellValueChanged [productName]
[ADMIN] [5/13/2017 13:34] [PENJUALAN] CASHIER FORM : PRODUCT PRICE TYPE [PRODUCT_BASE_PRICE]
[ADMIN] [5/13/2017 13:34] [PENJUALAN] CASHIER FORM : PRODUCT PRICE [10]
[ADMIN] [5/13/2017 13:34] [PENJUALAN] CASHIER FORM : ComboBox_SelectedIndexChanged, PRODUCT_BASE_PRICE [10]
[ADMIN] [5/13/2017 13:34] [PENJUALAN] CASHIER FORM : PRODUCT PRICE TYPE [PRODUCT_RETAIL_PRICE]
[ADMIN] [5/13/2017 13:34] [PENJUALAN] CASHIER FORM : PRODUCT PRICE [100]
[ADMIN] [5/13/2017 13:34] [PENJUALAN] CASHIER FORM : ComboBox_SelectedIndexChanged, PRODUCT_SALES_PRICE [100]
[ADMIN] [5/13/2017 13:34] [PENJUALAN] CASHIER FORM : cashierDataGridView_CellValueChanged [qty]
[ADMIN] [5/13/2017 13:34] [PENJUALAN] CASHIER FORM : cashierDataGridView_CellValueChanged, previousInput [1]
[ADMIN] [5/13/2017 13:34] [PENJUALAN] CASHIER FORM : cashierDataGridView_CellValueChanged, dataGridViewTextBoxEditingControl.Text pass REGEX Checking
[ADMIN] [5/13/2017 13:34] [PENJUALAN] CASHIER FORM : CHECK STOCK QTY IS ENOUGH [RT002]
[ADMIN] [5/13/2017 13:34] [PENJUALAN] CASHIER FORM : CHECK STOCK QTY IS ENOUGH [100, 0]
[ADMIN] [5/13/2017 13:34] [PENJUALAN] CASHIER FORM : CALCULATE SUBTOTAL
[ADMIN] [5/13/2017 13:34] [PENJUALAN] CASHIER FORM : SUBTOTAL [0]
[ADMIN] [5/13/2017 13:34] [PENJUALAN] CASHIER FORM : cashierDataGridView_CellValueChanged, subtotal value [0]
[ADMIN] [5/13/2017 13:34] [PENJUALAN] CASHIER FORM : cashierDataGridView_CellValueChanged, attempt to calculate total value
[ADMIN] [5/13/2017 13:34] [PENJUALAN] CASHIER FORM : calculateTotal
[ADMIN] [5/13/2017 13:34] [PENJUALAN] CASHIER FORM : calculateTotal [0]
[ADMIN] [5/13/2017 13:34] [PENJUALAN] CASHIER FORM : calculateTotal, totalAfterDisc [0]
[ADMIN] [5/13/2017 13:34] [PENJUALAN] CASHIER FORM : calculateChangeValue, bayarTextBox.Text [0]
[ADMIN] [5/13/2017 13:34] [PENJUALAN] CASHIER FORM : calculateChangeValue, sisaBayar [0]
[ADMIN] [5/13/2017 13:34] [PENJUALAN] CASHIER FORM : cashierDataGridView_CellValueChanged [jumlah]
[ADMIN] [5/13/2017 13:34] [PENJUALAN] CASHIER FORM : calculateTotal
[ADMIN] [5/13/2017 13:34] [PENJUALAN] CASHIER FORM : calculateTotal [0]
[ADMIN] [5/13/2017 13:34] [PENJUALAN] CASHIER FORM : calculateTotal, totalAfterDisc [0]
[ADMIN] [5/13/2017 13:34] [PENJUALAN] CASHIER FORM : calculateChangeValue, bayarTextBox.Text [0]
[ADMIN] [5/13/2017 13:34] [PENJUALAN] CASHIER FORM : calculateChangeValue, sisaBayar [0]
[ADMIN] [5/13/2017 13:34] [PENJUALAN] CASHIER FORM : CHECK STOCK QTY IS ENOUGH [RT002]
[ADMIN] [5/13/2017 13:34] [PENJUALAN] CASHIER FORM : CHECK STOCK QTY IS ENOUGH [100, 1]
[ADMIN] [5/13/2017 13:34] [PENJUALAN] CASHIER FORM : cashierDataGridView_CellValueChanged [qty]
[ADMIN] [5/13/2017 13:34] [PENJUALAN] CASHIER FORM : cashierDataGridView_CellValueChanged, previousInput [0]
[ADMIN] [5/13/2017 13:34] [PENJUALAN] CASHIER FORM : cashierDataGridView_CellValueChanged, cellValue [1]
[ADMIN] [5/13/2017 13:34] [PENJUALAN] CASHIER FORM : cashierDataGridView_CellValueChanged, dataGridViewTextBoxEditingControl.Text pass REGEX Checking
[ADMIN] [5/13/2017 13:34] [PENJUALAN] CASHIER FORM : CHECK STOCK QTY IS ENOUGH [RT002]
[ADMIN] [5/13/2017 13:34] [PENJUALAN] CASHIER FORM : CHECK STOCK QTY IS ENOUGH [100, 1]
[ADMIN] [5/13/2017 13:34] [PENJUALAN] CASHIER FORM : CALCULATE SUBTOTAL
[ADMIN] [5/13/2017 13:34] [PENJUALAN] CASHIER FORM : SUBTOTAL [100]
[ADMIN] [5/13/2017 13:34] [PENJUALAN] CASHIER FORM : cashierDataGridView_CellValueChanged, subtotal value [100]
[ADMIN] [5/13/2017 13:34] [PENJUALAN] CASHIER FORM : cashierDataGridView_CellValueChanged, attempt to calculate total value
[ADMIN] [5/13/2017 13:34] [PENJUALAN] CASHIER FORM : calculateTotal
[ADMIN] [5/13/2017 13:34] [PENJUALAN] CASHIER FORM : calculateTotal [100]
[ADMIN] [5/13/2017 13:34] [PENJUALAN] CASHIER FORM : calculateTotal, totalAfterDisc [100]
[ADMIN] [5/13/2017 13:34] [PENJUALAN] CASHIER FORM : calculateChangeValue, bayarTextBox.Text [0]
[ADMIN] [5/13/2017 13:34] [PENJUALAN] CASHIER FORM : calculateChangeValue, sisaBayar [0]
[ADMIN] [5/13/2017 13:34] [PENJUALAN] CASHIER FORM : SET QTY TO 1 BECAUSE OF NEW ROW
[ADMIN] [5/13/2017 13:34] [PENJUALAN] CASHIER FORM : CALCULATE SUBTOTAL
[ADMIN] [5/13/2017 13:34] [PENJUALAN] CASHIER FORM : SUBTOTAL [100]
[ADMIN] [5/13/2017 13:34] [PENJUALAN] CASHIER FORM : calculateTotal
[ADMIN] [5/13/2017 13:34] [PENJUALAN] CASHIER FORM : calculateTotal [100]
[ADMIN] [5/13/2017 13:34] [PENJUALAN] CASHIER FORM : calculateTotal, totalAfterDisc [100]
[ADMIN] [5/13/2017 13:34] [PENJUALAN] CASHIER FORM : calculateChangeValue, bayarTextBox.Text [0]
[ADMIN] [5/13/2017 13:34] [PENJUALAN] CASHIER FORM : calculateChangeValue, sisaBayar [0]
[ADMIN] [5/13/2017 13:34] [PENJUALAN] CASHIER FORM : UPDATE ROW NUMBER, TOTAL ROW [2]
[ADMIN] [5/13/2017 13:34] [PENJUALAN] CASHIER FORM : cashierDataGridView_CellValueChanged [F8]
[ADMIN] [5/13/2017 13:34] [PENJUALAN] CASHIER FORM : REGISTER HOTKEY
[ADMIN] [5/13/2017 13:35] [PENJUALAN] CASHIER FORM : cashierDataGridView_CellValueChanged [qty]
[ADMIN] [5/13/2017 13:35] [PENJUALAN] CASHIER FORM : cashierDataGridView_CellValueChanged, previousInput [1]
[ADMIN] [5/13/2017 13:35] [PENJUALAN] CASHIER FORM : cashierDataGridView_CellValueChanged, dataGridViewTextBoxEditingControl.Text pass REGEX Checking
[ADMIN] [5/13/2017 13:35] [PENJUALAN] CASHIER FORM : CHECK STOCK QTY IS ENOUGH [RT002]
[ADMIN] [5/13/2017 13:35] [PENJUALAN] CASHIER FORM : CHECK STOCK QTY IS ENOUGH [100, 2]
[ADMIN] [5/13/2017 13:35] [PENJUALAN] CASHIER FORM : CALCULATE SUBTOTAL
[ADMIN] [5/13/2017 13:35] [PENJUALAN] CASHIER FORM : SUBTOTAL [200]
[ADMIN] [5/13/2017 13:35] [PENJUALAN] CASHIER FORM : cashierDataGridView_CellValueChanged, subtotal value [200]
[ADMIN] [5/13/2017 13:35] [PENJUALAN] CASHIER FORM : cashierDataGridView_CellValueChanged, attempt to calculate total value
[ADMIN] [5/13/2017 13:35] [PENJUALAN] CASHIER FORM : calculateTotal
[ADMIN] [5/13/2017 13:35] [PENJUALAN] CASHIER FORM : calculateTotal [200]
[ADMIN] [5/13/2017 13:35] [PENJUALAN] CASHIER FORM : calculateTotal, totalAfterDisc [200]
[ADMIN] [5/13/2017 13:35] [PENJUALAN] CASHIER FORM : calculateChangeValue, bayarTextBox.Text [0]
[ADMIN] [5/13/2017 13:35] [PENJUALAN] CASHIER FORM : calculateChangeValue, sisaBayar [0]
[ADMIN] [5/13/2017 13:35] [PENJUALAN] CASHIER FORM : cashierDataGridView_CellValueChanged [qty]
[ADMIN] [5/13/2017 13:35] [PENJUALAN] CASHIER FORM : cashierDataGridView_CellValueChanged, previousInput [2]
[ADMIN] [5/13/2017 13:35] [PENJUALAN] CASHIER FORM : cashierDataGridView_CellValueChanged, dataGridViewTextBoxEditingControl.Text pass REGEX Checking
[ADMIN] [5/13/2017 13:35] [PENJUALAN] CASHIER FORM : CHECK STOCK QTY IS ENOUGH [RT002]
[ADMIN] [5/13/2017 13:35] [PENJUALAN] CASHIER FORM : CHECK STOCK QTY IS ENOUGH [100, 20]
[ADMIN] [5/13/2017 13:35] [PENJUALAN] CASHIER FORM : CALCULATE SUBTOTAL
[ADMIN] [5/13/2017 13:35] [PENJUALAN] CASHIER FORM : SUBTOTAL [2000]
[ADMIN] [5/13/2017 13:35] [PENJUALAN] CASHIER FORM : cashierDataGridView_CellValueChanged, subtotal value [2000]
[ADMIN] [5/13/2017 13:35] [PENJUALAN] CASHIER FORM : cashierDataGridView_CellValueChanged, attempt to calculate total value
[ADMIN] [5/13/2017 13:35] [PENJUALAN] CASHIER FORM : calculateTotal
[ADMIN] [5/13/2017 13:35] [PENJUALAN] CASHIER FORM : calculateTotal [2000]
[ADMIN] [5/13/2017 13:35] [PENJUALAN] CASHIER FORM : calculateTotal, totalAfterDisc [2000]
[ADMIN] [5/13/2017 13:35] [PENJUALAN] CASHIER FORM : calculateChangeValue, bayarTextBox.Text [0]
[ADMIN] [5/13/2017 13:35] [PENJUALAN] CASHIER FORM : calculateChangeValue, sisaBayar [0]
[ADMIN] [5/13/2017 13:38] [PENJUALAN] CASHIER FORM : calculateChangeValue, bayarTextBox.Text [1]
[ADMIN] [5/13/2017 13:38] [PENJUALAN] CASHIER FORM : calculateChangeValue, sisaBayar [0]
[ADMIN] [5/13/2017 13:38] [PENJUALAN] CASHIER FORM : calculateChangeValue, bayarTextBox.Text [10]
[ADMIN] [5/13/2017 13:38] [PENJUALAN] CASHIER FORM : calculateChangeValue, sisaBayar [0]
[ADMIN] [5/13/2017 13:38] [PENJUALAN] CASHIER FORM : calculateChangeValue, bayarTextBox.Text [100]
[ADMIN] [5/13/2017 13:38] [PENJUALAN] CASHIER FORM : calculateChangeValue, sisaBayar [0]
[ADMIN] [5/13/2017 13:38] [PENJUALAN] CASHIER FORM : HOTKEY TO SAVE AND PRINT OUT INVOICE PRESSED
[ADMIN] [5/13/2017 13:38] [PENJUALAN] CASHIER FORM : UNREGISTER HOTKEY
[ADMIN] [5/13/2017 13:38] [PENJUALAN] CASHIER FORM : REGISTER HOTKEY
[ADMIN] [5/13/2017 13:38] [PENJUALAN] ATTEMPT TO SAVE AND PRINT OUT INVOICE
[ADMIN] [5/13/2017 13:38] [PENJUALAN] CASHIER FORM : CHECK STOCK QTY IS ENOUGH [RT002]
[ADMIN] [5/13/2017 13:38] [PENJUALAN] CASHIER FORM : UNREGISTER HOTKEY
[ADMIN] [5/13/2017 13:38] [PENJUALAN] CASHIER FORM : REGISTER HOTKEY
[ADMIN] [5/13/2017 13:38] [PENJUALAN] CASHIER FORM : DISPLAY PELANGGAN FORM
[ADMIN] [5/13/2017 13:38] [PENJUALAN] CASHIER FORM : UNREGISTER HOTKEY
[ADMIN] [5/13/2017 13:38] [PENJUALAN] CASHIER FORM : SELECTED CUSTOMER ID [1]
[ADMIN] [5/13/2017 13:38] [PENJUALAN] CASHIER FORM : ATTEMPT TO SET CUSTOMER PROFILE
[ADMIN] [5/13/2017 13:38] [PENJUALAN] CASHIER FORM : SET CUSTOMER PROFILE [ANDRI]
[ADMIN] [5/13/2017 13:38] [PENJUALAN] CASHIER FORM : CUSTOMER GROUP [P-UMUM [ECER]]
[ADMIN] [5/13/2017 13:38] [PENJUALAN] CASHIER FORM : FINISHED SET CUSTOMER PROFILE
[ADMIN] [5/13/2017 13:38] [PENJUALAN] CASHIER FORM : ATTEMPT TO REFRESH PRODUCT PRICE
[ADMIN] [5/13/2017 13:38] [PENJUALAN] CASHIER FORM : PRODUCT PRICE TYPE [PRODUCT_RETAIL_PRICE]
[ADMIN] [5/13/2017 13:38] [PENJUALAN] CASHIER FORM : PRODUCT PRICE [100]
[ADMIN] [5/13/2017 13:38] [PENJUALAN] CASHIER FORM : CHECK IF THERE'S ANY ENTRY IN THE PRODUCT DISC
[ADMIN] [5/13/2017 13:38] [PENJUALAN] CASHIER FORM : ENTRY IN THE PRODUCT DISC FOUND, RETRIEVE THE DISC VALUE
[ADMIN] [5/13/2017 13:38] [PENJUALAN] CASHIER FORM : cashierDataGridView_CellValueChanged [disc1]
[ADMIN] [5/13/2017 13:38] [PENJUALAN] CASHIER FORM : cashierDataGridView_CellValueChanged, previousInput [0]
[ADMIN] [5/13/2017 13:38] [PENJUALAN] CASHIER FORM : cashierDataGridView_CellValueChanged [disc2]
[ADMIN] [5/13/2017 13:38] [PENJUALAN] CASHIER FORM : cashierDataGridView_CellValueChanged, previousInput [0]
[ADMIN] [5/13/2017 13:38] [PENJUALAN] CASHIER FORM : cashierDataGridView_CellValueChanged [discRP]
[ADMIN] [5/13/2017 13:38] [PENJUALAN] CASHIER FORM : cashierDataGridView_CellValueChanged, previousInput [0]
[ADMIN] [5/13/2017 13:38] [PENJUALAN] CASHIER FORM : DISC FOUND [0, 0, 0]
[ADMIN] [5/13/2017 13:38] [PENJUALAN] CASHIER FORM : CALCULATE SUBTOTAL
[ADMIN] [5/13/2017 13:38] [PENJUALAN] CASHIER FORM : SUBTOTAL [2000]
[ADMIN] [5/13/2017 13:38] [PENJUALAN] CASHIER FORM : calculateTotal
[ADMIN] [5/13/2017 13:38] [PENJUALAN] CASHIER FORM : calculateTotal [2000]
[ADMIN] [5/13/2017 13:38] [PENJUALAN] CASHIER FORM : calculateTotal, totalAfterDisc [2000]
[ADMIN] [5/13/2017 13:38] [PENJUALAN] CASHIER FORM : calculateChangeValue, bayarTextBox.Text [Rp100]
[ADMIN] [5/13/2017 13:38] [PENJUALAN] CASHIER FORM : calculateChangeValue, sisaBayar [0]
[ADMIN] [5/13/2017 13:38] [PENJUALAN] CASHIER FORM : PRODUCT PRICE REFRESHED
[ADMIN] [5/13/2017 13:38] [PENJUALAN] CASHIER FORM : REGISTER HOTKEY
[ADMIN] [5/13/2017 13:38] [PENJUALAN] CASHIER FORM : HOTKEY TO SAVE AND PRINT OUT INVOICE PRESSED
[ADMIN] [5/13/2017 13:38] [PENJUALAN] CASHIER FORM : UNREGISTER HOTKEY
[ADMIN] [5/13/2017 13:38] [PENJUALAN] CASHIER FORM : REGISTER HOTKEY
[ADMIN] [5/13/2017 13:38] [PENJUALAN] ATTEMPT TO SAVE AND PRINT OUT INVOICE
[ADMIN] [5/13/2017 13:38] [PENJUALAN] CASHIER FORM : CHECK STOCK QTY IS ENOUGH [RT002]
[ADMIN] [5/13/2017 13:38] [PENJUALAN] CASHIER FORM : UNREGISTER HOTKEY
[ADMIN] [5/13/2017 13:38] [PENJUALAN] CASHIER FORM : ATTEMPT TO SAVE SALES DATA [13-05-2017 13:34]
[ADMIN] [5/13/2017 13:38] [PENJUALAN] CASHIER FORM : SALES DISC FINAL [0]
[ADMIN] [5/13/2017 13:38] [PENJUALAN] CASHIER FORM : NON CASH - SALES DUE DATE [13-05-2017]
[ADMIN] [5/13/2017 13:38] [PENJUALAN] CHECK IF TAX LIMIT SET FOR PERCENTAGE PURCHASE [0]
[ADMIN] [5/13/2017 13:38] [PENJUALAN] CHECK IF TAX LIMIT SET FOR AVERAGE DAILY PURCHASE [0]
[ADMIN] [5/13/2017 13:38] [PENJUALAN] CASHIER FORM : NO FAKTUR [SLO001]
[ADMIN] [5/13/2017 13:38] [PENJUALAN] CASHIER FORM : MAX SALES INVOICE [1]
[ADMIN] [5/13/2017 13:38] [PENJUALAN] CASHIER FORM : SALES INVOICE [SLO001-2]
[ADMIN] [5/13/2017 13:38] [PENJUALAN] INSERT INTO SALES HEADER [SLO001-2]
[ADMIN] [5/13/2017 13:38] [PENJUALAN] INSERT INTO SALES DETAIL[RT002, 100, 20]
[ADMIN] [5/13/2017 13:38] [PENJUALAN] UPDATE CUSTOMER PRODUCT DISC [RT002]
[ADMIN] [5/13/2017 13:38] [PENJUALAN] INSERT TO CREDIT TABLE [SLO001-2]
[ADMIN] [5/13/2017 13:38] [PENJUALAN] INSERT TO DAILY JOURNAL TABLE [100]
[ADMIN] [5/13/2017 13:38] [PENJUALAN] CASHIER FORM : REGISTER HOTKEY
[ADMIN] [5/13/2017 13:38] [PENJUALAN] TRANSACTION SAVED
[ADMIN] [5/13/2017 13:38] [PENJUALAN] CASHIER FORM : UNREGISTER HOTKEY
[ADMIN] [5/13/2017 13:38] [PENJUALAN] CASHIER FORM : REGISTER HOTKEY
[ADMIN] [5/13/2017 13:38] [] [SYNC] CONNECTION TO SERVER CREATED
[ADMIN] [5/13/2017 13:38] [PENJUALAN] CASHIER FORM : UNREGISTER HOTKEY
[ADMIN] [5/13/2017 13:38] [PENJUALAN] CASHIER FORM : REGISTER HOTKEY
[ADMIN] [5/13/2017 13:38] [] [SYNC] CONNECTION TO SERVER CREATED
[ADMIN] [5/13/2017 13:38] [PENJUALAN] CASHIER FORM : UNREGISTER HOTKEY
[ADMIN] [5/13/2017 13:38] [PENJUALAN] CASHIER FORM : REGISTER HOTKEY
[ADMIN] [5/13/2017 13:38] [] [SYNC] CONNECTION TO SERVER CREATED
[ADMIN] [5/13/2017 13:38] [PENJUALAN] PRINT OUT INVOICE
[ADMIN] [5/13/2017 13:38] [PENJUALAN] CASHIER FORM : PrintReceipt
[ADMIN] [5/13/2017 13:38] [PENJUALAN] CASHIER FORM : PrintReceipt, POS size Paper
[ADMIN] [5/13/2017 13:38] [PENJUALAN] CASHIER FORM : printDocument1_PrintPage, print POS size receipt
[ADMIN] [5/13/2017 13:38] [PENJUALAN] CASHIER FORM : loadInfoToko
[ADMIN] [5/13/2017 13:38] [PENJUALAN] CASHIER FORM : calculatePageLength, totalLengthPage [355]
[ADMIN] [5/13/2017 13:38] [PENJUALAN] CASHIER FORM : UNREGISTER HOTKEY
[ADMIN] [5/13/2017 13:38] [PENJUALAN] CASHIER FORM : printDocument1_PrintPage, print POS size receipt
[ADMIN] [5/13/2017 13:38] [PENJUALAN] CASHIER FORM : loadInfoToko
[ADMIN] [5/13/2017 13:38] [PENJUALAN] CASHIER FORM : loadNamaUser
[ADMIN] [5/13/2017 13:38] [PENJUALAN] CASHIER FORM : REGISTER HOTKEY
[ADMIN] [5/13/2017 13:38] [PENJUALAN] CASHIER FORM : UNREGISTER HOTKEY
[ADMIN] [5/13/2017 13:38] [PENJUALAN] CASHIER FORM : REGISTER HOTKEY
[ADMIN] [5/13/2017 13:38] [PENJUALAN] CASHIER FORM : UPDATE ROW NUMBER, TOTAL ROW [1]
[ADMIN] [5/13/2017 13:38] [PENJUALAN] CASHIER FORM : cashierDataGridView_CellValueChanged [F8]
[ADMIN] [5/13/2017 13:38] [PENJUALAN] CASHIER FORM : UNREGISTER HOTKEY
[ADMIN] [5/13/2017 13:38] [PENJUALAN] CASHIER FORM : UNREGISTER HOTKEY
[ADMIN] [5/13/2017 13:38] [PENJUALAN] CASHIER FORM : REGISTER HOTKEY
[ADMIN] [5/13/2017 13:38] [PENJUALAN] CASHIER FORM : cashierForm_Load, ATTEMPT TO LOAD NO FAKTUR
[ADMIN] [5/13/2017 13:38] [PENJUALAN] CASHIER FORM : loadNoFaktur, noFakturValue [SLO001]
[ADMIN] [5/13/2017 13:38] [PENJUALAN] CASHIER FORM : cashierForm_Load, ATTEMPT TO addColumnToDataGrid
[ADMIN] [5/13/2017 13:38] [PENJUALAN] CASHIER FORM : UPDATE ROW NUMBER, TOTAL ROW [1]
[ADMIN] [5/13/2017 13:38] [PENJUALAN] CASHIER FORM : cashierDataGridView_CellValueChanged [F8]
[ADMIN] [5/13/2017 13:38] [PENJUALAN] CASHIER FORM : ADD NEW ROW,  isActive [True]
[ADMIN] [5/13/2017 13:38] [PENJUALAN] CASHIER FORM : ADD NEW ROW,  ROW COUNT [1]
[ADMIN] [5/13/2017 13:38] [PENJUALAN] CASHIER FORM : ADD NEW ROW,  ALLOW TO ADD [True]
[ADMIN] [5/13/2017 13:38] [PENJUALAN] CASHIER FORM : UPDATE ROW NUMBER, TOTAL ROW [2]
[ADMIN] [5/13/2017 13:38] [PENJUALAN] CASHIER FORM : REGISTER HOTKEY
[ADMIN] [5/13/2017 13:38] [PENJUALAN] CASHIER FORM : UNREGISTER HOTKEY
[ADMIN] [5/13/2017 13:38] [PENJUALAN] CASHIER FORM : REGISTER HOTKEY
[ADMIN] [5/13/2017 13:38] [PENJUALAN] CASHIER FORM : cashierDataGridView_CellValueChanged [qty]
[ADMIN] [5/13/2017 13:38] [PENJUALAN] CASHIER FORM : cashierDataGridView_CellValueChanged, previousInput [20]
[ADMIN] [5/13/2017 13:38] [PENJUALAN] CASHIER FORM : cashierDataGridView_CellValueChanged, dataGridViewTextBoxEditingControl.Text pass REGEX Checking
[ADMIN] [5/13/2017 13:38] [PENJUALAN] CASHIER FORM : CHECK STOCK QTY IS ENOUGH [RT002]
[ADMIN] [5/13/2017 13:38] [PENJUALAN] CASHIER FORM : CHECK STOCK QTY IS ENOUGH [100, 5]
[ADMIN] [5/13/2017 13:38] [PENJUALAN] CASHIER FORM : CALCULATE SUBTOTAL
[ADMIN] [5/13/2017 13:38] [PENJUALAN] CASHIER FORM : SUBTOTAL [500]
[ADMIN] [5/13/2017 13:38] [PENJUALAN] CASHIER FORM : cashierDataGridView_CellValueChanged, subtotal value [500]
[ADMIN] [5/13/2017 13:38] [PENJUALAN] CASHIER FORM : cashierDataGridView_CellValueChanged, attempt to calculate total value
[ADMIN] [5/13/2017 13:38] [PENJUALAN] CASHIER FORM : calculateTotal
[ADMIN] [5/13/2017 13:38] [PENJUALAN] CASHIER FORM : calculateTotal [500]
[ADMIN] [5/13/2017 13:38] [PENJUALAN] CASHIER FORM : calculateTotal, totalAfterDisc [500]
[ADMIN] [5/13/2017 13:38] [PENJUALAN] CASHIER FORM : calculateChangeValue, bayarTextBox.Text [Rp100]
[ADMIN] [5/13/2017 13:38] [PENJUALAN] CASHIER FORM : calculateChangeValue, sisaBayar [0]
[ADMIN] [5/13/2017 13:38] [PENJUALAN] CASHIER FORM : HOTKEY TO SAVE AND PRINT OUT INVOICE PRESSED
[ADMIN] [5/13/2017 13:38] [PENJUALAN] CASHIER FORM : UNREGISTER HOTKEY
[ADMIN] [5/13/2017 13:38] [PENJUALAN] CASHIER FORM : REGISTER HOTKEY
[ADMIN] [5/13/2017 13:38] [PENJUALAN] ATTEMPT TO SAVE AND PRINT OUT INVOICE
[ADMIN] [5/13/2017 13:38] [PENJUALAN] CASHIER FORM : CHECK STOCK QTY IS ENOUGH [RT002]
[ADMIN] [5/13/2017 13:38] [PENJUALAN] CASHIER FORM : CHECK STOCK QTY IS ENOUGH [100, 5]
[ADMIN] [5/13/2017 13:38] [PENJUALAN] CASHIER FORM : UNREGISTER HOTKEY
[ADMIN] [5/13/2017 13:38] [PENJUALAN] CASHIER FORM : ATTEMPT TO SAVE SALES DATA [13-05-2017 13:34]
[ADMIN] [5/13/2017 13:38] [PENJUALAN] CASHIER FORM : SALES DISC FINAL [0]
[ADMIN] [5/13/2017 13:38] [PENJUALAN] CASHIER FORM : CASH SALES
[ADMIN] [5/13/2017 13:38] [PENJUALAN] CASHIER FORM : NO FAKTUR [SLO001]
[ADMIN] [5/13/2017 13:38] [PENJUALAN] CASHIER FORM : MAX SALES INVOICE [2]
[ADMIN] [5/13/2017 13:38] [PENJUALAN] CASHIER FORM : SALES INVOICE [SLO001-3]
[ADMIN] [5/13/2017 13:38] [PENJUALAN] INSERT INTO SALES HEADER [SLO001-3]
[ADMIN] [5/13/2017 13:38] [PENJUALAN] INSERT INTO SALES DETAIL[RT002, 100, 5]
[ADMIN] [5/13/2017 13:38] [PENJUALAN] INSERT INTO SALES DETAIL FULFILLMENT [RT002, 5]
[ADMIN] [5/13/2017 13:38] [PENJUALAN] REDUCE STOCK AT MASTER PRODUCT [RT002]
[ADMIN] [5/13/2017 13:38] [PENJUALAN] CASHIER FORM : REGISTER HOTKEY
[ADMIN] [5/13/2017 13:38] [PENJUALAN] TRANSACTION SAVED
[ADMIN] [5/13/2017 13:38] [PENJUALAN] CASHIER FORM : UNREGISTER HOTKEY
[ADMIN] [5/13/2017 13:38] [PENJUALAN] CASHIER FORM : REGISTER HOTKEY
[ADMIN] [5/13/2017 13:38] [] [SYNC] CONNECTION TO SERVER CREATED
[ADMIN] [5/13/2017 13:38] [PENJUALAN] CASHIER FORM : UNREGISTER HOTKEY
[ADMIN] [5/13/2017 13:38] [PENJUALAN] CASHIER FORM : REGISTER HOTKEY
[ADMIN] [5/13/2017 13:38] [] [SYNC] CONNECTION TO SERVER CREATED
[ADMIN] [5/13/2017 13:38] [PENJUALAN] CASHIER FORM : UNREGISTER HOTKEY
[ADMIN] [5/13/2017 13:38] [PENJUALAN] CASHIER FORM : REGISTER HOTKEY
[ADMIN] [5/13/2017 13:38] [] [SYNC] CONNECTION TO SERVER CREATED
[ADMIN] [5/13/2017 13:38] [PENJUALAN] PRINT OUT INVOICE
[ADMIN] [5/13/2017 13:38] [PENJUALAN] CASHIER FORM : PrintReceipt
[ADMIN] [5/13/2017 13:38] [PENJUALAN] CASHIER FORM : PrintReceipt, POS size Paper
[ADMIN] [5/13/2017 13:38] [PENJUALAN] CASHIER FORM : printDocument1_PrintPage, print POS size receipt
[ADMIN] [5/13/2017 13:38] [PENJUALAN] CASHIER FORM : loadInfoToko
[ADMIN] [5/13/2017 13:38] [PENJUALAN] CASHIER FORM : calculatePageLength, totalLengthPage [383]
[ADMIN] [5/13/2017 13:38] [PENJUALAN] CASHIER FORM : UNREGISTER HOTKEY
[ADMIN] [5/13/2017 13:38] [PENJUALAN] CASHIER FORM : printDocument1_PrintPage, print POS size receipt
[ADMIN] [5/13/2017 13:38] [PENJUALAN] CASHIER FORM : loadInfoToko
[ADMIN] [5/13/2017 13:38] [PENJUALAN] CASHIER FORM : loadNamaUser
[ADMIN] [5/13/2017 13:39] [PENJUALAN] CASHIER FORM : REGISTER HOTKEY
[ADMIN] [5/13/2017 13:39] [PENJUALAN] CASHIER FORM : UNREGISTER HOTKEY
[ADMIN] [5/13/2017 13:39] [PENJUALAN] CASHIER FORM : REGISTER HOTKEY
[ADMIN] [5/13/2017 13:39] [PENJUALAN] CASHIER FORM : UPDATE ROW NUMBER, TOTAL ROW [1]
[ADMIN] [5/13/2017 13:39] [PENJUALAN] CASHIER FORM : UNREGISTER HOTKEY
[ADMIN] [5/13/2017 13:39] [PENJUALAN] CASHIER FORM : UNREGISTER HOTKEY
[ADMIN] [5/13/2017 13:39] [PENJUALAN] CASHIER FORM : REGISTER HOTKEY
[ADMIN] [5/13/2017 13:39] [PENJUALAN] CASHIER FORM : cashierForm_Load, ATTEMPT TO LOAD NO FAKTUR
[ADMIN] [5/13/2017 13:39] [PENJUALAN] CASHIER FORM : loadNoFaktur, noFakturValue [SLO001]
[ADMIN] [5/13/2017 13:39] [PENJUALAN] CASHIER FORM : cashierForm_Load, ATTEMPT TO addColumnToDataGrid
[ADMIN] [5/13/2017 13:39] [PENJUALAN] CASHIER FORM : UPDATE ROW NUMBER, TOTAL ROW [1]
[ADMIN] [5/13/2017 13:39] [PENJUALAN] CASHIER FORM : cashierDataGridView_CellValueChanged [F8]
[ADMIN] [5/13/2017 13:39] [PENJUALAN] CASHIER FORM : ADD NEW ROW,  isActive [True]
[ADMIN] [5/13/2017 13:39] [PENJUALAN] CASHIER FORM : ADD NEW ROW,  ROW COUNT [1]
[ADMIN] [5/13/2017 13:39] [PENJUALAN] CASHIER FORM : ADD NEW ROW,  ALLOW TO ADD [True]
[ADMIN] [5/13/2017 13:39] [PENJUALAN] CASHIER FORM : UPDATE ROW NUMBER, TOTAL ROW [2]
[ADMIN] [5/13/2017 13:39] [PENJUALAN] CASHIER FORM : REGISTER HOTKEY
[ADMIN] [5/13/2017 13:39] [PENJUALAN] CASHIER FORM : UNREGISTER HOTKEY
[ADMIN] [5/13/2017 13:39] [PENJUALAN] CASHIER FORM : UNREGISTER HOTKEY
[] [5/13/2017 13:41] [] USER = ADMIN IS ACTIVE
[ADMIN] [5/13/2017 13:41] [] USER ID = 1 LOGIN SUCCESSFULLY
[ADMIN] [5/13/2017 13:42] [] ACTIVATE USER ACCESS RIGHT
[ADMIN] [5/13/2017 13:42] [] DISPLAY ADMIN FORM
[ADMIN] [5/13/2017 13:42] [] adminForm Load
[ADMIN] [5/13/2017 13:42] [] ACTIVATE USER ACCESS RIGHT
[ADMIN] [5/13/2017 13:43] [] USER ID = 1LOGOUT
