[] [5/1/2017 14:36] [] USER = ADMIN IS ACTIVE
[ADMIN] [5/1/2017 14:36] [] USER ID = 1 LOGIN SUCCESSFULLY
[ADMIN] [5/1/2017 14:36] [] ACTIVATE USER ACCESS RIGHT
[ADMIN] [5/1/2017 14:36] [] DISPLAY ADMIN FORM
[ADMIN] [5/1/2017 14:36] [] adminForm Load
[ADMIN] [5/1/2017 14:36] [] ACTIVATE USER ACCESS RIGHT
[ADMIN] [5/1/2017 14:37] [] [TUTUP TOKO] FAILED TO CONNECT TO CENTRAL HQ
[ADMIN] [5/1/2017 14:37] [] [TUTUP TOKO] FAILED TO UPDATE LAST SUCCESS DATE [Object reference not set to an instance of an object.]
[ADMIN] [5/1/2017 14:37] [] USER ID = 1LOGOUT
[ADMIN] [5/1/2017 14:38] [] USER = ADMIN IS ACTIVE
[ADMIN] [5/1/2017 14:38] [] USER ID = 1 LOGIN SUCCESSFULLY
[ADMIN] [5/1/2017 14:38] [] ACTIVATE USER ACCESS RIGHT
[ADMIN] [5/1/2017 14:38] [] DISPLAY ADMIN FORM
[ADMIN] [5/1/2017 14:38] [] adminForm Load
[ADMIN] [5/1/2017 14:38] [] ACTIVATE USER ACCESS RIGHT
[] [5/1/2017 14:58] [] USER = ADMIN IS ACTIVE
[ADMIN] [5/1/2017 14:58] [] USER ID = 1 LOGIN SUCCESSFULLY
[ADMIN] [5/1/2017 14:58] [] ACTIVATE USER ACCESS RIGHT
[ADMIN] [5/1/2017 14:58] [] DISPLAY ADMIN FORM
[ADMIN] [5/1/2017 14:58] [] adminForm Load
[ADMIN] [5/1/2017 14:58] [] ACTIVATE USER ACCESS RIGHT
[ADMIN] [5/1/2017 15:04] [] [TUTUP TOKO] FAILED TO CONNECT TO CENTRAL HQ
[ADMIN] [5/1/2017 15:04] [] [TUTUP TOKO] FAILED TO UPDATE LAST SUCCESS DATE [Object reference not set to an instance of an object.]
[ADMIN] [5/1/2017 15:04] [] USER ID = 1LOGOUT
