[] [11/8/2016 14:53] [] USER = ADMIN IS ACTIVE
[ADMIN] [11/8/2016 14:53] [] USER ID = 1 LOGIN SUCCESSFULLY
[ADMIN] [11/8/2016 14:53] [] ACTIVATE USER ACCESS RIGHT
[ADMIN] [11/8/2016 14:53] [] DISPLAY ADMIN FORM
[ADMIN] [11/8/2016 14:53] [] adminForm Load
[ADMIN] [11/8/2016 14:53] [] ACTIVATE USER ACCESS RIGHT
[] [11/8/2016 15:18] [] USER = ADMIN IS ACTIVE
[ADMIN] [11/8/2016 15:18] [] USER ID = 1 LOGIN SUCCESSFULLY
[ADMIN] [11/8/2016 15:18] [] ACTIVATE USER ACCESS RIGHT
[ADMIN] [11/8/2016 15:18] [] DISPLAY ADMIN FORM
[ADMIN] [11/8/2016 15:18] [] adminForm Load
[ADMIN] [11/8/2016 15:18] [] ACTIVATE USER ACCESS RIGHT
[] [11/8/2016 15:29] [] USER = ADMIN IS ACTIVE
[ADMIN] [11/8/2016 15:29] [] USER ID = 1 LOGIN SUCCESSFULLY
[ADMIN] [11/8/2016 15:29] [] ACTIVATE USER ACCESS RIGHT
[ADMIN] [11/8/2016 15:29] [] DISPLAY ADMIN FORM
[ADMIN] [11/8/2016 15:29] [] adminForm Load
[ADMIN] [11/8/2016 15:29] [] ACTIVATE USER ACCESS RIGHT
[] [11/8/2016 15:36] [] USER = ADMIN IS ACTIVE
[ADMIN] [11/8/2016 15:36] [] USER ID = 1 LOGIN SUCCESSFULLY
[ADMIN] [11/8/2016 15:36] [] ACTIVATE USER ACCESS RIGHT
[ADMIN] [11/8/2016 15:36] [] DISPLAY ADMIN FORM
[ADMIN] [11/8/2016 15:36] [] adminForm Load
[ADMIN] [11/8/2016 15:36] [] ACTIVATE USER ACCESS RIGHT
[ADMIN] [11/8/2016 15:37] [] DAILY STOCK TAKE : detailDataGrid_CellValueChanged [BS]
[ADMIN] [11/8/2016 15:37] [PENJUALAN] DAILY STOCK TAKE : detailDataGrid_CellValueChanged, previousInput [0]
[ADMIN] [11/8/2016 15:37] [PENJUALAN] DAILY STOCK TAKE : detailDataGrid_CellValueChanged, cellValue [2]
[ADMIN] [11/8/2016 15:37] [PENJUALAN] DAILY STOCK TAKE : detailDataGrid_CellValueChanged, dataGridViewTextBoxEditingControl.Text pass REGEX Checking
[ADMIN] [11/8/2016 15:37] [] DAILY STOCK TAKE : detailDataGrid_CellValueChanged [BS]
[ADMIN] [11/8/2016 15:37] [PENJUALAN] DAILY STOCK TAKE : detailDataGrid_CellValueChanged, previousInput [0]
[ADMIN] [11/8/2016 15:37] [PENJUALAN] DAILY STOCK TAKE : detailDataGrid_CellValueChanged, cellValue [3]
[ADMIN] [11/8/2016 15:37] [PENJUALAN] DAILY STOCK TAKE : detailDataGrid_CellValueChanged, dataGridViewTextBoxEditingControl.Text pass REGEX Checking
[ADMIN] [11/8/2016 15:37] [] DAILY STOCK TAKE : detailDataGrid_CellValueChanged [BS]
[ADMIN] [11/8/2016 15:37] [PENJUALAN] DAILY STOCK TAKE : detailDataGrid_CellValueChanged, previousInput [2]
[ADMIN] [11/8/2016 15:37] [PENJUALAN] DAILY STOCK TAKE : detailDataGrid_CellValueChanged, dataGridViewTextBoxEditingControl.Text pass REGEX Checking
[ADMIN] [11/8/2016 15:37] [] DAILY STOCK TAKE : detailDataGrid_CellValueChanged [BS]
[ADMIN] [11/8/2016 15:37] [PENJUALAN] DAILY STOCK TAKE : detailDataGrid_CellValueChanged, previousInput [1]
[ADMIN] [11/8/2016 15:37] [PENJUALAN] DAILY STOCK TAKE : detailDataGrid_CellValueChanged, dataGridViewTextBoxEditingControl.Text pass REGEX Checking
[ADMIN] [11/8/2016 15:37] [] DAILY STOCK TAKE : detailDataGrid_CellValueChanged [BS]
[ADMIN] [11/8/2016 15:37] [PENJUALAN] DAILY STOCK TAKE : detailDataGrid_CellValueChanged, previousInput [2]
[ADMIN] [11/8/2016 15:37] [PENJUALAN] DAILY STOCK TAKE : detailDataGrid_CellValueChanged, dataGridViewTextBoxEditingControl.Text pass REGEX Checking
[ADMIN] [11/8/2016 15:37] [] DAILY STOCK TAKE : detailDataGrid_CellValueChanged [BS]
[ADMIN] [11/8/2016 15:37] [PENJUALAN] DAILY STOCK TAKE : detailDataGrid_CellValueChanged, previousInput [1]
[ADMIN] [11/8/2016 15:37] [PENJUALAN] DAILY STOCK TAKE : detailDataGrid_CellValueChanged, dataGridViewTextBoxEditingControl.Text pass REGEX Checking
[ADMIN] [11/8/2016 15:37] [] DAILY STOCK TAKE : detailDataGrid_CellValueChanged [BS]
[ADMIN] [11/8/2016 15:37] [PENJUALAN] DAILY STOCK TAKE : detailDataGrid_CellValueChanged, previousInput [11]
[ADMIN] [11/8/2016 15:37] [PENJUALAN] DAILY STOCK TAKE : detailDataGrid_CellValueChanged, dataGridViewTextBoxEditingControl.Text pass REGEX Checking
[ADMIN] [11/8/2016 15:37] [] DAILY STOCK TAKE : detailDataGrid_CellValueChanged [BS]
[ADMIN] [11/8/2016 15:37] [PENJUALAN] DAILY STOCK TAKE : detailDataGrid_CellValueChanged, previousInput [111]
[ADMIN] [11/8/2016 15:37] [PENJUALAN] DAILY STOCK TAKE : detailDataGrid_CellValueChanged, dataGridViewTextBoxEditingControl.Text pass REGEX Checking
[ADMIN] [11/8/2016 15:37] [] DAILY STOCK TAKE : detailDataGrid_CellValueChanged [BS]
[ADMIN] [11/8/2016 15:37] [PENJUALAN] DAILY STOCK TAKE : detailDataGrid_CellValueChanged, previousInput [11]
[ADMIN] [11/8/2016 15:37] [PENJUALAN] DAILY STOCK TAKE : detailDataGrid_CellValueChanged, dataGridViewTextBoxEditingControl.Text pass REGEX Checking
[ADMIN] [11/8/2016 15:37] [] DAILY STOCK TAKE : detailDataGrid_CellValueChanged [BS]
[ADMIN] [11/8/2016 15:37] [PENJUALAN] DAILY STOCK TAKE : detailDataGrid_CellValueChanged, empty texbox, reset [BS] value to 0
[ADMIN] [11/8/2016 15:37] [] USER ID = 1LOGOUT
