[] [5/9/2017 11:59] [] USER = ADMIN IS ACTIVE
[ADMIN] [5/9/2017 11:59] [] USER ID = 1 LOGIN SUCCESSFULLY
[ADMIN] [5/9/2017 11:59] [] ACTIVATE USER ACCESS RIGHT
[ADMIN] [5/9/2017 12:00] [] DISPLAY ADMIN FORM
[ADMIN] [5/9/2017 12:00] [] adminForm Load
[ADMIN] [5/9/2017 12:00] [] ACTIVATE USER ACCESS RIGHT
[ADMIN] [5/9/2017 12:07] [PENERIMAAN BARANG] PENERIMAAN BARANG : detailGridView_CellValueChanged [productID]
[ADMIN] [5/9/2017 12:07] [PENERIMAAN BARANG] PENERIMAAN BARANG : detailGridView_CellValueChanged [productID]
[ADMIN] [5/9/2017 12:07] [PENERIMAAN BARANG] PENERIMAAN BARANG : detailGridView_CellValueChanged [productName]
[ADMIN] [5/9/2017 12:07] [PENJUALAN] CASHIER FORM : ComboBox_SelectedIndexChanged, PRODUCT_BASE_PRICE [10]
[ADMIN] [5/9/2017 12:07] [PENERIMAAN BARANG] PENERIMAAN BARANG : detailGridView_CellValueChanged [hpp]
[ADMIN] [5/9/2017 12:07] [PENERIMAAN BARANG] PENERIMAAN BARANG : detailGridView_CellValueChanged [subtotal]
[ADMIN] [5/9/2017 12:07] [PENERIMAAN BARANG] PENERIMAAN BARANG : detailGridView_CellValueChanged [qtyReceived]
[ADMIN] [5/9/2017 12:07] [PENERIMAAN BARANG] PENERIMAAN BARANG : detailGridView_CellValueChanged [subtotal]
[ADMIN] [5/9/2017 12:07] [PENJUALAN] CASHIER FORM : ComboBox_SelectedIndexChanged, attempt to calculate total
[ADMIN] [5/9/2017 12:07] [PENERIMAAN BARANG] PENERIMAAN BARANG : detailGridView_CellValueChanged [qtyReceived]
[ADMIN] [5/9/2017 12:07] [PENERIMAAN BARANG] PENERIMAAN BARANG : detailGridView_CellValueChanged [subtotal]
[ADMIN] [5/9/2017 12:07] [PENERIMAAN BARANG] PENERIMAAN BARANG : detailGridView_CellValueChanged [subtotal]
[ADMIN] [5/9/2017 12:07] [MUTASI BARANG] MUTASI BARANG : detailRequestOrderDataGridView_CellValueChanged [productID]
[ADMIN] [5/9/2017 12:07] [MUTASI BARANG] MUTASI BARANG : detailRequestOrderDataGridView_CellValueChanged [productID]
[ADMIN] [5/9/2017 12:07] [MUTASI BARANG] MUTASI BARANG : detailRequestOrderDataGridView_CellValueChanged [productName]
[ADMIN] [5/9/2017 12:07] [MUTASI BARANG] updateSomeRowsContent, PRODUCT_BASE_PRICE [10]
[ADMIN] [5/9/2017 12:07] [MUTASI BARANG] MUTASI BARANG : detailRequestOrderDataGridView_CellValueChanged [hpp]
[ADMIN] [5/9/2017 12:07] [MUTASI BARANG] MUTASI BARANG : detailRequestOrderDataGridView_CellValueChanged [qty]
[ADMIN] [5/9/2017 12:07] [MUTASI BARANG] MUTASI BARANG : detailRequestOrderDataGridView_CellValueChanged [subtotal]
[ADMIN] [5/9/2017 12:07] [MUTASI BARANG] updateSomeRowsContent, attempt to calculate total
[ADMIN] [5/9/2017 12:07] [MUTASI BARANG] MUTASI BARANG : detailRequestOrderDataGridView_CellValueChanged [qty]
[ADMIN] [5/9/2017 12:07] [MUTASI BARANG] MUTASI BARANG : detailRequestOrderDataGridView_CellValueChanged [subtotal]
[ADMIN] [5/9/2017 12:07] [MUTASI BARANG] MUTASI BARANG : detailRequestOrderDataGridView_CellValueChanged [productName]
[ADMIN] [5/9/2017 12:07] [MUTASI BARANG] MUTASI BARANG : detailRequestOrderDataGridView_CellValueChanged [productName]
[ADMIN] [5/9/2017 12:07] [MUTASI BARANG] MUTASI BARANG : detailRequestOrderDataGridView_CellValueChanged [hpp]
[ADMIN] [5/9/2017 12:07] [MUTASI BARANG] MUTASI BARANG : detailRequestOrderDataGridView_CellValueChanged [subtotal]
[ADMIN] [5/9/2017 12:07] [MUTASI BARANG] MUTASI BARANG : detailRequestOrderDataGridView_CellValueChanged [qty]
[ADMIN] [5/9/2017 12:07] [MUTASI BARANG] MUTASI BARANG : detailRequestOrderDataGridView_CellValueChanged [productName]
[ADMIN] [5/9/2017 12:07] [MUTASI BARANG] updateSomeRowsContent, PRODUCT_BASE_PRICE [10]
[ADMIN] [5/9/2017 12:07] [MUTASI BARANG] MUTASI BARANG : detailRequestOrderDataGridView_CellValueChanged [hpp]
[ADMIN] [5/9/2017 12:07] [MUTASI BARANG] MUTASI BARANG : detailRequestOrderDataGridView_CellValueChanged [qty]
[ADMIN] [5/9/2017 12:07] [MUTASI BARANG] MUTASI BARANG : detailRequestOrderDataGridView_CellValueChanged [subtotal]
[ADMIN] [5/9/2017 12:07] [MUTASI BARANG] updateSomeRowsContent, attempt to calculate total
[ADMIN] [5/9/2017 12:07] [MUTASI BARANG] MUTASI BARANG : detailRequestOrderDataGridView_CellValueChanged [qty]
[ADMIN] [5/9/2017 12:07] [MUTASI BARANG] MUTASI BARANG : detailRequestOrderDataGridView_CellValueChanged [subtotal]
[ADMIN] [5/9/2017 12:07] [] CREATE DATA GROUP FORM MODULE_ID [51]
[ADMIN] [5/9/2017 12:08] [] CREATE DATA GROUP ACCESS MODULE FORM, GROUP USER ID [1]
[ADMIN] [5/9/2017 12:08] [] USER ID = 1LOGOUT
[ADMIN] [5/9/2017 12:08] [] USER = ADMIN IS ACTIVE
[ADMIN] [5/9/2017 12:08] [] USER ID = 1 LOGIN SUCCESSFULLY
[ADMIN] [5/9/2017 12:08] [] ACTIVATE USER ACCESS RIGHT
[ADMIN] [5/9/2017 12:08] [] DISPLAY ADMIN FORM
[ADMIN] [5/9/2017 12:08] [] adminForm Load
[ADMIN] [5/9/2017 12:08] [] ACTIVATE USER ACCESS RIGHT
[ADMIN] [5/9/2017 12:24] [] USER ID = 1LOGOUT
