[] [5/12/2017 01:44] [] USER = ADMIN IS ACTIVE
[ADMIN] [5/12/2017 01:44] [] USER ID = 1 LOGIN SUCCESSFULLY
[ADMIN] [5/12/2017 01:44] [] ACTIVATE USER ACCESS RIGHT
[ADMIN] [5/12/2017 01:44] [] DISPLAY ADMIN FORM
[ADMIN] [5/12/2017 01:44] [] adminForm Load
[ADMIN] [5/12/2017 01:44] [] ACTIVATE USER ACCESS RIGHT
[ADMIN] [5/12/2017 01:44] [PENJUALAN] CASHIER FORM : REGISTER HOTKEY
[ADMIN] [5/12/2017 01:44] [PENJUALAN] CASHIER FORM : cashierForm_Load, ATTEMPT TO LOAD NO FAKTUR
[ADMIN] [5/12/2017 01:44] [PENJUALAN] CASHIER FORM : loadNoFaktur, noFakturValue [SLO001]
[ADMIN] [5/12/2017 01:44] [PENJUALAN] CASHIER FORM : cashierForm_Load, ATTEMPT TO addColumnToDataGrid
[ADMIN] [5/12/2017 01:44] [PENJUALAN] CASHIER FORM : UPDATE ROW NUMBER, TOTAL ROW [1]
[ADMIN] [5/12/2017 01:44] [PENJUALAN] CASHIER FORM : cashierDataGridView_CellValueChanged [F8]
[ADMIN] [5/12/2017 01:44] [PENJUALAN] CASHIER FORM : ADD NEW ROW,  isActive [True]
[ADMIN] [5/12/2017 01:44] [PENJUALAN] CASHIER FORM : ADD NEW ROW,  ROW COUNT [1]
[ADMIN] [5/12/2017 01:44] [PENJUALAN] CASHIER FORM : ADD NEW ROW,  ALLOW TO ADD [True]
[ADMIN] [5/12/2017 01:44] [PENJUALAN] CASHIER FORM : UPDATE ROW NUMBER, TOTAL ROW [2]
[ADMIN] [5/12/2017 01:44] [PENJUALAN] CASHIER FORM : REGISTER HOTKEY
[ADMIN] [5/12/2017 01:44] [PENJUALAN] CASHIER FORM : HOTKEY TO SAVE AND PRINT OUT INVOICE PRESSED
[ADMIN] [5/12/2017 01:44] [PENJUALAN] CASHIER FORM : UNREGISTER HOTKEY
[ADMIN] [5/12/2017 01:44] [PENJUALAN] CASHIER FORM : REGISTER HOTKEY
[ADMIN] [5/12/2017 01:44] [PENJUALAN] ATTEMPT TO SAVE AND PRINT OUT INVOICE
[ADMIN] [5/12/2017 01:44] [PENJUALAN] CASHIER FORM : CHECK STOCK QTY IS ENOUGH [RT001]
[ADMIN] [5/12/2017 01:44] [PENJUALAN] CASHIER FORM : UNREGISTER HOTKEY
[ADMIN] [5/12/2017 01:44] [PENJUALAN] CASHIER FORM : ATTEMPT TO SAVE SALES DATA [05-05-2017 00:18]
[ADMIN] [5/12/2017 01:44] [PENJUALAN] CASHIER FORM : SALES DISC FINAL [500]
[ADMIN] [5/12/2017 01:44] [PENJUALAN] CASHIER FORM : NON CASH - SALES DUE DATE [05-05-2017]
[ADMIN] [5/12/2017 01:44] [PENJUALAN] UPDATE SALES HEADER [SLO001-8]
[ADMIN] [5/12/2017 01:44] [PENJUALAN] DELETE SALES DETAIL [SLO001-8]
[ADMIN] [5/12/2017 01:44] [PENJUALAN] INSERT INTO SALES DETAIL[RT001, 1000, 50]
[ADMIN] [5/12/2017 01:44] [PENJUALAN] UPDATE CUSTOMER PRODUCT DISC [RT001]
[ADMIN] [5/12/2017 01:44] [PENJUALAN] CASHIER FORM : REGISTER HOTKEY
[ADMIN] [5/12/2017 01:44] [PENJUALAN] TRANSACTION SAVED
[ADMIN] [5/12/2017 01:44] [PENJUALAN] CASHIER FORM : UNREGISTER HOTKEY
[ADMIN] [5/12/2017 01:44] [PENJUALAN] CASHIER FORM : REGISTER HOTKEY
[ADMIN] [5/12/2017 01:44] [] [SYNC] CONNECTION TO SERVER CREATED
[ADMIN] [5/12/2017 01:44] [PENJUALAN] CASHIER FORM : UNREGISTER HOTKEY
[ADMIN] [5/12/2017 01:44] [PENJUALAN] CASHIER FORM : REGISTER HOTKEY
[ADMIN] [5/12/2017 01:44] [] [SYNC] CONNECTION TO SERVER CREATED
[ADMIN] [5/12/2017 01:44] [PENJUALAN] CASHIER FORM : UNREGISTER HOTKEY
[ADMIN] [5/12/2017 01:44] [PENJUALAN] CASHIER FORM : REGISTER HOTKEY
[ADMIN] [5/12/2017 01:44] [] [SYNC] CONNECTION TO SERVER CREATED
[ADMIN] [5/12/2017 01:45] [PENJUALAN] PRINT OUT INVOICE
[ADMIN] [5/12/2017 01:45] [PENJUALAN] CASHIER FORM : PrintReceipt
[ADMIN] [5/12/2017 01:45] [PENJUALAN] CASHIER FORM : PrintReceipt, POS size Paper
[ADMIN] [5/12/2017 01:45] [PENJUALAN] CASHIER FORM : printDocument1_PrintPage, print POS size receipt
[ADMIN] [5/12/2017 01:45] [PENJUALAN] CASHIER FORM : calculatePageLength, totalLengthPage [341]
[ADMIN] [5/12/2017 01:45] [PENJUALAN] CASHIER FORM : UNREGISTER HOTKEY
[ADMIN] [5/12/2017 01:45] [PENJUALAN] CASHIER FORM : printDocument1_PrintPage, print POS size receipt
[ADMIN] [5/12/2017 01:45] [PENJUALAN] CASHIER FORM : loadNamaUser
[ADMIN] [5/12/2017 01:45] [PENJUALAN] CASHIER FORM : REGISTER HOTKEY
[ADMIN] [5/12/2017 01:45] [PENJUALAN] CASHIER FORM : UNREGISTER HOTKEY
[] [5/12/2017 01:46] [] USER = ADMIN IS ACTIVE
[ADMIN] [5/12/2017 01:46] [] USER ID = 1 LOGIN SUCCESSFULLY
[ADMIN] [5/12/2017 01:46] [] ACTIVATE USER ACCESS RIGHT
[ADMIN] [5/12/2017 01:46] [] DISPLAY ADMIN FORM
[ADMIN] [5/12/2017 01:46] [] adminForm Load
[ADMIN] [5/12/2017 01:46] [] ACTIVATE USER ACCESS RIGHT
[ADMIN] [5/12/2017 01:47] [PENJUALAN] CASHIER FORM : REGISTER HOTKEY
[ADMIN] [5/12/2017 01:47] [PENJUALAN] CASHIER FORM : cashierForm_Load, ATTEMPT TO LOAD NO FAKTUR
[ADMIN] [5/12/2017 01:47] [PENJUALAN] CASHIER FORM : loadNoFaktur, noFakturValue [SLO001]
[ADMIN] [5/12/2017 01:47] [PENJUALAN] CASHIER FORM : cashierForm_Load, ATTEMPT TO addColumnToDataGrid
[ADMIN] [5/12/2017 01:47] [PENJUALAN] CASHIER FORM : UPDATE ROW NUMBER, TOTAL ROW [1]
[ADMIN] [5/12/2017 01:47] [PENJUALAN] CASHIER FORM : cashierDataGridView_CellValueChanged [F8]
[ADMIN] [5/12/2017 01:47] [PENJUALAN] CASHIER FORM : ADD NEW ROW,  isActive [True]
[ADMIN] [5/12/2017 01:47] [PENJUALAN] CASHIER FORM : ADD NEW ROW,  ROW COUNT [1]
[ADMIN] [5/12/2017 01:47] [PENJUALAN] CASHIER FORM : ADD NEW ROW,  ALLOW TO ADD [True]
[ADMIN] [5/12/2017 01:47] [PENJUALAN] CASHIER FORM : UPDATE ROW NUMBER, TOTAL ROW [2]
[ADMIN] [5/12/2017 01:47] [PENJUALAN] CASHIER FORM : REGISTER HOTKEY
[ADMIN] [5/12/2017 01:47] [PENJUALAN] CASHIER FORM : HOTKEY TO SAVE AND PRINT OUT INVOICE PRESSED
[ADMIN] [5/12/2017 01:47] [PENJUALAN] CASHIER FORM : UNREGISTER HOTKEY
[ADMIN] [5/12/2017 01:47] [PENJUALAN] CASHIER FORM : REGISTER HOTKEY
[ADMIN] [5/12/2017 01:47] [PENJUALAN] ATTEMPT TO SAVE AND PRINT OUT INVOICE
[ADMIN] [5/12/2017 01:47] [PENJUALAN] CASHIER FORM : CHECK STOCK QTY IS ENOUGH [RT001]
[ADMIN] [5/12/2017 01:47] [PENJUALAN] CASHIER FORM : UNREGISTER HOTKEY
[ADMIN] [5/12/2017 01:47] [PENJUALAN] CASHIER FORM : ATTEMPT TO SAVE SALES DATA [05-05-2017 00:18]
[ADMIN] [5/12/2017 01:47] [PENJUALAN] CASHIER FORM : SALES DISC FINAL [500]
[ADMIN] [5/12/2017 01:47] [PENJUALAN] CASHIER FORM : NON CASH - SALES DUE DATE [05-05-2017]
[ADMIN] [5/12/2017 01:47] [PENJUALAN] UPDATE SALES HEADER [SLO001-8]
[ADMIN] [5/12/2017 01:47] [PENJUALAN] DELETE SALES DETAIL [SLO001-8]
[ADMIN] [5/12/2017 01:47] [PENJUALAN] INSERT INTO SALES DETAIL[RT001, 1000, 50]
[ADMIN] [5/12/2017 01:47] [PENJUALAN] UPDATE CUSTOMER PRODUCT DISC [RT001]
[ADMIN] [5/12/2017 01:47] [PENJUALAN] CASHIER FORM : REGISTER HOTKEY
[ADMIN] [5/12/2017 01:47] [PENJUALAN] TRANSACTION SAVED
[ADMIN] [5/12/2017 01:47] [PENJUALAN] CASHIER FORM : UNREGISTER HOTKEY
[ADMIN] [5/12/2017 01:47] [PENJUALAN] CASHIER FORM : REGISTER HOTKEY
[ADMIN] [5/12/2017 01:47] [PENJUALAN] CASHIER FORM : UNREGISTER HOTKEY
[ADMIN] [5/12/2017 01:47] [] [SYNC] CONNECTION TO SERVER CREATED
[ADMIN] [5/12/2017 01:47] [PENJUALAN] CASHIER FORM : REGISTER HOTKEY
[ADMIN] [5/12/2017 01:47] [] [SYNC] CONNECTION TO SERVER CREATED
[ADMIN] [5/12/2017 01:47] [PENJUALAN] CASHIER FORM : UNREGISTER HOTKEY
[ADMIN] [5/12/2017 01:47] [PENJUALAN] CASHIER FORM : REGISTER HOTKEY
[ADMIN] [5/12/2017 01:47] [] [SYNC] CONNECTION TO SERVER CREATED
[ADMIN] [5/12/2017 01:47] [PENJUALAN] PRINT OUT INVOICE
[ADMIN] [5/12/2017 01:47] [PENJUALAN] CASHIER FORM : PrintReceipt
[ADMIN] [5/12/2017 01:47] [PENJUALAN] CASHIER FORM : PrintReceipt, POS size Paper
[ADMIN] [5/12/2017 01:47] [PENJUALAN] CASHIER FORM : printDocument1_PrintPage, print POS size receipt
[ADMIN] [5/12/2017 01:47] [PENJUALAN] CASHIER FORM : calculatePageLength, totalLengthPage [341]
[ADMIN] [5/12/2017 01:47] [PENJUALAN] CASHIER FORM : UNREGISTER HOTKEY
[ADMIN] [5/12/2017 01:47] [PENJUALAN] CASHIER FORM : printDocument1_PrintPage, print POS size receipt
[ADMIN] [5/12/2017 01:47] [PENJUALAN] CASHIER FORM : loadNamaUser
[ADMIN] [5/12/2017 01:48] [PENJUALAN] CASHIER FORM : REGISTER HOTKEY
[ADMIN] [5/12/2017 01:48] [PENJUALAN] CASHIER FORM : UNREGISTER HOTKEY
[ADMIN] [5/12/2017 01:48] [PENJUALAN] CASHIER FORM : REGISTER HOTKEY
[ADMIN] [5/12/2017 01:48] [PENJUALAN] CASHIER FORM : UNREGISTER HOTKEY
[ADMIN] [5/12/2017 01:48] [PENJUALAN] CASHIER FORM : REGISTER HOTKEY
[ADMIN] [5/12/2017 01:48] [PENJUALAN] CASHIER FORM : UNREGISTER HOTKEY
[ADMIN] [5/12/2017 01:48] [PENJUALAN] CASHIER FORM : REGISTER HOTKEY
[ADMIN] [5/12/2017 01:48] [PENJUALAN] CASHIER FORM : cashierDataGridView_CellValueChanged [qty]
[ADMIN] [5/12/2017 01:48] [PENJUALAN] CASHIER FORM : cashierDataGridView_CellValueChanged, previousInput [50]
[ADMIN] [5/12/2017 01:48] [PENJUALAN] CASHIER FORM : cashierDataGridView_CellValueChanged, dataGridViewTextBoxEditingControl.Text pass REGEX Checking
[ADMIN] [5/12/2017 01:48] [PENJUALAN] CASHIER FORM : CHECK STOCK QTY IS ENOUGH [RT001]
[ADMIN] [5/12/2017 01:48] [PENJUALAN] CASHIER FORM : CALCULATE SUBTOTAL
[ADMIN] [5/12/2017 01:48] [PENJUALAN] CASHIER FORM : SUBTOTAL [2000]
[ADMIN] [5/12/2017 01:48] [PENJUALAN] CASHIER FORM : cashierDataGridView_CellValueChanged, subtotal value [2000]
[ADMIN] [5/12/2017 01:48] [PENJUALAN] CASHIER FORM : cashierDataGridView_CellValueChanged, attempt to calculate total value
[ADMIN] [5/12/2017 01:48] [PENJUALAN] CASHIER FORM : calculateTotal
[ADMIN] [5/12/2017 01:48] [PENJUALAN] CASHIER FORM : calculateTotal [2000]
[ADMIN] [5/12/2017 01:48] [PENJUALAN] CASHIER FORM : calculateTotal, totalAfterDisc [1500]
[ADMIN] [5/12/2017 01:48] [PENJUALAN] CASHIER FORM : calculateChangeValue, bayarTextBox.Text [Rp10.000]
[ADMIN] [5/12/2017 01:48] [PENJUALAN] CASHIER FORM : calculateChangeValue, sisaBayar [8500]
[ADMIN] [5/12/2017 01:48] [PENJUALAN] CASHIER FORM : cashierDataGridView_CellValueChanged [qty]
[ADMIN] [5/12/2017 01:48] [PENJUALAN] CASHIER FORM : cashierDataGridView_CellValueChanged, previousInput [2]
[ADMIN] [5/12/2017 01:48] [PENJUALAN] CASHIER FORM : cashierDataGridView_CellValueChanged, dataGridViewTextBoxEditingControl.Text pass REGEX Checking
[ADMIN] [5/12/2017 01:48] [PENJUALAN] CASHIER FORM : CHECK STOCK QTY IS ENOUGH [RT001]
[ADMIN] [5/12/2017 01:48] [PENJUALAN] CASHIER FORM : CALCULATE SUBTOTAL
[ADMIN] [5/12/2017 01:48] [PENJUALAN] CASHIER FORM : SUBTOTAL [25000]
[ADMIN] [5/12/2017 01:48] [PENJUALAN] CASHIER FORM : cashierDataGridView_CellValueChanged, subtotal value [25000]
[ADMIN] [5/12/2017 01:48] [PENJUALAN] CASHIER FORM : cashierDataGridView_CellValueChanged, attempt to calculate total value
[ADMIN] [5/12/2017 01:48] [PENJUALAN] CASHIER FORM : calculateTotal
[ADMIN] [5/12/2017 01:48] [PENJUALAN] CASHIER FORM : calculateTotal [25000]
[ADMIN] [5/12/2017 01:48] [PENJUALAN] CASHIER FORM : calculateTotal, totalAfterDisc [24500]
[ADMIN] [5/12/2017 01:48] [PENJUALAN] CASHIER FORM : calculateChangeValue, bayarTextBox.Text [Rp10.000]
[ADMIN] [5/12/2017 01:48] [PENJUALAN] CASHIER FORM : calculateChangeValue, sisaBayar [0]
[ADMIN] [5/12/2017 01:48] [PENJUALAN] CASHIER FORM : HOTKEY TO SAVE AND PRINT OUT INVOICE PRESSED
[ADMIN] [5/12/2017 01:48] [PENJUALAN] CASHIER FORM : UNREGISTER HOTKEY
[ADMIN] [5/12/2017 01:48] [PENJUALAN] CASHIER FORM : REGISTER HOTKEY
[ADMIN] [5/12/2017 01:48] [PENJUALAN] ATTEMPT TO SAVE AND PRINT OUT INVOICE
[ADMIN] [5/12/2017 01:48] [PENJUALAN] CASHIER FORM : CHECK STOCK QTY IS ENOUGH [RT001]
[ADMIN] [5/12/2017 01:48] [PENJUALAN] CASHIER FORM : UNREGISTER HOTKEY
[ADMIN] [5/12/2017 01:48] [PENJUALAN] CASHIER FORM : ATTEMPT TO SAVE SALES DATA [05-05-2017 00:18]
[ADMIN] [5/12/2017 01:48] [PENJUALAN] CASHIER FORM : SALES DISC FINAL [500]
[ADMIN] [5/12/2017 01:48] [PENJUALAN] CASHIER FORM : NON CASH - SALES DUE DATE [05-05-2017]
[ADMIN] [5/12/2017 01:48] [PENJUALAN] UPDATE SALES HEADER [SLO001-8]
[ADMIN] [5/12/2017 01:48] [PENJUALAN] DELETE SALES DETAIL [SLO001-8]
[ADMIN] [5/12/2017 01:48] [PENJUALAN] INSERT INTO SALES DETAIL[RT001, 1000, 25]
[ADMIN] [5/12/2017 01:48] [PENJUALAN] UPDATE CUSTOMER PRODUCT DISC [RT001]
[ADMIN] [5/12/2017 01:48] [PENJUALAN] CASHIER FORM : REGISTER HOTKEY
[ADMIN] [5/12/2017 01:48] [PENJUALAN] TRANSACTION SAVED
[ADMIN] [5/12/2017 01:48] [PENJUALAN] CASHIER FORM : UNREGISTER HOTKEY
[ADMIN] [5/12/2017 01:48] [PENJUALAN] CASHIER FORM : REGISTER HOTKEY
[ADMIN] [5/12/2017 01:48] [PENJUALAN] CASHIER FORM : UNREGISTER HOTKEY
[ADMIN] [5/12/2017 01:48] [] [SYNC] CONNECTION TO SERVER CREATED
[ADMIN] [5/12/2017 01:48] [PENJUALAN] CASHIER FORM : REGISTER HOTKEY
[ADMIN] [5/12/2017 01:48] [] [SYNC] CONNECTION TO SERVER CREATED
[ADMIN] [5/12/2017 01:48] [PENJUALAN] CASHIER FORM : UNREGISTER HOTKEY
[ADMIN] [5/12/2017 01:48] [PENJUALAN] CASHIER FORM : REGISTER HOTKEY
[ADMIN] [5/12/2017 01:48] [] [SYNC] CONNECTION TO SERVER CREATED
[ADMIN] [5/12/2017 01:48] [PENJUALAN] PRINT OUT INVOICE
[ADMIN] [5/12/2017 01:48] [PENJUALAN] CASHIER FORM : PrintReceipt
[ADMIN] [5/12/2017 01:48] [PENJUALAN] CASHIER FORM : PrintReceipt, POS size Paper
[ADMIN] [5/12/2017 01:48] [PENJUALAN] CASHIER FORM : printDocument1_PrintPage, print POS size receipt
[ADMIN] [5/12/2017 01:48] [PENJUALAN] CASHIER FORM : calculatePageLength, totalLengthPage [341]
[ADMIN] [5/12/2017 01:48] [PENJUALAN] CASHIER FORM : UNREGISTER HOTKEY
[ADMIN] [5/12/2017 01:48] [PENJUALAN] CASHIER FORM : printDocument1_PrintPage, print POS size receipt
[ADMIN] [5/12/2017 01:48] [PENJUALAN] CASHIER FORM : loadNamaUser
[ADMIN] [5/12/2017 01:48] [PENJUALAN] CASHIER FORM : REGISTER HOTKEY
[ADMIN] [5/12/2017 01:48] [PENJUALAN] CASHIER FORM : UNREGISTER HOTKEY
[ADMIN] [5/12/2017 01:48] [PENJUALAN] CASHIER FORM : REGISTER HOTKEY
[ADMIN] [5/12/2017 01:48] [PENJUALAN] CASHIER FORM : UNREGISTER HOTKEY
[ADMIN] [5/12/2017 01:48] [PENJUALAN] CASHIER FORM : REGISTER HOTKEY
[ADMIN] [5/12/2017 01:48] [PENJUALAN] CASHIER FORM : UNREGISTER HOTKEY
[ADMIN] [5/12/2017 01:49] [PENJUALAN] CASHIER FORM : REGISTER HOTKEY
[ADMIN] [5/12/2017 01:49] [PENJUALAN] CASHIER FORM : UNREGISTER HOTKEY
[] [5/12/2017 11:03] [] USER = ADMIN IS ACTIVE
[ADMIN] [5/12/2017 11:03] [] USER ID = 1 LOGIN SUCCESSFULLY
[ADMIN] [5/12/2017 11:03] [] ACTIVATE USER ACCESS RIGHT
[ADMIN] [5/12/2017 11:03] [] DISPLAY ADMIN FORM
[ADMIN] [5/12/2017 11:03] [] adminForm Load
[ADMIN] [5/12/2017 11:03] [] ACTIVATE USER ACCESS RIGHT
[ADMIN] [5/12/2017 11:03] [PENJUALAN] CASHIER FORM : MULTIPLE CASHIER INSTANCE [512]
[ADMIN] [5/12/2017 11:03] [PENJUALAN] CASHIER FORM : REGISTER HOTKEY
[ADMIN] [5/12/2017 11:03] [PENJUALAN] CASHIER FORM : cashierForm_Load, ATTEMPT TO LOAD NO FAKTUR
[ADMIN] [5/12/2017 11:03] [PENJUALAN] CASHIER FORM : loadNoFaktur, noFakturValue [SLO001]
[ADMIN] [5/12/2017 11:03] [PENJUALAN] CASHIER FORM : cashierForm_Load, ATTEMPT TO addColumnToDataGrid
[ADMIN] [5/12/2017 11:03] [PENJUALAN] CASHIER FORM : UPDATE ROW NUMBER, TOTAL ROW [1]
[ADMIN] [5/12/2017 11:03] [PENJUALAN] CASHIER FORM : cashierDataGridView_CellValueChanged [F8]
[ADMIN] [5/12/2017 11:03] [PENJUALAN] CASHIER FORM : REGISTER HOTKEY
[ADMIN] [5/12/2017 11:03] [PENJUALAN] CASHIER FORM : UNREGISTER HOTKEY
[ADMIN] [5/12/2017 11:03] [PENJUALAN] CASHIER FORM : UNREGISTER HOTKEY
[ADMIN] [5/12/2017 11:03] [] USER ID = 1LOGOUT
