[] [5/1/2017 13:47] [] USER = ADMIN IS ACTIVE
[ADMIN] [5/1/2017 13:47] [] USER ID = 1 LOGIN SUCCESSFULLY
[ADMIN] [5/1/2017 13:47] [] ACTIVATE USER ACCESS RIGHT
[ADMIN] [5/1/2017 13:47] [] DISPLAY ADMIN FORM
[ADMIN] [5/1/2017 13:47] [] adminForm Load
[ADMIN] [5/1/2017 13:47] [] ACTIVATE USER ACCESS RIGHT
[ADMIN] [5/1/2017 13:47] [PENJUALAN] CASHIER FORM : MULTIPLE CASHIER INSTANCE [1]
[ADMIN] [5/1/2017 13:47] [PENJUALAN] CASHIER FORM : REGISTER HOTKEY
[ADMIN] [5/1/2017 13:47] [PENJUALAN] CASHIER FORM : cashierForm_Load, ATTEMPT TO LOAD NO FAKTUR
[ADMIN] [5/1/2017 13:47] [PENJUALAN] CASHIER FORM : loadNoFaktur, noFakturValue [SLO001]
[ADMIN] [5/1/2017 13:47] [PENJUALAN] CASHIER FORM : cashierForm_Load, ATTEMPT TO addColumnToDataGrid
[ADMIN] [5/1/2017 13:47] [PENJUALAN] CASHIER FORM : UPDATE ROW NUMBER, TOTAL ROW [1]
[ADMIN] [5/1/2017 13:47] [PENJUALAN] CASHIER FORM : cashierDataGridView_CellValueChanged [F8]
[ADMIN] [5/1/2017 13:47] [PENJUALAN] CASHIER FORM : REGISTER HOTKEY
[ADMIN] [5/1/2017 13:47] [PENJUALAN] CASHIER FORM : UNREGISTER HOTKEY
[ADMIN] [5/1/2017 13:47] [PENJUALAN] CASHIER FORM : UNREGISTER HOTKEY
[ADMIN] [5/1/2017 13:48] [PENJUALAN] CASHIER FORM : REGISTER HOTKEY
[ADMIN] [5/1/2017 13:48] [PENJUALAN] CASHIER FORM : cashierForm_Load, ATTEMPT TO LOAD NO FAKTUR
[ADMIN] [5/1/2017 13:48] [PENJUALAN] CASHIER FORM : loadNoFaktur, noFakturValue [SLO001]
[ADMIN] [5/1/2017 13:48] [PENJUALAN] CASHIER FORM : cashierForm_Load, ATTEMPT TO addColumnToDataGrid
[ADMIN] [5/1/2017 13:48] [PENJUALAN] CASHIER FORM : UPDATE ROW NUMBER, TOTAL ROW [1]
[ADMIN] [5/1/2017 13:48] [PENJUALAN] CASHIER FORM : cashierDataGridView_CellValueChanged [F8]
[ADMIN] [5/1/2017 13:48] [PENJUALAN] CASHIER FORM : ADD NEW ROW,  isActive [True]
[ADMIN] [5/1/2017 13:48] [PENJUALAN] CASHIER FORM : ADD NEW ROW,  ROW COUNT [1]
[ADMIN] [5/1/2017 13:48] [PENJUALAN] CASHIER FORM : ADD NEW ROW,  ALLOW TO ADD [True]
[ADMIN] [5/1/2017 13:48] [PENJUALAN] CASHIER FORM : UPDATE ROW NUMBER, TOTAL ROW [2]
[ADMIN] [5/1/2017 13:48] [PENJUALAN] CASHIER FORM : calculateChangeValue, bayarTextBox.Text [0]
[ADMIN] [5/1/2017 13:48] [PENJUALAN] CASHIER FORM : calculateChangeValue, sisaBayar [0]
[ADMIN] [5/1/2017 13:48] [PENJUALAN] CASHIER FORM : REGISTER HOTKEY
[ADMIN] [5/1/2017 13:49] [PENJUALAN] CASHIER FORM : UNREGISTER HOTKEY
[ADMIN] [5/1/2017 13:49] [PENJUALAN] CASHIER FORM : REGISTER HOTKEY
[ADMIN] [5/1/2017 13:49] [PENJUALAN] CASHIER FORM : UNREGISTER HOTKEY
[ADMIN] [5/1/2017 13:49] [PENJUALAN] CASHIER FORM : REGISTER HOTKEY
[ADMIN] [5/1/2017 13:49] [PENJUALAN] CASHIER FORM : UNREGISTER HOTKEY
[ADMIN] [5/1/2017 13:49] [PENJUALAN] CASHIER FORM : REGISTER HOTKEY
[ADMIN] [5/1/2017 13:49] [PENJUALAN] CASHIER FORM : discJualMaskedTextBox_Validating, totalAfterDisc [19000]
[ADMIN] [5/1/2017 13:49] [PENJUALAN] CASHIER FORM : calculateChangeValue, bayarTextBox.Text [0]
[ADMIN] [5/1/2017 13:49] [PENJUALAN] CASHIER FORM : calculateChangeValue, sisaBayar [0]
[ADMIN] [5/1/2017 13:49] [PENJUALAN] CASHIER FORM : calculateChangeValue, bayarTextBox.Text [0]
[ADMIN] [5/1/2017 13:49] [PENJUALAN] CASHIER FORM : calculateChangeValue, sisaBayar [0]
[ADMIN] [5/1/2017 13:49] [PENJUALAN] CASHIER FORM : Combobox_KeyUp, cashierDataGridView.CurrentCell.OwningColumn.Name  [productPrice]
[ADMIN] [5/1/2017 13:49] [PENJUALAN] CASHIER FORM : Combobox_KeyUp, cashierDataGridView.CurrentCell.OwningColumn.Name  [qty]
[ADMIN] [5/1/2017 13:49] [PENJUALAN] CASHIER FORM : Combobox_KeyUp, cashierDataGridView.CurrentCell.OwningColumn.Name  [qty]
[ADMIN] [5/1/2017 13:49] [PENJUALAN] CASHIER FORM : Combobox_KeyUp, cashierDataGridView.CurrentCell.OwningColumn.Name  [productPrice]
[ADMIN] [5/1/2017 13:49] [PENJUALAN] CASHIER FORM : productName_previewKeyDown, cashierDataGridView.CurrentCell.OwningColumn.Name  [productName]
[ADMIN] [5/1/2017 13:49] [PENJUALAN] CASHIER FORM : Combobox_previewKeyDown, cashierDataGridView.CurrentCell.OwningColumn.Name  [productID]
[ADMIN] [5/1/2017 13:49] [PENJUALAN] CASHIER FORM : Combobox_previewKeyDown, cashierDataGridView.CurrentCell.OwningColumn.Name  [productID]
[ADMIN] [5/1/2017 13:49] [PENJUALAN] CASHIER FORM : Combobox_previewKeyDown, cashierDataGridView.CurrentCell.OwningColumn.Name  [productID]
[ADMIN] [5/1/2017 13:49] [PENJUALAN] CASHIER FORM : Combobox_previewKeyDown, cashierDataGridView.CurrentCell.OwningColumn.Name  [productID]
[ADMIN] [5/1/2017 13:49] [PENJUALAN] CASHIER FORM : Combobox_previewKeyDown, cashierDataGridView.CurrentCell.OwningColumn.Name  [productID]
[ADMIN] [5/1/2017 13:49] [PENJUALAN] CASHIER FORM : productName_previewKeyDown, cashierDataGridView.CurrentCell.OwningColumn.Name  [productName]
[ADMIN] [5/1/2017 13:49] [PENJUALAN] CASHIER FORM : productName_previewKeyDown, cashierDataGridView.CurrentCell.OwningColumn.Name  [productName]
[ADMIN] [5/1/2017 13:49] [PENJUALAN] CASHIER FORM : Combobox_KeyUp, cashierDataGridView.CurrentCell.OwningColumn.Name  [productPrice]
[ADMIN] [5/1/2017 13:49] [PENJUALAN] CASHIER FORM : Combobox_KeyUp, cashierDataGridView.CurrentCell.OwningColumn.Name  [productPrice]
[ADMIN] [5/1/2017 13:49] [PENJUALAN] CASHIER FORM : Combobox_KeyUp, cashierDataGridView.CurrentCell.OwningColumn.Name  [productPrice]
[ADMIN] [5/1/2017 13:49] [PENJUALAN] CASHIER FORM : Combobox_KeyUp, cashierDataGridView.CurrentCell.OwningColumn.Name  [productPrice]
[ADMIN] [5/1/2017 13:49] [PENJUALAN] CASHIER FORM : Combobox_KeyUp, cashierDataGridView.CurrentCell.OwningColumn.Name  [productPrice]
[ADMIN] [5/1/2017 13:49] [PENJUALAN] CASHIER FORM : Combobox_KeyUp, cashierDataGridView.CurrentCell.OwningColumn.Name  [qty]
[ADMIN] [5/1/2017 13:49] [PENJUALAN] CASHIER FORM : Combobox_KeyUp, cashierDataGridView.CurrentCell.OwningColumn.Name  [qty]
[ADMIN] [5/1/2017 13:49] [PENJUALAN] CASHIER FORM : Combobox_KeyUp, cashierDataGridView.CurrentCell.OwningColumn.Name  [qty]
[ADMIN] [5/1/2017 13:49] [PENJUALAN] CASHIER FORM : Combobox_KeyUp, cashierDataGridView.CurrentCell.OwningColumn.Name  [qty]
[ADMIN] [5/1/2017 13:49] [PENJUALAN] CASHIER FORM : Combobox_KeyUp, cashierDataGridView.CurrentCell.OwningColumn.Name  [qty]
[ADMIN] [5/1/2017 13:49] [PENJUALAN] CASHIER FORM : Combobox_KeyUp, cashierDataGridView.CurrentCell.OwningColumn.Name  [qty]
[ADMIN] [5/1/2017 13:49] [PENJUALAN] CASHIER FORM : Combobox_KeyUp, cashierDataGridView.CurrentCell.OwningColumn.Name  [qty]
[ADMIN] [5/1/2017 13:49] [PENJUALAN] CASHIER FORM : Combobox_KeyUp, cashierDataGridView.CurrentCell.OwningColumn.Name  [qty]
[ADMIN] [5/1/2017 13:49] [PENJUALAN] CASHIER FORM : Combobox_KeyUp, cashierDataGridView.CurrentCell.OwningColumn.Name  [qty]
[ADMIN] [5/1/2017 13:49] [PENJUALAN] CASHIER FORM : Combobox_KeyUp, cashierDataGridView.CurrentCell.OwningColumn.Name  [qty]
[ADMIN] [5/1/2017 13:49] [PENJUALAN] CASHIER FORM : Combobox_KeyUp, cashierDataGridView.CurrentCell.OwningColumn.Name  [productPrice]
[ADMIN] [5/1/2017 13:49] [PENJUALAN] CASHIER FORM : Combobox_KeyUp, cashierDataGridView.CurrentCell.OwningColumn.Name  [productPrice]
[ADMIN] [5/1/2017 13:49] [PENJUALAN] CASHIER FORM : Combobox_KeyUp, cashierDataGridView.CurrentCell.OwningColumn.Name  [productPrice]
[ADMIN] [5/1/2017 13:49] [PENJUALAN] CASHIER FORM : Combobox_KeyUp, cashierDataGridView.CurrentCell.OwningColumn.Name  [productPrice]
[ADMIN] [5/1/2017 13:49] [PENJUALAN] CASHIER FORM : Combobox_KeyUp, cashierDataGridView.CurrentCell.OwningColumn.Name  [productPrice]
[ADMIN] [5/1/2017 13:49] [PENJUALAN] CASHIER FORM : productName_previewKeyDown, cashierDataGridView.CurrentCell.OwningColumn.Name  [productName]
[ADMIN] [5/1/2017 13:49] [PENJUALAN] CASHIER FORM : productName_previewKeyDown, cashierDataGridView.CurrentCell.OwningColumn.Name  [productName]
[ADMIN] [5/1/2017 13:49] [PENJUALAN] CASHIER FORM : productName_previewKeyDown, cashierDataGridView.CurrentCell.OwningColumn.Name  [productName]
[ADMIN] [5/1/2017 13:49] [PENJUALAN] CASHIER FORM : Combobox_previewKeyDown, cashierDataGridView.CurrentCell.OwningColumn.Name  [productID]
[ADMIN] [5/1/2017 13:49] [PENJUALAN] CASHIER FORM : Combobox_previewKeyDown, cashierDataGridView.CurrentCell.OwningColumn.Name  [productID]
[ADMIN] [5/1/2017 13:49] [PENJUALAN] CASHIER FORM : Combobox_previewKeyDown, cashierDataGridView.CurrentCell.OwningColumn.Name  [productID]
[ADMIN] [5/1/2017 13:49] [PENJUALAN] CASHIER FORM : Combobox_previewKeyDown, cashierDataGridView.CurrentCell.OwningColumn.Name  [productID]
[ADMIN] [5/1/2017 13:49] [PENJUALAN] CASHIER FORM : productName_previewKeyDown, cashierDataGridView.CurrentCell.OwningColumn.Name  [productName]
[ADMIN] [5/1/2017 13:49] [PENJUALAN] CASHIER FORM : productName_previewKeyDown, cashierDataGridView.CurrentCell.OwningColumn.Name  [productName]
[ADMIN] [5/1/2017 13:49] [PENJUALAN] CASHIER FORM : productName_previewKeyDown, cashierDataGridView.CurrentCell.OwningColumn.Name  [productName]
[ADMIN] [5/1/2017 13:49] [PENJUALAN] CASHIER FORM : productName_previewKeyDown, cashierDataGridView.CurrentCell.OwningColumn.Name  [productName]
[ADMIN] [5/1/2017 13:49] [PENJUALAN] CASHIER FORM : Combobox_KeyUp, cashierDataGridView.CurrentCell.OwningColumn.Name  [productPrice]
[ADMIN] [5/1/2017 13:49] [PENJUALAN] CASHIER FORM : Combobox_KeyUp, cashierDataGridView.CurrentCell.OwningColumn.Name  [productPrice]
[ADMIN] [5/1/2017 13:49] [PENJUALAN] CASHIER FORM : Combobox_KeyUp, cashierDataGridView.CurrentCell.OwningColumn.Name  [productPrice]
[ADMIN] [5/1/2017 13:49] [PENJUALAN] CASHIER FORM : Combobox_KeyUp, cashierDataGridView.CurrentCell.OwningColumn.Name  [productPrice]
[ADMIN] [5/1/2017 13:49] [PENJUALAN] CASHIER FORM : Combobox_KeyUp, cashierDataGridView.CurrentCell.OwningColumn.Name  [productPrice]
[ADMIN] [5/1/2017 13:49] [PENJUALAN] CASHIER FORM : Combobox_KeyUp, cashierDataGridView.CurrentCell.OwningColumn.Name  [productPrice]
[ADMIN] [5/1/2017 13:49] [PENJUALAN] CASHIER FORM : Combobox_KeyUp, cashierDataGridView.CurrentCell.OwningColumn.Name  [productPrice]
[ADMIN] [5/1/2017 13:49] [PENJUALAN] CASHIER FORM : Combobox_KeyUp, cashierDataGridView.CurrentCell.OwningColumn.Name  [productPrice]
[ADMIN] [5/1/2017 13:49] [PENJUALAN] CASHIER FORM : Combobox_KeyUp, cashierDataGridView.CurrentCell.OwningColumn.Name  [qty]
[ADMIN] [5/1/2017 13:49] [PENJUALAN] CASHIER FORM : Combobox_KeyUp, cashierDataGridView.CurrentCell.OwningColumn.Name  [qty]
[ADMIN] [5/1/2017 13:49] [PENJUALAN] CASHIER FORM : Combobox_KeyUp, cashierDataGridView.CurrentCell.OwningColumn.Name  [qty]
[ADMIN] [5/1/2017 13:49] [PENJUALAN] CASHIER FORM : Combobox_KeyUp, cashierDataGridView.CurrentCell.OwningColumn.Name  [qty]
[ADMIN] [5/1/2017 13:49] [PENJUALAN] CASHIER FORM : Combobox_KeyUp, cashierDataGridView.CurrentCell.OwningColumn.Name  [qty]
[ADMIN] [5/1/2017 13:49] [PENJUALAN] CASHIER FORM : Combobox_KeyUp, cashierDataGridView.CurrentCell.OwningColumn.Name  [qty]
[ADMIN] [5/1/2017 13:49] [PENJUALAN] CASHIER FORM : Combobox_KeyUp, cashierDataGridView.CurrentCell.OwningColumn.Name  [qty]
[ADMIN] [5/1/2017 13:49] [PENJUALAN] CASHIER FORM : Combobox_KeyUp, cashierDataGridView.CurrentCell.OwningColumn.Name  [qty]
[ADMIN] [5/1/2017 13:49] [PENJUALAN] CASHIER FORM : Combobox_KeyUp, cashierDataGridView.CurrentCell.OwningColumn.Name  [qty]
[ADMIN] [5/1/2017 13:49] [PENJUALAN] CASHIER FORM : Combobox_KeyUp, cashierDataGridView.CurrentCell.OwningColumn.Name  [qty]
[ADMIN] [5/1/2017 13:49] [PENJUALAN] CASHIER FORM : Combobox_KeyUp, cashierDataGridView.CurrentCell.OwningColumn.Name  [qty]
[ADMIN] [5/1/2017 13:49] [PENJUALAN] CASHIER FORM : Combobox_KeyUp, cashierDataGridView.CurrentCell.OwningColumn.Name  [qty]
[ADMIN] [5/1/2017 13:49] [PENJUALAN] CASHIER FORM : Combobox_KeyUp, cashierDataGridView.CurrentCell.OwningColumn.Name  [qty]
[ADMIN] [5/1/2017 13:49] [PENJUALAN] CASHIER FORM : Combobox_KeyUp, cashierDataGridView.CurrentCell.OwningColumn.Name  [qty]
[ADMIN] [5/1/2017 13:49] [PENJUALAN] CASHIER FORM : Combobox_KeyUp, cashierDataGridView.CurrentCell.OwningColumn.Name  [qty]
[ADMIN] [5/1/2017 13:49] [PENJUALAN] CASHIER FORM : Combobox_KeyUp, cashierDataGridView.CurrentCell.OwningColumn.Name  [qty]
[ADMIN] [5/1/2017 13:50] [PENJUALAN] CASHIER FORM : HOTKEY TO SAVE AND PRINT OUT INVOICE PRESSED
[ADMIN] [5/1/2017 13:50] [PENJUALAN] CASHIER FORM : UNREGISTER HOTKEY
[ADMIN] [5/1/2017 13:50] [PENJUALAN] CASHIER FORM : REGISTER HOTKEY
[ADMIN] [5/1/2017 13:50] [PENJUALAN] CASHIER FORM : UNREGISTER HOTKEY
[ADMIN] [5/1/2017 13:50] [PENJUALAN] CASHIER FORM : UNREGISTER HOTKEY
[ADMIN] [5/1/2017 13:50] [PENJUALAN] CASHIER FORM : REGISTER HOTKEY
[ADMIN] [5/1/2017 13:50] [PENJUALAN] CASHIER FORM : cashierForm_Load, ATTEMPT TO LOAD NO FAKTUR
[ADMIN] [5/1/2017 13:50] [PENJUALAN] CASHIER FORM : loadNoFaktur, noFakturValue [SLO001]
[ADMIN] [5/1/2017 13:50] [PENJUALAN] CASHIER FORM : cashierForm_Load, ATTEMPT TO addColumnToDataGrid
[ADMIN] [5/1/2017 13:50] [PENJUALAN] CASHIER FORM : UPDATE ROW NUMBER, TOTAL ROW [1]
[ADMIN] [5/1/2017 13:50] [PENJUALAN] CASHIER FORM : cashierDataGridView_CellValueChanged [F8]
[ADMIN] [5/1/2017 13:50] [PENJUALAN] CASHIER FORM : ADD NEW ROW,  isActive [True]
[ADMIN] [5/1/2017 13:50] [PENJUALAN] CASHIER FORM : ADD NEW ROW,  ROW COUNT [1]
[ADMIN] [5/1/2017 13:50] [PENJUALAN] CASHIER FORM : ADD NEW ROW,  ALLOW TO ADD [True]
[ADMIN] [5/1/2017 13:50] [PENJUALAN] CASHIER FORM : UPDATE ROW NUMBER, TOTAL ROW [2]
[ADMIN] [5/1/2017 13:50] [PENJUALAN] CASHIER FORM : calculateChangeValue, bayarTextBox.Text [0]
[ADMIN] [5/1/2017 13:50] [PENJUALAN] CASHIER FORM : calculateChangeValue, sisaBayar [0]
[ADMIN] [5/1/2017 13:50] [PENJUALAN] CASHIER FORM : REGISTER HOTKEY
[ADMIN] [5/1/2017 13:50] [PENJUALAN] CASHIER FORM : UNREGISTER HOTKEY
[ADMIN] [5/1/2017 13:50] [PENJUALAN] CASHIER FORM : UNREGISTER HOTKEY
[ADMIN] [5/1/2017 13:51] [PENJUALAN] CASHIER FORM : REGISTER HOTKEY
[ADMIN] [5/1/2017 13:51] [PENJUALAN] CASHIER FORM : cashierForm_Load, ATTEMPT TO LOAD NO FAKTUR
[ADMIN] [5/1/2017 13:51] [PENJUALAN] CASHIER FORM : loadNoFaktur, noFakturValue [SLO001]
[ADMIN] [5/1/2017 13:51] [PENJUALAN] CASHIER FORM : cashierForm_Load, ATTEMPT TO addColumnToDataGrid
[ADMIN] [5/1/2017 13:51] [PENJUALAN] CASHIER FORM : UPDATE ROW NUMBER, TOTAL ROW [1]
[ADMIN] [5/1/2017 13:51] [PENJUALAN] CASHIER FORM : cashierDataGridView_CellValueChanged [F8]
[ADMIN] [5/1/2017 13:51] [PENJUALAN] CASHIER FORM : ADD NEW ROW,  isActive [True]
[ADMIN] [5/1/2017 13:51] [PENJUALAN] CASHIER FORM : ADD NEW ROW,  ROW COUNT [1]
[ADMIN] [5/1/2017 13:51] [PENJUALAN] CASHIER FORM : ADD NEW ROW,  ALLOW TO ADD [True]
[ADMIN] [5/1/2017 13:51] [PENJUALAN] CASHIER FORM : UPDATE ROW NUMBER, TOTAL ROW [2]
[ADMIN] [5/1/2017 13:51] [PENJUALAN] CASHIER FORM : calculateChangeValue, bayarTextBox.Text [Rp1.000,00]
[ADMIN] [5/1/2017 13:51] [PENJUALAN] CASHIER FORM : calculateChangeValue, sisaBayar [0]
[ADMIN] [5/1/2017 13:51] [PENJUALAN] CASHIER FORM : REGISTER HOTKEY
[ADMIN] [5/1/2017 13:51] [PENJUALAN] CASHIER FORM : updateSomeRowContents
[ADMIN] [5/1/2017 13:51] [PENJUALAN] CASHIER FORM : updateSomeRowContents
[ADMIN] [5/1/2017 13:51] [PENJUALAN] CASHIER FORM : calculateChangeValue, bayarTextBox.Text [1000]
[ADMIN] [5/1/2017 13:51] [PENJUALAN] CASHIER FORM : calculateChangeValue, sisaBayar [0]
[ADMIN] [5/1/2017 13:51] [PENJUALAN] CASHIER FORM : ChangePrinterButton_Click, DISPLAY PRINTER SELECTION FORM
[ADMIN] [5/1/2017 13:51] [PENJUALAN] CASHIER FORM : UNREGISTER HOTKEY
[ADMIN] [5/1/2017 13:51] [PENJUALAN] CASHIER FORM : REGISTER HOTKEY
[ADMIN] [5/1/2017 13:51] [PENJUALAN] CASHIER FORM : updateSomeRowContents
[ADMIN] [5/1/2017 13:51] [PENJUALAN] CASHIER FORM : UNREGISTER HOTKEY
[ADMIN] [5/1/2017 14:05] [PENJUALAN] CASHIER FORM : REGISTER HOTKEY
[ADMIN] [5/1/2017 14:05] [PENJUALAN] CASHIER FORM : UNREGISTER HOTKEY
[ADMIN] [5/1/2017 14:05] [PENJUALAN] CASHIER FORM : UNREGISTER HOTKEY
[ADMIN] [5/1/2017 14:06] [PENJUALAN] CASHIER FORM : REGISTER HOTKEY
[ADMIN] [5/1/2017 14:06] [PENJUALAN] CASHIER FORM : cashierForm_Load, ATTEMPT TO LOAD NO FAKTUR
[ADMIN] [5/1/2017 14:06] [PENJUALAN] CASHIER FORM : loadNoFaktur, noFakturValue [SLO001]
[ADMIN] [5/1/2017 14:06] [PENJUALAN] CASHIER FORM : cashierForm_Load, ATTEMPT TO addColumnToDataGrid
[ADMIN] [5/1/2017 14:06] [PENJUALAN] CASHIER FORM : UPDATE ROW NUMBER, TOTAL ROW [1]
[ADMIN] [5/1/2017 14:06] [PENJUALAN] CASHIER FORM : cashierDataGridView_CellValueChanged [F8]
[ADMIN] [5/1/2017 14:06] [PENJUALAN] CASHIER FORM : ADD NEW ROW,  isActive [True]
[ADMIN] [5/1/2017 14:06] [PENJUALAN] CASHIER FORM : ADD NEW ROW,  ROW COUNT [1]
[ADMIN] [5/1/2017 14:06] [PENJUALAN] CASHIER FORM : ADD NEW ROW,  ALLOW TO ADD [True]
[ADMIN] [5/1/2017 14:06] [PENJUALAN] CASHIER FORM : UPDATE ROW NUMBER, TOTAL ROW [2]
[ADMIN] [5/1/2017 14:06] [PENJUALAN] CASHIER FORM : calculateChangeValue, bayarTextBox.Text [Rp1.000,00]
[ADMIN] [5/1/2017 14:06] [PENJUALAN] CASHIER FORM : calculateChangeValue, sisaBayar [0]
[ADMIN] [5/1/2017 14:06] [PENJUALAN] CASHIER FORM : REGISTER HOTKEY
[ADMIN] [5/1/2017 14:06] [PENJUALAN] CASHIER FORM : UNREGISTER HOTKEY
[ADMIN] [5/1/2017 14:06] [PENJUALAN] CASHIER FORM : UNREGISTER HOTKEY
[] [5/1/2017 14:28] [] USER = ADMIN IS ACTIVE
[ADMIN] [5/1/2017 14:28] [] USER ID = 1 LOGIN SUCCESSFULLY
[ADMIN] [5/1/2017 14:28] [] ACTIVATE USER ACCESS RIGHT
[ADMIN] [5/1/2017 14:28] [] DISPLAY ADMIN FORM
[ADMIN] [5/1/2017 14:28] [] adminForm Load
[ADMIN] [5/1/2017 14:28] [] ACTIVATE USER ACCESS RIGHT
[ADMIN] [5/1/2017 14:32] [] DAILY STOCK TAKE : detailDataGrid_CellValueChanged [akhirRiil]
[ADMIN] [5/1/2017 14:32] [] DAILY STOCK TAKE : detailDataGrid_CellValueChanged [akhirRiil]
[ADMIN] [5/1/2017 14:32] [] DAILY STOCK TAKE : detailDataGrid_CellValueChanged [akhirRiil]
[ADMIN] [5/1/2017 14:32] [] DAILY STOCK TAKE : detailDataGrid_CellValueChanged [akhirRiil]
[ADMIN] [5/1/2017 14:32] [] DAILY STOCK TAKE : detailDataGrid_CellValueChanged [akhirRiil]
[ADMIN] [5/1/2017 14:32] [] DAILY STOCK TAKE : detailDataGrid_CellValueChanged [akhirRiil]
[ADMIN] [5/1/2017 14:32] [] DAILY STOCK TAKE : detailDataGrid_CellValueChanged [akhirRiil]
[ADMIN] [5/1/2017 14:32] [] DAILY STOCK TAKE : detailDataGrid_CellValueChanged [akhirRiil]
[ADMIN] [5/1/2017 14:32] [] DAILY STOCK TAKE : detailDataGrid_CellValueChanged [akhirRiil]
[ADMIN] [5/1/2017 14:32] [] DAILY STOCK TAKE : detailDataGrid_CellValueChanged [akhirRiil]
[ADMIN] [5/1/2017 14:32] [] DAILY STOCK TAKE : detailDataGrid_CellValueChanged [akhirRiil]
[ADMIN] [5/1/2017 14:32] [] DAILY STOCK TAKE : detailDataGrid_CellValueChanged [akhirRiil]
[ADMIN] [5/1/2017 14:35] [] [TUTUP TOKO] FAILED TO CONNECT TO CENTRAL HQ
[ADMIN] [5/1/2017 14:35] [] [TUTUP TOKO] FAILED TO UPDATE LAST SUCCESS DATE [Object reference not set to an instance of an object.]
[ADMIN] [5/1/2017 14:35] [] USER ID = 1LOGOUT
[ADMIN] [5/1/2017 14:35] [] USER = ADMIN IS ACTIVE
[ADMIN] [5/1/2017 14:35] [] USER ID = 1 LOGIN SUCCESSFULLY
[ADMIN] [5/1/2017 14:35] [] ACTIVATE USER ACCESS RIGHT
[ADMIN] [5/1/2017 14:35] [] DISPLAY ADMIN FORM
[ADMIN] [5/1/2017 14:35] [] adminForm Load
[ADMIN] [5/1/2017 14:35] [] ACTIVATE USER ACCESS RIGHT
[ADMIN] [5/1/2017 14:35] [] [TUTUP TOKO] FAILED TO CONNECT TO CENTRAL HQ
[ADMIN] [5/1/2017 14:35] [] [TUTUP TOKO] FAILED TO UPDATE LAST SUCCESS DATE [Object reference not set to an instance of an object.]
[ADMIN] [5/1/2017 14:35] [] USER ID = 1LOGOUT
