[] [5/3/2017 22:08] [] USER = ADMIN IS ACTIVE
[ADMIN] [5/3/2017 22:08] [] USER ID = 1 LOGIN SUCCESSFULLY
[ADMIN] [5/3/2017 22:08] [] ACTIVATE USER ACCESS RIGHT
[ADMIN] [5/3/2017 22:08] [] DISPLAY ADMIN FORM
[ADMIN] [5/3/2017 22:08] [] adminForm Load
[ADMIN] [5/3/2017 22:08] [] ACTIVATE USER ACCESS RIGHT
[ADMIN] [5/3/2017 22:09] [PENJUALAN] CASHIER FORM : REGISTER HOTKEY
[ADMIN] [5/3/2017 22:09] [PENJUALAN] CASHIER FORM : cashierForm_Load, ATTEMPT TO LOAD NO FAKTUR
[ADMIN] [5/3/2017 22:09] [PENJUALAN] CASHIER FORM : loadNoFaktur, noFakturValue [SLO001]
[ADMIN] [5/3/2017 22:09] [PENJUALAN] CASHIER FORM : cashierForm_Load, ATTEMPT TO addColumnToDataGrid
[ADMIN] [5/3/2017 22:09] [PENJUALAN] CASHIER FORM : UPDATE ROW NUMBER, TOTAL ROW [1]
[ADMIN] [5/3/2017 22:09] [PENJUALAN] CASHIER FORM : cashierDataGridView_CellValueChanged [F8]
[ADMIN] [5/3/2017 22:09] [PENJUALAN] CASHIER FORM : REGISTER HOTKEY
[ADMIN] [5/3/2017 22:09] [PENJUALAN] CASHIER FORM : Combobox_previewKeyDown, cashierDataGridView.CurrentCell.OwningColumn.Name  [productID]
[ADMIN] [5/3/2017 22:09] [PENJUALAN] CASHIER FORM : UPDATE ROW NUMBER, TOTAL ROW [2]
[ADMIN] [5/3/2017 22:09] [PENJUALAN] CASHIER FORM : cashierDataGridView_CellValueChanged [F8]
[ADMIN] [5/3/2017 22:09] [PENJUALAN] CASHIER FORM : cashierDataGridView_CellValueChanged [productID]
[ADMIN] [5/3/2017 22:09] [PENJUALAN] CASHIER FORM : Combobox_KeyUp, cashierDataGridView.CurrentCell.OwningColumn.Name  [productID]
[ADMIN] [5/3/2017 22:09] [PENJUALAN] CASHIER FORM : Combobox_previewKeyDown, cashierDataGridView.CurrentCell.OwningColumn.Name  [productID]
[ADMIN] [5/3/2017 22:09] [PENJUALAN] CASHIER FORM : cashierDataGridView_CellValueChanged [productID]
[ADMIN] [5/3/2017 22:09] [PENJUALAN] CASHIER FORM : Combobox_KeyUp, cashierDataGridView.CurrentCell.OwningColumn.Name  [productID]
[ADMIN] [5/3/2017 22:09] [PENJUALAN] CASHIER FORM : Combobox_previewKeyDown, cashierDataGridView.CurrentCell.OwningColumn.Name  [productID]
[ADMIN] [5/3/2017 22:09] [PENJUALAN] CASHIER FORM : cashierDataGridView_CellValueChanged [productID]
[ADMIN] [5/3/2017 22:09] [PENJUALAN] CASHIER FORM : Combobox_KeyUp, cashierDataGridView.CurrentCell.OwningColumn.Name  [productID]
[ADMIN] [5/3/2017 22:09] [PENJUALAN] CASHIER FORM : Combobox_previewKeyDown, cashierDataGridView.CurrentCell.OwningColumn.Name  [productID]
[ADMIN] [5/3/2017 22:09] [PENJUALAN] CASHIER FORM : cashierDataGridView_CellValueChanged [productID]
[ADMIN] [5/3/2017 22:09] [PENJUALAN] CASHIER FORM : Combobox_previewKeyDown, cashierDataGridView.CurrentCell.OwningColumn.Name  [productID]
[ADMIN] [5/3/2017 22:09] [PENJUALAN] CASHIER FORM : cashierDataGridView_CellValueChanged [productID]
[ADMIN] [5/3/2017 22:09] [PENJUALAN] CASHIER FORM : Combobox_KeyUp, cashierDataGridView.CurrentCell.OwningColumn.Name  [productID]
[ADMIN] [5/3/2017 22:09] [PENJUALAN] CASHIER FORM : Combobox_KeyUp, cashierDataGridView.CurrentCell.OwningColumn.Name  [productID]
[ADMIN] [5/3/2017 22:09] [PENJUALAN] CASHIER FORM : Combobox_previewKeyDown, cashierDataGridView.CurrentCell.OwningColumn.Name  [productID]
[ADMIN] [5/3/2017 22:09] [PENJUALAN] CASHIER FORM : updateSomeRowContents
[ADMIN] [5/3/2017 22:09] [PENJUALAN] CASHIER FORM : cashierDataGridView_CellValueChanged [productName]
[ADMIN] [5/3/2017 22:09] [PENJUALAN] CASHIER FORM : PRODUCT PRICE TYPE [PRODUCT_BASE_PRICE]
[ADMIN] [5/3/2017 22:09] [PENJUALAN] CASHIER FORM : PRODUCT PRICE [10]
[ADMIN] [5/3/2017 22:09] [PENJUALAN] CASHIER FORM : ComboBox_SelectedIndexChanged, PRODUCT_BASE_PRICE [10]
[ADMIN] [5/3/2017 22:09] [PENJUALAN] CASHIER FORM : cashierDataGridView_CellValueChanged [hpp]
[ADMIN] [5/3/2017 22:09] [PENJUALAN] CASHIER FORM : PRODUCT PRICE TYPE [PRODUCT_RETAIL_PRICE]
[ADMIN] [5/3/2017 22:09] [PENJUALAN] CASHIER FORM : PRODUCT PRICE [1000]
[ADMIN] [5/3/2017 22:09] [PENJUALAN] CASHIER FORM : ComboBox_SelectedIndexChanged, PRODUCT_SALES_PRICE [1000]
[ADMIN] [5/3/2017 22:09] [PENJUALAN] CASHIER FORM : cashierDataGridView_CellValueChanged [productPrice]
[ADMIN] [5/3/2017 22:09] [PENJUALAN] CASHIER FORM : cashierDataGridView_CellValueChanged, previousInput [0]
[ADMIN] [5/3/2017 22:09] [PENJUALAN] CASHIER FORM : cashierDataGridView_CellValueChanged, cellValue [1000]
[ADMIN] [5/3/2017 22:09] [PENJUALAN] CASHIER FORM : cashierDataGridView_CellValueChanged, dataGridViewTextBoxEditingControl.Text pass REGEX Checking
[ADMIN] [5/3/2017 22:09] [PENJUALAN] CASHIER FORM : CALCULATE SUBTOTAL
[ADMIN] [5/3/2017 22:09] [PENJUALAN] CASHIER FORM : SUBTOTAL [0]
[ADMIN] [5/3/2017 22:09] [PENJUALAN] CASHIER FORM : cashierDataGridView_CellValueChanged, subtotal value [0]
[ADMIN] [5/3/2017 22:09] [PENJUALAN] CASHIER FORM : cashierDataGridView_CellValueChanged, attempt to calculate total value
[ADMIN] [5/3/2017 22:09] [PENJUALAN] CASHIER FORM : calculateTotal
[ADMIN] [5/3/2017 22:09] [PENJUALAN] CASHIER FORM : calculateTotal [0]
[ADMIN] [5/3/2017 22:09] [PENJUALAN] CASHIER FORM : calculateTotal, totalAfterDisc [0]
[ADMIN] [5/3/2017 22:09] [PENJUALAN] CASHIER FORM : calculateChangeValue, bayarTextBox.Text [0]
[ADMIN] [5/3/2017 22:09] [PENJUALAN] CASHIER FORM : calculateChangeValue, sisaBayar [0]
[ADMIN] [5/3/2017 22:09] [PENJUALAN] CASHIER FORM : cashierDataGridView_CellValueChanged [qty]
[ADMIN] [5/3/2017 22:09] [PENJUALAN] CASHIER FORM : cashierDataGridView_CellValueChanged, previousInput [0]
[ADMIN] [5/3/2017 22:09] [PENJUALAN] CASHIER FORM : cashierDataGridView_CellValueChanged [jumlah]
[ADMIN] [5/3/2017 22:09] [PENJUALAN] CASHIER FORM : calculateTotal
[ADMIN] [5/3/2017 22:09] [PENJUALAN] CASHIER FORM : calculateTotal [0]
[ADMIN] [5/3/2017 22:09] [PENJUALAN] CASHIER FORM : calculateTotal, totalAfterDisc [0]
[ADMIN] [5/3/2017 22:09] [PENJUALAN] CASHIER FORM : calculateChangeValue, bayarTextBox.Text [0]
[ADMIN] [5/3/2017 22:09] [PENJUALAN] CASHIER FORM : calculateChangeValue, sisaBayar [0]
[ADMIN] [5/3/2017 22:09] [PENJUALAN] CASHIER FORM : updateSomeRowContents
[ADMIN] [5/3/2017 22:09] [PENJUALAN] CASHIER FORM : Combobox_KeyUp, cashierDataGridView.CurrentCell.OwningColumn.Name  [qty]
[ADMIN] [5/3/2017 22:09] [PENJUALAN] CASHIER FORM : cashierDataGridView_CellValueChanged [qty]
[ADMIN] [5/3/2017 22:09] [PENJUALAN] CASHIER FORM : cashierDataGridView_CellValueChanged, previousInput [0]
[ADMIN] [5/3/2017 22:09] [PENJUALAN] CASHIER FORM : cashierDataGridView_CellValueChanged, cellValue [2]
[ADMIN] [5/3/2017 22:09] [PENJUALAN] CASHIER FORM : cashierDataGridView_CellValueChanged, dataGridViewTextBoxEditingControl.Text pass REGEX Checking
[ADMIN] [5/3/2017 22:09] [PENJUALAN] CASHIER FORM : CHECK STOCK QTY IS ENOUGH [RT001]
[ADMIN] [5/3/2017 22:09] [PENJUALAN] CASHIER FORM : CHECK STOCK QTY IS ENOUGH [949, 2]
[ADMIN] [5/3/2017 22:09] [PENJUALAN] CASHIER FORM : CALCULATE SUBTOTAL
[ADMIN] [5/3/2017 22:09] [PENJUALAN] CASHIER FORM : SUBTOTAL [2000]
[ADMIN] [5/3/2017 22:09] [PENJUALAN] CASHIER FORM : cashierDataGridView_CellValueChanged, subtotal value [2000]
[ADMIN] [5/3/2017 22:09] [PENJUALAN] CASHIER FORM : cashierDataGridView_CellValueChanged, attempt to calculate total value
[ADMIN] [5/3/2017 22:09] [PENJUALAN] CASHIER FORM : calculateTotal
[ADMIN] [5/3/2017 22:09] [PENJUALAN] CASHIER FORM : calculateTotal [2000]
[ADMIN] [5/3/2017 22:09] [PENJUALAN] CASHIER FORM : calculateTotal, totalAfterDisc [2000]
[ADMIN] [5/3/2017 22:09] [PENJUALAN] CASHIER FORM : calculateChangeValue, bayarTextBox.Text [0]
[ADMIN] [5/3/2017 22:09] [PENJUALAN] CASHIER FORM : calculateChangeValue, sisaBayar [0]
[ADMIN] [5/3/2017 22:09] [PENJUALAN] CASHIER FORM : Combobox_KeyUp, cashierDataGridView.CurrentCell.OwningColumn.Name  [qty]
[ADMIN] [5/3/2017 22:09] [PENJUALAN] CASHIER FORM : cashierDataGridView_CellValueChanged [qty]
[ADMIN] [5/3/2017 22:09] [PENJUALAN] CASHIER FORM : cashierDataGridView_CellValueChanged, previousInput [2]
[ADMIN] [5/3/2017 22:09] [PENJUALAN] CASHIER FORM : cashierDataGridView_CellValueChanged, dataGridViewTextBoxEditingControl.Text pass REGEX Checking
[ADMIN] [5/3/2017 22:09] [PENJUALAN] CASHIER FORM : CHECK STOCK QTY IS ENOUGH [RT001]
[ADMIN] [5/3/2017 22:09] [PENJUALAN] CASHIER FORM : CHECK STOCK QTY IS ENOUGH [949, 20]
[ADMIN] [5/3/2017 22:09] [PENJUALAN] CASHIER FORM : CALCULATE SUBTOTAL
[ADMIN] [5/3/2017 22:09] [PENJUALAN] CASHIER FORM : SUBTOTAL [20000]
[ADMIN] [5/3/2017 22:09] [PENJUALAN] CASHIER FORM : cashierDataGridView_CellValueChanged, subtotal value [20000]
[ADMIN] [5/3/2017 22:09] [PENJUALAN] CASHIER FORM : cashierDataGridView_CellValueChanged, attempt to calculate total value
[ADMIN] [5/3/2017 22:09] [PENJUALAN] CASHIER FORM : calculateTotal
[ADMIN] [5/3/2017 22:09] [PENJUALAN] CASHIER FORM : calculateTotal [20000]
[ADMIN] [5/3/2017 22:09] [PENJUALAN] CASHIER FORM : calculateTotal, totalAfterDisc [20000]
[ADMIN] [5/3/2017 22:09] [PENJUALAN] CASHIER FORM : calculateChangeValue, bayarTextBox.Text [0]
[ADMIN] [5/3/2017 22:09] [PENJUALAN] CASHIER FORM : calculateChangeValue, sisaBayar [0]
[ADMIN] [5/3/2017 22:09] [PENJUALAN] CASHIER FORM : Combobox_KeyUp, cashierDataGridView.CurrentCell.OwningColumn.Name  [qty]
[ADMIN] [5/3/2017 22:09] [PENJUALAN] CASHIER FORM : cashierDataGridView_CellValueChanged [qty]
[ADMIN] [5/3/2017 22:09] [PENJUALAN] CASHIER FORM : cashierDataGridView_CellValueChanged, previousInput [20]
[ADMIN] [5/3/2017 22:09] [PENJUALAN] CASHIER FORM : cashierDataGridView_CellValueChanged, dataGridViewTextBoxEditingControl.Text pass REGEX Checking
[ADMIN] [5/3/2017 22:09] [PENJUALAN] CASHIER FORM : CHECK STOCK QTY IS ENOUGH [RT001]
[ADMIN] [5/3/2017 22:09] [PENJUALAN] CASHIER FORM : CHECK STOCK QTY IS ENOUGH [949, 200]
[ADMIN] [5/3/2017 22:09] [PENJUALAN] CASHIER FORM : CALCULATE SUBTOTAL
[ADMIN] [5/3/2017 22:09] [PENJUALAN] CASHIER FORM : SUBTOTAL [200000]
[ADMIN] [5/3/2017 22:09] [PENJUALAN] CASHIER FORM : cashierDataGridView_CellValueChanged, subtotal value [200000]
[ADMIN] [5/3/2017 22:09] [PENJUALAN] CASHIER FORM : cashierDataGridView_CellValueChanged, attempt to calculate total value
[ADMIN] [5/3/2017 22:09] [PENJUALAN] CASHIER FORM : calculateTotal
[ADMIN] [5/3/2017 22:09] [PENJUALAN] CASHIER FORM : calculateTotal [200000]
[ADMIN] [5/3/2017 22:09] [PENJUALAN] CASHIER FORM : calculateTotal, totalAfterDisc [200000]
[ADMIN] [5/3/2017 22:09] [PENJUALAN] CASHIER FORM : calculateChangeValue, bayarTextBox.Text [0]
[ADMIN] [5/3/2017 22:09] [PENJUALAN] CASHIER FORM : calculateChangeValue, sisaBayar [0]
[ADMIN] [5/3/2017 22:09] [PENJUALAN] CASHIER FORM : Combobox_KeyUp, cashierDataGridView.CurrentCell.OwningColumn.Name  [qty]
[ADMIN] [5/3/2017 22:09] [PENJUALAN] CASHIER FORM : calculateChangeValue, bayarTextBox.Text [10]
[ADMIN] [5/3/2017 22:09] [PENJUALAN] CASHIER FORM : calculateChangeValue, sisaBayar [0]
[ADMIN] [5/3/2017 22:09] [PENJUALAN] CASHIER FORM : calculateChangeValue, bayarTextBox.Text [100]
[ADMIN] [5/3/2017 22:09] [PENJUALAN] CASHIER FORM : calculateChangeValue, sisaBayar [0]
[ADMIN] [5/3/2017 22:09] [PENJUALAN] CASHIER FORM : calculateChangeValue, bayarTextBox.Text [100]
[ADMIN] [5/3/2017 22:09] [PENJUALAN] CASHIER FORM : calculateChangeValue, sisaBayar [0]
[ADMIN] [5/3/2017 22:09] [PENJUALAN] CASHIER FORM : HOTKEY TO SAVE AND PRINT OUT INVOICE PRESSED
[ADMIN] [5/3/2017 22:09] [PENJUALAN] CASHIER FORM : UNREGISTER HOTKEY
[ADMIN] [5/3/2017 22:09] [PENJUALAN] CASHIER FORM : REGISTER HOTKEY
[ADMIN] [5/3/2017 22:09] [PENJUALAN] ATTEMPT TO SAVE AND PRINT OUT INVOICE
[ADMIN] [5/3/2017 22:09] [PENJUALAN] CASHIER FORM : UNREGISTER HOTKEY
[ADMIN] [5/3/2017 22:09] [PENJUALAN] CASHIER FORM : REGISTER HOTKEY
[ADMIN] [5/3/2017 22:09] [PENJUALAN] CASHIER FORM : DISPLAY PELANGGAN FORM
[ADMIN] [5/3/2017 22:09] [PENJUALAN] CASHIER FORM : UNREGISTER HOTKEY
[ADMIN] [5/3/2017 22:09] [PENJUALAN] CASHIER FORM : SELECTED CUSTOMER ID [1]
[ADMIN] [5/3/2017 22:09] [PENJUALAN] CASHIER FORM : ATTEMPT TO SET CUSTOMER PROFILE
[ADMIN] [5/3/2017 22:09] [PENJUALAN] CASHIER FORM : SET CUSTOMER PROFILE [ANDRI]
[ADMIN] [5/3/2017 22:09] [PENJUALAN] CASHIER FORM : CUSTOMER GROUP [P-UMUM [ECER]]
[ADMIN] [5/3/2017 22:09] [PENJUALAN] CASHIER FORM : FINISHED SET CUSTOMER PROFILE
[ADMIN] [5/3/2017 22:09] [PENJUALAN] CASHIER FORM : ATTEMPT TO REFRESH PRODUCT PRICE
[ADMIN] [5/3/2017 22:09] [PENJUALAN] CASHIER FORM : PRODUCT PRICE TYPE [PRODUCT_RETAIL_PRICE]
[ADMIN] [5/3/2017 22:09] [PENJUALAN] CASHIER FORM : PRODUCT PRICE [1000]
[ADMIN] [5/3/2017 22:09] [PENJUALAN] CASHIER FORM : CALCULATE SUBTOTAL
[ADMIN] [5/3/2017 22:09] [PENJUALAN] CASHIER FORM : SUBTOTAL [200000]
[ADMIN] [5/3/2017 22:09] [PENJUALAN] CASHIER FORM : calculateTotal
[ADMIN] [5/3/2017 22:09] [PENJUALAN] CASHIER FORM : calculateTotal [200000]
[ADMIN] [5/3/2017 22:09] [PENJUALAN] CASHIER FORM : calculateTotal, totalAfterDisc [200000]
[ADMIN] [5/3/2017 22:09] [PENJUALAN] CASHIER FORM : calculateChangeValue, bayarTextBox.Text [Rp100]
[ADMIN] [5/3/2017 22:09] [PENJUALAN] CASHIER FORM : calculateChangeValue, sisaBayar [0]
[ADMIN] [5/3/2017 22:09] [PENJUALAN] CASHIER FORM : PRODUCT PRICE REFRESHED
[ADMIN] [5/3/2017 22:09] [PENJUALAN] CASHIER FORM : REGISTER HOTKEY
[ADMIN] [5/3/2017 22:09] [PENJUALAN] CASHIER FORM : HOTKEY TO SAVE AND PRINT OUT INVOICE PRESSED
[ADMIN] [5/3/2017 22:09] [PENJUALAN] CASHIER FORM : UNREGISTER HOTKEY
[ADMIN] [5/3/2017 22:09] [PENJUALAN] CASHIER FORM : REGISTER HOTKEY
[ADMIN] [5/3/2017 22:09] [PENJUALAN] ATTEMPT TO SAVE AND PRINT OUT INVOICE
[ADMIN] [5/3/2017 22:09] [PENJUALAN] CASHIER FORM : UNREGISTER HOTKEY
[ADMIN] [5/3/2017 22:09] [PENJUALAN] CASHIER FORM : ATTEMPT TO SAVE SALES DATA [03-05-2017 22:09]
[ADMIN] [5/3/2017 22:09] [PENJUALAN] CASHIER FORM : SALES DISC FINAL [Rp0]
[ADMIN] [5/3/2017 22:09] [PENJUALAN] CASHIER FORM : CASH SALES
[ADMIN] [5/3/2017 22:09] [PENJUALAN] CASHIER FORM : MAX SALES INVOICE [1]
[ADMIN] [5/3/2017 22:09] [PENJUALAN] CASHIER FORM : SALES INVOICE [SQ-2]
[ADMIN] [5/3/2017 22:09] [PENJUALAN] INSERT INTO SALES QUOTATION HEADER [SQ-2]
[ADMIN] [5/3/2017 22:09] [PENJUALAN] INSERT INTO SALES QUOTATION DETAIL[RT001, 1000, 200]
[ADMIN] [5/3/2017 22:09] [PENJUALAN] CASHIER FORM : REGISTER HOTKEY
[ADMIN] [5/3/2017 22:09] [PENJUALAN] TRANSACTION SAVED
[ADMIN] [5/3/2017 22:09] [PENJUALAN] SAVE DP PAYMENT TO PAYMENT CREDIT
[ADMIN] [5/3/2017 22:09] [PENJUALAN] CASHIER FORM : UNREGISTER HOTKEY
[ADMIN] [5/3/2017 22:10] [PENJUALAN] CASHIER FORM : REGISTER HOTKEY
[ADMIN] [5/3/2017 22:10] [PENJUALAN] CASHIER FORM : UNREGISTER HOTKEY
[ADMIN] [5/3/2017 22:10] [PENJUALAN] CASHIER FORM : REGISTER HOTKEY
[ADMIN] [5/3/2017 22:10] [PENJUALAN] SAVE DP PAYMENT TO PAYMENT CREDIT FAILED
[ADMIN] [5/3/2017 22:10] [PENJUALAN] PRINT OUT INVOICE
[ADMIN] [5/3/2017 22:10] [PENJUALAN] CASHIER FORM : PrintReceipt
[ADMIN] [5/3/2017 22:10] [PENJUALAN] CASHIER FORM : PrintReceipt, POS size Paper
[ADMIN] [5/3/2017 22:10] [PENJUALAN] CASHIER FORM : printDocument1_PrintPage, print POS size receipt
[ADMIN] [5/3/2017 22:10] [PENJUALAN] CASHIER FORM : calculatePageLength, totalLengthPage [355]
[ADMIN] [5/3/2017 22:10] [PENJUALAN] CASHIER FORM : UNREGISTER HOTKEY
[ADMIN] [5/3/2017 22:10] [PENJUALAN] CASHIER FORM : printDocument1_PrintPage, print POS size receipt
[ADMIN] [5/3/2017 22:10] [PENJUALAN] CASHIER FORM : loadNamaUser
[ADMIN] [5/3/2017 22:10] [PENJUALAN] CASHIER FORM : REGISTER HOTKEY
[ADMIN] [5/3/2017 22:10] [PENJUALAN] CASHIER FORM : UNREGISTER HOTKEY
[ADMIN] [5/3/2017 22:10] [PENJUALAN] CASHIER FORM : REGISTER HOTKEY
[ADMIN] [5/3/2017 22:10] [PENJUALAN] CASHIER FORM : HOTKEY TO SAVE AND PRINT OUT INVOICE PRESSED
[ADMIN] [5/3/2017 22:10] [PENJUALAN] CASHIER FORM : UNREGISTER HOTKEY
[ADMIN] [5/3/2017 22:10] [PENJUALAN] CASHIER FORM : REGISTER HOTKEY
[ADMIN] [5/3/2017 22:10] [PENJUALAN] ATTEMPT TO SAVE AND PRINT OUT INVOICE
[ADMIN] [5/3/2017 22:10] [PENJUALAN] CASHIER FORM : UNREGISTER HOTKEY
[ADMIN] [5/3/2017 22:10] [PENJUALAN] CASHIER FORM : ATTEMPT TO SAVE SALES DATA [03-05-2017 22:09]
[ADMIN] [5/3/2017 22:10] [PENJUALAN] CASHIER FORM : SALES DISC FINAL [Rp0]
[ADMIN] [5/3/2017 22:10] [PENJUALAN] CASHIER FORM : CASH SALES
[ADMIN] [5/3/2017 22:10] [PENJUALAN] CASHIER FORM : MAX SALES INVOICE [2]
[ADMIN] [5/3/2017 22:10] [PENJUALAN] CASHIER FORM : SALES INVOICE [SQ-3]
[ADMIN] [5/3/2017 22:10] [PENJUALAN] INSERT INTO SALES QUOTATION HEADER [SQ-3]
[ADMIN] [5/3/2017 22:10] [PENJUALAN] INSERT INTO SALES QUOTATION DETAIL[RT001, 1000, 200]
[ADMIN] [5/3/2017 22:10] [PENJUALAN] CASHIER FORM : REGISTER HOTKEY
[ADMIN] [5/3/2017 22:10] [PENJUALAN] TRANSACTION SAVED
[ADMIN] [5/3/2017 22:10] [PENJUALAN] SAVE DP PAYMENT TO PAYMENT CREDIT
[] [5/3/2017 22:13] [] USER = ADMIN IS ACTIVE
[ADMIN] [5/3/2017 22:13] [] USER ID = 1 LOGIN SUCCESSFULLY
[ADMIN] [5/3/2017 22:13] [] ACTIVATE USER ACCESS RIGHT
[ADMIN] [5/3/2017 22:13] [] DISPLAY ADMIN FORM
[ADMIN] [5/3/2017 22:13] [] adminForm Load
[ADMIN] [5/3/2017 22:13] [] ACTIVATE USER ACCESS RIGHT
[ADMIN] [5/3/2017 22:16] [PENJUALAN] CASHIER FORM : REGISTER HOTKEY
[ADMIN] [5/3/2017 22:16] [PENJUALAN] CASHIER FORM : cashierForm_Load, ATTEMPT TO LOAD NO FAKTUR
[ADMIN] [5/3/2017 22:16] [PENJUALAN] CASHIER FORM : loadNoFaktur, noFakturValue [SLO001]
[ADMIN] [5/3/2017 22:16] [PENJUALAN] CASHIER FORM : cashierForm_Load, ATTEMPT TO addColumnToDataGrid
[ADMIN] [5/3/2017 22:16] [PENJUALAN] CASHIER FORM : UPDATE ROW NUMBER, TOTAL ROW [1]
[ADMIN] [5/3/2017 22:16] [PENJUALAN] CASHIER FORM : cashierDataGridView_CellValueChanged [F8]
[ADMIN] [5/3/2017 22:16] [PENJUALAN] CASHIER FORM : ADD NEW ROW,  isActive [True]
[ADMIN] [5/3/2017 22:16] [PENJUALAN] CASHIER FORM : ADD NEW ROW,  ROW COUNT [1]
[ADMIN] [5/3/2017 22:16] [PENJUALAN] CASHIER FORM : ADD NEW ROW,  ALLOW TO ADD [True]
[ADMIN] [5/3/2017 22:16] [PENJUALAN] CASHIER FORM : UPDATE ROW NUMBER, TOTAL ROW [2]
[ADMIN] [5/3/2017 22:16] [PENJUALAN] CASHIER FORM : calculateChangeValue, bayarTextBox.Text [Rp100,00]
[ADMIN] [5/3/2017 22:16] [PENJUALAN] CASHIER FORM : calculateChangeValue, sisaBayar [0]
[ADMIN] [5/3/2017 22:16] [PENJUALAN] CASHIER FORM : REGISTER HOTKEY
[ADMIN] [5/3/2017 22:16] [PENJUALAN] CASHIER FORM : calculateChangeValue, bayarTextBox.Text [100]
[ADMIN] [5/3/2017 22:16] [PENJUALAN] CASHIER FORM : calculateChangeValue, sisaBayar [0]
[ADMIN] [5/3/2017 22:17] [PENJUALAN] CASHIER FORM : calculateChangeValue, bayarTextBox.Text [1000]
[ADMIN] [5/3/2017 22:17] [PENJUALAN] CASHIER FORM : calculateChangeValue, sisaBayar [0]
[ADMIN] [5/3/2017 22:17] [PENJUALAN] CASHIER FORM : calculateChangeValue, bayarTextBox.Text [1000]
[ADMIN] [5/3/2017 22:17] [PENJUALAN] CASHIER FORM : calculateChangeValue, sisaBayar [0]
[ADMIN] [5/3/2017 22:17] [PENJUALAN] CASHIER FORM : discJualMaskedTextBox_Validating, totalAfterDisc [199900]
[ADMIN] [5/3/2017 22:17] [PENJUALAN] CASHIER FORM : calculateChangeValue, bayarTextBox.Text [Rp1.000]
[ADMIN] [5/3/2017 22:17] [PENJUALAN] CASHIER FORM : calculateChangeValue, sisaBayar [0]
[ADMIN] [5/3/2017 22:17] [PENJUALAN] CASHIER FORM : discJualMaskedTextBox_Validating, totalAfterDisc [199900]
[ADMIN] [5/3/2017 22:17] [PENJUALAN] CASHIER FORM : calculateChangeValue, bayarTextBox.Text [Rp1.000]
[ADMIN] [5/3/2017 22:17] [PENJUALAN] CASHIER FORM : calculateChangeValue, sisaBayar [0]
[ADMIN] [5/3/2017 22:17] [PENJUALAN] CASHIER FORM : calculateChangeValue, bayarTextBox.Text [1000]
[ADMIN] [5/3/2017 22:17] [PENJUALAN] CASHIER FORM : calculateChangeValue, sisaBayar [0]
[ADMIN] [5/3/2017 22:17] [PENJUALAN] CASHIER FORM : calculateChangeValue, bayarTextBox.Text [1000]
[ADMIN] [5/3/2017 22:17] [PENJUALAN] CASHIER FORM : calculateChangeValue, sisaBayar [0]
[ADMIN] [5/3/2017 22:17] [PENJUALAN] CASHIER FORM : UNREGISTER HOTKEY
[ADMIN] [5/3/2017 22:17] [PENJUALAN] CASHIER FORM : REGISTER HOTKEY
[ADMIN] [5/3/2017 22:17] [PENJUALAN] CASHIER FORM : UNREGISTER HOTKEY
[ADMIN] [5/3/2017 22:17] [PENJUALAN] CASHIER FORM : UNREGISTER HOTKEY
[ADMIN] [5/3/2017 22:17] [] USER ID = 1LOGOUT
