[] [11/25/2016 12:06] [] USER = ADMIN IS ACTIVE
[ADMIN] [11/25/2016 12:06] [] USER ID = 1 LOGIN SUCCESSFULLY
[ADMIN] [11/25/2016 12:06] [] ACTIVATE USER ACCESS RIGHT
[ADMIN] [11/25/2016 12:06] [] DISPLAY ADMIN FORM
[ADMIN] [11/25/2016 12:06] [] adminForm Load
[ADMIN] [11/25/2016 12:06] [] ACTIVATE USER ACCESS RIGHT
[ADMIN] [11/25/2016 12:06] [PENJUALAN] CASHIER FORM : REGISTER HOTKEY
[ADMIN] [11/25/2016 12:06] [PENJUALAN] CASHIER FORM : cashierForm_Load, ATTEMPT TO LOAD NO FAKTUR
[ADMIN] [11/25/2016 12:06] [PENJUALAN] CASHIER FORM : loadNoFaktur, noFakturValue [SLO001]
[ADMIN] [11/25/2016 12:06] [PENJUALAN] CASHIER FORM : cashierForm_Load, ATTEMPT TO addColumnToDataGrid
[ADMIN] [11/25/2016 12:06] [PENJUALAN] CASHIER FORM : UPDATE ROW NUMBER, TOTAL ROW [1]
[ADMIN] [11/25/2016 12:06] [PENJUALAN] CASHIER FORM : cashierDataGridView_CellValueChanged [F8]
[ADMIN] [11/25/2016 12:06] [PENJUALAN] CASHIER FORM : REGISTER HOTKEY
[ADMIN] [11/25/2016 12:06] [PENJUALAN] CASHIER FORM : Combobox_previewKeyDown, cashierDataGridView.CurrentCell.OwningColumn.Name  [productID]
[ADMIN] [11/25/2016 12:06] [PENJUALAN] CASHIER FORM : UPDATE ROW NUMBER, TOTAL ROW [2]
[ADMIN] [11/25/2016 12:06] [PENJUALAN] CASHIER FORM : cashierDataGridView_CellValueChanged [F8]
[ADMIN] [11/25/2016 12:06] [PENJUALAN] CASHIER FORM : cashierDataGridView_CellValueChanged [productID]
[ADMIN] [11/25/2016 12:06] [PENJUALAN] CASHIER FORM : Combobox_KeyUp, cashierDataGridView.CurrentCell.OwningColumn.Name  [productID]
[ADMIN] [11/25/2016 12:06] [PENJUALAN] CASHIER FORM : Combobox_previewKeyDown, cashierDataGridView.CurrentCell.OwningColumn.Name  [productID]
[ADMIN] [11/25/2016 12:06] [PENJUALAN] CASHIER FORM : cashierDataGridView_CellValueChanged [productID]
[ADMIN] [11/25/2016 12:06] [PENJUALAN] CASHIER FORM : Combobox_KeyUp, cashierDataGridView.CurrentCell.OwningColumn.Name  [productID]
[ADMIN] [11/25/2016 12:06] [PENJUALAN] CASHIER FORM : Combobox_previewKeyDown, cashierDataGridView.CurrentCell.OwningColumn.Name  [productID]
[ADMIN] [11/25/2016 12:06] [PENJUALAN] CASHIER FORM : cashierDataGridView_CellValueChanged [productID]
[ADMIN] [11/25/2016 12:06] [PENJUALAN] CASHIER FORM : Combobox_KeyUp, cashierDataGridView.CurrentCell.OwningColumn.Name  [productID]
[ADMIN] [11/25/2016 12:06] [PENJUALAN] CASHIER FORM : Combobox_previewKeyDown, cashierDataGridView.CurrentCell.OwningColumn.Name  [productID]
[ADMIN] [11/25/2016 12:06] [PENJUALAN] CASHIER FORM : cashierDataGridView_CellValueChanged [productID]
[ADMIN] [11/25/2016 12:06] [PENJUALAN] CASHIER FORM : Combobox_KeyUp, cashierDataGridView.CurrentCell.OwningColumn.Name  [productID]
[ADMIN] [11/25/2016 12:06] [PENJUALAN] CASHIER FORM : Combobox_previewKeyDown, cashierDataGridView.CurrentCell.OwningColumn.Name  [productID]
[ADMIN] [11/25/2016 12:06] [PENJUALAN] CASHIER FORM : cashierDataGridView_CellValueChanged [productID]
[ADMIN] [11/25/2016 12:06] [PENJUALAN] CASHIER FORM : Combobox_KeyUp, cashierDataGridView.CurrentCell.OwningColumn.Name  [productID]
[ADMIN] [11/25/2016 12:06] [PENJUALAN] CASHIER FORM : Combobox_previewKeyDown, cashierDataGridView.CurrentCell.OwningColumn.Name  [productID]
[ADMIN] [11/25/2016 12:06] [PENJUALAN] CASHIER FORM : cashierDataGridView_CellValueChanged [productID]
[ADMIN] [11/25/2016 12:06] [PENJUALAN] CASHIER FORM : Combobox_KeyUp, cashierDataGridView.CurrentCell.OwningColumn.Name  [productID]
[ADMIN] [11/25/2016 12:06] [PENJUALAN] CASHIER FORM : Combobox_previewKeyDown, cashierDataGridView.CurrentCell.OwningColumn.Name  [productID]
[ADMIN] [11/25/2016 12:06] [PENJUALAN] CASHIER FORM : cashierDataGridView_CellValueChanged [productID]
[ADMIN] [11/25/2016 12:06] [PENJUALAN] CASHIER FORM : Combobox_KeyUp, cashierDataGridView.CurrentCell.OwningColumn.Name  [productID]
[ADMIN] [11/25/2016 12:06] [PENJUALAN] CASHIER FORM : Combobox_previewKeyDown, cashierDataGridView.CurrentCell.OwningColumn.Name  [productID]
[ADMIN] [11/25/2016 12:06] [PENJUALAN] CASHIER FORM : cashierDataGridView_CellValueChanged [productID]
[ADMIN] [11/25/2016 12:06] [PENJUALAN] CASHIER FORM : Combobox_KeyUp, cashierDataGridView.CurrentCell.OwningColumn.Name  [productID]
[ADMIN] [11/25/2016 12:06] [PENJUALAN] CASHIER FORM : Combobox_previewKeyDown, cashierDataGridView.CurrentCell.OwningColumn.Name  [productID]
[ADMIN] [11/25/2016 12:06] [PENJUALAN] CASHIER FORM : cashierDataGridView_CellValueChanged [productID]
[ADMIN] [11/25/2016 12:06] [PENJUALAN] CASHIER FORM : Combobox_KeyUp, cashierDataGridView.CurrentCell.OwningColumn.Name  [productID]
[ADMIN] [11/25/2016 12:06] [PENJUALAN] CASHIER FORM : Combobox_previewKeyDown, cashierDataGridView.CurrentCell.OwningColumn.Name  [productID]
[ADMIN] [11/25/2016 12:06] [PENJUALAN] CASHIER FORM : cashierDataGridView_CellValueChanged [productID]
[ADMIN] [11/25/2016 12:06] [PENJUALAN] CASHIER FORM : Combobox_KeyUp, cashierDataGridView.CurrentCell.OwningColumn.Name  [productID]
[ADMIN] [11/25/2016 12:06] [PENJUALAN] CASHIER FORM : Combobox_previewKeyDown, cashierDataGridView.CurrentCell.OwningColumn.Name  [productID]
[ADMIN] [11/25/2016 12:06] [PENJUALAN] CASHIER FORM : cashierDataGridView_CellValueChanged [productID]
[ADMIN] [11/25/2016 12:06] [PENJUALAN] CASHIER FORM : Combobox_KeyUp, cashierDataGridView.CurrentCell.OwningColumn.Name  [productID]
[ADMIN] [11/25/2016 12:06] [PENJUALAN] CASHIER FORM : Combobox_previewKeyDown, cashierDataGridView.CurrentCell.OwningColumn.Name  [productID]
[ADMIN] [11/25/2016 12:06] [PENJUALAN] CASHIER FORM : cashierDataGridView_CellValueChanged [productID]
[ADMIN] [11/25/2016 12:06] [PENJUALAN] CASHIER FORM : Combobox_KeyUp, cashierDataGridView.CurrentCell.OwningColumn.Name  [productID]
[ADMIN] [11/25/2016 12:06] [PENJUALAN] CASHIER FORM : Combobox_previewKeyDown, cashierDataGridView.CurrentCell.OwningColumn.Name  [productID]
[ADMIN] [11/25/2016 12:06] [PENJUALAN] CASHIER FORM : updateSomeRowContents
[ADMIN] [11/25/2016 12:06] [PENJUALAN] CASHIER FORM : clearUpSomeRowContents
[ADMIN] [11/25/2016 12:06] [PENJUALAN] CASHIER FORM : cashierDataGridView_CellValueChanged [productName]
[ADMIN] [11/25/2016 12:06] [PENJUALAN] CASHIER FORM : cashierDataGridView_CellValueChanged [hpp]
[ADMIN] [11/25/2016 12:06] [PENJUALAN] CASHIER FORM : cashierDataGridView_CellValueChanged [productPrice]
[ADMIN] [11/25/2016 12:06] [PENJUALAN] CASHIER FORM : cashierDataGridView_CellValueChanged, previousInput [0]
[ADMIN] [11/25/2016 12:06] [PENJUALAN] CASHIER FORM : cashierDataGridView_CellValueChanged [qty]
[ADMIN] [11/25/2016 12:06] [PENJUALAN] CASHIER FORM : cashierDataGridView_CellValueChanged, previousInput [0]
[ADMIN] [11/25/2016 12:06] [PENJUALAN] CASHIER FORM : cashierDataGridView_CellValueChanged [disc1]
[ADMIN] [11/25/2016 12:06] [PENJUALAN] CASHIER FORM : cashierDataGridView_CellValueChanged, previousInput [0]
[ADMIN] [11/25/2016 12:06] [PENJUALAN] CASHIER FORM : cashierDataGridView_CellValueChanged [disc2]
[ADMIN] [11/25/2016 12:06] [PENJUALAN] CASHIER FORM : cashierDataGridView_CellValueChanged, previousInput [0]
[ADMIN] [11/25/2016 12:06] [PENJUALAN] CASHIER FORM : cashierDataGridView_CellValueChanged [discRP]
[ADMIN] [11/25/2016 12:06] [PENJUALAN] CASHIER FORM : cashierDataGridView_CellValueChanged, previousInput [0]
[ADMIN] [11/25/2016 12:06] [PENJUALAN] CASHIER FORM : cashierDataGridView_CellValueChanged [jumlah]
[ADMIN] [11/25/2016 12:06] [PENJUALAN] CASHIER FORM : calculateTotal
[ADMIN] [11/25/2016 12:06] [PENJUALAN] CASHIER FORM : calculateTotal [0]
[ADMIN] [11/25/2016 12:06] [PENJUALAN] CASHIER FORM : calculateTotal, totalAfterDisc [0]
[ADMIN] [11/25/2016 12:06] [PENJUALAN] CASHIER FORM : calculateChangeValue, bayarTextBox.Text [0]
[ADMIN] [11/25/2016 12:06] [PENJUALAN] CASHIER FORM : calculateChangeValue, sisaBayar [0]
[ADMIN] [11/25/2016 12:06] [PENJUALAN] CASHIER FORM : Combobox_KeyUp, cashierDataGridView.CurrentCell.OwningColumn.Name  [qty]
[ADMIN] [11/25/2016 12:07] [PENJUALAN] CASHIER FORM : Combobox_KeyUp, cashierDataGridView.CurrentCell.OwningColumn.Name  [qty]
[ADMIN] [11/25/2016 12:07] [PENJUALAN] CASHIER FORM : Combobox_KeyUp, cashierDataGridView.CurrentCell.OwningColumn.Name  [productPrice]
[ADMIN] [11/25/2016 12:07] [PENJUALAN] CASHIER FORM : productName_previewKeyDown, cashierDataGridView.CurrentCell.OwningColumn.Name  [productName]
[ADMIN] [11/25/2016 12:07] [PENJUALAN] CASHIER FORM : Combobox_previewKeyDown, cashierDataGridView.CurrentCell.OwningColumn.Name  [productID]
[ADMIN] [11/25/2016 12:07] [PENJUALAN] CASHIER FORM : Combobox_previewKeyDown, cashierDataGridView.CurrentCell.OwningColumn.Name  [productID]
[ADMIN] [11/25/2016 12:07] [PENJUALAN] CASHIER FORM : Combobox_KeyUp, cashierDataGridView.CurrentCell.OwningColumn.Name  [productID]
[ADMIN] [11/25/2016 12:07] [PENJUALAN] CASHIER FORM : Combobox_KeyUp, cashierDataGridView.CurrentCell.OwningColumn.Name  [productID]
[ADMIN] [11/25/2016 12:07] [PENJUALAN] CASHIER FORM : Combobox_KeyUp, cashierDataGridView.CurrentCell.OwningColumn.Name  [productID]
[ADMIN] [11/25/2016 12:07] [PENJUALAN] CASHIER FORM : Combobox_previewKeyDown, cashierDataGridView.CurrentCell.OwningColumn.Name  [productID]
[ADMIN] [11/25/2016 12:07] [PENJUALAN] CASHIER FORM : Combobox_previewKeyDown, cashierDataGridView.CurrentCell.OwningColumn.Name  [productID]
[ADMIN] [11/25/2016 12:07] [PENJUALAN] CASHIER FORM : cashierDataGridView_CellValueChanged [productID]
[ADMIN] [11/25/2016 12:07] [PENJUALAN] CASHIER FORM : Combobox_KeyUp, cashierDataGridView.CurrentCell.OwningColumn.Name  [productID]
[ADMIN] [11/25/2016 12:07] [PENJUALAN] CASHIER FORM : Combobox_KeyUp, cashierDataGridView.CurrentCell.OwningColumn.Name  [productID]
[ADMIN] [11/25/2016 12:07] [PENJUALAN] CASHIER FORM : Combobox_KeyUp, cashierDataGridView.CurrentCell.OwningColumn.Name  [productID]
[ADMIN] [11/25/2016 12:07] [PENJUALAN] CASHIER FORM : Combobox_previewKeyDown, cashierDataGridView.CurrentCell.OwningColumn.Name  [productID]
[ADMIN] [11/25/2016 12:07] [PENJUALAN] CASHIER FORM : Combobox_previewKeyDown, cashierDataGridView.CurrentCell.OwningColumn.Name  [productID]
[ADMIN] [11/25/2016 12:07] [PENJUALAN] CASHIER FORM : productName_previewKeyDown, cashierDataGridView.CurrentCell.OwningColumn.Name  [productName]
[ADMIN] [11/25/2016 12:07] [PENJUALAN] CASHIER FORM : productName_previewKeyDown, cashierDataGridView.CurrentCell.OwningColumn.Name  [productName]
[ADMIN] [11/25/2016 12:07] [PENJUALAN] CASHIER FORM : cashierDataGridView_CellValueChanged [productName]
[ADMIN] [11/25/2016 12:07] [PENJUALAN] CASHIER FORM : updateSomeRowContents
[ADMIN] [11/25/2016 12:07] [PENJUALAN] CASHIER FORM : clearUpSomeRowContents
[ADMIN] [11/25/2016 12:07] [PENJUALAN] CASHIER FORM : cashierDataGridView_CellValueChanged [productName]
[ADMIN] [11/25/2016 12:07] [PENJUALAN] CASHIER FORM : calculateTotal
[ADMIN] [11/25/2016 12:07] [PENJUALAN] CASHIER FORM : calculateTotal [0]
[ADMIN] [11/25/2016 12:07] [PENJUALAN] CASHIER FORM : calculateTotal, totalAfterDisc [0]
[ADMIN] [11/25/2016 12:07] [PENJUALAN] CASHIER FORM : calculateChangeValue, bayarTextBox.Text [0]
[ADMIN] [11/25/2016 12:07] [PENJUALAN] CASHIER FORM : calculateChangeValue, sisaBayar [0]
[ADMIN] [11/25/2016 12:07] [PENJUALAN] CASHIER FORM : cashierDataGridView_CellValueChanged [productName]
[ADMIN] [11/25/2016 12:07] [PENJUALAN] CASHIER FORM : updateSomeRowContents
[ADMIN] [11/25/2016 12:07] [PENJUALAN] CASHIER FORM : clearUpSomeRowContents
[ADMIN] [11/25/2016 12:07] [PENJUALAN] CASHIER FORM : cashierDataGridView_CellValueChanged [productName]
[ADMIN] [11/25/2016 12:07] [PENJUALAN] CASHIER FORM : calculateTotal
[ADMIN] [11/25/2016 12:07] [PENJUALAN] CASHIER FORM : calculateTotal [0]
[ADMIN] [11/25/2016 12:07] [PENJUALAN] CASHIER FORM : calculateTotal, totalAfterDisc [0]
[ADMIN] [11/25/2016 12:07] [PENJUALAN] CASHIER FORM : calculateChangeValue, bayarTextBox.Text [0]
[ADMIN] [11/25/2016 12:07] [PENJUALAN] CASHIER FORM : calculateChangeValue, sisaBayar [0]
[ADMIN] [11/25/2016 12:07] [PENJUALAN] CASHIER FORM : cashierDataGridView_CellValueChanged [productName]
[ADMIN] [11/25/2016 12:07] [PENJUALAN] CASHIER FORM : updateSomeRowContents
[ADMIN] [11/25/2016 12:07] [PENJUALAN] CASHIER FORM : cashierDataGridView_CellValueChanged [productID]
[ADMIN] [11/25/2016 12:07] [PENJUALAN] CASHIER FORM : PRODUCT PRICE TYPE [PRODUCT_BASE_PRICE]
[ADMIN] [11/25/2016 12:07] [PENJUALAN] CASHIER FORM : PRODUCT PRICE [2]
[ADMIN] [11/25/2016 12:07] [PENJUALAN] CASHIER FORM : ComboBox_SelectedIndexChanged, PRODUCT_BASE_PRICE [2]
[ADMIN] [11/25/2016 12:07] [PENJUALAN] CASHIER FORM : cashierDataGridView_CellValueChanged [hpp]
[ADMIN] [11/25/2016 12:07] [PENJUALAN] CASHIER FORM : PRODUCT PRICE TYPE [PRODUCT_RETAIL_PRICE]
[ADMIN] [11/25/2016 12:07] [PENJUALAN] CASHIER FORM : PRODUCT PRICE [1000]
[ADMIN] [11/25/2016 12:07] [PENJUALAN] CASHIER FORM : ComboBox_SelectedIndexChanged, PRODUCT_SALES_PRICE [1000]
[ADMIN] [11/25/2016 12:07] [PENJUALAN] CASHIER FORM : cashierDataGridView_CellValueChanged [productPrice]
[ADMIN] [11/25/2016 12:07] [PENJUALAN] CASHIER FORM : cashierDataGridView_CellValueChanged, previousInput [0]
[ADMIN] [11/25/2016 12:07] [PENJUALAN] CASHIER FORM : cashierDataGridView_CellValueChanged, cellValue [1000]
[ADMIN] [11/25/2016 12:07] [PENJUALAN] CASHIER FORM : cashierDataGridView_CellValueChanged, dataGridViewTextBoxEditingControl.Text pass REGEX Checking
[ADMIN] [11/25/2016 12:07] [PENJUALAN] CASHIER FORM : CALCULATE SUBTOTAL
[ADMIN] [11/25/2016 12:07] [PENJUALAN] CASHIER FORM : SUBTOTAL [0]
[ADMIN] [11/25/2016 12:07] [PENJUALAN] CASHIER FORM : cashierDataGridView_CellValueChanged, subtotal value [0]
[ADMIN] [11/25/2016 12:07] [PENJUALAN] CASHIER FORM : cashierDataGridView_CellValueChanged, attempt to calculate total value
[ADMIN] [11/25/2016 12:07] [PENJUALAN] CASHIER FORM : calculateTotal
[ADMIN] [11/25/2016 12:07] [PENJUALAN] CASHIER FORM : calculateTotal [0]
[ADMIN] [11/25/2016 12:07] [PENJUALAN] CASHIER FORM : calculateTotal, totalAfterDisc [0]
[ADMIN] [11/25/2016 12:07] [PENJUALAN] CASHIER FORM : calculateChangeValue, bayarTextBox.Text [0]
[ADMIN] [11/25/2016 12:07] [PENJUALAN] CASHIER FORM : calculateChangeValue, sisaBayar [0]
[ADMIN] [11/25/2016 12:07] [PENJUALAN] CASHIER FORM : cashierDataGridView_CellValueChanged [qty]
[ADMIN] [11/25/2016 12:07] [PENJUALAN] CASHIER FORM : cashierDataGridView_CellValueChanged, previousInput [0]
[ADMIN] [11/25/2016 12:07] [PENJUALAN] CASHIER FORM : cashierDataGridView_CellValueChanged [jumlah]
[ADMIN] [11/25/2016 12:07] [PENJUALAN] CASHIER FORM : calculateTotal
[ADMIN] [11/25/2016 12:07] [PENJUALAN] CASHIER FORM : calculateTotal [0]
[ADMIN] [11/25/2016 12:07] [PENJUALAN] CASHIER FORM : calculateTotal, totalAfterDisc [0]
[ADMIN] [11/25/2016 12:07] [PENJUALAN] CASHIER FORM : calculateChangeValue, bayarTextBox.Text [0]
[ADMIN] [11/25/2016 12:07] [PENJUALAN] CASHIER FORM : calculateChangeValue, sisaBayar [0]
[ADMIN] [11/25/2016 12:07] [PENJUALAN] CASHIER FORM : Combobox_KeyUp, cashierDataGridView.CurrentCell.OwningColumn.Name  [productName]
[ADMIN] [11/25/2016 12:07] [PENJUALAN] CASHIER FORM : Combobox_KeyUp, cashierDataGridView.CurrentCell.OwningColumn.Name  [productName]
[ADMIN] [11/25/2016 12:07] [PENJUALAN] CASHIER FORM : Combobox_KeyUp, cashierDataGridView.CurrentCell.OwningColumn.Name  [productName]
[ADMIN] [11/25/2016 12:07] [PENJUALAN] CASHIER FORM : Combobox_KeyUp, cashierDataGridView.CurrentCell.OwningColumn.Name  [productName]
[ADMIN] [11/25/2016 12:07] [PENJUALAN] CASHIER FORM : productName_previewKeyDown, cashierDataGridView.CurrentCell.OwningColumn.Name  [productName]
[ADMIN] [11/25/2016 12:07] [PENJUALAN] CASHIER FORM : productName_previewKeyDown, cashierDataGridView.CurrentCell.OwningColumn.Name  [productName]
[ADMIN] [11/25/2016 12:07] [PENJUALAN] CASHIER FORM : Combobox_KeyUp, cashierDataGridView.CurrentCell.OwningColumn.Name  [productName]
[ADMIN] [11/25/2016 12:07] [PENJUALAN] CASHIER FORM : Combobox_KeyUp, cashierDataGridView.CurrentCell.OwningColumn.Name  [productName]
[ADMIN] [11/25/2016 12:07] [PENJUALAN] CASHIER FORM : Combobox_KeyUp, cashierDataGridView.CurrentCell.OwningColumn.Name  [productName]
[ADMIN] [11/25/2016 12:07] [PENJUALAN] CASHIER FORM : Combobox_KeyUp, cashierDataGridView.CurrentCell.OwningColumn.Name  [productName]
[ADMIN] [11/25/2016 12:07] [PENJUALAN] CASHIER FORM : productName_previewKeyDown, cashierDataGridView.CurrentCell.OwningColumn.Name  [productName]
[ADMIN] [11/25/2016 12:07] [PENJUALAN] CASHIER FORM : productName_previewKeyDown, cashierDataGridView.CurrentCell.OwningColumn.Name  [productName]
[ADMIN] [11/25/2016 12:07] [PENJUALAN] CASHIER FORM : cashierDataGridView_CellValueChanged [productName]
[ADMIN] [11/25/2016 12:07] [PENJUALAN] CASHIER FORM : updateSomeRowContents
[ADMIN] [11/25/2016 12:07] [PENJUALAN] CASHIER FORM : cashierDataGridView_CellValueChanged [productID]
[ADMIN] [11/25/2016 12:07] [PENJUALAN] CASHIER FORM : PRODUCT PRICE TYPE [PRODUCT_BASE_PRICE]
[ADMIN] [11/25/2016 12:07] [PENJUALAN] CASHIER FORM : PRODUCT PRICE [0]
[ADMIN] [11/25/2016 12:07] [PENJUALAN] CASHIER FORM : ComboBox_SelectedIndexChanged, PRODUCT_BASE_PRICE [0]
[ADMIN] [11/25/2016 12:07] [PENJUALAN] CASHIER FORM : cashierDataGridView_CellValueChanged [hpp]
[ADMIN] [11/25/2016 12:07] [PENJUALAN] CASHIER FORM : PRODUCT PRICE TYPE [PRODUCT_RETAIL_PRICE]
[ADMIN] [11/25/2016 12:07] [PENJUALAN] CASHIER FORM : PRODUCT PRICE [5000]
[ADMIN] [11/25/2016 12:07] [PENJUALAN] CASHIER FORM : ComboBox_SelectedIndexChanged, PRODUCT_SALES_PRICE [5000]
[ADMIN] [11/25/2016 12:07] [PENJUALAN] CASHIER FORM : cashierDataGridView_CellValueChanged [productPrice]
[ADMIN] [11/25/2016 12:07] [PENJUALAN] CASHIER FORM : cashierDataGridView_CellValueChanged, previousInput [1000]
[ADMIN] [11/25/2016 12:07] [PENJUALAN] CASHIER FORM : cashierDataGridView_CellValueChanged, dataGridViewTextBoxEditingControl.Text pass REGEX Checking
[ADMIN] [11/25/2016 12:07] [PENJUALAN] CASHIER FORM : CALCULATE SUBTOTAL
[ADMIN] [11/25/2016 12:07] [PENJUALAN] CASHIER FORM : SUBTOTAL [0]
[ADMIN] [11/25/2016 12:07] [PENJUALAN] CASHIER FORM : cashierDataGridView_CellValueChanged, subtotal value [0]
[ADMIN] [11/25/2016 12:07] [PENJUALAN] CASHIER FORM : cashierDataGridView_CellValueChanged, attempt to calculate total value
[ADMIN] [11/25/2016 12:07] [PENJUALAN] CASHIER FORM : calculateTotal
[ADMIN] [11/25/2016 12:07] [PENJUALAN] CASHIER FORM : calculateTotal [0]
[ADMIN] [11/25/2016 12:07] [PENJUALAN] CASHIER FORM : calculateTotal, totalAfterDisc [0]
[ADMIN] [11/25/2016 12:07] [PENJUALAN] CASHIER FORM : calculateChangeValue, bayarTextBox.Text [0]
[ADMIN] [11/25/2016 12:07] [PENJUALAN] CASHIER FORM : calculateChangeValue, sisaBayar [0]
[ADMIN] [11/25/2016 12:07] [PENJUALAN] CASHIER FORM : cashierDataGridView_CellValueChanged [jumlah]
[ADMIN] [11/25/2016 12:07] [PENJUALAN] CASHIER FORM : calculateTotal
[ADMIN] [11/25/2016 12:07] [PENJUALAN] CASHIER FORM : calculateTotal [0]
[ADMIN] [11/25/2016 12:07] [PENJUALAN] CASHIER FORM : calculateTotal, totalAfterDisc [0]
[ADMIN] [11/25/2016 12:07] [PENJUALAN] CASHIER FORM : calculateChangeValue, bayarTextBox.Text [0]
[ADMIN] [11/25/2016 12:07] [PENJUALAN] CASHIER FORM : calculateChangeValue, sisaBayar [0]
[ADMIN] [11/25/2016 12:07] [PENJUALAN] CASHIER FORM : Combobox_KeyUp, cashierDataGridView.CurrentCell.OwningColumn.Name  [productName]
[ADMIN] [11/25/2016 12:07] [PENJUALAN] CASHIER FORM : Combobox_KeyUp, cashierDataGridView.CurrentCell.OwningColumn.Name  [productName]
[ADMIN] [11/25/2016 12:07] [PENJUALAN] CASHIER FORM : Combobox_KeyUp, cashierDataGridView.CurrentCell.OwningColumn.Name  [productName]
[ADMIN] [11/25/2016 12:07] [PENJUALAN] CASHIER FORM : Combobox_KeyUp, cashierDataGridView.CurrentCell.OwningColumn.Name  [productName]
[ADMIN] [11/25/2016 12:07] [PENJUALAN] CASHIER FORM : productName_previewKeyDown, cashierDataGridView.CurrentCell.OwningColumn.Name  [productName]
[ADMIN] [11/25/2016 12:07] [PENJUALAN] CASHIER FORM : productName_previewKeyDown, cashierDataGridView.CurrentCell.OwningColumn.Name  [productName]
[ADMIN] [11/25/2016 12:07] [PENJUALAN] CASHIER FORM : cashierDataGridView_CellValueChanged [productName]
[ADMIN] [11/25/2016 12:07] [PENJUALAN] CASHIER FORM : updateSomeRowContents
[ADMIN] [11/25/2016 12:07] [PENJUALAN] CASHIER FORM : cashierDataGridView_CellValueChanged [productID]
[ADMIN] [11/25/2016 12:07] [PENJUALAN] CASHIER FORM : PRODUCT PRICE TYPE [PRODUCT_BASE_PRICE]
[ADMIN] [11/25/2016 12:07] [PENJUALAN] CASHIER FORM : PRODUCT PRICE [2]
[ADMIN] [11/25/2016 12:07] [PENJUALAN] CASHIER FORM : ComboBox_SelectedIndexChanged, PRODUCT_BASE_PRICE [2]
[ADMIN] [11/25/2016 12:07] [PENJUALAN] CASHIER FORM : cashierDataGridView_CellValueChanged [hpp]
[ADMIN] [11/25/2016 12:07] [PENJUALAN] CASHIER FORM : PRODUCT PRICE TYPE [PRODUCT_RETAIL_PRICE]
[ADMIN] [11/25/2016 12:07] [PENJUALAN] CASHIER FORM : PRODUCT PRICE [1000]
[ADMIN] [11/25/2016 12:07] [PENJUALAN] CASHIER FORM : ComboBox_SelectedIndexChanged, PRODUCT_SALES_PRICE [1000]
[ADMIN] [11/25/2016 12:07] [PENJUALAN] CASHIER FORM : cashierDataGridView_CellValueChanged [productPrice]
[ADMIN] [11/25/2016 12:07] [PENJUALAN] CASHIER FORM : cashierDataGridView_CellValueChanged, previousInput [5000]
[ADMIN] [11/25/2016 12:07] [PENJUALAN] CASHIER FORM : cashierDataGridView_CellValueChanged, dataGridViewTextBoxEditingControl.Text pass REGEX Checking
[ADMIN] [11/25/2016 12:07] [PENJUALAN] CASHIER FORM : CALCULATE SUBTOTAL
[ADMIN] [11/25/2016 12:07] [PENJUALAN] CASHIER FORM : SUBTOTAL [0]
[ADMIN] [11/25/2016 12:07] [PENJUALAN] CASHIER FORM : cashierDataGridView_CellValueChanged, subtotal value [0]
[ADMIN] [11/25/2016 12:07] [PENJUALAN] CASHIER FORM : cashierDataGridView_CellValueChanged, attempt to calculate total value
[ADMIN] [11/25/2016 12:07] [PENJUALAN] CASHIER FORM : calculateTotal
[ADMIN] [11/25/2016 12:07] [PENJUALAN] CASHIER FORM : calculateTotal [0]
[ADMIN] [11/25/2016 12:07] [PENJUALAN] CASHIER FORM : calculateTotal, totalAfterDisc [0]
[ADMIN] [11/25/2016 12:07] [PENJUALAN] CASHIER FORM : calculateChangeValue, bayarTextBox.Text [0]
[ADMIN] [11/25/2016 12:07] [PENJUALAN] CASHIER FORM : calculateChangeValue, sisaBayar [0]
[ADMIN] [11/25/2016 12:07] [PENJUALAN] CASHIER FORM : cashierDataGridView_CellValueChanged [jumlah]
[ADMIN] [11/25/2016 12:07] [PENJUALAN] CASHIER FORM : calculateTotal
[ADMIN] [11/25/2016 12:07] [PENJUALAN] CASHIER FORM : calculateTotal [0]
[ADMIN] [11/25/2016 12:07] [PENJUALAN] CASHIER FORM : calculateTotal, totalAfterDisc [0]
[ADMIN] [11/25/2016 12:07] [PENJUALAN] CASHIER FORM : calculateChangeValue, bayarTextBox.Text [0]
[ADMIN] [11/25/2016 12:07] [PENJUALAN] CASHIER FORM : calculateChangeValue, sisaBayar [0]
[ADMIN] [11/25/2016 12:07] [PENJUALAN] CASHIER FORM : Combobox_KeyUp, cashierDataGridView.CurrentCell.OwningColumn.Name  [productName]
[ADMIN] [11/25/2016 12:07] [PENJUALAN] CASHIER FORM : Combobox_KeyUp, cashierDataGridView.CurrentCell.OwningColumn.Name  [productName]
[ADMIN] [11/25/2016 12:07] [PENJUALAN] CASHIER FORM : Combobox_KeyUp, cashierDataGridView.CurrentCell.OwningColumn.Name  [productName]
[ADMIN] [11/25/2016 12:07] [PENJUALAN] CASHIER FORM : Combobox_KeyUp, cashierDataGridView.CurrentCell.OwningColumn.Name  [productName]
[ADMIN] [11/25/2016 12:07] [PENJUALAN] CASHIER FORM : productName_previewKeyDown, cashierDataGridView.CurrentCell.OwningColumn.Name  [productName]
[ADMIN] [11/25/2016 12:07] [PENJUALAN] CASHIER FORM : updateSomeRowContents
[ADMIN] [11/25/2016 12:07] [PENJUALAN] CASHIER FORM : Combobox_KeyUp, cashierDataGridView.CurrentCell.OwningColumn.Name  [qty]
[ADMIN] [11/25/2016 12:07] [PENJUALAN] CASHIER FORM : Combobox_KeyUp, cashierDataGridView.CurrentCell.OwningColumn.Name  [qty]
[ADMIN] [11/25/2016 12:07] [PENJUALAN] CASHIER FORM : Combobox_KeyUp, cashierDataGridView.CurrentCell.OwningColumn.Name  [qty]
[ADMIN] [11/25/2016 12:07] [PENJUALAN] CASHIER FORM : Combobox_KeyUp, cashierDataGridView.CurrentCell.OwningColumn.Name  [qty]
[ADMIN] [11/25/2016 12:07] [PENJUALAN] CASHIER FORM : cashierDataGridView_CellValueChanged [qty]
[ADMIN] [11/25/2016 12:07] [PENJUALAN] CASHIER FORM : cashierDataGridView_CellValueChanged, previousInput [0]
[ADMIN] [11/25/2016 12:07] [PENJUALAN] CASHIER FORM : cashierDataGridView_CellValueChanged, cellValue [2]
[ADMIN] [11/25/2016 12:07] [PENJUALAN] CASHIER FORM : cashierDataGridView_CellValueChanged, dataGridViewTextBoxEditingControl.Text pass REGEX Checking
[ADMIN] [11/25/2016 12:07] [PENJUALAN] CASHIER FORM : CHECK STOCK QTY IS ENOUGH [RT001]
[ADMIN] [11/25/2016 12:07] [PENJUALAN] CASHIER FORM : CHECK STOCK QTY IS ENOUGH [88, 2]
[ADMIN] [11/25/2016 12:07] [PENJUALAN] CASHIER FORM : CALCULATE SUBTOTAL
[ADMIN] [11/25/2016 12:07] [PENJUALAN] CASHIER FORM : SUBTOTAL [2000]
[ADMIN] [11/25/2016 12:07] [PENJUALAN] CASHIER FORM : cashierDataGridView_CellValueChanged, subtotal value [2000]
[ADMIN] [11/25/2016 12:07] [PENJUALAN] CASHIER FORM : cashierDataGridView_CellValueChanged, attempt to calculate total value
[ADMIN] [11/25/2016 12:07] [PENJUALAN] CASHIER FORM : calculateTotal
[ADMIN] [11/25/2016 12:07] [PENJUALAN] CASHIER FORM : calculateTotal [2000]
[ADMIN] [11/25/2016 12:07] [PENJUALAN] CASHIER FORM : calculateTotal, totalAfterDisc [2000]
[ADMIN] [11/25/2016 12:07] [PENJUALAN] CASHIER FORM : calculateChangeValue, bayarTextBox.Text [0]
[ADMIN] [11/25/2016 12:07] [PENJUALAN] CASHIER FORM : calculateChangeValue, sisaBayar [0]
[ADMIN] [11/25/2016 12:07] [PENJUALAN] CASHIER FORM : Combobox_KeyUp, cashierDataGridView.CurrentCell.OwningColumn.Name  [qty]
[ADMIN] [11/25/2016 12:07] [PENJUALAN] CASHIER FORM : Combobox_KeyUp, cashierDataGridView.CurrentCell.OwningColumn.Name  [qty]
[ADMIN] [11/25/2016 12:07] [PENJUALAN] CASHIER FORM : Combobox_KeyUp, cashierDataGridView.CurrentCell.OwningColumn.Name  [qty]
[ADMIN] [11/25/2016 12:07] [PENJUALAN] CASHIER FORM : Combobox_KeyUp, cashierDataGridView.CurrentCell.OwningColumn.Name  [qty]
[ADMIN] [11/25/2016 12:07] [PENJUALAN] CASHIER FORM : DISPLAY PELANGGAN FORM
[ADMIN] [11/25/2016 12:07] [PENJUALAN] CASHIER FORM : UNREGISTER HOTKEY
[ADMIN] [11/25/2016 12:07] [PENJUALAN] CASHIER FORM : SELECTED CUSTOMER ID [1]
[ADMIN] [11/25/2016 12:07] [PENJUALAN] CASHIER FORM : ATTEMPT TO SET CUSTOMER PROFILE
[ADMIN] [11/25/2016 12:07] [PENJUALAN] CASHIER FORM : SET CUSTOMER PROFILE [ANDRI]
[ADMIN] [11/25/2016 12:07] [PENJUALAN] CASHIER FORM : CUSTOMER GROUP [P-UMUM [ECER]]
[ADMIN] [11/25/2016 12:07] [PENJUALAN] CASHIER FORM : FINISHED SET CUSTOMER PROFILE
[ADMIN] [11/25/2016 12:07] [PENJUALAN] CASHIER FORM : ATTEMPT TO REFRESH PRODUCT PRICE
[ADMIN] [11/25/2016 12:07] [PENJUALAN] CASHIER FORM : PRODUCT PRICE TYPE [PRODUCT_RETAIL_PRICE]
[ADMIN] [11/25/2016 12:07] [PENJUALAN] CASHIER FORM : PRODUCT PRICE [1000]
[ADMIN] [11/25/2016 12:07] [PENJUALAN] CASHIER FORM : CALCULATE SUBTOTAL
[ADMIN] [11/25/2016 12:07] [PENJUALAN] CASHIER FORM : SUBTOTAL [2000]
[ADMIN] [11/25/2016 12:07] [PENJUALAN] CASHIER FORM : calculateTotal
[ADMIN] [11/25/2016 12:07] [PENJUALAN] CASHIER FORM : calculateTotal [2000]
[ADMIN] [11/25/2016 12:07] [PENJUALAN] CASHIER FORM : calculateTotal, totalAfterDisc [2000]
[ADMIN] [11/25/2016 12:07] [PENJUALAN] CASHIER FORM : calculateChangeValue, bayarTextBox.Text [0]
[ADMIN] [11/25/2016 12:07] [PENJUALAN] CASHIER FORM : calculateChangeValue, sisaBayar [0]
[ADMIN] [11/25/2016 12:07] [PENJUALAN] CASHIER FORM : PRODUCT PRICE REFRESHED
[ADMIN] [11/25/2016 12:07] [PENJUALAN] CASHIER FORM : REGISTER HOTKEY
[ADMIN] [11/25/2016 12:07] [PENJUALAN] CASHIER FORM : Combobox_KeyUp, cashierDataGridView.CurrentCell.OwningColumn.Name  [qty]
[ADMIN] [11/25/2016 12:07] [PENJUALAN] CASHIER FORM : Combobox_KeyUp, cashierDataGridView.CurrentCell.OwningColumn.Name  [qty]
[ADMIN] [11/25/2016 12:07] [PENJUALAN] CASHIER FORM : Combobox_KeyUp, cashierDataGridView.CurrentCell.OwningColumn.Name  [qty]
[ADMIN] [11/25/2016 12:07] [PENJUALAN] CASHIER FORM : Combobox_KeyUp, cashierDataGridView.CurrentCell.OwningColumn.Name  [qty]
[ADMIN] [11/25/2016 12:07] [PENJUALAN] CASHIER FORM : calculateChangeValue, bayarTextBox.Text [10]
[ADMIN] [11/25/2016 12:07] [PENJUALAN] CASHIER FORM : calculateChangeValue, sisaBayar [0]
[ADMIN] [11/25/2016 12:07] [PENJUALAN] CASHIER FORM : calculateChangeValue, bayarTextBox.Text [100]
[ADMIN] [11/25/2016 12:07] [PENJUALAN] CASHIER FORM : calculateChangeValue, sisaBayar [0]
[ADMIN] [11/25/2016 12:07] [PENJUALAN] CASHIER FORM : HOTKEY TO SAVE AND PRINT OUT INVOICE PRESSED
[ADMIN] [11/25/2016 12:07] [PENJUALAN] CASHIER FORM : UNREGISTER HOTKEY
[ADMIN] [11/25/2016 12:07] [PENJUALAN] CASHIER FORM : REGISTER HOTKEY
[ADMIN] [11/25/2016 12:07] [PENJUALAN] ATTEMPT TO SAVE AND PRINT OUT INVOICE
[ADMIN] [11/25/2016 12:07] [PENJUALAN] CASHIER FORM : UNREGISTER HOTKEY
[ADMIN] [11/25/2016 12:07] [PENJUALAN] CASHIER FORM : ATTEMPT TO SAVE SALES DATA [25-11-2016 12:06]
[ADMIN] [11/25/2016 12:07] [PENJUALAN] CASHIER FORM : SALES DISC FINAL [0]
[ADMIN] [11/25/2016 12:07] [PENJUALAN] CASHIER FORM : CASH SALES
[ADMIN] [11/25/2016 12:07] [PENJUALAN] CASHIER FORM : MAX SALES INVOICE [27]
[ADMIN] [11/25/2016 12:07] [PENJUALAN] CASHIER FORM : SALES INVOICE [SQ-28]
[ADMIN] [11/25/2016 12:07] [PENJUALAN] INSERT INTO SALES QUOTATION HEADER [SQ-28]
[ADMIN] [11/25/2016 12:07] [PENJUALAN] INSERT INTO SALES QUOTATION DETAIL[RT001, 1000, 2]
[ADMIN] [11/25/2016 12:07] [PENJUALAN] INSERT TO DAILY JOURNAL TABLE [100]
[ADMIN] [11/25/2016 12:07] [PENJUALAN] CASHIER FORM : REGISTER HOTKEY
[ADMIN] [11/25/2016 12:07] [PENJUALAN] TRANSACTION SAVED
[ADMIN] [11/25/2016 12:07] [PENJUALAN] PRINT OUT INVOICE
[ADMIN] [11/25/2016 12:07] [PENJUALAN] CASHIER FORM : PrintReceipt
[ADMIN] [11/25/2016 12:07] [PENJUALAN] CASHIER FORM : PrintReceipt, papermode [0]
[ADMIN] [11/25/2016 12:07] [PENJUALAN] CASHIER FORM : PrintReceipt, display SalesQuotationReceiptForm
[ADMIN] [11/25/2016 12:07] [PENJUALAN] CASHIER FORM : UNREGISTER HOTKEY
[ADMIN] [11/25/2016 12:07] [PENJUALAN] CASHIER FORM : REGISTER HOTKEY
[ADMIN] [11/25/2016 12:07] [PENJUALAN] CASHIER FORM : UPDATE ROW NUMBER, TOTAL ROW [1]
[ADMIN] [11/25/2016 12:07] [PENJUALAN] CASHIER FORM : cashierDataGridView_CellValueChanged [F8]
[ADMIN] [11/25/2016 12:07] [PENJUALAN] CASHIER FORM : UNREGISTER HOTKEY
[ADMIN] [11/25/2016 12:07] [PENJUALAN] CASHIER FORM : REGISTER HOTKEY
[ADMIN] [11/25/2016 12:07] [PENJUALAN] CASHIER FORM : UNREGISTER HOTKEY
[ADMIN] [11/25/2016 12:07] [PENJUALAN] CASHIER FORM : UNREGISTER HOTKEY
[ADMIN] [11/25/2016 12:07] [PENJUALAN] CASHIER FORM : REGISTER HOTKEY
[ADMIN] [11/25/2016 12:07] [PENJUALAN] CASHIER FORM : cashierForm_Load, ATTEMPT TO LOAD NO FAKTUR
[ADMIN] [11/25/2016 12:07] [PENJUALAN] CASHIER FORM : loadNoFaktur, noFakturValue [SLO001]
[ADMIN] [11/25/2016 12:07] [PENJUALAN] CASHIER FORM : cashierForm_Load, ATTEMPT TO addColumnToDataGrid
[ADMIN] [11/25/2016 12:07] [PENJUALAN] CASHIER FORM : UPDATE ROW NUMBER, TOTAL ROW [1]
[ADMIN] [11/25/2016 12:07] [PENJUALAN] CASHIER FORM : cashierDataGridView_CellValueChanged [F8]
[ADMIN] [11/25/2016 12:07] [PENJUALAN] CASHIER FORM : ADD NEW ROW,  isActive [True]
[ADMIN] [11/25/2016 12:07] [PENJUALAN] CASHIER FORM : ADD NEW ROW,  ROW COUNT [1]
[ADMIN] [11/25/2016 12:07] [PENJUALAN] CASHIER FORM : ADD NEW ROW,  ALLOW TO ADD [False]
[ADMIN] [11/25/2016 12:07] [PENJUALAN] CASHIER FORM : clearUpSomeRowContents
[ADMIN] [11/25/2016 12:07] [PENJUALAN] CASHIER FORM : calculateTotal
[ADMIN] [11/25/2016 12:07] [PENJUALAN] CASHIER FORM : calculateTotal [0]
[ADMIN] [11/25/2016 12:07] [PENJUALAN] CASHIER FORM : calculateTotal, totalAfterDisc [0]
[ADMIN] [11/25/2016 12:07] [PENJUALAN] CASHIER FORM : calculateChangeValue, bayarTextBox.Text [0]
[ADMIN] [11/25/2016 12:07] [PENJUALAN] CASHIER FORM : calculateChangeValue, sisaBayar [0]
[ADMIN] [11/25/2016 12:07] [PENJUALAN] CASHIER FORM : calculateChangeValue, bayarTextBox.Text [100]
[ADMIN] [11/25/2016 12:07] [PENJUALAN] CASHIER FORM : calculateChangeValue, sisaBayar [0]
[ADMIN] [11/25/2016 12:07] [PENJUALAN] CASHIER FORM : REGISTER HOTKEY
[ADMIN] [11/25/2016 12:07] [PENJUALAN] CASHIER FORM : UNREGISTER HOTKEY
[ADMIN] [11/25/2016 12:08] [PENJUALAN] CASHIER FORM : REGISTER HOTKEY
[ADMIN] [11/25/2016 12:08] [PENJUALAN] CASHIER FORM : ChangePrinterButton_Click, DISPLAY PRINTER SELECTION FORM
[ADMIN] [11/25/2016 12:08] [PENJUALAN] CASHIER FORM : UNREGISTER HOTKEY
[ADMIN] [11/25/2016 12:08] [PENGATURAN PRINTER] PAPER SIZE CHANGED [2]
[ADMIN] [11/25/2016 12:08] [PENGATURAN PRINTER] DEFAULT PRINTER CHANGED [PrimoPDF]
[ADMIN] [11/25/2016 12:08] [PENJUALAN] CASHIER FORM : REGISTER HOTKEY
[ADMIN] [11/25/2016 12:08] [PENJUALAN] CASHIER FORM : calculateChangeValue, bayarTextBox.Text [1]
[ADMIN] [11/25/2016 12:08] [PENJUALAN] CASHIER FORM : calculateChangeValue, sisaBayar [0]
[ADMIN] [11/25/2016 12:08] [PENJUALAN] CASHIER FORM : calculateChangeValue, bayarTextBox.Text [10]
[ADMIN] [11/25/2016 12:08] [PENJUALAN] CASHIER FORM : calculateChangeValue, sisaBayar [0]
[ADMIN] [11/25/2016 12:08] [PENJUALAN] CASHIER FORM : calculateChangeValue, bayarTextBox.Text [100]
[ADMIN] [11/25/2016 12:08] [PENJUALAN] CASHIER FORM : calculateChangeValue, sisaBayar [0]
[ADMIN] [11/25/2016 12:08] [PENJUALAN] CASHIER FORM : calculateChangeValue, bayarTextBox.Text [1000]
[ADMIN] [11/25/2016 12:08] [PENJUALAN] CASHIER FORM : calculateChangeValue, sisaBayar [0]
[ADMIN] [11/25/2016 12:08] [PENJUALAN] CASHIER FORM : HOTKEY TO SAVE AND PRINT OUT INVOICE PRESSED
[ADMIN] [11/25/2016 12:08] [PENJUALAN] CASHIER FORM : UNREGISTER HOTKEY
[ADMIN] [11/25/2016 12:08] [PENJUALAN] CASHIER FORM : REGISTER HOTKEY
[ADMIN] [11/25/2016 12:08] [PENJUALAN] ATTEMPT TO SAVE AND PRINT OUT INVOICE
[ADMIN] [11/25/2016 12:08] [PENJUALAN] CASHIER FORM : UNREGISTER HOTKEY
[ADMIN] [11/25/2016 12:08] [PENJUALAN] CASHIER FORM : ATTEMPT TO SAVE SALES DATA [25-11-2016 12:07]
[ADMIN] [11/25/2016 12:08] [PENJUALAN] CASHIER FORM : SALES DISC FINAL [0]
[ADMIN] [11/25/2016 12:08] [PENJUALAN] CASHIER FORM : CASH SALES
[ADMIN] [11/25/2016 12:08] [PENJUALAN] UPDATE SALES QUOTATION HEADER [SQ-28]
[ADMIN] [11/25/2016 12:08] [PENJUALAN] CLEAR SALES_QUOTATION_DETAIL [SQ-28]
[ADMIN] [11/25/2016 12:08] [PENJUALAN] INSERT INTO SALES QUOTATION DETAIL[RT001, 1000, 2]
[ADMIN] [11/25/2016 12:08] [PENJUALAN] INSERT TO DAILY JOURNAL TABLE [900]
[ADMIN] [11/25/2016 12:08] [PENJUALAN] CASHIER FORM : REGISTER HOTKEY
[ADMIN] [11/25/2016 12:08] [PENJUALAN] TRANSACTION SAVED
[ADMIN] [11/25/2016 12:08] [PENJUALAN] PRINT OUT INVOICE
[ADMIN] [11/25/2016 12:08] [PENJUALAN] CASHIER FORM : PrintReceipt
[ADMIN] [11/25/2016 12:08] [PENJUALAN] CASHIER FORM : PrintReceipt, papermode [2]
[ADMIN] [11/25/2016 12:08] [PENJUALAN] CASHIER FORM : PrintReceipt, kuarto paper, display SalesReceiptKuartoForm
[ADMIN] [11/25/2016 12:08] [PENJUALAN] CASHIER FORM : UNREGISTER HOTKEY
[ADMIN] [11/25/2016 12:08] [PENJUALAN] CASHIER FORM : REGISTER HOTKEY
[ADMIN] [11/25/2016 12:08] [PENJUALAN] CASHIER FORM : UNREGISTER HOTKEY
[ADMIN] [11/25/2016 12:08] [PENJUALAN] CASHIER FORM : REGISTER HOTKEY
[ADMIN] [11/25/2016 12:08] [PENJUALAN] CASHIER FORM : UPDATE ROW NUMBER, TOTAL ROW [1]
[ADMIN] [11/25/2016 12:08] [PENJUALAN] CASHIER FORM : UNREGISTER HOTKEY
[ADMIN] [11/25/2016 12:08] [PENJUALAN] CASHIER FORM : UNREGISTER HOTKEY
[ADMIN] [11/25/2016 12:08] [PENJUALAN] CASHIER FORM : REGISTER HOTKEY
[ADMIN] [11/25/2016 12:08] [PENJUALAN] CASHIER FORM : cashierForm_Load, ATTEMPT TO LOAD NO FAKTUR
[ADMIN] [11/25/2016 12:09] [PENJUALAN] CASHIER FORM : loadNoFaktur, noFakturValue [SLO001]
[ADMIN] [11/25/2016 12:09] [PENJUALAN] CASHIER FORM : cashierForm_Load, ATTEMPT TO addColumnToDataGrid
[ADMIN] [11/25/2016 12:09] [PENJUALAN] CASHIER FORM : UPDATE ROW NUMBER, TOTAL ROW [1]
[ADMIN] [11/25/2016 12:09] [PENJUALAN] CASHIER FORM : cashierDataGridView_CellValueChanged [F8]
[ADMIN] [11/25/2016 12:09] [PENJUALAN] CASHIER FORM : ADD NEW ROW,  isActive [True]
[ADMIN] [11/25/2016 12:09] [PENJUALAN] CASHIER FORM : ADD NEW ROW,  ROW COUNT [1]
[ADMIN] [11/25/2016 12:09] [PENJUALAN] CASHIER FORM : ADD NEW ROW,  ALLOW TO ADD [False]
[ADMIN] [11/25/2016 12:09] [PENJUALAN] CASHIER FORM : clearUpSomeRowContents
[ADMIN] [11/25/2016 12:09] [PENJUALAN] CASHIER FORM : calculateTotal
[ADMIN] [11/25/2016 12:09] [PENJUALAN] CASHIER FORM : calculateTotal [0]
[ADMIN] [11/25/2016 12:09] [PENJUALAN] CASHIER FORM : calculateTotal, totalAfterDisc [0]
[ADMIN] [11/25/2016 12:09] [PENJUALAN] CASHIER FORM : calculateChangeValue, bayarTextBox.Text [0]
[ADMIN] [11/25/2016 12:09] [PENJUALAN] CASHIER FORM : calculateChangeValue, sisaBayar [0]
[ADMIN] [11/25/2016 12:09] [PENJUALAN] CASHIER FORM : calculateChangeValue, bayarTextBox.Text [1000]
[ADMIN] [11/25/2016 12:09] [PENJUALAN] CASHIER FORM : calculateChangeValue, sisaBayar [0]
[ADMIN] [11/25/2016 12:09] [PENJUALAN] CASHIER FORM : REGISTER HOTKEY
[ADMIN] [11/25/2016 12:09] [PENJUALAN] CASHIER FORM : UNREGISTER HOTKEY
[ADMIN] [11/25/2016 12:09] [PENJUALAN] CASHIER FORM : REGISTER HOTKEY
[ADMIN] [11/25/2016 12:09] [PENJUALAN] ATTEMPT TO SAVE AND PRINT OUT INVOICE
[ADMIN] [11/25/2016 12:09] [PENJUALAN] CASHIER FORM : UNREGISTER HOTKEY
[ADMIN] [11/25/2016 12:09] [PENJUALAN] CASHIER FORM : ATTEMPT TO SAVE SALES DATA [25-11-2016 12:08]
[ADMIN] [11/25/2016 12:09] [PENJUALAN] CASHIER FORM : SALES DISC FINAL [0]
[ADMIN] [11/25/2016 12:09] [PENJUALAN] CASHIER FORM : CASH SALES
[ADMIN] [11/25/2016 12:09] [PENJUALAN] UPDATE SALES QUOTATION HEADER [SQ-28]
[ADMIN] [11/25/2016 12:09] [PENJUALAN] CLEAR SALES_QUOTATION_DETAIL [SQ-28]
[ADMIN] [11/25/2016 12:09] [PENJUALAN] INSERT INTO SALES QUOTATION DETAIL[RT001, 1000, 2]
[ADMIN] [11/25/2016 12:09] [PENJUALAN] CASHIER FORM : REGISTER HOTKEY
[ADMIN] [11/25/2016 12:09] [PENJUALAN] TRANSACTION SAVED
[ADMIN] [11/25/2016 12:09] [PENJUALAN] PRINT OUT INVOICE
[ADMIN] [11/25/2016 12:09] [PENJUALAN] CASHIER FORM : PrintReceipt
[ADMIN] [11/25/2016 12:09] [PENJUALAN] CASHIER FORM : PrintReceipt, papermode [2]
[ADMIN] [11/25/2016 12:09] [PENJUALAN] CASHIER FORM : PrintReceipt, kuarto paper, display SalesReceiptKuartoForm
[ADMIN] [11/25/2016 12:09] [PENJUALAN] CASHIER FORM : UNREGISTER HOTKEY
[ADMIN] [11/25/2016 12:09] [PENJUALAN] CASHIER FORM : REGISTER HOTKEY
[ADMIN] [11/25/2016 12:09] [PENJUALAN] CASHIER FORM : UNREGISTER HOTKEY
[ADMIN] [11/25/2016 12:09] [PENJUALAN] CASHIER FORM : REGISTER HOTKEY
[ADMIN] [11/25/2016 12:09] [PENJUALAN] CASHIER FORM : UPDATE ROW NUMBER, TOTAL ROW [1]
[ADMIN] [11/25/2016 12:09] [PENJUALAN] CASHIER FORM : UNREGISTER HOTKEY
[ADMIN] [11/25/2016 12:09] [PENJUALAN] CASHIER FORM : UNREGISTER HOTKEY
[ADMIN] [11/25/2016 12:09] [PENJUALAN] CASHIER FORM : REGISTER HOTKEY
[ADMIN] [11/25/2016 12:09] [PENJUALAN] CASHIER FORM : cashierForm_Load, ATTEMPT TO LOAD NO FAKTUR
[ADMIN] [11/25/2016 12:09] [PENJUALAN] CASHIER FORM : loadNoFaktur, noFakturValue [SLO001]
[ADMIN] [11/25/2016 12:09] [PENJUALAN] CASHIER FORM : cashierForm_Load, ATTEMPT TO addColumnToDataGrid
[ADMIN] [11/25/2016 12:09] [PENJUALAN] CASHIER FORM : UPDATE ROW NUMBER, TOTAL ROW [1]
[ADMIN] [11/25/2016 12:09] [PENJUALAN] CASHIER FORM : cashierDataGridView_CellValueChanged [F8]
[ADMIN] [11/25/2016 12:09] [PENJUALAN] CASHIER FORM : ADD NEW ROW,  isActive [True]
[ADMIN] [11/25/2016 12:09] [PENJUALAN] CASHIER FORM : ADD NEW ROW,  ROW COUNT [1]
[ADMIN] [11/25/2016 12:09] [PENJUALAN] CASHIER FORM : ADD NEW ROW,  ALLOW TO ADD [False]
[ADMIN] [11/25/2016 12:09] [PENJUALAN] CASHIER FORM : clearUpSomeRowContents
[ADMIN] [11/25/2016 12:09] [PENJUALAN] CASHIER FORM : calculateTotal
[ADMIN] [11/25/2016 12:09] [PENJUALAN] CASHIER FORM : calculateTotal [0]
[ADMIN] [11/25/2016 12:09] [PENJUALAN] CASHIER FORM : calculateTotal, totalAfterDisc [0]
[ADMIN] [11/25/2016 12:09] [PENJUALAN] CASHIER FORM : calculateChangeValue, bayarTextBox.Text [0]
[ADMIN] [11/25/2016 12:09] [PENJUALAN] CASHIER FORM : calculateChangeValue, sisaBayar [0]
[ADMIN] [11/25/2016 12:09] [PENJUALAN] CASHIER FORM : calculateChangeValue, bayarTextBox.Text [1000]
[ADMIN] [11/25/2016 12:09] [PENJUALAN] CASHIER FORM : calculateChangeValue, sisaBayar [0]
[ADMIN] [11/25/2016 12:09] [PENJUALAN] CASHIER FORM : REGISTER HOTKEY
[ADMIN] [11/25/2016 12:09] [PENJUALAN] CASHIER FORM : ChangePrinterButton_Click, DISPLAY PRINTER SELECTION FORM
[ADMIN] [11/25/2016 12:09] [PENJUALAN] CASHIER FORM : UNREGISTER HOTKEY
[ADMIN] [11/25/2016 12:09] [PENJUALAN] CASHIER FORM : REGISTER HOTKEY
[ADMIN] [11/25/2016 12:09] [PENJUALAN] CASHIER FORM : HOTKEY TO SAVE AND PRINT OUT INVOICE PRESSED
[ADMIN] [11/25/2016 12:09] [PENJUALAN] CASHIER FORM : UNREGISTER HOTKEY
[ADMIN] [11/25/2016 12:10] [PENJUALAN] CASHIER FORM : REGISTER HOTKEY
[ADMIN] [11/25/2016 12:10] [PENJUALAN] ATTEMPT TO SAVE AND PRINT OUT INVOICE
[ADMIN] [11/25/2016 12:10] [PENJUALAN] CASHIER FORM : UNREGISTER HOTKEY
[ADMIN] [11/25/2016 12:10] [PENJUALAN] CASHIER FORM : ATTEMPT TO SAVE SALES DATA [25-11-2016 12:09]
[ADMIN] [11/25/2016 12:10] [PENJUALAN] CASHIER FORM : SALES DISC FINAL [0]
[ADMIN] [11/25/2016 12:10] [PENJUALAN] CASHIER FORM : CASH SALES
[ADMIN] [11/25/2016 12:10] [PENJUALAN] CHECK IF TAX LIMIT SET FOR PERCENTAGE PURCHASE [0]
[ADMIN] [11/25/2016 12:10] [PENJUALAN] CHECK IF TAX LIMIT SET FOR AVERAGE DAILY PURCHASE [0]
[ADMIN] [11/25/2016 12:10] [PENJUALAN] CASHIER FORM : NO FAKTUR [SLO001]
[ADMIN] [11/25/2016 12:10] [PENJUALAN] CASHIER FORM : MAX SALES INVOICE [22]
[ADMIN] [11/25/2016 12:10] [PENJUALAN] CASHIER FORM : SALES INVOICE [SLO001-23]
[ADMIN] [11/25/2016 12:10] [PENJUALAN] INSERT INTO SALES HEADER [SLO001-23]
[ADMIN] [11/25/2016 12:10] [PENJUALAN] EXCEPTION THROWN [You have an error in your SQL syntax; check the manual that corresponds to your MySQL server version for the right syntax to use near '', 'SQ-28')' at line 1]
[ADMIN] [11/25/2016 12:16] [PENJUALAN] CASHIER FORM : REGISTER HOTKEY
[ADMIN] [11/25/2016 12:16] [PENJUALAN] CASHIER FORM : UNREGISTER HOTKEY
[ADMIN] [11/25/2016 12:16] [PENJUALAN] CASHIER FORM : UNREGISTER HOTKEY
[ADMIN] [11/25/2016 12:16] [] USER ID = 1LOGOUT
