[] [5/12/2017 15:05] [] USER = ADMIN IS ACTIVE
[ADMIN] [5/12/2017 15:05] [] USER ID = 1 LOGIN SUCCESSFULLY
[ADMIN] [5/12/2017 15:05] [] ACTIVATE USER ACCESS RIGHT
[ADMIN] [5/12/2017 15:05] [] DISPLAY ADMIN FORM
[ADMIN] [5/12/2017 15:05] [] adminForm Load
[ADMIN] [5/12/2017 15:05] [] ACTIVATE USER ACCESS RIGHT
[ADMIN] [5/12/2017 15:05] [PENJUALAN] CASHIER FORM : REGISTER HOTKEY
[ADMIN] [5/12/2017 15:05] [PENJUALAN] CASHIER FORM : cashierForm_Load, ATTEMPT TO LOAD NO FAKTUR
[ADMIN] [5/12/2017 15:05] [PENJUALAN] CASHIER FORM : loadNoFaktur, noFakturValue [SLO001]
[ADMIN] [5/12/2017 15:05] [PENJUALAN] CASHIER FORM : cashierForm_Load, ATTEMPT TO addColumnToDataGrid
[ADMIN] [5/12/2017 15:05] [PENJUALAN] CASHIER FORM : UPDATE ROW NUMBER, TOTAL ROW [1]
[ADMIN] [5/12/2017 15:05] [PENJUALAN] CASHIER FORM : cashierDataGridView_CellValueChanged [F8]
[ADMIN] [5/12/2017 15:05] [PENJUALAN] CASHIER FORM : ADD NEW ROW,  isActive [True]
[ADMIN] [5/12/2017 15:05] [PENJUALAN] CASHIER FORM : ADD NEW ROW,  ROW COUNT [1]
[ADMIN] [5/12/2017 15:05] [PENJUALAN] CASHIER FORM : ADD NEW ROW,  ALLOW TO ADD [True]
[ADMIN] [5/12/2017 15:05] [PENJUALAN] CASHIER FORM : UPDATE ROW NUMBER, TOTAL ROW [2]
[ADMIN] [5/12/2017 15:05] [PENJUALAN] CASHIER FORM : REGISTER HOTKEY
[ADMIN] [5/12/2017 15:05] [PENJUALAN] CASHIER FORM : Combobox_previewKeyDown, cashierDataGridView.CurrentCell.OwningColumn.Name  [productID]
[ADMIN] [5/12/2017 15:05] [PENJUALAN] CASHIER FORM : UNREGISTER HOTKEY
[ADMIN] [5/12/2017 15:05] [PENJUALAN] CASHIER FORM : REGISTER HOTKEY
[ADMIN] [5/12/2017 15:05] [PENJUALAN] CASHIER FORM : Combobox_previewKeyDown, cashierDataGridView.CurrentCell.OwningColumn.Name  [productID]
[ADMIN] [5/12/2017 15:05] [PENJUALAN] CASHIER FORM : UNREGISTER HOTKEY
[ADMIN] [5/12/2017 15:05] [PENJUALAN] CASHIER FORM : REGISTER HOTKEY
[ADMIN] [5/12/2017 15:05] [PENJUALAN] CASHIER FORM : cashierDataGridView_CellValueChanged [qty]
[ADMIN] [5/12/2017 15:05] [PENJUALAN] CASHIER FORM : cashierDataGridView_CellValueChanged, previousInput [25]
[ADMIN] [5/12/2017 15:05] [PENJUALAN] CASHIER FORM : cashierDataGridView_CellValueChanged, dataGridViewTextBoxEditingControl.Text pass REGEX Checking
[ADMIN] [5/12/2017 15:05] [PENJUALAN] CASHIER FORM : CHECK STOCK QTY IS ENOUGH [RT001]
[ADMIN] [5/12/2017 15:05] [PENJUALAN] CASHIER FORM : CHECK STOCK QTY IS ENOUGH [519, 1]
[ADMIN] [5/12/2017 15:05] [PENJUALAN] CASHIER FORM : CALCULATE SUBTOTAL
[ADMIN] [5/12/2017 15:05] [PENJUALAN] CASHIER FORM : SUBTOTAL [1000]
[ADMIN] [5/12/2017 15:05] [PENJUALAN] CASHIER FORM : cashierDataGridView_CellValueChanged, subtotal value [1000]
[ADMIN] [5/12/2017 15:05] [PENJUALAN] CASHIER FORM : cashierDataGridView_CellValueChanged, attempt to calculate total value
[ADMIN] [5/12/2017 15:05] [PENJUALAN] CASHIER FORM : calculateTotal
[ADMIN] [5/12/2017 15:05] [PENJUALAN] CASHIER FORM : calculateTotal [1000]
[ADMIN] [5/12/2017 15:05] [PENJUALAN] CASHIER FORM : calculateTotal, totalAfterDisc [500]
[ADMIN] [5/12/2017 15:05] [PENJUALAN] CASHIER FORM : calculateChangeValue, bayarTextBox.Text [Rp10.000]
[ADMIN] [5/12/2017 15:05] [PENJUALAN] CASHIER FORM : calculateChangeValue, sisaBayar [9500]
[ADMIN] [5/12/2017 15:05] [PENJUALAN] CASHIER FORM : cashierDataGridView_CellValueChanged [qty]
[ADMIN] [5/12/2017 15:05] [PENJUALAN] CASHIER FORM : cashierDataGridView_CellValueChanged, previousInput [1]
[ADMIN] [5/12/2017 15:05] [PENJUALAN] CASHIER FORM : cashierDataGridView_CellValueChanged, dataGridViewTextBoxEditingControl.Text pass REGEX Checking
[ADMIN] [5/12/2017 15:05] [PENJUALAN] CASHIER FORM : CHECK STOCK QTY IS ENOUGH [RT001]
[ADMIN] [5/12/2017 15:05] [PENJUALAN] CASHIER FORM : CHECK STOCK QTY IS ENOUGH [519, 10]
[ADMIN] [5/12/2017 15:05] [PENJUALAN] CASHIER FORM : CALCULATE SUBTOTAL
[ADMIN] [5/12/2017 15:05] [PENJUALAN] CASHIER FORM : SUBTOTAL [10000]
[ADMIN] [5/12/2017 15:05] [PENJUALAN] CASHIER FORM : cashierDataGridView_CellValueChanged, subtotal value [10000]
[ADMIN] [5/12/2017 15:05] [PENJUALAN] CASHIER FORM : cashierDataGridView_CellValueChanged, attempt to calculate total value
[ADMIN] [5/12/2017 15:05] [PENJUALAN] CASHIER FORM : calculateTotal
[ADMIN] [5/12/2017 15:05] [PENJUALAN] CASHIER FORM : calculateTotal [10000]
[ADMIN] [5/12/2017 15:05] [PENJUALAN] CASHIER FORM : calculateTotal, totalAfterDisc [9500]
[ADMIN] [5/12/2017 15:05] [PENJUALAN] CASHIER FORM : calculateChangeValue, bayarTextBox.Text [Rp10.000]
[ADMIN] [5/12/2017 15:05] [PENJUALAN] CASHIER FORM : calculateChangeValue, sisaBayar [500]
[ADMIN] [5/12/2017 15:05] [PENJUALAN] CASHIER FORM : cashierDataGridView_CellValueChanged [qty]
[ADMIN] [5/12/2017 15:05] [PENJUALAN] CASHIER FORM : cashierDataGridView_CellValueChanged, previousInput [10]
[ADMIN] [5/12/2017 15:05] [PENJUALAN] CASHIER FORM : cashierDataGridView_CellValueChanged, dataGridViewTextBoxEditingControl.Text pass REGEX Checking
[ADMIN] [5/12/2017 15:05] [PENJUALAN] CASHIER FORM : CHECK STOCK QTY IS ENOUGH [RT001]
[ADMIN] [5/12/2017 15:05] [PENJUALAN] CASHIER FORM : CHECK STOCK QTY IS ENOUGH [519, 1]
[ADMIN] [5/12/2017 15:05] [PENJUALAN] CASHIER FORM : CALCULATE SUBTOTAL
[ADMIN] [5/12/2017 15:05] [PENJUALAN] CASHIER FORM : SUBTOTAL [1000]
[ADMIN] [5/12/2017 15:05] [PENJUALAN] CASHIER FORM : cashierDataGridView_CellValueChanged, subtotal value [1000]
[ADMIN] [5/12/2017 15:05] [PENJUALAN] CASHIER FORM : cashierDataGridView_CellValueChanged, attempt to calculate total value
[ADMIN] [5/12/2017 15:05] [PENJUALAN] CASHIER FORM : calculateTotal
[ADMIN] [5/12/2017 15:05] [PENJUALAN] CASHIER FORM : calculateTotal [1000]
[ADMIN] [5/12/2017 15:05] [PENJUALAN] CASHIER FORM : calculateTotal, totalAfterDisc [500]
[ADMIN] [5/12/2017 15:05] [PENJUALAN] CASHIER FORM : calculateChangeValue, bayarTextBox.Text [Rp10.000]
[ADMIN] [5/12/2017 15:05] [PENJUALAN] CASHIER FORM : calculateChangeValue, sisaBayar [9500]
[ADMIN] [5/12/2017 15:05] [PENJUALAN] CASHIER FORM : cashierDataGridView_CellValueChanged [qty]
[ADMIN] [5/12/2017 15:05] [PENJUALAN] CASHIER FORM : cashierDataGridView_CellValueChanged, previousInput [1]
[ADMIN] [5/12/2017 15:05] [PENJUALAN] CASHIER FORM : cashierDataGridView_CellValueChanged, dataGridViewTextBoxEditingControl.Text pass REGEX Checking
[ADMIN] [5/12/2017 15:05] [PENJUALAN] CASHIER FORM : CHECK STOCK QTY IS ENOUGH [RT001]
[ADMIN] [5/12/2017 15:05] [PENJUALAN] CASHIER FORM : CHECK STOCK QTY IS ENOUGH [519, 11]
[ADMIN] [5/12/2017 15:05] [PENJUALAN] CASHIER FORM : CALCULATE SUBTOTAL
[ADMIN] [5/12/2017 15:05] [PENJUALAN] CASHIER FORM : SUBTOTAL [11000]
[ADMIN] [5/12/2017 15:05] [PENJUALAN] CASHIER FORM : cashierDataGridView_CellValueChanged, subtotal value [11000]
[ADMIN] [5/12/2017 15:05] [PENJUALAN] CASHIER FORM : cashierDataGridView_CellValueChanged, attempt to calculate total value
[ADMIN] [5/12/2017 15:05] [PENJUALAN] CASHIER FORM : calculateTotal
[ADMIN] [5/12/2017 15:05] [PENJUALAN] CASHIER FORM : calculateTotal [11000]
[ADMIN] [5/12/2017 15:05] [PENJUALAN] CASHIER FORM : calculateTotal, totalAfterDisc [10500]
[ADMIN] [5/12/2017 15:05] [PENJUALAN] CASHIER FORM : calculateChangeValue, bayarTextBox.Text [Rp10.000]
[ADMIN] [5/12/2017 15:05] [PENJUALAN] CASHIER FORM : calculateChangeValue, sisaBayar [0]
[ADMIN] [5/12/2017 15:05] [PENJUALAN] CASHIER FORM : HOTKEY TO SAVE AND PRINT OUT INVOICE PRESSED
[ADMIN] [5/12/2017 15:05] [PENJUALAN] CASHIER FORM : UNREGISTER HOTKEY
[ADMIN] [5/12/2017 15:05] [PENJUALAN] CASHIER FORM : REGISTER HOTKEY
[ADMIN] [5/12/2017 15:05] [PENJUALAN] ATTEMPT TO SAVE AND PRINT OUT INVOICE
[ADMIN] [5/12/2017 15:05] [PENJUALAN] CASHIER FORM : CHECK STOCK QTY IS ENOUGH [RT001]
[ADMIN] [5/12/2017 15:05] [PENJUALAN] CASHIER FORM : CHECK STOCK QTY IS ENOUGH [519, 11]
[ADMIN] [5/12/2017 15:05] [PENJUALAN] CASHIER FORM : UNREGISTER HOTKEY
[ADMIN] [5/12/2017 15:05] [PENJUALAN] CASHIER FORM : ATTEMPT TO SAVE SALES DATA [05-05-2017 00:18]
[ADMIN] [5/12/2017 15:05] [PENJUALAN] CASHIER FORM : SALES DISC FINAL [500]
[ADMIN] [5/12/2017 15:05] [PENJUALAN] CASHIER FORM : CASH SALES
[ADMIN] [5/12/2017 15:05] [PENJUALAN] CASHIER FORM : NO FAKTUR [SLO001]
[ADMIN] [5/12/2017 15:05] [PENJUALAN] CASHIER FORM : MAX SALES INVOICE [11]
[ADMIN] [5/12/2017 15:05] [PENJUALAN] CASHIER FORM : SALES INVOICE [SLO001-12]
[ADMIN] [5/12/2017 15:05] [PENJUALAN] INSERT INTO SALES HEADER [SLO001-12]
[ADMIN] [5/12/2017 15:05] [PENJUALAN] INSERT INTO SALES DETAIL[RT001, 1000, 11]
[ADMIN] [5/12/2017 15:05] [PENJUALAN] INSERT INTO SALES DETAIL FULFILLMENT [RT001, 11]
[ADMIN] [5/12/2017 15:05] [PENJUALAN] EXCEPTION THROWN [Column 'EDITED' specified twice]
[ADMIN] [5/12/2017 15:06] [PENJUALAN] CASHIER FORM : REGISTER HOTKEY
[ADMIN] [5/12/2017 15:06] [PENJUALAN] CASHIER FORM : UNREGISTER HOTKEY
[] [5/12/2017 15:07] [] USER = ADMIN IS ACTIVE
[ADMIN] [5/12/2017 15:07] [] USER ID = 1 LOGIN SUCCESSFULLY
[ADMIN] [5/12/2017 15:07] [] ACTIVATE USER ACCESS RIGHT
[ADMIN] [5/12/2017 15:07] [] DISPLAY ADMIN FORM
[ADMIN] [5/12/2017 15:07] [] adminForm Load
[ADMIN] [5/12/2017 15:07] [] ACTIVATE USER ACCESS RIGHT
[ADMIN] [5/12/2017 15:08] [PENJUALAN] CASHIER FORM : REGISTER HOTKEY
[ADMIN] [5/12/2017 15:08] [PENJUALAN] CASHIER FORM : cashierForm_Load, ATTEMPT TO LOAD NO FAKTUR
[ADMIN] [5/12/2017 15:08] [PENJUALAN] CASHIER FORM : loadNoFaktur, noFakturValue [SLO001]
[ADMIN] [5/12/2017 15:08] [PENJUALAN] CASHIER FORM : cashierForm_Load, ATTEMPT TO addColumnToDataGrid
[ADMIN] [5/12/2017 15:08] [PENJUALAN] CASHIER FORM : UPDATE ROW NUMBER, TOTAL ROW [1]
[ADMIN] [5/12/2017 15:08] [PENJUALAN] CASHIER FORM : cashierDataGridView_CellValueChanged [F8]
[ADMIN] [5/12/2017 15:08] [PENJUALAN] CASHIER FORM : ADD NEW ROW,  isActive [True]
[ADMIN] [5/12/2017 15:08] [PENJUALAN] CASHIER FORM : ADD NEW ROW,  ROW COUNT [1]
[ADMIN] [5/12/2017 15:08] [PENJUALAN] CASHIER FORM : ADD NEW ROW,  ALLOW TO ADD [True]
[ADMIN] [5/12/2017 15:08] [PENJUALAN] CASHIER FORM : UPDATE ROW NUMBER, TOTAL ROW [2]
[ADMIN] [5/12/2017 15:08] [PENJUALAN] CASHIER FORM : REGISTER HOTKEY
[ADMIN] [5/12/2017 15:08] [PENJUALAN] CASHIER FORM : cashierDataGridView_CellValueChanged [qty]
[ADMIN] [5/12/2017 15:08] [PENJUALAN] CASHIER FORM : cashierDataGridView_CellValueChanged, previousInput [25]
[ADMIN] [5/12/2017 15:08] [PENJUALAN] CASHIER FORM : cashierDataGridView_CellValueChanged, dataGridViewTextBoxEditingControl.Text pass REGEX Checking
[ADMIN] [5/12/2017 15:08] [PENJUALAN] CASHIER FORM : CHECK STOCK QTY IS ENOUGH [RT001]
[ADMIN] [5/12/2017 15:08] [PENJUALAN] CASHIER FORM : CHECK STOCK QTY IS ENOUGH [519, 1]
[ADMIN] [5/12/2017 15:08] [PENJUALAN] CASHIER FORM : CALCULATE SUBTOTAL
[ADMIN] [5/12/2017 15:08] [PENJUALAN] CASHIER FORM : SUBTOTAL [1000]
[ADMIN] [5/12/2017 15:08] [PENJUALAN] CASHIER FORM : cashierDataGridView_CellValueChanged, subtotal value [1000]
[ADMIN] [5/12/2017 15:08] [PENJUALAN] CASHIER FORM : cashierDataGridView_CellValueChanged, attempt to calculate total value
[ADMIN] [5/12/2017 15:08] [PENJUALAN] CASHIER FORM : calculateTotal
[ADMIN] [5/12/2017 15:08] [PENJUALAN] CASHIER FORM : calculateTotal [1000]
[ADMIN] [5/12/2017 15:08] [PENJUALAN] CASHIER FORM : calculateTotal, totalAfterDisc [500]
[ADMIN] [5/12/2017 15:08] [PENJUALAN] CASHIER FORM : calculateChangeValue, bayarTextBox.Text [Rp10.000]
[ADMIN] [5/12/2017 15:08] [PENJUALAN] CASHIER FORM : calculateChangeValue, sisaBayar [9500]
[ADMIN] [5/12/2017 15:08] [PENJUALAN] CASHIER FORM : cashierDataGridView_CellValueChanged [qty]
[ADMIN] [5/12/2017 15:08] [PENJUALAN] CASHIER FORM : cashierDataGridView_CellValueChanged, previousInput [1]
[ADMIN] [5/12/2017 15:08] [PENJUALAN] CASHIER FORM : cashierDataGridView_CellValueChanged, dataGridViewTextBoxEditingControl.Text pass REGEX Checking
[ADMIN] [5/12/2017 15:08] [PENJUALAN] CASHIER FORM : CHECK STOCK QTY IS ENOUGH [RT001]
[ADMIN] [5/12/2017 15:08] [PENJUALAN] CASHIER FORM : CHECK STOCK QTY IS ENOUGH [519, 10]
[ADMIN] [5/12/2017 15:08] [PENJUALAN] CASHIER FORM : CALCULATE SUBTOTAL
[ADMIN] [5/12/2017 15:08] [PENJUALAN] CASHIER FORM : SUBTOTAL [10000]
[ADMIN] [5/12/2017 15:08] [PENJUALAN] CASHIER FORM : cashierDataGridView_CellValueChanged, subtotal value [10000]
[ADMIN] [5/12/2017 15:08] [PENJUALAN] CASHIER FORM : cashierDataGridView_CellValueChanged, attempt to calculate total value
[ADMIN] [5/12/2017 15:08] [PENJUALAN] CASHIER FORM : calculateTotal
[ADMIN] [5/12/2017 15:08] [PENJUALAN] CASHIER FORM : calculateTotal [10000]
[ADMIN] [5/12/2017 15:08] [PENJUALAN] CASHIER FORM : calculateTotal, totalAfterDisc [9500]
[ADMIN] [5/12/2017 15:08] [PENJUALAN] CASHIER FORM : calculateChangeValue, bayarTextBox.Text [Rp10.000]
[ADMIN] [5/12/2017 15:08] [PENJUALAN] CASHIER FORM : calculateChangeValue, sisaBayar [500]
[ADMIN] [5/12/2017 15:08] [PENJUALAN] CASHIER FORM : HOTKEY TO SAVE AND PRINT OUT INVOICE PRESSED
[ADMIN] [5/12/2017 15:08] [PENJUALAN] CASHIER FORM : UNREGISTER HOTKEY
[ADMIN] [5/12/2017 15:08] [PENJUALAN] CASHIER FORM : REGISTER HOTKEY
[ADMIN] [5/12/2017 15:08] [PENJUALAN] ATTEMPT TO SAVE AND PRINT OUT INVOICE
[ADMIN] [5/12/2017 15:08] [PENJUALAN] CASHIER FORM : CHECK STOCK QTY IS ENOUGH [RT001]
[ADMIN] [5/12/2017 15:08] [PENJUALAN] CASHIER FORM : CHECK STOCK QTY IS ENOUGH [519, 10]
[ADMIN] [5/12/2017 15:08] [PENJUALAN] CASHIER FORM : UNREGISTER HOTKEY
[ADMIN] [5/12/2017 15:08] [PENJUALAN] CASHIER FORM : ATTEMPT TO SAVE SALES DATA [05-05-2017 00:18]
[ADMIN] [5/12/2017 15:08] [PENJUALAN] CASHIER FORM : SALES DISC FINAL [500]
[ADMIN] [5/12/2017 15:08] [PENJUALAN] CASHIER FORM : CASH SALES
[ADMIN] [5/12/2017 15:08] [PENJUALAN] CASHIER FORM : NO FAKTUR [SLO001]
[ADMIN] [5/12/2017 15:08] [PENJUALAN] CASHIER FORM : MAX SALES INVOICE [11]
[ADMIN] [5/12/2017 15:08] [PENJUALAN] CASHIER FORM : SALES INVOICE [SLO001-12]
[ADMIN] [5/12/2017 15:08] [PENJUALAN] INSERT INTO SALES HEADER [SLO001-12]
[ADMIN] [5/12/2017 15:08] [PENJUALAN] INSERT INTO SALES DETAIL[RT001, 1000, 10]
[ADMIN] [5/12/2017 15:08] [PENJUALAN] INSERT INTO SALES DETAIL FULFILLMENT [RT001, 10]
[ADMIN] [5/12/2017 15:08] [PENJUALAN] REDUCE STOCK AT MASTER PRODUCT [RT001]
[ADMIN] [5/12/2017 15:08] [PENJUALAN] CASHIER FORM : REGISTER HOTKEY
[ADMIN] [5/12/2017 15:08] [PENJUALAN] TRANSACTION SAVED
[ADMIN] [5/12/2017 15:08] [PENJUALAN] CASHIER FORM : UNREGISTER HOTKEY
[ADMIN] [5/12/2017 15:08] [PENJUALAN] CASHIER FORM : REGISTER HOTKEY
[ADMIN] [5/12/2017 15:08] [] [SYNC] CONNECTION TO SERVER CREATED
[ADMIN] [5/12/2017 15:08] [PENJUALAN] CASHIER FORM : UNREGISTER HOTKEY
[ADMIN] [5/12/2017 15:08] [PENJUALAN] CASHIER FORM : REGISTER HOTKEY
[ADMIN] [5/12/2017 15:08] [PENJUALAN] CASHIER FORM : UNREGISTER HOTKEY
[ADMIN] [5/12/2017 15:08] [] [SYNC] CONNECTION TO SERVER CREATED
[ADMIN] [5/12/2017 15:08] [PENJUALAN] CASHIER FORM : REGISTER HOTKEY
[ADMIN] [5/12/2017 15:08] [] [SYNC] CONNECTION TO SERVER CREATED
[ADMIN] [5/12/2017 15:08] [PENJUALAN] PRINT OUT INVOICE
[ADMIN] [5/12/2017 15:08] [PENJUALAN] CASHIER FORM : PrintReceipt
[ADMIN] [5/12/2017 15:08] [PENJUALAN] CASHIER FORM : PrintReceipt, POS size Paper
[ADMIN] [5/12/2017 15:08] [PENJUALAN] CASHIER FORM : printDocument1_PrintPage, print POS size receipt
[] [5/12/2017 15:14] [] USER = ADMIN IS ACTIVE
[ADMIN] [5/12/2017 15:14] [] USER ID = 1 LOGIN SUCCESSFULLY
[ADMIN] [5/12/2017 15:14] [] ACTIVATE USER ACCESS RIGHT
[ADMIN] [5/12/2017 15:14] [] DISPLAY ADMIN FORM
[ADMIN] [5/12/2017 15:14] [] adminForm Load
[ADMIN] [5/12/2017 15:14] [] ACTIVATE USER ACCESS RIGHT
[ADMIN] [5/12/2017 15:14] [PENJUALAN] CASHIER FORM : REGISTER HOTKEY
[ADMIN] [5/12/2017 15:14] [PENJUALAN] CASHIER FORM : cashierForm_Load, ATTEMPT TO LOAD NO FAKTUR
[ADMIN] [5/12/2017 15:14] [PENJUALAN] CASHIER FORM : loadNoFaktur, noFakturValue [SLO001]
[ADMIN] [5/12/2017 15:14] [PENJUALAN] CASHIER FORM : cashierForm_Load, ATTEMPT TO addColumnToDataGrid
[ADMIN] [5/12/2017 15:14] [PENJUALAN] CASHIER FORM : UPDATE ROW NUMBER, TOTAL ROW [1]
[ADMIN] [5/12/2017 15:14] [PENJUALAN] CASHIER FORM : cashierDataGridView_CellValueChanged [F8]
[ADMIN] [5/12/2017 15:14] [PENJUALAN] CASHIER FORM : ADD NEW ROW,  isActive [True]
[ADMIN] [5/12/2017 15:14] [PENJUALAN] CASHIER FORM : ADD NEW ROW,  ROW COUNT [1]
[ADMIN] [5/12/2017 15:14] [PENJUALAN] CASHIER FORM : ADD NEW ROW,  ALLOW TO ADD [True]
[ADMIN] [5/12/2017 15:14] [PENJUALAN] CASHIER FORM : UPDATE ROW NUMBER, TOTAL ROW [2]
[ADMIN] [5/12/2017 15:14] [PENJUALAN] CASHIER FORM : REGISTER HOTKEY
[ADMIN] [5/12/2017 15:15] [PENJUALAN] CASHIER FORM : UNREGISTER HOTKEY
[ADMIN] [5/12/2017 15:15] [PENJUALAN] CASHIER FORM : REGISTER HOTKEY
[ADMIN] [5/12/2017 15:15] [PENJUALAN] CASHIER FORM : UNREGISTER HOTKEY
[ADMIN] [5/12/2017 15:15] [PENJUALAN] CASHIER FORM : REGISTER HOTKEY
[ADMIN] [5/12/2017 15:15] [PENJUALAN] CASHIER FORM : UNREGISTER HOTKEY
[ADMIN] [5/12/2017 15:16] [PENJUALAN] CASHIER FORM : REGISTER HOTKEY
[ADMIN] [5/12/2017 15:16] [PENJUALAN] CASHIER FORM : UNREGISTER HOTKEY
[ADMIN] [5/12/2017 15:16] [PENJUALAN] CASHIER FORM : REGISTER HOTKEY
[ADMIN] [5/12/2017 15:16] [PENJUALAN] CASHIER FORM : UNREGISTER HOTKEY
[ADMIN] [5/12/2017 15:16] [PENJUALAN] CASHIER FORM : UNREGISTER HOTKEY
[ADMIN] [5/12/2017 15:16] [] USER ID = 1LOGOUT
