[] [5/6/2017 15:04] [] USER = ADMIN IS ACTIVE
[ADMIN] [5/6/2017 15:04] [] USER ID = 1 LOGIN SUCCESSFULLY
[ADMIN] [5/6/2017 15:04] [] ACTIVATE USER ACCESS RIGHT
[ADMIN] [5/6/2017 15:04] [] DISPLAY ADMIN FORM
[ADMIN] [5/6/2017 15:04] [] adminForm Load
[ADMIN] [5/6/2017 15:04] [] ACTIVATE USER ACCESS RIGHT
[ADMIN] [5/6/2017 15:04] [PENJUALAN] CASHIER FORM : MULTIPLE CASHIER INSTANCE [1]
[ADMIN] [5/6/2017 15:04] [PENJUALAN] CASHIER FORM : REGISTER HOTKEY
[ADMIN] [5/6/2017 15:04] [PENJUALAN] CASHIER FORM : cashierForm_Load, ATTEMPT TO LOAD NO FAKTUR
[ADMIN] [5/6/2017 15:04] [PENJUALAN] CASHIER FORM : loadNoFaktur, noFakturValue [SLO001]
[ADMIN] [5/6/2017 15:04] [PENJUALAN] CASHIER FORM : cashierForm_Load, ATTEMPT TO addColumnToDataGrid
[ADMIN] [5/6/2017 15:04] [PENJUALAN] CASHIER FORM : UPDATE ROW NUMBER, TOTAL ROW [1]
[ADMIN] [5/6/2017 15:04] [PENJUALAN] CASHIER FORM : cashierDataGridView_CellValueChanged [F8]
[ADMIN] [5/6/2017 15:04] [PENJUALAN] CASHIER FORM : REGISTER HOTKEY
[ADMIN] [5/6/2017 15:04] [PENJUALAN] CASHIER FORM : Combobox_KeyUp, cashierDataGridView.CurrentCell.OwningColumn.Name  [productID]
[ADMIN] [5/6/2017 15:04] [PENJUALAN] CASHIER FORM : DISPLAY SALES INVOICE
[ADMIN] [5/6/2017 15:04] [PENJUALAN] CASHIER FORM : UNREGISTER HOTKEY
[] [5/6/2017 15:07] [] USER = ADMIN IS ACTIVE
[ADMIN] [5/6/2017 15:07] [] USER ID = 1 LOGIN SUCCESSFULLY
[ADMIN] [5/6/2017 15:07] [] ACTIVATE USER ACCESS RIGHT
[ADMIN] [5/6/2017 15:07] [] DISPLAY ADMIN FORM
[ADMIN] [5/6/2017 15:07] [] adminForm Load
[ADMIN] [5/6/2017 15:07] [] ACTIVATE USER ACCESS RIGHT
[ADMIN] [5/6/2017 15:07] [PENJUALAN] CASHIER FORM : MULTIPLE CASHIER INSTANCE [1]
[ADMIN] [5/6/2017 15:07] [PENJUALAN] CASHIER FORM : REGISTER HOTKEY
[ADMIN] [5/6/2017 15:07] [PENJUALAN] CASHIER FORM : cashierForm_Load, ATTEMPT TO LOAD NO FAKTUR
[ADMIN] [5/6/2017 15:07] [PENJUALAN] CASHIER FORM : loadNoFaktur, noFakturValue [SLO001]
[ADMIN] [5/6/2017 15:07] [PENJUALAN] CASHIER FORM : cashierForm_Load, ATTEMPT TO addColumnToDataGrid
[ADMIN] [5/6/2017 15:07] [PENJUALAN] CASHIER FORM : UPDATE ROW NUMBER, TOTAL ROW [1]
[ADMIN] [5/6/2017 15:07] [PENJUALAN] CASHIER FORM : cashierDataGridView_CellValueChanged [F8]
[ADMIN] [5/6/2017 15:07] [PENJUALAN] CASHIER FORM : REGISTER HOTKEY
[ADMIN] [5/6/2017 15:07] [PENJUALAN] CASHIER FORM : Combobox_KeyUp, cashierDataGridView.CurrentCell.OwningColumn.Name  [productID]
[ADMIN] [5/6/2017 15:07] [PENJUALAN] CASHIER FORM : DISPLAY SALES INVOICE
[ADMIN] [5/6/2017 15:07] [PENJUALAN] CASHIER FORM : UNREGISTER HOTKEY
[ADMIN] [5/6/2017 15:07] [PENJUALAN] CASHIER FORM : REGISTER HOTKEY
[ADMIN] [5/6/2017 15:07] [PENJUALAN] CASHIER FORM : UNREGISTER HOTKEY
[ADMIN] [5/6/2017 15:07] [PENJUALAN] CASHIER FORM : UNREGISTER HOTKEY
[ADMIN] [5/6/2017 15:08] [PENJUALAN] CASHIER FORM : MULTIPLE CASHIER INSTANCE [1]
[ADMIN] [5/6/2017 15:08] [PENJUALAN] CASHIER FORM : REGISTER HOTKEY
[ADMIN] [5/6/2017 15:08] [PENJUALAN] CASHIER FORM : cashierForm_Load, ATTEMPT TO LOAD NO FAKTUR
[ADMIN] [5/6/2017 15:08] [PENJUALAN] CASHIER FORM : loadNoFaktur, noFakturValue [SLO001]
[ADMIN] [5/6/2017 15:08] [PENJUALAN] CASHIER FORM : cashierForm_Load, ATTEMPT TO addColumnToDataGrid
[ADMIN] [5/6/2017 15:08] [PENJUALAN] CASHIER FORM : UPDATE ROW NUMBER, TOTAL ROW [1]
[ADMIN] [5/6/2017 15:08] [PENJUALAN] CASHIER FORM : cashierDataGridView_CellValueChanged [F8]
[ADMIN] [5/6/2017 15:08] [PENJUALAN] CASHIER FORM : REGISTER HOTKEY
[ADMIN] [5/6/2017 15:08] [PENJUALAN] CASHIER FORM : DISPLAY SALES INVOICE
[ADMIN] [5/6/2017 15:08] [PENJUALAN] CASHIER FORM : UNREGISTER HOTKEY
[ADMIN] [5/6/2017 15:08] [PENJUALAN] CASHIER FORM : REGISTER HOTKEY
[ADMIN] [5/6/2017 15:08] [PENJUALAN] CASHIER FORM : Combobox_previewKeyDown, cashierDataGridView.CurrentCell.OwningColumn.Name  [productID]
[ADMIN] [5/6/2017 15:08] [PENJUALAN] CASHIER FORM : UPDATE ROW NUMBER, TOTAL ROW [2]
[ADMIN] [5/6/2017 15:08] [PENJUALAN] CASHIER FORM : cashierDataGridView_CellValueChanged [F8]
[ADMIN] [5/6/2017 15:08] [PENJUALAN] CASHIER FORM : cashierDataGridView_CellValueChanged [productID]
[ADMIN] [5/6/2017 15:08] [PENJUALAN] CASHIER FORM : Combobox_KeyUp, cashierDataGridView.CurrentCell.OwningColumn.Name  [productID]
[ADMIN] [5/6/2017 15:08] [PENJUALAN] CASHIER FORM : Combobox_previewKeyDown, cashierDataGridView.CurrentCell.OwningColumn.Name  [productID]
[ADMIN] [5/6/2017 15:08] [PENJUALAN] CASHIER FORM : cashierDataGridView_CellValueChanged [productID]
[ADMIN] [5/6/2017 15:08] [PENJUALAN] CASHIER FORM : Combobox_KeyUp, cashierDataGridView.CurrentCell.OwningColumn.Name  [productID]
[ADMIN] [5/6/2017 15:08] [PENJUALAN] CASHIER FORM : Combobox_previewKeyDown, cashierDataGridView.CurrentCell.OwningColumn.Name  [productID]
[ADMIN] [5/6/2017 15:08] [PENJUALAN] CASHIER FORM : updateSomeRowContents
[ADMIN] [5/6/2017 15:08] [PENJUALAN] CASHIER FORM : clearUpSomeRowContents
[ADMIN] [5/6/2017 15:08] [PENJUALAN] CASHIER FORM : cashierDataGridView_CellValueChanged [productName]
[ADMIN] [5/6/2017 15:08] [PENJUALAN] CASHIER FORM : cashierDataGridView_CellValueChanged [hpp]
[ADMIN] [5/6/2017 15:08] [PENJUALAN] CASHIER FORM : cashierDataGridView_CellValueChanged [productPrice]
[ADMIN] [5/6/2017 15:08] [PENJUALAN] CASHIER FORM : cashierDataGridView_CellValueChanged, previousInput [0]
[ADMIN] [5/6/2017 15:08] [PENJUALAN] CASHIER FORM : cashierDataGridView_CellValueChanged [qty]
[ADMIN] [5/6/2017 15:08] [PENJUALAN] CASHIER FORM : cashierDataGridView_CellValueChanged, previousInput [0]
[ADMIN] [5/6/2017 15:08] [PENJUALAN] CASHIER FORM : cashierDataGridView_CellValueChanged [disc1]
[ADMIN] [5/6/2017 15:08] [PENJUALAN] CASHIER FORM : cashierDataGridView_CellValueChanged, previousInput [0]
[ADMIN] [5/6/2017 15:08] [PENJUALAN] CASHIER FORM : cashierDataGridView_CellValueChanged [disc2]
[ADMIN] [5/6/2017 15:08] [PENJUALAN] CASHIER FORM : cashierDataGridView_CellValueChanged, previousInput [0]
[ADMIN] [5/6/2017 15:08] [PENJUALAN] CASHIER FORM : cashierDataGridView_CellValueChanged [discRP]
[ADMIN] [5/6/2017 15:08] [PENJUALAN] CASHIER FORM : cashierDataGridView_CellValueChanged, previousInput [0]
[ADMIN] [5/6/2017 15:08] [PENJUALAN] CASHIER FORM : cashierDataGridView_CellValueChanged [jumlah]
[ADMIN] [5/6/2017 15:08] [PENJUALAN] CASHIER FORM : calculateTotal
[ADMIN] [5/6/2017 15:08] [PENJUALAN] CASHIER FORM : calculateTotal [0]
[ADMIN] [5/6/2017 15:08] [PENJUALAN] CASHIER FORM : calculateTotal, totalAfterDisc [0]
[ADMIN] [5/6/2017 15:08] [PENJUALAN] CASHIER FORM : calculateChangeValue, bayarTextBox.Text [0]
[ADMIN] [5/6/2017 15:08] [PENJUALAN] CASHIER FORM : calculateChangeValue, sisaBayar [0]
[ADMIN] [5/6/2017 15:08] [PENJUALAN] CASHIER FORM : updateSomeRowContents
[ADMIN] [5/6/2017 15:08] [PENJUALAN] CASHIER FORM : clearUpSomeRowContents
[ADMIN] [5/6/2017 15:08] [PENJUALAN] CASHIER FORM : calculateTotal
[ADMIN] [5/6/2017 15:08] [PENJUALAN] CASHIER FORM : calculateTotal [0]
[ADMIN] [5/6/2017 15:08] [PENJUALAN] CASHIER FORM : calculateTotal, totalAfterDisc [0]
[ADMIN] [5/6/2017 15:08] [PENJUALAN] CASHIER FORM : calculateChangeValue, bayarTextBox.Text [0]
[ADMIN] [5/6/2017 15:08] [PENJUALAN] CASHIER FORM : calculateChangeValue, sisaBayar [0]
[ADMIN] [5/6/2017 15:08] [PENJUALAN] CASHIER FORM : Combobox_KeyUp, cashierDataGridView.CurrentCell.OwningColumn.Name  [qty]
[ADMIN] [5/6/2017 15:08] [PENJUALAN] CASHIER FORM : Combobox_KeyUp, cashierDataGridView.CurrentCell.OwningColumn.Name  [qty]
[ADMIN] [5/6/2017 15:08] [PENJUALAN] CASHIER FORM : Combobox_KeyUp, cashierDataGridView.CurrentCell.OwningColumn.Name  [productPrice]
[ADMIN] [5/6/2017 15:08] [PENJUALAN] CASHIER FORM : productName_previewKeyDown, cashierDataGridView.CurrentCell.OwningColumn.Name  [productName]
[ADMIN] [5/6/2017 15:08] [PENJUALAN] CASHIER FORM : clearUpSomeRowContents
[ADMIN] [5/6/2017 15:08] [PENJUALAN] CASHIER FORM : calculateTotal
[ADMIN] [5/6/2017 15:08] [PENJUALAN] CASHIER FORM : calculateTotal [0]
[ADMIN] [5/6/2017 15:08] [PENJUALAN] CASHIER FORM : calculateTotal, totalAfterDisc [0]
[ADMIN] [5/6/2017 15:08] [PENJUALAN] CASHIER FORM : calculateChangeValue, bayarTextBox.Text [0]
[ADMIN] [5/6/2017 15:08] [PENJUALAN] CASHIER FORM : calculateChangeValue, sisaBayar [0]
[ADMIN] [5/6/2017 15:08] [PENJUALAN] CASHIER FORM : Combobox_previewKeyDown, cashierDataGridView.CurrentCell.OwningColumn.Name  [productID]
[ADMIN] [5/6/2017 15:08] [PENJUALAN] CASHIER FORM : updateSomeRowContents
[ADMIN] [5/6/2017 15:08] [PENJUALAN] CASHIER FORM : clearUpSomeRowContents
[ADMIN] [5/6/2017 15:08] [PENJUALAN] CASHIER FORM : calculateTotal
[ADMIN] [5/6/2017 15:08] [PENJUALAN] CASHIER FORM : calculateTotal [0]
[ADMIN] [5/6/2017 15:08] [PENJUALAN] CASHIER FORM : calculateTotal, totalAfterDisc [0]
[ADMIN] [5/6/2017 15:08] [PENJUALAN] CASHIER FORM : calculateChangeValue, bayarTextBox.Text [0]
[ADMIN] [5/6/2017 15:08] [PENJUALAN] CASHIER FORM : calculateChangeValue, sisaBayar [0]
[ADMIN] [5/6/2017 15:08] [PENJUALAN] CASHIER FORM : updateSomeRowContents
[ADMIN] [5/6/2017 15:08] [PENJUALAN] CASHIER FORM : clearUpSomeRowContents
[ADMIN] [5/6/2017 15:08] [PENJUALAN] CASHIER FORM : calculateTotal
[ADMIN] [5/6/2017 15:08] [PENJUALAN] CASHIER FORM : calculateTotal [0]
[ADMIN] [5/6/2017 15:08] [PENJUALAN] CASHIER FORM : calculateTotal, totalAfterDisc [0]
[ADMIN] [5/6/2017 15:08] [PENJUALAN] CASHIER FORM : calculateChangeValue, bayarTextBox.Text [0]
[ADMIN] [5/6/2017 15:08] [PENJUALAN] CASHIER FORM : calculateChangeValue, sisaBayar [0]
[ADMIN] [5/6/2017 15:08] [PENJUALAN] CASHIER FORM : productName_previewKeyDown, cashierDataGridView.CurrentCell.OwningColumn.Name  [productName]
[ADMIN] [5/6/2017 15:08] [PENJUALAN] CASHIER FORM : productName_previewKeyDown, cashierDataGridView.CurrentCell.OwningColumn.Name  [productName]
[ADMIN] [5/6/2017 15:08] [PENJUALAN] CASHIER FORM : Combobox_previewKeyDown, cashierDataGridView.CurrentCell.OwningColumn.Name  [productID]
[ADMIN] [5/6/2017 15:08] [PENJUALAN] CASHIER FORM : Combobox_previewKeyDown, cashierDataGridView.CurrentCell.OwningColumn.Name  [productID]
[ADMIN] [5/6/2017 15:08] [PENJUALAN] CASHIER FORM : Combobox_previewKeyDown, cashierDataGridView.CurrentCell.OwningColumn.Name  [productID]
[ADMIN] [5/6/2017 15:08] [PENJUALAN] CASHIER FORM : Combobox_previewKeyDown, cashierDataGridView.CurrentCell.OwningColumn.Name  [productID]
[ADMIN] [5/6/2017 15:08] [PENJUALAN] CASHIER FORM : Combobox_previewKeyDown, cashierDataGridView.CurrentCell.OwningColumn.Name  [productID]
[ADMIN] [5/6/2017 15:08] [PENJUALAN] CASHIER FORM : Combobox_previewKeyDown, cashierDataGridView.CurrentCell.OwningColumn.Name  [productID]
[ADMIN] [5/6/2017 15:08] [PENJUALAN] CASHIER FORM : Combobox_previewKeyDown, cashierDataGridView.CurrentCell.OwningColumn.Name  [productID]
[ADMIN] [5/6/2017 15:08] [PENJUALAN] CASHIER FORM : cashierDataGridView_CellValueChanged [productID]
[ADMIN] [5/6/2017 15:08] [PENJUALAN] CASHIER FORM : Combobox_KeyUp, cashierDataGridView.CurrentCell.OwningColumn.Name  [productID]
[ADMIN] [5/6/2017 15:08] [PENJUALAN] CASHIER FORM : Combobox_KeyUp, cashierDataGridView.CurrentCell.OwningColumn.Name  [productID]
[ADMIN] [5/6/2017 15:08] [PENJUALAN] CASHIER FORM : Combobox_KeyUp, cashierDataGridView.CurrentCell.OwningColumn.Name  [productID]
[ADMIN] [5/6/2017 15:08] [PENJUALAN] CASHIER FORM : Combobox_KeyUp, cashierDataGridView.CurrentCell.OwningColumn.Name  [productID]
[ADMIN] [5/6/2017 15:08] [PENJUALAN] CASHIER FORM : Combobox_KeyUp, cashierDataGridView.CurrentCell.OwningColumn.Name  [productID]
[ADMIN] [5/6/2017 15:08] [PENJUALAN] CASHIER FORM : Combobox_KeyUp, cashierDataGridView.CurrentCell.OwningColumn.Name  [productID]
[ADMIN] [5/6/2017 15:08] [PENJUALAN] CASHIER FORM : Combobox_previewKeyDown, cashierDataGridView.CurrentCell.OwningColumn.Name  [productID]
[ADMIN] [5/6/2017 15:08] [PENJUALAN] CASHIER FORM : Combobox_previewKeyDown, cashierDataGridView.CurrentCell.OwningColumn.Name  [productID]
[ADMIN] [5/6/2017 15:08] [PENJUALAN] CASHIER FORM : Combobox_previewKeyDown, cashierDataGridView.CurrentCell.OwningColumn.Name  [productID]
[ADMIN] [5/6/2017 15:08] [PENJUALAN] CASHIER FORM : Combobox_previewKeyDown, cashierDataGridView.CurrentCell.OwningColumn.Name  [productID]
[ADMIN] [5/6/2017 15:08] [PENJUALAN] CASHIER FORM : cashierDataGridView_CellValueChanged [productID]
[ADMIN] [5/6/2017 15:08] [PENJUALAN] CASHIER FORM : Combobox_KeyUp, cashierDataGridView.CurrentCell.OwningColumn.Name  [productID]
[ADMIN] [5/6/2017 15:08] [PENJUALAN] CASHIER FORM : Combobox_KeyUp, cashierDataGridView.CurrentCell.OwningColumn.Name  [productID]
[ADMIN] [5/6/2017 15:08] [PENJUALAN] CASHIER FORM : Combobox_KeyUp, cashierDataGridView.CurrentCell.OwningColumn.Name  [productID]
[ADMIN] [5/6/2017 15:08] [PENJUALAN] CASHIER FORM : Combobox_KeyUp, cashierDataGridView.CurrentCell.OwningColumn.Name  [productID]
[ADMIN] [5/6/2017 15:08] [PENJUALAN] CASHIER FORM : Combobox_KeyUp, cashierDataGridView.CurrentCell.OwningColumn.Name  [productID]
[ADMIN] [5/6/2017 15:08] [PENJUALAN] CASHIER FORM : Combobox_KeyUp, cashierDataGridView.CurrentCell.OwningColumn.Name  [productID]
[ADMIN] [5/6/2017 15:08] [PENJUALAN] CASHIER FORM : Combobox_previewKeyDown, cashierDataGridView.CurrentCell.OwningColumn.Name  [productID]
[ADMIN] [5/6/2017 15:08] [PENJUALAN] CASHIER FORM : Combobox_previewKeyDown, cashierDataGridView.CurrentCell.OwningColumn.Name  [productID]
[ADMIN] [5/6/2017 15:08] [PENJUALAN] CASHIER FORM : Combobox_previewKeyDown, cashierDataGridView.CurrentCell.OwningColumn.Name  [productID]
[ADMIN] [5/6/2017 15:08] [PENJUALAN] CASHIER FORM : Combobox_previewKeyDown, cashierDataGridView.CurrentCell.OwningColumn.Name  [productID]
[ADMIN] [5/6/2017 15:08] [PENJUALAN] CASHIER FORM : cashierDataGridView_CellValueChanged [productID]
[ADMIN] [5/6/2017 15:08] [PENJUALAN] CASHIER FORM : Combobox_KeyUp, cashierDataGridView.CurrentCell.OwningColumn.Name  [productID]
[ADMIN] [5/6/2017 15:08] [PENJUALAN] CASHIER FORM : Combobox_KeyUp, cashierDataGridView.CurrentCell.OwningColumn.Name  [productID]
[ADMIN] [5/6/2017 15:08] [PENJUALAN] CASHIER FORM : Combobox_KeyUp, cashierDataGridView.CurrentCell.OwningColumn.Name  [productID]
[ADMIN] [5/6/2017 15:08] [PENJUALAN] CASHIER FORM : Combobox_KeyUp, cashierDataGridView.CurrentCell.OwningColumn.Name  [productID]
[ADMIN] [5/6/2017 15:08] [PENJUALAN] CASHIER FORM : Combobox_KeyUp, cashierDataGridView.CurrentCell.OwningColumn.Name  [productID]
[ADMIN] [5/6/2017 15:08] [PENJUALAN] CASHIER FORM : Combobox_KeyUp, cashierDataGridView.CurrentCell.OwningColumn.Name  [productID]
[ADMIN] [5/6/2017 15:08] [PENJUALAN] CASHIER FORM : Combobox_previewKeyDown, cashierDataGridView.CurrentCell.OwningColumn.Name  [productID]
[ADMIN] [5/6/2017 15:08] [PENJUALAN] CASHIER FORM : Combobox_previewKeyDown, cashierDataGridView.CurrentCell.OwningColumn.Name  [productID]
[ADMIN] [5/6/2017 15:08] [PENJUALAN] CASHIER FORM : Combobox_previewKeyDown, cashierDataGridView.CurrentCell.OwningColumn.Name  [productID]
[ADMIN] [5/6/2017 15:08] [PENJUALAN] CASHIER FORM : Combobox_previewKeyDown, cashierDataGridView.CurrentCell.OwningColumn.Name  [productID]
[ADMIN] [5/6/2017 15:08] [PENJUALAN] CASHIER FORM : cashierDataGridView_CellValueChanged [productID]
[ADMIN] [5/6/2017 15:08] [PENJUALAN] CASHIER FORM : Combobox_KeyUp, cashierDataGridView.CurrentCell.OwningColumn.Name  [productID]
[ADMIN] [5/6/2017 15:08] [PENJUALAN] CASHIER FORM : Combobox_KeyUp, cashierDataGridView.CurrentCell.OwningColumn.Name  [productID]
[ADMIN] [5/6/2017 15:08] [PENJUALAN] CASHIER FORM : Combobox_KeyUp, cashierDataGridView.CurrentCell.OwningColumn.Name  [productID]
[ADMIN] [5/6/2017 15:08] [PENJUALAN] CASHIER FORM : Combobox_KeyUp, cashierDataGridView.CurrentCell.OwningColumn.Name  [productID]
[ADMIN] [5/6/2017 15:08] [PENJUALAN] CASHIER FORM : Combobox_KeyUp, cashierDataGridView.CurrentCell.OwningColumn.Name  [productID]
[ADMIN] [5/6/2017 15:08] [PENJUALAN] CASHIER FORM : Combobox_KeyUp, cashierDataGridView.CurrentCell.OwningColumn.Name  [productID]
[ADMIN] [5/6/2017 15:08] [PENJUALAN] CASHIER FORM : Combobox_previewKeyDown, cashierDataGridView.CurrentCell.OwningColumn.Name  [productID]
[ADMIN] [5/6/2017 15:08] [PENJUALAN] CASHIER FORM : Combobox_previewKeyDown, cashierDataGridView.CurrentCell.OwningColumn.Name  [productID]
[ADMIN] [5/6/2017 15:08] [PENJUALAN] CASHIER FORM : Combobox_previewKeyDown, cashierDataGridView.CurrentCell.OwningColumn.Name  [productID]
[ADMIN] [5/6/2017 15:08] [PENJUALAN] CASHIER FORM : Combobox_previewKeyDown, cashierDataGridView.CurrentCell.OwningColumn.Name  [productID]
[ADMIN] [5/6/2017 15:08] [PENJUALAN] CASHIER FORM : cashierDataGridView_CellValueChanged [productID]
[ADMIN] [5/6/2017 15:08] [PENJUALAN] CASHIER FORM : Combobox_KeyUp, cashierDataGridView.CurrentCell.OwningColumn.Name  [productID]
[ADMIN] [5/6/2017 15:08] [PENJUALAN] CASHIER FORM : Combobox_KeyUp, cashierDataGridView.CurrentCell.OwningColumn.Name  [productID]
[ADMIN] [5/6/2017 15:08] [PENJUALAN] CASHIER FORM : Combobox_KeyUp, cashierDataGridView.CurrentCell.OwningColumn.Name  [productID]
[ADMIN] [5/6/2017 15:08] [PENJUALAN] CASHIER FORM : Combobox_KeyUp, cashierDataGridView.CurrentCell.OwningColumn.Name  [productID]
[ADMIN] [5/6/2017 15:08] [PENJUALAN] CASHIER FORM : Combobox_KeyUp, cashierDataGridView.CurrentCell.OwningColumn.Name  [productID]
[ADMIN] [5/6/2017 15:08] [PENJUALAN] CASHIER FORM : Combobox_KeyUp, cashierDataGridView.CurrentCell.OwningColumn.Name  [productID]
[ADMIN] [5/6/2017 15:08] [PENJUALAN] CASHIER FORM : Combobox_previewKeyDown, cashierDataGridView.CurrentCell.OwningColumn.Name  [productID]
[ADMIN] [5/6/2017 15:08] [PENJUALAN] CASHIER FORM : updateSomeRowContents
[ADMIN] [5/6/2017 15:08] [PENJUALAN] CASHIER FORM : cashierDataGridView_CellValueChanged [productName]
[ADMIN] [5/6/2017 15:08] [PENJUALAN] CASHIER FORM : PRODUCT PRICE TYPE [PRODUCT_BASE_PRICE]
[ADMIN] [5/6/2017 15:08] [PENJUALAN] CASHIER FORM : PRODUCT PRICE [10]
[ADMIN] [5/6/2017 15:08] [PENJUALAN] CASHIER FORM : ComboBox_SelectedIndexChanged, PRODUCT_BASE_PRICE [10]
[ADMIN] [5/6/2017 15:08] [PENJUALAN] CASHIER FORM : cashierDataGridView_CellValueChanged [hpp]
[ADMIN] [5/6/2017 15:08] [PENJUALAN] CASHIER FORM : PRODUCT PRICE TYPE [PRODUCT_RETAIL_PRICE]
[ADMIN] [5/6/2017 15:08] [PENJUALAN] CASHIER FORM : PRODUCT PRICE [1000]
[ADMIN] [5/6/2017 15:08] [PENJUALAN] CASHIER FORM : ComboBox_SelectedIndexChanged, PRODUCT_SALES_PRICE [1000]
[ADMIN] [5/6/2017 15:08] [PENJUALAN] CASHIER FORM : cashierDataGridView_CellValueChanged [productPrice]
[ADMIN] [5/6/2017 15:08] [PENJUALAN] CASHIER FORM : cashierDataGridView_CellValueChanged, previousInput [0]
[ADMIN] [5/6/2017 15:08] [PENJUALAN] CASHIER FORM : cashierDataGridView_CellValueChanged, cellValue [1000]
[ADMIN] [5/6/2017 15:08] [PENJUALAN] CASHIER FORM : cashierDataGridView_CellValueChanged, dataGridViewTextBoxEditingControl.Text pass REGEX Checking
[ADMIN] [5/6/2017 15:08] [PENJUALAN] CASHIER FORM : CALCULATE SUBTOTAL
[ADMIN] [5/6/2017 15:08] [PENJUALAN] CASHIER FORM : SUBTOTAL [0]
[ADMIN] [5/6/2017 15:08] [PENJUALAN] CASHIER FORM : cashierDataGridView_CellValueChanged, subtotal value [0]
[ADMIN] [5/6/2017 15:08] [PENJUALAN] CASHIER FORM : cashierDataGridView_CellValueChanged, attempt to calculate total value
[ADMIN] [5/6/2017 15:08] [PENJUALAN] CASHIER FORM : calculateTotal
[ADMIN] [5/6/2017 15:08] [PENJUALAN] CASHIER FORM : calculateTotal [0]
[ADMIN] [5/6/2017 15:08] [PENJUALAN] CASHIER FORM : calculateTotal, totalAfterDisc [0]
[ADMIN] [5/6/2017 15:08] [PENJUALAN] CASHIER FORM : calculateChangeValue, bayarTextBox.Text [0]
[ADMIN] [5/6/2017 15:08] [PENJUALAN] CASHIER FORM : calculateChangeValue, sisaBayar [0]
[ADMIN] [5/6/2017 15:08] [PENJUALAN] CASHIER FORM : cashierDataGridView_CellValueChanged [qty]
[ADMIN] [5/6/2017 15:08] [PENJUALAN] CASHIER FORM : cashierDataGridView_CellValueChanged, previousInput [0]
[ADMIN] [5/6/2017 15:08] [PENJUALAN] CASHIER FORM : cashierDataGridView_CellValueChanged [jumlah]
[ADMIN] [5/6/2017 15:08] [PENJUALAN] CASHIER FORM : calculateTotal
[ADMIN] [5/6/2017 15:08] [PENJUALAN] CASHIER FORM : calculateTotal [0]
[ADMIN] [5/6/2017 15:08] [PENJUALAN] CASHIER FORM : calculateTotal, totalAfterDisc [0]
[ADMIN] [5/6/2017 15:08] [PENJUALAN] CASHIER FORM : calculateChangeValue, bayarTextBox.Text [0]
[ADMIN] [5/6/2017 15:08] [PENJUALAN] CASHIER FORM : calculateChangeValue, sisaBayar [0]
[ADMIN] [5/6/2017 15:08] [PENJUALAN] CASHIER FORM : updateSomeRowContents
[ADMIN] [5/6/2017 15:08] [PENJUALAN] CASHIER FORM : Combobox_KeyUp, cashierDataGridView.CurrentCell.OwningColumn.Name  [qty]
[ADMIN] [5/6/2017 15:08] [PENJUALAN] CASHIER FORM : Combobox_KeyUp, cashierDataGridView.CurrentCell.OwningColumn.Name  [qty]
[ADMIN] [5/6/2017 15:08] [PENJUALAN] CASHIER FORM : Combobox_KeyUp, cashierDataGridView.CurrentCell.OwningColumn.Name  [qty]
[ADMIN] [5/6/2017 15:08] [PENJUALAN] CASHIER FORM : Combobox_KeyUp, cashierDataGridView.CurrentCell.OwningColumn.Name  [qty]
[ADMIN] [5/6/2017 15:08] [PENJUALAN] CASHIER FORM : Combobox_KeyUp, cashierDataGridView.CurrentCell.OwningColumn.Name  [qty]
[ADMIN] [5/6/2017 15:08] [PENJUALAN] CASHIER FORM : Combobox_KeyUp, cashierDataGridView.CurrentCell.OwningColumn.Name  [qty]
[ADMIN] [5/6/2017 15:08] [PENJUALAN] CASHIER FORM : cashierDataGridView_CellValueChanged [qty]
[ADMIN] [5/6/2017 15:08] [PENJUALAN] CASHIER FORM : cashierDataGridView_CellValueChanged, previousInput [0]
[ADMIN] [5/6/2017 15:08] [PENJUALAN] CASHIER FORM : cashierDataGridView_CellValueChanged, cellValue [1]
[ADMIN] [5/6/2017 15:08] [PENJUALAN] CASHIER FORM : cashierDataGridView_CellValueChanged, dataGridViewTextBoxEditingControl.Text pass REGEX Checking
[ADMIN] [5/6/2017 15:08] [PENJUALAN] CASHIER FORM : CHECK STOCK QTY IS ENOUGH [RT001]
[ADMIN] [5/6/2017 15:08] [PENJUALAN] CASHIER FORM : CHECK STOCK QTY IS ENOUGH [529, 1]
[ADMIN] [5/6/2017 15:08] [PENJUALAN] CASHIER FORM : CALCULATE SUBTOTAL
[ADMIN] [5/6/2017 15:08] [PENJUALAN] CASHIER FORM : SUBTOTAL [1000]
[ADMIN] [5/6/2017 15:08] [PENJUALAN] CASHIER FORM : cashierDataGridView_CellValueChanged, subtotal value [1000]
[ADMIN] [5/6/2017 15:08] [PENJUALAN] CASHIER FORM : cashierDataGridView_CellValueChanged, attempt to calculate total value
[ADMIN] [5/6/2017 15:08] [PENJUALAN] CASHIER FORM : calculateTotal
[ADMIN] [5/6/2017 15:08] [PENJUALAN] CASHIER FORM : calculateTotal [1000]
[ADMIN] [5/6/2017 15:08] [PENJUALAN] CASHIER FORM : calculateTotal, totalAfterDisc [1000]
[ADMIN] [5/6/2017 15:08] [PENJUALAN] CASHIER FORM : calculateChangeValue, bayarTextBox.Text [0]
[ADMIN] [5/6/2017 15:08] [PENJUALAN] CASHIER FORM : calculateChangeValue, sisaBayar [0]
[ADMIN] [5/6/2017 15:08] [PENJUALAN] CASHIER FORM : Combobox_KeyUp, cashierDataGridView.CurrentCell.OwningColumn.Name  [qty]
[ADMIN] [5/6/2017 15:08] [PENJUALAN] CASHIER FORM : Combobox_KeyUp, cashierDataGridView.CurrentCell.OwningColumn.Name  [qty]
[ADMIN] [5/6/2017 15:08] [PENJUALAN] CASHIER FORM : Combobox_KeyUp, cashierDataGridView.CurrentCell.OwningColumn.Name  [qty]
[ADMIN] [5/6/2017 15:08] [PENJUALAN] CASHIER FORM : Combobox_KeyUp, cashierDataGridView.CurrentCell.OwningColumn.Name  [qty]
[ADMIN] [5/6/2017 15:08] [PENJUALAN] CASHIER FORM : Combobox_KeyUp, cashierDataGridView.CurrentCell.OwningColumn.Name  [qty]
[ADMIN] [5/6/2017 15:08] [PENJUALAN] CASHIER FORM : Combobox_KeyUp, cashierDataGridView.CurrentCell.OwningColumn.Name  [qty]
[ADMIN] [5/6/2017 15:08] [PENJUALAN] CASHIER FORM : cashierDataGridView_CellValueChanged [qty]
[ADMIN] [5/6/2017 15:08] [PENJUALAN] CASHIER FORM : cashierDataGridView_CellValueChanged, previousInput [1]
[ADMIN] [5/6/2017 15:08] [PENJUALAN] CASHIER FORM : cashierDataGridView_CellValueChanged, dataGridViewTextBoxEditingControl.Text pass REGEX Checking
[ADMIN] [5/6/2017 15:08] [PENJUALAN] CASHIER FORM : CHECK STOCK QTY IS ENOUGH [RT001]
[ADMIN] [5/6/2017 15:08] [PENJUALAN] CASHIER FORM : CHECK STOCK QTY IS ENOUGH [529, 10]
[ADMIN] [5/6/2017 15:08] [PENJUALAN] CASHIER FORM : CALCULATE SUBTOTAL
[ADMIN] [5/6/2017 15:08] [PENJUALAN] CASHIER FORM : SUBTOTAL [10000]
[ADMIN] [5/6/2017 15:08] [PENJUALAN] CASHIER FORM : cashierDataGridView_CellValueChanged, subtotal value [10000]
[ADMIN] [5/6/2017 15:08] [PENJUALAN] CASHIER FORM : cashierDataGridView_CellValueChanged, attempt to calculate total value
[ADMIN] [5/6/2017 15:08] [PENJUALAN] CASHIER FORM : calculateTotal
[ADMIN] [5/6/2017 15:08] [PENJUALAN] CASHIER FORM : calculateTotal [10000]
[ADMIN] [5/6/2017 15:08] [PENJUALAN] CASHIER FORM : calculateTotal, totalAfterDisc [10000]
[ADMIN] [5/6/2017 15:08] [PENJUALAN] CASHIER FORM : calculateChangeValue, bayarTextBox.Text [0]
[ADMIN] [5/6/2017 15:08] [PENJUALAN] CASHIER FORM : calculateChangeValue, sisaBayar [0]
[ADMIN] [5/6/2017 15:08] [PENJUALAN] CASHIER FORM : Combobox_KeyUp, cashierDataGridView.CurrentCell.OwningColumn.Name  [qty]
[ADMIN] [5/6/2017 15:08] [PENJUALAN] CASHIER FORM : Combobox_KeyUp, cashierDataGridView.CurrentCell.OwningColumn.Name  [qty]
[ADMIN] [5/6/2017 15:08] [PENJUALAN] CASHIER FORM : Combobox_KeyUp, cashierDataGridView.CurrentCell.OwningColumn.Name  [qty]
[ADMIN] [5/6/2017 15:08] [PENJUALAN] CASHIER FORM : Combobox_KeyUp, cashierDataGridView.CurrentCell.OwningColumn.Name  [qty]
[ADMIN] [5/6/2017 15:08] [PENJUALAN] CASHIER FORM : Combobox_KeyUp, cashierDataGridView.CurrentCell.OwningColumn.Name  [qty]
[ADMIN] [5/6/2017 15:08] [PENJUALAN] CASHIER FORM : Combobox_KeyUp, cashierDataGridView.CurrentCell.OwningColumn.Name  [qty]
[ADMIN] [5/6/2017 15:08] [PENJUALAN] CASHIER FORM : discJualMaskedTextBox_Validating, totalAfterDisc [9990]
[ADMIN] [5/6/2017 15:08] [PENJUALAN] CASHIER FORM : calculateChangeValue, bayarTextBox.Text [0]
[ADMIN] [5/6/2017 15:08] [PENJUALAN] CASHIER FORM : calculateChangeValue, sisaBayar [0]
[ADMIN] [5/6/2017 15:08] [PENJUALAN] CASHIER FORM : discJualMaskedTextBox_Validating, totalAfterDisc [9900]
[ADMIN] [5/6/2017 15:08] [PENJUALAN] CASHIER FORM : calculateChangeValue, bayarTextBox.Text [0]
[ADMIN] [5/6/2017 15:08] [PENJUALAN] CASHIER FORM : calculateChangeValue, sisaBayar [0]
[ADMIN] [5/6/2017 15:08] [PENJUALAN] CASHIER FORM : discJualMaskedTextBox_Validating, totalAfterDisc [9000]
[ADMIN] [5/6/2017 15:08] [PENJUALAN] CASHIER FORM : calculateChangeValue, bayarTextBox.Text [0]
[ADMIN] [5/6/2017 15:08] [PENJUALAN] CASHIER FORM : calculateChangeValue, sisaBayar [0]
[ADMIN] [5/6/2017 15:08] [PENJUALAN] CASHIER FORM : discJualMaskedTextBox_Validating, totalAfterDisc [0]
[ADMIN] [5/6/2017 15:08] [PENJUALAN] CASHIER FORM : calculateChangeValue, bayarTextBox.Text [0]
[ADMIN] [5/6/2017 15:08] [PENJUALAN] CASHIER FORM : calculateChangeValue, sisaBayar [0]
[ADMIN] [5/6/2017 15:08] [PENJUALAN] CASHIER FORM : discJualMaskedTextBox_Validating, totalAfterDisc [-90000]
[ADMIN] [5/6/2017 15:08] [PENJUALAN] CASHIER FORM : calculateChangeValue, bayarTextBox.Text [0]
[ADMIN] [5/6/2017 15:08] [PENJUALAN] CASHIER FORM : calculateChangeValue, sisaBayar [90000]
[ADMIN] [5/6/2017 15:08] [PENJUALAN] CASHIER FORM : discJualMaskedTextBox_Validating, totalAfterDisc [0]
[ADMIN] [5/6/2017 15:08] [PENJUALAN] CASHIER FORM : calculateChangeValue, bayarTextBox.Text [0]
[ADMIN] [5/6/2017 15:08] [PENJUALAN] CASHIER FORM : calculateChangeValue, sisaBayar [0]
[ADMIN] [5/6/2017 15:08] [PENJUALAN] CASHIER FORM : DISPLAY PELANGGAN FORM
[ADMIN] [5/6/2017 15:08] [PENJUALAN] CASHIER FORM : UNREGISTER HOTKEY
[ADMIN] [5/6/2017 15:08] [PENJUALAN] CASHIER FORM : SELECTED CUSTOMER ID [1]
[ADMIN] [5/6/2017 15:08] [PENJUALAN] CASHIER FORM : ATTEMPT TO SET CUSTOMER PROFILE
[ADMIN] [5/6/2017 15:08] [PENJUALAN] CASHIER FORM : SET CUSTOMER PROFILE [ANDRI]
[ADMIN] [5/6/2017 15:08] [PENJUALAN] CASHIER FORM : CUSTOMER GROUP [P-UMUM [ECER]]
[ADMIN] [5/6/2017 15:08] [PENJUALAN] CASHIER FORM : FINISHED SET CUSTOMER PROFILE
[ADMIN] [5/6/2017 15:08] [PENJUALAN] CASHIER FORM : ATTEMPT TO REFRESH PRODUCT PRICE
[ADMIN] [5/6/2017 15:08] [PENJUALAN] CASHIER FORM : PRODUCT PRICE TYPE [PRODUCT_RETAIL_PRICE]
[ADMIN] [5/6/2017 15:08] [PENJUALAN] CASHIER FORM : PRODUCT PRICE [1000]
[ADMIN] [5/6/2017 15:08] [PENJUALAN] CASHIER FORM : CHECK IF THERE'S ANY ENTRY IN THE PRODUCT DISC
[ADMIN] [5/6/2017 15:08] [PENJUALAN] CASHIER FORM : ENTRY IN THE PRODUCT DISC FOUND, RETRIEVE THE DISC VALUE
[ADMIN] [5/6/2017 15:08] [PENJUALAN] CASHIER FORM : DISC FOUND [0, 0, 0]
[ADMIN] [5/6/2017 15:08] [PENJUALAN] CASHIER FORM : CALCULATE SUBTOTAL
[ADMIN] [5/6/2017 15:08] [PENJUALAN] CASHIER FORM : SUBTOTAL [10000]
[ADMIN] [5/6/2017 15:08] [PENJUALAN] CASHIER FORM : calculateTotal
[ADMIN] [5/6/2017 15:08] [PENJUALAN] CASHIER FORM : calculateTotal [10000]
[ADMIN] [5/6/2017 15:08] [PENJUALAN] CASHIER FORM : calculateTotal, totalAfterDisc [0]
[ADMIN] [5/6/2017 15:08] [PENJUALAN] CASHIER FORM : calculateChangeValue, bayarTextBox.Text [0]
[ADMIN] [5/6/2017 15:08] [PENJUALAN] CASHIER FORM : calculateChangeValue, sisaBayar [0]
[ADMIN] [5/6/2017 15:08] [PENJUALAN] CASHIER FORM : PRODUCT PRICE REFRESHED
[ADMIN] [5/6/2017 15:08] [PENJUALAN] CASHIER FORM : REGISTER HOTKEY
[ADMIN] [5/6/2017 15:08] [PENJUALAN] CASHIER FORM : HOTKEY TO SAVE AND PRINT OUT INVOICE PRESSED
[ADMIN] [5/6/2017 15:08] [PENJUALAN] CASHIER FORM : UNREGISTER HOTKEY
[ADMIN] [5/6/2017 15:08] [PENJUALAN] CASHIER FORM : REGISTER HOTKEY
[ADMIN] [5/6/2017 15:08] [PENJUALAN] ATTEMPT TO SAVE AND PRINT OUT INVOICE
[ADMIN] [5/6/2017 15:08] [PENJUALAN] CASHIER FORM : CHECK STOCK QTY IS ENOUGH [RT001]
[ADMIN] [5/6/2017 15:08] [PENJUALAN] CASHIER FORM : CHECK STOCK QTY IS ENOUGH [529, 10]
[ADMIN] [5/6/2017 15:08] [PENJUALAN] CASHIER FORM : UNREGISTER HOTKEY
[ADMIN] [5/6/2017 15:08] [PENJUALAN] CASHIER FORM : ATTEMPT TO SAVE SALES DATA [06-05-2017 15:08]
[ADMIN] [5/6/2017 15:08] [PENJUALAN] CASHIER FORM : SALES DISC FINAL [Rp10.000]
[ADMIN] [5/6/2017 15:08] [PENJUALAN] CASHIER FORM : CASH SALES
[ADMIN] [5/6/2017 15:08] [PENJUALAN] CHECK IF TAX LIMIT SET FOR PERCENTAGE PURCHASE [0]
[ADMIN] [5/6/2017 15:08] [PENJUALAN] CHECK IF TAX LIMIT SET FOR AVERAGE DAILY PURCHASE [0]
[ADMIN] [5/6/2017 15:08] [PENJUALAN] CASHIER FORM : NO FAKTUR [SLO001]
[ADMIN] [5/6/2017 15:08] [PENJUALAN] CASHIER FORM : MAX SALES INVOICE [10]
[ADMIN] [5/6/2017 15:08] [PENJUALAN] CASHIER FORM : SALES INVOICE [SLO001-11]
[ADMIN] [5/6/2017 15:08] [PENJUALAN] INSERT INTO SALES HEADER [SLO001-11]
[ADMIN] [5/6/2017 15:08] [PENJUALAN] INSERT INTO SALES DETAIL[RT001, 1000, 10]
[ADMIN] [5/6/2017 15:08] [PENJUALAN] REDUCE STOCK AT MASTER PRODUCT [RT001]
[ADMIN] [5/6/2017 15:08] [PENJUALAN] UPDATE CUSTOMER PRODUCT DISC [RT001]
[ADMIN] [5/6/2017 15:08] [PENJUALAN] INSERT TO CREDIT TABLE [SLO001-11]
[ADMIN] [5/6/2017 15:08] [PENJUALAN] INSERT TO DAILY JOURNAL TABLE [0]
[ADMIN] [5/6/2017 15:08] [PENJUALAN] CASHIER FORM : REGISTER HOTKEY
[ADMIN] [5/6/2017 15:08] [PENJUALAN] TRANSACTION SAVED
[ADMIN] [5/6/2017 15:08] [PENJUALAN] PRINT OUT INVOICE
[ADMIN] [5/6/2017 15:08] [PENJUALAN] CASHIER FORM : PrintReceipt
[ADMIN] [5/6/2017 15:08] [PENJUALAN] CASHIER FORM : PrintReceipt, POS size Paper
[ADMIN] [5/6/2017 15:08] [PENJUALAN] CASHIER FORM : printDocument1_PrintPage, print POS size receipt
[ADMIN] [5/6/2017 15:08] [PENJUALAN] CASHIER FORM : calculatePageLength, totalLengthPage [369]
[ADMIN] [5/6/2017 15:08] [PENJUALAN] CASHIER FORM : UNREGISTER HOTKEY
[ADMIN] [5/6/2017 15:08] [PENJUALAN] CASHIER FORM : printDocument1_PrintPage, print POS size receipt
[ADMIN] [5/6/2017 15:08] [PENJUALAN] CASHIER FORM : loadNamaUser
[ADMIN] [5/6/2017 15:08] [PENJUALAN] CASHIER FORM : REGISTER HOTKEY
[ADMIN] [5/6/2017 15:08] [PENJUALAN] CASHIER FORM : UNREGISTER HOTKEY
[ADMIN] [5/6/2017 15:08] [PENJUALAN] CASHIER FORM : REGISTER HOTKEY
[ADMIN] [5/6/2017 15:08] [PENJUALAN] CASHIER FORM : UPDATE ROW NUMBER, TOTAL ROW [1]
[ADMIN] [5/6/2017 15:08] [PENJUALAN] CASHIER FORM : cashierDataGridView_CellValueChanged [F8]
[ADMIN] [5/6/2017 15:08] [PENJUALAN] CASHIER FORM : UNREGISTER HOTKEY
[ADMIN] [5/6/2017 15:24] [PENJUALAN] CASHIER FORM : REGISTER HOTKEY
[ADMIN] [5/6/2017 15:24] [PENJUALAN] CASHIER FORM : UNREGISTER HOTKEY
[] [5/9/2017 10:54] [] USER = ADMIN IS ACTIVE
[ADMIN] [5/9/2017 10:55] [] USER ID = 1 LOGIN SUCCESSFULLY
[ADMIN] [5/9/2017 10:55] [] ACTIVATE USER ACCESS RIGHT
[ADMIN] [5/9/2017 10:55] [] DISPLAY ADMIN FORM
[ADMIN] [5/9/2017 10:55] [] adminForm Load
[ADMIN] [5/9/2017 10:55] [] ACTIVATE USER ACCESS RIGHT
[ADMIN] [5/9/2017 10:55] [PENJUALAN] CASHIER FORM : MULTIPLE CASHIER INSTANCE [1]
[ADMIN] [5/9/2017 10:55] [PENJUALAN] CASHIER FORM : REGISTER HOTKEY
[ADMIN] [5/9/2017 10:55] [PENJUALAN] CASHIER FORM : cashierForm_Load, ATTEMPT TO LOAD NO FAKTUR
[ADMIN] [5/9/2017 10:55] [PENJUALAN] CASHIER FORM : loadNoFaktur, noFakturValue [SLO001]
[ADMIN] [5/9/2017 10:55] [PENJUALAN] CASHIER FORM : cashierForm_Load, ATTEMPT TO addColumnToDataGrid
[ADMIN] [5/9/2017 10:55] [PENJUALAN] CASHIER FORM : UPDATE ROW NUMBER, TOTAL ROW [1]
[ADMIN] [5/9/2017 10:55] [PENJUALAN] CASHIER FORM : cashierDataGridView_CellValueChanged [F8]
[ADMIN] [5/9/2017 10:55] [PENJUALAN] CASHIER FORM : REGISTER HOTKEY
[ADMIN] [5/9/2017 10:55] [PENJUALAN] CASHIER FORM : Combobox_previewKeyDown, cashierDataGridView.CurrentCell.OwningColumn.Name  [productID]
[ADMIN] [5/9/2017 10:55] [PENJUALAN] CASHIER FORM : UPDATE ROW NUMBER, TOTAL ROW [2]
[ADMIN] [5/9/2017 10:55] [PENJUALAN] CASHIER FORM : cashierDataGridView_CellValueChanged [F8]
[ADMIN] [5/9/2017 10:55] [PENJUALAN] CASHIER FORM : cashierDataGridView_CellValueChanged [productID]
[ADMIN] [5/9/2017 10:55] [PENJUALAN] CASHIER FORM : Combobox_previewKeyDown, cashierDataGridView.CurrentCell.OwningColumn.Name  [productID]
[ADMIN] [5/9/2017 10:55] [PENJUALAN] CASHIER FORM : UNREGISTER HOTKEY
[ADMIN] [5/9/2017 10:55] [PENJUALAN] CASHIER FORM : REGISTER HOTKEY
[ADMIN] [5/9/2017 10:55] [PENJUALAN] CASHIER FORM : updateSomeRowContents
[ADMIN] [5/9/2017 10:55] [PENJUALAN] CASHIER FORM : clearUpSomeRowContents
[ADMIN] [5/9/2017 10:55] [PENJUALAN] CASHIER FORM : cashierDataGridView_CellValueChanged [productName]
[ADMIN] [5/9/2017 10:55] [PENJUALAN] CASHIER FORM : cashierDataGridView_CellValueChanged [hpp]
[ADMIN] [5/9/2017 10:55] [PENJUALAN] CASHIER FORM : cashierDataGridView_CellValueChanged [productPrice]
[ADMIN] [5/9/2017 10:55] [PENJUALAN] CASHIER FORM : cashierDataGridView_CellValueChanged, previousInput [0]
[ADMIN] [5/9/2017 10:55] [PENJUALAN] CASHIER FORM : cashierDataGridView_CellValueChanged [qty]
[ADMIN] [5/9/2017 10:55] [PENJUALAN] CASHIER FORM : cashierDataGridView_CellValueChanged, previousInput [0]
[ADMIN] [5/9/2017 10:55] [PENJUALAN] CASHIER FORM : cashierDataGridView_CellValueChanged [disc1]
[ADMIN] [5/9/2017 10:55] [PENJUALAN] CASHIER FORM : cashierDataGridView_CellValueChanged, previousInput [0]
[ADMIN] [5/9/2017 10:55] [PENJUALAN] CASHIER FORM : cashierDataGridView_CellValueChanged [disc2]
[ADMIN] [5/9/2017 10:55] [PENJUALAN] CASHIER FORM : cashierDataGridView_CellValueChanged, previousInput [0]
[ADMIN] [5/9/2017 10:55] [PENJUALAN] CASHIER FORM : cashierDataGridView_CellValueChanged [discRP]
[ADMIN] [5/9/2017 10:55] [PENJUALAN] CASHIER FORM : cashierDataGridView_CellValueChanged, previousInput [0]
[ADMIN] [5/9/2017 10:55] [PENJUALAN] CASHIER FORM : cashierDataGridView_CellValueChanged [jumlah]
[ADMIN] [5/9/2017 10:55] [PENJUALAN] CASHIER FORM : calculateTotal
[ADMIN] [5/9/2017 10:55] [PENJUALAN] CASHIER FORM : calculateTotal [0]
[ADMIN] [5/9/2017 10:55] [PENJUALAN] CASHIER FORM : calculateTotal, totalAfterDisc [0]
[ADMIN] [5/9/2017 10:55] [PENJUALAN] CASHIER FORM : calculateChangeValue, bayarTextBox.Text [0]
[ADMIN] [5/9/2017 10:55] [PENJUALAN] CASHIER FORM : calculateChangeValue, sisaBayar [0]
[ADMIN] [5/9/2017 10:55] [PENJUALAN] CASHIER FORM : Combobox_previewKeyDown, cashierDataGridView.CurrentCell.OwningColumn.Name  [productID]
[ADMIN] [5/9/2017 10:55] [PENJUALAN] CASHIER FORM : UNREGISTER HOTKEY
[ADMIN] [5/9/2017 10:55] [PENJUALAN] CASHIER FORM : REGISTER HOTKEY
[ADMIN] [5/9/2017 10:55] [PENJUALAN] CASHIER FORM : cashierDataGridView_KeyDown ATTEMPT TO DELETE ROW
[ADMIN] [5/9/2017 10:55] [PENJUALAN] CASHIER FORM : updateSomeRowContents
[ADMIN] [5/9/2017 10:55] [PENJUALAN] CASHIER FORM : clearUpSomeRowContents
[ADMIN] [5/9/2017 10:55] [PENJUALAN] CASHIER FORM : calculateTotal
[ADMIN] [5/9/2017 10:55] [PENJUALAN] CASHIER FORM : calculateTotal [0]
[ADMIN] [5/9/2017 10:55] [PENJUALAN] CASHIER FORM : calculateTotal, totalAfterDisc [0]
[ADMIN] [5/9/2017 10:55] [PENJUALAN] CASHIER FORM : calculateChangeValue, bayarTextBox.Text [0]
[ADMIN] [5/9/2017 10:55] [PENJUALAN] CASHIER FORM : calculateChangeValue, sisaBayar [0]
[ADMIN] [5/9/2017 10:55] [PENJUALAN] CASHIER FORM : deleteCurrentRow [0]
[ADMIN] [5/9/2017 10:55] [PENJUALAN] CASHIER FORM : UPDATE ROW NUMBER, TOTAL ROW [1]
[ADMIN] [5/9/2017 10:55] [PENJUALAN] CASHIER FORM : cashierDataGridView_CellValueChanged [F8]
[ADMIN] [5/9/2017 10:55] [PENJUALAN] CASHIER FORM : calculateTotal
[ADMIN] [5/9/2017 10:55] [PENJUALAN] CASHIER FORM : calculateTotal [0]
[ADMIN] [5/9/2017 10:55] [PENJUALAN] CASHIER FORM : calculateTotal, totalAfterDisc [0]
[ADMIN] [5/9/2017 10:55] [PENJUALAN] CASHIER FORM : calculateChangeValue, bayarTextBox.Text [0]
[ADMIN] [5/9/2017 10:55] [PENJUALAN] CASHIER FORM : calculateChangeValue, sisaBayar [0]
[ADMIN] [5/9/2017 10:55] [PENJUALAN] CASHIER FORM : productName_previewKeyDown, cashierDataGridView.CurrentCell.OwningColumn.Name  [productName]
[ADMIN] [5/9/2017 10:55] [PENJUALAN] CASHIER FORM : UPDATE ROW NUMBER, TOTAL ROW [2]
[ADMIN] [5/9/2017 10:55] [PENJUALAN] CASHIER FORM : cashierDataGridView_CellValueChanged [F8]
[ADMIN] [5/9/2017 10:55] [PENJUALAN] CASHIER FORM : cashierDataGridView_CellValueChanged [productName]
[ADMIN] [5/9/2017 10:55] [PENJUALAN] CASHIER FORM : productName_previewKeyDown, cashierDataGridView.CurrentCell.OwningColumn.Name  [productName]
[ADMIN] [5/9/2017 10:55] [PENJUALAN] CASHIER FORM : UNREGISTER HOTKEY
[ADMIN] [5/9/2017 10:55] [PENJUALAN] CASHIER FORM : REGISTER HOTKEY
[ADMIN] [5/9/2017 10:55] [PENJUALAN] CASHIER FORM : updateSomeRowContents
[ADMIN] [5/9/2017 10:55] [PENJUALAN] CASHIER FORM : clearUpSomeRowContents
[ADMIN] [5/9/2017 10:55] [PENJUALAN] CASHIER FORM : cashierDataGridView_CellValueChanged [productName]
[ADMIN] [5/9/2017 10:55] [PENJUALAN] CASHIER FORM : cashierDataGridView_CellValueChanged [hpp]
[ADMIN] [5/9/2017 10:55] [PENJUALAN] CASHIER FORM : cashierDataGridView_CellValueChanged [productPrice]
[ADMIN] [5/9/2017 10:55] [PENJUALAN] CASHIER FORM : cashierDataGridView_CellValueChanged, previousInput [0]
[ADMIN] [5/9/2017 10:55] [PENJUALAN] CASHIER FORM : cashierDataGridView_CellValueChanged [qty]
[ADMIN] [5/9/2017 10:55] [PENJUALAN] CASHIER FORM : cashierDataGridView_CellValueChanged, previousInput [0]
[ADMIN] [5/9/2017 10:55] [PENJUALAN] CASHIER FORM : cashierDataGridView_CellValueChanged [disc1]
[ADMIN] [5/9/2017 10:55] [PENJUALAN] CASHIER FORM : cashierDataGridView_CellValueChanged, previousInput [0]
[ADMIN] [5/9/2017 10:55] [PENJUALAN] CASHIER FORM : cashierDataGridView_CellValueChanged [disc2]
[ADMIN] [5/9/2017 10:55] [PENJUALAN] CASHIER FORM : cashierDataGridView_CellValueChanged, previousInput [0]
[ADMIN] [5/9/2017 10:55] [PENJUALAN] CASHIER FORM : cashierDataGridView_CellValueChanged [discRP]
[ADMIN] [5/9/2017 10:55] [PENJUALAN] CASHIER FORM : cashierDataGridView_CellValueChanged, previousInput [0]
[ADMIN] [5/9/2017 10:55] [PENJUALAN] CASHIER FORM : cashierDataGridView_CellValueChanged [jumlah]
[ADMIN] [5/9/2017 10:55] [PENJUALAN] CASHIER FORM : calculateTotal
[ADMIN] [5/9/2017 10:55] [PENJUALAN] CASHIER FORM : calculateTotal [0]
[ADMIN] [5/9/2017 10:55] [PENJUALAN] CASHIER FORM : calculateTotal, totalAfterDisc [0]
[ADMIN] [5/9/2017 10:55] [PENJUALAN] CASHIER FORM : calculateChangeValue, bayarTextBox.Text [0]
[ADMIN] [5/9/2017 10:55] [PENJUALAN] CASHIER FORM : calculateChangeValue, sisaBayar [0]
[ADMIN] [5/9/2017 10:55] [PENJUALAN] CASHIER FORM : productName_previewKeyDown, cashierDataGridView.CurrentCell.OwningColumn.Name  [productName]
[ADMIN] [5/9/2017 10:55] [PENJUALAN] CASHIER FORM : productName_previewKeyDown, cashierDataGridView.CurrentCell.OwningColumn.Name  [productName]
[ADMIN] [5/9/2017 10:55] [PENJUALAN] CASHIER FORM : UNREGISTER HOTKEY
[ADMIN] [5/9/2017 10:55] [PENJUALAN] CASHIER FORM : UNREGISTER HOTKEY
[ADMIN] [5/9/2017 10:55] [] USER ID = 1LOGOUT
