[] [12/2/2016 22:40] [] USER = ADMIN IS ACTIVE
[ADMIN] [12/2/2016 22:40] [] USER ID = 1 LOGIN SUCCESSFULLY
[ADMIN] [12/2/2016 22:40] [] ACTIVATE USER ACCESS RIGHT
[ADMIN] [12/2/2016 22:40] [] DISPLAY ADMIN FORM
[ADMIN] [12/2/2016 22:40] [] adminForm Load
[ADMIN] [12/2/2016 22:40] [] ACTIVATE USER ACCESS RIGHT
[ADMIN] [12/2/2016 22:41] [PENJUALAN] CASHIER FORM : REGISTER HOTKEY
[ADMIN] [12/2/2016 22:41] [PENJUALAN] CASHIER FORM : cashierForm_Load, ATTEMPT TO LOAD NO FAKTUR
[ADMIN] [12/2/2016 22:41] [PENJUALAN] CASHIER FORM : loadNoFaktur, noFakturValue [SLO001]
[ADMIN] [12/2/2016 22:41] [PENJUALAN] CASHIER FORM : cashierForm_Load, ATTEMPT TO addColumnToDataGrid
[ADMIN] [12/2/2016 22:41] [PENJUALAN] CASHIER FORM : UPDATE ROW NUMBER, TOTAL ROW [1]
[ADMIN] [12/2/2016 22:41] [PENJUALAN] CASHIER FORM : cashierDataGridView_CellValueChanged [F8]
[ADMIN] [12/2/2016 22:41] [PENJUALAN] CASHIER FORM : REGISTER HOTKEY
[ADMIN] [12/2/2016 22:41] [PENJUALAN] CASHIER FORM : Combobox_previewKeyDown, cashierDataGridView.CurrentCell.OwningColumn.Name  [productID]
[ADMIN] [12/2/2016 22:41] [PENJUALAN] CASHIER FORM : UPDATE ROW NUMBER, TOTAL ROW [2]
[ADMIN] [12/2/2016 22:41] [PENJUALAN] CASHIER FORM : cashierDataGridView_CellValueChanged [F8]
[ADMIN] [12/2/2016 22:41] [PENJUALAN] CASHIER FORM : cashierDataGridView_CellValueChanged [productID]
[ADMIN] [12/2/2016 22:41] [PENJUALAN] CASHIER FORM : Combobox_KeyUp, cashierDataGridView.CurrentCell.OwningColumn.Name  [productID]
[ADMIN] [12/2/2016 22:41] [PENJUALAN] CASHIER FORM : Combobox_previewKeyDown, cashierDataGridView.CurrentCell.OwningColumn.Name  [productID]
[ADMIN] [12/2/2016 22:41] [PENJUALAN] CASHIER FORM : cashierDataGridView_CellValueChanged [productID]
[ADMIN] [12/2/2016 22:41] [PENJUALAN] CASHIER FORM : Combobox_KeyUp, cashierDataGridView.CurrentCell.OwningColumn.Name  [productID]
[ADMIN] [12/2/2016 22:41] [PENJUALAN] CASHIER FORM : Combobox_previewKeyDown, cashierDataGridView.CurrentCell.OwningColumn.Name  [productID]
[ADMIN] [12/2/2016 22:41] [PENJUALAN] CASHIER FORM : cashierDataGridView_CellValueChanged [productID]
[ADMIN] [12/2/2016 22:41] [PENJUALAN] CASHIER FORM : Combobox_KeyUp, cashierDataGridView.CurrentCell.OwningColumn.Name  [productID]
[ADMIN] [12/2/2016 22:41] [PENJUALAN] CASHIER FORM : Combobox_previewKeyDown, cashierDataGridView.CurrentCell.OwningColumn.Name  [productID]
[ADMIN] [12/2/2016 22:41] [PENJUALAN] CASHIER FORM : cashierDataGridView_CellValueChanged [productID]
[ADMIN] [12/2/2016 22:41] [PENJUALAN] CASHIER FORM : Combobox_KeyUp, cashierDataGridView.CurrentCell.OwningColumn.Name  [productID]
[ADMIN] [12/2/2016 22:41] [PENJUALAN] CASHIER FORM : Combobox_previewKeyDown, cashierDataGridView.CurrentCell.OwningColumn.Name  [productID]
[ADMIN] [12/2/2016 22:41] [PENJUALAN] CASHIER FORM : cashierDataGridView_CellValueChanged [productID]
[ADMIN] [12/2/2016 22:41] [PENJUALAN] CASHIER FORM : Combobox_KeyUp, cashierDataGridView.CurrentCell.OwningColumn.Name  [productID]
[ADMIN] [12/2/2016 22:41] [PENJUALAN] CASHIER FORM : Combobox_previewKeyDown, cashierDataGridView.CurrentCell.OwningColumn.Name  [productID]
[ADMIN] [12/2/2016 22:41] [PENJUALAN] CASHIER FORM : updateSomeRowContents
[ADMIN] [12/2/2016 22:41] [PENJUALAN] CASHIER FORM : cashierDataGridView_CellValueChanged [productName]
[ADMIN] [12/2/2016 22:41] [PENJUALAN] CASHIER FORM : updateSomeRowContents
[ADMIN] [12/2/2016 22:41] [PENJUALAN] CASHIER FORM : PRODUCT PRICE TYPE [PRODUCT_BASE_PRICE]
[ADMIN] [12/2/2016 22:41] [PENJUALAN] CASHIER FORM : PRODUCT PRICE [2]
[ADMIN] [12/2/2016 22:41] [PENJUALAN] CASHIER FORM : ComboBox_SelectedIndexChanged, PRODUCT_BASE_PRICE [2]
[ADMIN] [12/2/2016 22:41] [PENJUALAN] CASHIER FORM : cashierDataGridView_CellValueChanged [hpp]
[ADMIN] [12/2/2016 22:41] [PENJUALAN] CASHIER FORM : PRODUCT PRICE TYPE [PRODUCT_RETAIL_PRICE]
[ADMIN] [12/2/2016 22:41] [PENJUALAN] CASHIER FORM : PRODUCT PRICE [1000]
[ADMIN] [12/2/2016 22:41] [PENJUALAN] CASHIER FORM : ComboBox_SelectedIndexChanged, PRODUCT_SALES_PRICE [1000]
[ADMIN] [12/2/2016 22:41] [PENJUALAN] CASHIER FORM : cashierDataGridView_CellValueChanged [productPrice]
[ADMIN] [12/2/2016 22:41] [PENJUALAN] CASHIER FORM : cashierDataGridView_CellValueChanged, previousInput [0]
[ADMIN] [12/2/2016 22:41] [PENJUALAN] CASHIER FORM : cashierDataGridView_CellValueChanged, cellValue [1000]
[ADMIN] [12/2/2016 22:41] [PENJUALAN] CASHIER FORM : cashierDataGridView_CellValueChanged, dataGridViewTextBoxEditingControl.Text pass REGEX Checking
[ADMIN] [12/2/2016 22:41] [PENJUALAN] CASHIER FORM : CALCULATE SUBTOTAL
[ADMIN] [12/2/2016 22:41] [PENJUALAN] CASHIER FORM : SUBTOTAL [0]
[ADMIN] [12/2/2016 22:41] [PENJUALAN] CASHIER FORM : cashierDataGridView_CellValueChanged, subtotal value [0]
[ADMIN] [12/2/2016 22:41] [PENJUALAN] CASHIER FORM : cashierDataGridView_CellValueChanged, attempt to calculate total value
[ADMIN] [12/2/2016 22:41] [PENJUALAN] CASHIER FORM : calculateTotal
[ADMIN] [12/2/2016 22:41] [PENJUALAN] CASHIER FORM : calculateTotal [0]
[ADMIN] [12/2/2016 22:41] [PENJUALAN] CASHIER FORM : calculateTotal, totalAfterDisc [0]
[ADMIN] [12/2/2016 22:41] [PENJUALAN] CASHIER FORM : calculateChangeValue, bayarTextBox.Text [0]
[ADMIN] [12/2/2016 22:41] [PENJUALAN] CASHIER FORM : calculateChangeValue, sisaBayar [0]
[ADMIN] [12/2/2016 22:41] [PENJUALAN] CASHIER FORM : cashierDataGridView_CellValueChanged [qty]
[ADMIN] [12/2/2016 22:41] [PENJUALAN] CASHIER FORM : cashierDataGridView_CellValueChanged, previousInput [0]
[ADMIN] [12/2/2016 22:41] [PENJUALAN] CASHIER FORM : cashierDataGridView_CellValueChanged [jumlah]
[ADMIN] [12/2/2016 22:41] [PENJUALAN] CASHIER FORM : calculateTotal
[ADMIN] [12/2/2016 22:41] [PENJUALAN] CASHIER FORM : calculateTotal [0]
[ADMIN] [12/2/2016 22:41] [PENJUALAN] CASHIER FORM : calculateTotal, totalAfterDisc [0]
[ADMIN] [12/2/2016 22:41] [PENJUALAN] CASHIER FORM : calculateChangeValue, bayarTextBox.Text [0]
[ADMIN] [12/2/2016 22:41] [PENJUALAN] CASHIER FORM : calculateChangeValue, sisaBayar [0]
[ADMIN] [12/2/2016 22:41] [PENJUALAN] CASHIER FORM : Combobox_KeyUp, cashierDataGridView.CurrentCell.OwningColumn.Name  [qty]
[ADMIN] [12/2/2016 22:41] [PENJUALAN] CASHIER FORM : cashierDataGridView_CellValueChanged [qty]
[ADMIN] [12/2/2016 22:41] [PENJUALAN] CASHIER FORM : cashierDataGridView_CellValueChanged, previousInput [0]
[ADMIN] [12/2/2016 22:41] [PENJUALAN] CASHIER FORM : cashierDataGridView_CellValueChanged, cellValue [2]
[ADMIN] [12/2/2016 22:41] [PENJUALAN] CASHIER FORM : cashierDataGridView_CellValueChanged, dataGridViewTextBoxEditingControl.Text pass REGEX Checking
[ADMIN] [12/2/2016 22:41] [PENJUALAN] CASHIER FORM : CHECK STOCK QTY IS ENOUGH [RT001]
[ADMIN] [12/2/2016 22:41] [PENJUALAN] CASHIER FORM : CHECK STOCK QTY IS ENOUGH [64, 2]
[ADMIN] [12/2/2016 22:41] [PENJUALAN] CASHIER FORM : CALCULATE SUBTOTAL
[ADMIN] [12/2/2016 22:41] [PENJUALAN] CASHIER FORM : SUBTOTAL [2000]
[ADMIN] [12/2/2016 22:41] [PENJUALAN] CASHIER FORM : cashierDataGridView_CellValueChanged, subtotal value [2000]
[ADMIN] [12/2/2016 22:41] [PENJUALAN] CASHIER FORM : cashierDataGridView_CellValueChanged, attempt to calculate total value
[ADMIN] [12/2/2016 22:41] [PENJUALAN] CASHIER FORM : calculateTotal
[ADMIN] [12/2/2016 22:41] [PENJUALAN] CASHIER FORM : calculateTotal [2000]
[ADMIN] [12/2/2016 22:41] [PENJUALAN] CASHIER FORM : calculateTotal, totalAfterDisc [2000]
[ADMIN] [12/2/2016 22:41] [PENJUALAN] CASHIER FORM : calculateChangeValue, bayarTextBox.Text [0]
[ADMIN] [12/2/2016 22:41] [PENJUALAN] CASHIER FORM : calculateChangeValue, sisaBayar [0]
[ADMIN] [12/2/2016 22:41] [PENJUALAN] CASHIER FORM : Combobox_KeyUp, cashierDataGridView.CurrentCell.OwningColumn.Name  [qty]
[ADMIN] [12/2/2016 22:41] [PENJUALAN] CASHIER FORM : DISPLAY PELANGGAN FORM
[ADMIN] [12/2/2016 22:41] [PENJUALAN] CASHIER FORM : UNREGISTER HOTKEY
[ADMIN] [12/2/2016 22:41] [PENJUALAN] CASHIER FORM : SELECTED CUSTOMER ID [1]
[ADMIN] [12/2/2016 22:41] [PENJUALAN] CASHIER FORM : ATTEMPT TO SET CUSTOMER PROFILE
[ADMIN] [12/2/2016 22:41] [PENJUALAN] CASHIER FORM : SET CUSTOMER PROFILE [ANDRI]
[ADMIN] [12/2/2016 22:41] [PENJUALAN] CASHIER FORM : CUSTOMER GROUP [P-UMUM [ECER]]
[ADMIN] [12/2/2016 22:41] [PENJUALAN] CASHIER FORM : FINISHED SET CUSTOMER PROFILE
[ADMIN] [12/2/2016 22:41] [PENJUALAN] CASHIER FORM : ATTEMPT TO REFRESH PRODUCT PRICE
[ADMIN] [12/2/2016 22:41] [PENJUALAN] CASHIER FORM : PRODUCT PRICE TYPE [PRODUCT_RETAIL_PRICE]
[ADMIN] [12/2/2016 22:41] [PENJUALAN] CASHIER FORM : PRODUCT PRICE [1000]
[ADMIN] [12/2/2016 22:41] [PENJUALAN] CASHIER FORM : CALCULATE SUBTOTAL
[ADMIN] [12/2/2016 22:41] [PENJUALAN] CASHIER FORM : SUBTOTAL [2000]
[ADMIN] [12/2/2016 22:41] [PENJUALAN] CASHIER FORM : calculateTotal
[ADMIN] [12/2/2016 22:41] [PENJUALAN] CASHIER FORM : calculateTotal [2000]
[ADMIN] [12/2/2016 22:41] [PENJUALAN] CASHIER FORM : calculateTotal, totalAfterDisc [2000]
[ADMIN] [12/2/2016 22:41] [PENJUALAN] CASHIER FORM : calculateChangeValue, bayarTextBox.Text [0]
[ADMIN] [12/2/2016 22:41] [PENJUALAN] CASHIER FORM : calculateChangeValue, sisaBayar [0]
[ADMIN] [12/2/2016 22:41] [PENJUALAN] CASHIER FORM : PRODUCT PRICE REFRESHED
[ADMIN] [12/2/2016 22:41] [PENJUALAN] CASHIER FORM : REGISTER HOTKEY
[ADMIN] [12/2/2016 22:41] [PENJUALAN] CASHIER FORM : Combobox_KeyUp, cashierDataGridView.CurrentCell.OwningColumn.Name  [qty]
[ADMIN] [12/2/2016 22:41] [PENJUALAN] CASHIER FORM : HOTKEY TO SAVE AND PRINT OUT INVOICE PRESSED
[ADMIN] [12/2/2016 22:41] [PENJUALAN] CASHIER FORM : UNREGISTER HOTKEY
[ADMIN] [12/2/2016 22:41] [PENJUALAN] CASHIER FORM : REGISTER HOTKEY
[ADMIN] [12/2/2016 22:41] [PENJUALAN] ATTEMPT TO SAVE AND PRINT OUT INVOICE
[ADMIN] [12/2/2016 22:41] [PENJUALAN] CASHIER FORM : UNREGISTER HOTKEY
[ADMIN] [12/2/2016 22:41] [PENJUALAN] CASHIER FORM : ATTEMPT TO SAVE SALES DATA [02-12-2016 22:41]
[ADMIN] [12/2/2016 22:41] [PENJUALAN] CASHIER FORM : SALES DISC FINAL [0]
[ADMIN] [12/2/2016 22:41] [PENJUALAN] CASHIER FORM : CASH SALES
[ADMIN] [12/2/2016 22:41] [PENJUALAN] CASHIER FORM : MAX SALES INVOICE [32]
[ADMIN] [12/2/2016 22:41] [PENJUALAN] CASHIER FORM : SALES INVOICE [SQ-33]
[ADMIN] [12/2/2016 22:41] [PENJUALAN] INSERT INTO SALES QUOTATION HEADER [SQ-33]
[ADMIN] [12/2/2016 22:41] [PENJUALAN] INSERT INTO SALES QUOTATION DETAIL[RT001, 1000, 2]
[ADMIN] [12/2/2016 22:41] [PENJUALAN] CASHIER FORM : REGISTER HOTKEY
[ADMIN] [12/2/2016 22:41] [PENJUALAN] TRANSACTION SAVED
[ADMIN] [12/2/2016 22:41] [PENJUALAN] PRINT OUT INVOICE
[ADMIN] [12/2/2016 22:41] [PENJUALAN] CASHIER FORM : PrintReceipt
[ADMIN] [12/2/2016 22:41] [PENJUALAN] CASHIER FORM : PrintReceipt, papermode [0]
[ADMIN] [12/2/2016 22:41] [PENJUALAN] CASHIER FORM : PrintReceipt, display SalesQuotationReceiptForm
[ADMIN] [12/2/2016 22:41] [PENJUALAN] CASHIER FORM : UNREGISTER HOTKEY
[ADMIN] [12/2/2016 22:41] [PENJUALAN] CASHIER FORM : REGISTER HOTKEY
[ADMIN] [12/2/2016 22:41] [PENJUALAN] CASHIER FORM : UPDATE ROW NUMBER, TOTAL ROW [1]
[ADMIN] [12/2/2016 22:41] [PENJUALAN] CASHIER FORM : cashierDataGridView_CellValueChanged [F8]
[ADMIN] [12/2/2016 22:41] [PENJUALAN] CASHIER FORM : UNREGISTER HOTKEY
[ADMIN] [12/2/2016 22:41] [PENJUALAN] CASHIER FORM : UNREGISTER HOTKEY
[ADMIN] [12/2/2016 22:41] [] USER ID = 1LOGOUT
