[] [5/22/2017 00:38] [] USER = ADMIN IS ACTIVE
[ADMIN] [5/22/2017 00:38] [] USER ID = 1 LOGIN SUCCESSFULLY
[ADMIN] [5/22/2017 00:38] [] ACTIVATE USER ACCESS RIGHT
[ADMIN] [5/22/2017 00:38] [] DISPLAY ADMIN FORM
[ADMIN] [5/22/2017 00:38] [] adminForm Load
[ADMIN] [5/22/2017 00:38] [] ACTIVATE USER ACCESS RIGHT
[ADMIN] [5/22/2017 00:39] [PENJUALAN] CASHIER FORM : MULTIPLE CASHIER INSTANCE [1]
[ADMIN] [5/22/2017 00:39] [PENJUALAN] CASHIER FORM : REGISTER HOTKEY
[ADMIN] [5/22/2017 00:39] [PENJUALAN] CASHIER FORM : cashierForm_Load, ATTEMPT TO LOAD NO FAKTUR
[ADMIN] [5/22/2017 00:39] [PENJUALAN] CASHIER FORM : loadNoFaktur, noFakturValue [SLO001]
[ADMIN] [5/22/2017 00:39] [PENJUALAN] CASHIER FORM : cashierForm_Load, ATTEMPT TO addColumnToDataGrid
[ADMIN] [5/22/2017 00:39] [PENJUALAN] CASHIER FORM : UPDATE ROW NUMBER, TOTAL ROW [1]
[ADMIN] [5/22/2017 00:39] [PENJUALAN] CASHIER FORM : cashierDataGridView_CellValueChanged [F8]
[ADMIN] [5/22/2017 00:39] [PENJUALAN] CASHIER FORM : REGISTER HOTKEY
[ADMIN] [5/22/2017 00:39] [PENJUALAN] CASHIER FORM : DISPLAY PELANGGAN FORM
[ADMIN] [5/22/2017 00:39] [PENJUALAN] CASHIER FORM : UNREGISTER HOTKEY
[ADMIN] [5/22/2017 00:41] [PENJUALAN] CASHIER FORM : REGISTER HOTKEY
[ADMIN] [5/22/2017 00:41] [PENJUALAN] CASHIER FORM : UNREGISTER HOTKEY
[ADMIN] [5/22/2017 00:41] [PENJUALAN] CASHIER FORM : UNREGISTER HOTKEY
[ADMIN] [5/22/2017 00:47] [] USER ID = 1LOGOUT
