[] [12/6/2016 12:04] [] USER = ADMIN IS ACTIVE
[ADMIN] [12/6/2016 12:04] [] USER ID = 1 LOGIN SUCCESSFULLY
[ADMIN] [12/6/2016 12:04] [] ACTIVATE USER ACCESS RIGHT
[ADMIN] [12/6/2016 12:04] [] DISPLAY ADMIN FORM
[ADMIN] [12/6/2016 12:04] [] adminForm Load
[ADMIN] [12/6/2016 12:04] [] ACTIVATE USER ACCESS RIGHT
[ADMIN] [12/6/2016 12:05] [PENJUALAN] CASHIER FORM : REGISTER HOTKEY
[ADMIN] [12/6/2016 12:05] [PENJUALAN] CASHIER FORM : cashierForm_Load, ATTEMPT TO LOAD NO FAKTUR
[ADMIN] [12/6/2016 12:05] [PENJUALAN] CASHIER FORM : loadNoFaktur, noFakturValue [SLO001]
[ADMIN] [12/6/2016 12:05] [PENJUALAN] CASHIER FORM : cashierForm_Load, ATTEMPT TO addColumnToDataGrid
[ADMIN] [12/6/2016 12:05] [PENJUALAN] CASHIER FORM : UPDATE ROW NUMBER, TOTAL ROW [1]
[ADMIN] [12/6/2016 12:05] [PENJUALAN] CASHIER FORM : cashierDataGridView_CellValueChanged [F8]
[ADMIN] [12/6/2016 12:05] [PENJUALAN] CASHIER FORM : REGISTER HOTKEY
[ADMIN] [12/6/2016 12:05] [PENJUALAN] CASHIER FORM : Combobox_previewKeyDown, cashierDataGridView.CurrentCell.OwningColumn.Name  [productID]
[ADMIN] [12/6/2016 12:05] [PENJUALAN] CASHIER FORM : UPDATE ROW NUMBER, TOTAL ROW [2]
[ADMIN] [12/6/2016 12:05] [PENJUALAN] CASHIER FORM : cashierDataGridView_CellValueChanged [F8]
[ADMIN] [12/6/2016 12:05] [PENJUALAN] CASHIER FORM : cashierDataGridView_CellValueChanged [productID]
[ADMIN] [12/6/2016 12:05] [PENJUALAN] CASHIER FORM : Combobox_KeyUp, cashierDataGridView.CurrentCell.OwningColumn.Name  [productID]
[ADMIN] [12/6/2016 12:05] [PENJUALAN] CASHIER FORM : Combobox_previewKeyDown, cashierDataGridView.CurrentCell.OwningColumn.Name  [productID]
[ADMIN] [12/6/2016 12:05] [PENJUALAN] CASHIER FORM : cashierDataGridView_CellValueChanged [productID]
[ADMIN] [12/6/2016 12:05] [PENJUALAN] CASHIER FORM : Combobox_KeyUp, cashierDataGridView.CurrentCell.OwningColumn.Name  [productID]
[ADMIN] [12/6/2016 12:05] [PENJUALAN] CASHIER FORM : Combobox_previewKeyDown, cashierDataGridView.CurrentCell.OwningColumn.Name  [productID]
[ADMIN] [12/6/2016 12:05] [PENJUALAN] CASHIER FORM : cashierDataGridView_CellValueChanged [productID]
[ADMIN] [12/6/2016 12:05] [PENJUALAN] CASHIER FORM : Combobox_KeyUp, cashierDataGridView.CurrentCell.OwningColumn.Name  [productID]
[ADMIN] [12/6/2016 12:05] [PENJUALAN] CASHIER FORM : Combobox_previewKeyDown, cashierDataGridView.CurrentCell.OwningColumn.Name  [productID]
[ADMIN] [12/6/2016 12:05] [PENJUALAN] CASHIER FORM : cashierDataGridView_CellValueChanged [productID]
[ADMIN] [12/6/2016 12:05] [PENJUALAN] CASHIER FORM : Combobox_KeyUp, cashierDataGridView.CurrentCell.OwningColumn.Name  [productID]
[ADMIN] [12/6/2016 12:05] [PENJUALAN] CASHIER FORM : Combobox_previewKeyDown, cashierDataGridView.CurrentCell.OwningColumn.Name  [productID]
[ADMIN] [12/6/2016 12:05] [PENJUALAN] CASHIER FORM : cashierDataGridView_CellValueChanged [productID]
[ADMIN] [12/6/2016 12:05] [PENJUALAN] CASHIER FORM : Combobox_KeyUp, cashierDataGridView.CurrentCell.OwningColumn.Name  [productID]
[ADMIN] [12/6/2016 12:05] [PENJUALAN] CASHIER FORM : Combobox_previewKeyDown, cashierDataGridView.CurrentCell.OwningColumn.Name  [productID]
[ADMIN] [12/6/2016 12:05] [PENJUALAN] CASHIER FORM : updateSomeRowContents
[ADMIN] [12/6/2016 12:05] [PENJUALAN] CASHIER FORM : cashierDataGridView_CellValueChanged [productName]
[ADMIN] [12/6/2016 12:05] [PENJUALAN] CASHIER FORM : updateSomeRowContents
[ADMIN] [12/6/2016 12:05] [PENJUALAN] CASHIER FORM : PRODUCT PRICE TYPE [PRODUCT_BASE_PRICE]
[ADMIN] [12/6/2016 12:05] [PENJUALAN] CASHIER FORM : PRODUCT PRICE [2]
[ADMIN] [12/6/2016 12:05] [PENJUALAN] CASHIER FORM : ComboBox_SelectedIndexChanged, PRODUCT_BASE_PRICE [2]
[ADMIN] [12/6/2016 12:05] [PENJUALAN] CASHIER FORM : cashierDataGridView_CellValueChanged [hpp]
[ADMIN] [12/6/2016 12:05] [PENJUALAN] CASHIER FORM : PRODUCT PRICE TYPE [PRODUCT_RETAIL_PRICE]
[ADMIN] [12/6/2016 12:05] [PENJUALAN] CASHIER FORM : PRODUCT PRICE [1000]
[ADMIN] [12/6/2016 12:05] [PENJUALAN] CASHIER FORM : ComboBox_SelectedIndexChanged, PRODUCT_SALES_PRICE [1000]
[ADMIN] [12/6/2016 12:05] [PENJUALAN] CASHIER FORM : cashierDataGridView_CellValueChanged [productPrice]
[ADMIN] [12/6/2016 12:05] [PENJUALAN] CASHIER FORM : cashierDataGridView_CellValueChanged, previousInput [0]
[ADMIN] [12/6/2016 12:05] [PENJUALAN] CASHIER FORM : cashierDataGridView_CellValueChanged, cellValue [1000]
[ADMIN] [12/6/2016 12:05] [PENJUALAN] CASHIER FORM : cashierDataGridView_CellValueChanged, dataGridViewTextBoxEditingControl.Text pass REGEX Checking
[ADMIN] [12/6/2016 12:05] [PENJUALAN] CASHIER FORM : CALCULATE SUBTOTAL
[ADMIN] [12/6/2016 12:05] [PENJUALAN] CASHIER FORM : SUBTOTAL [0]
[ADMIN] [12/6/2016 12:05] [PENJUALAN] CASHIER FORM : cashierDataGridView_CellValueChanged, subtotal value [0]
[ADMIN] [12/6/2016 12:05] [PENJUALAN] CASHIER FORM : cashierDataGridView_CellValueChanged, attempt to calculate total value
[ADMIN] [12/6/2016 12:05] [PENJUALAN] CASHIER FORM : calculateTotal
[ADMIN] [12/6/2016 12:05] [PENJUALAN] CASHIER FORM : calculateTotal [0]
[ADMIN] [12/6/2016 12:05] [PENJUALAN] CASHIER FORM : calculateTotal, totalAfterDisc [0]
[ADMIN] [12/6/2016 12:05] [PENJUALAN] CASHIER FORM : calculateChangeValue, bayarTextBox.Text [0]
[ADMIN] [12/6/2016 12:05] [PENJUALAN] CASHIER FORM : calculateChangeValue, sisaBayar [0]
[ADMIN] [12/6/2016 12:05] [PENJUALAN] CASHIER FORM : cashierDataGridView_CellValueChanged [qty]
[ADMIN] [12/6/2016 12:05] [PENJUALAN] CASHIER FORM : cashierDataGridView_CellValueChanged, previousInput [0]
[ADMIN] [12/6/2016 12:05] [PENJUALAN] CASHIER FORM : cashierDataGridView_CellValueChanged [jumlah]
[ADMIN] [12/6/2016 12:05] [PENJUALAN] CASHIER FORM : calculateTotal
[ADMIN] [12/6/2016 12:05] [PENJUALAN] CASHIER FORM : calculateTotal [0]
[ADMIN] [12/6/2016 12:05] [PENJUALAN] CASHIER FORM : calculateTotal, totalAfterDisc [0]
[ADMIN] [12/6/2016 12:05] [PENJUALAN] CASHIER FORM : calculateChangeValue, bayarTextBox.Text [0]
[ADMIN] [12/6/2016 12:05] [PENJUALAN] CASHIER FORM : calculateChangeValue, sisaBayar [0]
[ADMIN] [12/6/2016 12:05] [PENJUALAN] CASHIER FORM : Combobox_KeyUp, cashierDataGridView.CurrentCell.OwningColumn.Name  [qty]
[ADMIN] [12/6/2016 12:05] [PENJUALAN] CASHIER FORM : cashierDataGridView_CellValueChanged [qty]
[ADMIN] [12/6/2016 12:05] [PENJUALAN] CASHIER FORM : cashierDataGridView_CellValueChanged, previousInput [0]
[ADMIN] [12/6/2016 12:05] [PENJUALAN] CASHIER FORM : cashierDataGridView_CellValueChanged, cellValue [2]
[ADMIN] [12/6/2016 12:05] [PENJUALAN] CASHIER FORM : cashierDataGridView_CellValueChanged, dataGridViewTextBoxEditingControl.Text pass REGEX Checking
[ADMIN] [12/6/2016 12:05] [PENJUALAN] CASHIER FORM : CHECK STOCK QTY IS ENOUGH [RT001]
[ADMIN] [12/6/2016 12:05] [PENJUALAN] CASHIER FORM : CHECK STOCK QTY IS ENOUGH [62, 2]
[ADMIN] [12/6/2016 12:05] [PENJUALAN] CASHIER FORM : CALCULATE SUBTOTAL
[ADMIN] [12/6/2016 12:05] [PENJUALAN] CASHIER FORM : SUBTOTAL [2000]
[ADMIN] [12/6/2016 12:05] [PENJUALAN] CASHIER FORM : cashierDataGridView_CellValueChanged, subtotal value [2000]
[ADMIN] [12/6/2016 12:05] [PENJUALAN] CASHIER FORM : cashierDataGridView_CellValueChanged, attempt to calculate total value
[ADMIN] [12/6/2016 12:05] [PENJUALAN] CASHIER FORM : calculateTotal
[ADMIN] [12/6/2016 12:05] [PENJUALAN] CASHIER FORM : calculateTotal [2000]
[ADMIN] [12/6/2016 12:05] [PENJUALAN] CASHIER FORM : calculateTotal, totalAfterDisc [2000]
[ADMIN] [12/6/2016 12:05] [PENJUALAN] CASHIER FORM : calculateChangeValue, bayarTextBox.Text [0]
[ADMIN] [12/6/2016 12:05] [PENJUALAN] CASHIER FORM : calculateChangeValue, sisaBayar [0]
[ADMIN] [12/6/2016 12:05] [PENJUALAN] CASHIER FORM : Combobox_KeyUp, cashierDataGridView.CurrentCell.OwningColumn.Name  [qty]
[ADMIN] [12/6/2016 12:05] [PENJUALAN] CASHIER FORM : cashierDataGridView_CellValueChanged [qty]
[ADMIN] [12/6/2016 12:05] [PENJUALAN] CASHIER FORM : cashierDataGridView_CellValueChanged, previousInput [2]
[ADMIN] [12/6/2016 12:05] [PENJUALAN] CASHIER FORM : cashierDataGridView_CellValueChanged, dataGridViewTextBoxEditingControl.Text pass REGEX Checking
[ADMIN] [12/6/2016 12:05] [PENJUALAN] CASHIER FORM : CHECK STOCK QTY IS ENOUGH [RT001]
[ADMIN] [12/6/2016 12:05] [PENJUALAN] CASHIER FORM : CHECK STOCK QTY IS ENOUGH [62, 22]
[ADMIN] [12/6/2016 12:05] [PENJUALAN] CASHIER FORM : CALCULATE SUBTOTAL
[ADMIN] [12/6/2016 12:05] [PENJUALAN] CASHIER FORM : SUBTOTAL [22000]
[ADMIN] [12/6/2016 12:05] [PENJUALAN] CASHIER FORM : cashierDataGridView_CellValueChanged, subtotal value [22000]
[ADMIN] [12/6/2016 12:05] [PENJUALAN] CASHIER FORM : cashierDataGridView_CellValueChanged, attempt to calculate total value
[ADMIN] [12/6/2016 12:05] [PENJUALAN] CASHIER FORM : calculateTotal
[ADMIN] [12/6/2016 12:05] [PENJUALAN] CASHIER FORM : calculateTotal [22000]
[ADMIN] [12/6/2016 12:05] [PENJUALAN] CASHIER FORM : calculateTotal, totalAfterDisc [22000]
[ADMIN] [12/6/2016 12:05] [PENJUALAN] CASHIER FORM : calculateChangeValue, bayarTextBox.Text [0]
[ADMIN] [12/6/2016 12:05] [PENJUALAN] CASHIER FORM : calculateChangeValue, sisaBayar [0]
[ADMIN] [12/6/2016 12:05] [PENJUALAN] CASHIER FORM : Combobox_KeyUp, cashierDataGridView.CurrentCell.OwningColumn.Name  [qty]
[ADMIN] [12/6/2016 12:05] [PENJUALAN] CASHIER FORM : Combobox_KeyUp, cashierDataGridView.CurrentCell.OwningColumn.Name  [productID]
[ADMIN] [12/6/2016 12:05] [PENJUALAN] CASHIER FORM : Combobox_KeyUp, cashierDataGridView.CurrentCell.OwningColumn.Name  [productID]
[ADMIN] [12/6/2016 12:05] [PENJUALAN] CASHIER FORM : Combobox_previewKeyDown, cashierDataGridView.CurrentCell.OwningColumn.Name  [productID]
[ADMIN] [12/6/2016 12:05] [PENJUALAN] CASHIER FORM : Combobox_previewKeyDown, cashierDataGridView.CurrentCell.OwningColumn.Name  [productID]
[ADMIN] [12/6/2016 12:05] [PENJUALAN] CASHIER FORM : UPDATE ROW NUMBER, TOTAL ROW [3]
[ADMIN] [12/6/2016 12:05] [PENJUALAN] CASHIER FORM : cashierDataGridView_CellValueChanged [F8]
[ADMIN] [12/6/2016 12:05] [PENJUALAN] CASHIER FORM : cashierDataGridView_CellValueChanged [productID]
[ADMIN] [12/6/2016 12:05] [PENJUALAN] CASHIER FORM : Combobox_KeyUp, cashierDataGridView.CurrentCell.OwningColumn.Name  [productID]
[ADMIN] [12/6/2016 12:05] [PENJUALAN] CASHIER FORM : Combobox_KeyUp, cashierDataGridView.CurrentCell.OwningColumn.Name  [productID]
[ADMIN] [12/6/2016 12:05] [PENJUALAN] CASHIER FORM : Combobox_previewKeyDown, cashierDataGridView.CurrentCell.OwningColumn.Name  [productID]
[ADMIN] [12/6/2016 12:05] [PENJUALAN] CASHIER FORM : Combobox_previewKeyDown, cashierDataGridView.CurrentCell.OwningColumn.Name  [productID]
[ADMIN] [12/6/2016 12:05] [PENJUALAN] CASHIER FORM : cashierDataGridView_CellValueChanged [productID]
[ADMIN] [12/6/2016 12:05] [PENJUALAN] CASHIER FORM : Combobox_KeyUp, cashierDataGridView.CurrentCell.OwningColumn.Name  [productID]
[ADMIN] [12/6/2016 12:05] [PENJUALAN] CASHIER FORM : Combobox_KeyUp, cashierDataGridView.CurrentCell.OwningColumn.Name  [productID]
[ADMIN] [12/6/2016 12:05] [PENJUALAN] CASHIER FORM : Combobox_previewKeyDown, cashierDataGridView.CurrentCell.OwningColumn.Name  [productID]
[ADMIN] [12/6/2016 12:05] [PENJUALAN] CASHIER FORM : Combobox_previewKeyDown, cashierDataGridView.CurrentCell.OwningColumn.Name  [productID]
[ADMIN] [12/6/2016 12:05] [PENJUALAN] CASHIER FORM : cashierDataGridView_CellValueChanged [productID]
[ADMIN] [12/6/2016 12:05] [PENJUALAN] CASHIER FORM : Combobox_KeyUp, cashierDataGridView.CurrentCell.OwningColumn.Name  [productID]
[ADMIN] [12/6/2016 12:05] [PENJUALAN] CASHIER FORM : Combobox_KeyUp, cashierDataGridView.CurrentCell.OwningColumn.Name  [productID]
[ADMIN] [12/6/2016 12:05] [PENJUALAN] CASHIER FORM : Combobox_previewKeyDown, cashierDataGridView.CurrentCell.OwningColumn.Name  [productID]
[ADMIN] [12/6/2016 12:05] [PENJUALAN] CASHIER FORM : Combobox_previewKeyDown, cashierDataGridView.CurrentCell.OwningColumn.Name  [productID]
[ADMIN] [12/6/2016 12:05] [PENJUALAN] CASHIER FORM : cashierDataGridView_CellValueChanged [productID]
[ADMIN] [12/6/2016 12:05] [PENJUALAN] CASHIER FORM : Combobox_KeyUp, cashierDataGridView.CurrentCell.OwningColumn.Name  [productID]
[ADMIN] [12/6/2016 12:05] [PENJUALAN] CASHIER FORM : Combobox_KeyUp, cashierDataGridView.CurrentCell.OwningColumn.Name  [productID]
[ADMIN] [12/6/2016 12:05] [PENJUALAN] CASHIER FORM : Combobox_previewKeyDown, cashierDataGridView.CurrentCell.OwningColumn.Name  [productID]
[ADMIN] [12/6/2016 12:05] [PENJUALAN] CASHIER FORM : Combobox_previewKeyDown, cashierDataGridView.CurrentCell.OwningColumn.Name  [productID]
[ADMIN] [12/6/2016 12:05] [PENJUALAN] CASHIER FORM : cashierDataGridView_CellValueChanged [productID]
[ADMIN] [12/6/2016 12:05] [PENJUALAN] CASHIER FORM : Combobox_KeyUp, cashierDataGridView.CurrentCell.OwningColumn.Name  [productID]
[ADMIN] [12/6/2016 12:05] [PENJUALAN] CASHIER FORM : Combobox_KeyUp, cashierDataGridView.CurrentCell.OwningColumn.Name  [productID]
[ADMIN] [12/6/2016 12:05] [PENJUALAN] CASHIER FORM : Combobox_previewKeyDown, cashierDataGridView.CurrentCell.OwningColumn.Name  [productID]
[ADMIN] [12/6/2016 12:05] [PENJUALAN] CASHIER FORM : Combobox_previewKeyDown, cashierDataGridView.CurrentCell.OwningColumn.Name  [productID]
[ADMIN] [12/6/2016 12:05] [PENJUALAN] CASHIER FORM : Combobox_KeyUp, cashierDataGridView.CurrentCell.OwningColumn.Name  [productName]
[ADMIN] [12/6/2016 12:05] [PENJUALAN] CASHIER FORM : Combobox_KeyUp, cashierDataGridView.CurrentCell.OwningColumn.Name  [productName]
[ADMIN] [12/6/2016 12:05] [PENJUALAN] CASHIER FORM : Combobox_KeyUp, cashierDataGridView.CurrentCell.OwningColumn.Name  [productName]
[ADMIN] [12/6/2016 12:05] [PENJUALAN] CASHIER FORM : productName_previewKeyDown, cashierDataGridView.CurrentCell.OwningColumn.Name  [productName]
[ADMIN] [12/6/2016 12:05] [PENJUALAN] CASHIER FORM : Combobox_KeyUp, cashierDataGridView.CurrentCell.OwningColumn.Name  [productPrice]
[ADMIN] [12/6/2016 12:05] [PENJUALAN] CASHIER FORM : Combobox_KeyUp, cashierDataGridView.CurrentCell.OwningColumn.Name  [productPrice]
[ADMIN] [12/6/2016 12:05] [PENJUALAN] CASHIER FORM : Combobox_KeyUp, cashierDataGridView.CurrentCell.OwningColumn.Name  [productPrice]
[ADMIN] [12/6/2016 12:05] [PENJUALAN] CASHIER FORM : productName_previewKeyDown, cashierDataGridView.CurrentCell.OwningColumn.Name  [productName]
[ADMIN] [12/6/2016 12:05] [PENJUALAN] CASHIER FORM : productName_previewKeyDown, cashierDataGridView.CurrentCell.OwningColumn.Name  [productName]
[ADMIN] [12/6/2016 12:05] [PENJUALAN] CASHIER FORM : Combobox_previewKeyDown, cashierDataGridView.CurrentCell.OwningColumn.Name  [productID]
[ADMIN] [12/6/2016 12:05] [PENJUALAN] CASHIER FORM : updateSomeRowContents
[ADMIN] [12/6/2016 12:05] [PENJUALAN] CASHIER FORM : cashierDataGridView_CellValueChanged [productName]
[ADMIN] [12/6/2016 12:05] [PENJUALAN] CASHIER FORM : updateSomeRowContents
[ADMIN] [12/6/2016 12:05] [PENJUALAN] CASHIER FORM : PRODUCT PRICE TYPE [PRODUCT_BASE_PRICE]
[ADMIN] [12/6/2016 12:05] [PENJUALAN] CASHIER FORM : PRODUCT PRICE [0]
[ADMIN] [12/6/2016 12:05] [PENJUALAN] CASHIER FORM : ComboBox_SelectedIndexChanged, PRODUCT_BASE_PRICE [0]
[ADMIN] [12/6/2016 12:05] [PENJUALAN] CASHIER FORM : cashierDataGridView_CellValueChanged [hpp]
[ADMIN] [12/6/2016 12:05] [PENJUALAN] CASHIER FORM : PRODUCT PRICE TYPE [PRODUCT_RETAIL_PRICE]
[ADMIN] [12/6/2016 12:05] [PENJUALAN] CASHIER FORM : PRODUCT PRICE [5000]
[ADMIN] [12/6/2016 12:05] [PENJUALAN] CASHIER FORM : ComboBox_SelectedIndexChanged, PRODUCT_SALES_PRICE [5000]
[ADMIN] [12/6/2016 12:05] [PENJUALAN] CASHIER FORM : cashierDataGridView_CellValueChanged [productPrice]
[ADMIN] [12/6/2016 12:05] [PENJUALAN] CASHIER FORM : cashierDataGridView_CellValueChanged, previousInput [0]
[ADMIN] [12/6/2016 12:05] [PENJUALAN] CASHIER FORM : cashierDataGridView_CellValueChanged, cellValue [5000]
[ADMIN] [12/6/2016 12:05] [PENJUALAN] CASHIER FORM : cashierDataGridView_CellValueChanged, dataGridViewTextBoxEditingControl.Text pass REGEX Checking
[ADMIN] [12/6/2016 12:05] [PENJUALAN] CASHIER FORM : CALCULATE SUBTOTAL
[ADMIN] [12/6/2016 12:05] [PENJUALAN] CASHIER FORM : SUBTOTAL [0]
[ADMIN] [12/6/2016 12:05] [PENJUALAN] CASHIER FORM : cashierDataGridView_CellValueChanged, subtotal value [0]
[ADMIN] [12/6/2016 12:05] [PENJUALAN] CASHIER FORM : cashierDataGridView_CellValueChanged, attempt to calculate total value
[ADMIN] [12/6/2016 12:05] [PENJUALAN] CASHIER FORM : calculateTotal
[ADMIN] [12/6/2016 12:05] [PENJUALAN] CASHIER FORM : calculateTotal [22000]
[ADMIN] [12/6/2016 12:05] [PENJUALAN] CASHIER FORM : calculateTotal, totalAfterDisc [22000]
[ADMIN] [12/6/2016 12:05] [PENJUALAN] CASHIER FORM : calculateChangeValue, bayarTextBox.Text [0]
[ADMIN] [12/6/2016 12:05] [PENJUALAN] CASHIER FORM : calculateChangeValue, sisaBayar [0]
[ADMIN] [12/6/2016 12:05] [PENJUALAN] CASHIER FORM : cashierDataGridView_CellValueChanged [qty]
[ADMIN] [12/6/2016 12:05] [PENJUALAN] CASHIER FORM : cashierDataGridView_CellValueChanged, previousInput [0]
[ADMIN] [12/6/2016 12:05] [PENJUALAN] CASHIER FORM : cashierDataGridView_CellValueChanged [jumlah]
[ADMIN] [12/6/2016 12:05] [PENJUALAN] CASHIER FORM : calculateTotal
[ADMIN] [12/6/2016 12:05] [PENJUALAN] CASHIER FORM : calculateTotal [22000]
[ADMIN] [12/6/2016 12:05] [PENJUALAN] CASHIER FORM : calculateTotal, totalAfterDisc [22000]
[ADMIN] [12/6/2016 12:05] [PENJUALAN] CASHIER FORM : calculateChangeValue, bayarTextBox.Text [0]
[ADMIN] [12/6/2016 12:05] [PENJUALAN] CASHIER FORM : calculateChangeValue, sisaBayar [0]
[ADMIN] [12/6/2016 12:05] [PENJUALAN] CASHIER FORM : cashierDataGridView_CellValueChanged [qty]
[ADMIN] [12/6/2016 12:05] [PENJUALAN] CASHIER FORM : cashierDataGridView_CellValueChanged, previousInput [0]
[ADMIN] [12/6/2016 12:05] [PENJUALAN] CASHIER FORM : cashierDataGridView_CellValueChanged, cellValue [2]
[ADMIN] [12/6/2016 12:05] [PENJUALAN] CASHIER FORM : cashierDataGridView_CellValueChanged, dataGridViewTextBoxEditingControl.Text pass REGEX Checking
[ADMIN] [12/6/2016 12:05] [PENJUALAN] CASHIER FORM : CHECK STOCK QTY IS ENOUGH [RT002]
[ADMIN] [12/6/2016 12:05] [PENJUALAN] CASHIER FORM : CHECK STOCK QTY IS ENOUGH [74, 2]
[ADMIN] [12/6/2016 12:05] [PENJUALAN] CASHIER FORM : CALCULATE SUBTOTAL
[ADMIN] [12/6/2016 12:05] [PENJUALAN] CASHIER FORM : SUBTOTAL [10000]
[ADMIN] [12/6/2016 12:05] [PENJUALAN] CASHIER FORM : cashierDataGridView_CellValueChanged, subtotal value [10000]
[ADMIN] [12/6/2016 12:05] [PENJUALAN] CASHIER FORM : cashierDataGridView_CellValueChanged, attempt to calculate total value
[ADMIN] [12/6/2016 12:05] [PENJUALAN] CASHIER FORM : calculateTotal
[ADMIN] [12/6/2016 12:05] [PENJUALAN] CASHIER FORM : calculateTotal [32000]
[ADMIN] [12/6/2016 12:05] [PENJUALAN] CASHIER FORM : calculateTotal, totalAfterDisc [32000]
[ADMIN] [12/6/2016 12:05] [PENJUALAN] CASHIER FORM : calculateChangeValue, bayarTextBox.Text [0]
[ADMIN] [12/6/2016 12:05] [PENJUALAN] CASHIER FORM : calculateChangeValue, sisaBayar [0]
[ADMIN] [12/6/2016 12:05] [PENJUALAN] CASHIER FORM : Combobox_KeyUp, cashierDataGridView.CurrentCell.OwningColumn.Name  [qty]
[ADMIN] [12/6/2016 12:05] [PENJUALAN] CASHIER FORM : Combobox_KeyUp, cashierDataGridView.CurrentCell.OwningColumn.Name  [qty]
[ADMIN] [12/6/2016 12:05] [PENJUALAN] CASHIER FORM : Combobox_KeyUp, cashierDataGridView.CurrentCell.OwningColumn.Name  [qty]
[ADMIN] [12/6/2016 12:05] [PENJUALAN] CASHIER FORM : Combobox_KeyUp, cashierDataGridView.CurrentCell.OwningColumn.Name  [qty]
[ADMIN] [12/6/2016 12:05] [PENJUALAN] CASHIER FORM : Combobox_KeyUp, cashierDataGridView.CurrentCell.OwningColumn.Name  [qty]
[ADMIN] [12/6/2016 12:05] [PENJUALAN] CASHIER FORM : Combobox_KeyUp, cashierDataGridView.CurrentCell.OwningColumn.Name  [qty]
[ADMIN] [12/6/2016 12:05] [PENJUALAN] CASHIER FORM : Combobox_KeyUp, cashierDataGridView.CurrentCell.OwningColumn.Name  [qty]
[ADMIN] [12/6/2016 12:05] [PENJUALAN] CASHIER FORM : Combobox_KeyUp, cashierDataGridView.CurrentCell.OwningColumn.Name  [qty]
[ADMIN] [12/6/2016 12:05] [PENJUALAN] CASHIER FORM : Combobox_KeyUp, cashierDataGridView.CurrentCell.OwningColumn.Name  [qty]
[ADMIN] [12/6/2016 12:05] [PENJUALAN] CASHIER FORM : Combobox_KeyUp, cashierDataGridView.CurrentCell.OwningColumn.Name  [qty]
[ADMIN] [12/6/2016 12:05] [PENJUALAN] CASHIER FORM : productName_previewKeyDown, cashierDataGridView.CurrentCell.OwningColumn.Name  [productName]
[ADMIN] [12/6/2016 12:05] [PENJUALAN] CASHIER FORM : productName_previewKeyDown, cashierDataGridView.CurrentCell.OwningColumn.Name  [productName]
[ADMIN] [12/6/2016 12:05] [PENJUALAN] CASHIER FORM : productName_previewKeyDown, cashierDataGridView.CurrentCell.OwningColumn.Name  [productName]
[ADMIN] [12/6/2016 12:05] [PENJUALAN] CASHIER FORM : Combobox_previewKeyDown, cashierDataGridView.CurrentCell.OwningColumn.Name  [productID]
[ADMIN] [12/6/2016 12:05] [PENJUALAN] CASHIER FORM : Combobox_previewKeyDown, cashierDataGridView.CurrentCell.OwningColumn.Name  [productID]
[ADMIN] [12/6/2016 12:05] [PENJUALAN] CASHIER FORM : Combobox_previewKeyDown, cashierDataGridView.CurrentCell.OwningColumn.Name  [productID]
[ADMIN] [12/6/2016 12:05] [PENJUALAN] CASHIER FORM : Combobox_previewKeyDown, cashierDataGridView.CurrentCell.OwningColumn.Name  [productID]
[ADMIN] [12/6/2016 12:05] [PENJUALAN] CASHIER FORM : Combobox_previewKeyDown, cashierDataGridView.CurrentCell.OwningColumn.Name  [productID]
[ADMIN] [12/6/2016 12:05] [PENJUALAN] CASHIER FORM : Combobox_previewKeyDown, cashierDataGridView.CurrentCell.OwningColumn.Name  [productID]
[ADMIN] [12/6/2016 12:05] [PENJUALAN] CASHIER FORM : Combobox_previewKeyDown, cashierDataGridView.CurrentCell.OwningColumn.Name  [productID]
[ADMIN] [12/6/2016 12:05] [PENJUALAN] CASHIER FORM : Combobox_previewKeyDown, cashierDataGridView.CurrentCell.OwningColumn.Name  [productID]
[ADMIN] [12/6/2016 12:05] [PENJUALAN] CASHIER FORM : Combobox_previewKeyDown, cashierDataGridView.CurrentCell.OwningColumn.Name  [productID]
[ADMIN] [12/6/2016 12:05] [PENJUALAN] CASHIER FORM : UPDATE ROW NUMBER, TOTAL ROW [4]
[ADMIN] [12/6/2016 12:05] [PENJUALAN] CASHIER FORM : cashierDataGridView_CellValueChanged [F8]
[ADMIN] [12/6/2016 12:05] [PENJUALAN] CASHIER FORM : cashierDataGridView_CellValueChanged [productID]
[ADMIN] [12/6/2016 12:05] [PENJUALAN] CASHIER FORM : Combobox_KeyUp, cashierDataGridView.CurrentCell.OwningColumn.Name  [productID]
[ADMIN] [12/6/2016 12:05] [PENJUALAN] CASHIER FORM : Combobox_KeyUp, cashierDataGridView.CurrentCell.OwningColumn.Name  [productID]
[ADMIN] [12/6/2016 12:05] [PENJUALAN] CASHIER FORM : Combobox_KeyUp, cashierDataGridView.CurrentCell.OwningColumn.Name  [productID]
[ADMIN] [12/6/2016 12:05] [PENJUALAN] CASHIER FORM : Combobox_KeyUp, cashierDataGridView.CurrentCell.OwningColumn.Name  [productID]
[ADMIN] [12/6/2016 12:05] [PENJUALAN] CASHIER FORM : Combobox_KeyUp, cashierDataGridView.CurrentCell.OwningColumn.Name  [productID]
[ADMIN] [12/6/2016 12:05] [PENJUALAN] CASHIER FORM : Combobox_KeyUp, cashierDataGridView.CurrentCell.OwningColumn.Name  [productID]
[ADMIN] [12/6/2016 12:05] [PENJUALAN] CASHIER FORM : Combobox_KeyUp, cashierDataGridView.CurrentCell.OwningColumn.Name  [productID]
[ADMIN] [12/6/2016 12:05] [PENJUALAN] CASHIER FORM : Combobox_KeyUp, cashierDataGridView.CurrentCell.OwningColumn.Name  [productID]
[ADMIN] [12/6/2016 12:05] [PENJUALAN] CASHIER FORM : Combobox_previewKeyDown, cashierDataGridView.CurrentCell.OwningColumn.Name  [productID]
[ADMIN] [12/6/2016 12:05] [PENJUALAN] CASHIER FORM : Combobox_previewKeyDown, cashierDataGridView.CurrentCell.OwningColumn.Name  [productID]
[ADMIN] [12/6/2016 12:05] [PENJUALAN] CASHIER FORM : Combobox_previewKeyDown, cashierDataGridView.CurrentCell.OwningColumn.Name  [productID]
[ADMIN] [12/6/2016 12:05] [PENJUALAN] CASHIER FORM : Combobox_previewKeyDown, cashierDataGridView.CurrentCell.OwningColumn.Name  [productID]
[ADMIN] [12/6/2016 12:05] [PENJUALAN] CASHIER FORM : Combobox_previewKeyDown, cashierDataGridView.CurrentCell.OwningColumn.Name  [productID]
[ADMIN] [12/6/2016 12:05] [PENJUALAN] CASHIER FORM : cashierDataGridView_CellValueChanged [productID]
[ADMIN] [12/6/2016 12:05] [PENJUALAN] CASHIER FORM : Combobox_KeyUp, cashierDataGridView.CurrentCell.OwningColumn.Name  [productID]
[ADMIN] [12/6/2016 12:05] [PENJUALAN] CASHIER FORM : Combobox_KeyUp, cashierDataGridView.CurrentCell.OwningColumn.Name  [productID]
[ADMIN] [12/6/2016 12:05] [PENJUALAN] CASHIER FORM : Combobox_KeyUp, cashierDataGridView.CurrentCell.OwningColumn.Name  [productID]
[ADMIN] [12/6/2016 12:05] [PENJUALAN] CASHIER FORM : Combobox_KeyUp, cashierDataGridView.CurrentCell.OwningColumn.Name  [productID]
[ADMIN] [12/6/2016 12:05] [PENJUALAN] CASHIER FORM : Combobox_KeyUp, cashierDataGridView.CurrentCell.OwningColumn.Name  [productID]
[ADMIN] [12/6/2016 12:05] [PENJUALAN] CASHIER FORM : Combobox_KeyUp, cashierDataGridView.CurrentCell.OwningColumn.Name  [productID]
[ADMIN] [12/6/2016 12:05] [PENJUALAN] CASHIER FORM : Combobox_KeyUp, cashierDataGridView.CurrentCell.OwningColumn.Name  [productID]
[ADMIN] [12/6/2016 12:05] [PENJUALAN] CASHIER FORM : Combobox_KeyUp, cashierDataGridView.CurrentCell.OwningColumn.Name  [productID]
[ADMIN] [12/6/2016 12:05] [PENJUALAN] CASHIER FORM : Combobox_previewKeyDown, cashierDataGridView.CurrentCell.OwningColumn.Name  [productID]
[ADMIN] [12/6/2016 12:05] [PENJUALAN] CASHIER FORM : Combobox_previewKeyDown, cashierDataGridView.CurrentCell.OwningColumn.Name  [productID]
[ADMIN] [12/6/2016 12:05] [PENJUALAN] CASHIER FORM : Combobox_previewKeyDown, cashierDataGridView.CurrentCell.OwningColumn.Name  [productID]
[ADMIN] [12/6/2016 12:05] [PENJUALAN] CASHIER FORM : Combobox_previewKeyDown, cashierDataGridView.CurrentCell.OwningColumn.Name  [productID]
[ADMIN] [12/6/2016 12:05] [PENJUALAN] CASHIER FORM : Combobox_previewKeyDown, cashierDataGridView.CurrentCell.OwningColumn.Name  [productID]
[ADMIN] [12/6/2016 12:05] [PENJUALAN] CASHIER FORM : cashierDataGridView_CellValueChanged [productID]
[ADMIN] [12/6/2016 12:05] [PENJUALAN] CASHIER FORM : Combobox_KeyUp, cashierDataGridView.CurrentCell.OwningColumn.Name  [productID]
[ADMIN] [12/6/2016 12:05] [PENJUALAN] CASHIER FORM : Combobox_KeyUp, cashierDataGridView.CurrentCell.OwningColumn.Name  [productID]
[ADMIN] [12/6/2016 12:05] [PENJUALAN] CASHIER FORM : Combobox_KeyUp, cashierDataGridView.CurrentCell.OwningColumn.Name  [productID]
[ADMIN] [12/6/2016 12:05] [PENJUALAN] CASHIER FORM : Combobox_KeyUp, cashierDataGridView.CurrentCell.OwningColumn.Name  [productID]
[ADMIN] [12/6/2016 12:05] [PENJUALAN] CASHIER FORM : Combobox_KeyUp, cashierDataGridView.CurrentCell.OwningColumn.Name  [productID]
[ADMIN] [12/6/2016 12:05] [PENJUALAN] CASHIER FORM : Combobox_KeyUp, cashierDataGridView.CurrentCell.OwningColumn.Name  [productID]
[ADMIN] [12/6/2016 12:05] [PENJUALAN] CASHIER FORM : Combobox_KeyUp, cashierDataGridView.CurrentCell.OwningColumn.Name  [productID]
[ADMIN] [12/6/2016 12:05] [PENJUALAN] CASHIER FORM : Combobox_KeyUp, cashierDataGridView.CurrentCell.OwningColumn.Name  [productID]
[ADMIN] [12/6/2016 12:05] [PENJUALAN] CASHIER FORM : Combobox_previewKeyDown, cashierDataGridView.CurrentCell.OwningColumn.Name  [productID]
[ADMIN] [12/6/2016 12:05] [PENJUALAN] CASHIER FORM : Combobox_previewKeyDown, cashierDataGridView.CurrentCell.OwningColumn.Name  [productID]
[ADMIN] [12/6/2016 12:05] [PENJUALAN] CASHIER FORM : Combobox_previewKeyDown, cashierDataGridView.CurrentCell.OwningColumn.Name  [productID]
[ADMIN] [12/6/2016 12:05] [PENJUALAN] CASHIER FORM : Combobox_previewKeyDown, cashierDataGridView.CurrentCell.OwningColumn.Name  [productID]
[ADMIN] [12/6/2016 12:05] [PENJUALAN] CASHIER FORM : Combobox_previewKeyDown, cashierDataGridView.CurrentCell.OwningColumn.Name  [productID]
[ADMIN] [12/6/2016 12:05] [PENJUALAN] CASHIER FORM : cashierDataGridView_CellValueChanged [productID]
[ADMIN] [12/6/2016 12:05] [PENJUALAN] CASHIER FORM : Combobox_KeyUp, cashierDataGridView.CurrentCell.OwningColumn.Name  [productID]
[ADMIN] [12/6/2016 12:05] [PENJUALAN] CASHIER FORM : Combobox_KeyUp, cashierDataGridView.CurrentCell.OwningColumn.Name  [productID]
[ADMIN] [12/6/2016 12:05] [PENJUALAN] CASHIER FORM : Combobox_KeyUp, cashierDataGridView.CurrentCell.OwningColumn.Name  [productID]
[ADMIN] [12/6/2016 12:05] [PENJUALAN] CASHIER FORM : Combobox_KeyUp, cashierDataGridView.CurrentCell.OwningColumn.Name  [productID]
[ADMIN] [12/6/2016 12:05] [PENJUALAN] CASHIER FORM : Combobox_KeyUp, cashierDataGridView.CurrentCell.OwningColumn.Name  [productID]
[ADMIN] [12/6/2016 12:05] [PENJUALAN] CASHIER FORM : Combobox_KeyUp, cashierDataGridView.CurrentCell.OwningColumn.Name  [productID]
[ADMIN] [12/6/2016 12:05] [PENJUALAN] CASHIER FORM : Combobox_KeyUp, cashierDataGridView.CurrentCell.OwningColumn.Name  [productID]
[ADMIN] [12/6/2016 12:05] [PENJUALAN] CASHIER FORM : Combobox_KeyUp, cashierDataGridView.CurrentCell.OwningColumn.Name  [productID]
[ADMIN] [12/6/2016 12:05] [PENJUALAN] CASHIER FORM : Combobox_previewKeyDown, cashierDataGridView.CurrentCell.OwningColumn.Name  [productID]
[ADMIN] [12/6/2016 12:05] [PENJUALAN] CASHIER FORM : Combobox_previewKeyDown, cashierDataGridView.CurrentCell.OwningColumn.Name  [productID]
[ADMIN] [12/6/2016 12:05] [PENJUALAN] CASHIER FORM : Combobox_previewKeyDown, cashierDataGridView.CurrentCell.OwningColumn.Name  [productID]
[ADMIN] [12/6/2016 12:05] [PENJUALAN] CASHIER FORM : Combobox_previewKeyDown, cashierDataGridView.CurrentCell.OwningColumn.Name  [productID]
[ADMIN] [12/6/2016 12:05] [PENJUALAN] CASHIER FORM : Combobox_previewKeyDown, cashierDataGridView.CurrentCell.OwningColumn.Name  [productID]
[ADMIN] [12/6/2016 12:05] [PENJUALAN] CASHIER FORM : cashierDataGridView_CellValueChanged [productID]
[ADMIN] [12/6/2016 12:05] [PENJUALAN] CASHIER FORM : Combobox_KeyUp, cashierDataGridView.CurrentCell.OwningColumn.Name  [productID]
[ADMIN] [12/6/2016 12:05] [PENJUALAN] CASHIER FORM : Combobox_KeyUp, cashierDataGridView.CurrentCell.OwningColumn.Name  [productID]
[ADMIN] [12/6/2016 12:05] [PENJUALAN] CASHIER FORM : Combobox_KeyUp, cashierDataGridView.CurrentCell.OwningColumn.Name  [productID]
[ADMIN] [12/6/2016 12:05] [PENJUALAN] CASHIER FORM : Combobox_KeyUp, cashierDataGridView.CurrentCell.OwningColumn.Name  [productID]
[ADMIN] [12/6/2016 12:05] [PENJUALAN] CASHIER FORM : Combobox_KeyUp, cashierDataGridView.CurrentCell.OwningColumn.Name  [productID]
[ADMIN] [12/6/2016 12:05] [PENJUALAN] CASHIER FORM : Combobox_KeyUp, cashierDataGridView.CurrentCell.OwningColumn.Name  [productID]
[ADMIN] [12/6/2016 12:05] [PENJUALAN] CASHIER FORM : Combobox_KeyUp, cashierDataGridView.CurrentCell.OwningColumn.Name  [productID]
[ADMIN] [12/6/2016 12:05] [PENJUALAN] CASHIER FORM : Combobox_KeyUp, cashierDataGridView.CurrentCell.OwningColumn.Name  [productID]
[ADMIN] [12/6/2016 12:05] [PENJUALAN] CASHIER FORM : Combobox_previewKeyDown, cashierDataGridView.CurrentCell.OwningColumn.Name  [productID]
[ADMIN] [12/6/2016 12:05] [PENJUALAN] CASHIER FORM : updateSomeRowContents
[ADMIN] [12/6/2016 12:05] [PENJUALAN] CASHIER FORM : cashierDataGridView_CellValueChanged [productName]
[ADMIN] [12/6/2016 12:05] [PENJUALAN] CASHIER FORM : updateSomeRowContents
[ADMIN] [12/6/2016 12:05] [PENJUALAN] CASHIER FORM : PRODUCT PRICE TYPE [PRODUCT_BASE_PRICE]
[ADMIN] [12/6/2016 12:05] [PENJUALAN] CASHIER FORM : PRODUCT PRICE [0]
[ADMIN] [12/6/2016 12:05] [PENJUALAN] CASHIER FORM : ComboBox_SelectedIndexChanged, PRODUCT_BASE_PRICE [0]
[ADMIN] [12/6/2016 12:05] [PENJUALAN] CASHIER FORM : cashierDataGridView_CellValueChanged [hpp]
[ADMIN] [12/6/2016 12:05] [PENJUALAN] CASHIER FORM : PRODUCT PRICE TYPE [PRODUCT_RETAIL_PRICE]
[ADMIN] [12/6/2016 12:05] [PENJUALAN] CASHIER FORM : PRODUCT PRICE [8000]
[ADMIN] [12/6/2016 12:05] [PENJUALAN] CASHIER FORM : ComboBox_SelectedIndexChanged, PRODUCT_SALES_PRICE [8000]
[ADMIN] [12/6/2016 12:05] [PENJUALAN] CASHIER FORM : cashierDataGridView_CellValueChanged [productPrice]
[ADMIN] [12/6/2016 12:05] [PENJUALAN] CASHIER FORM : cashierDataGridView_CellValueChanged, previousInput [0]
[ADMIN] [12/6/2016 12:05] [PENJUALAN] CASHIER FORM : cashierDataGridView_CellValueChanged, cellValue [8000]
[ADMIN] [12/6/2016 12:05] [PENJUALAN] CASHIER FORM : cashierDataGridView_CellValueChanged, dataGridViewTextBoxEditingControl.Text pass REGEX Checking
[ADMIN] [12/6/2016 12:05] [PENJUALAN] CASHIER FORM : CALCULATE SUBTOTAL
[ADMIN] [12/6/2016 12:05] [PENJUALAN] CASHIER FORM : SUBTOTAL [0]
[ADMIN] [12/6/2016 12:05] [PENJUALAN] CASHIER FORM : cashierDataGridView_CellValueChanged, subtotal value [0]
[ADMIN] [12/6/2016 12:05] [PENJUALAN] CASHIER FORM : cashierDataGridView_CellValueChanged, attempt to calculate total value
[ADMIN] [12/6/2016 12:05] [PENJUALAN] CASHIER FORM : calculateTotal
[ADMIN] [12/6/2016 12:05] [PENJUALAN] CASHIER FORM : calculateTotal [32000]
[ADMIN] [12/6/2016 12:05] [PENJUALAN] CASHIER FORM : calculateTotal, totalAfterDisc [32000]
[ADMIN] [12/6/2016 12:05] [PENJUALAN] CASHIER FORM : calculateChangeValue, bayarTextBox.Text [0]
[ADMIN] [12/6/2016 12:05] [PENJUALAN] CASHIER FORM : calculateChangeValue, sisaBayar [0]
[ADMIN] [12/6/2016 12:05] [PENJUALAN] CASHIER FORM : cashierDataGridView_CellValueChanged [qty]
[ADMIN] [12/6/2016 12:05] [PENJUALAN] CASHIER FORM : cashierDataGridView_CellValueChanged, previousInput [0]
[ADMIN] [12/6/2016 12:05] [PENJUALAN] CASHIER FORM : cashierDataGridView_CellValueChanged [jumlah]
[ADMIN] [12/6/2016 12:05] [PENJUALAN] CASHIER FORM : calculateTotal
[ADMIN] [12/6/2016 12:05] [PENJUALAN] CASHIER FORM : calculateTotal [32000]
[ADMIN] [12/6/2016 12:05] [PENJUALAN] CASHIER FORM : calculateTotal, totalAfterDisc [32000]
[ADMIN] [12/6/2016 12:05] [PENJUALAN] CASHIER FORM : calculateChangeValue, bayarTextBox.Text [0]
[ADMIN] [12/6/2016 12:05] [PENJUALAN] CASHIER FORM : calculateChangeValue, sisaBayar [0]
[ADMIN] [12/6/2016 12:05] [PENJUALAN] CASHIER FORM : Combobox_KeyUp, cashierDataGridView.CurrentCell.OwningColumn.Name  [qty]
[ADMIN] [12/6/2016 12:05] [PENJUALAN] CASHIER FORM : Combobox_KeyUp, cashierDataGridView.CurrentCell.OwningColumn.Name  [qty]
[ADMIN] [12/6/2016 12:05] [PENJUALAN] CASHIER FORM : Combobox_KeyUp, cashierDataGridView.CurrentCell.OwningColumn.Name  [qty]
[ADMIN] [12/6/2016 12:05] [PENJUALAN] CASHIER FORM : Combobox_KeyUp, cashierDataGridView.CurrentCell.OwningColumn.Name  [qty]
[ADMIN] [12/6/2016 12:05] [PENJUALAN] CASHIER FORM : Combobox_KeyUp, cashierDataGridView.CurrentCell.OwningColumn.Name  [qty]
[ADMIN] [12/6/2016 12:05] [PENJUALAN] CASHIER FORM : Combobox_KeyUp, cashierDataGridView.CurrentCell.OwningColumn.Name  [qty]
[ADMIN] [12/6/2016 12:05] [PENJUALAN] CASHIER FORM : Combobox_KeyUp, cashierDataGridView.CurrentCell.OwningColumn.Name  [qty]
[ADMIN] [12/6/2016 12:05] [PENJUALAN] CASHIER FORM : Combobox_KeyUp, cashierDataGridView.CurrentCell.OwningColumn.Name  [qty]
[ADMIN] [12/6/2016 12:05] [PENJUALAN] CASHIER FORM : cashierDataGridView_CellValueChanged [qty]
[ADMIN] [12/6/2016 12:05] [PENJUALAN] CASHIER FORM : cashierDataGridView_CellValueChanged, previousInput [0]
[ADMIN] [12/6/2016 12:05] [PENJUALAN] CASHIER FORM : cashierDataGridView_CellValueChanged, cellValue [4]
[ADMIN] [12/6/2016 12:05] [PENJUALAN] CASHIER FORM : cashierDataGridView_CellValueChanged, dataGridViewTextBoxEditingControl.Text pass REGEX Checking
[ADMIN] [12/6/2016 12:05] [PENJUALAN] CASHIER FORM : CHECK STOCK QTY IS ENOUGH [RT003]
[ADMIN] [12/6/2016 12:05] [PENJUALAN] CASHIER FORM : CHECK STOCK QTY IS ENOUGH [100, 4]
[ADMIN] [12/6/2016 12:05] [PENJUALAN] CASHIER FORM : CALCULATE SUBTOTAL
[ADMIN] [12/6/2016 12:05] [PENJUALAN] CASHIER FORM : SUBTOTAL [32000]
[ADMIN] [12/6/2016 12:05] [PENJUALAN] CASHIER FORM : cashierDataGridView_CellValueChanged, subtotal value [32000]
[ADMIN] [12/6/2016 12:05] [PENJUALAN] CASHIER FORM : cashierDataGridView_CellValueChanged, attempt to calculate total value
[ADMIN] [12/6/2016 12:05] [PENJUALAN] CASHIER FORM : calculateTotal
[ADMIN] [12/6/2016 12:05] [PENJUALAN] CASHIER FORM : calculateTotal [64000]
[ADMIN] [12/6/2016 12:05] [PENJUALAN] CASHIER FORM : calculateTotal, totalAfterDisc [64000]
[ADMIN] [12/6/2016 12:05] [PENJUALAN] CASHIER FORM : calculateChangeValue, bayarTextBox.Text [0]
[ADMIN] [12/6/2016 12:05] [PENJUALAN] CASHIER FORM : calculateChangeValue, sisaBayar [0]
[ADMIN] [12/6/2016 12:05] [PENJUALAN] CASHIER FORM : Combobox_KeyUp, cashierDataGridView.CurrentCell.OwningColumn.Name  [qty]
[ADMIN] [12/6/2016 12:05] [PENJUALAN] CASHIER FORM : Combobox_KeyUp, cashierDataGridView.CurrentCell.OwningColumn.Name  [qty]
[ADMIN] [12/6/2016 12:05] [PENJUALAN] CASHIER FORM : Combobox_KeyUp, cashierDataGridView.CurrentCell.OwningColumn.Name  [qty]
[ADMIN] [12/6/2016 12:05] [PENJUALAN] CASHIER FORM : Combobox_KeyUp, cashierDataGridView.CurrentCell.OwningColumn.Name  [qty]
[ADMIN] [12/6/2016 12:05] [PENJUALAN] CASHIER FORM : Combobox_KeyUp, cashierDataGridView.CurrentCell.OwningColumn.Name  [qty]
[ADMIN] [12/6/2016 12:05] [PENJUALAN] CASHIER FORM : Combobox_KeyUp, cashierDataGridView.CurrentCell.OwningColumn.Name  [qty]
[ADMIN] [12/6/2016 12:05] [PENJUALAN] CASHIER FORM : Combobox_KeyUp, cashierDataGridView.CurrentCell.OwningColumn.Name  [qty]
[ADMIN] [12/6/2016 12:05] [PENJUALAN] CASHIER FORM : Combobox_KeyUp, cashierDataGridView.CurrentCell.OwningColumn.Name  [qty]
[ADMIN] [12/6/2016 12:05] [PENJUALAN] CASHIER FORM : DISPLAY PELANGGAN FORM
[ADMIN] [12/6/2016 12:05] [PENJUALAN] CASHIER FORM : UNREGISTER HOTKEY
[ADMIN] [12/6/2016 12:05] [PENJUALAN] CASHIER FORM : SELECTED CUSTOMER ID [1]
[ADMIN] [12/6/2016 12:05] [PENJUALAN] CASHIER FORM : ATTEMPT TO SET CUSTOMER PROFILE
[ADMIN] [12/6/2016 12:05] [PENJUALAN] CASHIER FORM : SET CUSTOMER PROFILE [ANDRI]
[ADMIN] [12/6/2016 12:05] [PENJUALAN] CASHIER FORM : CUSTOMER GROUP [P-UMUM [ECER]]
[ADMIN] [12/6/2016 12:05] [PENJUALAN] CASHIER FORM : FINISHED SET CUSTOMER PROFILE
[ADMIN] [12/6/2016 12:05] [PENJUALAN] CASHIER FORM : ATTEMPT TO REFRESH PRODUCT PRICE
[ADMIN] [12/6/2016 12:05] [PENJUALAN] CASHIER FORM : PRODUCT PRICE TYPE [PRODUCT_RETAIL_PRICE]
[ADMIN] [12/6/2016 12:05] [PENJUALAN] CASHIER FORM : PRODUCT PRICE [1000]
[ADMIN] [12/6/2016 12:05] [PENJUALAN] CASHIER FORM : CALCULATE SUBTOTAL
[ADMIN] [12/6/2016 12:05] [PENJUALAN] CASHIER FORM : SUBTOTAL [22000]
[ADMIN] [12/6/2016 12:05] [PENJUALAN] CASHIER FORM : PRODUCT PRICE TYPE [PRODUCT_RETAIL_PRICE]
[ADMIN] [12/6/2016 12:05] [PENJUALAN] CASHIER FORM : PRODUCT PRICE [5000]
[ADMIN] [12/6/2016 12:05] [PENJUALAN] CASHIER FORM : CALCULATE SUBTOTAL
[ADMIN] [12/6/2016 12:05] [PENJUALAN] CASHIER FORM : SUBTOTAL [10000]
[ADMIN] [12/6/2016 12:05] [PENJUALAN] CASHIER FORM : PRODUCT PRICE TYPE [PRODUCT_RETAIL_PRICE]
[ADMIN] [12/6/2016 12:05] [PENJUALAN] CASHIER FORM : PRODUCT PRICE [8000]
[ADMIN] [12/6/2016 12:05] [PENJUALAN] CASHIER FORM : CALCULATE SUBTOTAL
[ADMIN] [12/6/2016 12:05] [PENJUALAN] CASHIER FORM : SUBTOTAL [32000]
[ADMIN] [12/6/2016 12:05] [PENJUALAN] CASHIER FORM : calculateTotal
[ADMIN] [12/6/2016 12:05] [PENJUALAN] CASHIER FORM : calculateTotal [64000]
[ADMIN] [12/6/2016 12:05] [PENJUALAN] CASHIER FORM : calculateTotal, totalAfterDisc [64000]
[ADMIN] [12/6/2016 12:05] [PENJUALAN] CASHIER FORM : calculateChangeValue, bayarTextBox.Text [0]
[ADMIN] [12/6/2016 12:05] [PENJUALAN] CASHIER FORM : calculateChangeValue, sisaBayar [0]
[ADMIN] [12/6/2016 12:05] [PENJUALAN] CASHIER FORM : PRODUCT PRICE REFRESHED
[ADMIN] [12/6/2016 12:05] [PENJUALAN] CASHIER FORM : REGISTER HOTKEY
[ADMIN] [12/6/2016 12:05] [PENJUALAN] CASHIER FORM : ChangePrinterButton_Click, DISPLAY PRINTER SELECTION FORM
[ADMIN] [12/6/2016 12:05] [PENJUALAN] CASHIER FORM : UNREGISTER HOTKEY
[ADMIN] [12/6/2016 12:05] [PENGATURAN PRINTER] PAPER SIZE CHANGED [2]
[ADMIN] [12/6/2016 12:05] [PENGATURAN PRINTER] DEFAULT PRINTER CHANGED [PrimoPDF]
[ADMIN] [12/6/2016 12:06] [PENJUALAN] CASHIER FORM : REGISTER HOTKEY
[ADMIN] [12/6/2016 12:06] [PENJUALAN] CASHIER FORM : calculateChangeValue, bayarTextBox.Text [2]
[ADMIN] [12/6/2016 12:06] [PENJUALAN] CASHIER FORM : calculateChangeValue, sisaBayar [0]
[ADMIN] [12/6/2016 12:06] [PENJUALAN] CASHIER FORM : calculateChangeValue, bayarTextBox.Text [20]
[ADMIN] [12/6/2016 12:06] [PENJUALAN] CASHIER FORM : calculateChangeValue, sisaBayar [0]
[ADMIN] [12/6/2016 12:06] [PENJUALAN] CASHIER FORM : calculateChangeValue, bayarTextBox.Text [200]
[ADMIN] [12/6/2016 12:06] [PENJUALAN] CASHIER FORM : calculateChangeValue, sisaBayar [0]
[ADMIN] [12/6/2016 12:06] [PENJUALAN] CASHIER FORM : calculateChangeValue, bayarTextBox.Text [2000]
[ADMIN] [12/6/2016 12:06] [PENJUALAN] CASHIER FORM : calculateChangeValue, sisaBayar [0]
[ADMIN] [12/6/2016 12:06] [PENJUALAN] CASHIER FORM : calculateChangeValue, bayarTextBox.Text [20000]
[ADMIN] [12/6/2016 12:06] [PENJUALAN] CASHIER FORM : calculateChangeValue, sisaBayar [0]
[ADMIN] [12/6/2016 12:06] [PENJUALAN] CASHIER FORM : HOTKEY TO SAVE AND PRINT OUT INVOICE PRESSED
[ADMIN] [12/6/2016 12:06] [PENJUALAN] CASHIER FORM : UNREGISTER HOTKEY
[ADMIN] [12/6/2016 12:06] [PENJUALAN] CASHIER FORM : REGISTER HOTKEY
[ADMIN] [12/6/2016 12:06] [PENJUALAN] ATTEMPT TO SAVE AND PRINT OUT INVOICE
[ADMIN] [12/6/2016 12:06] [PENJUALAN] CASHIER FORM : UNREGISTER HOTKEY
[ADMIN] [12/6/2016 12:06] [PENJUALAN] CASHIER FORM : ATTEMPT TO SAVE SALES DATA [06-12-2016 12:05]
[ADMIN] [12/6/2016 12:06] [PENJUALAN] CASHIER FORM : SALES DISC FINAL [0]
[ADMIN] [12/6/2016 12:06] [PENJUALAN] CASHIER FORM : CASH SALES
[ADMIN] [12/6/2016 12:06] [PENJUALAN] CASHIER FORM : MAX SALES INVOICE [34]
[ADMIN] [12/6/2016 12:06] [PENJUALAN] CASHIER FORM : SALES INVOICE [SQ-35]
[ADMIN] [12/6/2016 12:06] [PENJUALAN] INSERT INTO SALES QUOTATION HEADER [SQ-35]
[ADMIN] [12/6/2016 12:06] [PENJUALAN] INSERT INTO SALES QUOTATION DETAIL[RT001, 1000, 22]
[ADMIN] [12/6/2016 12:06] [PENJUALAN] INSERT INTO SALES QUOTATION DETAIL[RT002, 5000, 2]
[ADMIN] [12/6/2016 12:06] [PENJUALAN] INSERT INTO SALES QUOTATION DETAIL[RT003, 8000, 4]
[ADMIN] [12/6/2016 12:06] [PENJUALAN] INSERT TO DAILY JOURNAL TABLE [20000]
[ADMIN] [12/6/2016 12:06] [PENJUALAN] CASHIER FORM : REGISTER HOTKEY
[ADMIN] [12/6/2016 12:06] [PENJUALAN] TRANSACTION SAVED
[ADMIN] [12/6/2016 12:06] [PENJUALAN] PRINT OUT INVOICE
[ADMIN] [12/6/2016 12:06] [PENJUALAN] CASHIER FORM : PrintReceipt
[ADMIN] [12/6/2016 12:06] [PENJUALAN] CASHIER FORM : PrintReceipt, papermode [2]
[ADMIN] [12/6/2016 12:06] [PENJUALAN] CASHIER FORM : PrintReceipt, kuarto paper, display SalesQuotationReceiptKuartoForm
[ADMIN] [12/6/2016 12:06] [PENJUALAN] CASHIER FORM : UNREGISTER HOTKEY
[ADMIN] [12/6/2016 12:06] [PENJUALAN] CASHIER FORM : REGISTER HOTKEY
[ADMIN] [12/6/2016 12:06] [PENJUALAN] CASHIER FORM : UNREGISTER HOTKEY
[ADMIN] [12/6/2016 12:06] [PENJUALAN] CASHIER FORM : REGISTER HOTKEY
[ADMIN] [12/6/2016 12:06] [PENJUALAN] CASHIER FORM : UPDATE ROW NUMBER, TOTAL ROW [1]
[ADMIN] [12/6/2016 12:06] [PENJUALAN] CASHIER FORM : cashierDataGridView_CellValueChanged [F8]
[ADMIN] [12/6/2016 12:06] [PENJUALAN] CASHIER FORM : UNREGISTER HOTKEY
[ADMIN] [12/6/2016 12:06] [PENJUALAN] CASHIER FORM : UNREGISTER HOTKEY
[ADMIN] [12/6/2016 12:06] [] USER ID = 1LOGOUT
