[] [11/18/2016 12:52] [] USER = ADMIN IS ACTIVE
[ADMIN] [11/18/2016 12:52] [] USER ID = 1 LOGIN SUCCESSFULLY
[ADMIN] [11/18/2016 12:52] [] ACTIVATE USER ACCESS RIGHT
[ADMIN] [11/18/2016 12:52] [] DISPLAY ADMIN FORM
[ADMIN] [11/18/2016 12:52] [] adminForm Load
[ADMIN] [11/18/2016 12:52] [] ACTIVATE USER ACCESS RIGHT
[ADMIN] [11/18/2016 12:52] [PENJUALAN] CASHIER FORM : REGISTER HOTKEY
[ADMIN] [11/18/2016 12:52] [PENJUALAN] CASHIER FORM : cashierForm_Load, ATTEMPT TO LOAD NO FAKTUR
[ADMIN] [11/18/2016 12:52] [PENJUALAN] CASHIER FORM : loadNoFaktur, noFakturValue [SLO001]
[ADMIN] [11/18/2016 12:52] [PENJUALAN] CASHIER FORM : cashierForm_Load, ATTEMPT TO addColumnToDataGrid
[ADMIN] [11/18/2016 12:52] [PENJUALAN] CASHIER FORM : UPDATE ROW NUMBER, TOTAL ROW [1]
[ADMIN] [11/18/2016 12:52] [PENJUALAN] CASHIER FORM : cashierDataGridView_CellValueChanged [F8]
[ADMIN] [11/18/2016 12:52] [PENJUALAN] CASHIER FORM : REGISTER HOTKEY
[ADMIN] [11/18/2016 12:52] [PENJUALAN] CASHIER FORM : Combobox_previewKeyDown, cashierDataGridView.CurrentCell.OwningColumn.Name  [productID]
[ADMIN] [11/18/2016 12:52] [PENJUALAN] CASHIER FORM : UPDATE ROW NUMBER, TOTAL ROW [2]
[ADMIN] [11/18/2016 12:52] [PENJUALAN] CASHIER FORM : cashierDataGridView_CellValueChanged [F8]
[ADMIN] [11/18/2016 12:52] [PENJUALAN] CASHIER FORM : cashierDataGridView_CellValueChanged [productID]
[ADMIN] [11/18/2016 12:52] [PENJUALAN] CASHIER FORM : Combobox_KeyUp, cashierDataGridView.CurrentCell.OwningColumn.Name  [productID]
[ADMIN] [11/18/2016 12:52] [PENJUALAN] CASHIER FORM : Combobox_previewKeyDown, cashierDataGridView.CurrentCell.OwningColumn.Name  [productID]
[ADMIN] [11/18/2016 12:52] [PENJUALAN] CASHIER FORM : cashierDataGridView_CellValueChanged [productID]
[ADMIN] [11/18/2016 12:52] [PENJUALAN] CASHIER FORM : Combobox_KeyUp, cashierDataGridView.CurrentCell.OwningColumn.Name  [productID]
[ADMIN] [11/18/2016 12:52] [PENJUALAN] CASHIER FORM : Combobox_previewKeyDown, cashierDataGridView.CurrentCell.OwningColumn.Name  [productID]
[ADMIN] [11/18/2016 12:52] [PENJUALAN] CASHIER FORM : cashierDataGridView_CellValueChanged [productID]
[ADMIN] [11/18/2016 12:52] [PENJUALAN] CASHIER FORM : Combobox_KeyUp, cashierDataGridView.CurrentCell.OwningColumn.Name  [productID]
[ADMIN] [11/18/2016 12:52] [PENJUALAN] CASHIER FORM : Combobox_previewKeyDown, cashierDataGridView.CurrentCell.OwningColumn.Name  [productID]
[ADMIN] [11/18/2016 12:52] [PENJUALAN] CASHIER FORM : cashierDataGridView_CellValueChanged [productID]
[ADMIN] [11/18/2016 12:52] [PENJUALAN] CASHIER FORM : Combobox_KeyUp, cashierDataGridView.CurrentCell.OwningColumn.Name  [productID]
[ADMIN] [11/18/2016 12:52] [PENJUALAN] CASHIER FORM : Combobox_previewKeyDown, cashierDataGridView.CurrentCell.OwningColumn.Name  [productID]
[ADMIN] [11/18/2016 12:52] [PENJUALAN] CASHIER FORM : cashierDataGridView_CellValueChanged [productID]
[ADMIN] [11/18/2016 12:52] [PENJUALAN] CASHIER FORM : Combobox_KeyUp, cashierDataGridView.CurrentCell.OwningColumn.Name  [productID]
[ADMIN] [11/18/2016 12:52] [PENJUALAN] CASHIER FORM : Combobox_previewKeyDown, cashierDataGridView.CurrentCell.OwningColumn.Name  [productID]
[ADMIN] [11/18/2016 12:52] [PENJUALAN] CASHIER FORM : updateSomeRowContents
[ADMIN] [11/18/2016 12:52] [PENJUALAN] CASHIER FORM : cashierDataGridView_CellValueChanged [productName]
[ADMIN] [11/18/2016 12:52] [PENJUALAN] CASHIER FORM : updateSomeRowContents
[ADMIN] [11/18/2016 12:52] [PENJUALAN] CASHIER FORM : PRODUCT PRICE TYPE [PRODUCT_BASE_PRICE]
[ADMIN] [11/18/2016 12:52] [PENJUALAN] CASHIER FORM : PRODUCT PRICE [0]
[ADMIN] [11/18/2016 12:52] [PENJUALAN] CASHIER FORM : ComboBox_SelectedIndexChanged, PRODUCT_BASE_PRICE [0]
[ADMIN] [11/18/2016 12:52] [PENJUALAN] CASHIER FORM : cashierDataGridView_CellValueChanged [hpp]
[ADMIN] [11/18/2016 12:52] [PENJUALAN] CASHIER FORM : PRODUCT PRICE TYPE [PRODUCT_RETAIL_PRICE]
[ADMIN] [11/18/2016 12:52] [PENJUALAN] CASHIER FORM : PRODUCT PRICE [5000]
[ADMIN] [11/18/2016 12:52] [PENJUALAN] CASHIER FORM : ComboBox_SelectedIndexChanged, PRODUCT_SALES_PRICE [5000]
[ADMIN] [11/18/2016 12:52] [PENJUALAN] CASHIER FORM : cashierDataGridView_CellValueChanged [productPrice]
[ADMIN] [11/18/2016 12:52] [PENJUALAN] CASHIER FORM : cashierDataGridView_CellValueChanged, previousInput [0]
[ADMIN] [11/18/2016 12:52] [PENJUALAN] CASHIER FORM : cashierDataGridView_CellValueChanged, cellValue [5000]
[ADMIN] [11/18/2016 12:52] [PENJUALAN] CASHIER FORM : cashierDataGridView_CellValueChanged, dataGridViewTextBoxEditingControl.Text pass REGEX Checking
[ADMIN] [11/18/2016 12:52] [PENJUALAN] CASHIER FORM : CALCULATE SUBTOTAL
[ADMIN] [11/18/2016 12:52] [PENJUALAN] CASHIER FORM : SUBTOTAL [0]
[ADMIN] [11/18/2016 12:52] [PENJUALAN] CASHIER FORM : cashierDataGridView_CellValueChanged, subtotal value [0]
[ADMIN] [11/18/2016 12:52] [PENJUALAN] CASHIER FORM : cashierDataGridView_CellValueChanged, attempt to calculate total value
[ADMIN] [11/18/2016 12:52] [PENJUALAN] CASHIER FORM : calculateTotal
[ADMIN] [11/18/2016 12:52] [PENJUALAN] CASHIER FORM : calculateTotal [0]
[ADMIN] [11/18/2016 12:52] [PENJUALAN] CASHIER FORM : calculateTotal, totalAfterDisc [0]
[ADMIN] [11/18/2016 12:52] [PENJUALAN] CASHIER FORM : calculateChangeValue, bayarTextBox.Text [0]
[ADMIN] [11/18/2016 12:52] [PENJUALAN] CASHIER FORM : calculateChangeValue, sisaBayar [0]
[ADMIN] [11/18/2016 12:52] [PENJUALAN] CASHIER FORM : cashierDataGridView_CellValueChanged [qty]
[ADMIN] [11/18/2016 12:52] [PENJUALAN] CASHIER FORM : cashierDataGridView_CellValueChanged, previousInput [0]
[ADMIN] [11/18/2016 12:52] [PENJUALAN] CASHIER FORM : cashierDataGridView_CellValueChanged [jumlah]
[ADMIN] [11/18/2016 12:52] [PENJUALAN] CASHIER FORM : calculateTotal
[ADMIN] [11/18/2016 12:52] [PENJUALAN] CASHIER FORM : calculateTotal [0]
[ADMIN] [11/18/2016 12:52] [PENJUALAN] CASHIER FORM : calculateTotal, totalAfterDisc [0]
[ADMIN] [11/18/2016 12:52] [PENJUALAN] CASHIER FORM : calculateChangeValue, bayarTextBox.Text [0]
[ADMIN] [11/18/2016 12:52] [PENJUALAN] CASHIER FORM : calculateChangeValue, sisaBayar [0]
[ADMIN] [11/18/2016 12:52] [PENJUALAN] CASHIER FORM : Combobox_KeyUp, cashierDataGridView.CurrentCell.OwningColumn.Name  [qty]
[ADMIN] [11/18/2016 12:52] [PENJUALAN] CASHIER FORM : cashierDataGridView_CellValueChanged [qty]
[ADMIN] [11/18/2016 12:52] [PENJUALAN] CASHIER FORM : cashierDataGridView_CellValueChanged, previousInput [0]
[ADMIN] [11/18/2016 12:52] [PENJUALAN] CASHIER FORM : cashierDataGridView_CellValueChanged, cellValue [2]
[ADMIN] [11/18/2016 12:52] [PENJUALAN] CASHIER FORM : cashierDataGridView_CellValueChanged, dataGridViewTextBoxEditingControl.Text pass REGEX Checking
[ADMIN] [11/18/2016 12:52] [PENJUALAN] CASHIER FORM : CHECK STOCK QTY IS ENOUGH [RT002]
[ADMIN] [11/18/2016 12:52] [PENJUALAN] CASHIER FORM : CHECK STOCK QTY IS ENOUGH [100, 2]
[ADMIN] [11/18/2016 12:52] [PENJUALAN] CASHIER FORM : CALCULATE SUBTOTAL
[ADMIN] [11/18/2016 12:52] [PENJUALAN] CASHIER FORM : SUBTOTAL [10000]
[ADMIN] [11/18/2016 12:52] [PENJUALAN] CASHIER FORM : cashierDataGridView_CellValueChanged, subtotal value [10000]
[ADMIN] [11/18/2016 12:52] [PENJUALAN] CASHIER FORM : cashierDataGridView_CellValueChanged, attempt to calculate total value
[ADMIN] [11/18/2016 12:52] [PENJUALAN] CASHIER FORM : calculateTotal
[ADMIN] [11/18/2016 12:52] [PENJUALAN] CASHIER FORM : calculateTotal [10000]
[ADMIN] [11/18/2016 12:52] [PENJUALAN] CASHIER FORM : calculateTotal, totalAfterDisc [10000]
[ADMIN] [11/18/2016 12:52] [PENJUALAN] CASHIER FORM : calculateChangeValue, bayarTextBox.Text [0]
[ADMIN] [11/18/2016 12:52] [PENJUALAN] CASHIER FORM : calculateChangeValue, sisaBayar [0]
[ADMIN] [11/18/2016 12:52] [PENJUALAN] CASHIER FORM : Combobox_KeyUp, cashierDataGridView.CurrentCell.OwningColumn.Name  [qty]
[ADMIN] [11/18/2016 12:52] [PENJUALAN] CASHIER FORM : DISPLAY PELANGGAN FORM
[ADMIN] [11/18/2016 12:52] [PENJUALAN] CASHIER FORM : UNREGISTER HOTKEY
[ADMIN] [11/18/2016 12:52] [PENJUALAN] CASHIER FORM : SELECTED CUSTOMER ID [1]
[ADMIN] [11/18/2016 12:52] [PENJUALAN] CASHIER FORM : ATTEMPT TO SET CUSTOMER PROFILE
[ADMIN] [11/18/2016 12:52] [PENJUALAN] CASHIER FORM : SET CUSTOMER PROFILE [ANDRI]
[ADMIN] [11/18/2016 12:52] [PENJUALAN] CASHIER FORM : CUSTOMER GROUP [P-UMUM [ECER]]
[ADMIN] [11/18/2016 12:52] [PENJUALAN] CASHIER FORM : FINISHED SET CUSTOMER PROFILE
[ADMIN] [11/18/2016 12:52] [PENJUALAN] CASHIER FORM : ATTEMPT TO REFRESH PRODUCT PRICE
[ADMIN] [11/18/2016 12:52] [PENJUALAN] CASHIER FORM : PRODUCT PRICE TYPE [PRODUCT_RETAIL_PRICE]
[ADMIN] [11/18/2016 12:52] [PENJUALAN] CASHIER FORM : PRODUCT PRICE [5000]
[ADMIN] [11/18/2016 12:52] [PENJUALAN] CASHIER FORM : CALCULATE SUBTOTAL
[ADMIN] [11/18/2016 12:52] [PENJUALAN] CASHIER FORM : SUBTOTAL [10000]
[ADMIN] [11/18/2016 12:52] [PENJUALAN] CASHIER FORM : calculateTotal
[ADMIN] [11/18/2016 12:52] [PENJUALAN] CASHIER FORM : calculateTotal [10000]
[ADMIN] [11/18/2016 12:52] [PENJUALAN] CASHIER FORM : calculateTotal, totalAfterDisc [10000]
[ADMIN] [11/18/2016 12:52] [PENJUALAN] CASHIER FORM : calculateChangeValue, bayarTextBox.Text [0]
[ADMIN] [11/18/2016 12:52] [PENJUALAN] CASHIER FORM : calculateChangeValue, sisaBayar [0]
[ADMIN] [11/18/2016 12:52] [PENJUALAN] CASHIER FORM : PRODUCT PRICE REFRESHED
[ADMIN] [11/18/2016 12:52] [PENJUALAN] CASHIER FORM : REGISTER HOTKEY
[ADMIN] [11/18/2016 12:52] [PENJUALAN] CASHIER FORM : Combobox_KeyUp, cashierDataGridView.CurrentCell.OwningColumn.Name  [qty]
[ADMIN] [11/18/2016 12:52] [PENJUALAN] CASHIER FORM : discJualMaskedTextBox_Validating, totalAfterDisc [9950]
[ADMIN] [11/18/2016 12:52] [PENJUALAN] CASHIER FORM : calculateChangeValue, bayarTextBox.Text [0]
[ADMIN] [11/18/2016 12:52] [PENJUALAN] CASHIER FORM : calculateChangeValue, sisaBayar [0]
[ADMIN] [11/18/2016 12:52] [PENJUALAN] CASHIER FORM : discJualMaskedTextBox_Validating, totalAfterDisc [9500]
[ADMIN] [11/18/2016 12:52] [PENJUALAN] CASHIER FORM : calculateChangeValue, bayarTextBox.Text [0]
[ADMIN] [11/18/2016 12:52] [PENJUALAN] CASHIER FORM : calculateChangeValue, sisaBayar [0]
[ADMIN] [11/18/2016 12:52] [PENJUALAN] CASHIER FORM : calculateChangeValue, bayarTextBox.Text [1]
[ADMIN] [11/18/2016 12:52] [PENJUALAN] CASHIER FORM : calculateChangeValue, sisaBayar [0]
[ADMIN] [11/18/2016 12:52] [PENJUALAN] CASHIER FORM : calculateChangeValue, bayarTextBox.Text [10]
[ADMIN] [11/18/2016 12:52] [PENJUALAN] CASHIER FORM : calculateChangeValue, sisaBayar [0]
[ADMIN] [11/18/2016 12:52] [PENJUALAN] CASHIER FORM : calculateChangeValue, bayarTextBox.Text [100]
[ADMIN] [11/18/2016 12:52] [PENJUALAN] CASHIER FORM : calculateChangeValue, sisaBayar [0]
[ADMIN] [11/18/2016 12:52] [PENJUALAN] CASHIER FORM : calculateChangeValue, bayarTextBox.Text [1000]
[ADMIN] [11/18/2016 12:52] [PENJUALAN] CASHIER FORM : calculateChangeValue, sisaBayar [0]
[ADMIN] [11/18/2016 12:52] [PENJUALAN] CASHIER FORM : calculateChangeValue, bayarTextBox.Text [100]
[ADMIN] [11/18/2016 12:52] [PENJUALAN] CASHIER FORM : calculateChangeValue, sisaBayar [0]
[ADMIN] [11/18/2016 12:52] [PENJUALAN] CASHIER FORM : calculateChangeValue, bayarTextBox.Text [10]
[ADMIN] [11/18/2016 12:52] [PENJUALAN] CASHIER FORM : calculateChangeValue, sisaBayar [0]
[ADMIN] [11/18/2016 12:52] [PENJUALAN] CASHIER FORM : calculateChangeValue, bayarTextBox.Text [1]
[ADMIN] [11/18/2016 12:52] [PENJUALAN] CASHIER FORM : calculateChangeValue, sisaBayar [0]
[ADMIN] [11/18/2016 12:52] [PENJUALAN] CASHIER FORM : calculateChangeValue, bayarTextBox.Text [2]
[ADMIN] [11/18/2016 12:52] [PENJUALAN] CASHIER FORM : calculateChangeValue, sisaBayar [0]
[ADMIN] [11/18/2016 12:52] [PENJUALAN] CASHIER FORM : calculateChangeValue, bayarTextBox.Text [20]
[ADMIN] [11/18/2016 12:52] [PENJUALAN] CASHIER FORM : calculateChangeValue, sisaBayar [0]
[ADMIN] [11/18/2016 12:52] [PENJUALAN] CASHIER FORM : calculateChangeValue, bayarTextBox.Text [200]
[ADMIN] [11/18/2016 12:52] [PENJUALAN] CASHIER FORM : calculateChangeValue, sisaBayar [0]
[ADMIN] [11/18/2016 12:52] [PENJUALAN] CASHIER FORM : calculateChangeValue, bayarTextBox.Text [2000]
[ADMIN] [11/18/2016 12:52] [PENJUALAN] CASHIER FORM : calculateChangeValue, sisaBayar [0]
[ADMIN] [11/18/2016 12:52] [PENJUALAN] CASHIER FORM : calculateChangeValue, bayarTextBox.Text [20000]
[ADMIN] [11/18/2016 12:52] [PENJUALAN] CASHIER FORM : calculateChangeValue, sisaBayar [10500]
[ADMIN] [11/18/2016 12:52] [PENJUALAN] CASHIER FORM : calculateChangeValue, bayarTextBox.Text [2000]
[ADMIN] [11/18/2016 12:52] [PENJUALAN] CASHIER FORM : calculateChangeValue, sisaBayar [0]
[ADMIN] [11/18/2016 12:52] [PENJUALAN] CASHIER FORM : HOTKEY TO SAVE AND PRINT OUT INVOICE PRESSED
[ADMIN] [11/18/2016 12:52] [PENJUALAN] CASHIER FORM : UNREGISTER HOTKEY
[ADMIN] [11/18/2016 12:52] [PENJUALAN] CASHIER FORM : REGISTER HOTKEY
[ADMIN] [11/18/2016 12:52] [PENJUALAN] ATTEMPT TO SAVE AND PRINT OUT INVOICE
[ADMIN] [11/18/2016 12:52] [PENJUALAN] CASHIER FORM : UNREGISTER HOTKEY
[ADMIN] [11/18/2016 12:52] [PENJUALAN] CASHIER FORM : ATTEMPT TO SAVE SALES DATA [18-11-2016 12:52]
[ADMIN] [11/18/2016 12:52] [PENJUALAN] CASHIER FORM : SALES DISC FINAL [Rp500]
[ADMIN] [11/18/2016 12:52] [PENJUALAN] CASHIER FORM : CASH SALES
[ADMIN] [11/18/2016 12:53] [PENJUALAN] CASHIER FORM : MAX SALES INVOICE [14]
[ADMIN] [11/18/2016 12:53] [PENJUALAN] CASHIER FORM : SALES INVOICE [SQ-15]
[ADMIN] [11/18/2016 12:53] [PENJUALAN] INSERT INTO SALES QUOTATION HEADER [SQ-15]
[ADMIN] [11/18/2016 12:53] [PENJUALAN] INSERT INTO SALES QUOTATION DETAIL[RT002, 5000, 2]
[ADMIN] [11/18/2016 12:53] [PENJUALAN] TRANSACTION SAVED
[ADMIN] [11/18/2016 12:53] [PENJUALAN] PRINT OUT INVOICE
[ADMIN] [11/18/2016 12:53] [PENJUALAN] CASHIER FORM : PrintReceipt
[ADMIN] [11/18/2016 12:53] [PENJUALAN] CASHIER FORM : PrintReceipt, papermode [0]
[ADMIN] [11/18/2016 12:53] [PENJUALAN] CASHIER FORM : PrintReceipt, display SalesQuotationReceiptForm
[ADMIN] [11/18/2016 12:53] [PENJUALAN] CASHIER FORM : UPDATE ROW NUMBER, TOTAL ROW [1]
[ADMIN] [11/18/2016 12:53] [PENJUALAN] CASHIER FORM : cashierDataGridView_CellValueChanged [F8]
[ADMIN] [11/18/2016 12:53] [PENJUALAN] CASHIER FORM : REGISTER HOTKEY
[ADMIN] [11/18/2016 12:53] [PENJUALAN] CASHIER FORM : UNREGISTER HOTKEY
[ADMIN] [11/18/2016 12:53] [PENJUALAN] CASHIER FORM : UNREGISTER HOTKEY
[ADMIN] [11/18/2016 12:53] [PENJUALAN] CASHIER FORM : REGISTER HOTKEY
[ADMIN] [11/18/2016 12:53] [PENJUALAN] CASHIER FORM : cashierForm_Load, ATTEMPT TO LOAD NO FAKTUR
[ADMIN] [11/18/2016 12:53] [PENJUALAN] CASHIER FORM : loadNoFaktur, noFakturValue [SLO001]
[ADMIN] [11/18/2016 12:53] [PENJUALAN] CASHIER FORM : cashierForm_Load, ATTEMPT TO addColumnToDataGrid
[ADMIN] [11/18/2016 12:53] [PENJUALAN] CASHIER FORM : UPDATE ROW NUMBER, TOTAL ROW [1]
[ADMIN] [11/18/2016 12:53] [PENJUALAN] CASHIER FORM : cashierDataGridView_CellValueChanged [F8]
[ADMIN] [11/18/2016 12:53] [PENJUALAN] CASHIER FORM : ADD NEW ROW,  isActive [True]
[ADMIN] [11/18/2016 12:53] [PENJUALAN] CASHIER FORM : ADD NEW ROW,  ROW COUNT [1]
[ADMIN] [11/18/2016 12:53] [PENJUALAN] CASHIER FORM : ADD NEW ROW,  ALLOW TO ADD [False]
[ADMIN] [11/18/2016 12:53] [PENJUALAN] CASHIER FORM : clearUpSomeRowContents
[ADMIN] [11/18/2016 12:53] [PENJUALAN] CASHIER FORM : calculateTotal
[ADMIN] [11/18/2016 12:53] [PENJUALAN] CASHIER FORM : calculateTotal [0]
[ADMIN] [11/18/2016 12:53] [PENJUALAN] CASHIER FORM : calculateTotal, totalAfterDisc [0]
[ADMIN] [11/18/2016 12:53] [PENJUALAN] CASHIER FORM : calculateChangeValue, bayarTextBox.Text [0]
[ADMIN] [11/18/2016 12:53] [PENJUALAN] CASHIER FORM : calculateChangeValue, sisaBayar [0]
[ADMIN] [11/18/2016 12:53] [PENJUALAN] CASHIER FORM : calculateChangeValue, bayarTextBox.Text [2000]
[ADMIN] [11/18/2016 12:53] [PENJUALAN] CASHIER FORM : calculateChangeValue, sisaBayar [0]
[ADMIN] [11/18/2016 12:53] [PENJUALAN] CASHIER FORM : REGISTER HOTKEY
[ADMIN] [11/18/2016 12:53] [PENJUALAN] CASHIER FORM : UNREGISTER HOTKEY
[ADMIN] [11/18/2016 12:53] [PENJUALAN] CASHIER FORM : REGISTER HOTKEY
[ADMIN] [11/18/2016 12:53] [PENJUALAN] ATTEMPT TO SAVE AND PRINT OUT INVOICE
[ADMIN] [11/18/2016 12:53] [PENJUALAN] CASHIER FORM : UNREGISTER HOTKEY
[ADMIN] [11/18/2016 12:53] [PENJUALAN] CASHIER FORM : ATTEMPT TO SAVE SALES DATA [18-11-2016 12:53]
[ADMIN] [11/18/2016 12:53] [PENJUALAN] CASHIER FORM : SALES DISC FINAL [500]
[ADMIN] [11/18/2016 12:53] [PENJUALAN] CASHIER FORM : CASH SALES
[ADMIN] [11/18/2016 12:53] [PENJUALAN] CHECK IF TAX LIMIT SET FOR PERCENTAGE PURCHASE [0]
[ADMIN] [11/18/2016 12:53] [PENJUALAN] CHECK IF TAX LIMIT SET FOR AVERAGE DAILY PURCHASE [0]
[ADMIN] [11/18/2016 12:53] [PENJUALAN] CASHIER FORM : NO FAKTUR [SLO001]
[ADMIN] [11/18/2016 12:53] [PENJUALAN] CASHIER FORM : MAX SALES INVOICE [10]
[ADMIN] [11/18/2016 12:53] [PENJUALAN] CASHIER FORM : SALES INVOICE [SLO001-11]
[ADMIN] [11/18/2016 12:53] [PENJUALAN] INSERT INTO SALES HEADER [SLO001-11]
[ADMIN] [11/18/2016 12:53] [PENJUALAN] INSERT TO CREDIT TABLE [SLO001-11]
[ADMIN] [11/18/2016 12:53] [PENJUALAN] INSERT TO DAILY JOURNAL TABLE [10000]
[ADMIN] [11/18/2016 12:53] [PENJUALAN] TRANSACTION SAVED
[ADMIN] [11/18/2016 12:53] [PENJUALAN] PRINT OUT INVOICE
[ADMIN] [11/18/2016 12:53] [PENJUALAN] CASHIER FORM : PrintReceipt
[ADMIN] [11/18/2016 12:53] [PENJUALAN] CASHIER FORM : PrintReceipt, papermode [0]
[ADMIN] [11/18/2016 12:53] [PENJUALAN] CASHIER FORM : PrintReceipt, display SalesReceiptForm
[ADMIN] [11/18/2016 12:53] [PENJUALAN] CASHIER FORM : REGISTER HOTKEY
[ADMIN] [11/18/2016 12:53] [PENJUALAN] CASHIER FORM : UNREGISTER HOTKEY
[ADMIN] [11/18/2016 12:53] [PENJUALAN] CASHIER FORM : REGISTER HOTKEY
[ADMIN] [11/18/2016 12:53] [PENJUALAN] CASHIER FORM : UNREGISTER HOTKEY
[ADMIN] [11/18/2016 12:53] [PENJUALAN] CASHIER FORM : REGISTER HOTKEY
[ADMIN] [11/18/2016 12:53] [PENJUALAN] CASHIER FORM : UPDATE ROW NUMBER, TOTAL ROW [1]
[ADMIN] [11/18/2016 12:53] [PENJUALAN] CASHIER FORM : UNREGISTER HOTKEY
[ADMIN] [11/18/2016 12:53] [PENJUALAN] CASHIER FORM : REGISTER HOTKEY
[ADMIN] [11/18/2016 12:53] [PENJUALAN] CASHIER FORM : UNREGISTER HOTKEY
[ADMIN] [11/18/2016 12:53] [PENJUALAN] CASHIER FORM : UNREGISTER HOTKEY
[ADMIN] [11/18/2016 12:53] [] USER ID = 1LOGOUT
