[] [11/18/2016 17:02] [] USER = ADMIN IS ACTIVE
[ADMIN] [11/18/2016 17:02] [] USER ID = 1 LOGIN SUCCESSFULLY
[ADMIN] [11/18/2016 17:02] [] ACTIVATE USER ACCESS RIGHT
[ADMIN] [11/18/2016 17:02] [] DISPLAY ADMIN FORM
[ADMIN] [11/18/2016 17:02] [] adminForm Load
[ADMIN] [11/18/2016 17:02] [] ACTIVATE USER ACCESS RIGHT
[ADMIN] [11/18/2016 17:03] [PENERIMAAN BARANG] PENERIMAAN BARANG : detailGridView_CellValueChanged [productID]
[ADMIN] [11/18/2016 17:03] [PENERIMAAN BARANG] PENERIMAAN BARANG : detailGridView_CellValueChanged [productName]
[ADMIN] [11/18/2016 17:03] [PENJUALAN] CASHIER FORM : ComboBox_SelectedIndexChanged, PRODUCT_BASE_PRICE [0]
[ADMIN] [11/18/2016 17:03] [PENERIMAAN BARANG] PENERIMAAN BARANG : detailGridView_CellValueChanged [hpp]
[ADMIN] [11/18/2016 17:03] [PENERIMAAN BARANG] PENERIMAAN BARANG : detailGridView_CellValueChanged [subtotal]
[ADMIN] [11/18/2016 17:03] [PENERIMAAN BARANG] PENERIMAAN BARANG : detailGridView_CellValueChanged [qtyReceived]
[ADMIN] [11/18/2016 17:03] [PENERIMAAN BARANG] PENERIMAAN BARANG : detailGridView_CellValueChanged [subtotal]
[ADMIN] [11/18/2016 17:03] [PENJUALAN] CASHIER FORM : ComboBox_SelectedIndexChanged, attempt to calculate total
[ADMIN] [11/18/2016 17:03] [PENERIMAAN BARANG] PENERIMAAN BARANG : detailGridView_CellValueChanged [qtyReceived]
[ADMIN] [11/18/2016 17:03] [PENERIMAAN BARANG] PENERIMAAN BARANG : detailGridView_CellValueChanged [subtotal]
[ADMIN] [11/18/2016 17:03] [PENERIMAAN BARANG] PENERIMAAN BARANG : detailGridView_CellValueChanged [subtotal]
[ADMIN] [11/18/2016 17:04] [PENJUALAN] CASHIER FORM : MULTIPLE CASHIER INSTANCE [1]
[ADMIN] [11/18/2016 17:04] [PENJUALAN] CASHIER FORM : REGISTER HOTKEY
[ADMIN] [11/18/2016 17:04] [PENJUALAN] CASHIER FORM : cashierForm_Load, ATTEMPT TO LOAD NO FAKTUR
[ADMIN] [11/18/2016 17:04] [PENJUALAN] CASHIER FORM : loadNoFaktur, noFakturValue [SLO001]
[ADMIN] [11/18/2016 17:04] [PENJUALAN] CASHIER FORM : cashierForm_Load, ATTEMPT TO addColumnToDataGrid
[ADMIN] [11/18/2016 17:04] [PENJUALAN] CASHIER FORM : UPDATE ROW NUMBER, TOTAL ROW [1]
[ADMIN] [11/18/2016 17:04] [PENJUALAN] CASHIER FORM : cashierDataGridView_CellValueChanged [F8]
[ADMIN] [11/18/2016 17:04] [PENJUALAN] CASHIER FORM : REGISTER HOTKEY
[ADMIN] [11/18/2016 17:04] [PENJUALAN] CASHIER FORM : UNREGISTER HOTKEY
[ADMIN] [11/18/2016 17:04] [PENJUALAN] CASHIER FORM : UNREGISTER HOTKEY
[ADMIN] [11/18/2016 17:38] [PENJUALAN] CASHIER FORM : REGISTER HOTKEY
[ADMIN] [11/18/2016 17:38] [PENJUALAN] CASHIER FORM : cashierForm_Load, ATTEMPT TO LOAD NO FAKTUR
[ADMIN] [11/18/2016 17:38] [PENJUALAN] CASHIER FORM : loadNoFaktur, noFakturValue [SLO001]
[ADMIN] [11/18/2016 17:38] [PENJUALAN] CASHIER FORM : cashierForm_Load, ATTEMPT TO addColumnToDataGrid
[ADMIN] [11/18/2016 17:38] [PENJUALAN] CASHIER FORM : UPDATE ROW NUMBER, TOTAL ROW [1]
[ADMIN] [11/18/2016 17:38] [PENJUALAN] CASHIER FORM : cashierDataGridView_CellValueChanged [F8]
[ADMIN] [11/18/2016 17:38] [PENJUALAN] CASHIER FORM : REGISTER HOTKEY
[ADMIN] [11/18/2016 17:42] [PENJUALAN] CASHIER FORM : UNREGISTER HOTKEY
[ADMIN] [11/18/2016 17:42] [PENJUALAN] CASHIER FORM : UNREGISTER HOTKEY
[ADMIN] [11/18/2016 17:50] [] USER ID = 1LOGOUT
