[] [1/27/2017 23:11] [] USER = ADMIN IS ACTIVE
[ADMIN] [1/27/2017 23:11] [] USER ID = 1 LOGIN SUCCESSFULLY
[ADMIN] [1/27/2017 23:11] [] ACTIVATE USER ACCESS RIGHT
[ADMIN] [1/27/2017 23:11] [] DISPLAY ADMIN FORM
[ADMIN] [1/27/2017 23:11] [] adminForm Load
[ADMIN] [1/27/2017 23:11] [] ACTIVATE USER ACCESS RIGHT
[ADMIN] [1/27/2017 23:11] [PENJUALAN] CASHIER FORM : MULTIPLE CASHIER INSTANCE [1]
[ADMIN] [1/27/2017 23:12] [PENJUALAN] CASHIER FORM : REGISTER HOTKEY
[ADMIN] [1/27/2017 23:12] [PENJUALAN] CASHIER FORM : cashierForm_Load, ATTEMPT TO LOAD NO FAKTUR
[ADMIN] [1/27/2017 23:12] [PENJUALAN] CASHIER FORM : loadNoFaktur, noFakturValue [SLO001]
[ADMIN] [1/27/2017 23:12] [PENJUALAN] CASHIER FORM : cashierForm_Load, ATTEMPT TO addColumnToDataGrid
[ADMIN] [1/27/2017 23:12] [PENJUALAN] CASHIER FORM : UPDATE ROW NUMBER, TOTAL ROW [1]
[ADMIN] [1/27/2017 23:12] [PENJUALAN] CASHIER FORM : cashierDataGridView_CellValueChanged [F8]
[ADMIN] [1/27/2017 23:12] [PENJUALAN] CASHIER FORM : REGISTER HOTKEY
[ADMIN] [1/27/2017 23:12] [PENJUALAN] CASHIER FORM : Combobox_previewKeyDown, cashierDataGridView.CurrentCell.OwningColumn.Name  [productID]
[ADMIN] [1/27/2017 23:12] [PENJUALAN] CASHIER FORM : UPDATE ROW NUMBER, TOTAL ROW [2]
[ADMIN] [1/27/2017 23:12] [PENJUALAN] CASHIER FORM : cashierDataGridView_CellValueChanged [F8]
[ADMIN] [1/27/2017 23:12] [PENJUALAN] CASHIER FORM : cashierDataGridView_CellValueChanged [productID]
[ADMIN] [1/27/2017 23:12] [PENJUALAN] CASHIER FORM : Combobox_KeyUp, cashierDataGridView.CurrentCell.OwningColumn.Name  [productID]
[ADMIN] [1/27/2017 23:12] [PENJUALAN] CASHIER FORM : Combobox_previewKeyDown, cashierDataGridView.CurrentCell.OwningColumn.Name  [productID]
[ADMIN] [1/27/2017 23:12] [PENJUALAN] CASHIER FORM : cashierDataGridView_CellValueChanged [productID]
[ADMIN] [1/27/2017 23:12] [PENJUALAN] CASHIER FORM : Combobox_KeyUp, cashierDataGridView.CurrentCell.OwningColumn.Name  [productID]
[ADMIN] [1/27/2017 23:12] [PENJUALAN] CASHIER FORM : Combobox_previewKeyDown, cashierDataGridView.CurrentCell.OwningColumn.Name  [productID]
[ADMIN] [1/27/2017 23:12] [PENJUALAN] CASHIER FORM : cashierDataGridView_CellValueChanged [productID]
[ADMIN] [1/27/2017 23:12] [PENJUALAN] CASHIER FORM : Combobox_previewKeyDown, cashierDataGridView.CurrentCell.OwningColumn.Name  [productID]
[ADMIN] [1/27/2017 23:12] [PENJUALAN] CASHIER FORM : cashierDataGridView_CellValueChanged [productID]
[ADMIN] [1/27/2017 23:12] [PENJUALAN] CASHIER FORM : Combobox_KeyUp, cashierDataGridView.CurrentCell.OwningColumn.Name  [productID]
[ADMIN] [1/27/2017 23:12] [PENJUALAN] CASHIER FORM : Combobox_KeyUp, cashierDataGridView.CurrentCell.OwningColumn.Name  [productID]
[ADMIN] [1/27/2017 23:12] [PENJUALAN] CASHIER FORM : Combobox_previewKeyDown, cashierDataGridView.CurrentCell.OwningColumn.Name  [productID]
[ADMIN] [1/27/2017 23:12] [PENJUALAN] CASHIER FORM : cashierDataGridView_CellValueChanged [productID]
[ADMIN] [1/27/2017 23:12] [PENJUALAN] CASHIER FORM : Combobox_KeyUp, cashierDataGridView.CurrentCell.OwningColumn.Name  [productID]
[ADMIN] [1/27/2017 23:12] [PENJUALAN] CASHIER FORM : Combobox_previewKeyDown, cashierDataGridView.CurrentCell.OwningColumn.Name  [productID]
[ADMIN] [1/27/2017 23:12] [PENJUALAN] CASHIER FORM : cashierDataGridView_CellValueChanged [productID]
[ADMIN] [1/27/2017 23:12] [PENJUALAN] CASHIER FORM : Combobox_KeyUp, cashierDataGridView.CurrentCell.OwningColumn.Name  [productID]
[ADMIN] [1/27/2017 23:12] [PENJUALAN] CASHIER FORM : Combobox_previewKeyDown, cashierDataGridView.CurrentCell.OwningColumn.Name  [productID]
[ADMIN] [1/27/2017 23:12] [PENJUALAN] CASHIER FORM : Combobox_previewKeyDown, cashierDataGridView.CurrentCell.OwningColumn.Name  [productID]
[ADMIN] [1/27/2017 23:12] [PENJUALAN] CASHIER FORM : Combobox_previewKeyDown, cashierDataGridView.CurrentCell.OwningColumn.Name  [productID]
[ADMIN] [1/27/2017 23:12] [PENJUALAN] CASHIER FORM : Combobox_KeyUp, cashierDataGridView.CurrentCell.OwningColumn.Name  [productID]
[ADMIN] [1/27/2017 23:12] [PENJUALAN] CASHIER FORM : Combobox_KeyUp, cashierDataGridView.CurrentCell.OwningColumn.Name  [productID]
[ADMIN] [1/27/2017 23:12] [PENJUALAN] CASHIER FORM : Combobox_KeyUp, cashierDataGridView.CurrentCell.OwningColumn.Name  [productID]
[ADMIN] [1/27/2017 23:12] [PENJUALAN] CASHIER FORM : Combobox_previewKeyDown, cashierDataGridView.CurrentCell.OwningColumn.Name  [productID]
[ADMIN] [1/27/2017 23:12] [PENJUALAN] CASHIER FORM : cashierDataGridView_CellValueChanged [productID]
[ADMIN] [1/27/2017 23:12] [PENJUALAN] CASHIER FORM : Combobox_KeyUp, cashierDataGridView.CurrentCell.OwningColumn.Name  [productID]
[ADMIN] [1/27/2017 23:12] [PENJUALAN] CASHIER FORM : Combobox_previewKeyDown, cashierDataGridView.CurrentCell.OwningColumn.Name  [productID]
[ADMIN] [1/27/2017 23:12] [PENJUALAN] CASHIER FORM : cashierDataGridView_CellValueChanged [productID]
[ADMIN] [1/27/2017 23:12] [PENJUALAN] CASHIER FORM : Combobox_KeyUp, cashierDataGridView.CurrentCell.OwningColumn.Name  [productID]
[ADMIN] [1/27/2017 23:12] [PENJUALAN] CASHIER FORM : Combobox_previewKeyDown, cashierDataGridView.CurrentCell.OwningColumn.Name  [productID]
[ADMIN] [1/27/2017 23:12] [PENJUALAN] CASHIER FORM : cashierDataGridView_CellValueChanged [productID]
[ADMIN] [1/27/2017 23:12] [PENJUALAN] CASHIER FORM : Combobox_KeyUp, cashierDataGridView.CurrentCell.OwningColumn.Name  [productID]
[ADMIN] [1/27/2017 23:12] [PENJUALAN] CASHIER FORM : Combobox_previewKeyDown, cashierDataGridView.CurrentCell.OwningColumn.Name  [productID]
[ADMIN] [1/27/2017 23:12] [PENJUALAN] CASHIER FORM : cashierDataGridView_CellValueChanged [productID]
[ADMIN] [1/27/2017 23:12] [PENJUALAN] CASHIER FORM : Combobox_KeyUp, cashierDataGridView.CurrentCell.OwningColumn.Name  [productID]
[ADMIN] [1/27/2017 23:12] [PENJUALAN] CASHIER FORM : Combobox_previewKeyDown, cashierDataGridView.CurrentCell.OwningColumn.Name  [productID]
[ADMIN] [1/27/2017 23:12] [PENJUALAN] CASHIER FORM : updateSomeRowContents
[ADMIN] [1/27/2017 23:12] [PENJUALAN] CASHIER FORM : clearUpSomeRowContents
[ADMIN] [1/27/2017 23:12] [PENJUALAN] CASHIER FORM : cashierDataGridView_CellValueChanged [productName]
[ADMIN] [1/27/2017 23:12] [PENJUALAN] CASHIER FORM : cashierDataGridView_CellValueChanged [hpp]
[ADMIN] [1/27/2017 23:12] [PENJUALAN] CASHIER FORM : cashierDataGridView_CellValueChanged [productPrice]
[ADMIN] [1/27/2017 23:12] [PENJUALAN] CASHIER FORM : cashierDataGridView_CellValueChanged, previousInput [0]
[ADMIN] [1/27/2017 23:12] [PENJUALAN] CASHIER FORM : cashierDataGridView_CellValueChanged [qty]
[ADMIN] [1/27/2017 23:12] [PENJUALAN] CASHIER FORM : cashierDataGridView_CellValueChanged, previousInput [0]
[ADMIN] [1/27/2017 23:12] [PENJUALAN] CASHIER FORM : cashierDataGridView_CellValueChanged [disc1]
[ADMIN] [1/27/2017 23:12] [PENJUALAN] CASHIER FORM : cashierDataGridView_CellValueChanged, previousInput [0]
[ADMIN] [1/27/2017 23:12] [PENJUALAN] CASHIER FORM : cashierDataGridView_CellValueChanged [disc2]
[ADMIN] [1/27/2017 23:12] [PENJUALAN] CASHIER FORM : cashierDataGridView_CellValueChanged, previousInput [0]
[ADMIN] [1/27/2017 23:12] [PENJUALAN] CASHIER FORM : cashierDataGridView_CellValueChanged [discRP]
[ADMIN] [1/27/2017 23:12] [PENJUALAN] CASHIER FORM : cashierDataGridView_CellValueChanged, previousInput [0]
[ADMIN] [1/27/2017 23:12] [PENJUALAN] CASHIER FORM : cashierDataGridView_CellValueChanged [jumlah]
[ADMIN] [1/27/2017 23:12] [PENJUALAN] CASHIER FORM : calculateTotal
[ADMIN] [1/27/2017 23:12] [PENJUALAN] CASHIER FORM : calculateTotal [0]
[ADMIN] [1/27/2017 23:12] [PENJUALAN] CASHIER FORM : calculateTotal, totalAfterDisc [0]
[ADMIN] [1/27/2017 23:12] [PENJUALAN] CASHIER FORM : calculateChangeValue, bayarTextBox.Text [0]
[ADMIN] [1/27/2017 23:12] [PENJUALAN] CASHIER FORM : calculateChangeValue, sisaBayar [0]
[ADMIN] [1/27/2017 23:12] [PENJUALAN] CASHIER FORM : Combobox_KeyUp, cashierDataGridView.CurrentCell.OwningColumn.Name  [qty]
[ADMIN] [1/27/2017 23:12] [PENJUALAN] CASHIER FORM : productName_previewKeyDown, cashierDataGridView.CurrentCell.OwningColumn.Name  [productName]
[ADMIN] [1/27/2017 23:12] [PENJUALAN] CASHIER FORM : cashierDataGridView_CellValueChanged [productName]
[ADMIN] [1/27/2017 23:12] [PENJUALAN] CASHIER FORM : updateSomeRowContents
[ADMIN] [1/27/2017 23:12] [PENJUALAN] CASHIER FORM : clearUpSomeRowContents
[ADMIN] [1/27/2017 23:12] [PENJUALAN] CASHIER FORM : cashierDataGridView_CellValueChanged [productName]
[ADMIN] [1/27/2017 23:12] [PENJUALAN] CASHIER FORM : calculateTotal
[ADMIN] [1/27/2017 23:12] [PENJUALAN] CASHIER FORM : calculateTotal [0]
[ADMIN] [1/27/2017 23:12] [PENJUALAN] CASHIER FORM : calculateTotal, totalAfterDisc [0]
[ADMIN] [1/27/2017 23:12] [PENJUALAN] CASHIER FORM : calculateChangeValue, bayarTextBox.Text [0]
[ADMIN] [1/27/2017 23:12] [PENJUALAN] CASHIER FORM : calculateChangeValue, sisaBayar [0]
[ADMIN] [1/27/2017 23:12] [PENJUALAN] CASHIER FORM : cashierDataGridView_CellValueChanged [productName]
[ADMIN] [1/27/2017 23:12] [PENJUALAN] CASHIER FORM : updateSomeRowContents
[ADMIN] [1/27/2017 23:12] [PENJUALAN] CASHIER FORM : clearUpSomeRowContents
[ADMIN] [1/27/2017 23:12] [PENJUALAN] CASHIER FORM : cashierDataGridView_CellValueChanged [productName]
[ADMIN] [1/27/2017 23:12] [PENJUALAN] CASHIER FORM : calculateTotal
[ADMIN] [1/27/2017 23:12] [PENJUALAN] CASHIER FORM : calculateTotal [0]
[ADMIN] [1/27/2017 23:12] [PENJUALAN] CASHIER FORM : calculateTotal, totalAfterDisc [0]
[ADMIN] [1/27/2017 23:12] [PENJUALAN] CASHIER FORM : calculateChangeValue, bayarTextBox.Text [0]
[ADMIN] [1/27/2017 23:12] [PENJUALAN] CASHIER FORM : calculateChangeValue, sisaBayar [0]
[ADMIN] [1/27/2017 23:12] [PENJUALAN] CASHIER FORM : cashierDataGridView_CellValueChanged [productName]
[ADMIN] [1/27/2017 23:12] [PENJUALAN] CASHIER FORM : updateSomeRowContents
[ADMIN] [1/27/2017 23:12] [PENJUALAN] CASHIER FORM : cashierDataGridView_CellValueChanged [productID]
[ADMIN] [1/27/2017 23:12] [PENJUALAN] CASHIER FORM : PRODUCT PRICE TYPE [PRODUCT_BASE_PRICE]
[ADMIN] [1/27/2017 23:12] [PENJUALAN] CASHIER FORM : PRODUCT PRICE [1000]
[ADMIN] [1/27/2017 23:12] [PENJUALAN] CASHIER FORM : ComboBox_SelectedIndexChanged, PRODUCT_BASE_PRICE [1000]
[ADMIN] [1/27/2017 23:12] [PENJUALAN] CASHIER FORM : cashierDataGridView_CellValueChanged [hpp]
[ADMIN] [1/27/2017 23:12] [PENJUALAN] CASHIER FORM : PRODUCT PRICE TYPE [PRODUCT_RETAIL_PRICE]
[ADMIN] [1/27/2017 23:12] [PENJUALAN] CASHIER FORM : PRODUCT PRICE [2500]
[ADMIN] [1/27/2017 23:12] [PENJUALAN] CASHIER FORM : ComboBox_SelectedIndexChanged, PRODUCT_SALES_PRICE [2500]
[ADMIN] [1/27/2017 23:12] [PENJUALAN] CASHIER FORM : cashierDataGridView_CellValueChanged [productPrice]
[ADMIN] [1/27/2017 23:12] [PENJUALAN] CASHIER FORM : cashierDataGridView_CellValueChanged, previousInput [0]
[ADMIN] [1/27/2017 23:12] [PENJUALAN] CASHIER FORM : cashierDataGridView_CellValueChanged, cellValue [2500]
[ADMIN] [1/27/2017 23:12] [PENJUALAN] CASHIER FORM : cashierDataGridView_CellValueChanged, dataGridViewTextBoxEditingControl.Text pass REGEX Checking
[ADMIN] [1/27/2017 23:12] [PENJUALAN] CASHIER FORM : CALCULATE SUBTOTAL
[ADMIN] [1/27/2017 23:12] [PENJUALAN] CASHIER FORM : SUBTOTAL [0]
[ADMIN] [1/27/2017 23:12] [PENJUALAN] CASHIER FORM : cashierDataGridView_CellValueChanged, subtotal value [0]
[ADMIN] [1/27/2017 23:12] [PENJUALAN] CASHIER FORM : cashierDataGridView_CellValueChanged, attempt to calculate total value
[ADMIN] [1/27/2017 23:12] [PENJUALAN] CASHIER FORM : calculateTotal
[ADMIN] [1/27/2017 23:12] [PENJUALAN] CASHIER FORM : calculateTotal [0]
[ADMIN] [1/27/2017 23:12] [PENJUALAN] CASHIER FORM : calculateTotal, totalAfterDisc [0]
[ADMIN] [1/27/2017 23:12] [PENJUALAN] CASHIER FORM : calculateChangeValue, bayarTextBox.Text [0]
[ADMIN] [1/27/2017 23:12] [PENJUALAN] CASHIER FORM : calculateChangeValue, sisaBayar [0]
[ADMIN] [1/27/2017 23:12] [PENJUALAN] CASHIER FORM : cashierDataGridView_CellValueChanged [qty]
[ADMIN] [1/27/2017 23:12] [PENJUALAN] CASHIER FORM : cashierDataGridView_CellValueChanged, previousInput [0]
[ADMIN] [1/27/2017 23:12] [PENJUALAN] CASHIER FORM : cashierDataGridView_CellValueChanged [jumlah]
[ADMIN] [1/27/2017 23:12] [PENJUALAN] CASHIER FORM : calculateTotal
[ADMIN] [1/27/2017 23:12] [PENJUALAN] CASHIER FORM : calculateTotal [0]
[ADMIN] [1/27/2017 23:12] [PENJUALAN] CASHIER FORM : calculateTotal, totalAfterDisc [0]
[ADMIN] [1/27/2017 23:12] [PENJUALAN] CASHIER FORM : calculateChangeValue, bayarTextBox.Text [0]
[ADMIN] [1/27/2017 23:12] [PENJUALAN] CASHIER FORM : calculateChangeValue, sisaBayar [0]
[ADMIN] [1/27/2017 23:12] [PENJUALAN] CASHIER FORM : Combobox_KeyUp, cashierDataGridView.CurrentCell.OwningColumn.Name  [productName]
[ADMIN] [1/27/2017 23:12] [PENJUALAN] CASHIER FORM : Combobox_KeyUp, cashierDataGridView.CurrentCell.OwningColumn.Name  [productName]
[ADMIN] [1/27/2017 23:12] [PENJUALAN] CASHIER FORM : productName_previewKeyDown, cashierDataGridView.CurrentCell.OwningColumn.Name  [productName]
[ADMIN] [1/27/2017 23:12] [PENJUALAN] CASHIER FORM : Combobox_KeyUp, cashierDataGridView.CurrentCell.OwningColumn.Name  [productName]
[ADMIN] [1/27/2017 23:12] [PENJUALAN] CASHIER FORM : Combobox_KeyUp, cashierDataGridView.CurrentCell.OwningColumn.Name  [productName]
[ADMIN] [1/27/2017 23:12] [PENJUALAN] CASHIER FORM : productName_previewKeyDown, cashierDataGridView.CurrentCell.OwningColumn.Name  [productName]
[ADMIN] [1/27/2017 23:12] [PENJUALAN] CASHIER FORM : cashierDataGridView_CellValueChanged [productName]
[ADMIN] [1/27/2017 23:12] [PENJUALAN] CASHIER FORM : updateSomeRowContents
[ADMIN] [1/27/2017 23:12] [PENJUALAN] CASHIER FORM : cashierDataGridView_CellValueChanged [productID]
[ADMIN] [1/27/2017 23:12] [PENJUALAN] CASHIER FORM : PRODUCT PRICE TYPE [PRODUCT_BASE_PRICE]
[ADMIN] [1/27/2017 23:12] [PENJUALAN] CASHIER FORM : PRODUCT PRICE [2]
[ADMIN] [1/27/2017 23:12] [PENJUALAN] CASHIER FORM : ComboBox_SelectedIndexChanged, PRODUCT_BASE_PRICE [2]
[ADMIN] [1/27/2017 23:12] [PENJUALAN] CASHIER FORM : cashierDataGridView_CellValueChanged [hpp]
[ADMIN] [1/27/2017 23:12] [PENJUALAN] CASHIER FORM : PRODUCT PRICE TYPE [PRODUCT_RETAIL_PRICE]
[ADMIN] [1/27/2017 23:12] [PENJUALAN] CASHIER FORM : PRODUCT PRICE [1000]
[ADMIN] [1/27/2017 23:12] [PENJUALAN] CASHIER FORM : ComboBox_SelectedIndexChanged, PRODUCT_SALES_PRICE [1000]
[ADMIN] [1/27/2017 23:12] [PENJUALAN] CASHIER FORM : cashierDataGridView_CellValueChanged [productPrice]
[ADMIN] [1/27/2017 23:12] [PENJUALAN] CASHIER FORM : cashierDataGridView_CellValueChanged, previousInput [2500]
[ADMIN] [1/27/2017 23:12] [PENJUALAN] CASHIER FORM : cashierDataGridView_CellValueChanged, dataGridViewTextBoxEditingControl.Text pass REGEX Checking
[ADMIN] [1/27/2017 23:12] [PENJUALAN] CASHIER FORM : CALCULATE SUBTOTAL
[ADMIN] [1/27/2017 23:12] [PENJUALAN] CASHIER FORM : SUBTOTAL [0]
[ADMIN] [1/27/2017 23:12] [PENJUALAN] CASHIER FORM : cashierDataGridView_CellValueChanged, subtotal value [0]
[ADMIN] [1/27/2017 23:12] [PENJUALAN] CASHIER FORM : cashierDataGridView_CellValueChanged, attempt to calculate total value
[ADMIN] [1/27/2017 23:12] [PENJUALAN] CASHIER FORM : calculateTotal
[ADMIN] [1/27/2017 23:12] [PENJUALAN] CASHIER FORM : calculateTotal [0]
[ADMIN] [1/27/2017 23:12] [PENJUALAN] CASHIER FORM : calculateTotal, totalAfterDisc [0]
[ADMIN] [1/27/2017 23:12] [PENJUALAN] CASHIER FORM : calculateChangeValue, bayarTextBox.Text [0]
[ADMIN] [1/27/2017 23:12] [PENJUALAN] CASHIER FORM : calculateChangeValue, sisaBayar [0]
[ADMIN] [1/27/2017 23:12] [PENJUALAN] CASHIER FORM : cashierDataGridView_CellValueChanged [jumlah]
[ADMIN] [1/27/2017 23:12] [PENJUALAN] CASHIER FORM : calculateTotal
[ADMIN] [1/27/2017 23:12] [PENJUALAN] CASHIER FORM : calculateTotal [0]
[ADMIN] [1/27/2017 23:12] [PENJUALAN] CASHIER FORM : calculateTotal, totalAfterDisc [0]
[ADMIN] [1/27/2017 23:12] [PENJUALAN] CASHIER FORM : calculateChangeValue, bayarTextBox.Text [0]
[ADMIN] [1/27/2017 23:12] [PENJUALAN] CASHIER FORM : calculateChangeValue, sisaBayar [0]
[ADMIN] [1/27/2017 23:12] [PENJUALAN] CASHIER FORM : Combobox_KeyUp, cashierDataGridView.CurrentCell.OwningColumn.Name  [productName]
[ADMIN] [1/27/2017 23:12] [PENJUALAN] CASHIER FORM : Combobox_KeyUp, cashierDataGridView.CurrentCell.OwningColumn.Name  [productName]
[ADMIN] [1/27/2017 23:12] [PENJUALAN] CASHIER FORM : productName_previewKeyDown, cashierDataGridView.CurrentCell.OwningColumn.Name  [productName]
[ADMIN] [1/27/2017 23:12] [PENJUALAN] CASHIER FORM : cashierDataGridView_CellValueChanged [productName]
[ADMIN] [1/27/2017 23:12] [PENJUALAN] CASHIER FORM : updateSomeRowContents
[ADMIN] [1/27/2017 23:12] [PENJUALAN] CASHIER FORM : cashierDataGridView_CellValueChanged [productID]
[ADMIN] [1/27/2017 23:12] [PENJUALAN] CASHIER FORM : PRODUCT PRICE TYPE [PRODUCT_BASE_PRICE]
[ADMIN] [1/27/2017 23:12] [PENJUALAN] CASHIER FORM : PRODUCT PRICE [0]
[ADMIN] [1/27/2017 23:12] [PENJUALAN] CASHIER FORM : ComboBox_SelectedIndexChanged, PRODUCT_BASE_PRICE [0]
[ADMIN] [1/27/2017 23:12] [PENJUALAN] CASHIER FORM : cashierDataGridView_CellValueChanged [hpp]
[ADMIN] [1/27/2017 23:12] [PENJUALAN] CASHIER FORM : PRODUCT PRICE TYPE [PRODUCT_RETAIL_PRICE]
[ADMIN] [1/27/2017 23:12] [PENJUALAN] CASHIER FORM : PRODUCT PRICE [5000]
[ADMIN] [1/27/2017 23:12] [PENJUALAN] CASHIER FORM : ComboBox_SelectedIndexChanged, PRODUCT_SALES_PRICE [5000]
[ADMIN] [1/27/2017 23:12] [PENJUALAN] CASHIER FORM : cashierDataGridView_CellValueChanged [productPrice]
[ADMIN] [1/27/2017 23:12] [PENJUALAN] CASHIER FORM : cashierDataGridView_CellValueChanged, previousInput [1000]
[ADMIN] [1/27/2017 23:12] [PENJUALAN] CASHIER FORM : cashierDataGridView_CellValueChanged, dataGridViewTextBoxEditingControl.Text pass REGEX Checking
[ADMIN] [1/27/2017 23:12] [PENJUALAN] CASHIER FORM : CALCULATE SUBTOTAL
[ADMIN] [1/27/2017 23:12] [PENJUALAN] CASHIER FORM : SUBTOTAL [0]
[ADMIN] [1/27/2017 23:12] [PENJUALAN] CASHIER FORM : cashierDataGridView_CellValueChanged, subtotal value [0]
[ADMIN] [1/27/2017 23:12] [PENJUALAN] CASHIER FORM : cashierDataGridView_CellValueChanged, attempt to calculate total value
[ADMIN] [1/27/2017 23:12] [PENJUALAN] CASHIER FORM : calculateTotal
[ADMIN] [1/27/2017 23:12] [PENJUALAN] CASHIER FORM : calculateTotal [0]
[ADMIN] [1/27/2017 23:12] [PENJUALAN] CASHIER FORM : calculateTotal, totalAfterDisc [0]
[ADMIN] [1/27/2017 23:12] [PENJUALAN] CASHIER FORM : calculateChangeValue, bayarTextBox.Text [0]
[ADMIN] [1/27/2017 23:12] [PENJUALAN] CASHIER FORM : calculateChangeValue, sisaBayar [0]
[ADMIN] [1/27/2017 23:12] [PENJUALAN] CASHIER FORM : cashierDataGridView_CellValueChanged [jumlah]
[ADMIN] [1/27/2017 23:12] [PENJUALAN] CASHIER FORM : calculateTotal
[ADMIN] [1/27/2017 23:12] [PENJUALAN] CASHIER FORM : calculateTotal [0]
[ADMIN] [1/27/2017 23:12] [PENJUALAN] CASHIER FORM : calculateTotal, totalAfterDisc [0]
[ADMIN] [1/27/2017 23:12] [PENJUALAN] CASHIER FORM : calculateChangeValue, bayarTextBox.Text [0]
[ADMIN] [1/27/2017 23:12] [PENJUALAN] CASHIER FORM : calculateChangeValue, sisaBayar [0]
[ADMIN] [1/27/2017 23:12] [PENJUALAN] CASHIER FORM : Combobox_KeyUp, cashierDataGridView.CurrentCell.OwningColumn.Name  [productName]
[ADMIN] [1/27/2017 23:12] [PENJUALAN] CASHIER FORM : Combobox_KeyUp, cashierDataGridView.CurrentCell.OwningColumn.Name  [productName]
[ADMIN] [1/27/2017 23:12] [PENJUALAN] CASHIER FORM : productName_previewKeyDown, cashierDataGridView.CurrentCell.OwningColumn.Name  [productName]
[ADMIN] [1/27/2017 23:12] [PENJUALAN] CASHIER FORM : cashierDataGridView_CellValueChanged [productName]
[ADMIN] [1/27/2017 23:12] [PENJUALAN] CASHIER FORM : updateSomeRowContents
[ADMIN] [1/27/2017 23:12] [PENJUALAN] CASHIER FORM : cashierDataGridView_CellValueChanged [productID]
[ADMIN] [1/27/2017 23:12] [PENJUALAN] CASHIER FORM : PRODUCT PRICE TYPE [PRODUCT_BASE_PRICE]
[ADMIN] [1/27/2017 23:12] [PENJUALAN] CASHIER FORM : PRODUCT PRICE [2]
[ADMIN] [1/27/2017 23:12] [PENJUALAN] CASHIER FORM : ComboBox_SelectedIndexChanged, PRODUCT_BASE_PRICE [2]
[ADMIN] [1/27/2017 23:12] [PENJUALAN] CASHIER FORM : cashierDataGridView_CellValueChanged [hpp]
[ADMIN] [1/27/2017 23:12] [PENJUALAN] CASHIER FORM : PRODUCT PRICE TYPE [PRODUCT_RETAIL_PRICE]
[ADMIN] [1/27/2017 23:12] [PENJUALAN] CASHIER FORM : PRODUCT PRICE [1000]
[ADMIN] [1/27/2017 23:12] [PENJUALAN] CASHIER FORM : ComboBox_SelectedIndexChanged, PRODUCT_SALES_PRICE [1000]
[ADMIN] [1/27/2017 23:12] [PENJUALAN] CASHIER FORM : cashierDataGridView_CellValueChanged [productPrice]
[ADMIN] [1/27/2017 23:12] [PENJUALAN] CASHIER FORM : cashierDataGridView_CellValueChanged, previousInput [5000]
[ADMIN] [1/27/2017 23:12] [PENJUALAN] CASHIER FORM : cashierDataGridView_CellValueChanged, dataGridViewTextBoxEditingControl.Text pass REGEX Checking
[ADMIN] [1/27/2017 23:12] [PENJUALAN] CASHIER FORM : CALCULATE SUBTOTAL
[ADMIN] [1/27/2017 23:12] [PENJUALAN] CASHIER FORM : SUBTOTAL [0]
[ADMIN] [1/27/2017 23:12] [PENJUALAN] CASHIER FORM : cashierDataGridView_CellValueChanged, subtotal value [0]
[ADMIN] [1/27/2017 23:12] [PENJUALAN] CASHIER FORM : cashierDataGridView_CellValueChanged, attempt to calculate total value
[ADMIN] [1/27/2017 23:12] [PENJUALAN] CASHIER FORM : calculateTotal
[ADMIN] [1/27/2017 23:12] [PENJUALAN] CASHIER FORM : calculateTotal [0]
[ADMIN] [1/27/2017 23:12] [PENJUALAN] CASHIER FORM : calculateTotal, totalAfterDisc [0]
[ADMIN] [1/27/2017 23:12] [PENJUALAN] CASHIER FORM : calculateChangeValue, bayarTextBox.Text [0]
[ADMIN] [1/27/2017 23:12] [PENJUALAN] CASHIER FORM : calculateChangeValue, sisaBayar [0]
[ADMIN] [1/27/2017 23:12] [PENJUALAN] CASHIER FORM : cashierDataGridView_CellValueChanged [jumlah]
[ADMIN] [1/27/2017 23:12] [PENJUALAN] CASHIER FORM : calculateTotal
[ADMIN] [1/27/2017 23:12] [PENJUALAN] CASHIER FORM : calculateTotal [0]
[ADMIN] [1/27/2017 23:12] [PENJUALAN] CASHIER FORM : calculateTotal, totalAfterDisc [0]
[ADMIN] [1/27/2017 23:12] [PENJUALAN] CASHIER FORM : calculateChangeValue, bayarTextBox.Text [0]
[ADMIN] [1/27/2017 23:12] [PENJUALAN] CASHIER FORM : calculateChangeValue, sisaBayar [0]
[ADMIN] [1/27/2017 23:12] [PENJUALAN] CASHIER FORM : Combobox_KeyUp, cashierDataGridView.CurrentCell.OwningColumn.Name  [productName]
[ADMIN] [1/27/2017 23:12] [PENJUALAN] CASHIER FORM : Combobox_KeyUp, cashierDataGridView.CurrentCell.OwningColumn.Name  [productName]
[ADMIN] [1/27/2017 23:12] [PENJUALAN] CASHIER FORM : productName_previewKeyDown, cashierDataGridView.CurrentCell.OwningColumn.Name  [productName]
[ADMIN] [1/27/2017 23:12] [PENJUALAN] CASHIER FORM : cashierDataGridView_CellValueChanged [productName]
[ADMIN] [1/27/2017 23:12] [PENJUALAN] CASHIER FORM : updateSomeRowContents
[ADMIN] [1/27/2017 23:12] [PENJUALAN] CASHIER FORM : cashierDataGridView_CellValueChanged [productID]
[ADMIN] [1/27/2017 23:12] [PENJUALAN] CASHIER FORM : PRODUCT PRICE TYPE [PRODUCT_BASE_PRICE]
[ADMIN] [1/27/2017 23:12] [PENJUALAN] CASHIER FORM : PRODUCT PRICE [0]
[ADMIN] [1/27/2017 23:12] [PENJUALAN] CASHIER FORM : ComboBox_SelectedIndexChanged, PRODUCT_BASE_PRICE [0]
[ADMIN] [1/27/2017 23:12] [PENJUALAN] CASHIER FORM : cashierDataGridView_CellValueChanged [hpp]
[ADMIN] [1/27/2017 23:12] [PENJUALAN] CASHIER FORM : PRODUCT PRICE TYPE [PRODUCT_RETAIL_PRICE]
[ADMIN] [1/27/2017 23:12] [PENJUALAN] CASHIER FORM : PRODUCT PRICE [5000]
[ADMIN] [1/27/2017 23:12] [PENJUALAN] CASHIER FORM : ComboBox_SelectedIndexChanged, PRODUCT_SALES_PRICE [5000]
[ADMIN] [1/27/2017 23:12] [PENJUALAN] CASHIER FORM : cashierDataGridView_CellValueChanged [productPrice]
[ADMIN] [1/27/2017 23:12] [PENJUALAN] CASHIER FORM : cashierDataGridView_CellValueChanged, previousInput [1000]
[ADMIN] [1/27/2017 23:12] [PENJUALAN] CASHIER FORM : cashierDataGridView_CellValueChanged, dataGridViewTextBoxEditingControl.Text pass REGEX Checking
[ADMIN] [1/27/2017 23:12] [PENJUALAN] CASHIER FORM : CALCULATE SUBTOTAL
[ADMIN] [1/27/2017 23:12] [PENJUALAN] CASHIER FORM : SUBTOTAL [0]
[ADMIN] [1/27/2017 23:12] [PENJUALAN] CASHIER FORM : cashierDataGridView_CellValueChanged, subtotal value [0]
[ADMIN] [1/27/2017 23:12] [PENJUALAN] CASHIER FORM : cashierDataGridView_CellValueChanged, attempt to calculate total value
[ADMIN] [1/27/2017 23:12] [PENJUALAN] CASHIER FORM : calculateTotal
[ADMIN] [1/27/2017 23:12] [PENJUALAN] CASHIER FORM : calculateTotal [0]
[ADMIN] [1/27/2017 23:12] [PENJUALAN] CASHIER FORM : calculateTotal, totalAfterDisc [0]
[ADMIN] [1/27/2017 23:12] [PENJUALAN] CASHIER FORM : calculateChangeValue, bayarTextBox.Text [0]
[ADMIN] [1/27/2017 23:12] [PENJUALAN] CASHIER FORM : calculateChangeValue, sisaBayar [0]
[ADMIN] [1/27/2017 23:12] [PENJUALAN] CASHIER FORM : cashierDataGridView_CellValueChanged [jumlah]
[ADMIN] [1/27/2017 23:12] [PENJUALAN] CASHIER FORM : calculateTotal
[ADMIN] [1/27/2017 23:12] [PENJUALAN] CASHIER FORM : calculateTotal [0]
[ADMIN] [1/27/2017 23:12] [PENJUALAN] CASHIER FORM : calculateTotal, totalAfterDisc [0]
[ADMIN] [1/27/2017 23:12] [PENJUALAN] CASHIER FORM : calculateChangeValue, bayarTextBox.Text [0]
[ADMIN] [1/27/2017 23:12] [PENJUALAN] CASHIER FORM : calculateChangeValue, sisaBayar [0]
[ADMIN] [1/27/2017 23:12] [PENJUALAN] CASHIER FORM : Combobox_KeyUp, cashierDataGridView.CurrentCell.OwningColumn.Name  [productName]
[ADMIN] [1/27/2017 23:12] [PENJUALAN] CASHIER FORM : Combobox_KeyUp, cashierDataGridView.CurrentCell.OwningColumn.Name  [productName]
[ADMIN] [1/27/2017 23:12] [PENJUALAN] CASHIER FORM : productName_previewKeyDown, cashierDataGridView.CurrentCell.OwningColumn.Name  [productName]
[ADMIN] [1/27/2017 23:12] [PENJUALAN] CASHIER FORM : cashierDataGridView_CellValueChanged [productName]
[ADMIN] [1/27/2017 23:12] [PENJUALAN] CASHIER FORM : updateSomeRowContents
[ADMIN] [1/27/2017 23:12] [PENJUALAN] CASHIER FORM : cashierDataGridView_CellValueChanged [productID]
[ADMIN] [1/27/2017 23:12] [PENJUALAN] CASHIER FORM : PRODUCT PRICE TYPE [PRODUCT_BASE_PRICE]
[ADMIN] [1/27/2017 23:12] [PENJUALAN] CASHIER FORM : PRODUCT PRICE [0]
[ADMIN] [1/27/2017 23:12] [PENJUALAN] CASHIER FORM : ComboBox_SelectedIndexChanged, PRODUCT_BASE_PRICE [0]
[ADMIN] [1/27/2017 23:12] [PENJUALAN] CASHIER FORM : PRODUCT PRICE TYPE [PRODUCT_RETAIL_PRICE]
[ADMIN] [1/27/2017 23:12] [PENJUALAN] CASHIER FORM : PRODUCT PRICE [8000]
[ADMIN] [1/27/2017 23:12] [PENJUALAN] CASHIER FORM : ComboBox_SelectedIndexChanged, PRODUCT_SALES_PRICE [8000]
[ADMIN] [1/27/2017 23:12] [PENJUALAN] CASHIER FORM : cashierDataGridView_CellValueChanged [productPrice]
[ADMIN] [1/27/2017 23:12] [PENJUALAN] CASHIER FORM : cashierDataGridView_CellValueChanged, previousInput [5000]
[ADMIN] [1/27/2017 23:12] [PENJUALAN] CASHIER FORM : cashierDataGridView_CellValueChanged, dataGridViewTextBoxEditingControl.Text pass REGEX Checking
[ADMIN] [1/27/2017 23:12] [PENJUALAN] CASHIER FORM : CALCULATE SUBTOTAL
[ADMIN] [1/27/2017 23:12] [PENJUALAN] CASHIER FORM : SUBTOTAL [0]
[ADMIN] [1/27/2017 23:12] [PENJUALAN] CASHIER FORM : cashierDataGridView_CellValueChanged, subtotal value [0]
[ADMIN] [1/27/2017 23:12] [PENJUALAN] CASHIER FORM : cashierDataGridView_CellValueChanged, attempt to calculate total value
[ADMIN] [1/27/2017 23:12] [PENJUALAN] CASHIER FORM : calculateTotal
[ADMIN] [1/27/2017 23:12] [PENJUALAN] CASHIER FORM : calculateTotal [0]
[ADMIN] [1/27/2017 23:12] [PENJUALAN] CASHIER FORM : calculateTotal, totalAfterDisc [0]
[ADMIN] [1/27/2017 23:12] [PENJUALAN] CASHIER FORM : calculateChangeValue, bayarTextBox.Text [0]
[ADMIN] [1/27/2017 23:12] [PENJUALAN] CASHIER FORM : calculateChangeValue, sisaBayar [0]
[ADMIN] [1/27/2017 23:12] [PENJUALAN] CASHIER FORM : cashierDataGridView_CellValueChanged [jumlah]
[ADMIN] [1/27/2017 23:12] [PENJUALAN] CASHIER FORM : calculateTotal
[ADMIN] [1/27/2017 23:12] [PENJUALAN] CASHIER FORM : calculateTotal [0]
[ADMIN] [1/27/2017 23:12] [PENJUALAN] CASHIER FORM : calculateTotal, totalAfterDisc [0]
[ADMIN] [1/27/2017 23:12] [PENJUALAN] CASHIER FORM : calculateChangeValue, bayarTextBox.Text [0]
[ADMIN] [1/27/2017 23:12] [PENJUALAN] CASHIER FORM : calculateChangeValue, sisaBayar [0]
[ADMIN] [1/27/2017 23:12] [PENJUALAN] CASHIER FORM : Combobox_KeyUp, cashierDataGridView.CurrentCell.OwningColumn.Name  [productName]
[ADMIN] [1/27/2017 23:12] [PENJUALAN] CASHIER FORM : Combobox_KeyUp, cashierDataGridView.CurrentCell.OwningColumn.Name  [productName]
[ADMIN] [1/27/2017 23:12] [PENJUALAN] CASHIER FORM : productName_previewKeyDown, cashierDataGridView.CurrentCell.OwningColumn.Name  [productName]
[ADMIN] [1/27/2017 23:12] [PENJUALAN] CASHIER FORM : updateSomeRowContents
[ADMIN] [1/27/2017 23:12] [PENJUALAN] CASHIER FORM : Combobox_KeyUp, cashierDataGridView.CurrentCell.OwningColumn.Name  [qty]
[ADMIN] [1/27/2017 23:12] [PENJUALAN] CASHIER FORM : Combobox_KeyUp, cashierDataGridView.CurrentCell.OwningColumn.Name  [qty]
[ADMIN] [1/27/2017 23:12] [PENJUALAN] CASHIER FORM : cashierDataGridView_CellValueChanged [qty]
[ADMIN] [1/27/2017 23:12] [PENJUALAN] CASHIER FORM : cashierDataGridView_CellValueChanged, previousInput [0]
[ADMIN] [1/27/2017 23:12] [PENJUALAN] CASHIER FORM : cashierDataGridView_CellValueChanged, cellValue [2]
[ADMIN] [1/27/2017 23:12] [PENJUALAN] CASHIER FORM : cashierDataGridView_CellValueChanged, dataGridViewTextBoxEditingControl.Text pass REGEX Checking
[ADMIN] [1/27/2017 23:12] [PENJUALAN] CASHIER FORM : CHECK STOCK QTY IS ENOUGH [RT003]
[ADMIN] [1/27/2017 23:12] [PENJUALAN] CASHIER FORM : CHECK STOCK QTY IS ENOUGH [98, 2]
[ADMIN] [1/27/2017 23:12] [PENJUALAN] CASHIER FORM : CALCULATE SUBTOTAL
[ADMIN] [1/27/2017 23:12] [PENJUALAN] CASHIER FORM : SUBTOTAL [16000]
[ADMIN] [1/27/2017 23:12] [PENJUALAN] CASHIER FORM : cashierDataGridView_CellValueChanged, subtotal value [16000]
[ADMIN] [1/27/2017 23:12] [PENJUALAN] CASHIER FORM : cashierDataGridView_CellValueChanged, attempt to calculate total value
[ADMIN] [1/27/2017 23:12] [PENJUALAN] CASHIER FORM : calculateTotal
[ADMIN] [1/27/2017 23:12] [PENJUALAN] CASHIER FORM : calculateTotal [16000]
[ADMIN] [1/27/2017 23:12] [PENJUALAN] CASHIER FORM : calculateTotal, totalAfterDisc [16000]
[ADMIN] [1/27/2017 23:12] [PENJUALAN] CASHIER FORM : calculateChangeValue, bayarTextBox.Text [0]
[ADMIN] [1/27/2017 23:12] [PENJUALAN] CASHIER FORM : calculateChangeValue, sisaBayar [0]
[ADMIN] [1/27/2017 23:12] [PENJUALAN] CASHIER FORM : Combobox_KeyUp, cashierDataGridView.CurrentCell.OwningColumn.Name  [qty]
[ADMIN] [1/27/2017 23:12] [PENJUALAN] CASHIER FORM : Combobox_KeyUp, cashierDataGridView.CurrentCell.OwningColumn.Name  [qty]
[ADMIN] [1/27/2017 23:12] [PENJUALAN] CASHIER FORM : calculateChangeValue, bayarTextBox.Text [1]
[ADMIN] [1/27/2017 23:12] [PENJUALAN] CASHIER FORM : calculateChangeValue, sisaBayar [0]
[ADMIN] [1/27/2017 23:12] [PENJUALAN] CASHIER FORM : calculateChangeValue, bayarTextBox.Text [16]
[ADMIN] [1/27/2017 23:12] [PENJUALAN] CASHIER FORM : calculateChangeValue, sisaBayar [0]
[ADMIN] [1/27/2017 23:12] [PENJUALAN] CASHIER FORM : calculateChangeValue, bayarTextBox.Text [160]
[ADMIN] [1/27/2017 23:12] [PENJUALAN] CASHIER FORM : calculateChangeValue, sisaBayar [0]
[ADMIN] [1/27/2017 23:12] [PENJUALAN] CASHIER FORM : calculateChangeValue, bayarTextBox.Text [1600]
[ADMIN] [1/27/2017 23:12] [PENJUALAN] CASHIER FORM : calculateChangeValue, sisaBayar [0]
[ADMIN] [1/27/2017 23:12] [PENJUALAN] CASHIER FORM : calculateChangeValue, bayarTextBox.Text [16000]
[ADMIN] [1/27/2017 23:12] [PENJUALAN] CASHIER FORM : calculateChangeValue, sisaBayar [0]
[ADMIN] [1/27/2017 23:12] [PENJUALAN] CASHIER FORM : HOTKEY TO SAVE AND PRINT OUT INVOICE PRESSED
[ADMIN] [1/27/2017 23:12] [PENJUALAN] CASHIER FORM : UNREGISTER HOTKEY
[ADMIN] [1/27/2017 23:12] [PENJUALAN] CASHIER FORM : REGISTER HOTKEY
[ADMIN] [1/27/2017 23:12] [PENJUALAN] ATTEMPT TO SAVE AND PRINT OUT INVOICE
[ADMIN] [1/27/2017 23:12] [PENJUALAN] CASHIER FORM : UNREGISTER HOTKEY
[ADMIN] [1/27/2017 23:12] [PENJUALAN] CASHIER FORM : REGISTER HOTKEY
[ADMIN] [1/27/2017 23:12] [PENJUALAN] CASHIER FORM : UNREGISTER HOTKEY
[ADMIN] [1/27/2017 23:12] [PENJUALAN] CASHIER FORM : ATTEMPT TO SAVE SALES DATA [27-01-2017 23:12]
[ADMIN] [1/27/2017 23:12] [PENJUALAN] CASHIER FORM : SALES DISC FINAL [0]
[ADMIN] [1/27/2017 23:12] [PENJUALAN] CASHIER FORM : CASH SALES
[ADMIN] [1/27/2017 23:12] [PENJUALAN] CHECK IF TAX LIMIT SET FOR PERCENTAGE PURCHASE [0]
[ADMIN] [1/27/2017 23:12] [PENJUALAN] CHECK IF TAX LIMIT SET FOR AVERAGE DAILY PURCHASE [0]
[ADMIN] [1/27/2017 23:12] [PENJUALAN] CASHIER FORM : NO FAKTUR [SLO001]
[ADMIN] [1/27/2017 23:12] [PENJUALAN] CASHIER FORM : MAX SALES INVOICE [29]
[ADMIN] [1/27/2017 23:12] [PENJUALAN] CASHIER FORM : SALES INVOICE [SLO001-30]
[ADMIN] [1/27/2017 23:12] [PENJUALAN] INSERT INTO SALES HEADER [SLO001-30]
[ADMIN] [1/27/2017 23:12] [PENJUALAN] INSERT INTO SALES DETAIL[RT003, 8000, 2]
[ADMIN] [1/27/2017 23:12] [PENJUALAN] REDUCE STOCK AT MASTER PRODUCT [RT003]
[ADMIN] [1/27/2017 23:12] [PENJUALAN] INSERT TO CREDIT TABLE [SLO001-30]
[ADMIN] [1/27/2017 23:12] [PENJUALAN] INSERT TO DAILY JOURNAL TABLE [16000]
[ADMIN] [1/27/2017 23:12] [PENJUALAN] CASHIER FORM : REGISTER HOTKEY
[ADMIN] [1/27/2017 23:12] [PENJUALAN] TRANSACTION SAVED
[ADMIN] [1/27/2017 23:12] [PENJUALAN] PRINT OUT INVOICE
[ADMIN] [1/27/2017 23:12] [PENJUALAN] CASHIER FORM : PrintReceipt
[ADMIN] [1/27/2017 23:12] [PENJUALAN] CASHIER FORM : PrintReceipt, POS size Paper
[ADMIN] [1/27/2017 23:12] [PENJUALAN] CASHIER FORM : printDocument1_PrintPage, print POS size receipt
[ADMIN] [1/27/2017 23:12] [PENJUALAN] CASHIER FORM : calculatePageLength, totalLengthPage [355]
[ADMIN] [1/27/2017 23:12] [PENJUALAN] CASHIER FORM : UNREGISTER HOTKEY
[ADMIN] [1/27/2017 23:12] [PENJUALAN] CASHIER FORM : printDocument1_PrintPage, print POS size receipt
[ADMIN] [1/27/2017 23:12] [PENJUALAN] CASHIER FORM : loadNamaUser
[ADMIN] [1/27/2017 23:12] [PENJUALAN] CASHIER FORM : printDocument1_PrintPage, print POS size receipt
[ADMIN] [1/27/2017 23:12] [PENJUALAN] CASHIER FORM : loadNamaUser
[ADMIN] [1/27/2017 23:12] [PENJUALAN] CASHIER FORM : REGISTER HOTKEY
[ADMIN] [1/27/2017 23:12] [PENJUALAN] CASHIER FORM : UNREGISTER HOTKEY
[ADMIN] [1/27/2017 23:12] [PENJUALAN] CASHIER FORM : REGISTER HOTKEY
[ADMIN] [1/27/2017 23:12] [PENJUALAN] CASHIER FORM : UPDATE ROW NUMBER, TOTAL ROW [1]
[ADMIN] [1/27/2017 23:12] [PENJUALAN] CASHIER FORM : cashierDataGridView_CellValueChanged [F8]
[ADMIN] [1/27/2017 23:12] [PENJUALAN] CASHIER FORM : ChangePrinterButton_Click, DISPLAY PRINTER SELECTION FORM
[ADMIN] [1/27/2017 23:12] [PENJUALAN] CASHIER FORM : UNREGISTER HOTKEY
[ADMIN] [1/27/2017 23:12] [PENGATURAN PRINTER] PAPER SIZE CHANGED [0]
[ADMIN] [1/27/2017 23:12] [PENGATURAN PRINTER] DEFAULT PRINTER CHANGED [EPSON TM-T82 ReceiptSA4]
[ADMIN] [1/27/2017 23:12] [PENJUALAN] CASHIER FORM : REGISTER HOTKEY
[ADMIN] [1/27/2017 23:12] [PENJUALAN] CASHIER FORM : UNREGISTER HOTKEY
[ADMIN] [1/27/2017 23:12] [PENJUALAN] CASHIER FORM : UNREGISTER HOTKEY
[ADMIN] [1/27/2017 23:13] [PENJUALAN] CASHIER FORM : REGISTER HOTKEY
[ADMIN] [1/27/2017 23:13] [PENJUALAN] CASHIER FORM : cashierForm_Load, ATTEMPT TO LOAD NO FAKTUR
[ADMIN] [1/27/2017 23:13] [PENJUALAN] CASHIER FORM : loadNoFaktur, noFakturValue [SLO001]
[ADMIN] [1/27/2017 23:13] [PENJUALAN] CASHIER FORM : cashierForm_Load, ATTEMPT TO addColumnToDataGrid
[ADMIN] [1/27/2017 23:13] [PENJUALAN] CASHIER FORM : UPDATE ROW NUMBER, TOTAL ROW [1]
[ADMIN] [1/27/2017 23:13] [PENJUALAN] CASHIER FORM : cashierDataGridView_CellValueChanged [F8]
[ADMIN] [1/27/2017 23:13] [PENJUALAN] CASHIER FORM : calculateChangeValue, bayarTextBox.Text [0]
[ADMIN] [1/27/2017 23:13] [PENJUALAN] CASHIER FORM : calculateChangeValue, sisaBayar [0]
[ADMIN] [1/27/2017 23:13] [PENJUALAN] CASHIER FORM : REGISTER HOTKEY
[ADMIN] [1/27/2017 23:13] [PENJUALAN] CASHIER FORM : UNREGISTER HOTKEY
[ADMIN] [1/27/2017 23:13] [PENJUALAN] CASHIER FORM : UNREGISTER HOTKEY
[ADMIN] [1/27/2017 23:13] [PENJUALAN] CASHIER FORM : REGISTER HOTKEY
[ADMIN] [1/27/2017 23:13] [PENJUALAN] CASHIER FORM : cashierForm_Load, ATTEMPT TO LOAD NO FAKTUR
[ADMIN] [1/27/2017 23:13] [PENJUALAN] CASHIER FORM : loadNoFaktur, noFakturValue [SLO001]
[ADMIN] [1/27/2017 23:13] [PENJUALAN] CASHIER FORM : cashierForm_Load, ATTEMPT TO addColumnToDataGrid
[ADMIN] [1/27/2017 23:13] [PENJUALAN] CASHIER FORM : UPDATE ROW NUMBER, TOTAL ROW [1]
[ADMIN] [1/27/2017 23:13] [PENJUALAN] CASHIER FORM : cashierDataGridView_CellValueChanged [F8]
[ADMIN] [1/27/2017 23:13] [PENJUALAN] CASHIER FORM : calculateChangeValue, bayarTextBox.Text [0]
[ADMIN] [1/27/2017 23:13] [PENJUALAN] CASHIER FORM : calculateChangeValue, sisaBayar [0]
[ADMIN] [1/27/2017 23:13] [PENJUALAN] CASHIER FORM : REGISTER HOTKEY
[ADMIN] [1/27/2017 23:13] [PENJUALAN] CASHIER FORM : UNREGISTER HOTKEY
[ADMIN] [1/27/2017 23:13] [PENJUALAN] CASHIER FORM : UNREGISTER HOTKEY
[ADMIN] [1/27/2017 23:13] [PENJUALAN] CASHIER FORM : MULTIPLE CASHIER INSTANCE [1]
[ADMIN] [1/27/2017 23:13] [PENJUALAN] CASHIER FORM : REGISTER HOTKEY
[ADMIN] [1/27/2017 23:13] [PENJUALAN] CASHIER FORM : cashierForm_Load, ATTEMPT TO LOAD NO FAKTUR
[ADMIN] [1/27/2017 23:13] [PENJUALAN] CASHIER FORM : loadNoFaktur, noFakturValue [SLO001]
[ADMIN] [1/27/2017 23:13] [PENJUALAN] CASHIER FORM : cashierForm_Load, ATTEMPT TO addColumnToDataGrid
[ADMIN] [1/27/2017 23:13] [PENJUALAN] CASHIER FORM : UPDATE ROW NUMBER, TOTAL ROW [1]
[ADMIN] [1/27/2017 23:13] [PENJUALAN] CASHIER FORM : cashierDataGridView_CellValueChanged [F8]
[ADMIN] [1/27/2017 23:13] [PENJUALAN] CASHIER FORM : REGISTER HOTKEY
[ADMIN] [1/27/2017 23:13] [PENJUALAN] CASHIER FORM : Combobox_previewKeyDown, cashierDataGridView.CurrentCell.OwningColumn.Name  [productID]
[ADMIN] [1/27/2017 23:13] [PENJUALAN] CASHIER FORM : UPDATE ROW NUMBER, TOTAL ROW [2]
[ADMIN] [1/27/2017 23:13] [PENJUALAN] CASHIER FORM : cashierDataGridView_CellValueChanged [F8]
[ADMIN] [1/27/2017 23:13] [PENJUALAN] CASHIER FORM : cashierDataGridView_CellValueChanged [productID]
[ADMIN] [1/27/2017 23:13] [PENJUALAN] CASHIER FORM : Combobox_KeyUp, cashierDataGridView.CurrentCell.OwningColumn.Name  [productID]
[ADMIN] [1/27/2017 23:13] [PENJUALAN] CASHIER FORM : Combobox_previewKeyDown, cashierDataGridView.CurrentCell.OwningColumn.Name  [productID]
[ADMIN] [1/27/2017 23:13] [PENJUALAN] CASHIER FORM : cashierDataGridView_CellValueChanged [productID]
[ADMIN] [1/27/2017 23:13] [PENJUALAN] CASHIER FORM : Combobox_KeyUp, cashierDataGridView.CurrentCell.OwningColumn.Name  [productID]
[ADMIN] [1/27/2017 23:13] [PENJUALAN] CASHIER FORM : Combobox_previewKeyDown, cashierDataGridView.CurrentCell.OwningColumn.Name  [productID]
[ADMIN] [1/27/2017 23:13] [PENJUALAN] CASHIER FORM : cashierDataGridView_CellValueChanged [productID]
[ADMIN] [1/27/2017 23:13] [PENJUALAN] CASHIER FORM : Combobox_KeyUp, cashierDataGridView.CurrentCell.OwningColumn.Name  [productID]
[ADMIN] [1/27/2017 23:13] [PENJUALAN] CASHIER FORM : Combobox_previewKeyDown, cashierDataGridView.CurrentCell.OwningColumn.Name  [productID]
[ADMIN] [1/27/2017 23:13] [PENJUALAN] CASHIER FORM : cashierDataGridView_CellValueChanged [productID]
[ADMIN] [1/27/2017 23:13] [PENJUALAN] CASHIER FORM : Combobox_KeyUp, cashierDataGridView.CurrentCell.OwningColumn.Name  [productID]
[ADMIN] [1/27/2017 23:13] [PENJUALAN] CASHIER FORM : Combobox_previewKeyDown, cashierDataGridView.CurrentCell.OwningColumn.Name  [productID]
[ADMIN] [1/27/2017 23:13] [PENJUALAN] CASHIER FORM : cashierDataGridView_CellValueChanged [productID]
[ADMIN] [1/27/2017 23:13] [PENJUALAN] CASHIER FORM : Combobox_KeyUp, cashierDataGridView.CurrentCell.OwningColumn.Name  [productID]
[ADMIN] [1/27/2017 23:13] [PENJUALAN] CASHIER FORM : Combobox_previewKeyDown, cashierDataGridView.CurrentCell.OwningColumn.Name  [productID]
[ADMIN] [1/27/2017 23:13] [PENJUALAN] CASHIER FORM : updateSomeRowContents
[ADMIN] [1/27/2017 23:13] [PENJUALAN] CASHIER FORM : cashierDataGridView_CellValueChanged [productName]
[ADMIN] [1/27/2017 23:13] [PENJUALAN] CASHIER FORM : updateSomeRowContents
[ADMIN] [1/27/2017 23:13] [PENJUALAN] CASHIER FORM : PRODUCT PRICE TYPE [PRODUCT_BASE_PRICE]
[ADMIN] [1/27/2017 23:13] [PENJUALAN] CASHIER FORM : PRODUCT PRICE [2]
[ADMIN] [1/27/2017 23:13] [PENJUALAN] CASHIER FORM : ComboBox_SelectedIndexChanged, PRODUCT_BASE_PRICE [2]
[ADMIN] [1/27/2017 23:13] [PENJUALAN] CASHIER FORM : cashierDataGridView_CellValueChanged [hpp]
[ADMIN] [1/27/2017 23:13] [PENJUALAN] CASHIER FORM : PRODUCT PRICE TYPE [PRODUCT_RETAIL_PRICE]
[ADMIN] [1/27/2017 23:13] [PENJUALAN] CASHIER FORM : PRODUCT PRICE [1000]
[ADMIN] [1/27/2017 23:13] [PENJUALAN] CASHIER FORM : ComboBox_SelectedIndexChanged, PRODUCT_SALES_PRICE [1000]
[ADMIN] [1/27/2017 23:13] [PENJUALAN] CASHIER FORM : cashierDataGridView_CellValueChanged [productPrice]
[ADMIN] [1/27/2017 23:13] [PENJUALAN] CASHIER FORM : cashierDataGridView_CellValueChanged, previousInput [0]
[ADMIN] [1/27/2017 23:13] [PENJUALAN] CASHIER FORM : cashierDataGridView_CellValueChanged, cellValue [1000]
[ADMIN] [1/27/2017 23:13] [PENJUALAN] CASHIER FORM : cashierDataGridView_CellValueChanged, dataGridViewTextBoxEditingControl.Text pass REGEX Checking
[ADMIN] [1/27/2017 23:13] [PENJUALAN] CASHIER FORM : CALCULATE SUBTOTAL
[ADMIN] [1/27/2017 23:13] [PENJUALAN] CASHIER FORM : SUBTOTAL [0]
[ADMIN] [1/27/2017 23:13] [PENJUALAN] CASHIER FORM : cashierDataGridView_CellValueChanged, subtotal value [0]
[ADMIN] [1/27/2017 23:13] [PENJUALAN] CASHIER FORM : cashierDataGridView_CellValueChanged, attempt to calculate total value
[ADMIN] [1/27/2017 23:13] [PENJUALAN] CASHIER FORM : calculateTotal
[ADMIN] [1/27/2017 23:13] [PENJUALAN] CASHIER FORM : calculateTotal [0]
[ADMIN] [1/27/2017 23:13] [PENJUALAN] CASHIER FORM : calculateTotal, totalAfterDisc [0]
[ADMIN] [1/27/2017 23:13] [PENJUALAN] CASHIER FORM : calculateChangeValue, bayarTextBox.Text [0]
[ADMIN] [1/27/2017 23:13] [PENJUALAN] CASHIER FORM : calculateChangeValue, sisaBayar [0]
[ADMIN] [1/27/2017 23:13] [PENJUALAN] CASHIER FORM : cashierDataGridView_CellValueChanged [qty]
[ADMIN] [1/27/2017 23:13] [PENJUALAN] CASHIER FORM : cashierDataGridView_CellValueChanged, previousInput [0]
[ADMIN] [1/27/2017 23:13] [PENJUALAN] CASHIER FORM : cashierDataGridView_CellValueChanged [jumlah]
[ADMIN] [1/27/2017 23:13] [PENJUALAN] CASHIER FORM : calculateTotal
[ADMIN] [1/27/2017 23:13] [PENJUALAN] CASHIER FORM : calculateTotal [0]
[ADMIN] [1/27/2017 23:13] [PENJUALAN] CASHIER FORM : calculateTotal, totalAfterDisc [0]
[ADMIN] [1/27/2017 23:13] [PENJUALAN] CASHIER FORM : calculateChangeValue, bayarTextBox.Text [0]
[ADMIN] [1/27/2017 23:13] [PENJUALAN] CASHIER FORM : calculateChangeValue, sisaBayar [0]
[ADMIN] [1/27/2017 23:13] [PENJUALAN] CASHIER FORM : Combobox_KeyUp, cashierDataGridView.CurrentCell.OwningColumn.Name  [qty]
[ADMIN] [1/27/2017 23:13] [PENJUALAN] CASHIER FORM : cashierDataGridView_CellValueChanged [qty]
[ADMIN] [1/27/2017 23:13] [PENJUALAN] CASHIER FORM : cashierDataGridView_CellValueChanged, previousInput [0]
[ADMIN] [1/27/2017 23:13] [PENJUALAN] CASHIER FORM : cashierDataGridView_CellValueChanged, cellValue [2]
[ADMIN] [1/27/2017 23:13] [PENJUALAN] CASHIER FORM : cashierDataGridView_CellValueChanged, dataGridViewTextBoxEditingControl.Text pass REGEX Checking
[ADMIN] [1/27/2017 23:13] [PENJUALAN] CASHIER FORM : CHECK STOCK QTY IS ENOUGH [RT001]
[ADMIN] [1/27/2017 23:13] [PENJUALAN] CASHIER FORM : CHECK STOCK QTY IS ENOUGH [62, 2]
[ADMIN] [1/27/2017 23:13] [PENJUALAN] CASHIER FORM : CALCULATE SUBTOTAL
[ADMIN] [1/27/2017 23:13] [PENJUALAN] CASHIER FORM : SUBTOTAL [2000]
[ADMIN] [1/27/2017 23:13] [PENJUALAN] CASHIER FORM : cashierDataGridView_CellValueChanged, subtotal value [2000]
[ADMIN] [1/27/2017 23:13] [PENJUALAN] CASHIER FORM : cashierDataGridView_CellValueChanged, attempt to calculate total value
[ADMIN] [1/27/2017 23:13] [PENJUALAN] CASHIER FORM : calculateTotal
[ADMIN] [1/27/2017 23:13] [PENJUALAN] CASHIER FORM : calculateTotal [2000]
[ADMIN] [1/27/2017 23:13] [PENJUALAN] CASHIER FORM : calculateTotal, totalAfterDisc [2000]
[ADMIN] [1/27/2017 23:13] [PENJUALAN] CASHIER FORM : calculateChangeValue, bayarTextBox.Text [0]
[ADMIN] [1/27/2017 23:13] [PENJUALAN] CASHIER FORM : calculateChangeValue, sisaBayar [0]
[ADMIN] [1/27/2017 23:13] [PENJUALAN] CASHIER FORM : Combobox_KeyUp, cashierDataGridView.CurrentCell.OwningColumn.Name  [qty]
[ADMIN] [1/27/2017 23:13] [PENJUALAN] CASHIER FORM : calculateChangeValue, bayarTextBox.Text [2]
[ADMIN] [1/27/2017 23:13] [PENJUALAN] CASHIER FORM : calculateChangeValue, sisaBayar [0]
[ADMIN] [1/27/2017 23:13] [PENJUALAN] CASHIER FORM : calculateChangeValue, bayarTextBox.Text [20]
[ADMIN] [1/27/2017 23:13] [PENJUALAN] CASHIER FORM : calculateChangeValue, sisaBayar [0]
[ADMIN] [1/27/2017 23:13] [PENJUALAN] CASHIER FORM : calculateChangeValue, bayarTextBox.Text [200]
[ADMIN] [1/27/2017 23:13] [PENJUALAN] CASHIER FORM : calculateChangeValue, sisaBayar [0]
[ADMIN] [1/27/2017 23:13] [PENJUALAN] CASHIER FORM : calculateChangeValue, bayarTextBox.Text [2000]
[ADMIN] [1/27/2017 23:13] [PENJUALAN] CASHIER FORM : calculateChangeValue, sisaBayar [0]
[ADMIN] [1/27/2017 23:13] [PENJUALAN] CASHIER FORM : HOTKEY TO SAVE AND PRINT OUT INVOICE PRESSED
[ADMIN] [1/27/2017 23:13] [PENJUALAN] CASHIER FORM : UNREGISTER HOTKEY
[ADMIN] [1/27/2017 23:13] [PENJUALAN] CASHIER FORM : REGISTER HOTKEY
[ADMIN] [1/27/2017 23:13] [PENJUALAN] ATTEMPT TO SAVE AND PRINT OUT INVOICE
[ADMIN] [1/27/2017 23:13] [PENJUALAN] CASHIER FORM : UNREGISTER HOTKEY
[ADMIN] [1/27/2017 23:13] [PENJUALAN] CASHIER FORM : REGISTER HOTKEY
[ADMIN] [1/27/2017 23:13] [PENJUALAN] CASHIER FORM : UNREGISTER HOTKEY
[ADMIN] [1/27/2017 23:13] [PENJUALAN] CASHIER FORM : ATTEMPT TO SAVE SALES DATA [27-01-2017 23:13]
[ADMIN] [1/27/2017 23:13] [PENJUALAN] CASHIER FORM : SALES DISC FINAL [Rp0]
[ADMIN] [1/27/2017 23:13] [PENJUALAN] CASHIER FORM : CASH SALES
[ADMIN] [1/27/2017 23:13] [PENJUALAN] CHECK IF TAX LIMIT SET FOR PERCENTAGE PURCHASE [0]
[ADMIN] [1/27/2017 23:13] [PENJUALAN] CHECK IF TAX LIMIT SET FOR AVERAGE DAILY PURCHASE [0]
[ADMIN] [1/27/2017 23:13] [PENJUALAN] CASHIER FORM : NO FAKTUR [SLO001]
[ADMIN] [1/27/2017 23:13] [PENJUALAN] CASHIER FORM : MAX SALES INVOICE [30]
[ADMIN] [1/27/2017 23:13] [PENJUALAN] CASHIER FORM : SALES INVOICE [SLO001-31]
[ADMIN] [1/27/2017 23:13] [PENJUALAN] INSERT INTO SALES HEADER [SLO001-31]
[ADMIN] [1/27/2017 23:13] [PENJUALAN] INSERT INTO SALES DETAIL[RT001, 1000, 2]
[ADMIN] [1/27/2017 23:13] [PENJUALAN] REDUCE STOCK AT MASTER PRODUCT [RT001]
[ADMIN] [1/27/2017 23:13] [PENJUALAN] INSERT TO CREDIT TABLE [SLO001-31]
[ADMIN] [1/27/2017 23:13] [PENJUALAN] INSERT TO DAILY JOURNAL TABLE [2000]
[ADMIN] [1/27/2017 23:13] [PENJUALAN] CASHIER FORM : REGISTER HOTKEY
[ADMIN] [1/27/2017 23:13] [PENJUALAN] TRANSACTION SAVED
[ADMIN] [1/27/2017 23:13] [PENJUALAN] PRINT OUT INVOICE
[ADMIN] [1/27/2017 23:13] [PENJUALAN] CASHIER FORM : PrintReceipt
[ADMIN] [1/27/2017 23:13] [PENJUALAN] CASHIER FORM : PrintReceipt, POS size Paper
[ADMIN] [1/27/2017 23:13] [PENJUALAN] CASHIER FORM : printDocument1_PrintPage, print POS size receipt
[ADMIN] [1/27/2017 23:13] [PENJUALAN] CASHIER FORM : calculatePageLength, totalLengthPage [355]
[ADMIN] [1/27/2017 23:13] [PENJUALAN] CASHIER FORM : UNREGISTER HOTKEY
[ADMIN] [1/27/2017 23:13] [PENJUALAN] CASHIER FORM : printDocument1_PrintPage, print POS size receipt
[ADMIN] [1/27/2017 23:13] [PENJUALAN] CASHIER FORM : loadNamaUser
[ADMIN] [1/27/2017 23:13] [PENJUALAN] CASHIER FORM : printDocument1_PrintPage, print POS size receipt
[ADMIN] [1/27/2017 23:13] [PENJUALAN] CASHIER FORM : loadNamaUser
[ADMIN] [1/27/2017 23:14] [PENJUALAN] CASHIER FORM : REGISTER HOTKEY
[ADMIN] [1/27/2017 23:14] [PENJUALAN] CASHIER FORM : UNREGISTER HOTKEY
[ADMIN] [1/27/2017 23:14] [PENJUALAN] CASHIER FORM : REGISTER HOTKEY
[ADMIN] [1/27/2017 23:14] [PENJUALAN] CASHIER FORM : UPDATE ROW NUMBER, TOTAL ROW [1]
[ADMIN] [1/27/2017 23:14] [PENJUALAN] CASHIER FORM : cashierDataGridView_CellValueChanged [F8]
[ADMIN] [1/27/2017 23:14] [PENJUALAN] CASHIER FORM : UNREGISTER HOTKEY
[ADMIN] [1/27/2017 23:14] [PENJUALAN] CASHIER FORM : UNREGISTER HOTKEY
[ADMIN] [1/27/2017 23:14] [] USER ID = 1LOGOUT
