[] [11/28/2016 15:27] [] USER = ADMIN IS ACTIVE
[ADMIN] [11/28/2016 15:27] [] USER ID = 1 LOGIN SUCCESSFULLY
[ADMIN] [11/28/2016 15:27] [] ACTIVATE USER ACCESS RIGHT
[ADMIN] [11/28/2016 15:28] [] DISPLAY ADMIN FORM
[ADMIN] [11/28/2016 15:28] [] adminForm Load
[ADMIN] [11/28/2016 15:28] [] ACTIVATE USER ACCESS RIGHT
[] [11/28/2016 15:28] [] USER = ADMIN IS ACTIVE
[ADMIN] [11/28/2016 15:28] [] USER ID = 1 LOGIN SUCCESSFULLY
[ADMIN] [11/28/2016 15:29] [] ACTIVATE USER ACCESS RIGHT
[ADMIN] [11/28/2016 15:29] [] DISPLAY ADMIN FORM
[ADMIN] [11/28/2016 15:29] [] adminForm Load
[ADMIN] [11/28/2016 15:29] [] ACTIVATE USER ACCESS RIGHT
[] [11/28/2016 15:31] [] USER = ADMIN IS ACTIVE
[ADMIN] [11/28/2016 15:31] [] USER ID = 1 LOGIN SUCCESSFULLY
[ADMIN] [11/28/2016 15:31] [] ACTIVATE USER ACCESS RIGHT
[ADMIN] [11/28/2016 15:31] [] DISPLAY ADMIN FORM
[ADMIN] [11/28/2016 15:31] [] adminForm Load
[ADMIN] [11/28/2016 15:31] [] ACTIVATE USER ACCESS RIGHT
[ADMIN] [11/28/2016 15:32] [PENJUALAN] CASHIER FORM : REGISTER HOTKEY
[ADMIN] [11/28/2016 15:32] [PENJUALAN] CASHIER FORM : cashierForm_Load, ATTEMPT TO LOAD NO FAKTUR
[ADMIN] [11/28/2016 15:32] [PENJUALAN] CASHIER FORM : loadNoFaktur, noFakturValue [SLO001]
[ADMIN] [11/28/2016 15:32] [PENJUALAN] CASHIER FORM : cashierForm_Load, ATTEMPT TO addColumnToDataGrid
[ADMIN] [11/28/2016 15:32] [PENJUALAN] CASHIER FORM : UPDATE ROW NUMBER, TOTAL ROW [1]
[ADMIN] [11/28/2016 15:32] [PENJUALAN] CASHIER FORM : cashierDataGridView_CellValueChanged [F8]
[ADMIN] [11/28/2016 15:32] [PENJUALAN] CASHIER FORM : ADD NEW ROW,  isActive [True]
[ADMIN] [11/28/2016 15:32] [PENJUALAN] CASHIER FORM : ADD NEW ROW,  ROW COUNT [0]
[ADMIN] [11/28/2016 15:32] [PENJUALAN] CASHIER FORM : ADD NEW ROW,  ALLOW TO ADD [True]
[ADMIN] [11/28/2016 15:32] [PENJUALAN] CASHIER FORM : UPDATE ROW NUMBER, TOTAL ROW [1]
[ADMIN] [11/28/2016 15:32] [PENJUALAN] CASHIER FORM : REGISTER HOTKEY
[ADMIN] [11/28/2016 15:32] [PENJUALAN] CASHIER FORM : UNREGISTER HOTKEY
[ADMIN] [11/28/2016 15:32] [PENJUALAN] CASHIER FORM : UNREGISTER HOTKEY
[ADMIN] [11/28/2016 15:32] [] USER ID = 1LOGOUT
