[] [11/7/2016 15:09] [] USER = ADMIN IS ACTIVE
[ADMIN] [11/7/2016 15:09] [] USER ID = 1 LOGIN SUCCESSFULLY
[ADMIN] [11/7/2016 15:09] [] ACTIVATE USER ACCESS RIGHT
[ADMIN] [11/7/2016 15:09] [] DISPLAY ADMIN FORM
[ADMIN] [11/7/2016 15:09] [] adminForm Load
[ADMIN] [11/7/2016 15:09] [] ACTIVATE USER ACCESS RIGHT
[ADMIN] [11/7/2016 15:09] [] DAILY STOCK TAKE : detailDataGrid_CellValueChanged [BS]
[ADMIN] [11/7/2016 15:09] [PENJUALAN] DAILY STOCK TAKE : detailDataGrid_CellValueChanged, previousInput [0]
[ADMIN] [11/7/2016 15:09] [PENJUALAN] DAILY STOCK TAKE : detailDataGrid_CellValueChanged, cellValue [2]
[ADMIN] [11/7/2016 15:09] [PENJUALAN] DAILY STOCK TAKE : detailDataGrid_CellValueChanged, dataGridViewTextBoxEditingControl.Text pass REGEX Checking
[] [11/7/2016 15:11] [] USER = ADMIN IS ACTIVE
[ADMIN] [11/7/2016 15:11] [] USER ID = 1 LOGIN SUCCESSFULLY
[ADMIN] [11/7/2016 15:11] [] ACTIVATE USER ACCESS RIGHT
[ADMIN] [11/7/2016 15:11] [] DISPLAY ADMIN FORM
[ADMIN] [11/7/2016 15:11] [] adminForm Load
[ADMIN] [11/7/2016 15:11] [] ACTIVATE USER ACCESS RIGHT
[ADMIN] [11/7/2016 15:12] [] DAILY STOCK TAKE : detailDataGrid_CellValueChanged [BS]
[ADMIN] [11/7/2016 15:12] [PENJUALAN] DAILY STOCK TAKE : detailDataGrid_CellValueChanged, previousInput [0]
[ADMIN] [11/7/2016 15:12] [PENJUALAN] DAILY STOCK TAKE : detailDataGrid_CellValueChanged, cellValue [2]
[ADMIN] [11/7/2016 15:12] [PENJUALAN] DAILY STOCK TAKE : detailDataGrid_CellValueChanged, dataGridViewTextBoxEditingControl.Text pass REGEX Checking
[ADMIN] [11/7/2016 15:12] [] DAILY STOCK TAKE : detailDataGrid_CellValueChanged [BS]
[ADMIN] [11/7/2016 15:12] [PENJUALAN] DAILY STOCK TAKE : detailDataGrid_CellValueChanged, previousInput [2]
[ADMIN] [11/7/2016 15:12] [PENJUALAN] DAILY STOCK TAKE : detailDataGrid_CellValueChanged, dataGridViewTextBoxEditingControl.Text pass REGEX Checking
[ADMIN] [11/7/2016 15:12] [] DAILY STOCK TAKE : detailDataGrid_CellValueChanged [BS]
[ADMIN] [11/7/2016 15:12] [PENJUALAN] DAILY STOCK TAKE : detailDataGrid_CellValueChanged, previousInput [21]
[ADMIN] [11/7/2016 15:12] [PENJUALAN] DAILY STOCK TAKE : detailDataGrid_CellValueChanged, dataGridViewTextBoxEditingControl.Text pass REGEX Checking
[ADMIN] [11/7/2016 15:12] [] DAILY STOCK TAKE : detailDataGrid_CellValueChanged [BS]
[ADMIN] [11/7/2016 15:12] [PENJUALAN] DAILY STOCK TAKE : detailDataGrid_CellValueChanged, empty texbox, reset [BS] value to 0
[ADMIN] [11/7/2016 15:12] [] DAILY STOCK TAKE : detailDataGrid_CellValueChanged [BS]
[ADMIN] [11/7/2016 15:12] [PENJUALAN] DAILY STOCK TAKE : detailDataGrid_CellValueChanged, previousInput [2]
[ADMIN] [11/7/2016 15:12] [PENJUALAN] DAILY STOCK TAKE : detailDataGrid_CellValueChanged, dataGridViewTextBoxEditingControl.Text pass REGEX Checking
[ADMIN] [11/7/2016 15:12] [] DAILY STOCK TAKE : detailDataGrid_CellValueChanged [BS]
[ADMIN] [11/7/2016 15:12] [PENJUALAN] DAILY STOCK TAKE : detailDataGrid_CellValueChanged, previousInput [1]
[ADMIN] [11/7/2016 15:12] [PENJUALAN] DAILY STOCK TAKE : detailDataGrid_CellValueChanged, dataGridViewTextBoxEditingControl.Text pass REGEX Checking
[ADMIN] [11/7/2016 15:12] [] DAILY STOCK TAKE : detailDataGrid_CellValueChanged [BS]
[ADMIN] [11/7/2016 15:12] [PENJUALAN] DAILY STOCK TAKE : detailDataGrid_CellValueChanged, previousInput [12]
[ADMIN] [11/7/2016 15:12] [PENJUALAN] DAILY STOCK TAKE : detailDataGrid_CellValueChanged, dataGridViewTextBoxEditingControl.Text pass REGEX Checking
[ADMIN] [11/7/2016 15:12] [] DAILY STOCK TAKE : detailDataGrid_CellValueChanged [BS]
[ADMIN] [11/7/2016 15:12] [PENJUALAN] DAILY STOCK TAKE : detailDataGrid_CellValueChanged, empty texbox, reset [BS] value to 0
[ADMIN] [11/7/2016 15:12] [] DAILY STOCK TAKE : detailDataGrid_CellValueChanged [BS]
[ADMIN] [11/7/2016 15:12] [PENJUALAN] DAILY STOCK TAKE : detailDataGrid_CellValueChanged, previousInput [0]
[ADMIN] [11/7/2016 15:12] [PENJUALAN] DAILY STOCK TAKE : detailDataGrid_CellValueChanged, cellValue [2]
[ADMIN] [11/7/2016 15:12] [PENJUALAN] DAILY STOCK TAKE : detailDataGrid_CellValueChanged, dataGridViewTextBoxEditingControl.Text pass REGEX Checking
[ADMIN] [11/7/2016 15:12] [] DAILY STOCK TAKE : detailDataGrid_CellValueChanged [BS]
[ADMIN] [11/7/2016 15:12] [PENJUALAN] DAILY STOCK TAKE : detailDataGrid_CellValueChanged, previousInput [2]
[ADMIN] [11/7/2016 15:12] [PENJUALAN] DAILY STOCK TAKE : detailDataGrid_CellValueChanged, dataGridViewTextBoxEditingControl.Text did not pass REGEX Checking
[ADMIN] [11/7/2016 15:12] [] DAILY STOCK TAKE : detailDataGrid_CellValueChanged [BS]
[ADMIN] [11/7/2016 15:12] [PENJUALAN] DAILY STOCK TAKE : detailDataGrid_CellValueChanged, previousInput [2]
[ADMIN] [11/7/2016 15:12] [PENJUALAN] DAILY STOCK TAKE : detailDataGrid_CellValueChanged, dataGridViewTextBoxEditingControl.Text did not pass REGEX Checking
[ADMIN] [11/7/2016 15:12] [] DAILY STOCK TAKE : detailDataGrid_CellValueChanged [BS]
[ADMIN] [11/7/2016 15:12] [PENJUALAN] DAILY STOCK TAKE : detailDataGrid_CellValueChanged, previousInput [2]
[ADMIN] [11/7/2016 15:12] [PENJUALAN] DAILY STOCK TAKE : detailDataGrid_CellValueChanged, dataGridViewTextBoxEditingControl.Text did not pass REGEX Checking
[ADMIN] [11/7/2016 15:12] [] DAILY STOCK TAKE : detailDataGrid_CellValueChanged [BS]
[ADMIN] [11/7/2016 15:12] [PENJUALAN] DAILY STOCK TAKE : detailDataGrid_CellValueChanged, previousInput [2]
[ADMIN] [11/7/2016 15:12] [PENJUALAN] DAILY STOCK TAKE : detailDataGrid_CellValueChanged, dataGridViewTextBoxEditingControl.Text did not pass REGEX Checking
[ADMIN] [11/7/2016 15:12] [] DAILY STOCK TAKE : detailDataGrid_CellValueChanged [BS]
[ADMIN] [11/7/2016 15:12] [PENJUALAN] DAILY STOCK TAKE : detailDataGrid_CellValueChanged, previousInput [2]
[ADMIN] [11/7/2016 15:12] [PENJUALAN] DAILY STOCK TAKE : detailDataGrid_CellValueChanged, dataGridViewTextBoxEditingControl.Text did not pass REGEX Checking
[ADMIN] [11/7/2016 15:12] [] DAILY STOCK TAKE : detailDataGrid_CellValueChanged [BS]
[ADMIN] [11/7/2016 15:12] [PENJUALAN] DAILY STOCK TAKE : detailDataGrid_CellValueChanged, previousInput [2]
[ADMIN] [11/7/2016 15:12] [PENJUALAN] DAILY STOCK TAKE : detailDataGrid_CellValueChanged, dataGridViewTextBoxEditingControl.Text did not pass REGEX Checking
[ADMIN] [11/7/2016 15:12] [] DAILY STOCK TAKE : detailDataGrid_CellValueChanged [BS]
[ADMIN] [11/7/2016 15:12] [PENJUALAN] DAILY STOCK TAKE : detailDataGrid_CellValueChanged, previousInput [2]
[ADMIN] [11/7/2016 15:12] [PENJUALAN] DAILY STOCK TAKE : detailDataGrid_CellValueChanged, dataGridViewTextBoxEditingControl.Text did not pass REGEX Checking
[ADMIN] [11/7/2016 15:12] [] DAILY STOCK TAKE : detailDataGrid_CellValueChanged [BS]
[ADMIN] [11/7/2016 15:12] [PENJUALAN] DAILY STOCK TAKE : detailDataGrid_CellValueChanged, previousInput [2]
[ADMIN] [11/7/2016 15:12] [PENJUALAN] DAILY STOCK TAKE : detailDataGrid_CellValueChanged, dataGridViewTextBoxEditingControl.Text did not pass REGEX Checking
[ADMIN] [11/7/2016 15:12] [] DAILY STOCK TAKE : detailDataGrid_CellValueChanged [BS]
[ADMIN] [11/7/2016 15:12] [PENJUALAN] DAILY STOCK TAKE : detailDataGrid_CellValueChanged, previousInput [2]
[ADMIN] [11/7/2016 15:12] [PENJUALAN] DAILY STOCK TAKE : detailDataGrid_CellValueChanged, dataGridViewTextBoxEditingControl.Text did not pass REGEX Checking
[ADMIN] [11/7/2016 15:12] [] DAILY STOCK TAKE : detailDataGrid_CellValueChanged [BS]
[ADMIN] [11/7/2016 15:12] [PENJUALAN] DAILY STOCK TAKE : detailDataGrid_CellValueChanged, previousInput [2]
[ADMIN] [11/7/2016 15:12] [PENJUALAN] DAILY STOCK TAKE : detailDataGrid_CellValueChanged, dataGridViewTextBoxEditingControl.Text did not pass REGEX Checking
[ADMIN] [11/7/2016 15:12] [] DAILY STOCK TAKE : detailDataGrid_CellValueChanged [BS]
[ADMIN] [11/7/2016 15:12] [PENJUALAN] DAILY STOCK TAKE : detailDataGrid_CellValueChanged, previousInput [2]
[ADMIN] [11/7/2016 15:12] [PENJUALAN] DAILY STOCK TAKE : detailDataGrid_CellValueChanged, dataGridViewTextBoxEditingControl.Text did not pass REGEX Checking
[ADMIN] [11/7/2016 15:12] [] DAILY STOCK TAKE : detailDataGrid_CellValueChanged [BS]
[ADMIN] [11/7/2016 15:12] [PENJUALAN] DAILY STOCK TAKE : detailDataGrid_CellValueChanged, previousInput [2]
[ADMIN] [11/7/2016 15:12] [PENJUALAN] DAILY STOCK TAKE : detailDataGrid_CellValueChanged, dataGridViewTextBoxEditingControl.Text pass REGEX Checking
[ADMIN] [11/7/2016 15:12] [] DAILY STOCK TAKE : detailDataGrid_CellValueChanged [BS]
[ADMIN] [11/7/2016 15:12] [PENJUALAN] DAILY STOCK TAKE : detailDataGrid_CellValueChanged, previousInput [1]
[ADMIN] [11/7/2016 15:12] [PENJUALAN] DAILY STOCK TAKE : detailDataGrid_CellValueChanged, dataGridViewTextBoxEditingControl.Text did not pass REGEX Checking
[ADMIN] [11/7/2016 15:12] [] DAILY STOCK TAKE : detailDataGrid_CellValueChanged [BS]
[ADMIN] [11/7/2016 15:12] [PENJUALAN] DAILY STOCK TAKE : detailDataGrid_CellValueChanged, previousInput [1]
[ADMIN] [11/7/2016 15:12] [PENJUALAN] DAILY STOCK TAKE : detailDataGrid_CellValueChanged, dataGridViewTextBoxEditingControl.Text did not pass REGEX Checking
[ADMIN] [11/7/2016 15:12] [] DAILY STOCK TAKE : detailDataGrid_CellValueChanged [BS]
[ADMIN] [11/7/2016 15:12] [PENJUALAN] DAILY STOCK TAKE : detailDataGrid_CellValueChanged, previousInput [1]
[ADMIN] [11/7/2016 15:12] [PENJUALAN] DAILY STOCK TAKE : detailDataGrid_CellValueChanged, dataGridViewTextBoxEditingControl.Text did not pass REGEX Checking
[ADMIN] [11/7/2016 15:12] [] DAILY STOCK TAKE : detailDataGrid_CellValueChanged [BS]
[ADMIN] [11/7/2016 15:12] [PENJUALAN] DAILY STOCK TAKE : detailDataGrid_CellValueChanged, previousInput [1]
[ADMIN] [11/7/2016 15:12] [PENJUALAN] DAILY STOCK TAKE : detailDataGrid_CellValueChanged, dataGridViewTextBoxEditingControl.Text did not pass REGEX Checking
[ADMIN] [11/7/2016 15:12] [] DAILY STOCK TAKE : detailDataGrid_CellValueChanged [BS]
[ADMIN] [11/7/2016 15:12] [PENJUALAN] DAILY STOCK TAKE : detailDataGrid_CellValueChanged, previousInput [1]
[ADMIN] [11/7/2016 15:12] [PENJUALAN] DAILY STOCK TAKE : detailDataGrid_CellValueChanged, dataGridViewTextBoxEditingControl.Text did not pass REGEX Checking
[ADMIN] [11/7/2016 15:12] [] DAILY STOCK TAKE : detailDataGrid_CellValueChanged [BS]
[ADMIN] [11/7/2016 15:12] [PENJUALAN] DAILY STOCK TAKE : detailDataGrid_CellValueChanged, previousInput [1]
[ADMIN] [11/7/2016 15:12] [PENJUALAN] DAILY STOCK TAKE : detailDataGrid_CellValueChanged, dataGridViewTextBoxEditingControl.Text did not pass REGEX Checking
[ADMIN] [11/7/2016 15:12] [] DAILY STOCK TAKE : detailDataGrid_CellValueChanged [BS]
[ADMIN] [11/7/2016 15:12] [PENJUALAN] DAILY STOCK TAKE : detailDataGrid_CellValueChanged, previousInput [1]
[ADMIN] [11/7/2016 15:12] [PENJUALAN] DAILY STOCK TAKE : detailDataGrid_CellValueChanged, dataGridViewTextBoxEditingControl.Text did not pass REGEX Checking
[ADMIN] [11/7/2016 15:12] [] DAILY STOCK TAKE : detailDataGrid_CellValueChanged [BS]
[ADMIN] [11/7/2016 15:12] [PENJUALAN] DAILY STOCK TAKE : detailDataGrid_CellValueChanged, previousInput [1]
[ADMIN] [11/7/2016 15:12] [PENJUALAN] DAILY STOCK TAKE : detailDataGrid_CellValueChanged, dataGridViewTextBoxEditingControl.Text did not pass REGEX Checking
[ADMIN] [11/7/2016 15:12] [] DAILY STOCK TAKE : detailDataGrid_CellValueChanged [remark]
[ADMIN] [11/7/2016 15:12] [] DAILY STOCK TAKE : detailDataGrid_CellValueChanged [remark]
[ADMIN] [11/7/2016 15:12] [] DAILY STOCK TAKE : detailDataGrid_CellValueChanged [remark]
[ADMIN] [11/7/2016 15:12] [] DAILY STOCK TAKE : detailDataGrid_CellValueChanged [remark]
[ADMIN] [11/7/2016 15:12] [] DAILY STOCK TAKE : detailDataGrid_CellValueChanged [remark]
[ADMIN] [11/7/2016 15:12] [] DAILY STOCK TAKE : detailDataGrid_CellValueChanged [remark]
[ADMIN] [11/7/2016 15:12] [] DAILY STOCK TAKE : detailDataGrid_CellValueChanged [remark]
[ADMIN] [11/7/2016 15:12] [] DAILY STOCK TAKE : detailDataGrid_CellValueChanged [remark]
[ADMIN] [11/7/2016 15:12] [] DAILY STOCK TAKE : detailDataGrid_CellValueChanged [remark]
[ADMIN] [11/7/2016 15:13] [] USER ID = 1LOGOUT
