[] [12/1/2016 12:53] [] USER = ADMIN IS ACTIVE
[ADMIN] [12/1/2016 12:53] [] USER ID = 1 LOGIN SUCCESSFULLY
[ADMIN] [12/1/2016 12:53] [] ACTIVATE USER ACCESS RIGHT
[ADMIN] [12/1/2016 12:53] [] DISPLAY ADMIN FORM
[ADMIN] [12/1/2016 12:53] [] adminForm Load
[ADMIN] [12/1/2016 12:53] [] ACTIVATE USER ACCESS RIGHT
[ADMIN] [12/1/2016 12:53] [PENJUALAN] CASHIER FORM : REGISTER HOTKEY
[ADMIN] [12/1/2016 12:53] [PENJUALAN] CASHIER FORM : cashierForm_Load, ATTEMPT TO LOAD NO FAKTUR
[ADMIN] [12/1/2016 12:53] [PENJUALAN] CASHIER FORM : loadNoFaktur, noFakturValue [SLO001]
[ADMIN] [12/1/2016 12:53] [PENJUALAN] CASHIER FORM : cashierForm_Load, ATTEMPT TO addColumnToDataGrid
[ADMIN] [12/1/2016 12:53] [PENJUALAN] CASHIER FORM : UPDATE ROW NUMBER, TOTAL ROW [1]
[ADMIN] [12/1/2016 12:53] [PENJUALAN] CASHIER FORM : cashierDataGridView_CellValueChanged [F8]
[ADMIN] [12/1/2016 12:53] [PENJUALAN] CASHIER FORM : ADD NEW ROW,  isActive [True]
[ADMIN] [12/1/2016 12:53] [PENJUALAN] CASHIER FORM : ADD NEW ROW,  ROW COUNT [1]
[ADMIN] [12/1/2016 12:53] [PENJUALAN] CASHIER FORM : ADD NEW ROW,  ALLOW TO ADD [True]
[ADMIN] [12/1/2016 12:53] [PENJUALAN] CASHIER FORM : UPDATE ROW NUMBER, TOTAL ROW [2]
[ADMIN] [12/1/2016 12:53] [PENJUALAN] CASHIER FORM : calculateChangeValue, bayarTextBox.Text [Rp1.000,00]
[ADMIN] [12/1/2016 12:53] [PENJUALAN] CASHIER FORM : calculateChangeValue, sisaBayar [0]
[ADMIN] [12/1/2016 12:53] [PENJUALAN] CASHIER FORM : REGISTER HOTKEY
[ADMIN] [12/1/2016 12:53] [PENJUALAN] CASHIER FORM : Combobox_previewKeyDown, cashierDataGridView.CurrentCell.OwningColumn.Name  [productID]
[ADMIN] [12/1/2016 12:54] [PENJUALAN] CASHIER FORM : UNREGISTER HOTKEY
[ADMIN] [12/1/2016 12:54] [PENJUALAN] CASHIER FORM : UNREGISTER HOTKEY
[ADMIN] [12/1/2016 12:54] [] USER ID = 1LOGOUT
