[] [11/14/2016 22:20] [] USER = ADMIN IS ACTIVE
[ADMIN] [11/14/2016 22:20] [] USER ID = 1 LOGIN SUCCESSFULLY
[ADMIN] [11/14/2016 22:20] [] ACTIVATE USER ACCESS RIGHT
[ADMIN] [11/14/2016 22:20] [] DISPLAY ADMIN FORM
[ADMIN] [11/14/2016 22:20] [] adminForm Load
[ADMIN] [11/14/2016 22:20] [] ACTIVATE USER ACCESS RIGHT
[ADMIN] [11/14/2016 22:20] [PENJUALAN] CASHIER FORM : REGISTER HOTKEY
[ADMIN] [11/14/2016 22:20] [PENJUALAN] CASHIER FORM : cashierForm_Load, ATTEMPT TO LOAD NO FAKTUR
[ADMIN] [11/14/2016 22:20] [PENJUALAN] CASHIER FORM : loadNoFaktur, noFakturValue [SLO001]
[ADMIN] [11/14/2016 22:20] [PENJUALAN] CASHIER FORM : cashierForm_Load, ATTEMPT TO addColumnToDataGrid
[ADMIN] [11/14/2016 22:20] [PENJUALAN] CASHIER FORM : UPDATE ROW NUMBER, TOTAL ROW [1]
[ADMIN] [11/14/2016 22:20] [PENJUALAN] CASHIER FORM : cashierDataGridView_CellValueChanged [F8]
[ADMIN] [11/14/2016 22:20] [PENJUALAN] CASHIER FORM : calculateTotal
[ADMIN] [11/14/2016 22:20] [PENJUALAN] CASHIER FORM : calculateTotal [0]
[ADMIN] [11/14/2016 22:20] [PENJUALAN] CASHIER FORM : calculateTotal, totalAfterDisc [0]
[ADMIN] [11/14/2016 22:20] [PENJUALAN] CASHIER FORM : calculateChangeValue, bayarTextBox.Text [0]
[ADMIN] [11/14/2016 22:20] [PENJUALAN] CASHIER FORM : calculateChangeValue, sisaBayar [0]
[ADMIN] [11/14/2016 22:20] [PENJUALAN] CASHIER FORM : REGISTER HOTKEY
[ADMIN] [11/14/2016 22:20] [PENJUALAN] CASHIER FORM : UNREGISTER HOTKEY
[ADMIN] [11/14/2016 22:20] [PENJUALAN] CASHIER FORM : UNREGISTER HOTKEY
[ADMIN] [11/14/2016 22:20] [] USER ID = 1LOGOUT
[ADMIN] [11/14/2016 22:21] [] USER = ADMIN IS ACTIVE
[ADMIN] [11/14/2016 22:21] [] USER ID = 1 LOGIN SUCCESSFULLY
[ADMIN] [11/14/2016 22:21] [] ACTIVATE USER ACCESS RIGHT
[ADMIN] [11/14/2016 22:21] [] DISPLAY ADMIN FORM
[ADMIN] [11/14/2016 22:21] [] adminForm Load
[ADMIN] [11/14/2016 22:21] [] ACTIVATE USER ACCESS RIGHT
[ADMIN] [11/14/2016 22:22] [PENJUALAN] CASHIER FORM : REGISTER HOTKEY
[ADMIN] [11/14/2016 22:22] [PENJUALAN] CASHIER FORM : cashierForm_Load, ATTEMPT TO LOAD NO FAKTUR
[ADMIN] [11/14/2016 22:22] [PENJUALAN] CASHIER FORM : loadNoFaktur, noFakturValue [SLO001]
[ADMIN] [11/14/2016 22:22] [PENJUALAN] CASHIER FORM : cashierForm_Load, ATTEMPT TO addColumnToDataGrid
[ADMIN] [11/14/2016 22:22] [PENJUALAN] CASHIER FORM : UPDATE ROW NUMBER, TOTAL ROW [1]
[ADMIN] [11/14/2016 22:22] [PENJUALAN] CASHIER FORM : cashierDataGridView_CellValueChanged [F8]
[ADMIN] [11/14/2016 22:22] [PENJUALAN] CASHIER FORM : calculateTotal
[ADMIN] [11/14/2016 22:22] [PENJUALAN] CASHIER FORM : calculateTotal [0]
[ADMIN] [11/14/2016 22:22] [PENJUALAN] CASHIER FORM : calculateTotal, totalAfterDisc [0]
[ADMIN] [11/14/2016 22:22] [PENJUALAN] CASHIER FORM : calculateChangeValue, bayarTextBox.Text [0]
[ADMIN] [11/14/2016 22:22] [PENJUALAN] CASHIER FORM : calculateChangeValue, sisaBayar [0]
[ADMIN] [11/14/2016 22:22] [PENJUALAN] CASHIER FORM : REGISTER HOTKEY
[ADMIN] [11/14/2016 22:22] [PENJUALAN] CASHIER FORM : UNREGISTER HOTKEY
[ADMIN] [11/14/2016 22:22] [PENJUALAN] CASHIER FORM : UNREGISTER HOTKEY
[ADMIN] [11/14/2016 22:22] [PENJUALAN] CASHIER FORM : REGISTER HOTKEY
[ADMIN] [11/14/2016 22:22] [PENJUALAN] CASHIER FORM : cashierForm_Load, ATTEMPT TO LOAD NO FAKTUR
[ADMIN] [11/14/2016 22:22] [PENJUALAN] CASHIER FORM : loadNoFaktur, noFakturValue [SLO001]
[ADMIN] [11/14/2016 22:22] [PENJUALAN] CASHIER FORM : cashierForm_Load, ATTEMPT TO addColumnToDataGrid
[ADMIN] [11/14/2016 22:22] [PENJUALAN] CASHIER FORM : UPDATE ROW NUMBER, TOTAL ROW [1]
[ADMIN] [11/14/2016 22:22] [PENJUALAN] CASHIER FORM : cashierDataGridView_CellValueChanged [F8]
[ADMIN] [11/14/2016 22:22] [PENJUALAN] CASHIER FORM : calculateTotal
[ADMIN] [11/14/2016 22:22] [PENJUALAN] CASHIER FORM : calculateTotal [0]
[ADMIN] [11/14/2016 22:22] [PENJUALAN] CASHIER FORM : calculateTotal, totalAfterDisc [0]
[ADMIN] [11/14/2016 22:22] [PENJUALAN] CASHIER FORM : calculateChangeValue, bayarTextBox.Text [0]
[ADMIN] [11/14/2016 22:22] [PENJUALAN] CASHIER FORM : calculateChangeValue, sisaBayar [0]
[ADMIN] [11/14/2016 22:22] [PENJUALAN] CASHIER FORM : REGISTER HOTKEY
[ADMIN] [11/14/2016 22:22] [PENJUALAN] CASHIER FORM : UNREGISTER HOTKEY
[ADMIN] [11/14/2016 22:22] [PENJUALAN] CASHIER FORM : UNREGISTER HOTKEY
[] [11/14/2016 22:23] [] USER = ADMIN IS ACTIVE
[ADMIN] [11/14/2016 22:23] [] USER ID = 1 LOGIN SUCCESSFULLY
[ADMIN] [11/14/2016 22:23] [] ACTIVATE USER ACCESS RIGHT
[ADMIN] [11/14/2016 22:23] [] DISPLAY ADMIN FORM
[ADMIN] [11/14/2016 22:23] [] adminForm Load
[ADMIN] [11/14/2016 22:23] [] ACTIVATE USER ACCESS RIGHT
[ADMIN] [11/14/2016 22:24] [PENJUALAN] CASHIER FORM : REGISTER HOTKEY
[ADMIN] [11/14/2016 22:24] [PENJUALAN] CASHIER FORM : cashierForm_Load, ATTEMPT TO LOAD NO FAKTUR
[ADMIN] [11/14/2016 22:24] [PENJUALAN] CASHIER FORM : loadNoFaktur, noFakturValue [SLO001]
[ADMIN] [11/14/2016 22:24] [PENJUALAN] CASHIER FORM : cashierForm_Load, ATTEMPT TO addColumnToDataGrid
[ADMIN] [11/14/2016 22:24] [PENJUALAN] CASHIER FORM : UPDATE ROW NUMBER, TOTAL ROW [1]
[ADMIN] [11/14/2016 22:24] [PENJUALAN] CASHIER FORM : cashierDataGridView_CellValueChanged [F8]
[ADMIN] [11/14/2016 22:24] [PENJUALAN] CASHIER FORM : calculateTotal
[ADMIN] [11/14/2016 22:24] [PENJUALAN] CASHIER FORM : calculateTotal [0]
[ADMIN] [11/14/2016 22:24] [PENJUALAN] CASHIER FORM : calculateTotal, totalAfterDisc [0]
[ADMIN] [11/14/2016 22:24] [PENJUALAN] CASHIER FORM : calculateChangeValue, bayarTextBox.Text [0]
[ADMIN] [11/14/2016 22:24] [PENJUALAN] CASHIER FORM : calculateChangeValue, sisaBayar [0]
[ADMIN] [11/14/2016 22:24] [PENJUALAN] CASHIER FORM : ADD NEW ROW,  isActive [True]
[ADMIN] [11/14/2016 22:24] [PENJUALAN] CASHIER FORM : ADD NEW ROW,  ROW COUNT [1]
[ADMIN] [11/14/2016 22:24] [PENJUALAN] CASHIER FORM : ADD NEW ROW,  ALLOW TO ADD [False]
[ADMIN] [11/14/2016 22:24] [PENJUALAN] CASHIER FORM : clearUpSomeRowContents
[ADMIN] [11/14/2016 22:24] [PENJUALAN] CASHIER FORM : calculateTotal
[ADMIN] [11/14/2016 22:24] [PENJUALAN] CASHIER FORM : calculateTotal [0]
[ADMIN] [11/14/2016 22:24] [PENJUALAN] CASHIER FORM : calculateTotal, totalAfterDisc [-100]
[ADMIN] [11/14/2016 22:24] [PENJUALAN] CASHIER FORM : calculateChangeValue, bayarTextBox.Text [0]
[ADMIN] [11/14/2016 22:24] [PENJUALAN] CASHIER FORM : calculateChangeValue, sisaBayar [100]
[ADMIN] [11/14/2016 22:24] [PENJUALAN] CASHIER FORM : REGISTER HOTKEY
[ADMIN] [11/14/2016 22:24] [PENJUALAN] CASHIER FORM : UNREGISTER HOTKEY
[ADMIN] [11/14/2016 22:24] [PENJUALAN] CASHIER FORM : REGISTER HOTKEY
[ADMIN] [11/14/2016 22:24] [PENJUALAN] CASHIER FORM : UNREGISTER HOTKEY
[ADMIN] [11/14/2016 22:24] [PENJUALAN] CASHIER FORM : UNREGISTER HOTKEY
[ADMIN] [11/14/2016 22:24] [] USER ID = 1LOGOUT
