[] [11/7/2016 21:18] [] USER = ADMIN IS ACTIVE
[ADMIN] [11/7/2016 21:18] [] USER ID = 1 LOGIN SUCCESSFULLY
[ADMIN] [11/7/2016 21:18] [] ACTIVATE USER ACCESS RIGHT
[ADMIN] [11/7/2016 21:18] [] DISPLAY ADMIN FORM
[ADMIN] [11/7/2016 21:18] [] adminForm Load
[ADMIN] [11/7/2016 21:18] [] ACTIVATE USER ACCESS RIGHT
[ADMIN] [11/7/2016 21:19] [SUPPLIER] ATTEMPT TO SAVE
[ADMIN] [11/7/2016 21:19] [SUPPLIER] INSERT NEW SUPPLIER [PABRIK]
[ADMIN] [11/7/2016 21:21] [PENERIMAAN BARANG] PENERIMAAN BARANG : detailGridView_CellValueChanged [productName]
[ADMIN] [11/7/2016 21:21] [PENERIMAAN BARANG] PENERIMAAN BARANG : detailGridView_CellValueChanged [productName]
[ADMIN] [11/7/2016 21:21] [PENERIMAAN BARANG] PENERIMAAN BARANG : detailGridView_CellValueChanged [hpp]
[ADMIN] [11/7/2016 21:21] [PENERIMAAN BARANG] PENERIMAAN BARANG : detailGridView_CellValueChanged [subtotal]
[ADMIN] [11/7/2016 21:21] [PENERIMAAN BARANG] PENERIMAAN BARANG : detailGridView_CellValueChanged [subtotal]
[ADMIN] [11/7/2016 21:21] [PENERIMAAN BARANG] PENERIMAAN BARANG : detailGridView_CellValueChanged [qtyReceived]
[ADMIN] [11/7/2016 21:21] [PENERIMAAN BARANG] PENERIMAAN BARANG : detailGridView_CellValueChanged [subtotal]
[ADMIN] [11/7/2016 21:21] [PENERIMAAN BARANG] PENERIMAAN BARANG : detailGridView_CellValueChanged [productName]
[ADMIN] [11/7/2016 21:21] [PENERIMAAN BARANG] PENERIMAAN BARANG : detailGridView_CellValueChanged [productName]
[ADMIN] [11/7/2016 21:21] [PENERIMAAN BARANG] PENERIMAAN BARANG : detailGridView_CellValueChanged [subtotal]
[ADMIN] [11/7/2016 21:21] [PENERIMAAN BARANG] PENERIMAAN BARANG : detailGridView_CellValueChanged [productName]
[ADMIN] [11/7/2016 21:21] [PENERIMAAN BARANG] PENERIMAAN BARANG : detailGridView_CellValueChanged [productID]
[ADMIN] [11/7/2016 21:21] [PENJUALAN] CASHIER FORM : ComboBox_SelectedIndexChanged, PRODUCT_BASE_PRICE [0]
[ADMIN] [11/7/2016 21:21] [PENERIMAAN BARANG] PENERIMAAN BARANG : detailGridView_CellValueChanged [hpp]
[ADMIN] [11/7/2016 21:21] [PENERIMAAN BARANG] PENERIMAAN BARANG : detailGridView_CellValueChanged [subtotal]
[ADMIN] [11/7/2016 21:21] [PENERIMAAN BARANG] PENERIMAAN BARANG : detailGridView_CellValueChanged [qtyReceived]
[ADMIN] [11/7/2016 21:21] [PENERIMAAN BARANG] PENERIMAAN BARANG : detailGridView_CellValueChanged [subtotal]
[ADMIN] [11/7/2016 21:21] [PENJUALAN] CASHIER FORM : ComboBox_SelectedIndexChanged, attempt to calculate total
[ADMIN] [11/7/2016 21:21] [PENERIMAAN BARANG] PENERIMAAN BARANG : detailGridView_CellValueChanged [hpp]
[ADMIN] [11/7/2016 21:21] [PENERIMAAN BARANG] PENERIMAAN BARANG : detailGridView_CellValueChanged [subtotal]
[ADMIN] [11/7/2016 21:21] [PENERIMAAN BARANG] PENERIMAAN BARANG : detailGridView_CellValueChanged [qtyReceived]
[ADMIN] [11/7/2016 21:21] [PENERIMAAN BARANG] PENERIMAAN BARANG : detailGridView_CellValueChanged [subtotal]
[ADMIN] [11/7/2016 21:21] [PENERIMAAN BARANG] SAVE PENERIMAAN BARANG
[ADMIN] [11/7/2016 21:21] [PENERIMAAN BARANG] DIRECT PENERIMAAN BARANG, THEREFORE CALCULATE TAX LIMIT
[ADMIN] [11/7/2016 21:21] [PENERIMAAN BARANG] CHECK IF TAX LIMIT SET FOR PERCENTAGE PURCHASE [0]
[ADMIN] [11/7/2016 21:21] [PENERIMAAN BARANG] CHECK IF TAX LIMIT SET FOR AVERAGE DAILY PURCHASE [0]
[ADMIN] [11/7/2016 21:21] [PENERIMAAN BARANG] INSERT PENERIMAAN BARANG [1]
[ADMIN] [11/7/2016 21:21] [PENERIMAAN BARANG] INSERT PO DATA BECAUSE OF DIRECT PENERIMAAN [1]
[ADMIN] [11/7/2016 21:21] [PENERIMAAN BARANG] SAVE DETAIL PENERIMAAN [RT001, 2, 2]
[ADMIN] [11/7/2016 21:21] [PENERIMAAN BARANG] UPDATE MASTER PRODUCT DATA [RT001]
[ADMIN] [11/7/2016 21:21] [PENERIMAAN BARANG] INSERT TO PURCHASE DETAIL [RT001]
[ADMIN] [11/7/2016 21:21] [PENERIMAAN BARANG] INSERT INTO DEBT [1]
[ADMIN] [11/7/2016 21:21] [PENERIMAAN BARANG] PENERIMAAN BARANG SAVED
[ADMIN] [11/7/2016 21:21] [PENJUALAN] CASHIER FORM : MULTIPLE CASHIER INSTANCE [1]
[ADMIN] [11/7/2016 21:21] [PENJUALAN] CASHIER FORM : REGISTER HOTKEY
[ADMIN] [11/7/2016 21:21] [PENJUALAN] CASHIER FORM : cashierForm_Load, ATTEMPT TO LOAD NO FAKTUR
[ADMIN] [11/7/2016 21:21] [PENJUALAN] CASHIER FORM : loadNoFaktur, noFakturValue [SLO001]
[ADMIN] [11/7/2016 21:21] [PENJUALAN] CASHIER FORM : cashierForm_Load, ATTEMPT TO addColumnToDataGrid
[ADMIN] [11/7/2016 21:21] [PENJUALAN] CASHIER FORM : UPDATE ROW NUMBER, TOTAL ROW [1]
[ADMIN] [11/7/2016 21:21] [PENJUALAN] CASHIER FORM : cashierDataGridView_CellValueChanged [F8]
[ADMIN] [11/7/2016 21:21] [PENJUALAN] CASHIER FORM : calculateTotal
[ADMIN] [11/7/2016 21:21] [PENJUALAN] CASHIER FORM : calculateTotal [0]
[ADMIN] [11/7/2016 21:21] [PENJUALAN] CASHIER FORM : calculateTotal, totalAfterDisc [0]
[ADMIN] [11/7/2016 21:21] [PENJUALAN] CASHIER FORM : calculateChangeValue, bayarTextBox.Text [0]
[ADMIN] [11/7/2016 21:21] [PENJUALAN] CASHIER FORM : calculateChangeValue, sisaBayar [0]
[ADMIN] [11/7/2016 21:21] [PENJUALAN] CASHIER FORM : REGISTER HOTKEY
[ADMIN] [11/7/2016 21:21] [PENJUALAN] CASHIER FORM : Combobox_previewKeyDown, cashierDataGridView.CurrentCell.OwningColumn.Name  [productID]
[ADMIN] [11/7/2016 21:21] [PENJUALAN] CASHIER FORM : productName_previewKeyDown, cashierDataGridView.CurrentCell.OwningColumn.Name  [productName]
[ADMIN] [11/7/2016 21:21] [PENJUALAN] CASHIER FORM : UPDATE ROW NUMBER, TOTAL ROW [2]
[ADMIN] [11/7/2016 21:21] [PENJUALAN] CASHIER FORM : cashierDataGridView_CellValueChanged [F8]
[ADMIN] [11/7/2016 21:21] [PENJUALAN] CASHIER FORM : cashierDataGridView_CellValueChanged [productName]
[ADMIN] [11/7/2016 21:21] [PENJUALAN] CASHIER FORM : updateSomeRowContents
[ADMIN] [11/7/2016 21:21] [PENJUALAN] CASHIER FORM : clearUpSomeRowContents
[ADMIN] [11/7/2016 21:21] [PENJUALAN] CASHIER FORM : cashierDataGridView_CellValueChanged [productName]
[ADMIN] [11/7/2016 21:21] [PENJUALAN] CASHIER FORM : cashierDataGridView_CellValueChanged [hpp]
[ADMIN] [11/7/2016 21:21] [PENJUALAN] CASHIER FORM : cashierDataGridView_CellValueChanged [productPrice]
[ADMIN] [11/7/2016 21:21] [PENJUALAN] CASHIER FORM : cashierDataGridView_CellValueChanged, previousInput [0]
[ADMIN] [11/7/2016 21:21] [PENJUALAN] CASHIER FORM : cashierDataGridView_CellValueChanged [qty]
[ADMIN] [11/7/2016 21:21] [PENJUALAN] CASHIER FORM : cashierDataGridView_CellValueChanged, previousInput [0]
[ADMIN] [11/7/2016 21:21] [PENJUALAN] CASHIER FORM : cashierDataGridView_CellValueChanged [disc1]
[ADMIN] [11/7/2016 21:21] [PENJUALAN] CASHIER FORM : cashierDataGridView_CellValueChanged, previousInput [0]
[ADMIN] [11/7/2016 21:21] [PENJUALAN] CASHIER FORM : cashierDataGridView_CellValueChanged [disc2]
[ADMIN] [11/7/2016 21:21] [PENJUALAN] CASHIER FORM : cashierDataGridView_CellValueChanged, previousInput [0]
[ADMIN] [11/7/2016 21:21] [PENJUALAN] CASHIER FORM : cashierDataGridView_CellValueChanged [discRP]
[ADMIN] [11/7/2016 21:21] [PENJUALAN] CASHIER FORM : cashierDataGridView_CellValueChanged, previousInput [0]
[ADMIN] [11/7/2016 21:21] [PENJUALAN] CASHIER FORM : cashierDataGridView_CellValueChanged [jumlah]
[ADMIN] [11/7/2016 21:21] [PENJUALAN] CASHIER FORM : calculateTotal
[ADMIN] [11/7/2016 21:21] [PENJUALAN] CASHIER FORM : calculateTotal [0]
[ADMIN] [11/7/2016 21:21] [PENJUALAN] CASHIER FORM : calculateTotal, totalAfterDisc [0]
[ADMIN] [11/7/2016 21:21] [PENJUALAN] CASHIER FORM : calculateChangeValue, bayarTextBox.Text [0]
[ADMIN] [11/7/2016 21:21] [PENJUALAN] CASHIER FORM : calculateChangeValue, sisaBayar [0]
[ADMIN] [11/7/2016 21:21] [PENJUALAN] CASHIER FORM : Combobox_KeyUp, cashierDataGridView.CurrentCell.OwningColumn.Name  [productName]
[ADMIN] [11/7/2016 21:21] [PENJUALAN] CASHIER FORM : Combobox_KeyUp, cashierDataGridView.CurrentCell.OwningColumn.Name  [productName]
[ADMIN] [11/7/2016 21:21] [PENJUALAN] CASHIER FORM : cashierDataGridView_CellValueChanged [productName]
[ADMIN] [11/7/2016 21:21] [PENJUALAN] CASHIER FORM : updateSomeRowContents
[ADMIN] [11/7/2016 21:21] [PENJUALAN] CASHIER FORM : clearUpSomeRowContents
[ADMIN] [11/7/2016 21:21] [PENJUALAN] CASHIER FORM : cashierDataGridView_CellValueChanged [productName]
[ADMIN] [11/7/2016 21:21] [PENJUALAN] CASHIER FORM : calculateTotal
[ADMIN] [11/7/2016 21:21] [PENJUALAN] CASHIER FORM : calculateTotal [0]
[ADMIN] [11/7/2016 21:21] [PENJUALAN] CASHIER FORM : calculateTotal, totalAfterDisc [0]
[ADMIN] [11/7/2016 21:21] [PENJUALAN] CASHIER FORM : calculateChangeValue, bayarTextBox.Text [0]
[ADMIN] [11/7/2016 21:21] [PENJUALAN] CASHIER FORM : calculateChangeValue, sisaBayar [0]
[ADMIN] [11/7/2016 21:21] [PENJUALAN] CASHIER FORM : cashierDataGridView_CellValueChanged [productName]
[ADMIN] [11/7/2016 21:21] [PENJUALAN] CASHIER FORM : updateSomeRowContents
[ADMIN] [11/7/2016 21:21] [PENJUALAN] CASHIER FORM : cashierDataGridView_CellValueChanged [productID]
[ADMIN] [11/7/2016 21:21] [PENJUALAN] CASHIER FORM : PRODUCT PRICE TYPE [PRODUCT_BASE_PRICE]
[ADMIN] [11/7/2016 21:21] [PENJUALAN] CASHIER FORM : PRODUCT PRICE [2]
[ADMIN] [11/7/2016 21:21] [PENJUALAN] CASHIER FORM : ComboBox_SelectedIndexChanged, PRODUCT_BASE_PRICE [2]
[ADMIN] [11/7/2016 21:21] [PENJUALAN] CASHIER FORM : cashierDataGridView_CellValueChanged [hpp]
[ADMIN] [11/7/2016 21:21] [PENJUALAN] CASHIER FORM : PRODUCT PRICE TYPE [PRODUCT_RETAIL_PRICE]
[ADMIN] [11/7/2016 21:21] [PENJUALAN] CASHIER FORM : PRODUCT PRICE [1000]
[ADMIN] [11/7/2016 21:21] [PENJUALAN] CASHIER FORM : ComboBox_SelectedIndexChanged, PRODUCT_SALES_PRICE [1000]
[ADMIN] [11/7/2016 21:21] [PENJUALAN] CASHIER FORM : cashierDataGridView_CellValueChanged [productPrice]
[ADMIN] [11/7/2016 21:21] [PENJUALAN] CASHIER FORM : cashierDataGridView_CellValueChanged, previousInput [0]
[ADMIN] [11/7/2016 21:21] [PENJUALAN] CASHIER FORM : cashierDataGridView_CellValueChanged, cellValue [1000]
[ADMIN] [11/7/2016 21:21] [PENJUALAN] CASHIER FORM : cashierDataGridView_CellValueChanged, dataGridViewTextBoxEditingControl.Text pass REGEX Checking
[ADMIN] [11/7/2016 21:21] [PENJUALAN] CASHIER FORM : CALCULATE SUBTOTAL
[ADMIN] [11/7/2016 21:21] [PENJUALAN] CASHIER FORM : SUBTOTAL [0]
[ADMIN] [11/7/2016 21:21] [PENJUALAN] CASHIER FORM : cashierDataGridView_CellValueChanged, subtotal value [0]
[ADMIN] [11/7/2016 21:21] [PENJUALAN] CASHIER FORM : cashierDataGridView_CellValueChanged, attempt to calculate total value
[ADMIN] [11/7/2016 21:21] [PENJUALAN] CASHIER FORM : calculateTotal
[ADMIN] [11/7/2016 21:21] [PENJUALAN] CASHIER FORM : calculateTotal [0]
[ADMIN] [11/7/2016 21:21] [PENJUALAN] CASHIER FORM : calculateTotal, totalAfterDisc [0]
[ADMIN] [11/7/2016 21:21] [PENJUALAN] CASHIER FORM : calculateChangeValue, bayarTextBox.Text [0]
[ADMIN] [11/7/2016 21:21] [PENJUALAN] CASHIER FORM : calculateChangeValue, sisaBayar [0]
[ADMIN] [11/7/2016 21:21] [PENJUALAN] CASHIER FORM : cashierDataGridView_CellValueChanged [qty]
[ADMIN] [11/7/2016 21:21] [PENJUALAN] CASHIER FORM : cashierDataGridView_CellValueChanged, previousInput [0]
[ADMIN] [11/7/2016 21:21] [PENJUALAN] CASHIER FORM : cashierDataGridView_CellValueChanged [jumlah]
[ADMIN] [11/7/2016 21:21] [PENJUALAN] CASHIER FORM : calculateTotal
[ADMIN] [11/7/2016 21:21] [PENJUALAN] CASHIER FORM : calculateTotal [0]
[ADMIN] [11/7/2016 21:21] [PENJUALAN] CASHIER FORM : calculateTotal, totalAfterDisc [0]
[ADMIN] [11/7/2016 21:21] [PENJUALAN] CASHIER FORM : calculateChangeValue, bayarTextBox.Text [0]
[ADMIN] [11/7/2016 21:21] [PENJUALAN] CASHIER FORM : calculateChangeValue, sisaBayar [0]
[ADMIN] [11/7/2016 21:21] [PENJUALAN] CASHIER FORM : productName_previewKeyDown, cashierDataGridView.CurrentCell.OwningColumn.Name  [productName]
[ADMIN] [11/7/2016 21:21] [PENJUALAN] CASHIER FORM : cashierDataGridView_CellValueChanged [productName]
[ADMIN] [11/7/2016 21:21] [PENJUALAN] CASHIER FORM : updateSomeRowContents
[ADMIN] [11/7/2016 21:21] [PENJUALAN] CASHIER FORM : clearUpSomeRowContents
[ADMIN] [11/7/2016 21:21] [PENJUALAN] CASHIER FORM : cashierDataGridView_CellValueChanged [productName]
[ADMIN] [11/7/2016 21:21] [PENJUALAN] CASHIER FORM : cashierDataGridView_CellValueChanged [hpp]
[ADMIN] [11/7/2016 21:21] [PENJUALAN] CASHIER FORM : cashierDataGridView_CellValueChanged [productPrice]
[ADMIN] [11/7/2016 21:21] [PENJUALAN] CASHIER FORM : cashierDataGridView_CellValueChanged, previousInput [1000]
[ADMIN] [11/7/2016 21:21] [PENJUALAN] CASHIER FORM : cashierDataGridView_CellValueChanged, dataGridViewTextBoxEditingControl.Text pass REGEX Checking
[ADMIN] [11/7/2016 21:21] [PENJUALAN] CASHIER FORM : CALCULATE SUBTOTAL
[ADMIN] [11/7/2016 21:21] [PENJUALAN] CASHIER FORM : SUBTOTAL [0]
[ADMIN] [11/7/2016 21:21] [PENJUALAN] CASHIER FORM : cashierDataGridView_CellValueChanged, subtotal value [0]
[ADMIN] [11/7/2016 21:21] [PENJUALAN] CASHIER FORM : cashierDataGridView_CellValueChanged, attempt to calculate total value
[ADMIN] [11/7/2016 21:21] [PENJUALAN] CASHIER FORM : calculateTotal
[ADMIN] [11/7/2016 21:21] [PENJUALAN] CASHIER FORM : calculateTotal [0]
[ADMIN] [11/7/2016 21:21] [PENJUALAN] CASHIER FORM : calculateTotal, totalAfterDisc [0]
[ADMIN] [11/7/2016 21:21] [PENJUALAN] CASHIER FORM : calculateChangeValue, bayarTextBox.Text [0]
[ADMIN] [11/7/2016 21:21] [PENJUALAN] CASHIER FORM : calculateChangeValue, sisaBayar [0]
[ADMIN] [11/7/2016 21:21] [PENJUALAN] CASHIER FORM : cashierDataGridView_CellValueChanged [qty]
[ADMIN] [11/7/2016 21:21] [PENJUALAN] CASHIER FORM : cashierDataGridView_CellValueChanged, previousInput [0]
[ADMIN] [11/7/2016 21:21] [PENJUALAN] CASHIER FORM : cashierDataGridView_CellValueChanged [jumlah]
[ADMIN] [11/7/2016 21:21] [PENJUALAN] CASHIER FORM : calculateTotal
[ADMIN] [11/7/2016 21:21] [PENJUALAN] CASHIER FORM : calculateTotal [0]
[ADMIN] [11/7/2016 21:21] [PENJUALAN] CASHIER FORM : calculateTotal, totalAfterDisc [0]
[ADMIN] [11/7/2016 21:21] [PENJUALAN] CASHIER FORM : calculateChangeValue, bayarTextBox.Text [0]
[ADMIN] [11/7/2016 21:21] [PENJUALAN] CASHIER FORM : calculateChangeValue, sisaBayar [0]
[ADMIN] [11/7/2016 21:21] [PENJUALAN] CASHIER FORM : cashierDataGridView_CellValueChanged [productName]
[ADMIN] [11/7/2016 21:21] [PENJUALAN] CASHIER FORM : updateSomeRowContents
[ADMIN] [11/7/2016 21:21] [PENJUALAN] CASHIER FORM : clearUpSomeRowContents
[ADMIN] [11/7/2016 21:21] [PENJUALAN] CASHIER FORM : cashierDataGridView_CellValueChanged [productName]
[ADMIN] [11/7/2016 21:21] [PENJUALAN] CASHIER FORM : calculateTotal
[ADMIN] [11/7/2016 21:21] [PENJUALAN] CASHIER FORM : calculateTotal [0]
[ADMIN] [11/7/2016 21:21] [PENJUALAN] CASHIER FORM : calculateTotal, totalAfterDisc [0]
[ADMIN] [11/7/2016 21:21] [PENJUALAN] CASHIER FORM : calculateChangeValue, bayarTextBox.Text [0]
[ADMIN] [11/7/2016 21:21] [PENJUALAN] CASHIER FORM : calculateChangeValue, sisaBayar [0]
[ADMIN] [11/7/2016 21:21] [PENJUALAN] CASHIER FORM : cashierDataGridView_CellValueChanged [productName]
[ADMIN] [11/7/2016 21:21] [PENJUALAN] CASHIER FORM : updateSomeRowContents
[ADMIN] [11/7/2016 21:21] [PENJUALAN] CASHIER FORM : clearUpSomeRowContents
[ADMIN] [11/7/2016 21:21] [PENJUALAN] CASHIER FORM : cashierDataGridView_CellValueChanged [productName]
[ADMIN] [11/7/2016 21:21] [PENJUALAN] CASHIER FORM : calculateTotal
[ADMIN] [11/7/2016 21:21] [PENJUALAN] CASHIER FORM : calculateTotal [0]
[ADMIN] [11/7/2016 21:21] [PENJUALAN] CASHIER FORM : calculateTotal, totalAfterDisc [0]
[ADMIN] [11/7/2016 21:21] [PENJUALAN] CASHIER FORM : calculateChangeValue, bayarTextBox.Text [0]
[ADMIN] [11/7/2016 21:21] [PENJUALAN] CASHIER FORM : calculateChangeValue, sisaBayar [0]
[ADMIN] [11/7/2016 21:21] [PENJUALAN] CASHIER FORM : cashierDataGridView_CellValueChanged [productName]
[ADMIN] [11/7/2016 21:21] [PENJUALAN] CASHIER FORM : updateSomeRowContents
[ADMIN] [11/7/2016 21:21] [PENJUALAN] CASHIER FORM : Combobox_KeyUp, cashierDataGridView.CurrentCell.OwningColumn.Name  [productName]
[ADMIN] [11/7/2016 21:21] [PENJUALAN] CASHIER FORM : Combobox_KeyUp, cashierDataGridView.CurrentCell.OwningColumn.Name  [productName]
[ADMIN] [11/7/2016 21:21] [PENJUALAN] CASHIER FORM : productName_previewKeyDown, cashierDataGridView.CurrentCell.OwningColumn.Name  [productName]
[ADMIN] [11/7/2016 21:21] [PENJUALAN] CASHIER FORM : Combobox_KeyUp, cashierDataGridView.CurrentCell.OwningColumn.Name  [productName]
[ADMIN] [11/7/2016 21:21] [PENJUALAN] CASHIER FORM : Combobox_KeyUp, cashierDataGridView.CurrentCell.OwningColumn.Name  [productName]
[ADMIN] [11/7/2016 21:21] [PENJUALAN] CASHIER FORM : productName_previewKeyDown, cashierDataGridView.CurrentCell.OwningColumn.Name  [productName]
[ADMIN] [11/7/2016 21:21] [PENJUALAN] CASHIER FORM : cashierDataGridView_CellValueChanged [productName]
[ADMIN] [11/7/2016 21:21] [PENJUALAN] CASHIER FORM : updateSomeRowContents
[ADMIN] [11/7/2016 21:21] [PENJUALAN] CASHIER FORM : cashierDataGridView_CellValueChanged [productID]
[ADMIN] [11/7/2016 21:21] [PENJUALAN] CASHIER FORM : PRODUCT PRICE TYPE [PRODUCT_BASE_PRICE]
[ADMIN] [11/7/2016 21:21] [PENJUALAN] CASHIER FORM : PRODUCT PRICE [0]
[ADMIN] [11/7/2016 21:21] [PENJUALAN] CASHIER FORM : ComboBox_SelectedIndexChanged, PRODUCT_BASE_PRICE [0]
[ADMIN] [11/7/2016 21:21] [PENJUALAN] CASHIER FORM : cashierDataGridView_CellValueChanged [hpp]
[ADMIN] [11/7/2016 21:21] [PENJUALAN] CASHIER FORM : PRODUCT PRICE TYPE [PRODUCT_RETAIL_PRICE]
[ADMIN] [11/7/2016 21:21] [PENJUALAN] CASHIER FORM : PRODUCT PRICE [5000]
[ADMIN] [11/7/2016 21:21] [PENJUALAN] CASHIER FORM : ComboBox_SelectedIndexChanged, PRODUCT_SALES_PRICE [5000]
[ADMIN] [11/7/2016 21:21] [PENJUALAN] CASHIER FORM : cashierDataGridView_CellValueChanged [productPrice]
[ADMIN] [11/7/2016 21:21] [PENJUALAN] CASHIER FORM : cashierDataGridView_CellValueChanged, previousInput [0]
[ADMIN] [11/7/2016 21:21] [PENJUALAN] CASHIER FORM : cashierDataGridView_CellValueChanged, cellValue [5000]
[ADMIN] [11/7/2016 21:21] [PENJUALAN] CASHIER FORM : cashierDataGridView_CellValueChanged, dataGridViewTextBoxEditingControl.Text pass REGEX Checking
[ADMIN] [11/7/2016 21:21] [PENJUALAN] CASHIER FORM : CALCULATE SUBTOTAL
[ADMIN] [11/7/2016 21:21] [PENJUALAN] CASHIER FORM : SUBTOTAL [0]
[ADMIN] [11/7/2016 21:21] [PENJUALAN] CASHIER FORM : cashierDataGridView_CellValueChanged, subtotal value [0]
[ADMIN] [11/7/2016 21:21] [PENJUALAN] CASHIER FORM : cashierDataGridView_CellValueChanged, attempt to calculate total value
[ADMIN] [11/7/2016 21:21] [PENJUALAN] CASHIER FORM : calculateTotal
[ADMIN] [11/7/2016 21:21] [PENJUALAN] CASHIER FORM : calculateTotal [0]
[ADMIN] [11/7/2016 21:21] [PENJUALAN] CASHIER FORM : calculateTotal, totalAfterDisc [0]
[ADMIN] [11/7/2016 21:21] [PENJUALAN] CASHIER FORM : calculateChangeValue, bayarTextBox.Text [0]
[ADMIN] [11/7/2016 21:21] [PENJUALAN] CASHIER FORM : calculateChangeValue, sisaBayar [0]
[ADMIN] [11/7/2016 21:21] [PENJUALAN] CASHIER FORM : cashierDataGridView_CellValueChanged [qty]
[ADMIN] [11/7/2016 21:21] [PENJUALAN] CASHIER FORM : cashierDataGridView_CellValueChanged, previousInput [0]
[ADMIN] [11/7/2016 21:21] [PENJUALAN] CASHIER FORM : cashierDataGridView_CellValueChanged [jumlah]
[ADMIN] [11/7/2016 21:21] [PENJUALAN] CASHIER FORM : calculateTotal
[ADMIN] [11/7/2016 21:21] [PENJUALAN] CASHIER FORM : calculateTotal [0]
[ADMIN] [11/7/2016 21:21] [PENJUALAN] CASHIER FORM : calculateTotal, totalAfterDisc [0]
[ADMIN] [11/7/2016 21:21] [PENJUALAN] CASHIER FORM : calculateChangeValue, bayarTextBox.Text [0]
[ADMIN] [11/7/2016 21:21] [PENJUALAN] CASHIER FORM : calculateChangeValue, sisaBayar [0]
[ADMIN] [11/7/2016 21:21] [PENJUALAN] CASHIER FORM : Combobox_KeyUp, cashierDataGridView.CurrentCell.OwningColumn.Name  [productName]
[ADMIN] [11/7/2016 21:21] [PENJUALAN] CASHIER FORM : Combobox_KeyUp, cashierDataGridView.CurrentCell.OwningColumn.Name  [productName]
[ADMIN] [11/7/2016 21:21] [PENJUALAN] CASHIER FORM : productName_previewKeyDown, cashierDataGridView.CurrentCell.OwningColumn.Name  [productName]
[ADMIN] [11/7/2016 21:21] [PENJUALAN] CASHIER FORM : cashierDataGridView_CellValueChanged [productName]
[ADMIN] [11/7/2016 21:21] [PENJUALAN] CASHIER FORM : updateSomeRowContents
[ADMIN] [11/7/2016 21:21] [PENJUALAN] CASHIER FORM : cashierDataGridView_CellValueChanged [productID]
[ADMIN] [11/7/2016 21:21] [PENJUALAN] CASHIER FORM : PRODUCT PRICE TYPE [PRODUCT_BASE_PRICE]
[ADMIN] [11/7/2016 21:21] [PENJUALAN] CASHIER FORM : PRODUCT PRICE [0]
[ADMIN] [11/7/2016 21:21] [PENJUALAN] CASHIER FORM : ComboBox_SelectedIndexChanged, PRODUCT_BASE_PRICE [0]
[ADMIN] [11/7/2016 21:21] [PENJUALAN] CASHIER FORM : PRODUCT PRICE TYPE [PRODUCT_RETAIL_PRICE]
[ADMIN] [11/7/2016 21:21] [PENJUALAN] CASHIER FORM : PRODUCT PRICE [8000]
[ADMIN] [11/7/2016 21:21] [PENJUALAN] CASHIER FORM : ComboBox_SelectedIndexChanged, PRODUCT_SALES_PRICE [8000]
[ADMIN] [11/7/2016 21:21] [PENJUALAN] CASHIER FORM : cashierDataGridView_CellValueChanged [productPrice]
[ADMIN] [11/7/2016 21:21] [PENJUALAN] CASHIER FORM : cashierDataGridView_CellValueChanged, previousInput [5000]
[ADMIN] [11/7/2016 21:21] [PENJUALAN] CASHIER FORM : cashierDataGridView_CellValueChanged, dataGridViewTextBoxEditingControl.Text pass REGEX Checking
[ADMIN] [11/7/2016 21:21] [PENJUALAN] CASHIER FORM : CALCULATE SUBTOTAL
[ADMIN] [11/7/2016 21:21] [PENJUALAN] CASHIER FORM : SUBTOTAL [0]
[ADMIN] [11/7/2016 21:21] [PENJUALAN] CASHIER FORM : cashierDataGridView_CellValueChanged, subtotal value [0]
[ADMIN] [11/7/2016 21:21] [PENJUALAN] CASHIER FORM : cashierDataGridView_CellValueChanged, attempt to calculate total value
[ADMIN] [11/7/2016 21:21] [PENJUALAN] CASHIER FORM : calculateTotal
[ADMIN] [11/7/2016 21:21] [PENJUALAN] CASHIER FORM : calculateTotal [0]
[ADMIN] [11/7/2016 21:21] [PENJUALAN] CASHIER FORM : calculateTotal, totalAfterDisc [0]
[ADMIN] [11/7/2016 21:21] [PENJUALAN] CASHIER FORM : calculateChangeValue, bayarTextBox.Text [0]
[ADMIN] [11/7/2016 21:21] [PENJUALAN] CASHIER FORM : calculateChangeValue, sisaBayar [0]
[ADMIN] [11/7/2016 21:21] [PENJUALAN] CASHIER FORM : cashierDataGridView_CellValueChanged [jumlah]
[ADMIN] [11/7/2016 21:21] [PENJUALAN] CASHIER FORM : calculateTotal
[ADMIN] [11/7/2016 21:21] [PENJUALAN] CASHIER FORM : calculateTotal [0]
[ADMIN] [11/7/2016 21:21] [PENJUALAN] CASHIER FORM : calculateTotal, totalAfterDisc [0]
[ADMIN] [11/7/2016 21:21] [PENJUALAN] CASHIER FORM : calculateChangeValue, bayarTextBox.Text [0]
[ADMIN] [11/7/2016 21:21] [PENJUALAN] CASHIER FORM : calculateChangeValue, sisaBayar [0]
[ADMIN] [11/7/2016 21:21] [PENJUALAN] CASHIER FORM : Combobox_KeyUp, cashierDataGridView.CurrentCell.OwningColumn.Name  [productName]
[ADMIN] [11/7/2016 21:21] [PENJUALAN] CASHIER FORM : Combobox_KeyUp, cashierDataGridView.CurrentCell.OwningColumn.Name  [productName]
[ADMIN] [11/7/2016 21:21] [PENJUALAN] CASHIER FORM : productName_previewKeyDown, cashierDataGridView.CurrentCell.OwningColumn.Name  [productName]
[ADMIN] [11/7/2016 21:21] [PENJUALAN] CASHIER FORM : Combobox_KeyUp, cashierDataGridView.CurrentCell.OwningColumn.Name  [productPrice]
[ADMIN] [11/7/2016 21:21] [PENJUALAN] CASHIER FORM : Combobox_KeyUp, cashierDataGridView.CurrentCell.OwningColumn.Name  [productPrice]
[ADMIN] [11/7/2016 21:21] [PENJUALAN] CASHIER FORM : Combobox_KeyUp, cashierDataGridView.CurrentCell.OwningColumn.Name  [qty]
[ADMIN] [11/7/2016 21:21] [PENJUALAN] CASHIER FORM : Combobox_KeyUp, cashierDataGridView.CurrentCell.OwningColumn.Name  [qty]
[ADMIN] [11/7/2016 21:21] [PENJUALAN] CASHIER FORM : cashierDataGridView_CellValueChanged [qty]
[ADMIN] [11/7/2016 21:21] [PENJUALAN] CASHIER FORM : cashierDataGridView_CellValueChanged, previousInput [0]
[ADMIN] [11/7/2016 21:21] [PENJUALAN] CASHIER FORM : cashierDataGridView_CellValueChanged, cellValue [2]
[ADMIN] [11/7/2016 21:21] [PENJUALAN] CASHIER FORM : cashierDataGridView_CellValueChanged, dataGridViewTextBoxEditingControl.Text pass REGEX Checking
[ADMIN] [11/7/2016 21:21] [PENJUALAN] CASHIER FORM : CHECK STOCK QTY IS ENOUGH [RT003]
[ADMIN] [11/7/2016 21:21] [PENJUALAN] CASHIER FORM : CHECK STOCK QTY IS ENOUGH [10, 2]
[ADMIN] [11/7/2016 21:21] [PENJUALAN] CASHIER FORM : CALCULATE SUBTOTAL
[ADMIN] [11/7/2016 21:21] [PENJUALAN] CASHIER FORM : SUBTOTAL [16000]
[ADMIN] [11/7/2016 21:21] [PENJUALAN] CASHIER FORM : cashierDataGridView_CellValueChanged, subtotal value [16000]
[ADMIN] [11/7/2016 21:21] [PENJUALAN] CASHIER FORM : cashierDataGridView_CellValueChanged, attempt to calculate total value
[ADMIN] [11/7/2016 21:21] [PENJUALAN] CASHIER FORM : calculateTotal
[ADMIN] [11/7/2016 21:21] [PENJUALAN] CASHIER FORM : calculateTotal [16000]
[ADMIN] [11/7/2016 21:21] [PENJUALAN] CASHIER FORM : calculateTotal, totalAfterDisc [16000]
[ADMIN] [11/7/2016 21:21] [PENJUALAN] CASHIER FORM : calculateChangeValue, bayarTextBox.Text [0]
[ADMIN] [11/7/2016 21:21] [PENJUALAN] CASHIER FORM : calculateChangeValue, sisaBayar [0]
[ADMIN] [11/7/2016 21:21] [PENJUALAN] CASHIER FORM : Combobox_KeyUp, cashierDataGridView.CurrentCell.OwningColumn.Name  [qty]
[ADMIN] [11/7/2016 21:21] [PENJUALAN] CASHIER FORM : Combobox_KeyUp, cashierDataGridView.CurrentCell.OwningColumn.Name  [qty]
[ADMIN] [11/7/2016 21:22] [PENJUALAN] CASHIER FORM : calculateChangeValue, bayarTextBox.Text [10]
[ADMIN] [11/7/2016 21:22] [PENJUALAN] CASHIER FORM : calculateChangeValue, sisaBayar [0]
[ADMIN] [11/7/2016 21:22] [PENJUALAN] CASHIER FORM : calculateChangeValue, bayarTextBox.Text [100]
[ADMIN] [11/7/2016 21:22] [PENJUALAN] CASHIER FORM : calculateChangeValue, sisaBayar [0]
[ADMIN] [11/7/2016 21:22] [PENJUALAN] CASHIER FORM : calculateChangeValue, bayarTextBox.Text [1000]
[ADMIN] [11/7/2016 21:22] [PENJUALAN] CASHIER FORM : calculateChangeValue, sisaBayar [0]
[ADMIN] [11/7/2016 21:22] [PENJUALAN] CASHIER FORM : calculateChangeValue, bayarTextBox.Text [10000]
[ADMIN] [11/7/2016 21:22] [PENJUALAN] CASHIER FORM : calculateChangeValue, sisaBayar [0]
[ADMIN] [11/7/2016 21:22] [PENJUALAN] CASHIER FORM : calculateChangeValue, bayarTextBox.Text [100000]
[ADMIN] [11/7/2016 21:22] [PENJUALAN] CASHIER FORM : calculateChangeValue, sisaBayar [84000]
[ADMIN] [11/7/2016 21:22] [PENJUALAN] CASHIER FORM : HOTKEY TO SAVE AND PRINT OUT INVOICE PRESSED
[ADMIN] [11/7/2016 21:22] [PENJUALAN] CASHIER FORM : UNREGISTER HOTKEY
[ADMIN] [11/7/2016 21:22] [PENJUALAN] CASHIER FORM : REGISTER HOTKEY
[ADMIN] [11/7/2016 21:22] [PENJUALAN] ATTEMPT TO SAVE AND PRINT OUT INVOICE
[ADMIN] [11/7/2016 21:22] [PENJUALAN] CASHIER FORM : UNREGISTER HOTKEY
[ADMIN] [11/7/2016 21:22] [PENJUALAN] CASHIER FORM : REGISTER HOTKEY
[ADMIN] [11/7/2016 21:22] [PENJUALAN] CASHIER FORM : UNREGISTER HOTKEY
[ADMIN] [11/7/2016 21:22] [PENJUALAN] CASHIER FORM : ATTEMPT TO SAVE SALES DATA [07-11-2016 21:22]
[ADMIN] [11/7/2016 21:22] [PENJUALAN] CASHIER FORM : SALES DISC FINAL [0]
[ADMIN] [11/7/2016 21:22] [PENJUALAN] CASHIER FORM : CASH SALES
[ADMIN] [11/7/2016 21:22] [PENJUALAN] CHECK IF TAX LIMIT SET FOR PERCENTAGE PURCHASE [0]
[ADMIN] [11/7/2016 21:22] [PENJUALAN] CHECK IF TAX LIMIT SET FOR AVERAGE DAILY PURCHASE [0]
[ADMIN] [11/7/2016 21:22] [PENJUALAN] CASHIER FORM : NO FAKTUR [SLO001]
[ADMIN] [11/7/2016 21:22] [PENJUALAN] CASHIER FORM : MAX SALES INVOICE [0]
[ADMIN] [11/7/2016 21:22] [PENJUALAN] CASHIER FORM : SALES INVOICE [SLO001-1]
[ADMIN] [11/7/2016 21:22] [PENJUALAN] INSERT INTO SALES HEADER [SLO001-1]
[ADMIN] [11/7/2016 21:22] [PENJUALAN] INSERT INTO SALES DETAIL[RT003, 8000, 2]
[ADMIN] [11/7/2016 21:22] [PENJUALAN] REDUCE STOCK AT MASTER PRODUCT [RT003]
[ADMIN] [11/7/2016 21:22] [PENJUALAN] INSERT TO CREDIT TABLE [SLO001-1]
[ADMIN] [11/7/2016 21:22] [PENJUALAN] INSERT TO DAILY JOURNAL TABLE [16000]
[ADMIN] [11/7/2016 21:22] [PENJUALAN] CASHIER FORM : REGISTER HOTKEY
[ADMIN] [11/7/2016 21:22] [PENJUALAN] TRANSACTION SAVED
[ADMIN] [11/7/2016 21:22] [PENJUALAN] PRINT OUT INVOICE
[ADMIN] [11/7/2016 21:22] [PENJUALAN] CASHIER FORM : PrintReceipt
[ADMIN] [11/7/2016 21:22] [PENJUALAN] CASHIER FORM : PrintReceipt, POS size Paper
[ADMIN] [11/7/2016 21:22] [PENJUALAN] CASHIER FORM : calculatePageLength, totalLengthPage [355]
[ADMIN] [11/7/2016 21:22] [PENJUALAN] CASHIER FORM : printDocument1_PrintPage, print POS size receipt
[ADMIN] [11/7/2016 21:22] [PENJUALAN] CASHIER FORM : loadNamaUser
[ADMIN] [11/7/2016 21:22] [PENJUALAN] CASHIER FORM : UNREGISTER HOTKEY
[ADMIN] [11/7/2016 21:22] [PENJUALAN] CASHIER FORM : REGISTER HOTKEY
[ADMIN] [11/7/2016 21:22] [PENJUALAN] CASHIER FORM : UPDATE ROW NUMBER, TOTAL ROW [1]
[ADMIN] [11/7/2016 21:22] [PENJUALAN] CASHIER FORM : cashierDataGridView_CellValueChanged [F8]
[ADMIN] [11/7/2016 21:22] [PENJUALAN] CASHIER FORM : UNREGISTER HOTKEY
[ADMIN] [11/7/2016 21:22] [PENJUALAN] CASHIER FORM : UNREGISTER HOTKEY
[] [11/7/2016 21:28] [] USER = ADMIN IS ACTIVE
[ADMIN] [11/7/2016 21:28] [] USER ID = 1 LOGIN SUCCESSFULLY
[ADMIN] [11/7/2016 21:28] [] ACTIVATE USER ACCESS RIGHT
[ADMIN] [11/7/2016 21:28] [] DISPLAY ADMIN FORM
[ADMIN] [11/7/2016 21:28] [] adminForm Load
[ADMIN] [11/7/2016 21:28] [] ACTIVATE USER ACCESS RIGHT
[ADMIN] [11/7/2016 21:28] [] USER ID = 1LOGOUT
[] [11/7/2016 21:29] [] USER = ADMIN IS ACTIVE
[ADMIN] [11/7/2016 21:29] [] USER ID = 1 LOGIN SUCCESSFULLY
[ADMIN] [11/7/2016 21:29] [] ACTIVATE USER ACCESS RIGHT
[ADMIN] [11/7/2016 21:29] [] DISPLAY ADMIN FORM
[ADMIN] [11/7/2016 21:29] [] adminForm Load
[ADMIN] [11/7/2016 21:29] [] ACTIVATE USER ACCESS RIGHT
[ADMIN] [11/7/2016 21:30] [PENJUALAN] CASHIER FORM : MULTIPLE CASHIER INSTANCE [1]
[ADMIN] [11/7/2016 21:30] [PENJUALAN] CASHIER FORM : REGISTER HOTKEY
[ADMIN] [11/7/2016 21:30] [PENJUALAN] CASHIER FORM : cashierForm_Load, ATTEMPT TO LOAD NO FAKTUR
[ADMIN] [11/7/2016 21:30] [PENJUALAN] CASHIER FORM : loadNoFaktur, noFakturValue [SLO001]
[ADMIN] [11/7/2016 21:30] [PENJUALAN] CASHIER FORM : cashierForm_Load, ATTEMPT TO addColumnToDataGrid
[ADMIN] [11/7/2016 21:30] [PENJUALAN] CASHIER FORM : UPDATE ROW NUMBER, TOTAL ROW [1]
[ADMIN] [11/7/2016 21:30] [PENJUALAN] CASHIER FORM : cashierDataGridView_CellValueChanged [F8]
[ADMIN] [11/7/2016 21:30] [PENJUALAN] CASHIER FORM : calculateTotal
[ADMIN] [11/7/2016 21:30] [PENJUALAN] CASHIER FORM : calculateTotal [0]
[ADMIN] [11/7/2016 21:30] [PENJUALAN] CASHIER FORM : calculateTotal, totalAfterDisc [0]
[ADMIN] [11/7/2016 21:30] [PENJUALAN] CASHIER FORM : calculateChangeValue, bayarTextBox.Text [0]
[ADMIN] [11/7/2016 21:30] [PENJUALAN] CASHIER FORM : calculateChangeValue, sisaBayar [0]
[ADMIN] [11/7/2016 21:30] [PENJUALAN] CASHIER FORM : REGISTER HOTKEY
[ADMIN] [11/7/2016 21:30] [PENJUALAN] CASHIER FORM : UNREGISTER HOTKEY
[ADMIN] [11/7/2016 21:30] [PENJUALAN] CASHIER FORM : UNREGISTER HOTKEY
[ADMIN] [11/7/2016 21:30] [] USER ID = 1LOGOUT
