[] [11/15/2016 15:05] [] USER = ADMIN IS ACTIVE
[ADMIN] [11/15/2016 15:05] [] USER ID = 1 LOGIN SUCCESSFULLY
[ADMIN] [11/15/2016 15:05] [] ACTIVATE USER ACCESS RIGHT
[ADMIN] [11/15/2016 15:06] [] DISPLAY ADMIN FORM
[ADMIN] [11/15/2016 15:06] [] adminForm Load
[ADMIN] [11/15/2016 15:06] [] ACTIVATE USER ACCESS RIGHT
[ADMIN] [11/15/2016 15:06] [PENJUALAN] CASHIER FORM : REGISTER HOTKEY
[ADMIN] [11/15/2016 15:06] [PENJUALAN] CASHIER FORM : cashierForm_Load, ATTEMPT TO LOAD NO FAKTUR
[ADMIN] [11/15/2016 15:06] [PENJUALAN] CASHIER FORM : loadNoFaktur, noFakturValue [SLO001]
[ADMIN] [11/15/2016 15:06] [PENJUALAN] CASHIER FORM : cashierForm_Load, ATTEMPT TO addColumnToDataGrid
[ADMIN] [11/15/2016 15:06] [PENJUALAN] CASHIER FORM : UPDATE ROW NUMBER, TOTAL ROW [1]
[ADMIN] [11/15/2016 15:06] [PENJUALAN] CASHIER FORM : cashierDataGridView_CellValueChanged [F8]
[ADMIN] [11/15/2016 15:06] [PENJUALAN] CASHIER FORM : calculateTotal
[ADMIN] [11/15/2016 15:06] [PENJUALAN] CASHIER FORM : calculateTotal [0]
[ADMIN] [11/15/2016 15:06] [PENJUALAN] CASHIER FORM : calculateTotal, totalAfterDisc [0]
[ADMIN] [11/15/2016 15:06] [PENJUALAN] CASHIER FORM : calculateChangeValue, bayarTextBox.Text [0]
[ADMIN] [11/15/2016 15:06] [PENJUALAN] CASHIER FORM : calculateChangeValue, sisaBayar [0]
[ADMIN] [11/15/2016 15:06] [PENJUALAN] CASHIER FORM : REGISTER HOTKEY
[ADMIN] [11/15/2016 15:06] [PENJUALAN] CASHIER FORM : Combobox_previewKeyDown, cashierDataGridView.CurrentCell.OwningColumn.Name  [productID]
[ADMIN] [11/15/2016 15:06] [PENJUALAN] CASHIER FORM : productName_previewKeyDown, cashierDataGridView.CurrentCell.OwningColumn.Name  [productName]
[ADMIN] [11/15/2016 15:06] [PENJUALAN] CASHIER FORM : UPDATE ROW NUMBER, TOTAL ROW [2]
[ADMIN] [11/15/2016 15:06] [PENJUALAN] CASHIER FORM : cashierDataGridView_CellValueChanged [F8]
[ADMIN] [11/15/2016 15:06] [PENJUALAN] CASHIER FORM : cashierDataGridView_CellValueChanged [productName]
[ADMIN] [11/15/2016 15:06] [PENJUALAN] CASHIER FORM : updateSomeRowContents
[ADMIN] [11/15/2016 15:06] [PENJUALAN] CASHIER FORM : clearUpSomeRowContents
[ADMIN] [11/15/2016 15:06] [PENJUALAN] CASHIER FORM : cashierDataGridView_CellValueChanged [productName]
[ADMIN] [11/15/2016 15:06] [PENJUALAN] CASHIER FORM : cashierDataGridView_CellValueChanged [hpp]
[ADMIN] [11/15/2016 15:06] [PENJUALAN] CASHIER FORM : cashierDataGridView_CellValueChanged [productPrice]
[ADMIN] [11/15/2016 15:06] [PENJUALAN] CASHIER FORM : cashierDataGridView_CellValueChanged, previousInput [0]
[ADMIN] [11/15/2016 15:06] [PENJUALAN] CASHIER FORM : cashierDataGridView_CellValueChanged [qty]
[ADMIN] [11/15/2016 15:06] [PENJUALAN] CASHIER FORM : cashierDataGridView_CellValueChanged, previousInput [0]
[ADMIN] [11/15/2016 15:06] [PENJUALAN] CASHIER FORM : cashierDataGridView_CellValueChanged [disc1]
[ADMIN] [11/15/2016 15:06] [PENJUALAN] CASHIER FORM : cashierDataGridView_CellValueChanged, previousInput [0]
[ADMIN] [11/15/2016 15:06] [PENJUALAN] CASHIER FORM : cashierDataGridView_CellValueChanged [disc2]
[ADMIN] [11/15/2016 15:06] [PENJUALAN] CASHIER FORM : cashierDataGridView_CellValueChanged, previousInput [0]
[ADMIN] [11/15/2016 15:06] [PENJUALAN] CASHIER FORM : cashierDataGridView_CellValueChanged [discRP]
[ADMIN] [11/15/2016 15:06] [PENJUALAN] CASHIER FORM : cashierDataGridView_CellValueChanged, previousInput [0]
[ADMIN] [11/15/2016 15:06] [PENJUALAN] CASHIER FORM : cashierDataGridView_CellValueChanged [jumlah]
[ADMIN] [11/15/2016 15:06] [PENJUALAN] CASHIER FORM : calculateTotal
[ADMIN] [11/15/2016 15:06] [PENJUALAN] CASHIER FORM : calculateTotal [0]
[ADMIN] [11/15/2016 15:06] [PENJUALAN] CASHIER FORM : calculateTotal, totalAfterDisc [0]
[ADMIN] [11/15/2016 15:06] [PENJUALAN] CASHIER FORM : calculateChangeValue, bayarTextBox.Text [0]
[ADMIN] [11/15/2016 15:06] [PENJUALAN] CASHIER FORM : calculateChangeValue, sisaBayar [0]
[ADMIN] [11/15/2016 15:06] [PENJUALAN] CASHIER FORM : cashierDataGridView_CellValueChanged [productName]
[ADMIN] [11/15/2016 15:06] [PENJUALAN] CASHIER FORM : updateSomeRowContents
[ADMIN] [11/15/2016 15:06] [PENJUALAN] CASHIER FORM : clearUpSomeRowContents
[ADMIN] [11/15/2016 15:06] [PENJUALAN] CASHIER FORM : cashierDataGridView_CellValueChanged [productName]
[ADMIN] [11/15/2016 15:06] [PENJUALAN] CASHIER FORM : calculateTotal
[ADMIN] [11/15/2016 15:06] [PENJUALAN] CASHIER FORM : calculateTotal [0]
[ADMIN] [11/15/2016 15:06] [PENJUALAN] CASHIER FORM : calculateTotal, totalAfterDisc [0]
[ADMIN] [11/15/2016 15:06] [PENJUALAN] CASHIER FORM : calculateChangeValue, bayarTextBox.Text [0]
[ADMIN] [11/15/2016 15:06] [PENJUALAN] CASHIER FORM : calculateChangeValue, sisaBayar [0]
[ADMIN] [11/15/2016 15:06] [PENJUALAN] CASHIER FORM : cashierDataGridView_CellValueChanged [productName]
[ADMIN] [11/15/2016 15:06] [PENJUALAN] CASHIER FORM : updateSomeRowContents
[ADMIN] [11/15/2016 15:06] [PENJUALAN] CASHIER FORM : cashierDataGridView_CellValueChanged [productID]
[ADMIN] [11/15/2016 15:06] [PENJUALAN] CASHIER FORM : PRODUCT PRICE TYPE [PRODUCT_BASE_PRICE]
[ADMIN] [11/15/2016 15:06] [PENJUALAN] CASHIER FORM : PRODUCT PRICE [2]
[ADMIN] [11/15/2016 15:06] [PENJUALAN] CASHIER FORM : ComboBox_SelectedIndexChanged, PRODUCT_BASE_PRICE [2]
[ADMIN] [11/15/2016 15:06] [PENJUALAN] CASHIER FORM : cashierDataGridView_CellValueChanged [hpp]
[ADMIN] [11/15/2016 15:06] [PENJUALAN] CASHIER FORM : PRODUCT PRICE TYPE [PRODUCT_RETAIL_PRICE]
[ADMIN] [11/15/2016 15:06] [PENJUALAN] CASHIER FORM : PRODUCT PRICE [1000]
[ADMIN] [11/15/2016 15:06] [PENJUALAN] CASHIER FORM : ComboBox_SelectedIndexChanged, PRODUCT_SALES_PRICE [1000]
[ADMIN] [11/15/2016 15:06] [PENJUALAN] CASHIER FORM : cashierDataGridView_CellValueChanged [productPrice]
[ADMIN] [11/15/2016 15:06] [PENJUALAN] CASHIER FORM : cashierDataGridView_CellValueChanged, previousInput [0]
[ADMIN] [11/15/2016 15:06] [PENJUALAN] CASHIER FORM : cashierDataGridView_CellValueChanged, cellValue [1000]
[ADMIN] [11/15/2016 15:06] [PENJUALAN] CASHIER FORM : cashierDataGridView_CellValueChanged, dataGridViewTextBoxEditingControl.Text pass REGEX Checking
[ADMIN] [11/15/2016 15:06] [PENJUALAN] CASHIER FORM : CALCULATE SUBTOTAL
[ADMIN] [11/15/2016 15:06] [PENJUALAN] CASHIER FORM : SUBTOTAL [0]
[ADMIN] [11/15/2016 15:06] [PENJUALAN] CASHIER FORM : cashierDataGridView_CellValueChanged, subtotal value [0]
[ADMIN] [11/15/2016 15:06] [PENJUALAN] CASHIER FORM : cashierDataGridView_CellValueChanged, attempt to calculate total value
[ADMIN] [11/15/2016 15:06] [PENJUALAN] CASHIER FORM : calculateTotal
[ADMIN] [11/15/2016 15:06] [PENJUALAN] CASHIER FORM : calculateTotal [0]
[ADMIN] [11/15/2016 15:06] [PENJUALAN] CASHIER FORM : calculateTotal, totalAfterDisc [0]
[ADMIN] [11/15/2016 15:06] [PENJUALAN] CASHIER FORM : calculateChangeValue, bayarTextBox.Text [0]
[ADMIN] [11/15/2016 15:06] [PENJUALAN] CASHIER FORM : calculateChangeValue, sisaBayar [0]
[ADMIN] [11/15/2016 15:06] [PENJUALAN] CASHIER FORM : cashierDataGridView_CellValueChanged [qty]
[ADMIN] [11/15/2016 15:06] [PENJUALAN] CASHIER FORM : cashierDataGridView_CellValueChanged, previousInput [0]
[ADMIN] [11/15/2016 15:06] [PENJUALAN] CASHIER FORM : cashierDataGridView_CellValueChanged [jumlah]
[ADMIN] [11/15/2016 15:06] [PENJUALAN] CASHIER FORM : calculateTotal
[ADMIN] [11/15/2016 15:06] [PENJUALAN] CASHIER FORM : calculateTotal [0]
[ADMIN] [11/15/2016 15:06] [PENJUALAN] CASHIER FORM : calculateTotal, totalAfterDisc [0]
[ADMIN] [11/15/2016 15:06] [PENJUALAN] CASHIER FORM : calculateChangeValue, bayarTextBox.Text [0]
[ADMIN] [11/15/2016 15:06] [PENJUALAN] CASHIER FORM : calculateChangeValue, sisaBayar [0]
[ADMIN] [11/15/2016 15:06] [PENJUALAN] CASHIER FORM : Combobox_KeyUp, cashierDataGridView.CurrentCell.OwningColumn.Name  [productName]
[ADMIN] [11/15/2016 15:06] [PENJUALAN] CASHIER FORM : Combobox_KeyUp, cashierDataGridView.CurrentCell.OwningColumn.Name  [productName]
[ADMIN] [11/15/2016 15:06] [PENJUALAN] CASHIER FORM : productName_previewKeyDown, cashierDataGridView.CurrentCell.OwningColumn.Name  [productName]
[ADMIN] [11/15/2016 15:06] [PENJUALAN] CASHIER FORM : Combobox_KeyUp, cashierDataGridView.CurrentCell.OwningColumn.Name  [productPrice]
[ADMIN] [11/15/2016 15:06] [PENJUALAN] CASHIER FORM : Combobox_KeyUp, cashierDataGridView.CurrentCell.OwningColumn.Name  [productPrice]
[ADMIN] [11/15/2016 15:06] [PENJUALAN] CASHIER FORM : Combobox_KeyUp, cashierDataGridView.CurrentCell.OwningColumn.Name  [qty]
[ADMIN] [11/15/2016 15:06] [PENJUALAN] CASHIER FORM : Combobox_KeyUp, cashierDataGridView.CurrentCell.OwningColumn.Name  [qty]
[ADMIN] [11/15/2016 15:06] [PENJUALAN] CASHIER FORM : cashierDataGridView_CellValueChanged [qty]
[ADMIN] [11/15/2016 15:06] [PENJUALAN] CASHIER FORM : cashierDataGridView_CellValueChanged, previousInput [0]
[ADMIN] [11/15/2016 15:06] [PENJUALAN] CASHIER FORM : cashierDataGridView_CellValueChanged, cellValue [2]
[ADMIN] [11/15/2016 15:06] [PENJUALAN] CASHIER FORM : cashierDataGridView_CellValueChanged, dataGridViewTextBoxEditingControl.Text pass REGEX Checking
[ADMIN] [11/15/2016 15:06] [PENJUALAN] CASHIER FORM : CHECK STOCK QTY IS ENOUGH [RT001]
[ADMIN] [11/15/2016 15:06] [PENJUALAN] CASHIER FORM : CHECK STOCK QTY IS ENOUGH [12, 2]
[ADMIN] [11/15/2016 15:06] [PENJUALAN] CASHIER FORM : CALCULATE SUBTOTAL
[ADMIN] [11/15/2016 15:06] [PENJUALAN] CASHIER FORM : SUBTOTAL [2000]
[ADMIN] [11/15/2016 15:06] [PENJUALAN] CASHIER FORM : cashierDataGridView_CellValueChanged, subtotal value [2000]
[ADMIN] [11/15/2016 15:06] [PENJUALAN] CASHIER FORM : cashierDataGridView_CellValueChanged, attempt to calculate total value
[ADMIN] [11/15/2016 15:06] [PENJUALAN] CASHIER FORM : calculateTotal
[ADMIN] [11/15/2016 15:06] [PENJUALAN] CASHIER FORM : calculateTotal [2000]
[ADMIN] [11/15/2016 15:06] [PENJUALAN] CASHIER FORM : calculateTotal, totalAfterDisc [2000]
[ADMIN] [11/15/2016 15:06] [PENJUALAN] CASHIER FORM : calculateChangeValue, bayarTextBox.Text [0]
[ADMIN] [11/15/2016 15:06] [PENJUALAN] CASHIER FORM : calculateChangeValue, sisaBayar [0]
[ADMIN] [11/15/2016 15:06] [PENJUALAN] CASHIER FORM : Combobox_KeyUp, cashierDataGridView.CurrentCell.OwningColumn.Name  [qty]
[ADMIN] [11/15/2016 15:06] [PENJUALAN] CASHIER FORM : Combobox_KeyUp, cashierDataGridView.CurrentCell.OwningColumn.Name  [qty]
[ADMIN] [11/15/2016 15:06] [PENJUALAN] CASHIER FORM : DISPLAY PELANGGAN FORM
[ADMIN] [11/15/2016 15:06] [PENJUALAN] CASHIER FORM : UNREGISTER HOTKEY
[ADMIN] [11/15/2016 15:06] [PENJUALAN] CASHIER FORM : SELECTED CUSTOMER ID [1]
[ADMIN] [11/15/2016 15:06] [PENJUALAN] CASHIER FORM : ATTEMPT TO SET CUSTOMER PROFILE
[ADMIN] [11/15/2016 15:06] [PENJUALAN] CASHIER FORM : SET CUSTOMER PROFILE [ANDRI]
[ADMIN] [11/15/2016 15:06] [PENJUALAN] CASHIER FORM : CUSTOMER GROUP [P-UMUM [ECER]]
[ADMIN] [11/15/2016 15:06] [PENJUALAN] CASHIER FORM : FINISHED SET CUSTOMER PROFILE
[ADMIN] [11/15/2016 15:06] [PENJUALAN] CASHIER FORM : ATTEMPT TO REFRESH PRODUCT PRICE
[ADMIN] [11/15/2016 15:06] [PENJUALAN] CASHIER FORM : PRODUCT PRICE TYPE [PRODUCT_RETAIL_PRICE]
[ADMIN] [11/15/2016 15:06] [PENJUALAN] CASHIER FORM : PRODUCT PRICE [1000]
[ADMIN] [11/15/2016 15:06] [PENJUALAN] CASHIER FORM : CALCULATE SUBTOTAL
[ADMIN] [11/15/2016 15:06] [PENJUALAN] CASHIER FORM : SUBTOTAL [2000]
[ADMIN] [11/15/2016 15:06] [PENJUALAN] CASHIER FORM : calculateTotal
[ADMIN] [11/15/2016 15:06] [PENJUALAN] CASHIER FORM : calculateTotal [2000]
[ADMIN] [11/15/2016 15:06] [PENJUALAN] CASHIER FORM : calculateTotal, totalAfterDisc [2000]
[ADMIN] [11/15/2016 15:06] [PENJUALAN] CASHIER FORM : calculateChangeValue, bayarTextBox.Text [0]
[ADMIN] [11/15/2016 15:06] [PENJUALAN] CASHIER FORM : calculateChangeValue, sisaBayar [0]
[ADMIN] [11/15/2016 15:06] [PENJUALAN] CASHIER FORM : PRODUCT PRICE REFRESHED
[ADMIN] [11/15/2016 15:06] [PENJUALAN] CASHIER FORM : REGISTER HOTKEY
[ADMIN] [11/15/2016 15:06] [PENJUALAN] CASHIER FORM : HOTKEY TO SAVE AND PRINT OUT INVOICE PRESSED
[ADMIN] [11/15/2016 15:06] [PENJUALAN] CASHIER FORM : UNREGISTER HOTKEY
[ADMIN] [11/15/2016 15:06] [PENJUALAN] CASHIER FORM : REGISTER HOTKEY
[ADMIN] [11/15/2016 15:06] [PENJUALAN] ATTEMPT TO SAVE AND PRINT OUT INVOICE
[ADMIN] [11/15/2016 15:06] [PENJUALAN] CASHIER FORM : UNREGISTER HOTKEY
[ADMIN] [11/15/2016 15:06] [PENJUALAN] CASHIER FORM : ATTEMPT TO SAVE SALES DATA [15-11-2016 15:06]
[ADMIN] [11/15/2016 15:06] [PENJUALAN] CASHIER FORM : SALES DISC FINAL [0]
[ADMIN] [11/15/2016 15:06] [PENJUALAN] CASHIER FORM : CASH SALES
[ADMIN] [11/15/2016 15:06] [PENJUALAN] CASHIER FORM : MAX SALES INVOICE [1]
[ADMIN] [11/15/2016 15:06] [PENJUALAN] CASHIER FORM : SALES INVOICE [SQ-2]
[ADMIN] [11/15/2016 15:06] [PENJUALAN] INSERT INTO SALES QUOTATION HEADER [SQ-2]
[ADMIN] [11/15/2016 15:06] [PENJUALAN] INSERT INTO SALES QUOTATION DETAIL[RT001, 1000, 2]
[ADMIN] [11/15/2016 15:06] [PENJUALAN] CASHIER FORM : REGISTER HOTKEY
[ADMIN] [11/15/2016 15:06] [PENJUALAN] TRANSACTION SAVED
[ADMIN] [11/15/2016 15:06] [PENJUALAN] PRINT OUT INVOICE
[ADMIN] [11/15/2016 15:06] [PENJUALAN] CASHIER FORM : PrintReceipt
[ADMIN] [11/15/2016 15:06] [PENJUALAN] CASHIER FORM : PrintReceipt, POS size Paper
[ADMIN] [11/15/2016 15:06] [PENJUALAN] CASHIER FORM : calculatePageLength, totalLengthPage [313]
[ADMIN] [11/15/2016 15:06] [PENJUALAN] CASHIER FORM : printDocument1_PrintPage, print POS size receipt
[ADMIN] [11/15/2016 15:06] [PENJUALAN] CASHIER FORM : loadNamaUser
[ADMIN] [11/15/2016 15:06] [PENJUALAN] CASHIER FORM : UNREGISTER HOTKEY
[ADMIN] [11/15/2016 15:06] [PENJUALAN] CASHIER FORM : REGISTER HOTKEY
[ADMIN] [11/15/2016 15:06] [PENJUALAN] CASHIER FORM : UPDATE ROW NUMBER, TOTAL ROW [1]
[ADMIN] [11/15/2016 15:06] [PENJUALAN] CASHIER FORM : cashierDataGridView_CellValueChanged [F8]
[ADMIN] [11/15/2016 15:07] [PENJUALAN] CASHIER FORM : UNREGISTER HOTKEY
[ADMIN] [11/15/2016 15:07] [PENJUALAN] CASHIER FORM : REGISTER HOTKEY
[ADMIN] [11/15/2016 15:07] [PENJUALAN] CASHIER FORM : UNREGISTER HOTKEY
[ADMIN] [11/15/2016 15:07] [PENJUALAN] CASHIER FORM : REGISTER HOTKEY
[ADMIN] [11/15/2016 15:07] [PENJUALAN] CASHIER FORM : UNREGISTER HOTKEY
[ADMIN] [11/15/2016 15:07] [PENJUALAN] CASHIER FORM : REGISTER HOTKEY
[ADMIN] [11/15/2016 15:07] [PENJUALAN] CASHIER FORM : UNREGISTER HOTKEY
[ADMIN] [11/15/2016 15:07] [PENJUALAN] CASHIER FORM : UNREGISTER HOTKEY
[ADMIN] [11/15/2016 15:07] [] USER ID = 1LOGOUT
