[] [11/11/2016 11:23] [] USER = ADMIN IS ACTIVE
[ADMIN] [11/11/2016 11:23] [] USER ID = 1 LOGIN SUCCESSFULLY
[ADMIN] [11/11/2016 11:23] [] ACTIVATE USER ACCESS RIGHT
[ADMIN] [11/11/2016 11:23] [] DISPLAY ADMIN FORM
[ADMIN] [11/11/2016 11:23] [] adminForm Load
[ADMIN] [11/11/2016 11:23] [] ACTIVATE USER ACCESS RIGHT
[ADMIN] [11/11/2016 11:24] [] DAILY STOCK TAKE : detailDataGrid_CellValueChanged [akhirRiil]
[ADMIN] [11/11/2016 11:24] [] DAILY STOCK TAKE : detailDataGrid_CellValueChanged [akhirRiil]
[ADMIN] [11/11/2016 11:24] [] DAILY STOCK TAKE : detailDataGrid_CellValueChanged [akhirRiil]
[ADMIN] [11/11/2016 11:24] [] DAILY STOCK TAKE : detailDataGrid_CellValueChanged [akhirRiil]
[ADMIN] [11/11/2016 11:24] [] DAILY STOCK TAKE : detailDataGrid_CellValueChanged [akhirRiil]
[ADMIN] [11/11/2016 11:24] [] DAILY STOCK TAKE : detailDataGrid_CellValueChanged [remark]
[ADMIN] [11/11/2016 11:24] [] DAILY STOCK TAKE : detailDataGrid_CellValueChanged [remark]
[ADMIN] [11/11/2016 11:24] [] DAILY STOCK TAKE : detailDataGrid_CellValueChanged [remark]
[ADMIN] [11/11/2016 11:24] [] DAILY STOCK TAKE : detailDataGrid_CellValueChanged [remark]
[ADMIN] [11/11/2016 11:24] [] DAILY STOCK TAKE : detailDataGrid_CellValueChanged [remark]
[ADMIN] [11/11/2016 11:24] [] DAILY STOCK TAKE : detailDataGrid_CellValueChanged [remark]
[] [11/11/2016 15:27] [] USER = ADMIN IS ACTIVE
[ADMIN] [11/11/2016 15:27] [] USER ID = 1 LOGIN SUCCESSFULLY
[ADMIN] [11/11/2016 15:27] [] ACTIVATE USER ACCESS RIGHT
[ADMIN] [11/11/2016 15:27] [] DISPLAY ADMIN FORM
[ADMIN] [11/11/2016 15:27] [] adminForm Load
[ADMIN] [11/11/2016 15:27] [] ACTIVATE USER ACCESS RIGHT
[ADMIN] [11/11/2016 15:27] [] USER ID = 1LOGOUT
