[] [12/7/2016 23:35] [] USER = ADMIN IS ACTIVE
[ADMIN] [12/7/2016 23:35] [] USER ID = 1 LOGIN SUCCESSFULLY
[ADMIN] [12/7/2016 23:35] [] ACTIVATE USER ACCESS RIGHT
[ADMIN] [12/7/2016 23:35] [] DISPLAY ADMIN FORM
[ADMIN] [12/7/2016 23:35] [] adminForm Load
[ADMIN] [12/7/2016 23:35] [] ACTIVATE USER ACCESS RIGHT
[ADMIN] [12/7/2016 23:35] [PENJUALAN] CASHIER FORM : REGISTER HOTKEY
[ADMIN] [12/7/2016 23:35] [PENJUALAN] CASHIER FORM : cashierForm_Load, ATTEMPT TO LOAD NO FAKTUR
[ADMIN] [12/7/2016 23:35] [PENJUALAN] CASHIER FORM : loadNoFaktur, noFakturValue [SLO001]
[ADMIN] [12/7/2016 23:35] [PENJUALAN] CASHIER FORM : cashierForm_Load, ATTEMPT TO addColumnToDataGrid
[ADMIN] [12/7/2016 23:35] [PENJUALAN] CASHIER FORM : UPDATE ROW NUMBER, TOTAL ROW [1]
[ADMIN] [12/7/2016 23:35] [PENJUALAN] CASHIER FORM : cashierDataGridView_CellValueChanged [F8]
[ADMIN] [12/7/2016 23:35] [PENJUALAN] CASHIER FORM : ADD NEW ROW,  isActive [True]
[ADMIN] [12/7/2016 23:35] [PENJUALAN] CASHIER FORM : ADD NEW ROW,  ROW COUNT [1]
[ADMIN] [12/7/2016 23:35] [PENJUALAN] CASHIER FORM : ADD NEW ROW,  ALLOW TO ADD [True]
[ADMIN] [12/7/2016 23:35] [PENJUALAN] CASHIER FORM : UPDATE ROW NUMBER, TOTAL ROW [2]
[ADMIN] [12/7/2016 23:35] [PENJUALAN] CASHIER FORM : calculateChangeValue, bayarTextBox.Text [Rp1.000,00]
[ADMIN] [12/7/2016 23:35] [PENJUALAN] CASHIER FORM : calculateChangeValue, sisaBayar [0]
[ADMIN] [12/7/2016 23:35] [PENJUALAN] CASHIER FORM : REGISTER HOTKEY
[ADMIN] [12/7/2016 23:35] [PENJUALAN] CASHIER FORM : HOTKEY TO SAVE AND PRINT OUT INVOICE PRESSED
[ADMIN] [12/7/2016 23:35] [PENJUALAN] CASHIER FORM : UNREGISTER HOTKEY
[ADMIN] [12/7/2016 23:35] [PENJUALAN] CASHIER FORM : REGISTER HOTKEY
[ADMIN] [12/7/2016 23:35] [PENJUALAN] ATTEMPT TO SAVE AND PRINT OUT INVOICE
[ADMIN] [12/7/2016 23:35] [PENJUALAN] CASHIER FORM : UNREGISTER HOTKEY
[ADMIN] [12/7/2016 23:35] [PENJUALAN] CASHIER FORM : ATTEMPT TO SAVE SALES DATA [07-12-2016 23:10]
[ADMIN] [12/7/2016 23:35] [PENJUALAN] CASHIER FORM : SALES DISC FINAL [0]
[ADMIN] [12/7/2016 23:35] [PENJUALAN] CASHIER FORM : CASH SALES
[ADMIN] [12/7/2016 23:35] [PENJUALAN] UPDATE SALES QUOTATION HEADER [SQ-36]
[ADMIN] [12/7/2016 23:35] [PENJUALAN] CLEAR SALES_QUOTATION_DETAIL [SQ-36]
[ADMIN] [12/7/2016 23:35] [PENJUALAN] INSERT INTO SALES QUOTATION DETAIL[RT001, 1000, 2]
[ADMIN] [12/7/2016 23:35] [PENJUALAN] CASHIER FORM : REGISTER HOTKEY
[ADMIN] [12/7/2016 23:35] [PENJUALAN] TRANSACTION SAVED
[ADMIN] [12/7/2016 23:35] [PENJUALAN] PRINT OUT INVOICE
[ADMIN] [12/7/2016 23:35] [PENJUALAN] CASHIER FORM : PrintReceipt
[ADMIN] [12/7/2016 23:35] [PENJUALAN] CASHIER FORM : PrintReceipt, POS size Paper
[ADMIN] [12/7/2016 23:35] [PENJUALAN] CASHIER FORM : printDocument1_PrintPage, print POS size receipt
[ADMIN] [12/7/2016 23:35] [PENJUALAN] CASHIER FORM : calculatePageLength, totalLengthPage [355]
[ADMIN] [12/7/2016 23:35] [PENJUALAN] CASHIER FORM : UNREGISTER HOTKEY
[ADMIN] [12/7/2016 23:35] [PENJUALAN] CASHIER FORM : REGISTER HOTKEY
[ADMIN] [12/7/2016 23:35] [PENJUALAN] CASHIER FORM : UNREGISTER HOTKEY
[ADMIN] [12/7/2016 23:35] [PENJUALAN] CASHIER FORM : printDocument1_PrintPage, print POS size receipt
[ADMIN] [12/7/2016 23:35] [PENJUALAN] CASHIER FORM : loadNamaUser
[ADMIN] [12/7/2016 23:36] [PENJUALAN] CASHIER FORM : REGISTER HOTKEY
[ADMIN] [12/7/2016 23:36] [PENJUALAN] CASHIER FORM : UNREGISTER HOTKEY
[ADMIN] [12/7/2016 23:36] [PENJUALAN] CASHIER FORM : REGISTER HOTKEY
[ADMIN] [12/7/2016 23:36] [PENJUALAN] CASHIER FORM : UNREGISTER HOTKEY
[ADMIN] [12/7/2016 23:36] [PENJUALAN] CASHIER FORM : REGISTER HOTKEY
[ADMIN] [12/7/2016 23:36] [PENJUALAN] CASHIER FORM : UNREGISTER HOTKEY
[ADMIN] [12/7/2016 23:36] [PENJUALAN] CASHIER FORM : UNREGISTER HOTKEY
[ADMIN] [12/7/2016 23:36] [] USER ID = 1LOGOUT
