[] [11/18/2016 12:28] [] USER = ADMIN IS ACTIVE
[ADMIN] [11/18/2016 12:28] [] USER ID = 1 LOGIN SUCCESSFULLY
[ADMIN] [11/18/2016 12:28] [] ACTIVATE USER ACCESS RIGHT
[ADMIN] [11/18/2016 12:28] [] DISPLAY ADMIN FORM
[ADMIN] [11/18/2016 12:28] [] adminForm Load
[ADMIN] [11/18/2016 12:28] [] ACTIVATE USER ACCESS RIGHT
[ADMIN] [11/18/2016 12:29] [PENJUALAN] CASHIER FORM : REGISTER HOTKEY
[ADMIN] [11/18/2016 12:29] [PENJUALAN] CASHIER FORM : cashierForm_Load, ATTEMPT TO LOAD NO FAKTUR
[ADMIN] [11/18/2016 12:29] [PENJUALAN] CASHIER FORM : loadNoFaktur, noFakturValue [SLO001]
[ADMIN] [11/18/2016 12:29] [PENJUALAN] CASHIER FORM : cashierForm_Load, ATTEMPT TO addColumnToDataGrid
[ADMIN] [11/18/2016 12:29] [PENJUALAN] CASHIER FORM : UPDATE ROW NUMBER, TOTAL ROW [1]
[ADMIN] [11/18/2016 12:29] [PENJUALAN] CASHIER FORM : cashierDataGridView_CellValueChanged [F8]
[ADMIN] [11/18/2016 12:29] [PENJUALAN] CASHIER FORM : ADD NEW ROW,  isActive [True]
[ADMIN] [11/18/2016 12:29] [PENJUALAN] CASHIER FORM : ADD NEW ROW,  ROW COUNT [1]
[ADMIN] [11/18/2016 12:29] [PENJUALAN] CASHIER FORM : ADD NEW ROW,  ALLOW TO ADD [False]
[ADMIN] [11/18/2016 12:29] [PENJUALAN] CASHIER FORM : clearUpSomeRowContents
[ADMIN] [11/18/2016 12:29] [PENJUALAN] CASHIER FORM : calculateTotal
[ADMIN] [11/18/2016 12:29] [PENJUALAN] CASHIER FORM : calculateTotal [0]
[ADMIN] [11/18/2016 12:29] [PENJUALAN] CASHIER FORM : calculateTotal, totalAfterDisc [0]
[ADMIN] [11/18/2016 12:29] [PENJUALAN] CASHIER FORM : calculateChangeValue, bayarTextBox.Text [0]
[ADMIN] [11/18/2016 12:29] [PENJUALAN] CASHIER FORM : calculateChangeValue, sisaBayar [0]
[ADMIN] [11/18/2016 12:29] [PENJUALAN] CASHIER FORM : calculateChangeValue, bayarTextBox.Text [1000]
[ADMIN] [11/18/2016 12:29] [PENJUALAN] CASHIER FORM : calculateChangeValue, sisaBayar [0]
[ADMIN] [11/18/2016 12:29] [PENJUALAN] CASHIER FORM : REGISTER HOTKEY
[ADMIN] [11/18/2016 12:29] [PENJUALAN] CASHIER FORM : Combobox_previewKeyDown, cashierDataGridView.CurrentCell.OwningColumn.Name  [productID]
[ADMIN] [11/18/2016 12:29] [PENJUALAN] CASHIER FORM : Combobox_KeyUp, cashierDataGridView.CurrentCell.OwningColumn.Name  [productID]
[ADMIN] [11/18/2016 12:29] [PENJUALAN] CASHIER FORM : Combobox_previewKeyDown, cashierDataGridView.CurrentCell.OwningColumn.Name  [productID]
[ADMIN] [11/18/2016 12:29] [PENJUALAN] CASHIER FORM : HOTKEY TO SAVE AND PRINT OUT INVOICE PRESSED
[ADMIN] [11/18/2016 12:29] [PENJUALAN] CASHIER FORM : UNREGISTER HOTKEY
[ADMIN] [11/18/2016 12:29] [PENJUALAN] CASHIER FORM : REGISTER HOTKEY
[ADMIN] [11/18/2016 12:29] [PENJUALAN] ATTEMPT TO SAVE AND PRINT OUT INVOICE
[ADMIN] [11/18/2016 12:29] [PENJUALAN] CASHIER FORM : UNREGISTER HOTKEY
[ADMIN] [11/18/2016 12:29] [PENJUALAN] CASHIER FORM : ATTEMPT TO SAVE SALES DATA [18-11-2016 12:29]
[ADMIN] [11/18/2016 12:29] [PENJUALAN] CASHIER FORM : SALES DISC FINAL [0]
[ADMIN] [11/18/2016 12:29] [PENJUALAN] CASHIER FORM : CASH SALES
[ADMIN] [11/18/2016 12:29] [PENJUALAN] UPDATE SALES QUOTATION HEADER [SQ-14]
[ADMIN] [11/18/2016 12:29] [PENJUALAN] CLEAR SALES_QUOTATION_DETAIL [SQ-14]
[ADMIN] [11/18/2016 12:29] [PENJUALAN] TRANSACTION SAVED
[ADMIN] [11/18/2016 12:29] [PENJUALAN] PRINT OUT INVOICE
[ADMIN] [11/18/2016 12:29] [PENJUALAN] CASHIER FORM : PrintReceipt
[ADMIN] [11/18/2016 12:29] [PENJUALAN] CASHIER FORM : PrintReceipt, papermode [0]
[ADMIN] [11/18/2016 12:29] [PENJUALAN] CASHIER FORM : PrintReceipt, display SalesReceiptForm
[ADMIN] [11/18/2016 12:29] [PENJUALAN] CASHIER FORM : REGISTER HOTKEY
[ADMIN] [11/18/2016 12:29] [PENJUALAN] CASHIER FORM : UNREGISTER HOTKEY
[ADMIN] [11/18/2016 12:29] [PENJUALAN] CASHIER FORM : REGISTER HOTKEY
[ADMIN] [11/18/2016 12:29] [PENJUALAN] CASHIER FORM : UNREGISTER HOTKEY
[ADMIN] [11/18/2016 12:29] [PENJUALAN] CASHIER FORM : REGISTER HOTKEY
[ADMIN] [11/18/2016 12:29] [PENJUALAN] CASHIER FORM : UPDATE ROW NUMBER, TOTAL ROW [1]
[ADMIN] [11/18/2016 12:29] [PENJUALAN] CASHIER FORM : UNREGISTER HOTKEY
[ADMIN] [11/18/2016 12:30] [PENJUALAN] CASHIER FORM : REGISTER HOTKEY
[ADMIN] [11/18/2016 12:30] [PENJUALAN] CASHIER FORM : UNREGISTER HOTKEY
[ADMIN] [11/18/2016 12:30] [PENJUALAN] CASHIER FORM : UNREGISTER HOTKEY
[ADMIN] [11/18/2016 12:30] [] USER ID = 1LOGOUT
[] [11/18/2016 12:33] [] USER = ADMIN IS ACTIVE
[ADMIN] [11/18/2016 12:33] [] USER ID = 1 LOGIN SUCCESSFULLY
[ADMIN] [11/18/2016 12:33] [] ACTIVATE USER ACCESS RIGHT
[ADMIN] [11/18/2016 12:33] [] DISPLAY ADMIN FORM
[ADMIN] [11/18/2016 12:33] [] adminForm Load
[ADMIN] [11/18/2016 12:33] [] ACTIVATE USER ACCESS RIGHT
[ADMIN] [11/18/2016 12:33] [PENJUALAN] CASHIER FORM : REGISTER HOTKEY
[ADMIN] [11/18/2016 12:33] [PENJUALAN] CASHIER FORM : cashierForm_Load, ATTEMPT TO LOAD NO FAKTUR
[ADMIN] [11/18/2016 12:33] [PENJUALAN] CASHIER FORM : loadNoFaktur, noFakturValue [SLO001]
[ADMIN] [11/18/2016 12:33] [PENJUALAN] CASHIER FORM : cashierForm_Load, ATTEMPT TO addColumnToDataGrid
[ADMIN] [11/18/2016 12:33] [PENJUALAN] CASHIER FORM : UPDATE ROW NUMBER, TOTAL ROW [1]
[ADMIN] [11/18/2016 12:33] [PENJUALAN] CASHIER FORM : cashierDataGridView_CellValueChanged [F8]
[ADMIN] [11/18/2016 12:33] [PENJUALAN] CASHIER FORM : calculateChangeValue, bayarTextBox.Text [1000]
[ADMIN] [11/18/2016 12:33] [PENJUALAN] CASHIER FORM : calculateChangeValue, sisaBayar [0]
[ADMIN] [11/18/2016 12:33] [PENJUALAN] CASHIER FORM : REGISTER HOTKEY
[ADMIN] [11/18/2016 12:34] [PENJUALAN] CASHIER FORM : UNREGISTER HOTKEY
[ADMIN] [11/18/2016 12:34] [PENJUALAN] CASHIER FORM : REGISTER HOTKEY
[ADMIN] [11/18/2016 12:34] [PENJUALAN] CASHIER FORM : UNREGISTER HOTKEY
[ADMIN] [11/18/2016 12:34] [PENJUALAN] CASHIER FORM : REGISTER HOTKEY
[ADMIN] [11/18/2016 12:34] [PENJUALAN] ATTEMPT TO SAVE AND PRINT OUT INVOICE
[ADMIN] [11/18/2016 12:34] [PENJUALAN] CASHIER FORM : UNREGISTER HOTKEY
[ADMIN] [11/18/2016 12:34] [PENJUALAN] CASHIER FORM : ATTEMPT TO SAVE SALES DATA [18-11-2016 12:34]
[ADMIN] [11/18/2016 12:34] [PENJUALAN] CASHIER FORM : SALES DISC FINAL [0]
[ADMIN] [11/18/2016 12:34] [PENJUALAN] CASHIER FORM : CASH SALES
[ADMIN] [11/18/2016 12:34] [PENJUALAN] CHECK IF TAX LIMIT SET FOR PERCENTAGE PURCHASE [0]
[ADMIN] [11/18/2016 12:34] [PENJUALAN] CHECK IF TAX LIMIT SET FOR AVERAGE DAILY PURCHASE [0]
[ADMIN] [11/18/2016 12:34] [PENJUALAN] CASHIER FORM : NO FAKTUR [SLO001]
[ADMIN] [11/18/2016 12:34] [PENJUALAN] CASHIER FORM : MAX SALES INVOICE [8]
[ADMIN] [11/18/2016 12:34] [PENJUALAN] CASHIER FORM : SALES INVOICE [SLO001-9]
[ADMIN] [11/18/2016 12:34] [PENJUALAN] INSERT INTO SALES HEADER [SLO001-9]
[ADMIN] [11/18/2016 12:34] [PENJUALAN] INSERT TO CREDIT TABLE [SLO001-9]
[ADMIN] [11/18/2016 12:34] [PENJUALAN] INSERT TO DAILY JOURNAL TABLE [2000]
[ADMIN] [11/18/2016 12:34] [PENJUALAN] TRANSACTION SAVED
[ADMIN] [11/18/2016 12:34] [PENJUALAN] PRINT OUT INVOICE
[ADMIN] [11/18/2016 12:34] [PENJUALAN] CASHIER FORM : PrintReceipt
[ADMIN] [11/18/2016 12:34] [PENJUALAN] CASHIER FORM : PrintReceipt, papermode [0]
[ADMIN] [11/18/2016 12:34] [PENJUALAN] CASHIER FORM : PrintReceipt, display SalesReceiptForm
[ADMIN] [11/18/2016 12:34] [PENJUALAN] CASHIER FORM : REGISTER HOTKEY
[ADMIN] [11/18/2016 12:34] [PENJUALAN] CASHIER FORM : UNREGISTER HOTKEY
[ADMIN] [11/18/2016 12:34] [PENJUALAN] CASHIER FORM : REGISTER HOTKEY
[ADMIN] [11/18/2016 12:34] [PENJUALAN] CASHIER FORM : UNREGISTER HOTKEY
[ADMIN] [11/18/2016 12:34] [PENJUALAN] CASHIER FORM : REGISTER HOTKEY
[ADMIN] [11/18/2016 12:34] [PENJUALAN] CASHIER FORM : UPDATE ROW NUMBER, TOTAL ROW [1]
[ADMIN] [11/18/2016 12:34] [PENJUALAN] CASHIER FORM : UNREGISTER HOTKEY
[ADMIN] [11/18/2016 12:35] [PENJUALAN] CASHIER FORM : REGISTER HOTKEY
[ADMIN] [11/18/2016 12:35] [PENJUALAN] CASHIER FORM : UNREGISTER HOTKEY
[ADMIN] [11/18/2016 12:35] [PENJUALAN] CASHIER FORM : REGISTER HOTKEY
[ADMIN] [11/18/2016 12:35] [PENJUALAN] CASHIER FORM : UNREGISTER HOTKEY
[ADMIN] [11/18/2016 12:36] [PENJUALAN] CASHIER FORM : REGISTER HOTKEY
[ADMIN] [11/18/2016 12:36] [PENJUALAN] CASHIER FORM : UNREGISTER HOTKEY
[ADMIN] [11/18/2016 12:36] [PENJUALAN] CASHIER FORM : REGISTER HOTKEY
[ADMIN] [11/18/2016 12:36] [PENJUALAN] CASHIER FORM : UNREGISTER HOTKEY
[ADMIN] [11/18/2016 12:36] [PENJUALAN] CASHIER FORM : REGISTER HOTKEY
[ADMIN] [11/18/2016 12:36] [PENJUALAN] CASHIER FORM : UNREGISTER HOTKEY
[ADMIN] [11/18/2016 12:37] [PENJUALAN] CASHIER FORM : REGISTER HOTKEY
[ADMIN] [11/18/2016 12:37] [PENJUALAN] CASHIER FORM : UNREGISTER HOTKEY
[ADMIN] [11/18/2016 12:37] [PENJUALAN] CASHIER FORM : REGISTER HOTKEY
[ADMIN] [11/18/2016 12:37] [PENJUALAN] CASHIER FORM : UNREGISTER HOTKEY
[] [11/18/2016 12:40] [] USER = ADMIN IS ACTIVE
[ADMIN] [11/18/2016 12:40] [] USER ID = 1 LOGIN SUCCESSFULLY
[ADMIN] [11/18/2016 12:41] [] ACTIVATE USER ACCESS RIGHT
[ADMIN] [11/18/2016 12:41] [] DISPLAY ADMIN FORM
[ADMIN] [11/18/2016 12:41] [] adminForm Load
[ADMIN] [11/18/2016 12:41] [] ACTIVATE USER ACCESS RIGHT
[ADMIN] [11/18/2016 12:42] [PENJUALAN] CASHIER FORM : REGISTER HOTKEY
[ADMIN] [11/18/2016 12:42] [PENJUALAN] CASHIER FORM : cashierForm_Load, ATTEMPT TO LOAD NO FAKTUR
[ADMIN] [11/18/2016 12:42] [PENJUALAN] CASHIER FORM : loadNoFaktur, noFakturValue [SLO001]
[ADMIN] [11/18/2016 12:42] [PENJUALAN] CASHIER FORM : cashierForm_Load, ATTEMPT TO addColumnToDataGrid
[ADMIN] [11/18/2016 12:42] [PENJUALAN] CASHIER FORM : UPDATE ROW NUMBER, TOTAL ROW [1]
[ADMIN] [11/18/2016 12:42] [PENJUALAN] CASHIER FORM : cashierDataGridView_CellValueChanged [F8]
[ADMIN] [11/18/2016 12:42] [PENJUALAN] CASHIER FORM : calculateChangeValue, bayarTextBox.Text [1000]
[ADMIN] [11/18/2016 12:42] [PENJUALAN] CASHIER FORM : calculateChangeValue, sisaBayar [0]
[ADMIN] [11/18/2016 12:42] [PENJUALAN] CASHIER FORM : REGISTER HOTKEY
[ADMIN] [11/18/2016 12:42] [PENJUALAN] CASHIER FORM : UNREGISTER HOTKEY
[ADMIN] [11/18/2016 12:42] [PENJUALAN] CASHIER FORM : REGISTER HOTKEY
[ADMIN] [11/18/2016 12:42] [PENJUALAN] CASHIER FORM : UNREGISTER HOTKEY
[ADMIN] [11/18/2016 12:42] [PENJUALAN] CASHIER FORM : REGISTER HOTKEY
[ADMIN] [11/18/2016 12:42] [PENJUALAN] CASHIER FORM : UNREGISTER HOTKEY
[ADMIN] [11/18/2016 12:42] [PENJUALAN] CASHIER FORM : REGISTER HOTKEY
[ADMIN] [11/18/2016 12:42] [PENJUALAN] ATTEMPT TO SAVE AND PRINT OUT INVOICE
[ADMIN] [11/18/2016 12:42] [PENJUALAN] CASHIER FORM : UNREGISTER HOTKEY
[ADMIN] [11/18/2016 12:42] [PENJUALAN] CASHIER FORM : ATTEMPT TO SAVE SALES DATA [18-11-2016 12:42]
[ADMIN] [11/18/2016 12:42] [PENJUALAN] CASHIER FORM : SALES DISC FINAL [0]
[ADMIN] [11/18/2016 12:42] [PENJUALAN] CASHIER FORM : CASH SALES
[ADMIN] [11/18/2016 12:42] [PENJUALAN] CHECK IF TAX LIMIT SET FOR PERCENTAGE PURCHASE [0]
[ADMIN] [11/18/2016 12:42] [PENJUALAN] CHECK IF TAX LIMIT SET FOR AVERAGE DAILY PURCHASE [0]
[ADMIN] [11/18/2016 12:42] [PENJUALAN] CASHIER FORM : NO FAKTUR [SLO001]
[ADMIN] [11/18/2016 12:42] [PENJUALAN] CASHIER FORM : MAX SALES INVOICE [9]
[ADMIN] [11/18/2016 12:42] [PENJUALAN] CASHIER FORM : SALES INVOICE [SLO001-10]
[ADMIN] [11/18/2016 12:42] [PENJUALAN] INSERT INTO SALES HEADER [SLO001-10]
[ADMIN] [11/18/2016 12:42] [PENJUALAN] INSERT TO CREDIT TABLE [SLO001-10]
[ADMIN] [11/18/2016 12:42] [PENJUALAN] INSERT TO DAILY JOURNAL TABLE [2000]
[ADMIN] [11/18/2016 12:43] [PENJUALAN] CASHIER FORM : REGISTER HOTKEY
[ADMIN] [11/18/2016 12:43] [PENJUALAN] TRANSACTION SAVED
[ADMIN] [11/18/2016 12:43] [PENJUALAN] PRINT OUT INVOICE
[ADMIN] [11/18/2016 12:43] [PENJUALAN] CASHIER FORM : PrintReceipt
[ADMIN] [11/18/2016 12:43] [PENJUALAN] CASHIER FORM : PrintReceipt, papermode [0]
[ADMIN] [11/18/2016 12:43] [PENJUALAN] CASHIER FORM : UNREGISTER HOTKEY
[ADMIN] [11/18/2016 12:43] [PENJUALAN] CASHIER FORM : PrintReceipt, display SalesReceiptForm
[ADMIN] [11/18/2016 12:43] [PENJUALAN] CASHIER FORM : REGISTER HOTKEY
[ADMIN] [11/18/2016 12:43] [PENJUALAN] CASHIER FORM : UNREGISTER HOTKEY
[ADMIN] [11/18/2016 12:43] [PENJUALAN] CASHIER FORM : REGISTER HOTKEY
[ADMIN] [11/18/2016 12:43] [PENJUALAN] CASHIER FORM : UNREGISTER HOTKEY
[ADMIN] [11/18/2016 12:43] [PENJUALAN] CASHIER FORM : REGISTER HOTKEY
[ADMIN] [11/18/2016 12:43] [PENJUALAN] CASHIER FORM : UPDATE ROW NUMBER, TOTAL ROW [1]
[ADMIN] [11/18/2016 12:43] [PENJUALAN] CASHIER FORM : UNREGISTER HOTKEY
[ADMIN] [11/18/2016 12:44] [PENJUALAN] CASHIER FORM : REGISTER HOTKEY
[ADMIN] [11/18/2016 12:44] [PENJUALAN] CASHIER FORM : UNREGISTER HOTKEY
[ADMIN] [11/18/2016 12:44] [PENJUALAN] CASHIER FORM : REGISTER HOTKEY
[ADMIN] [11/18/2016 12:44] [PENJUALAN] CASHIER FORM : UNREGISTER HOTKEY
[ADMIN] [11/18/2016 12:44] [PENJUALAN] CASHIER FORM : REGISTER HOTKEY
[ADMIN] [11/18/2016 12:44] [PENJUALAN] CASHIER FORM : UNREGISTER HOTKEY
[ADMIN] [11/18/2016 12:44] [PENJUALAN] CASHIER FORM : REGISTER HOTKEY
[ADMIN] [11/18/2016 12:44] [PENJUALAN] CASHIER FORM : UNREGISTER HOTKEY
[ADMIN] [11/18/2016 12:44] [PENJUALAN] CASHIER FORM : UNREGISTER HOTKEY
[] [11/18/2016 12:48] [] USER = ADMIN IS ACTIVE
[ADMIN] [11/18/2016 12:48] [] USER ID = 1 LOGIN SUCCESSFULLY
[ADMIN] [11/18/2016 12:48] [] ACTIVATE USER ACCESS RIGHT
[ADMIN] [11/18/2016 12:48] [] DISPLAY ADMIN FORM
[ADMIN] [11/18/2016 12:48] [] adminForm Load
[ADMIN] [11/18/2016 12:48] [] ACTIVATE USER ACCESS RIGHT
[ADMIN] [11/18/2016 12:49] [] USER ID = 1LOGOUT
