[] [11/10/2016 22:43] [] USER = ADMIN IS ACTIVE
[ADMIN] [11/10/2016 22:43] [] USER ID = 1 LOGIN SUCCESSFULLY
[ADMIN] [11/10/2016 22:43] [] ACTIVATE USER ACCESS RIGHT
[ADMIN] [11/10/2016 22:43] [] DISPLAY ADMIN FORM
[ADMIN] [11/10/2016 22:43] [] adminForm Load
[ADMIN] [11/10/2016 22:43] [] ACTIVATE USER ACCESS RIGHT
[] [11/11/2016 11:21] [] USER = ADMIN IS ACTIVE
[ADMIN] [11/11/2016 11:21] [] USER ID = 1 LOGIN SUCCESSFULLY
[ADMIN] [11/11/2016 11:21] [] ACTIVATE USER ACCESS RIGHT
[ADMIN] [11/11/2016 11:21] [] DISPLAY ADMIN FORM
[ADMIN] [11/11/2016 11:21] [] adminForm Load
[ADMIN] [11/11/2016 11:21] [] ACTIVATE USER ACCESS RIGHT
[ADMIN] [11/11/2016 11:22] [] DAILY STOCK TAKE : detailDataGrid_CellValueChanged [akhirRiil]
[ADMIN] [11/11/2016 11:22] [] DAILY STOCK TAKE : detailDataGrid_CellValueChanged [akhirRiil]
[ADMIN] [11/11/2016 11:22] [] DAILY STOCK TAKE : detailDataGrid_CellValueChanged [akhirRiil]
[ADMIN] [11/11/2016 11:22] [] DAILY STOCK TAKE : detailDataGrid_CellValueChanged [akhirRiil]
[ADMIN] [11/11/2016 11:22] [] DAILY STOCK TAKE : detailDataGrid_CellValueChanged [akhirRiil]
[ADMIN] [11/11/2016 11:22] [] DAILY STOCK TAKE : detailDataGrid_CellValueChanged [remark]
[ADMIN] [11/11/2016 11:22] [] DAILY STOCK TAKE : detailDataGrid_CellValueChanged [remark]
[ADMIN] [11/11/2016 11:22] [] DAILY STOCK TAKE : detailDataGrid_CellValueChanged [remark]
[ADMIN] [11/11/2016 11:22] [] USER ID = 1LOGOUT
