[] [12/2/2016 22:46] [] USER = ADMIN IS ACTIVE
[ADMIN] [12/2/2016 22:46] [] USER ID = 1 LOGIN SUCCESSFULLY
[ADMIN] [12/2/2016 22:46] [] ACTIVATE USER ACCESS RIGHT
[ADMIN] [12/2/2016 22:46] [] DISPLAY ADMIN FORM
[ADMIN] [12/2/2016 22:46] [] adminForm Load
[ADMIN] [12/2/2016 22:46] [] ACTIVATE USER ACCESS RIGHT
[ADMIN] [12/2/2016 22:46] [PENJUALAN] CASHIER FORM : MULTIPLE CASHIER INSTANCE [1]
[ADMIN] [12/2/2016 22:46] [PENJUALAN] CASHIER FORM : REGISTER HOTKEY
[ADMIN] [12/2/2016 22:46] [PENJUALAN] CASHIER FORM : cashierForm_Load, ATTEMPT TO LOAD NO FAKTUR
[ADMIN] [12/2/2016 22:46] [PENJUALAN] CASHIER FORM : loadNoFaktur, noFakturValue [SLO001]
[ADMIN] [12/2/2016 22:46] [PENJUALAN] CASHIER FORM : cashierForm_Load, ATTEMPT TO addColumnToDataGrid
[ADMIN] [12/2/2016 22:46] [PENJUALAN] CASHIER FORM : UPDATE ROW NUMBER, TOTAL ROW [1]
[ADMIN] [12/2/2016 22:46] [PENJUALAN] CASHIER FORM : cashierDataGridView_CellValueChanged [F8]
[ADMIN] [12/2/2016 22:46] [PENJUALAN] CASHIER FORM : REGISTER HOTKEY
[ADMIN] [12/2/2016 22:46] [PENJUALAN] CASHIER FORM : Combobox_previewKeyDown, cashierDataGridView.CurrentCell.OwningColumn.Name  [productID]
[ADMIN] [12/2/2016 22:46] [PENJUALAN] CASHIER FORM : UPDATE ROW NUMBER, TOTAL ROW [2]
[ADMIN] [12/2/2016 22:46] [PENJUALAN] CASHIER FORM : cashierDataGridView_CellValueChanged [F8]
[ADMIN] [12/2/2016 22:46] [PENJUALAN] CASHIER FORM : cashierDataGridView_CellValueChanged [productID]
[ADMIN] [12/2/2016 22:46] [PENJUALAN] CASHIER FORM : Combobox_KeyUp, cashierDataGridView.CurrentCell.OwningColumn.Name  [productID]
[ADMIN] [12/2/2016 22:46] [PENJUALAN] CASHIER FORM : Combobox_previewKeyDown, cashierDataGridView.CurrentCell.OwningColumn.Name  [productID]
[ADMIN] [12/2/2016 22:46] [PENJUALAN] CASHIER FORM : cashierDataGridView_CellValueChanged [productID]
[ADMIN] [12/2/2016 22:46] [PENJUALAN] CASHIER FORM : Combobox_KeyUp, cashierDataGridView.CurrentCell.OwningColumn.Name  [productID]
[ADMIN] [12/2/2016 22:46] [PENJUALAN] CASHIER FORM : Combobox_previewKeyDown, cashierDataGridView.CurrentCell.OwningColumn.Name  [productID]
[ADMIN] [12/2/2016 22:46] [PENJUALAN] CASHIER FORM : cashierDataGridView_CellValueChanged [productID]
[ADMIN] [12/2/2016 22:46] [PENJUALAN] CASHIER FORM : Combobox_KeyUp, cashierDataGridView.CurrentCell.OwningColumn.Name  [productID]
[ADMIN] [12/2/2016 22:46] [PENJUALAN] CASHIER FORM : Combobox_previewKeyDown, cashierDataGridView.CurrentCell.OwningColumn.Name  [productID]
[ADMIN] [12/2/2016 22:46] [PENJUALAN] CASHIER FORM : cashierDataGridView_CellValueChanged [productID]
[ADMIN] [12/2/2016 22:46] [PENJUALAN] CASHIER FORM : Combobox_KeyUp, cashierDataGridView.CurrentCell.OwningColumn.Name  [productID]
[ADMIN] [12/2/2016 22:46] [PENJUALAN] CASHIER FORM : Combobox_previewKeyDown, cashierDataGridView.CurrentCell.OwningColumn.Name  [productID]
[ADMIN] [12/2/2016 22:46] [PENJUALAN] CASHIER FORM : cashierDataGridView_CellValueChanged [productID]
[ADMIN] [12/2/2016 22:46] [PENJUALAN] CASHIER FORM : Combobox_KeyUp, cashierDataGridView.CurrentCell.OwningColumn.Name  [productID]
[ADMIN] [12/2/2016 22:46] [PENJUALAN] CASHIER FORM : Combobox_previewKeyDown, cashierDataGridView.CurrentCell.OwningColumn.Name  [productID]
[ADMIN] [12/2/2016 22:46] [PENJUALAN] CASHIER FORM : updateSomeRowContents
[ADMIN] [12/2/2016 22:46] [PENJUALAN] CASHIER FORM : cashierDataGridView_CellValueChanged [productName]
[ADMIN] [12/2/2016 22:46] [PENJUALAN] CASHIER FORM : updateSomeRowContents
[ADMIN] [12/2/2016 22:46] [PENJUALAN] CASHIER FORM : PRODUCT PRICE TYPE [PRODUCT_BASE_PRICE]
[ADMIN] [12/2/2016 22:46] [PENJUALAN] CASHIER FORM : PRODUCT PRICE [2]
[ADMIN] [12/2/2016 22:46] [PENJUALAN] CASHIER FORM : ComboBox_SelectedIndexChanged, PRODUCT_BASE_PRICE [2]
[ADMIN] [12/2/2016 22:46] [PENJUALAN] CASHIER FORM : cashierDataGridView_CellValueChanged [hpp]
[ADMIN] [12/2/2016 22:46] [PENJUALAN] CASHIER FORM : PRODUCT PRICE TYPE [PRODUCT_RETAIL_PRICE]
[ADMIN] [12/2/2016 22:46] [PENJUALAN] CASHIER FORM : PRODUCT PRICE [1000]
[ADMIN] [12/2/2016 22:46] [PENJUALAN] CASHIER FORM : ComboBox_SelectedIndexChanged, PRODUCT_SALES_PRICE [1000]
[ADMIN] [12/2/2016 22:46] [PENJUALAN] CASHIER FORM : cashierDataGridView_CellValueChanged [productPrice]
[ADMIN] [12/2/2016 22:46] [PENJUALAN] CASHIER FORM : cashierDataGridView_CellValueChanged, previousInput [0]
[ADMIN] [12/2/2016 22:46] [PENJUALAN] CASHIER FORM : cashierDataGridView_CellValueChanged, cellValue [1000]
[ADMIN] [12/2/2016 22:46] [PENJUALAN] CASHIER FORM : cashierDataGridView_CellValueChanged, dataGridViewTextBoxEditingControl.Text pass REGEX Checking
[ADMIN] [12/2/2016 22:46] [PENJUALAN] CASHIER FORM : CALCULATE SUBTOTAL
[ADMIN] [12/2/2016 22:46] [PENJUALAN] CASHIER FORM : SUBTOTAL [0]
[ADMIN] [12/2/2016 22:46] [PENJUALAN] CASHIER FORM : cashierDataGridView_CellValueChanged, subtotal value [0]
[ADMIN] [12/2/2016 22:46] [PENJUALAN] CASHIER FORM : cashierDataGridView_CellValueChanged, attempt to calculate total value
[ADMIN] [12/2/2016 22:46] [PENJUALAN] CASHIER FORM : calculateTotal
[ADMIN] [12/2/2016 22:46] [PENJUALAN] CASHIER FORM : calculateTotal [0]
[ADMIN] [12/2/2016 22:46] [PENJUALAN] CASHIER FORM : calculateTotal, totalAfterDisc [0]
[ADMIN] [12/2/2016 22:46] [PENJUALAN] CASHIER FORM : calculateChangeValue, bayarTextBox.Text [0]
[ADMIN] [12/2/2016 22:46] [PENJUALAN] CASHIER FORM : calculateChangeValue, sisaBayar [0]
[ADMIN] [12/2/2016 22:46] [PENJUALAN] CASHIER FORM : cashierDataGridView_CellValueChanged [qty]
[ADMIN] [12/2/2016 22:46] [PENJUALAN] CASHIER FORM : cashierDataGridView_CellValueChanged, previousInput [0]
[ADMIN] [12/2/2016 22:46] [PENJUALAN] CASHIER FORM : cashierDataGridView_CellValueChanged [jumlah]
[ADMIN] [12/2/2016 22:46] [PENJUALAN] CASHIER FORM : calculateTotal
[ADMIN] [12/2/2016 22:46] [PENJUALAN] CASHIER FORM : calculateTotal [0]
[ADMIN] [12/2/2016 22:46] [PENJUALAN] CASHIER FORM : calculateTotal, totalAfterDisc [0]
[ADMIN] [12/2/2016 22:46] [PENJUALAN] CASHIER FORM : calculateChangeValue, bayarTextBox.Text [0]
[ADMIN] [12/2/2016 22:46] [PENJUALAN] CASHIER FORM : calculateChangeValue, sisaBayar [0]
[ADMIN] [12/2/2016 22:46] [PENJUALAN] CASHIER FORM : Combobox_KeyUp, cashierDataGridView.CurrentCell.OwningColumn.Name  [qty]
[ADMIN] [12/2/2016 22:46] [PENJUALAN] CASHIER FORM : cashierDataGridView_CellValueChanged [qty]
[ADMIN] [12/2/2016 22:46] [PENJUALAN] CASHIER FORM : cashierDataGridView_CellValueChanged, previousInput [0]
[ADMIN] [12/2/2016 22:46] [PENJUALAN] CASHIER FORM : cashierDataGridView_CellValueChanged, cellValue [2]
[ADMIN] [12/2/2016 22:46] [PENJUALAN] CASHIER FORM : cashierDataGridView_CellValueChanged, dataGridViewTextBoxEditingControl.Text pass REGEX Checking
[ADMIN] [12/2/2016 22:46] [PENJUALAN] CASHIER FORM : CHECK STOCK QTY IS ENOUGH [RT001]
[ADMIN] [12/2/2016 22:46] [PENJUALAN] CASHIER FORM : CHECK STOCK QTY IS ENOUGH [64, 2]
[ADMIN] [12/2/2016 22:46] [PENJUALAN] CASHIER FORM : CALCULATE SUBTOTAL
[ADMIN] [12/2/2016 22:46] [PENJUALAN] CASHIER FORM : SUBTOTAL [2000]
[ADMIN] [12/2/2016 22:46] [PENJUALAN] CASHIER FORM : cashierDataGridView_CellValueChanged, subtotal value [2000]
[ADMIN] [12/2/2016 22:46] [PENJUALAN] CASHIER FORM : cashierDataGridView_CellValueChanged, attempt to calculate total value
[ADMIN] [12/2/2016 22:46] [PENJUALAN] CASHIER FORM : calculateTotal
[ADMIN] [12/2/2016 22:46] [PENJUALAN] CASHIER FORM : calculateTotal [2000]
[ADMIN] [12/2/2016 22:46] [PENJUALAN] CASHIER FORM : calculateTotal, totalAfterDisc [2000]
[ADMIN] [12/2/2016 22:46] [PENJUALAN] CASHIER FORM : calculateChangeValue, bayarTextBox.Text [0]
[ADMIN] [12/2/2016 22:46] [PENJUALAN] CASHIER FORM : calculateChangeValue, sisaBayar [0]
[ADMIN] [12/2/2016 22:46] [PENJUALAN] CASHIER FORM : Combobox_KeyUp, cashierDataGridView.CurrentCell.OwningColumn.Name  [qty]
[ADMIN] [12/2/2016 22:46] [PENJUALAN] CASHIER FORM : HOTKEY TO SAVE AND PRINT OUT INVOICE PRESSED
[ADMIN] [12/2/2016 22:46] [PENJUALAN] CASHIER FORM : UNREGISTER HOTKEY
[ADMIN] [12/2/2016 22:46] [PENJUALAN] CASHIER FORM : REGISTER HOTKEY
[ADMIN] [12/2/2016 22:46] [PENJUALAN] ATTEMPT TO SAVE AND PRINT OUT INVOICE
[ADMIN] [12/2/2016 22:46] [PENJUALAN] CASHIER FORM : UNREGISTER HOTKEY
[ADMIN] [12/2/2016 22:46] [PENJUALAN] CASHIER FORM : REGISTER HOTKEY
[ADMIN] [12/2/2016 22:46] [PENJUALAN] CASHIER FORM : calculateChangeValue, bayarTextBox.Text [2]
[ADMIN] [12/2/2016 22:46] [PENJUALAN] CASHIER FORM : calculateChangeValue, sisaBayar [0]
[ADMIN] [12/2/2016 22:46] [PENJUALAN] CASHIER FORM : calculateChangeValue, bayarTextBox.Text [20]
[ADMIN] [12/2/2016 22:46] [PENJUALAN] CASHIER FORM : calculateChangeValue, sisaBayar [0]
[ADMIN] [12/2/2016 22:46] [PENJUALAN] CASHIER FORM : calculateChangeValue, bayarTextBox.Text [200]
[ADMIN] [12/2/2016 22:46] [PENJUALAN] CASHIER FORM : calculateChangeValue, sisaBayar [0]
[ADMIN] [12/2/2016 22:46] [PENJUALAN] CASHIER FORM : calculateChangeValue, bayarTextBox.Text [2000]
[ADMIN] [12/2/2016 22:46] [PENJUALAN] CASHIER FORM : calculateChangeValue, sisaBayar [0]
[ADMIN] [12/2/2016 22:46] [PENJUALAN] CASHIER FORM : HOTKEY TO SAVE AND PRINT OUT INVOICE PRESSED
[ADMIN] [12/2/2016 22:46] [PENJUALAN] CASHIER FORM : UNREGISTER HOTKEY
[ADMIN] [12/2/2016 22:46] [PENJUALAN] CASHIER FORM : REGISTER HOTKEY
[ADMIN] [12/2/2016 22:46] [PENJUALAN] ATTEMPT TO SAVE AND PRINT OUT INVOICE
[ADMIN] [12/2/2016 22:46] [PENJUALAN] CASHIER FORM : UNREGISTER HOTKEY
[ADMIN] [12/2/2016 22:46] [PENJUALAN] CASHIER FORM : REGISTER HOTKEY
[ADMIN] [12/2/2016 22:46] [PENJUALAN] CASHIER FORM : UNREGISTER HOTKEY
[ADMIN] [12/2/2016 22:46] [PENJUALAN] CASHIER FORM : ATTEMPT TO SAVE SALES DATA [02-12-2016 22:46]
[ADMIN] [12/2/2016 22:46] [PENJUALAN] CASHIER FORM : SALES DISC FINAL [0]
[ADMIN] [12/2/2016 22:46] [PENJUALAN] CASHIER FORM : CASH SALES
[ADMIN] [12/2/2016 22:46] [PENJUALAN] CHECK IF TAX LIMIT SET FOR PERCENTAGE PURCHASE [0]
[ADMIN] [12/2/2016 22:46] [PENJUALAN] CHECK IF TAX LIMIT SET FOR AVERAGE DAILY PURCHASE [0]
[ADMIN] [12/2/2016 22:46] [PENJUALAN] CASHIER FORM : NO FAKTUR [SLO001]
[ADMIN] [12/2/2016 22:46] [PENJUALAN] CASHIER FORM : MAX SALES INVOICE [26]
[ADMIN] [12/2/2016 22:46] [PENJUALAN] CASHIER FORM : SALES INVOICE [SLO001-27]
[ADMIN] [12/2/2016 22:46] [PENJUALAN] INSERT INTO SALES HEADER [SLO001-27]
[ADMIN] [12/2/2016 22:46] [PENJUALAN] INSERT INTO SALES DETAIL[RT001, 1000, 2]
[ADMIN] [12/2/2016 22:46] [PENJUALAN] REDUCE STOCK AT MASTER PRODUCT [RT001]
[ADMIN] [12/2/2016 22:46] [PENJUALAN] INSERT TO CREDIT TABLE [SLO001-27]
[ADMIN] [12/2/2016 22:46] [PENJUALAN] INSERT TO DAILY JOURNAL TABLE [2000]
[ADMIN] [12/2/2016 22:46] [PENJUALAN] CASHIER FORM : REGISTER HOTKEY
[ADMIN] [12/2/2016 22:46] [PENJUALAN] TRANSACTION SAVED
[ADMIN] [12/2/2016 22:46] [PENJUALAN] PRINT OUT INVOICE
[ADMIN] [12/2/2016 22:46] [PENJUALAN] CASHIER FORM : PrintReceipt
[ADMIN] [12/2/2016 22:46] [PENJUALAN] CASHIER FORM : PrintReceipt, papermode [0]
[ADMIN] [12/2/2016 22:46] [PENJUALAN] CASHIER FORM : PrintReceipt, display SalesReceiptForm
[ADMIN] [12/2/2016 22:46] [PENJUALAN] CASHIER FORM : UNREGISTER HOTKEY
[ADMIN] [12/2/2016 22:46] [PENJUALAN] CASHIER FORM : REGISTER HOTKEY
[ADMIN] [12/2/2016 22:46] [PENJUALAN] CASHIER FORM : UNREGISTER HOTKEY
[ADMIN] [12/2/2016 22:46] [PENJUALAN] CASHIER FORM : REGISTER HOTKEY
[ADMIN] [12/2/2016 22:46] [PENJUALAN] CASHIER FORM : UPDATE ROW NUMBER, TOTAL ROW [1]
[ADMIN] [12/2/2016 22:46] [PENJUALAN] CASHIER FORM : cashierDataGridView_CellValueChanged [F8]
[ADMIN] [12/2/2016 22:46] [PENJUALAN] CASHIER FORM : UNREGISTER HOTKEY
[ADMIN] [12/2/2016 22:46] [PENJUALAN] CASHIER FORM : UNREGISTER HOTKEY
[ADMIN] [12/2/2016 22:47] [PENJUALAN] CASHIER FORM : REGISTER HOTKEY
[ADMIN] [12/2/2016 22:47] [PENJUALAN] CASHIER FORM : cashierForm_Load, ATTEMPT TO LOAD NO FAKTUR
[ADMIN] [12/2/2016 22:47] [PENJUALAN] CASHIER FORM : loadNoFaktur, noFakturValue [SLO001]
[ADMIN] [12/2/2016 22:47] [PENJUALAN] CASHIER FORM : cashierForm_Load, ATTEMPT TO addColumnToDataGrid
[ADMIN] [12/2/2016 22:47] [PENJUALAN] CASHIER FORM : UPDATE ROW NUMBER, TOTAL ROW [1]
[ADMIN] [12/2/2016 22:47] [PENJUALAN] CASHIER FORM : cashierDataGridView_CellValueChanged [F8]
[ADMIN] [12/2/2016 22:47] [PENJUALAN] CASHIER FORM : REGISTER HOTKEY
[ADMIN] [12/2/2016 22:48] [PENJUALAN] CASHIER FORM : Combobox_previewKeyDown, cashierDataGridView.CurrentCell.OwningColumn.Name  [productID]
[ADMIN] [12/2/2016 22:48] [PENJUALAN] CASHIER FORM : UPDATE ROW NUMBER, TOTAL ROW [2]
[ADMIN] [12/2/2016 22:48] [PENJUALAN] CASHIER FORM : cashierDataGridView_CellValueChanged [F8]
[ADMIN] [12/2/2016 22:48] [PENJUALAN] CASHIER FORM : cashierDataGridView_CellValueChanged [productID]
[ADMIN] [12/2/2016 22:48] [PENJUALAN] CASHIER FORM : Combobox_KeyUp, cashierDataGridView.CurrentCell.OwningColumn.Name  [productID]
[ADMIN] [12/2/2016 22:48] [PENJUALAN] CASHIER FORM : Combobox_previewKeyDown, cashierDataGridView.CurrentCell.OwningColumn.Name  [productID]
[ADMIN] [12/2/2016 22:48] [PENJUALAN] CASHIER FORM : cashierDataGridView_CellValueChanged [productID]
[ADMIN] [12/2/2016 22:48] [PENJUALAN] CASHIER FORM : Combobox_KeyUp, cashierDataGridView.CurrentCell.OwningColumn.Name  [productID]
[ADMIN] [12/2/2016 22:48] [PENJUALAN] CASHIER FORM : Combobox_previewKeyDown, cashierDataGridView.CurrentCell.OwningColumn.Name  [productID]
[ADMIN] [12/2/2016 22:48] [PENJUALAN] CASHIER FORM : cashierDataGridView_CellValueChanged [productID]
[ADMIN] [12/2/2016 22:48] [PENJUALAN] CASHIER FORM : Combobox_KeyUp, cashierDataGridView.CurrentCell.OwningColumn.Name  [productID]
[ADMIN] [12/2/2016 22:48] [PENJUALAN] CASHIER FORM : Combobox_previewKeyDown, cashierDataGridView.CurrentCell.OwningColumn.Name  [productID]
[ADMIN] [12/2/2016 22:48] [PENJUALAN] CASHIER FORM : cashierDataGridView_CellValueChanged [productID]
[ADMIN] [12/2/2016 22:48] [PENJUALAN] CASHIER FORM : Combobox_previewKeyDown, cashierDataGridView.CurrentCell.OwningColumn.Name  [productID]
[ADMIN] [12/2/2016 22:48] [PENJUALAN] CASHIER FORM : cashierDataGridView_CellValueChanged [productID]
[ADMIN] [12/2/2016 22:48] [PENJUALAN] CASHIER FORM : Combobox_KeyUp, cashierDataGridView.CurrentCell.OwningColumn.Name  [productID]
[ADMIN] [12/2/2016 22:48] [PENJUALAN] CASHIER FORM : Combobox_KeyUp, cashierDataGridView.CurrentCell.OwningColumn.Name  [productID]
[ADMIN] [12/2/2016 22:48] [PENJUALAN] CASHIER FORM : Combobox_previewKeyDown, cashierDataGridView.CurrentCell.OwningColumn.Name  [productID]
[ADMIN] [12/2/2016 22:48] [PENJUALAN] CASHIER FORM : updateSomeRowContents
[ADMIN] [12/2/2016 22:48] [PENJUALAN] CASHIER FORM : cashierDataGridView_CellValueChanged [productName]
[ADMIN] [12/2/2016 22:48] [PENJUALAN] CASHIER FORM : updateSomeRowContents
[ADMIN] [12/2/2016 22:48] [PENJUALAN] CASHIER FORM : PRODUCT PRICE TYPE [PRODUCT_BASE_PRICE]
[ADMIN] [12/2/2016 22:48] [PENJUALAN] CASHIER FORM : PRODUCT PRICE [0]
[ADMIN] [12/2/2016 22:48] [PENJUALAN] CASHIER FORM : ComboBox_SelectedIndexChanged, PRODUCT_BASE_PRICE [0]
[ADMIN] [12/2/2016 22:48] [PENJUALAN] CASHIER FORM : cashierDataGridView_CellValueChanged [hpp]
[ADMIN] [12/2/2016 22:48] [PENJUALAN] CASHIER FORM : PRODUCT PRICE TYPE [PRODUCT_RETAIL_PRICE]
[ADMIN] [12/2/2016 22:48] [PENJUALAN] CASHIER FORM : PRODUCT PRICE [5000]
[ADMIN] [12/2/2016 22:48] [PENJUALAN] CASHIER FORM : ComboBox_SelectedIndexChanged, PRODUCT_SALES_PRICE [5000]
[ADMIN] [12/2/2016 22:48] [PENJUALAN] CASHIER FORM : cashierDataGridView_CellValueChanged [productPrice]
[ADMIN] [12/2/2016 22:48] [PENJUALAN] CASHIER FORM : cashierDataGridView_CellValueChanged, previousInput [0]
[ADMIN] [12/2/2016 22:48] [PENJUALAN] CASHIER FORM : cashierDataGridView_CellValueChanged, cellValue [5000]
[ADMIN] [12/2/2016 22:48] [PENJUALAN] CASHIER FORM : cashierDataGridView_CellValueChanged, dataGridViewTextBoxEditingControl.Text pass REGEX Checking
[ADMIN] [12/2/2016 22:48] [PENJUALAN] CASHIER FORM : CALCULATE SUBTOTAL
[ADMIN] [12/2/2016 22:48] [PENJUALAN] CASHIER FORM : SUBTOTAL [0]
[ADMIN] [12/2/2016 22:48] [PENJUALAN] CASHIER FORM : cashierDataGridView_CellValueChanged, subtotal value [0]
[ADMIN] [12/2/2016 22:48] [PENJUALAN] CASHIER FORM : cashierDataGridView_CellValueChanged, attempt to calculate total value
[ADMIN] [12/2/2016 22:48] [PENJUALAN] CASHIER FORM : calculateTotal
[ADMIN] [12/2/2016 22:48] [PENJUALAN] CASHIER FORM : calculateTotal [0]
[ADMIN] [12/2/2016 22:48] [PENJUALAN] CASHIER FORM : calculateTotal, totalAfterDisc [0]
[ADMIN] [12/2/2016 22:48] [PENJUALAN] CASHIER FORM : calculateChangeValue, bayarTextBox.Text [0]
[ADMIN] [12/2/2016 22:48] [PENJUALAN] CASHIER FORM : calculateChangeValue, sisaBayar [0]
[ADMIN] [12/2/2016 22:48] [PENJUALAN] CASHIER FORM : cashierDataGridView_CellValueChanged [qty]
[ADMIN] [12/2/2016 22:48] [PENJUALAN] CASHIER FORM : cashierDataGridView_CellValueChanged, previousInput [0]
[ADMIN] [12/2/2016 22:48] [PENJUALAN] CASHIER FORM : cashierDataGridView_CellValueChanged [jumlah]
[ADMIN] [12/2/2016 22:48] [PENJUALAN] CASHIER FORM : calculateTotal
[ADMIN] [12/2/2016 22:48] [PENJUALAN] CASHIER FORM : calculateTotal [0]
[ADMIN] [12/2/2016 22:48] [PENJUALAN] CASHIER FORM : calculateTotal, totalAfterDisc [0]
[ADMIN] [12/2/2016 22:48] [PENJUALAN] CASHIER FORM : calculateChangeValue, bayarTextBox.Text [0]
[ADMIN] [12/2/2016 22:48] [PENJUALAN] CASHIER FORM : calculateChangeValue, sisaBayar [0]
[ADMIN] [12/2/2016 22:48] [PENJUALAN] CASHIER FORM : Combobox_KeyUp, cashierDataGridView.CurrentCell.OwningColumn.Name  [qty]
[ADMIN] [12/2/2016 22:48] [PENJUALAN] CASHIER FORM : cashierDataGridView_CellValueChanged [qty]
[ADMIN] [12/2/2016 22:48] [PENJUALAN] CASHIER FORM : cashierDataGridView_CellValueChanged, previousInput [0]
[ADMIN] [12/2/2016 22:48] [PENJUALAN] CASHIER FORM : cashierDataGridView_CellValueChanged, cellValue [2]
[ADMIN] [12/2/2016 22:48] [PENJUALAN] CASHIER FORM : cashierDataGridView_CellValueChanged, dataGridViewTextBoxEditingControl.Text pass REGEX Checking
[ADMIN] [12/2/2016 22:48] [PENJUALAN] CASHIER FORM : CHECK STOCK QTY IS ENOUGH [RT002]
[ADMIN] [12/2/2016 22:48] [PENJUALAN] CASHIER FORM : CHECK STOCK QTY IS ENOUGH [74, 2]
[ADMIN] [12/2/2016 22:48] [PENJUALAN] CASHIER FORM : CALCULATE SUBTOTAL
[ADMIN] [12/2/2016 22:48] [PENJUALAN] CASHIER FORM : SUBTOTAL [10000]
[ADMIN] [12/2/2016 22:48] [PENJUALAN] CASHIER FORM : cashierDataGridView_CellValueChanged, subtotal value [10000]
[ADMIN] [12/2/2016 22:48] [PENJUALAN] CASHIER FORM : cashierDataGridView_CellValueChanged, attempt to calculate total value
[ADMIN] [12/2/2016 22:48] [PENJUALAN] CASHIER FORM : calculateTotal
[ADMIN] [12/2/2016 22:48] [PENJUALAN] CASHIER FORM : calculateTotal [10000]
[ADMIN] [12/2/2016 22:48] [PENJUALAN] CASHIER FORM : calculateTotal, totalAfterDisc [10000]
[ADMIN] [12/2/2016 22:48] [PENJUALAN] CASHIER FORM : calculateChangeValue, bayarTextBox.Text [0]
[ADMIN] [12/2/2016 22:48] [PENJUALAN] CASHIER FORM : calculateChangeValue, sisaBayar [0]
[ADMIN] [12/2/2016 22:48] [PENJUALAN] CASHIER FORM : Combobox_KeyUp, cashierDataGridView.CurrentCell.OwningColumn.Name  [qty]
[ADMIN] [12/2/2016 22:48] [PENJUALAN] CASHIER FORM : cashierDataGridView_CellValueChanged [qty]
[ADMIN] [12/2/2016 22:48] [PENJUALAN] CASHIER FORM : cashierDataGridView_CellValueChanged, previousInput [2]
[ADMIN] [12/2/2016 22:48] [PENJUALAN] CASHIER FORM : cashierDataGridView_CellValueChanged, dataGridViewTextBoxEditingControl.Text pass REGEX Checking
[ADMIN] [12/2/2016 22:48] [PENJUALAN] CASHIER FORM : CHECK STOCK QTY IS ENOUGH [RT002]
[ADMIN] [12/2/2016 22:48] [PENJUALAN] CASHIER FORM : CHECK STOCK QTY IS ENOUGH [74, 22]
[ADMIN] [12/2/2016 22:48] [PENJUALAN] CASHIER FORM : CALCULATE SUBTOTAL
[ADMIN] [12/2/2016 22:48] [PENJUALAN] CASHIER FORM : SUBTOTAL [110000]
[ADMIN] [12/2/2016 22:48] [PENJUALAN] CASHIER FORM : cashierDataGridView_CellValueChanged, subtotal value [110000]
[ADMIN] [12/2/2016 22:48] [PENJUALAN] CASHIER FORM : cashierDataGridView_CellValueChanged, attempt to calculate total value
[ADMIN] [12/2/2016 22:48] [PENJUALAN] CASHIER FORM : calculateTotal
[ADMIN] [12/2/2016 22:48] [PENJUALAN] CASHIER FORM : calculateTotal [110000]
[ADMIN] [12/2/2016 22:48] [PENJUALAN] CASHIER FORM : calculateTotal, totalAfterDisc [110000]
[ADMIN] [12/2/2016 22:48] [PENJUALAN] CASHIER FORM : calculateChangeValue, bayarTextBox.Text [0]
[ADMIN] [12/2/2016 22:48] [PENJUALAN] CASHIER FORM : calculateChangeValue, sisaBayar [0]
[ADMIN] [12/2/2016 22:48] [PENJUALAN] CASHIER FORM : Combobox_KeyUp, cashierDataGridView.CurrentCell.OwningColumn.Name  [qty]
[ADMIN] [12/2/2016 22:48] [PENJUALAN] CASHIER FORM : DISPLAY PELANGGAN FORM
[ADMIN] [12/2/2016 22:48] [PENJUALAN] CASHIER FORM : UNREGISTER HOTKEY
[ADMIN] [12/2/2016 22:48] [PENJUALAN] CASHIER FORM : SELECTED CUSTOMER ID [1]
[ADMIN] [12/2/2016 22:48] [PENJUALAN] CASHIER FORM : ATTEMPT TO SET CUSTOMER PROFILE
[ADMIN] [12/2/2016 22:48] [PENJUALAN] CASHIER FORM : SET CUSTOMER PROFILE [ANDRI]
[ADMIN] [12/2/2016 22:48] [PENJUALAN] CASHIER FORM : CUSTOMER GROUP [P-UMUM [ECER]]
[ADMIN] [12/2/2016 22:48] [PENJUALAN] CASHIER FORM : FINISHED SET CUSTOMER PROFILE
[ADMIN] [12/2/2016 22:48] [PENJUALAN] CASHIER FORM : ATTEMPT TO REFRESH PRODUCT PRICE
[ADMIN] [12/2/2016 22:48] [PENJUALAN] CASHIER FORM : PRODUCT PRICE TYPE [PRODUCT_RETAIL_PRICE]
[ADMIN] [12/2/2016 22:48] [PENJUALAN] CASHIER FORM : PRODUCT PRICE [5000]
[ADMIN] [12/2/2016 22:48] [PENJUALAN] CASHIER FORM : CALCULATE SUBTOTAL
[ADMIN] [12/2/2016 22:48] [PENJUALAN] CASHIER FORM : SUBTOTAL [110000]
[ADMIN] [12/2/2016 22:48] [PENJUALAN] CASHIER FORM : calculateTotal
[ADMIN] [12/2/2016 22:48] [PENJUALAN] CASHIER FORM : calculateTotal [110000]
[ADMIN] [12/2/2016 22:48] [PENJUALAN] CASHIER FORM : calculateTotal, totalAfterDisc [110000]
[ADMIN] [12/2/2016 22:48] [PENJUALAN] CASHIER FORM : calculateChangeValue, bayarTextBox.Text [0]
[ADMIN] [12/2/2016 22:48] [PENJUALAN] CASHIER FORM : calculateChangeValue, sisaBayar [0]
[ADMIN] [12/2/2016 22:48] [PENJUALAN] CASHIER FORM : PRODUCT PRICE REFRESHED
[ADMIN] [12/2/2016 22:48] [PENJUALAN] CASHIER FORM : REGISTER HOTKEY
[ADMIN] [12/2/2016 22:48] [PENJUALAN] CASHIER FORM : discJualMaskedTextBox_Validating, totalAfterDisc [109999]
[ADMIN] [12/2/2016 22:48] [PENJUALAN] CASHIER FORM : calculateChangeValue, bayarTextBox.Text [0]
[ADMIN] [12/2/2016 22:48] [PENJUALAN] CASHIER FORM : calculateChangeValue, sisaBayar [0]
[ADMIN] [12/2/2016 22:48] [PENJUALAN] CASHIER FORM : discJualMaskedTextBox_Validating, totalAfterDisc [109985]
[ADMIN] [12/2/2016 22:48] [PENJUALAN] CASHIER FORM : calculateChangeValue, bayarTextBox.Text [0]
[ADMIN] [12/2/2016 22:48] [PENJUALAN] CASHIER FORM : calculateChangeValue, sisaBayar [0]
[ADMIN] [12/2/2016 22:48] [PENJUALAN] CASHIER FORM : discJualMaskedTextBox_Validating, totalAfterDisc [109850]
[ADMIN] [12/2/2016 22:48] [PENJUALAN] CASHIER FORM : calculateChangeValue, bayarTextBox.Text [0]
[ADMIN] [12/2/2016 22:48] [PENJUALAN] CASHIER FORM : calculateChangeValue, sisaBayar [0]
[ADMIN] [12/2/2016 22:48] [PENJUALAN] CASHIER FORM : discJualMaskedTextBox_Validating, totalAfterDisc [108500]
[ADMIN] [12/2/2016 22:48] [PENJUALAN] CASHIER FORM : calculateChangeValue, bayarTextBox.Text [0]
[ADMIN] [12/2/2016 22:48] [PENJUALAN] CASHIER FORM : calculateChangeValue, sisaBayar [0]
[ADMIN] [12/2/2016 22:48] [PENJUALAN] CASHIER FORM : discJualMaskedTextBox_Validating, totalAfterDisc [95000]
[ADMIN] [12/2/2016 22:48] [PENJUALAN] CASHIER FORM : calculateChangeValue, bayarTextBox.Text [0]
[ADMIN] [12/2/2016 22:48] [PENJUALAN] CASHIER FORM : calculateChangeValue, sisaBayar [0]
[ADMIN] [12/2/2016 22:48] [PENJUALAN] CASHIER FORM : discJualMaskedTextBox_Validating, totalAfterDisc [95000]
[ADMIN] [12/2/2016 22:48] [PENJUALAN] CASHIER FORM : calculateChangeValue, bayarTextBox.Text [0]
[ADMIN] [12/2/2016 22:48] [PENJUALAN] CASHIER FORM : calculateChangeValue, sisaBayar [0]
[ADMIN] [12/2/2016 22:48] [PENJUALAN] CASHIER FORM : discJualMaskedTextBox_Validating, totalAfterDisc [95000]
[ADMIN] [12/2/2016 22:48] [PENJUALAN] CASHIER FORM : calculateChangeValue, bayarTextBox.Text [0]
[ADMIN] [12/2/2016 22:48] [PENJUALAN] CASHIER FORM : calculateChangeValue, sisaBayar [0]
[ADMIN] [12/2/2016 22:48] [PENJUALAN] CASHIER FORM : discJualMaskedTextBox_Validating, totalAfterDisc [95000]
[ADMIN] [12/2/2016 22:48] [PENJUALAN] CASHIER FORM : calculateChangeValue, bayarTextBox.Text [0]
[ADMIN] [12/2/2016 22:48] [PENJUALAN] CASHIER FORM : calculateChangeValue, sisaBayar [0]
[ADMIN] [12/2/2016 22:48] [PENJUALAN] CASHIER FORM : discJualMaskedTextBox_Validating, totalAfterDisc [95000]
[ADMIN] [12/2/2016 22:48] [PENJUALAN] CASHIER FORM : calculateChangeValue, bayarTextBox.Text [0]
[ADMIN] [12/2/2016 22:48] [PENJUALAN] CASHIER FORM : calculateChangeValue, sisaBayar [0]
[ADMIN] [12/2/2016 22:48] [PENJUALAN] CASHIER FORM : discJualMaskedTextBox_Validating, totalAfterDisc [95000]
[ADMIN] [12/2/2016 22:48] [PENJUALAN] CASHIER FORM : calculateChangeValue, bayarTextBox.Text [0]
[ADMIN] [12/2/2016 22:48] [PENJUALAN] CASHIER FORM : calculateChangeValue, sisaBayar [0]
[ADMIN] [12/2/2016 22:48] [PENJUALAN] CASHIER FORM : calculateChangeValue, bayarTextBox.Text [2]
[ADMIN] [12/2/2016 22:48] [PENJUALAN] CASHIER FORM : calculateChangeValue, sisaBayar [0]
[ADMIN] [12/2/2016 22:48] [PENJUALAN] CASHIER FORM : calculateChangeValue, bayarTextBox.Text [20]
[ADMIN] [12/2/2016 22:48] [PENJUALAN] CASHIER FORM : calculateChangeValue, sisaBayar [0]
[ADMIN] [12/2/2016 22:48] [PENJUALAN] CASHIER FORM : calculateChangeValue, bayarTextBox.Text [200]
[ADMIN] [12/2/2016 22:48] [PENJUALAN] CASHIER FORM : calculateChangeValue, sisaBayar [0]
[ADMIN] [12/2/2016 22:48] [PENJUALAN] CASHIER FORM : calculateChangeValue, bayarTextBox.Text [2000]
[ADMIN] [12/2/2016 22:48] [PENJUALAN] CASHIER FORM : calculateChangeValue, sisaBayar [0]
[ADMIN] [12/2/2016 22:48] [PENJUALAN] CASHIER FORM : calculateChangeValue, bayarTextBox.Text [20000]
[ADMIN] [12/2/2016 22:48] [PENJUALAN] CASHIER FORM : calculateChangeValue, sisaBayar [0]
[ADMIN] [12/2/2016 22:48] [PENJUALAN] CASHIER FORM : ChangePrinterButton_Click, DISPLAY PRINTER SELECTION FORM
[ADMIN] [12/2/2016 22:48] [PENJUALAN] CASHIER FORM : UNREGISTER HOTKEY
[ADMIN] [12/2/2016 22:48] [PENGATURAN PRINTER] PAPER SIZE CHANGED [2]
[ADMIN] [12/2/2016 22:48] [PENGATURAN PRINTER] DEFAULT PRINTER CHANGED [PrimoPDF]
[ADMIN] [12/2/2016 22:48] [PENJUALAN] CASHIER FORM : REGISTER HOTKEY
[ADMIN] [12/2/2016 22:48] [PENJUALAN] CASHIER FORM : HOTKEY TO SAVE AND PRINT OUT INVOICE PRESSED
[ADMIN] [12/2/2016 22:48] [PENJUALAN] CASHIER FORM : UNREGISTER HOTKEY
[ADMIN] [12/2/2016 22:48] [PENJUALAN] CASHIER FORM : REGISTER HOTKEY
[ADMIN] [12/2/2016 22:48] [PENJUALAN] ATTEMPT TO SAVE AND PRINT OUT INVOICE
[ADMIN] [12/2/2016 22:48] [PENJUALAN] CASHIER FORM : UNREGISTER HOTKEY
[ADMIN] [12/2/2016 22:48] [PENJUALAN] CASHIER FORM : ATTEMPT TO SAVE SALES DATA [02-12-2016 22:47]
[ADMIN] [12/2/2016 22:48] [PENJUALAN] CASHIER FORM : SALES DISC FINAL [Rp15.000]
[ADMIN] [12/2/2016 22:48] [PENJUALAN] CASHIER FORM : CASH SALES
[ADMIN] [12/2/2016 22:48] [PENJUALAN] CASHIER FORM : MAX SALES INVOICE [33]
[ADMIN] [12/2/2016 22:48] [PENJUALAN] CASHIER FORM : SALES INVOICE [SQ-34]
[ADMIN] [12/2/2016 22:48] [PENJUALAN] INSERT INTO SALES QUOTATION HEADER [SQ-34]
[ADMIN] [12/2/2016 22:48] [PENJUALAN] INSERT INTO SALES QUOTATION DETAIL[RT002, 5000, 22]
[ADMIN] [12/2/2016 22:48] [PENJUALAN] INSERT TO DAILY JOURNAL TABLE [20000]
[ADMIN] [12/2/2016 22:48] [PENJUALAN] CASHIER FORM : REGISTER HOTKEY
[ADMIN] [12/2/2016 22:48] [PENJUALAN] TRANSACTION SAVED
[ADMIN] [12/2/2016 22:48] [PENJUALAN] PRINT OUT INVOICE
[ADMIN] [12/2/2016 22:48] [PENJUALAN] CASHIER FORM : PrintReceipt
[ADMIN] [12/2/2016 22:48] [PENJUALAN] CASHIER FORM : PrintReceipt, papermode [2]
[ADMIN] [12/2/2016 22:48] [PENJUALAN] CASHIER FORM : PrintReceipt, kuarto paper, display SalesQuotationReceiptKuartoForm
[ADMIN] [12/2/2016 22:48] [PENJUALAN] CASHIER FORM : UNREGISTER HOTKEY
[ADMIN] [12/2/2016 22:48] [PENJUALAN] CASHIER FORM : REGISTER HOTKEY
[ADMIN] [12/2/2016 22:48] [PENJUALAN] CASHIER FORM : UNREGISTER HOTKEY
[ADMIN] [12/2/2016 22:48] [PENJUALAN] CASHIER FORM : REGISTER HOTKEY
[ADMIN] [12/2/2016 22:48] [PENJUALAN] CASHIER FORM : UPDATE ROW NUMBER, TOTAL ROW [1]
[ADMIN] [12/2/2016 22:48] [PENJUALAN] CASHIER FORM : cashierDataGridView_CellValueChanged [F8]
[ADMIN] [12/2/2016 22:48] [PENJUALAN] CASHIER FORM : UNREGISTER HOTKEY
[ADMIN] [12/2/2016 22:48] [PENJUALAN] CASHIER FORM : UNREGISTER HOTKEY
[ADMIN] [12/2/2016 22:48] [PENJUALAN] CASHIER FORM : REGISTER HOTKEY
[ADMIN] [12/2/2016 22:48] [PENJUALAN] CASHIER FORM : cashierForm_Load, ATTEMPT TO LOAD NO FAKTUR
[ADMIN] [12/2/2016 22:48] [PENJUALAN] CASHIER FORM : loadNoFaktur, noFakturValue [SLO001]
[ADMIN] [12/2/2016 22:48] [PENJUALAN] CASHIER FORM : cashierForm_Load, ATTEMPT TO addColumnToDataGrid
[ADMIN] [12/2/2016 22:48] [PENJUALAN] CASHIER FORM : UPDATE ROW NUMBER, TOTAL ROW [1]
[ADMIN] [12/2/2016 22:48] [PENJUALAN] CASHIER FORM : cashierDataGridView_CellValueChanged [F8]
[ADMIN] [12/2/2016 22:48] [PENJUALAN] CASHIER FORM : ADD NEW ROW,  isActive [True]
[ADMIN] [12/2/2016 22:48] [PENJUALAN] CASHIER FORM : ADD NEW ROW,  ROW COUNT [1]
[ADMIN] [12/2/2016 22:48] [PENJUALAN] CASHIER FORM : ADD NEW ROW,  ALLOW TO ADD [True]
[ADMIN] [12/2/2016 22:48] [PENJUALAN] CASHIER FORM : UPDATE ROW NUMBER, TOTAL ROW [2]
[ADMIN] [12/2/2016 22:48] [PENJUALAN] CASHIER FORM : calculateChangeValue, bayarTextBox.Text [Rp20.000,00]
[ADMIN] [12/2/2016 22:48] [PENJUALAN] CASHIER FORM : calculateChangeValue, sisaBayar [0]
[ADMIN] [12/2/2016 22:48] [PENJUALAN] CASHIER FORM : REGISTER HOTKEY
[ADMIN] [12/2/2016 22:49] [PENJUALAN] CASHIER FORM : ChangePrinterButton_Click, DISPLAY PRINTER SELECTION FORM
[ADMIN] [12/2/2016 22:49] [PENJUALAN] CASHIER FORM : UNREGISTER HOTKEY
[ADMIN] [12/2/2016 22:49] [PENJUALAN] CASHIER FORM : REGISTER HOTKEY
[ADMIN] [12/2/2016 22:49] [PENJUALAN] CASHIER FORM : UNREGISTER HOTKEY
[ADMIN] [12/2/2016 22:49] [PENJUALAN] CASHIER FORM : REGISTER HOTKEY
[ADMIN] [12/2/2016 22:49] [PENJUALAN] ATTEMPT TO SAVE AND PRINT OUT INVOICE
[ADMIN] [12/2/2016 22:49] [PENJUALAN] CASHIER FORM : UNREGISTER HOTKEY
[ADMIN] [12/2/2016 22:49] [PENJUALAN] CASHIER FORM : ATTEMPT TO SAVE SALES DATA [02-12-2016 22:47]
[ADMIN] [12/2/2016 22:49] [PENJUALAN] CASHIER FORM : SALES DISC FINAL [15000]
[ADMIN] [12/2/2016 22:49] [PENJUALAN] CASHIER FORM : CASH SALES
[ADMIN] [12/2/2016 22:49] [PENJUALAN] UPDATE SALES QUOTATION HEADER [SQ-34]
[ADMIN] [12/2/2016 22:49] [PENJUALAN] CLEAR SALES_QUOTATION_DETAIL [SQ-34]
[ADMIN] [12/2/2016 22:49] [PENJUALAN] INSERT INTO SALES QUOTATION DETAIL[RT002, 5000, 22]
[ADMIN] [12/2/2016 22:49] [PENJUALAN] CASHIER FORM : REGISTER HOTKEY
[ADMIN] [12/2/2016 22:49] [PENJUALAN] TRANSACTION SAVED
[ADMIN] [12/2/2016 22:49] [PENJUALAN] PRINT OUT INVOICE
[ADMIN] [12/2/2016 22:49] [PENJUALAN] CASHIER FORM : PrintReceipt
[ADMIN] [12/2/2016 22:49] [PENJUALAN] CASHIER FORM : PrintReceipt, papermode [2]
[ADMIN] [12/2/2016 22:49] [PENJUALAN] CASHIER FORM : PrintReceipt, kuarto paper, display SalesQuotationReceiptKuartoForm
[ADMIN] [12/2/2016 22:49] [PENJUALAN] CASHIER FORM : UNREGISTER HOTKEY
[ADMIN] [12/2/2016 22:49] [PENJUALAN] CASHIER FORM : REGISTER HOTKEY
[ADMIN] [12/2/2016 22:49] [PENJUALAN] CASHIER FORM : UNREGISTER HOTKEY
[ADMIN] [12/2/2016 22:49] [PENJUALAN] CASHIER FORM : REGISTER HOTKEY
[ADMIN] [12/2/2016 22:49] [PENJUALAN] CASHIER FORM : UPDATE ROW NUMBER, TOTAL ROW [1]
[ADMIN] [12/2/2016 22:49] [PENJUALAN] CASHIER FORM : UNREGISTER HOTKEY
[ADMIN] [12/2/2016 22:49] [PENJUALAN] CASHIER FORM : UNREGISTER HOTKEY
[ADMIN] [12/2/2016 22:49] [PENJUALAN] CASHIER FORM : REGISTER HOTKEY
[ADMIN] [12/2/2016 22:49] [PENJUALAN] CASHIER FORM : cashierForm_Load, ATTEMPT TO LOAD NO FAKTUR
[ADMIN] [12/2/2016 22:49] [PENJUALAN] CASHIER FORM : loadNoFaktur, noFakturValue [SLO001]
[ADMIN] [12/2/2016 22:49] [PENJUALAN] CASHIER FORM : cashierForm_Load, ATTEMPT TO addColumnToDataGrid
[ADMIN] [12/2/2016 22:49] [PENJUALAN] CASHIER FORM : UPDATE ROW NUMBER, TOTAL ROW [1]
[ADMIN] [12/2/2016 22:49] [PENJUALAN] CASHIER FORM : cashierDataGridView_CellValueChanged [F8]
[ADMIN] [12/2/2016 22:49] [PENJUALAN] CASHIER FORM : ADD NEW ROW,  isActive [True]
[ADMIN] [12/2/2016 22:49] [PENJUALAN] CASHIER FORM : ADD NEW ROW,  ROW COUNT [1]
[ADMIN] [12/2/2016 22:49] [PENJUALAN] CASHIER FORM : ADD NEW ROW,  ALLOW TO ADD [True]
[ADMIN] [12/2/2016 22:49] [PENJUALAN] CASHIER FORM : UPDATE ROW NUMBER, TOTAL ROW [2]
[ADMIN] [12/2/2016 22:49] [PENJUALAN] CASHIER FORM : calculateChangeValue, bayarTextBox.Text [0]
[ADMIN] [12/2/2016 22:49] [PENJUALAN] CASHIER FORM : calculateChangeValue, sisaBayar [0]
[ADMIN] [12/2/2016 22:49] [PENJUALAN] CASHIER FORM : REGISTER HOTKEY
[ADMIN] [12/2/2016 22:49] [PENJUALAN] CASHIER FORM : discJualMaskedTextBox_Validating, totalAfterDisc [95000]
[ADMIN] [12/2/2016 22:49] [PENJUALAN] CASHIER FORM : calculateChangeValue, bayarTextBox.Text [Rp0]
[ADMIN] [12/2/2016 22:49] [PENJUALAN] CASHIER FORM : calculateChangeValue, sisaBayar [0]
[ADMIN] [12/2/2016 22:49] [PENJUALAN] CASHIER FORM : calculateChangeValue, bayarTextBox.Text [0]
[ADMIN] [12/2/2016 22:49] [PENJUALAN] CASHIER FORM : calculateChangeValue, sisaBayar [0]
[ADMIN] [12/2/2016 22:49] [PENJUALAN] CASHIER FORM : UNREGISTER HOTKEY
[ADMIN] [12/2/2016 22:50] [PENJUALAN] CASHIER FORM : REGISTER HOTKEY
[ADMIN] [12/2/2016 22:50] [PENJUALAN] CASHIER FORM : UNREGISTER HOTKEY
[ADMIN] [12/2/2016 22:50] [PENJUALAN] CASHIER FORM : UNREGISTER HOTKEY
[ADMIN] [12/2/2016 22:50] [] USER ID = 1LOGOUT
