[] [5/17/2017 00:08] [] USER = ADMIN IS ACTIVE
[ADMIN] [5/17/2017 00:08] [] USER ID = 1 LOGIN SUCCESSFULLY
[ADMIN] [5/17/2017 00:08] [] ACTIVATE USER ACCESS RIGHT
[ADMIN] [5/17/2017 00:08] [] DISPLAY ADMIN FORM
[ADMIN] [5/17/2017 00:08] [] adminForm Load
[ADMIN] [5/17/2017 00:08] [] CREATE PRODUCT_PHOTO FOLDER
[ADMIN] [5/17/2017 00:08] [] ACTIVATE USER ACCESS RIGHT
[] [5/17/2017 00:09] [] USER = ADMIN IS ACTIVE
[ADMIN] [5/17/2017 00:09] [] USER ID = 1 LOGIN SUCCESSFULLY
[ADMIN] [5/17/2017 00:10] [] ACTIVATE USER ACCESS RIGHT
[ADMIN] [5/17/2017 00:10] [] DISPLAY ADMIN FORM
[ADMIN] [5/17/2017 00:10] [] adminForm Load
[ADMIN] [5/17/2017 00:10] [] ACTIVATE USER ACCESS RIGHT
[ADMIN] [5/17/2017 00:10] [PELANGGAN] ATTEMPT TO SAVE DATA
[] [5/17/2017 00:11] [] USER = ADMIN IS ACTIVE
[ADMIN] [5/17/2017 00:11] [] USER ID = 1 LOGIN SUCCESSFULLY
[ADMIN] [5/17/2017 00:11] [] ACTIVATE USER ACCESS RIGHT
[ADMIN] [5/17/2017 00:11] [] DISPLAY ADMIN FORM
[ADMIN] [5/17/2017 00:11] [] adminForm Load
[ADMIN] [5/17/2017 00:11] [] ACTIVATE USER ACCESS RIGHT
[ADMIN] [5/17/2017 00:11] [PELANGGAN] ATTEMPT TO SAVE DATA
[] [5/17/2017 00:12] [] USER = ADMIN IS ACTIVE
[ADMIN] [5/17/2017 00:12] [] USER ID = 1 LOGIN SUCCESSFULLY
[ADMIN] [5/17/2017 00:12] [] ACTIVATE USER ACCESS RIGHT
[ADMIN] [5/17/2017 00:12] [] DISPLAY ADMIN FORM
[ADMIN] [5/17/2017 00:12] [] adminForm Load
[ADMIN] [5/17/2017 00:12] [] ACTIVATE USER ACCESS RIGHT
[ADMIN] [5/17/2017 00:12] [PELANGGAN] ATTEMPT TO SAVE DATA
[ADMIN] [5/17/2017 00:12] [] GUTIL : MAX CUSTOMER_ID [1]
[ADMIN] [5/17/2017 00:12] [] GUTIL : CUSTOMER_ID [2]
[ADMIN] [5/17/2017 00:13] [PELANGGAN] INSERT NEW CUSTOMER DATA [ARISTON]
[ADMIN] [5/17/2017 00:13] [PELANGGAN] DATA SAVED
[ADMIN] [5/17/2017 00:13] [] [SYNC] CONNECTION TO SERVER CREATED
[] [5/17/2017 00:14] [] USER = ADMIN IS ACTIVE
[ADMIN] [5/17/2017 00:14] [] USER ID = 1 LOGIN SUCCESSFULLY
[ADMIN] [5/17/2017 00:14] [] ACTIVATE USER ACCESS RIGHT
[ADMIN] [5/17/2017 00:14] [] DISPLAY ADMIN FORM
[ADMIN] [5/17/2017 00:14] [] adminForm Load
[ADMIN] [5/17/2017 00:14] [] ACTIVATE USER ACCESS RIGHT
[ADMIN] [5/17/2017 00:15] [PELANGGAN] ATTEMPT TO SAVE DATA
[ADMIN] [5/17/2017 00:15] [] GUTIL : MAX CUSTOMER_ID [2]
[ADMIN] [5/17/2017 00:15] [] GUTIL : CUSTOMER_ID [3]
[ADMIN] [5/17/2017 00:15] [PELANGGAN] EDIT CUSTOMER DATA [1]
[ADMIN] [5/17/2017 00:15] [PELANGGAN] DATA SAVED
[ADMIN] [5/17/2017 00:15] [] [SYNC] CONNECTION TO SERVER CREATED
[ADMIN] [5/17/2017 00:16] [PELANGGAN] ATTEMPT TO SAVE DATA
[ADMIN] [5/17/2017 00:16] [] GUTIL : MAX CUSTOMER_ID [2]
[ADMIN] [5/17/2017 00:16] [] GUTIL : CUSTOMER_ID [3]
[ADMIN] [5/17/2017 00:16] [PELANGGAN] EDIT CUSTOMER DATA [2]
[ADMIN] [5/17/2017 00:16] [PELANGGAN] DATA SAVED
[ADMIN] [5/17/2017 00:16] [] [SYNC] CONNECTION TO SERVER CREATED
[ADMIN] [5/17/2017 00:16] [PELANGGAN] ATTEMPT TO SAVE DATA
[ADMIN] [5/17/2017 00:16] [] GUTIL : MAX CUSTOMER_ID [2]
[ADMIN] [5/17/2017 00:16] [] GUTIL : CUSTOMER_ID [3]
[ADMIN] [5/17/2017 00:16] [PELANGGAN] EDIT CUSTOMER DATA [2]
[ADMIN] [5/17/2017 00:16] [PELANGGAN] DATA SAVED
[ADMIN] [5/17/2017 00:16] [] [SYNC] CONNECTION TO SERVER CREATED
[ADMIN] [5/17/2017 00:17] [PELANGGAN] ATTEMPT TO SAVE DATA
[ADMIN] [5/17/2017 00:17] [] GUTIL : MAX CUSTOMER_ID [2]
[ADMIN] [5/17/2017 00:17] [] GUTIL : CUSTOMER_ID [3]
[ADMIN] [5/17/2017 00:17] [PELANGGAN] EDIT CUSTOMER DATA [2]
[ADMIN] [5/17/2017 00:17] [PELANGGAN] DATA SAVED
[] [5/17/2017 00:18] [] USER = ADMIN IS ACTIVE
[ADMIN] [5/17/2017 00:18] [] USER ID = 1 LOGIN SUCCESSFULLY
[ADMIN] [5/17/2017 00:18] [] ACTIVATE USER ACCESS RIGHT
[ADMIN] [5/17/2017 00:18] [] DISPLAY ADMIN FORM
[ADMIN] [5/17/2017 00:18] [] adminForm Load
[ADMIN] [5/17/2017 00:18] [] ACTIVATE USER ACCESS RIGHT
[ADMIN] [5/17/2017 00:18] [PELANGGAN] ATTEMPT TO SAVE DATA
[ADMIN] [5/17/2017 00:19] [PELANGGAN] EDIT CUSTOMER DATA [2]
[ADMIN] [5/17/2017 00:19] [PELANGGAN] DATA SAVED
[ADMIN] [5/17/2017 00:19] [] [SYNC] CONNECTION TO SERVER CREATED
[] [5/17/2017 17:46] [] USER = ADMIN IS ACTIVE
[ADMIN] [5/17/2017 17:46] [] USER ID = 1 LOGIN SUCCESSFULLY
[ADMIN] [5/17/2017 17:46] [] ACTIVATE USER ACCESS RIGHT
[ADMIN] [5/17/2017 17:46] [] DISPLAY ADMIN FORM
[ADMIN] [5/17/2017 17:46] [] adminForm Load
[ADMIN] [5/17/2017 17:46] [] ACTIVATE USER ACCESS RIGHT
[ADMIN] [5/17/2017 17:46] [] USER ID = 1LOGOUT
