[] [5/17/2017 17:47] [] USER = ADMIN IS ACTIVE
[ADMIN] [5/17/2017 17:47] [] USER ID = 1 LOGIN SUCCESSFULLY
[ADMIN] [5/17/2017 17:47] [] ACTIVATE USER ACCESS RIGHT
[ADMIN] [5/17/2017 17:47] [] DISPLAY ADMIN FORM
[ADMIN] [5/17/2017 17:47] [] adminForm Load
[ADMIN] [5/17/2017 17:47] [] ACTIVATE USER ACCESS RIGHT
[ADMIN] [5/17/2017 17:49] [PENJUALAN] CASHIER FORM : MULTIPLE CASHIER INSTANCE [1]
[ADMIN] [5/17/2017 17:49] [PENJUALAN] CASHIER FORM : REGISTER HOTKEY
[ADMIN] [5/17/2017 17:49] [PENJUALAN] CASHIER FORM : cashierForm_Load, ATTEMPT TO LOAD NO FAKTUR
[ADMIN] [5/17/2017 17:49] [PENJUALAN] CASHIER FORM : loadNoFaktur, noFakturValue [SLO001]
[ADMIN] [5/17/2017 17:49] [PENJUALAN] CASHIER FORM : cashierForm_Load, ATTEMPT TO addColumnToDataGrid
[ADMIN] [5/17/2017 17:49] [PENJUALAN] CASHIER FORM : UPDATE ROW NUMBER, TOTAL ROW [1]
[ADMIN] [5/17/2017 17:49] [PENJUALAN] CASHIER FORM : cashierDataGridView_CellValueChanged [F8]
[ADMIN] [5/17/2017 17:49] [PENJUALAN] CASHIER FORM : REGISTER HOTKEY
[ADMIN] [5/17/2017 17:49] [PENJUALAN] CASHIER FORM : DISPLAY PELANGGAN FORM
[ADMIN] [5/17/2017 17:49] [PENJUALAN] CASHIER FORM : UNREGISTER HOTKEY
[ADMIN] [5/17/2017 17:49] [PELANGGAN] ATTEMPT TO SAVE DATA
[ADMIN] [5/17/2017 17:50] [] GUTIL : MAX CUSTOMER_ID [2]
[ADMIN] [5/17/2017 17:50] [] GUTIL : CUSTOMER_ID [3]
[ADMIN] [5/17/2017 17:50] [PELANGGAN] INSERT NEW CUSTOMER DATA [KOMPOR]
[ADMIN] [5/17/2017 17:50] [PELANGGAN] DATA SAVED
[ADMIN] [5/17/2017 17:50] [] [SYNC] CONNECTION TO SERVER CREATED
[ADMIN] [5/17/2017 17:50] [PENJUALAN] CASHIER FORM : REGISTER HOTKEY
[ADMIN] [5/17/2017 17:50] [PENJUALAN] CASHIER FORM : Combobox_previewKeyDown, cashierDataGridView.CurrentCell.OwningColumn.Name  [productID]
[ADMIN] [5/17/2017 17:50] [PENJUALAN] CASHIER FORM : UNREGISTER HOTKEY
[ADMIN] [5/17/2017 17:50] [PENJUALAN] CASHIER FORM : REGISTER HOTKEY
[ADMIN] [5/17/2017 17:50] [PENJUALAN] CASHIER FORM : Combobox_previewKeyDown, cashierDataGridView.CurrentCell.OwningColumn.Name  [productID]
[ADMIN] [5/17/2017 17:50] [PENJUALAN] CASHIER FORM : UNREGISTER HOTKEY
[ADMIN] [5/17/2017 17:50] [PENJUALAN] CASHIER FORM : REGISTER HOTKEY
[ADMIN] [5/17/2017 17:50] [PENJUALAN] CASHIER FORM : Combobox_previewKeyDown, cashierDataGridView.CurrentCell.OwningColumn.Name  [productID]
[ADMIN] [5/17/2017 17:50] [PENJUALAN] CASHIER FORM : Combobox_previewKeyDown, cashierDataGridView.CurrentCell.OwningColumn.Name  [productID]
[ADMIN] [5/17/2017 17:50] [PENJUALAN] CASHIER FORM : UNREGISTER HOTKEY
[ADMIN] [5/17/2017 17:50] [PENJUALAN] CASHIER FORM : UNREGISTER HOTKEY
[ADMIN] [5/17/2017 17:56] [PENJUALAN] CASHIER FORM : MULTIPLE CASHIER INSTANCE [1]
[ADMIN] [5/17/2017 17:56] [PENJUALAN] CASHIER FORM : REGISTER HOTKEY
[ADMIN] [5/17/2017 17:56] [PENJUALAN] CASHIER FORM : cashierForm_Load, ATTEMPT TO LOAD NO FAKTUR
[ADMIN] [5/17/2017 17:56] [PENJUALAN] CASHIER FORM : loadNoFaktur, noFakturValue [SLO001]
[ADMIN] [5/17/2017 17:56] [PENJUALAN] CASHIER FORM : cashierForm_Load, ATTEMPT TO addColumnToDataGrid
[ADMIN] [5/17/2017 17:56] [PENJUALAN] CASHIER FORM : UPDATE ROW NUMBER, TOTAL ROW [1]
[ADMIN] [5/17/2017 17:56] [PENJUALAN] CASHIER FORM : cashierDataGridView_CellValueChanged [F8]
[ADMIN] [5/17/2017 17:56] [PENJUALAN] CASHIER FORM : REGISTER HOTKEY
[ADMIN] [5/17/2017 17:57] [PENJUALAN] CASHIER FORM : Combobox_previewKeyDown, cashierDataGridView.CurrentCell.OwningColumn.Name  [productID]
[ADMIN] [5/17/2017 17:57] [PENJUALAN] CASHIER FORM : UPDATE ROW NUMBER, TOTAL ROW [2]
[ADMIN] [5/17/2017 17:57] [PENJUALAN] CASHIER FORM : cashierDataGridView_CellValueChanged [F8]
[ADMIN] [5/17/2017 17:57] [PENJUALAN] CASHIER FORM : cashierDataGridView_CellValueChanged [productID]
[ADMIN] [5/17/2017 17:57] [PENJUALAN] CASHIER FORM : Combobox_previewKeyDown, cashierDataGridView.CurrentCell.OwningColumn.Name  [productID]
[ADMIN] [5/17/2017 17:57] [PENJUALAN] CASHIER FORM : cashierDataGridView_CellValueChanged [productID]
[ADMIN] [5/17/2017 17:57] [PENJUALAN] CASHIER FORM : Combobox_previewKeyDown, cashierDataGridView.CurrentCell.OwningColumn.Name  [productID]
[ADMIN] [5/17/2017 17:57] [PENJUALAN] CASHIER FORM : UNREGISTER HOTKEY
[ADMIN] [5/17/2017 17:57] [PENJUALAN] CASHIER FORM : ADD NEW ROW FROM BARCODE [ROTI PISANG]
[ADMIN] [5/17/2017 17:57] [PENJUALAN] CASHIER FORM : updateSomeRowContents
[ADMIN] [5/17/2017 17:57] [PENJUALAN] CASHIER FORM : cashierDataGridView_CellValueChanged [productID]
[ADMIN] [5/17/2017 17:57] [PENJUALAN] CASHIER FORM : cashierDataGridView_CellValueChanged [productName]
[ADMIN] [5/17/2017 17:57] [PENJUALAN] CASHIER FORM : PRODUCT PRICE TYPE [PRODUCT_BASE_PRICE]
[ADMIN] [5/17/2017 17:57] [PENJUALAN] CASHIER FORM : PRODUCT PRICE [10]
[ADMIN] [5/17/2017 17:57] [PENJUALAN] CASHIER FORM : ComboBox_SelectedIndexChanged, PRODUCT_BASE_PRICE [10]
[ADMIN] [5/17/2017 17:57] [PENJUALAN] CASHIER FORM : cashierDataGridView_CellValueChanged [hpp]
[ADMIN] [5/17/2017 17:57] [PENJUALAN] CASHIER FORM : PRODUCT PRICE TYPE [PRODUCT_RETAIL_PRICE]
[ADMIN] [5/17/2017 17:57] [PENJUALAN] CASHIER FORM : PRODUCT PRICE [100]
[ADMIN] [5/17/2017 17:57] [PENJUALAN] CASHIER FORM : ComboBox_SelectedIndexChanged, PRODUCT_SALES_PRICE [100]
[ADMIN] [5/17/2017 17:57] [PENJUALAN] CASHIER FORM : cashierDataGridView_CellValueChanged [productPrice]
[ADMIN] [5/17/2017 17:57] [PENJUALAN] CASHIER FORM : cashierDataGridView_CellValueChanged, previousInput [0]
[ADMIN] [5/17/2017 17:57] [PENJUALAN] CASHIER FORM : cashierDataGridView_CellValueChanged, cellValue [100]
[ADMIN] [5/17/2017 17:57] [PENJUALAN] CASHIER FORM : cashierDataGridView_CellValueChanged, dataGridViewTextBoxEditingControl.Text pass REGEX Checking
[ADMIN] [5/17/2017 17:57] [PENJUALAN] CASHIER FORM : CALCULATE SUBTOTAL
[ADMIN] [5/17/2017 17:57] [PENJUALAN] CASHIER FORM : SUBTOTAL [0]
[ADMIN] [5/17/2017 17:57] [PENJUALAN] CASHIER FORM : cashierDataGridView_CellValueChanged, subtotal value [0]
[ADMIN] [5/17/2017 17:57] [PENJUALAN] CASHIER FORM : cashierDataGridView_CellValueChanged, attempt to calculate total value
[ADMIN] [5/17/2017 17:57] [PENJUALAN] CASHIER FORM : calculateTotal
[ADMIN] [5/17/2017 17:57] [PENJUALAN] CASHIER FORM : calculateTotal [0]
[ADMIN] [5/17/2017 17:57] [PENJUALAN] CASHIER FORM : calculateTotal, totalAfterDisc [0]
[ADMIN] [5/17/2017 17:57] [PENJUALAN] CASHIER FORM : calculateChangeValue, bayarTextBox.Text [0]
[ADMIN] [5/17/2017 17:57] [PENJUALAN] CASHIER FORM : calculateChangeValue, sisaBayar [0]
[ADMIN] [5/17/2017 17:57] [PENJUALAN] CASHIER FORM : cashierDataGridView_CellValueChanged [qty]
[ADMIN] [5/17/2017 17:57] [PENJUALAN] CASHIER FORM : cashierDataGridView_CellValueChanged, previousInput [0]
[ADMIN] [5/17/2017 17:57] [PENJUALAN] CASHIER FORM : cashierDataGridView_CellValueChanged [jumlah]
[ADMIN] [5/17/2017 17:57] [PENJUALAN] CASHIER FORM : calculateTotal
[ADMIN] [5/17/2017 17:57] [PENJUALAN] CASHIER FORM : calculateTotal [0]
[ADMIN] [5/17/2017 17:57] [PENJUALAN] CASHIER FORM : calculateTotal, totalAfterDisc [0]
[ADMIN] [5/17/2017 17:57] [PENJUALAN] CASHIER FORM : calculateChangeValue, bayarTextBox.Text [0]
[ADMIN] [5/17/2017 17:57] [PENJUALAN] CASHIER FORM : calculateChangeValue, sisaBayar [0]
[ADMIN] [5/17/2017 17:57] [PENJUALAN] CASHIER FORM : CHECK STOCK QTY IS ENOUGH [RT001]
[ADMIN] [5/17/2017 17:57] [PENJUALAN] CASHIER FORM : CHECK STOCK QTY IS ENOUGH [75, 1]
[ADMIN] [5/17/2017 17:57] [PENJUALAN] CASHIER FORM : cashierDataGridView_CellValueChanged [qty]
[ADMIN] [5/17/2017 17:57] [PENJUALAN] CASHIER FORM : cashierDataGridView_CellValueChanged, previousInput [0]
[ADMIN] [5/17/2017 17:57] [PENJUALAN] CASHIER FORM : cashierDataGridView_CellValueChanged, cellValue [1]
[ADMIN] [5/17/2017 17:57] [PENJUALAN] CASHIER FORM : cashierDataGridView_CellValueChanged, dataGridViewTextBoxEditingControl.Text pass REGEX Checking
[ADMIN] [5/17/2017 17:57] [PENJUALAN] CASHIER FORM : CHECK STOCK QTY IS ENOUGH [RT001]
[ADMIN] [5/17/2017 17:57] [PENJUALAN] CASHIER FORM : CHECK STOCK QTY IS ENOUGH [75, 1]
[ADMIN] [5/17/2017 17:57] [PENJUALAN] CASHIER FORM : CALCULATE SUBTOTAL
[ADMIN] [5/17/2017 17:57] [PENJUALAN] CASHIER FORM : SUBTOTAL [100]
[ADMIN] [5/17/2017 17:57] [PENJUALAN] CASHIER FORM : cashierDataGridView_CellValueChanged, subtotal value [100]
[ADMIN] [5/17/2017 17:57] [PENJUALAN] CASHIER FORM : cashierDataGridView_CellValueChanged, attempt to calculate total value
[ADMIN] [5/17/2017 17:57] [PENJUALAN] CASHIER FORM : calculateTotal
[ADMIN] [5/17/2017 17:57] [PENJUALAN] CASHIER FORM : calculateTotal [100]
[ADMIN] [5/17/2017 17:57] [PENJUALAN] CASHIER FORM : calculateTotal, totalAfterDisc [100]
[ADMIN] [5/17/2017 17:57] [PENJUALAN] CASHIER FORM : calculateChangeValue, bayarTextBox.Text [0]
[ADMIN] [5/17/2017 17:57] [PENJUALAN] CASHIER FORM : calculateChangeValue, sisaBayar [0]
[ADMIN] [5/17/2017 17:57] [PENJUALAN] CASHIER FORM : SET QTY TO 1 BECAUSE OF NEW ROW
[ADMIN] [5/17/2017 17:57] [PENJUALAN] CASHIER FORM : CALCULATE SUBTOTAL
[ADMIN] [5/17/2017 17:57] [PENJUALAN] CASHIER FORM : SUBTOTAL [100]
[ADMIN] [5/17/2017 17:57] [PENJUALAN] CASHIER FORM : calculateTotal
[ADMIN] [5/17/2017 17:57] [PENJUALAN] CASHIER FORM : calculateTotal [100]
[ADMIN] [5/17/2017 17:57] [PENJUALAN] CASHIER FORM : calculateTotal, totalAfterDisc [100]
[ADMIN] [5/17/2017 17:57] [PENJUALAN] CASHIER FORM : calculateChangeValue, bayarTextBox.Text [0]
[ADMIN] [5/17/2017 17:57] [PENJUALAN] CASHIER FORM : calculateChangeValue, sisaBayar [0]
[ADMIN] [5/17/2017 17:57] [PENJUALAN] CASHIER FORM : UPDATE ROW NUMBER, TOTAL ROW [2]
[ADMIN] [5/17/2017 17:57] [PENJUALAN] CASHIER FORM : cashierDataGridView_CellValueChanged [F8]
[ADMIN] [5/17/2017 17:57] [PENJUALAN] CASHIER FORM : REGISTER HOTKEY
[ADMIN] [5/17/2017 17:57] [PENJUALAN] CASHIER FORM : cashierDataGridView_CellValueChanged [qty]
[ADMIN] [5/17/2017 17:57] [PENJUALAN] CASHIER FORM : cashierDataGridView_CellValueChanged, previousInput [1]
[ADMIN] [5/17/2017 17:57] [PENJUALAN] CASHIER FORM : cashierDataGridView_CellValueChanged, dataGridViewTextBoxEditingControl.Text pass REGEX Checking
[ADMIN] [5/17/2017 17:57] [PENJUALAN] CASHIER FORM : CHECK STOCK QTY IS ENOUGH [RT001]
[ADMIN] [5/17/2017 17:57] [PENJUALAN] CASHIER FORM : CHECK STOCK QTY IS ENOUGH [75, 2]
[ADMIN] [5/17/2017 17:57] [PENJUALAN] CASHIER FORM : CALCULATE SUBTOTAL
[ADMIN] [5/17/2017 17:57] [PENJUALAN] CASHIER FORM : SUBTOTAL [200]
[ADMIN] [5/17/2017 17:57] [PENJUALAN] CASHIER FORM : cashierDataGridView_CellValueChanged, subtotal value [200]
[ADMIN] [5/17/2017 17:57] [PENJUALAN] CASHIER FORM : cashierDataGridView_CellValueChanged, attempt to calculate total value
[ADMIN] [5/17/2017 17:57] [PENJUALAN] CASHIER FORM : calculateTotal
[ADMIN] [5/17/2017 17:57] [PENJUALAN] CASHIER FORM : calculateTotal [200]
[ADMIN] [5/17/2017 17:57] [PENJUALAN] CASHIER FORM : calculateTotal, totalAfterDisc [200]
[ADMIN] [5/17/2017 17:57] [PENJUALAN] CASHIER FORM : calculateChangeValue, bayarTextBox.Text [0]
[ADMIN] [5/17/2017 17:57] [PENJUALAN] CASHIER FORM : calculateChangeValue, sisaBayar [0]
[ADMIN] [5/17/2017 17:57] [PENJUALAN] CASHIER FORM : cashierDataGridView_CellValueChanged [qty]
[ADMIN] [5/17/2017 17:57] [PENJUALAN] CASHIER FORM : cashierDataGridView_CellValueChanged, previousInput [2]
[ADMIN] [5/17/2017 17:57] [PENJUALAN] CASHIER FORM : cashierDataGridView_CellValueChanged, dataGridViewTextBoxEditingControl.Text pass REGEX Checking
[ADMIN] [5/17/2017 17:57] [PENJUALAN] CASHIER FORM : CHECK STOCK QTY IS ENOUGH [RT001]
[ADMIN] [5/17/2017 17:57] [PENJUALAN] CASHIER FORM : CHECK STOCK QTY IS ENOUGH [75, 20]
[ADMIN] [5/17/2017 17:57] [PENJUALAN] CASHIER FORM : CALCULATE SUBTOTAL
[ADMIN] [5/17/2017 17:57] [PENJUALAN] CASHIER FORM : SUBTOTAL [2000]
[ADMIN] [5/17/2017 17:57] [PENJUALAN] CASHIER FORM : cashierDataGridView_CellValueChanged, subtotal value [2000]
[ADMIN] [5/17/2017 17:57] [PENJUALAN] CASHIER FORM : cashierDataGridView_CellValueChanged, attempt to calculate total value
[ADMIN] [5/17/2017 17:57] [PENJUALAN] CASHIER FORM : calculateTotal
[ADMIN] [5/17/2017 17:57] [PENJUALAN] CASHIER FORM : calculateTotal [2000]
[ADMIN] [5/17/2017 17:57] [PENJUALAN] CASHIER FORM : calculateTotal, totalAfterDisc [2000]
[ADMIN] [5/17/2017 17:57] [PENJUALAN] CASHIER FORM : calculateChangeValue, bayarTextBox.Text [0]
[ADMIN] [5/17/2017 17:57] [PENJUALAN] CASHIER FORM : calculateChangeValue, sisaBayar [0]
[ADMIN] [5/17/2017 17:58] [PENJUALAN] CASHIER FORM : DISPLAY PELANGGAN FORM
[ADMIN] [5/17/2017 17:58] [PENJUALAN] CASHIER FORM : UNREGISTER HOTKEY
[ADMIN] [5/17/2017 17:58] [PENJUALAN] CASHIER FORM : SELECTED CUSTOMER ID [1]
[ADMIN] [5/17/2017 17:58] [PENJUALAN] CASHIER FORM : ATTEMPT TO SET CUSTOMER PROFILE
[ADMIN] [5/17/2017 17:58] [PENJUALAN] CASHIER FORM : SET CUSTOMER PROFILE [ANDRI]
[ADMIN] [5/17/2017 17:58] [PENJUALAN] CASHIER FORM : CUSTOMER GROUP [P-UMUM [ECER]]
[ADMIN] [5/17/2017 17:58] [PENJUALAN] CASHIER FORM : FINISHED SET CUSTOMER PROFILE
[ADMIN] [5/17/2017 17:58] [PENJUALAN] CASHIER FORM : ATTEMPT TO REFRESH PRODUCT PRICE
[ADMIN] [5/17/2017 17:58] [PENJUALAN] CASHIER FORM : PRODUCT PRICE TYPE [PRODUCT_RETAIL_PRICE]
[ADMIN] [5/17/2017 17:58] [PENJUALAN] CASHIER FORM : PRODUCT PRICE [100]
[ADMIN] [5/17/2017 17:58] [PENJUALAN] CASHIER FORM : CHECK IF THERE'S ANY ENTRY IN THE PRODUCT DISC
[ADMIN] [5/17/2017 17:58] [PENJUALAN] CASHIER FORM : ENTRY IN THE PRODUCT DISC FOUND, RETRIEVE THE DISC VALUE
[ADMIN] [5/17/2017 17:58] [PENJUALAN] CASHIER FORM : cashierDataGridView_CellValueChanged [disc1]
[ADMIN] [5/17/2017 17:58] [PENJUALAN] CASHIER FORM : cashierDataGridView_CellValueChanged, previousInput [0]
[ADMIN] [5/17/2017 17:58] [PENJUALAN] CASHIER FORM : cashierDataGridView_CellValueChanged [disc2]
[ADMIN] [5/17/2017 17:58] [PENJUALAN] CASHIER FORM : cashierDataGridView_CellValueChanged, previousInput [0]
[ADMIN] [5/17/2017 17:58] [PENJUALAN] CASHIER FORM : cashierDataGridView_CellValueChanged [discRP]
[ADMIN] [5/17/2017 17:58] [PENJUALAN] CASHIER FORM : cashierDataGridView_CellValueChanged, previousInput [0]
[ADMIN] [5/17/2017 17:58] [PENJUALAN] CASHIER FORM : DISC FOUND [0, 0, 0]
[ADMIN] [5/17/2017 17:58] [PENJUALAN] CASHIER FORM : CALCULATE SUBTOTAL
[ADMIN] [5/17/2017 17:58] [PENJUALAN] CASHIER FORM : SUBTOTAL [2000]
[ADMIN] [5/17/2017 17:58] [PENJUALAN] CASHIER FORM : calculateTotal
[ADMIN] [5/17/2017 17:58] [PENJUALAN] CASHIER FORM : calculateTotal [2000]
[ADMIN] [5/17/2017 17:58] [PENJUALAN] CASHIER FORM : calculateTotal, totalAfterDisc [2000]
[ADMIN] [5/17/2017 17:58] [PENJUALAN] CASHIER FORM : calculateChangeValue, bayarTextBox.Text [0]
[ADMIN] [5/17/2017 17:58] [PENJUALAN] CASHIER FORM : calculateChangeValue, sisaBayar [0]
[ADMIN] [5/17/2017 17:58] [PENJUALAN] CASHIER FORM : PRODUCT PRICE REFRESHED
[ADMIN] [5/17/2017 17:58] [PENJUALAN] CASHIER FORM : REGISTER HOTKEY
[ADMIN] [5/17/2017 17:58] [PENJUALAN] CASHIER FORM : calculateChangeValue, bayarTextBox.Text [10]
[ADMIN] [5/17/2017 17:58] [PENJUALAN] CASHIER FORM : calculateChangeValue, sisaBayar [0]
[ADMIN] [5/17/2017 17:58] [PENJUALAN] CASHIER FORM : calculateChangeValue, bayarTextBox.Text [100]
[ADMIN] [5/17/2017 17:58] [PENJUALAN] CASHIER FORM : calculateChangeValue, sisaBayar [0]
[ADMIN] [5/17/2017 17:58] [PENJUALAN] CASHIER FORM : HOTKEY TO SAVE AND PRINT OUT INVOICE PRESSED
[ADMIN] [5/17/2017 17:58] [PENJUALAN] CASHIER FORM : UNREGISTER HOTKEY
[ADMIN] [5/17/2017 17:58] [PENJUALAN] CASHIER FORM : REGISTER HOTKEY
[ADMIN] [5/17/2017 17:58] [PENJUALAN] ATTEMPT TO SAVE AND PRINT OUT INVOICE
[ADMIN] [5/17/2017 17:58] [PENJUALAN] CASHIER FORM : CHECK STOCK QTY IS ENOUGH [RT001]
[ADMIN] [5/17/2017 17:58] [PENJUALAN] CASHIER FORM : UNREGISTER HOTKEY
[ADMIN] [5/17/2017 17:58] [PENJUALAN] CASHIER FORM : ATTEMPT TO SAVE SALES DATA [17-05-2017 17:56]
[ADMIN] [5/17/2017 17:58] [PENJUALAN] CASHIER FORM : SALES DISC FINAL [0]
[ADMIN] [5/17/2017 17:58] [PENJUALAN] CASHIER FORM : NON CASH - SALES DUE DATE [17-05-2017]
[ADMIN] [5/17/2017 17:58] [PENJUALAN] CHECK IF TAX LIMIT SET FOR PERCENTAGE PURCHASE [0]
[ADMIN] [5/17/2017 17:58] [PENJUALAN] CHECK IF TAX LIMIT SET FOR AVERAGE DAILY PURCHASE [0]
[ADMIN] [5/17/2017 17:58] [PENJUALAN] CASHIER FORM : NO FAKTUR [SLO001]
[ADMIN] [5/17/2017 17:58] [PENJUALAN] CASHIER FORM : MAX SALES INVOICE [3]
[ADMIN] [5/17/2017 17:58] [PENJUALAN] CASHIER FORM : SALES INVOICE [SLO001-4]
[ADMIN] [5/17/2017 17:58] [PENJUALAN] INSERT INTO SALES HEADER [SLO001-4]
[ADMIN] [5/17/2017 17:58] [PENJUALAN] INSERT INTO SALES DETAIL[RT001, 100, 20]
[ADMIN] [5/17/2017 17:58] [PENJUALAN] UPDATE CUSTOMER PRODUCT DISC [RT001]
[ADMIN] [5/17/2017 17:58] [PENJUALAN] INSERT TO CREDIT TABLE [SLO001-4]
[ADMIN] [5/17/2017 17:58] [PENJUALAN] INSERT TO DAILY JOURNAL TABLE [100]
[ADMIN] [5/17/2017 17:58] [PENJUALAN] CASHIER FORM : REGISTER HOTKEY
[ADMIN] [5/17/2017 17:58] [PENJUALAN] TRANSACTION SAVED
[ADMIN] [5/17/2017 17:58] [PENJUALAN] CASHIER FORM : UNREGISTER HOTKEY
[ADMIN] [5/17/2017 17:58] [PENJUALAN] CASHIER FORM : REGISTER HOTKEY
[ADMIN] [5/17/2017 17:58] [] [SYNC] CONNECTION TO SERVER CREATED
[ADMIN] [5/17/2017 17:58] [PENJUALAN] CASHIER FORM : UNREGISTER HOTKEY
[ADMIN] [5/17/2017 17:58] [PENJUALAN] CASHIER FORM : REGISTER HOTKEY
[ADMIN] [5/17/2017 17:58] [] [SYNC] CONNECTION TO SERVER CREATED
[ADMIN] [5/17/2017 17:58] [PENJUALAN] CASHIER FORM : UNREGISTER HOTKEY
[ADMIN] [5/17/2017 17:58] [PENJUALAN] CASHIER FORM : REGISTER HOTKEY
[ADMIN] [5/17/2017 17:58] [] [SYNC] CONNECTION TO SERVER CREATED
[ADMIN] [5/17/2017 17:58] [PENJUALAN] PRINT OUT INVOICE
[ADMIN] [5/17/2017 17:58] [PENJUALAN] CASHIER FORM : PrintReceipt
[ADMIN] [5/17/2017 17:58] [PENJUALAN] CASHIER FORM : PrintReceipt, POS size Paper
[ADMIN] [5/17/2017 17:58] [PENJUALAN] CASHIER FORM : printDocument1_PrintPage, print POS size receipt
[ADMIN] [5/17/2017 17:58] [PENJUALAN] CASHIER FORM : loadInfoToko
[ADMIN] [5/17/2017 17:58] [PENJUALAN] CASHIER FORM : calculatePageLength, totalLengthPage [355]
[ADMIN] [5/17/2017 17:58] [PENJUALAN] CASHIER FORM : UNREGISTER HOTKEY
[ADMIN] [5/17/2017 17:58] [PENJUALAN] CASHIER FORM : printDocument1_PrintPage, print POS size receipt
[ADMIN] [5/17/2017 17:58] [PENJUALAN] CASHIER FORM : loadInfoToko
[ADMIN] [5/17/2017 17:58] [PENJUALAN] CASHIER FORM : loadNamaUser
[ADMIN] [5/17/2017 17:58] [PENJUALAN] CASHIER FORM : REGISTER HOTKEY
[ADMIN] [5/17/2017 17:58] [PENJUALAN] CASHIER FORM : UNREGISTER HOTKEY
[ADMIN] [5/17/2017 17:58] [PENJUALAN] CASHIER FORM : REGISTER HOTKEY
[ADMIN] [5/17/2017 17:58] [PENJUALAN] CASHIER FORM : UPDATE ROW NUMBER, TOTAL ROW [1]
[ADMIN] [5/17/2017 17:58] [PENJUALAN] CASHIER FORM : UNREGISTER HOTKEY
[ADMIN] [5/17/2017 18:06] [PENJUALAN] CASHIER FORM : REGISTER HOTKEY
[ADMIN] [5/17/2017 18:06] [PENJUALAN] CASHIER FORM : UNREGISTER HOTKEY
[ADMIN] [5/17/2017 18:06] [PENJUALAN] CASHIER FORM : REGISTER HOTKEY
[ADMIN] [5/17/2017 18:06] [PENJUALAN] CASHIER FORM : UNREGISTER HOTKEY
[ADMIN] [5/17/2017 18:33] [PENJUALAN] CASHIER FORM : REGISTER HOTKEY
[ADMIN] [5/17/2017 18:33] [PENJUALAN] CASHIER FORM : UNREGISTER HOTKEY
[ADMIN] [5/17/2017 18:33] [PENJUALAN] CASHIER FORM : REGISTER HOTKEY
[ADMIN] [5/17/2017 18:33] [PENJUALAN] CASHIER FORM : UNREGISTER HOTKEY
[ADMIN] [5/17/2017 18:33] [PENJUALAN] CASHIER FORM : UNREGISTER HOTKEY
[ADMIN] [5/17/2017 18:33] [] USER ID = 1LOGOUT
