[] [5/18/2017 10:44] [] USER = ADMIN IS ACTIVE
[ADMIN] [5/18/2017 10:44] [] USER ID = 1 LOGIN SUCCESSFULLY
[ADMIN] [5/18/2017 10:44] [] ACTIVATE USER ACCESS RIGHT
[ADMIN] [5/18/2017 10:44] [] DISPLAY ADMIN FORM
[ADMIN] [5/18/2017 10:44] [] adminForm Load
[ADMIN] [5/18/2017 10:44] [] ACTIVATE USER ACCESS RIGHT
[ADMIN] [5/18/2017 10:44] [PENJUALAN] CASHIER FORM : MULTIPLE CASHIER INSTANCE [1]
[ADMIN] [5/18/2017 10:44] [PENJUALAN] CASHIER FORM : REGISTER HOTKEY
[ADMIN] [5/18/2017 10:44] [PENJUALAN] CASHIER FORM : cashierForm_Load, ATTEMPT TO LOAD NO FAKTUR
[ADMIN] [5/18/2017 10:44] [PENJUALAN] CASHIER FORM : loadNoFaktur, noFakturValue [SLO001]
[ADMIN] [5/18/2017 10:44] [PENJUALAN] CASHIER FORM : cashierForm_Load, ATTEMPT TO addColumnToDataGrid
[ADMIN] [5/18/2017 10:44] [PENJUALAN] CASHIER FORM : UPDATE ROW NUMBER, TOTAL ROW [1]
[ADMIN] [5/18/2017 10:44] [PENJUALAN] CASHIER FORM : cashierDataGridView_CellValueChanged [F8]
[ADMIN] [5/18/2017 10:44] [PENJUALAN] CASHIER FORM : REGISTER HOTKEY
[ADMIN] [5/18/2017 10:44] [PENJUALAN] CASHIER FORM : Combobox_previewKeyDown, cashierDataGridView.CurrentCell.OwningColumn.Name  [productID]
[ADMIN] [5/18/2017 10:44] [PENJUALAN] CASHIER FORM : UPDATE ROW NUMBER, TOTAL ROW [2]
[ADMIN] [5/18/2017 10:44] [PENJUALAN] CASHIER FORM : cashierDataGridView_CellValueChanged [F8]
[ADMIN] [5/18/2017 10:44] [PENJUALAN] CASHIER FORM : cashierDataGridView_CellValueChanged [productID]
[ADMIN] [5/18/2017 10:44] [PENJUALAN] CASHIER FORM : Combobox_previewKeyDown, cashierDataGridView.CurrentCell.OwningColumn.Name  [productID]
[ADMIN] [5/18/2017 10:44] [PENJUALAN] CASHIER FORM : cashierDataGridView_CellValueChanged [productID]
[ADMIN] [5/18/2017 10:44] [PENJUALAN] CASHIER FORM : Combobox_previewKeyDown, cashierDataGridView.CurrentCell.OwningColumn.Name  [productID]
[ADMIN] [5/18/2017 10:44] [PENJUALAN] CASHIER FORM : cashierDataGridView_CellValueChanged [productID]
[ADMIN] [5/18/2017 10:44] [PENJUALAN] CASHIER FORM : Combobox_previewKeyDown, cashierDataGridView.CurrentCell.OwningColumn.Name  [productID]
[ADMIN] [5/18/2017 10:44] [PENJUALAN] CASHIER FORM : cashierDataGridView_CellValueChanged [productID]
[ADMIN] [5/18/2017 10:44] [PENJUALAN] CASHIER FORM : Combobox_previewKeyDown, cashierDataGridView.CurrentCell.OwningColumn.Name  [productID]
[ADMIN] [5/18/2017 10:44] [PENJUALAN] CASHIER FORM : cashierDataGridView_CellValueChanged [productID]
[ADMIN] [5/18/2017 10:44] [PENJUALAN] CASHIER FORM : Combobox_previewKeyDown, cashierDataGridView.CurrentCell.OwningColumn.Name  [productID]
[ADMIN] [5/18/2017 10:44] [PENJUALAN] CASHIER FORM : UNREGISTER HOTKEY
[ADMIN] [5/18/2017 10:44] [PENJUALAN] CASHIER FORM : ADD NEW ROW FROM BARCODE [ROTI PISANG]
[ADMIN] [5/18/2017 10:44] [PENJUALAN] CASHIER FORM : updateSomeRowContents
[ADMIN] [5/18/2017 10:44] [PENJUALAN] CASHIER FORM : cashierDataGridView_CellValueChanged [productName]
[ADMIN] [5/18/2017 10:44] [PENJUALAN] CASHIER FORM : PRODUCT PRICE TYPE [PRODUCT_BASE_PRICE]
[ADMIN] [5/18/2017 10:44] [PENJUALAN] CASHIER FORM : PRODUCT PRICE [10]
[ADMIN] [5/18/2017 10:44] [PENJUALAN] CASHIER FORM : ComboBox_SelectedIndexChanged, PRODUCT_BASE_PRICE [10]
[ADMIN] [5/18/2017 10:44] [PENJUALAN] CASHIER FORM : cashierDataGridView_CellValueChanged [hpp]
[ADMIN] [5/18/2017 10:44] [PENJUALAN] CASHIER FORM : PRODUCT PRICE TYPE [PRODUCT_RETAIL_PRICE]
[ADMIN] [5/18/2017 10:44] [PENJUALAN] CASHIER FORM : PRODUCT PRICE [100]
[ADMIN] [5/18/2017 10:44] [PENJUALAN] CASHIER FORM : ComboBox_SelectedIndexChanged, PRODUCT_SALES_PRICE [100]
[ADMIN] [5/18/2017 10:44] [PENJUALAN] CASHIER FORM : cashierDataGridView_CellValueChanged [productPrice]
[ADMIN] [5/18/2017 10:44] [PENJUALAN] CASHIER FORM : cashierDataGridView_CellValueChanged, previousInput [0]
[ADMIN] [5/18/2017 10:44] [PENJUALAN] CASHIER FORM : cashierDataGridView_CellValueChanged, cellValue [100]
[ADMIN] [5/18/2017 10:44] [PENJUALAN] CASHIER FORM : cashierDataGridView_CellValueChanged, dataGridViewTextBoxEditingControl.Text pass REGEX Checking
[ADMIN] [5/18/2017 10:44] [PENJUALAN] CASHIER FORM : CALCULATE SUBTOTAL
[ADMIN] [5/18/2017 10:44] [PENJUALAN] CASHIER FORM : SUBTOTAL [0]
[ADMIN] [5/18/2017 10:44] [PENJUALAN] CASHIER FORM : cashierDataGridView_CellValueChanged, subtotal value [0]
[ADMIN] [5/18/2017 10:44] [PENJUALAN] CASHIER FORM : cashierDataGridView_CellValueChanged, attempt to calculate total value
[ADMIN] [5/18/2017 10:44] [PENJUALAN] CASHIER FORM : calculateTotal
[ADMIN] [5/18/2017 10:44] [PENJUALAN] CASHIER FORM : calculateTotal [0]
[ADMIN] [5/18/2017 10:44] [PENJUALAN] CASHIER FORM : calculateTotal, totalAfterDisc [0]
[ADMIN] [5/18/2017 10:44] [PENJUALAN] CASHIER FORM : calculateChangeValue, bayarTextBox.Text [0]
[ADMIN] [5/18/2017 10:44] [PENJUALAN] CASHIER FORM : calculateChangeValue, sisaBayar [0]
[ADMIN] [5/18/2017 10:44] [PENJUALAN] CASHIER FORM : cashierDataGridView_CellValueChanged [qty]
[ADMIN] [5/18/2017 10:44] [PENJUALAN] CASHIER FORM : cashierDataGridView_CellValueChanged, previousInput [0]
[ADMIN] [5/18/2017 10:44] [PENJUALAN] CASHIER FORM : cashierDataGridView_CellValueChanged [jumlah]
[ADMIN] [5/18/2017 10:44] [PENJUALAN] CASHIER FORM : calculateTotal
[ADMIN] [5/18/2017 10:44] [PENJUALAN] CASHIER FORM : calculateTotal [0]
[ADMIN] [5/18/2017 10:44] [PENJUALAN] CASHIER FORM : calculateTotal, totalAfterDisc [0]
[ADMIN] [5/18/2017 10:44] [PENJUALAN] CASHIER FORM : calculateChangeValue, bayarTextBox.Text [0]
[ADMIN] [5/18/2017 10:44] [PENJUALAN] CASHIER FORM : calculateChangeValue, sisaBayar [0]
[ADMIN] [5/18/2017 10:44] [PENJUALAN] CASHIER FORM : CHECK STOCK QTY IS ENOUGH [RT001]
[ADMIN] [5/18/2017 10:44] [PENJUALAN] CASHIER FORM : CHECK STOCK QTY IS ENOUGH [75, 1]
[ADMIN] [5/18/2017 10:44] [PENJUALAN] CASHIER FORM : cashierDataGridView_CellValueChanged [qty]
[ADMIN] [5/18/2017 10:44] [PENJUALAN] CASHIER FORM : cashierDataGridView_CellValueChanged, previousInput [0]
[ADMIN] [5/18/2017 10:44] [PENJUALAN] CASHIER FORM : cashierDataGridView_CellValueChanged, cellValue [1]
[ADMIN] [5/18/2017 10:44] [PENJUALAN] CASHIER FORM : cashierDataGridView_CellValueChanged, dataGridViewTextBoxEditingControl.Text pass REGEX Checking
[ADMIN] [5/18/2017 10:44] [PENJUALAN] CASHIER FORM : CHECK STOCK QTY IS ENOUGH [RT001]
[ADMIN] [5/18/2017 10:44] [PENJUALAN] CASHIER FORM : CHECK STOCK QTY IS ENOUGH [75, 1]
[ADMIN] [5/18/2017 10:44] [PENJUALAN] CASHIER FORM : CALCULATE SUBTOTAL
[ADMIN] [5/18/2017 10:44] [PENJUALAN] CASHIER FORM : SUBTOTAL [100]
[ADMIN] [5/18/2017 10:44] [PENJUALAN] CASHIER FORM : cashierDataGridView_CellValueChanged, subtotal value [100]
[ADMIN] [5/18/2017 10:44] [PENJUALAN] CASHIER FORM : cashierDataGridView_CellValueChanged, attempt to calculate total value
[ADMIN] [5/18/2017 10:44] [PENJUALAN] CASHIER FORM : calculateTotal
[ADMIN] [5/18/2017 10:44] [PENJUALAN] CASHIER FORM : calculateTotal [100]
[ADMIN] [5/18/2017 10:44] [PENJUALAN] CASHIER FORM : calculateTotal, totalAfterDisc [100]
[ADMIN] [5/18/2017 10:44] [PENJUALAN] CASHIER FORM : calculateChangeValue, bayarTextBox.Text [0]
[ADMIN] [5/18/2017 10:44] [PENJUALAN] CASHIER FORM : calculateChangeValue, sisaBayar [0]
[ADMIN] [5/18/2017 10:44] [PENJUALAN] CASHIER FORM : SET QTY TO 1 BECAUSE OF NEW ROW
[ADMIN] [5/18/2017 10:44] [PENJUALAN] CASHIER FORM : CALCULATE SUBTOTAL
[ADMIN] [5/18/2017 10:44] [PENJUALAN] CASHIER FORM : SUBTOTAL [100]
[ADMIN] [5/18/2017 10:44] [PENJUALAN] CASHIER FORM : calculateTotal
[ADMIN] [5/18/2017 10:44] [PENJUALAN] CASHIER FORM : calculateTotal [100]
[ADMIN] [5/18/2017 10:44] [PENJUALAN] CASHIER FORM : calculateTotal, totalAfterDisc [100]
[ADMIN] [5/18/2017 10:44] [PENJUALAN] CASHIER FORM : calculateChangeValue, bayarTextBox.Text [0]
[ADMIN] [5/18/2017 10:44] [PENJUALAN] CASHIER FORM : calculateChangeValue, sisaBayar [0]
[ADMIN] [5/18/2017 10:44] [PENJUALAN] CASHIER FORM : UPDATE ROW NUMBER, TOTAL ROW [2]
[ADMIN] [5/18/2017 10:44] [PENJUALAN] CASHIER FORM : cashierDataGridView_CellValueChanged [F8]
[ADMIN] [5/18/2017 10:44] [PENJUALAN] CASHIER FORM : REGISTER HOTKEY
[ADMIN] [5/18/2017 10:44] [PENJUALAN] CASHIER FORM : cashierDataGridView_CellValueChanged [qty]
[ADMIN] [5/18/2017 10:44] [PENJUALAN] CASHIER FORM : cashierDataGridView_CellValueChanged, previousInput [1]
[ADMIN] [5/18/2017 10:44] [PENJUALAN] CASHIER FORM : cashierDataGridView_CellValueChanged, dataGridViewTextBoxEditingControl.Text pass REGEX Checking
[ADMIN] [5/18/2017 10:44] [PENJUALAN] CASHIER FORM : CHECK STOCK QTY IS ENOUGH [RT001]
[ADMIN] [5/18/2017 10:44] [PENJUALAN] CASHIER FORM : CHECK STOCK QTY IS ENOUGH [75, 2]
[ADMIN] [5/18/2017 10:44] [PENJUALAN] CASHIER FORM : CALCULATE SUBTOTAL
[ADMIN] [5/18/2017 10:44] [PENJUALAN] CASHIER FORM : SUBTOTAL [200]
[ADMIN] [5/18/2017 10:44] [PENJUALAN] CASHIER FORM : cashierDataGridView_CellValueChanged, subtotal value [200]
[ADMIN] [5/18/2017 10:44] [PENJUALAN] CASHIER FORM : cashierDataGridView_CellValueChanged, attempt to calculate total value
[ADMIN] [5/18/2017 10:44] [PENJUALAN] CASHIER FORM : calculateTotal
[ADMIN] [5/18/2017 10:44] [PENJUALAN] CASHIER FORM : calculateTotal [200]
[ADMIN] [5/18/2017 10:44] [PENJUALAN] CASHIER FORM : calculateTotal, totalAfterDisc [200]
[ADMIN] [5/18/2017 10:44] [PENJUALAN] CASHIER FORM : calculateChangeValue, bayarTextBox.Text [0]
[ADMIN] [5/18/2017 10:44] [PENJUALAN] CASHIER FORM : calculateChangeValue, sisaBayar [0]
[ADMIN] [5/18/2017 10:44] [PENJUALAN] CASHIER FORM : cashierDataGridView_CellValueChanged [qty]
[ADMIN] [5/18/2017 10:44] [PENJUALAN] CASHIER FORM : cashierDataGridView_CellValueChanged, previousInput [2]
[ADMIN] [5/18/2017 10:44] [PENJUALAN] CASHIER FORM : cashierDataGridView_CellValueChanged, dataGridViewTextBoxEditingControl.Text pass REGEX Checking
[ADMIN] [5/18/2017 10:44] [PENJUALAN] CASHIER FORM : CHECK STOCK QTY IS ENOUGH [RT001]
[ADMIN] [5/18/2017 10:44] [PENJUALAN] CASHIER FORM : CHECK STOCK QTY IS ENOUGH [75, 20]
[ADMIN] [5/18/2017 10:44] [PENJUALAN] CASHIER FORM : CALCULATE SUBTOTAL
[ADMIN] [5/18/2017 10:44] [PENJUALAN] CASHIER FORM : SUBTOTAL [2000]
[ADMIN] [5/18/2017 10:44] [PENJUALAN] CASHIER FORM : cashierDataGridView_CellValueChanged, subtotal value [2000]
[ADMIN] [5/18/2017 10:44] [PENJUALAN] CASHIER FORM : cashierDataGridView_CellValueChanged, attempt to calculate total value
[ADMIN] [5/18/2017 10:44] [PENJUALAN] CASHIER FORM : calculateTotal
[ADMIN] [5/18/2017 10:44] [PENJUALAN] CASHIER FORM : calculateTotal [2000]
[ADMIN] [5/18/2017 10:44] [PENJUALAN] CASHIER FORM : calculateTotal, totalAfterDisc [2000]
[ADMIN] [5/18/2017 10:44] [PENJUALAN] CASHIER FORM : calculateChangeValue, bayarTextBox.Text [0]
[ADMIN] [5/18/2017 10:44] [PENJUALAN] CASHIER FORM : calculateChangeValue, sisaBayar [0]
[ADMIN] [5/18/2017 10:45] [PENJUALAN] CASHIER FORM : calculateChangeValue, bayarTextBox.Text [1]
[ADMIN] [5/18/2017 10:45] [PENJUALAN] CASHIER FORM : calculateChangeValue, sisaBayar [0]
[ADMIN] [5/18/2017 10:45] [PENJUALAN] CASHIER FORM : calculateChangeValue, bayarTextBox.Text [10]
[ADMIN] [5/18/2017 10:45] [PENJUALAN] CASHIER FORM : calculateChangeValue, sisaBayar [0]
[ADMIN] [5/18/2017 10:45] [PENJUALAN] CASHIER FORM : calculateChangeValue, bayarTextBox.Text [100]
[ADMIN] [5/18/2017 10:45] [PENJUALAN] CASHIER FORM : calculateChangeValue, sisaBayar [0]
[ADMIN] [5/18/2017 10:45] [PENJUALAN] CASHIER FORM : calculateChangeValue, bayarTextBox.Text [1000]
[ADMIN] [5/18/2017 10:45] [PENJUALAN] CASHIER FORM : calculateChangeValue, sisaBayar [0]
[ADMIN] [5/18/2017 10:45] [PENJUALAN] CASHIER FORM : calculateChangeValue, bayarTextBox.Text [100]
[ADMIN] [5/18/2017 10:45] [PENJUALAN] CASHIER FORM : calculateChangeValue, sisaBayar [0]
[ADMIN] [5/18/2017 10:45] [PENJUALAN] CASHIER FORM : calculateChangeValue, bayarTextBox.Text [10]
[ADMIN] [5/18/2017 10:45] [PENJUALAN] CASHIER FORM : calculateChangeValue, sisaBayar [0]
[ADMIN] [5/18/2017 10:45] [PENJUALAN] CASHIER FORM : calculateChangeValue, bayarTextBox.Text [1]
[ADMIN] [5/18/2017 10:45] [PENJUALAN] CASHIER FORM : calculateChangeValue, sisaBayar [0]
[ADMIN] [5/18/2017 10:45] [PENJUALAN] CASHIER FORM : calculateChangeValue, bayarTextBox.Text [2]
[ADMIN] [5/18/2017 10:45] [PENJUALAN] CASHIER FORM : calculateChangeValue, sisaBayar [0]
[ADMIN] [5/18/2017 10:45] [PENJUALAN] CASHIER FORM : calculateChangeValue, bayarTextBox.Text [20]
[ADMIN] [5/18/2017 10:45] [PENJUALAN] CASHIER FORM : calculateChangeValue, sisaBayar [0]
[ADMIN] [5/18/2017 10:45] [PENJUALAN] CASHIER FORM : calculateChangeValue, bayarTextBox.Text [200]
[ADMIN] [5/18/2017 10:45] [PENJUALAN] CASHIER FORM : calculateChangeValue, sisaBayar [0]
[ADMIN] [5/18/2017 10:45] [PENJUALAN] CASHIER FORM : calculateChangeValue, bayarTextBox.Text [2000]
[ADMIN] [5/18/2017 10:45] [PENJUALAN] CASHIER FORM : calculateChangeValue, sisaBayar [0]
[ADMIN] [5/18/2017 10:45] [PENJUALAN] CASHIER FORM : HOTKEY TO SAVE AND PRINT OUT INVOICE PRESSED
[ADMIN] [5/18/2017 10:45] [PENJUALAN] CASHIER FORM : UNREGISTER HOTKEY
[ADMIN] [5/18/2017 10:45] [PENJUALAN] CASHIER FORM : REGISTER HOTKEY
[ADMIN] [5/18/2017 10:45] [PENJUALAN] ATTEMPT TO SAVE AND PRINT OUT INVOICE
[ADMIN] [5/18/2017 10:45] [PENJUALAN] CASHIER FORM : CHECK STOCK QTY IS ENOUGH [RT001]
[ADMIN] [5/18/2017 10:45] [PENJUALAN] CASHIER FORM : CHECK STOCK QTY IS ENOUGH [75, 20]
[ADMIN] [5/18/2017 10:45] [PENJUALAN] CASHIER FORM : UNREGISTER HOTKEY
[ADMIN] [5/18/2017 10:45] [PENJUALAN] CASHIER FORM : REGISTER HOTKEY
[ADMIN] [5/18/2017 10:45] [PENJUALAN] CASHIER FORM : UNREGISTER HOTKEY
[ADMIN] [5/18/2017 10:45] [PENJUALAN] CASHIER FORM : ATTEMPT TO SAVE SALES DATA [18-05-2017 10:44]
[ADMIN] [5/18/2017 10:45] [PENJUALAN] CASHIER FORM : SALES DISC FINAL [0]
[ADMIN] [5/18/2017 10:45] [PENJUALAN] CASHIER FORM : CASH SALES
[ADMIN] [5/18/2017 10:45] [PENJUALAN] CHECK IF TAX LIMIT SET FOR PERCENTAGE PURCHASE [0]
[ADMIN] [5/18/2017 10:45] [PENJUALAN] CHECK IF TAX LIMIT SET FOR AVERAGE DAILY PURCHASE [0]
[ADMIN] [5/18/2017 10:45] [PENJUALAN] CASHIER FORM : NO FAKTUR [SLO001]
[ADMIN] [5/18/2017 10:45] [PENJUALAN] CASHIER FORM : MAX SALES INVOICE [4]
[ADMIN] [5/18/2017 10:45] [PENJUALAN] CASHIER FORM : SALES INVOICE [SLO001-5]
[ADMIN] [5/18/2017 10:45] [PENJUALAN] INSERT INTO SALES HEADER [SLO001-5]
[ADMIN] [5/18/2017 10:45] [PENJUALAN] INSERT INTO SALES DETAIL[RT001, 100, 20]
[ADMIN] [5/18/2017 10:45] [PENJUALAN] REDUCE STOCK AT MASTER PRODUCT [RT001]
[ADMIN] [5/18/2017 10:45] [PENJUALAN] INSERT TO CREDIT TABLE [SLO001-5]
[ADMIN] [5/18/2017 10:45] [PENJUALAN] INSERT TO DAILY JOURNAL TABLE [2000]
[ADMIN] [5/18/2017 10:45] [PENJUALAN] CASHIER FORM : REGISTER HOTKEY
[ADMIN] [5/18/2017 10:45] [PENJUALAN] TRANSACTION SAVED
[ADMIN] [5/18/2017 10:45] [PENJUALAN] PRINT OUT INVOICE
[ADMIN] [5/18/2017 10:45] [PENJUALAN] CASHIER FORM : PrintReceipt
[ADMIN] [5/18/2017 10:45] [PENJUALAN] CASHIER FORM : PrintReceipt, POS size Paper
[ADMIN] [5/18/2017 10:45] [PENJUALAN] CASHIER FORM : printDocument1_PrintPage, print POS size receipt
[ADMIN] [5/18/2017 10:45] [PENJUALAN] CASHIER FORM : loadInfoToko
[ADMIN] [5/18/2017 10:45] [PENJUALAN] CASHIER FORM : calculatePageLength, totalLengthPage [383]
[ADMIN] [5/18/2017 10:45] [PENJUALAN] CASHIER FORM : UNREGISTER HOTKEY
[ADMIN] [5/18/2017 10:45] [PENJUALAN] CASHIER FORM : printDocument1_PrintPage, print POS size receipt
[ADMIN] [5/18/2017 10:45] [PENJUALAN] CASHIER FORM : loadInfoToko
[ADMIN] [5/18/2017 10:45] [PENJUALAN] CASHIER FORM : loadNamaUser
[ADMIN] [5/18/2017 10:45] [PENJUALAN] CASHIER FORM : REGISTER HOTKEY
[ADMIN] [5/18/2017 10:45] [PENJUALAN] CASHIER FORM : UNREGISTER HOTKEY
[ADMIN] [5/18/2017 10:45] [PENJUALAN] CASHIER FORM : REGISTER HOTKEY
[ADMIN] [5/18/2017 10:45] [PENJUALAN] CASHIER FORM : UPDATE ROW NUMBER, TOTAL ROW [1]
[ADMIN] [5/18/2017 10:45] [PENJUALAN] CASHIER FORM : cashierDataGridView_CellValueChanged [F8]
[ADMIN] [5/18/2017 10:45] [PENJUALAN] CASHIER FORM : UNREGISTER HOTKEY
[ADMIN] [5/18/2017 10:45] [PENJUALAN] CASHIER FORM : REGISTER HOTKEY
[ADMIN] [5/18/2017 10:45] [PENJUALAN] CASHIER FORM : UNREGISTER HOTKEY
[ADMIN] [5/18/2017 10:50] [] USER ID = 1LOGOUT
[ADMIN] [5/18/2017 10:50] [PENJUALAN] CASHIER FORM : UNREGISTER HOTKEY
