[] [5/18/2017 12:17] [] USER = ADMIN IS ACTIVE
[ADMIN] [5/18/2017 12:17] [] USER ID = 1 LOGIN SUCCESSFULLY
[ADMIN] [5/18/2017 12:17] [] ACTIVATE USER ACCESS RIGHT
[ADMIN] [5/18/2017 12:17] [] DISPLAY ADMIN FORM
[ADMIN] [5/18/2017 12:17] [] adminForm Load
[ADMIN] [5/18/2017 12:17] [] ACTIVATE USER ACCESS RIGHT
[ADMIN] [5/18/2017 12:17] [PENJUALAN] CASHIER FORM : MULTIPLE CASHIER INSTANCE [1]
[ADMIN] [5/18/2017 12:17] [PENJUALAN] CASHIER FORM : REGISTER HOTKEY
[ADMIN] [5/18/2017 12:17] [PENJUALAN] CASHIER FORM : cashierForm_Load, ATTEMPT TO LOAD NO FAKTUR
[ADMIN] [5/18/2017 12:17] [PENJUALAN] CASHIER FORM : loadNoFaktur, noFakturValue [SLO001]
[ADMIN] [5/18/2017 12:17] [PENJUALAN] CASHIER FORM : cashierForm_Load, ATTEMPT TO addColumnToDataGrid
[ADMIN] [5/18/2017 12:17] [PENJUALAN] CASHIER FORM : UPDATE ROW NUMBER, TOTAL ROW [1]
[ADMIN] [5/18/2017 12:17] [PENJUALAN] CASHIER FORM : cashierDataGridView_CellValueChanged [F8]
[ADMIN] [5/18/2017 12:17] [PENJUALAN] CASHIER FORM : REGISTER HOTKEY
[ADMIN] [5/18/2017 12:18] [PENJUALAN] CASHIER FORM : Combobox_previewKeyDown, cashierDataGridView.CurrentCell.OwningColumn.Name  [productID]
[ADMIN] [5/18/2017 12:18] [PENJUALAN] CASHIER FORM : UPDATE ROW NUMBER, TOTAL ROW [2]
[ADMIN] [5/18/2017 12:18] [PENJUALAN] CASHIER FORM : cashierDataGridView_CellValueChanged [F8]
[ADMIN] [5/18/2017 12:18] [PENJUALAN] CASHIER FORM : cashierDataGridView_CellValueChanged [productID]
[ADMIN] [5/18/2017 12:18] [PENJUALAN] CASHIER FORM : Combobox_previewKeyDown, cashierDataGridView.CurrentCell.OwningColumn.Name  [productID]
[ADMIN] [5/18/2017 12:18] [PENJUALAN] CASHIER FORM : cashierDataGridView_CellValueChanged [productID]
[ADMIN] [5/18/2017 12:18] [PENJUALAN] CASHIER FORM : Combobox_previewKeyDown, cashierDataGridView.CurrentCell.OwningColumn.Name  [productID]
[ADMIN] [5/18/2017 12:18] [PENJUALAN] CASHIER FORM : cashierDataGridView_CellValueChanged [productID]
[ADMIN] [5/18/2017 12:18] [PENJUALAN] CASHIER FORM : Combobox_previewKeyDown, cashierDataGridView.CurrentCell.OwningColumn.Name  [productID]
[ADMIN] [5/18/2017 12:18] [PENJUALAN] CASHIER FORM : cashierDataGridView_CellValueChanged [productID]
[ADMIN] [5/18/2017 12:18] [PENJUALAN] CASHIER FORM : Combobox_previewKeyDown, cashierDataGridView.CurrentCell.OwningColumn.Name  [productID]
[ADMIN] [5/18/2017 12:18] [PENJUALAN] CASHIER FORM : cashierDataGridView_CellValueChanged [productID]
[ADMIN] [5/18/2017 12:18] [PENJUALAN] CASHIER FORM : Combobox_previewKeyDown, cashierDataGridView.CurrentCell.OwningColumn.Name  [productID]
[ADMIN] [5/18/2017 12:18] [PENJUALAN] CASHIER FORM : UNREGISTER HOTKEY
[ADMIN] [5/18/2017 12:18] [PENJUALAN] CASHIER FORM : ADD NEW ROW FROM BARCODE [ROTI AYAM]
[ADMIN] [5/18/2017 12:18] [PENJUALAN] CASHIER FORM : updateSomeRowContents
[ADMIN] [5/18/2017 12:18] [PENJUALAN] CASHIER FORM : cashierDataGridView_CellValueChanged [productName]
[ADMIN] [5/18/2017 12:18] [PENJUALAN] CASHIER FORM : PRODUCT PRICE TYPE [PRODUCT_BASE_PRICE]
[ADMIN] [5/18/2017 12:18] [PENJUALAN] CASHIER FORM : PRODUCT PRICE [10]
[ADMIN] [5/18/2017 12:18] [PENJUALAN] CASHIER FORM : ComboBox_SelectedIndexChanged, PRODUCT_BASE_PRICE [10]
[ADMIN] [5/18/2017 12:18] [PENJUALAN] CASHIER FORM : cashierDataGridView_CellValueChanged [hpp]
[ADMIN] [5/18/2017 12:18] [PENJUALAN] CASHIER FORM : PRODUCT PRICE TYPE [PRODUCT_RETAIL_PRICE]
[ADMIN] [5/18/2017 12:18] [PENJUALAN] CASHIER FORM : PRODUCT PRICE [100]
[ADMIN] [5/18/2017 12:18] [PENJUALAN] CASHIER FORM : ComboBox_SelectedIndexChanged, PRODUCT_SALES_PRICE [100]
[ADMIN] [5/18/2017 12:18] [PENJUALAN] CASHIER FORM : cashierDataGridView_CellValueChanged [productPrice]
[ADMIN] [5/18/2017 12:18] [PENJUALAN] CASHIER FORM : cashierDataGridView_CellValueChanged, previousInput [0]
[ADMIN] [5/18/2017 12:18] [PENJUALAN] CASHIER FORM : cashierDataGridView_CellValueChanged, cellValue [100]
[ADMIN] [5/18/2017 12:18] [PENJUALAN] CASHIER FORM : cashierDataGridView_CellValueChanged, dataGridViewTextBoxEditingControl.Text pass REGEX Checking
[ADMIN] [5/18/2017 12:18] [PENJUALAN] CASHIER FORM : CALCULATE SUBTOTAL
[ADMIN] [5/18/2017 12:18] [PENJUALAN] CASHIER FORM : SUBTOTAL [0]
[ADMIN] [5/18/2017 12:18] [PENJUALAN] CASHIER FORM : cashierDataGridView_CellValueChanged, subtotal value [0]
[ADMIN] [5/18/2017 12:18] [PENJUALAN] CASHIER FORM : cashierDataGridView_CellValueChanged, attempt to calculate total value
[ADMIN] [5/18/2017 12:18] [PENJUALAN] CASHIER FORM : calculateTotal
[ADMIN] [5/18/2017 12:18] [PENJUALAN] CASHIER FORM : calculateTotal [0]
[ADMIN] [5/18/2017 12:18] [PENJUALAN] CASHIER FORM : calculateTotal, totalAfterDisc [0]
[ADMIN] [5/18/2017 12:18] [PENJUALAN] CASHIER FORM : calculateChangeValue, bayarTextBox.Text [0]
[ADMIN] [5/18/2017 12:18] [PENJUALAN] CASHIER FORM : calculateChangeValue, sisaBayar [0]
[ADMIN] [5/18/2017 12:18] [PENJUALAN] CASHIER FORM : cashierDataGridView_CellValueChanged [qty]
[ADMIN] [5/18/2017 12:18] [PENJUALAN] CASHIER FORM : cashierDataGridView_CellValueChanged, previousInput [0]
[ADMIN] [5/18/2017 12:18] [PENJUALAN] CASHIER FORM : cashierDataGridView_CellValueChanged [jumlah]
[ADMIN] [5/18/2017 12:18] [PENJUALAN] CASHIER FORM : calculateTotal
[ADMIN] [5/18/2017 12:18] [PENJUALAN] CASHIER FORM : calculateTotal [0]
[ADMIN] [5/18/2017 12:18] [PENJUALAN] CASHIER FORM : calculateTotal, totalAfterDisc [0]
[ADMIN] [5/18/2017 12:18] [PENJUALAN] CASHIER FORM : calculateChangeValue, bayarTextBox.Text [0]
[ADMIN] [5/18/2017 12:18] [PENJUALAN] CASHIER FORM : calculateChangeValue, sisaBayar [0]
[ADMIN] [5/18/2017 12:18] [PENJUALAN] CASHIER FORM : CHECK STOCK QTY IS ENOUGH [RT002]
[ADMIN] [5/18/2017 12:18] [PENJUALAN] CASHIER FORM : cashierDataGridView_CellValueChanged [qty]
[ADMIN] [5/18/2017 12:18] [PENJUALAN] CASHIER FORM : cashierDataGridView_CellValueChanged, previousInput [0]
[ADMIN] [5/18/2017 12:18] [PENJUALAN] CASHIER FORM : cashierDataGridView_CellValueChanged, cellValue [1]
[ADMIN] [5/18/2017 12:18] [PENJUALAN] CASHIER FORM : cashierDataGridView_CellValueChanged, dataGridViewTextBoxEditingControl.Text pass REGEX Checking
[ADMIN] [5/18/2017 12:18] [PENJUALAN] CASHIER FORM : CHECK STOCK QTY IS ENOUGH [RT002]
[ADMIN] [5/18/2017 12:18] [PENJUALAN] CASHIER FORM : CALCULATE SUBTOTAL
[ADMIN] [5/18/2017 12:18] [PENJUALAN] CASHIER FORM : SUBTOTAL [100]
[ADMIN] [5/18/2017 12:18] [PENJUALAN] CASHIER FORM : cashierDataGridView_CellValueChanged, subtotal value [100]
[ADMIN] [5/18/2017 12:18] [PENJUALAN] CASHIER FORM : cashierDataGridView_CellValueChanged, attempt to calculate total value
[ADMIN] [5/18/2017 12:18] [PENJUALAN] CASHIER FORM : calculateTotal
[ADMIN] [5/18/2017 12:18] [PENJUALAN] CASHIER FORM : calculateTotal [100]
[ADMIN] [5/18/2017 12:18] [PENJUALAN] CASHIER FORM : calculateTotal, totalAfterDisc [100]
[ADMIN] [5/18/2017 12:18] [PENJUALAN] CASHIER FORM : calculateChangeValue, bayarTextBox.Text [0]
[ADMIN] [5/18/2017 12:18] [PENJUALAN] CASHIER FORM : calculateChangeValue, sisaBayar [0]
[ADMIN] [5/18/2017 12:18] [PENJUALAN] CASHIER FORM : SET QTY TO 1 BECAUSE OF NEW ROW
[ADMIN] [5/18/2017 12:18] [PENJUALAN] CASHIER FORM : CALCULATE SUBTOTAL
[ADMIN] [5/18/2017 12:18] [PENJUALAN] CASHIER FORM : SUBTOTAL [100]
[ADMIN] [5/18/2017 12:18] [PENJUALAN] CASHIER FORM : calculateTotal
[ADMIN] [5/18/2017 12:18] [PENJUALAN] CASHIER FORM : calculateTotal [100]
[ADMIN] [5/18/2017 12:18] [PENJUALAN] CASHIER FORM : calculateTotal, totalAfterDisc [100]
[ADMIN] [5/18/2017 12:18] [PENJUALAN] CASHIER FORM : calculateChangeValue, bayarTextBox.Text [0]
[ADMIN] [5/18/2017 12:18] [PENJUALAN] CASHIER FORM : calculateChangeValue, sisaBayar [0]
[ADMIN] [5/18/2017 12:18] [PENJUALAN] CASHIER FORM : UPDATE ROW NUMBER, TOTAL ROW [2]
[ADMIN] [5/18/2017 12:18] [PENJUALAN] CASHIER FORM : cashierDataGridView_CellValueChanged [F8]
[ADMIN] [5/18/2017 12:18] [PENJUALAN] CASHIER FORM : REGISTER HOTKEY
[ADMIN] [5/18/2017 12:18] [PENJUALAN] CASHIER FORM : cashierDataGridView_CellValueChanged [qty]
[ADMIN] [5/18/2017 12:18] [PENJUALAN] CASHIER FORM : cashierDataGridView_CellValueChanged, previousInput [1]
[ADMIN] [5/18/2017 12:18] [PENJUALAN] CASHIER FORM : cashierDataGridView_CellValueChanged [qty]
[ADMIN] [5/18/2017 12:18] [PENJUALAN] CASHIER FORM : cashierDataGridView_CellValueChanged, previousInput [1]
[ADMIN] [5/18/2017 12:18] [PENJUALAN] CASHIER FORM : cashierDataGridView_CellValueChanged, dataGridViewTextBoxEditingControl.Text pass REGEX Checking
[ADMIN] [5/18/2017 12:18] [PENJUALAN] CASHIER FORM : CHECK STOCK QTY IS ENOUGH [RT002]
[ADMIN] [5/18/2017 12:18] [PENJUALAN] CASHIER FORM : CALCULATE SUBTOTAL
[ADMIN] [5/18/2017 12:18] [PENJUALAN] CASHIER FORM : SUBTOTAL [1000]
[ADMIN] [5/18/2017 12:18] [PENJUALAN] CASHIER FORM : cashierDataGridView_CellValueChanged, subtotal value [1000]
[ADMIN] [5/18/2017 12:18] [PENJUALAN] CASHIER FORM : cashierDataGridView_CellValueChanged, attempt to calculate total value
[ADMIN] [5/18/2017 12:18] [PENJUALAN] CASHIER FORM : calculateTotal
[ADMIN] [5/18/2017 12:18] [PENJUALAN] CASHIER FORM : calculateTotal [1000]
[ADMIN] [5/18/2017 12:18] [PENJUALAN] CASHIER FORM : calculateTotal, totalAfterDisc [1000]
[ADMIN] [5/18/2017 12:18] [PENJUALAN] CASHIER FORM : calculateChangeValue, bayarTextBox.Text [0]
[ADMIN] [5/18/2017 12:18] [PENJUALAN] CASHIER FORM : calculateChangeValue, sisaBayar [0]
[ADMIN] [5/18/2017 12:18] [PENJUALAN] CASHIER FORM : HOTKEY TO SAVE AND PRINT OUT INVOICE PRESSED
[ADMIN] [5/18/2017 12:18] [PENJUALAN] CASHIER FORM : UNREGISTER HOTKEY
[ADMIN] [5/18/2017 12:18] [PENJUALAN] CASHIER FORM : REGISTER HOTKEY
[ADMIN] [5/18/2017 12:18] [PENJUALAN] ATTEMPT TO SAVE AND PRINT OUT INVOICE
[ADMIN] [5/18/2017 12:18] [PENJUALAN] CASHIER FORM : CHECK STOCK QTY IS ENOUGH [RT002]
[ADMIN] [5/18/2017 12:18] [PENJUALAN] CASHIER FORM : UNREGISTER HOTKEY
[ADMIN] [5/18/2017 12:18] [PENJUALAN] CASHIER FORM : REGISTER HOTKEY
[ADMIN] [5/18/2017 12:18] [PENJUALAN] CASHIER FORM : DISPLAY PELANGGAN FORM
[ADMIN] [5/18/2017 12:18] [PENJUALAN] CASHIER FORM : UNREGISTER HOTKEY
[ADMIN] [5/18/2017 12:18] [PENJUALAN] CASHIER FORM : SELECTED CUSTOMER ID [1]
[ADMIN] [5/18/2017 12:18] [PENJUALAN] CASHIER FORM : ATTEMPT TO SET CUSTOMER PROFILE
[ADMIN] [5/18/2017 12:18] [PENJUALAN] CASHIER FORM : SET CUSTOMER PROFILE [ANDRI]
[ADMIN] [5/18/2017 12:18] [PENJUALAN] CASHIER FORM : CUSTOMER GROUP [P-UMUM [ECER]]
[ADMIN] [5/18/2017 12:18] [PENJUALAN] CASHIER FORM : FINISHED SET CUSTOMER PROFILE
[ADMIN] [5/18/2017 12:18] [PENJUALAN] CASHIER FORM : ATTEMPT TO REFRESH PRODUCT PRICE
[ADMIN] [5/18/2017 12:18] [PENJUALAN] CASHIER FORM : PRODUCT PRICE TYPE [PRODUCT_RETAIL_PRICE]
[ADMIN] [5/18/2017 12:18] [PENJUALAN] CASHIER FORM : PRODUCT PRICE [100]
[ADMIN] [5/18/2017 12:18] [PENJUALAN] CASHIER FORM : CHECK IF THERE'S ANY ENTRY IN THE PRODUCT DISC
[ADMIN] [5/18/2017 12:18] [PENJUALAN] CASHIER FORM : ENTRY IN THE PRODUCT DISC FOUND, RETRIEVE THE DISC VALUE
[ADMIN] [5/18/2017 12:18] [PENJUALAN] CASHIER FORM : cashierDataGridView_CellValueChanged [disc1]
[ADMIN] [5/18/2017 12:18] [PENJUALAN] CASHIER FORM : cashierDataGridView_CellValueChanged, previousInput [0]
[ADMIN] [5/18/2017 12:18] [PENJUALAN] CASHIER FORM : cashierDataGridView_CellValueChanged [disc2]
[ADMIN] [5/18/2017 12:18] [PENJUALAN] CASHIER FORM : cashierDataGridView_CellValueChanged, previousInput [0]
[ADMIN] [5/18/2017 12:18] [PENJUALAN] CASHIER FORM : cashierDataGridView_CellValueChanged [discRP]
[ADMIN] [5/18/2017 12:18] [PENJUALAN] CASHIER FORM : cashierDataGridView_CellValueChanged, previousInput [0]
[ADMIN] [5/18/2017 12:18] [PENJUALAN] CASHIER FORM : DISC FOUND [0, 0, 0]
[ADMIN] [5/18/2017 12:18] [PENJUALAN] CASHIER FORM : CALCULATE SUBTOTAL
[ADMIN] [5/18/2017 12:18] [PENJUALAN] CASHIER FORM : SUBTOTAL [1000]
[ADMIN] [5/18/2017 12:18] [PENJUALAN] CASHIER FORM : calculateTotal
[ADMIN] [5/18/2017 12:18] [PENJUALAN] CASHIER FORM : calculateTotal [1000]
[ADMIN] [5/18/2017 12:18] [PENJUALAN] CASHIER FORM : calculateTotal, totalAfterDisc [1000]
[ADMIN] [5/18/2017 12:18] [PENJUALAN] CASHIER FORM : calculateChangeValue, bayarTextBox.Text [Rp0]
[ADMIN] [5/18/2017 12:18] [PENJUALAN] CASHIER FORM : calculateChangeValue, sisaBayar [0]
[ADMIN] [5/18/2017 12:18] [PENJUALAN] CASHIER FORM : PRODUCT PRICE REFRESHED
[ADMIN] [5/18/2017 12:18] [PENJUALAN] CASHIER FORM : REGISTER HOTKEY
[ADMIN] [5/18/2017 12:18] [PENJUALAN] CASHIER FORM : HOTKEY TO SAVE AND PRINT OUT INVOICE PRESSED
[ADMIN] [5/18/2017 12:18] [PENJUALAN] CASHIER FORM : UNREGISTER HOTKEY
[ADMIN] [5/18/2017 12:18] [PENJUALAN] CASHIER FORM : REGISTER HOTKEY
[ADMIN] [5/18/2017 12:18] [PENJUALAN] ATTEMPT TO SAVE AND PRINT OUT INVOICE
[ADMIN] [5/18/2017 12:18] [PENJUALAN] CASHIER FORM : CHECK STOCK QTY IS ENOUGH [RT002]
[ADMIN] [5/18/2017 12:18] [PENJUALAN] CASHIER FORM : UNREGISTER HOTKEY
[ADMIN] [5/18/2017 12:18] [PENJUALAN] CASHIER FORM : ATTEMPT TO SAVE SALES DATA [18-05-2017 12:17]
[ADMIN] [5/18/2017 12:18] [PENJUALAN] CASHIER FORM : SALES DISC FINAL [0]
[ADMIN] [5/18/2017 12:18] [PENJUALAN] CASHIER FORM : NON CASH - SALES DUE DATE [26-05-2017]
[ADMIN] [5/18/2017 12:18] [PENJUALAN] CHECK IF TAX LIMIT SET FOR PERCENTAGE PURCHASE [0]
[ADMIN] [5/18/2017 12:18] [PENJUALAN] CHECK IF TAX LIMIT SET FOR AVERAGE DAILY PURCHASE [0]
[ADMIN] [5/18/2017 12:18] [PENJUALAN] CASHIER FORM : NO FAKTUR [SLO001]
[ADMIN] [5/18/2017 12:18] [PENJUALAN] CASHIER FORM : MAX SALES INVOICE [5]
[ADMIN] [5/18/2017 12:18] [PENJUALAN] CASHIER FORM : SALES INVOICE [SLO001-6]
[ADMIN] [5/18/2017 12:18] [PENJUALAN] INSERT INTO SALES HEADER [SLO001-6]
[ADMIN] [5/18/2017 12:18] [PENJUALAN] INSERT INTO SALES DETAIL[RT002, 100, 10]
[ADMIN] [5/18/2017 12:18] [PENJUALAN] UPDATE CUSTOMER PRODUCT DISC [RT002]
[ADMIN] [5/18/2017 12:18] [PENJUALAN] INSERT TO CREDIT TABLE [SLO001-6]
[ADMIN] [5/18/2017 12:18] [PENJUALAN] INSERT TO DAILY JOURNAL TABLE [0]
[ADMIN] [5/18/2017 12:18] [PENJUALAN] CASHIER FORM : REGISTER HOTKEY
[ADMIN] [5/18/2017 12:18] [PENJUALAN] TRANSACTION SAVED
[ADMIN] [5/18/2017 12:18] [PENJUALAN] CASHIER FORM : UNREGISTER HOTKEY
[ADMIN] [5/18/2017 12:18] [PENJUALAN] CASHIER FORM : REGISTER HOTKEY
[ADMIN] [5/18/2017 12:18] [] [SYNC] CONNECTION TO SERVER CREATED
[ADMIN] [5/18/2017 12:18] [PENJUALAN] CASHIER FORM : UNREGISTER HOTKEY
[ADMIN] [5/18/2017 12:18] [PENJUALAN] CASHIER FORM : REGISTER HOTKEY
[ADMIN] [5/18/2017 12:18] [] [SYNC] CONNECTION TO SERVER CREATED
[ADMIN] [5/18/2017 12:18] [PENJUALAN] CASHIER FORM : UNREGISTER HOTKEY
[ADMIN] [5/18/2017 12:18] [PENJUALAN] CASHIER FORM : REGISTER HOTKEY
[ADMIN] [5/18/2017 12:18] [] [SYNC] CONNECTION TO SERVER CREATED
[ADMIN] [5/18/2017 12:18] [PENJUALAN] PRINT OUT INVOICE
[ADMIN] [5/18/2017 12:18] [PENJUALAN] CASHIER FORM : PrintReceipt
[ADMIN] [5/18/2017 12:18] [PENJUALAN] CASHIER FORM : PrintReceipt, POS size Paper
[ADMIN] [5/18/2017 12:18] [PENJUALAN] CASHIER FORM : printDocument1_PrintPage, print POS size receipt
[ADMIN] [5/18/2017 12:18] [PENJUALAN] CASHIER FORM : loadInfoToko
[ADMIN] [5/18/2017 12:18] [PENJUALAN] CASHIER FORM : calculatePageLength, totalLengthPage [355]
[ADMIN] [5/18/2017 12:18] [PENJUALAN] CASHIER FORM : UNREGISTER HOTKEY
[ADMIN] [5/18/2017 12:18] [PENJUALAN] CASHIER FORM : printDocument1_PrintPage, print POS size receipt
[ADMIN] [5/18/2017 12:18] [PENJUALAN] CASHIER FORM : loadInfoToko
[ADMIN] [5/18/2017 12:18] [PENJUALAN] CASHIER FORM : loadNamaUser
[ADMIN] [5/18/2017 12:18] [PENJUALAN] CASHIER FORM : REGISTER HOTKEY
[ADMIN] [5/18/2017 12:18] [PENJUALAN] CASHIER FORM : UNREGISTER HOTKEY
[ADMIN] [5/18/2017 12:18] [PENJUALAN] CASHIER FORM : REGISTER HOTKEY
[ADMIN] [5/18/2017 12:18] [PENJUALAN] CASHIER FORM : UPDATE ROW NUMBER, TOTAL ROW [1]
[ADMIN] [5/18/2017 12:18] [PENJUALAN] CASHIER FORM : cashierDataGridView_CellValueChanged [F8]
[ADMIN] [5/18/2017 12:18] [PENJUALAN] CASHIER FORM : UNREGISTER HOTKEY
[] [5/22/2017 00:33] [] USER = ADMIN IS ACTIVE
[ADMIN] [5/22/2017 00:33] [] USER ID = 1 LOGIN SUCCESSFULLY
[ADMIN] [5/22/2017 00:33] [] ACTIVATE USER ACCESS RIGHT
[ADMIN] [5/22/2017 00:33] [] DISPLAY ADMIN FORM
[ADMIN] [5/22/2017 00:33] [] adminForm Load
[ADMIN] [5/22/2017 00:33] [] SERVER IP IS LOCALHOST
[ADMIN] [5/22/2017 00:33] [] INSERT DATA ID 2 TO SYS_CONFIG
[ADMIN] [5/22/2017 00:33] [] ACTIVATE USER ACCESS RIGHT
[ADMIN] [5/22/2017 00:33] [PENJUALAN] CASHIER FORM : MULTIPLE CASHIER INSTANCE [1]
[ADMIN] [5/22/2017 00:33] [PENJUALAN] CASHIER FORM : REGISTER HOTKEY
[ADMIN] [5/22/2017 00:33] [PENJUALAN] CASHIER FORM : cashierForm_Load, ATTEMPT TO LOAD NO FAKTUR
[ADMIN] [5/22/2017 00:33] [PENJUALAN] CASHIER FORM : loadNoFaktur, noFakturValue [SLO001]
[ADMIN] [5/22/2017 00:33] [PENJUALAN] CASHIER FORM : cashierForm_Load, ATTEMPT TO addColumnToDataGrid
[ADMIN] [5/22/2017 00:33] [PENJUALAN] CASHIER FORM : UPDATE ROW NUMBER, TOTAL ROW [1]
[ADMIN] [5/22/2017 00:33] [PENJUALAN] CASHIER FORM : cashierDataGridView_CellValueChanged [F8]
[ADMIN] [5/22/2017 00:33] [PENJUALAN] CASHIER FORM : REGISTER HOTKEY
[ADMIN] [5/22/2017 00:33] [PENJUALAN] CASHIER FORM : Combobox_previewKeyDown, cashierDataGridView.CurrentCell.OwningColumn.Name  [productID]
[ADMIN] [5/22/2017 00:33] [PENJUALAN] CASHIER FORM : UPDATE ROW NUMBER, TOTAL ROW [2]
[ADMIN] [5/22/2017 00:33] [PENJUALAN] CASHIER FORM : cashierDataGridView_CellValueChanged [F8]
[ADMIN] [5/22/2017 00:33] [PENJUALAN] CASHIER FORM : cashierDataGridView_CellValueChanged [productID]
[ADMIN] [5/22/2017 00:33] [PENJUALAN] CASHIER FORM : Combobox_previewKeyDown, cashierDataGridView.CurrentCell.OwningColumn.Name  [productID]
[ADMIN] [5/22/2017 00:33] [PENJUALAN] CASHIER FORM : cashierDataGridView_CellValueChanged [productID]
[ADMIN] [5/22/2017 00:33] [PENJUALAN] CASHIER FORM : Combobox_previewKeyDown, cashierDataGridView.CurrentCell.OwningColumn.Name  [productID]
[ADMIN] [5/22/2017 00:33] [PENJUALAN] CASHIER FORM : UNREGISTER HOTKEY
[ADMIN] [5/22/2017 00:33] [PENJUALAN] CASHIER FORM : ADD NEW ROW FROM BARCODE [ROTI PISANG]
[ADMIN] [5/22/2017 00:33] [PENJUALAN] CASHIER FORM : updateSomeRowContents
[ADMIN] [5/22/2017 00:33] [PENJUALAN] CASHIER FORM : cashierDataGridView_CellValueChanged [productID]
[ADMIN] [5/22/2017 00:33] [PENJUALAN] CASHIER FORM : cashierDataGridView_CellValueChanged [productName]
[ADMIN] [5/22/2017 00:33] [PENJUALAN] CASHIER FORM : PRODUCT PRICE TYPE [PRODUCT_BASE_PRICE]
[ADMIN] [5/22/2017 00:33] [PENJUALAN] CASHIER FORM : PRODUCT PRICE [10]
[ADMIN] [5/22/2017 00:33] [PENJUALAN] CASHIER FORM : ComboBox_SelectedIndexChanged, PRODUCT_BASE_PRICE [10]
[ADMIN] [5/22/2017 00:33] [PENJUALAN] CASHIER FORM : cashierDataGridView_CellValueChanged [hpp]
[ADMIN] [5/22/2017 00:33] [PENJUALAN] CASHIER FORM : PRODUCT PRICE TYPE [PRODUCT_RETAIL_PRICE]
[ADMIN] [5/22/2017 00:33] [PENJUALAN] CASHIER FORM : PRODUCT PRICE [10]
[ADMIN] [5/22/2017 00:33] [PENJUALAN] CASHIER FORM : ComboBox_SelectedIndexChanged, PRODUCT_SALES_PRICE [10]
[ADMIN] [5/22/2017 00:33] [PENJUALAN] CASHIER FORM : cashierDataGridView_CellValueChanged [productPrice]
[ADMIN] [5/22/2017 00:33] [PENJUALAN] CASHIER FORM : cashierDataGridView_CellValueChanged, previousInput [0]
[ADMIN] [5/22/2017 00:33] [PENJUALAN] CASHIER FORM : cashierDataGridView_CellValueChanged, cellValue [10]
[ADMIN] [5/22/2017 00:33] [PENJUALAN] CASHIER FORM : cashierDataGridView_CellValueChanged, dataGridViewTextBoxEditingControl.Text pass REGEX Checking
[ADMIN] [5/22/2017 00:33] [PENJUALAN] CASHIER FORM : CALCULATE SUBTOTAL
[ADMIN] [5/22/2017 00:33] [PENJUALAN] CASHIER FORM : SUBTOTAL [0]
[ADMIN] [5/22/2017 00:33] [PENJUALAN] CASHIER FORM : cashierDataGridView_CellValueChanged, subtotal value [0]
[ADMIN] [5/22/2017 00:33] [PENJUALAN] CASHIER FORM : cashierDataGridView_CellValueChanged, attempt to calculate total value
[ADMIN] [5/22/2017 00:33] [PENJUALAN] CASHIER FORM : calculateTotal
[ADMIN] [5/22/2017 00:33] [PENJUALAN] CASHIER FORM : calculateTotal [0]
[ADMIN] [5/22/2017 00:33] [PENJUALAN] CASHIER FORM : calculateTotal, totalAfterDisc [0]
[ADMIN] [5/22/2017 00:33] [PENJUALAN] CASHIER FORM : calculateChangeValue, bayarTextBox.Text [0]
[ADMIN] [5/22/2017 00:33] [PENJUALAN] CASHIER FORM : calculateChangeValue, sisaBayar [0]
[ADMIN] [5/22/2017 00:33] [PENJUALAN] CASHIER FORM : cashierDataGridView_CellValueChanged [qty]
[ADMIN] [5/22/2017 00:33] [PENJUALAN] CASHIER FORM : cashierDataGridView_CellValueChanged, previousInput [0]
[ADMIN] [5/22/2017 00:33] [PENJUALAN] CASHIER FORM : cashierDataGridView_CellValueChanged [jumlah]
[ADMIN] [5/22/2017 00:33] [PENJUALAN] CASHIER FORM : calculateTotal
[ADMIN] [5/22/2017 00:33] [PENJUALAN] CASHIER FORM : calculateTotal [0]
[ADMIN] [5/22/2017 00:33] [PENJUALAN] CASHIER FORM : calculateTotal, totalAfterDisc [0]
[ADMIN] [5/22/2017 00:33] [PENJUALAN] CASHIER FORM : calculateChangeValue, bayarTextBox.Text [0]
[ADMIN] [5/22/2017 00:33] [PENJUALAN] CASHIER FORM : calculateChangeValue, sisaBayar [0]
[ADMIN] [5/22/2017 00:33] [PENJUALAN] CASHIER FORM : CHECK STOCK QTY IS ENOUGH [RT001]
[ADMIN] [5/22/2017 00:33] [PENJUALAN] CASHIER FORM : CHECK STOCK QTY IS ENOUGH [100, 1]
[ADMIN] [5/22/2017 00:33] [PENJUALAN] CASHIER FORM : cashierDataGridView_CellValueChanged [qty]
[ADMIN] [5/22/2017 00:33] [PENJUALAN] CASHIER FORM : cashierDataGridView_CellValueChanged, previousInput [0]
[ADMIN] [5/22/2017 00:33] [PENJUALAN] CASHIER FORM : cashierDataGridView_CellValueChanged, cellValue [1]
[ADMIN] [5/22/2017 00:33] [PENJUALAN] CASHIER FORM : cashierDataGridView_CellValueChanged, dataGridViewTextBoxEditingControl.Text pass REGEX Checking
[ADMIN] [5/22/2017 00:33] [PENJUALAN] CASHIER FORM : CHECK STOCK QTY IS ENOUGH [RT001]
[ADMIN] [5/22/2017 00:33] [PENJUALAN] CASHIER FORM : CHECK STOCK QTY IS ENOUGH [100, 1]
[ADMIN] [5/22/2017 00:33] [PENJUALAN] CASHIER FORM : CALCULATE SUBTOTAL
[ADMIN] [5/22/2017 00:33] [PENJUALAN] CASHIER FORM : SUBTOTAL [10]
[ADMIN] [5/22/2017 00:33] [PENJUALAN] CASHIER FORM : cashierDataGridView_CellValueChanged, subtotal value [10]
[ADMIN] [5/22/2017 00:33] [PENJUALAN] CASHIER FORM : cashierDataGridView_CellValueChanged, attempt to calculate total value
[ADMIN] [5/22/2017 00:33] [PENJUALAN] CASHIER FORM : calculateTotal
[ADMIN] [5/22/2017 00:33] [PENJUALAN] CASHIER FORM : calculateTotal [10]
[ADMIN] [5/22/2017 00:33] [PENJUALAN] CASHIER FORM : calculateTotal, totalAfterDisc [10]
[ADMIN] [5/22/2017 00:33] [PENJUALAN] CASHIER FORM : calculateChangeValue, bayarTextBox.Text [0]
[ADMIN] [5/22/2017 00:33] [PENJUALAN] CASHIER FORM : calculateChangeValue, sisaBayar [0]
[ADMIN] [5/22/2017 00:33] [PENJUALAN] CASHIER FORM : SET QTY TO 1 BECAUSE OF NEW ROW
[ADMIN] [5/22/2017 00:33] [PENJUALAN] CASHIER FORM : CALCULATE SUBTOTAL
[ADMIN] [5/22/2017 00:33] [PENJUALAN] CASHIER FORM : SUBTOTAL [10]
[ADMIN] [5/22/2017 00:33] [PENJUALAN] CASHIER FORM : calculateTotal
[ADMIN] [5/22/2017 00:33] [PENJUALAN] CASHIER FORM : calculateTotal [10]
[ADMIN] [5/22/2017 00:33] [PENJUALAN] CASHIER FORM : calculateTotal, totalAfterDisc [10]
[ADMIN] [5/22/2017 00:33] [PENJUALAN] CASHIER FORM : calculateChangeValue, bayarTextBox.Text [0]
[ADMIN] [5/22/2017 00:33] [PENJUALAN] CASHIER FORM : calculateChangeValue, sisaBayar [0]
[ADMIN] [5/22/2017 00:33] [PENJUALAN] CASHIER FORM : UPDATE ROW NUMBER, TOTAL ROW [2]
[ADMIN] [5/22/2017 00:33] [PENJUALAN] CASHIER FORM : cashierDataGridView_CellValueChanged [F8]
[ADMIN] [5/22/2017 00:33] [PENJUALAN] CASHIER FORM : REGISTER HOTKEY
[ADMIN] [5/22/2017 00:33] [PENJUALAN] CASHIER FORM : cashierDataGridView_CellValueChanged [qty]
[ADMIN] [5/22/2017 00:33] [PENJUALAN] CASHIER FORM : cashierDataGridView_CellValueChanged, previousInput [1]
[ADMIN] [5/22/2017 00:33] [PENJUALAN] CASHIER FORM : cashierDataGridView_CellValueChanged, dataGridViewTextBoxEditingControl.Text pass REGEX Checking
[ADMIN] [5/22/2017 00:33] [PENJUALAN] CASHIER FORM : CHECK STOCK QTY IS ENOUGH [RT001]
[ADMIN] [5/22/2017 00:33] [PENJUALAN] CASHIER FORM : CALCULATE SUBTOTAL
[ADMIN] [5/22/2017 00:33] [PENJUALAN] CASHIER FORM : SUBTOTAL [20]
[ADMIN] [5/22/2017 00:33] [PENJUALAN] CASHIER FORM : cashierDataGridView_CellValueChanged, subtotal value [20]
[ADMIN] [5/22/2017 00:33] [PENJUALAN] CASHIER FORM : cashierDataGridView_CellValueChanged, attempt to calculate total value
[ADMIN] [5/22/2017 00:33] [PENJUALAN] CASHIER FORM : calculateTotal
[ADMIN] [5/22/2017 00:33] [PENJUALAN] CASHIER FORM : calculateTotal [20]
[ADMIN] [5/22/2017 00:33] [PENJUALAN] CASHIER FORM : calculateTotal, totalAfterDisc [20]
[ADMIN] [5/22/2017 00:33] [PENJUALAN] CASHIER FORM : calculateChangeValue, bayarTextBox.Text [0]
[ADMIN] [5/22/2017 00:33] [PENJUALAN] CASHIER FORM : calculateChangeValue, sisaBayar [0]
[ADMIN] [5/22/2017 00:33] [PENJUALAN] CASHIER FORM : cashierDataGridView_CellValueChanged [qty]
[ADMIN] [5/22/2017 00:33] [PENJUALAN] CASHIER FORM : cashierDataGridView_CellValueChanged, previousInput [2]
[ADMIN] [5/22/2017 00:33] [PENJUALAN] CASHIER FORM : cashierDataGridView_CellValueChanged, dataGridViewTextBoxEditingControl.Text pass REGEX Checking
[ADMIN] [5/22/2017 00:33] [PENJUALAN] CASHIER FORM : CHECK STOCK QTY IS ENOUGH [RT001]
[ADMIN] [5/22/2017 00:33] [PENJUALAN] CASHIER FORM : CALCULATE SUBTOTAL
[ADMIN] [5/22/2017 00:33] [PENJUALAN] CASHIER FORM : SUBTOTAL [220]
[ADMIN] [5/22/2017 00:33] [PENJUALAN] CASHIER FORM : cashierDataGridView_CellValueChanged, subtotal value [220]
[ADMIN] [5/22/2017 00:33] [PENJUALAN] CASHIER FORM : cashierDataGridView_CellValueChanged, attempt to calculate total value
[ADMIN] [5/22/2017 00:33] [PENJUALAN] CASHIER FORM : calculateTotal
[ADMIN] [5/22/2017 00:33] [PENJUALAN] CASHIER FORM : calculateTotal [220]
[ADMIN] [5/22/2017 00:33] [PENJUALAN] CASHIER FORM : calculateTotal, totalAfterDisc [220]
[ADMIN] [5/22/2017 00:33] [PENJUALAN] CASHIER FORM : calculateChangeValue, bayarTextBox.Text [0]
[ADMIN] [5/22/2017 00:33] [PENJUALAN] CASHIER FORM : calculateChangeValue, sisaBayar [0]
[ADMIN] [5/22/2017 00:33] [PENJUALAN] CASHIER FORM : DISPLAY PELANGGAN FORM
[ADMIN] [5/22/2017 00:33] [PENJUALAN] CASHIER FORM : UNREGISTER HOTKEY
[ADMIN] [5/22/2017 00:33] [PELANGGAN] ATTEMPT TO SAVE DATA
[ADMIN] [5/22/2017 00:33] [] GUTIL : MAX CUSTOMER_ID [0]
[ADMIN] [5/22/2017 00:33] [] GUTIL : CUSTOMER_ID [1]
[ADMIN] [5/22/2017 00:33] [PELANGGAN] INSERT NEW CUSTOMER DATA [ANDRI]
[ADMIN] [5/22/2017 00:33] [PELANGGAN] DATA SAVED
[ADMIN] [5/22/2017 00:33] [] [SYNC] CONNECTION TO SERVER CREATED
[ADMIN] [5/22/2017 00:33] [PENJUALAN] CASHIER FORM : SELECTED CUSTOMER ID [1]
[ADMIN] [5/22/2017 00:33] [PENJUALAN] CASHIER FORM : ATTEMPT TO SET CUSTOMER PROFILE
[ADMIN] [5/22/2017 00:33] [PENJUALAN] CASHIER FORM : SET CUSTOMER PROFILE [ANDRI]
[ADMIN] [5/22/2017 00:33] [PENJUALAN] CASHIER FORM : CUSTOMER GROUP [P-UMUM [ECER]]
[ADMIN] [5/22/2017 00:33] [PENJUALAN] CASHIER FORM : FINISHED SET CUSTOMER PROFILE
[ADMIN] [5/22/2017 00:33] [PENJUALAN] CASHIER FORM : ATTEMPT TO REFRESH PRODUCT PRICE
[ADMIN] [5/22/2017 00:33] [PENJUALAN] CASHIER FORM : PRODUCT PRICE TYPE [PRODUCT_RETAIL_PRICE]
[ADMIN] [5/22/2017 00:33] [PENJUALAN] CASHIER FORM : PRODUCT PRICE [10]
[ADMIN] [5/22/2017 00:33] [PENJUALAN] CASHIER FORM : CHECK IF THERE'S ANY ENTRY IN THE PRODUCT DISC
[ADMIN] [5/22/2017 00:33] [PENJUALAN] CASHIER FORM : ENTRY IN THE PRODUCT DISC FOUND, RETRIEVE THE DISC VALUE
[ADMIN] [5/22/2017 00:33] [PENJUALAN] CASHIER FORM : cashierDataGridView_CellValueChanged [disc1]
[ADMIN] [5/22/2017 00:33] [PENJUALAN] CASHIER FORM : cashierDataGridView_CellValueChanged, previousInput [0]
[ADMIN] [5/22/2017 00:33] [PENJUALAN] CASHIER FORM : cashierDataGridView_CellValueChanged [disc2]
[ADMIN] [5/22/2017 00:33] [PENJUALAN] CASHIER FORM : cashierDataGridView_CellValueChanged, previousInput [0]
[ADMIN] [5/22/2017 00:33] [PENJUALAN] CASHIER FORM : cashierDataGridView_CellValueChanged [discRP]
[ADMIN] [5/22/2017 00:33] [PENJUALAN] CASHIER FORM : cashierDataGridView_CellValueChanged, previousInput [0]
[ADMIN] [5/22/2017 00:33] [PENJUALAN] CASHIER FORM : DISC FOUND [0, 0, 0]
[ADMIN] [5/22/2017 00:33] [PENJUALAN] CASHIER FORM : CALCULATE SUBTOTAL
[ADMIN] [5/22/2017 00:33] [PENJUALAN] CASHIER FORM : SUBTOTAL [220]
[ADMIN] [5/22/2017 00:33] [PENJUALAN] CASHIER FORM : calculateTotal
[ADMIN] [5/22/2017 00:33] [PENJUALAN] CASHIER FORM : calculateTotal [220]
[ADMIN] [5/22/2017 00:33] [PENJUALAN] CASHIER FORM : calculateTotal, totalAfterDisc [220]
[ADMIN] [5/22/2017 00:33] [PENJUALAN] CASHIER FORM : calculateChangeValue, bayarTextBox.Text [0]
[ADMIN] [5/22/2017 00:33] [PENJUALAN] CASHIER FORM : calculateChangeValue, sisaBayar [0]
[ADMIN] [5/22/2017 00:33] [PENJUALAN] CASHIER FORM : PRODUCT PRICE REFRESHED
[ADMIN] [5/22/2017 00:33] [PENJUALAN] CASHIER FORM : REGISTER HOTKEY
[ADMIN] [5/22/2017 00:34] [PENJUALAN] CASHIER FORM : HOTKEY TO SAVE AND PRINT OUT INVOICE PRESSED
[ADMIN] [5/22/2017 00:34] [PENJUALAN] CASHIER FORM : UNREGISTER HOTKEY
[ADMIN] [5/22/2017 00:34] [PENJUALAN] CASHIER FORM : REGISTER HOTKEY
[ADMIN] [5/22/2017 00:34] [PENJUALAN] ATTEMPT TO SAVE AND PRINT OUT INVOICE
[ADMIN] [5/22/2017 00:34] [PENJUALAN] CASHIER FORM : CHECK STOCK QTY IS ENOUGH [RT001]
[ADMIN] [5/22/2017 00:34] [PENJUALAN] CASHIER FORM : UNREGISTER HOTKEY
[ADMIN] [5/22/2017 00:34] [PENJUALAN] CASHIER FORM : ATTEMPT TO SAVE SALES DATA [22-05-2017 00:33]
[ADMIN] [5/22/2017 00:34] [PENJUALAN] CASHIER FORM : SALES DISC FINAL [0]
[ADMIN] [5/22/2017 00:34] [PENJUALAN] CASHIER FORM : NON CASH - SALES DUE DATE [22-05-2017]
[ADMIN] [5/22/2017 00:34] [PENJUALAN] CHECK IF TAX LIMIT SET FOR PERCENTAGE PURCHASE [0]
[ADMIN] [5/22/2017 00:34] [PENJUALAN] CHECK IF TAX LIMIT SET FOR AVERAGE DAILY PURCHASE [0]
[ADMIN] [5/22/2017 00:34] [PENJUALAN] CASHIER FORM : NO FAKTUR [SLO001]
[ADMIN] [5/22/2017 00:34] [PENJUALAN] CASHIER FORM : MAX SALES INVOICE [0]
[ADMIN] [5/22/2017 00:34] [PENJUALAN] CASHIER FORM : SALES INVOICE [SLO001-1]
[ADMIN] [5/22/2017 00:34] [PENJUALAN] INSERT INTO SALES HEADER [SLO001-1]
[ADMIN] [5/22/2017 00:34] [PENJUALAN] UPDATE NOTIF_TABLE [SLO001-1]
[ADMIN] [5/22/2017 00:34] [PENJUALAN] INSERT INTO SALES DETAIL[RT001, 10, 22]
[ADMIN] [5/22/2017 00:34] [PENJUALAN] UPDATE CUSTOMER PRODUCT DISC [RT001]
[ADMIN] [5/22/2017 00:34] [PENJUALAN] INSERT TO CREDIT TABLE [SLO001-1]
[ADMIN] [5/22/2017 00:34] [PENJUALAN] INSERT TO DAILY JOURNAL TABLE [0]
[ADMIN] [5/22/2017 00:34] [PENJUALAN] CASHIER FORM : REGISTER HOTKEY
[ADMIN] [5/22/2017 00:34] [PENJUALAN] TRANSACTION SAVED
[ADMIN] [5/22/2017 00:34] [PENJUALAN] CASHIER FORM : UNREGISTER HOTKEY
[ADMIN] [5/22/2017 00:34] [PENJUALAN] CASHIER FORM : REGISTER HOTKEY
[ADMIN] [5/22/2017 00:34] [] [SYNC] CONNECTION TO SERVER CREATED
[ADMIN] [5/22/2017 00:34] [PENJUALAN] CASHIER FORM : UNREGISTER HOTKEY
[ADMIN] [5/22/2017 00:34] [PENJUALAN] CASHIER FORM : REGISTER HOTKEY
[ADMIN] [5/22/2017 00:34] [] [SYNC] CONNECTION TO SERVER CREATED
[ADMIN] [5/22/2017 00:34] [PENJUALAN] CASHIER FORM : UNREGISTER HOTKEY
[ADMIN] [5/22/2017 00:34] [PENJUALAN] CASHIER FORM : REGISTER HOTKEY
[ADMIN] [5/22/2017 00:34] [] [SYNC] CONNECTION TO SERVER CREATED
[ADMIN] [5/22/2017 00:34] [PENJUALAN] CASHIER FORM : UNREGISTER HOTKEY
[ADMIN] [5/22/2017 00:34] [PENJUALAN] CASHIER FORM : REGISTER HOTKEY
[ADMIN] [5/22/2017 00:34] [] [SYNC] CONNECTION TO SERVER CREATED
[ADMIN] [5/22/2017 00:34] [] [SYNC] FAILED TO SYNC LOCAL DATA [EXPORT_LOCAL_DATA_NOTIF_TABLE_22052017.sql] TO SERVER [You have an error in your SQL syntax; check the manual that corresponds to your MySQL server version for the right syntax to use near '= ''' at line 1]
[ADMIN] [5/22/2017 00:34] [] [SYNC] FAILED TO DELETE EXPORT FILE [The process cannot access the file 'D:\Project\LarasBakery\_CODE_\LarasBakery\bin\CABANG\EXPORT_LOCAL_DATA_NOTIF_TABLE_22052017.sql' because it is being used by another process.]
[ADMIN] [5/22/2017 00:34] [PENJUALAN] PRINT OUT INVOICE
[ADMIN] [5/22/2017 00:34] [PENJUALAN] CASHIER FORM : PrintReceipt
[ADMIN] [5/22/2017 00:34] [PENJUALAN] CASHIER FORM : PrintReceipt, POS size Paper
[ADMIN] [5/22/2017 00:34] [PENJUALAN] CASHIER FORM : printDocument1_PrintPage, print POS size receipt
[ADMIN] [5/22/2017 00:34] [PENJUALAN] CASHIER FORM : loadInfoToko
[ADMIN] [5/22/2017 00:34] [PENJUALAN] CASHIER FORM : calculatePageLength, totalLengthPage [355]
[ADMIN] [5/22/2017 00:34] [PENJUALAN] CASHIER FORM : UNREGISTER HOTKEY
[ADMIN] [5/22/2017 00:34] [PENJUALAN] CASHIER FORM : printDocument1_PrintPage, print POS size receipt
[ADMIN] [5/22/2017 00:34] [PENJUALAN] CASHIER FORM : loadInfoToko
[ADMIN] [5/22/2017 00:34] [PENJUALAN] CASHIER FORM : loadNamaUser
[ADMIN] [5/22/2017 00:34] [PENJUALAN] CASHIER FORM : REGISTER HOTKEY
[ADMIN] [5/22/2017 00:34] [PENJUALAN] CASHIER FORM : UNREGISTER HOTKEY
[ADMIN] [5/22/2017 00:34] [PENJUALAN] CASHIER FORM : REGISTER HOTKEY
[ADMIN] [5/22/2017 00:34] [PENJUALAN] CASHIER FORM : UPDATE ROW NUMBER, TOTAL ROW [1]
[ADMIN] [5/22/2017 00:34] [PENJUALAN] CASHIER FORM : cashierDataGridView_CellValueChanged [F8]
[ADMIN] [5/22/2017 00:34] [PENJUALAN] CASHIER FORM : UNREGISTER HOTKEY
[ADMIN] [5/22/2017 00:34] [PENJUALAN] CASHIER FORM : UNREGISTER HOTKEY
[ADMIN] [5/22/2017 00:35] [] USER ID = 1LOGOUT
