[] [5/18/2017 11:55] [] USER = ADMIN IS ACTIVE
[ADMIN] [5/18/2017 11:55] [] USER ID = 1 LOGIN SUCCESSFULLY
[ADMIN] [5/18/2017 11:55] [] ACTIVATE USER ACCESS RIGHT
[ADMIN] [5/18/2017 11:55] [] DISPLAY ADMIN FORM
[ADMIN] [5/18/2017 11:55] [] adminForm Load
[ADMIN] [5/18/2017 11:55] [] ACTIVATE USER ACCESS RIGHT
[ADMIN] [5/18/2017 11:56] [PENJUALAN] CASHIER FORM : MULTIPLE CASHIER INSTANCE [1]
[ADMIN] [5/18/2017 11:56] [PENJUALAN] CASHIER FORM : REGISTER HOTKEY
[ADMIN] [5/18/2017 11:56] [PENJUALAN] CASHIER FORM : cashierForm_Load, ATTEMPT TO LOAD NO FAKTUR
[ADMIN] [5/18/2017 11:56] [PENJUALAN] CASHIER FORM : loadNoFaktur, noFakturValue [SLO001]
[ADMIN] [5/18/2017 11:56] [PENJUALAN] CASHIER FORM : cashierForm_Load, ATTEMPT TO addColumnToDataGrid
[ADMIN] [5/18/2017 11:56] [PENJUALAN] CASHIER FORM : UPDATE ROW NUMBER, TOTAL ROW [1]
[ADMIN] [5/18/2017 11:56] [PENJUALAN] CASHIER FORM : cashierDataGridView_CellValueChanged [F8]
[ADMIN] [5/18/2017 11:56] [PENJUALAN] CASHIER FORM : REGISTER HOTKEY
[ADMIN] [5/18/2017 11:56] [PENJUALAN] CASHIER FORM : Combobox_previewKeyDown, cashierDataGridView.CurrentCell.OwningColumn.Name  [productID]
[ADMIN] [5/18/2017 11:56] [PENJUALAN] CASHIER FORM : Combobox_previewKeyDown, cashierDataGridView.CurrentCell.OwningColumn.Name  [productID]
[ADMIN] [5/18/2017 11:56] [PENJUALAN] CASHIER FORM : UNREGISTER HOTKEY
[ADMIN] [5/18/2017 11:56] [PENJUALAN] CASHIER FORM : UNREGISTER HOTKEY
[ADMIN] [5/18/2017 11:57] [PENJUALAN] CASHIER FORM : MULTIPLE CASHIER INSTANCE [1]
[ADMIN] [5/18/2017 11:57] [PENJUALAN] CASHIER FORM : REGISTER HOTKEY
[ADMIN] [5/18/2017 11:57] [PENJUALAN] CASHIER FORM : cashierForm_Load, ATTEMPT TO LOAD NO FAKTUR
[ADMIN] [5/18/2017 11:57] [PENJUALAN] CASHIER FORM : loadNoFaktur, noFakturValue [SLO001]
[ADMIN] [5/18/2017 11:57] [PENJUALAN] CASHIER FORM : cashierForm_Load, ATTEMPT TO addColumnToDataGrid
[ADMIN] [5/18/2017 11:57] [PENJUALAN] CASHIER FORM : UPDATE ROW NUMBER, TOTAL ROW [1]
[ADMIN] [5/18/2017 11:57] [PENJUALAN] CASHIER FORM : cashierDataGridView_CellValueChanged [F8]
[] [5/18/2017 11:57] [] USER = ADMIN IS ACTIVE
[ADMIN] [5/18/2017 11:57] [] USER ID = 1 LOGIN SUCCESSFULLY
[ADMIN] [5/18/2017 11:57] [] ACTIVATE USER ACCESS RIGHT
[ADMIN] [5/18/2017 11:57] [] DISPLAY ADMIN FORM
[ADMIN] [5/18/2017 11:57] [] adminForm Load
[ADMIN] [5/18/2017 11:57] [] ACTIVATE USER ACCESS RIGHT
[ADMIN] [5/18/2017 11:57] [PENJUALAN] CASHIER FORM : MULTIPLE CASHIER INSTANCE [1]
[ADMIN] [5/18/2017 11:57] [PENJUALAN] CASHIER FORM : REGISTER HOTKEY
[ADMIN] [5/18/2017 11:57] [PENJUALAN] CASHIER FORM : cashierForm_Load, ATTEMPT TO LOAD NO FAKTUR
[ADMIN] [5/18/2017 11:57] [PENJUALAN] CASHIER FORM : loadNoFaktur, noFakturValue [SLO001]
[ADMIN] [5/18/2017 11:57] [PENJUALAN] CASHIER FORM : cashierForm_Load, ATTEMPT TO addColumnToDataGrid
[ADMIN] [5/18/2017 11:57] [PENJUALAN] CASHIER FORM : UPDATE ROW NUMBER, TOTAL ROW [1]
[ADMIN] [5/18/2017 11:57] [PENJUALAN] CASHIER FORM : cashierDataGridView_CellValueChanged [F8]
[ADMIN] [5/18/2017 11:57] [PENJUALAN] CASHIER FORM : REGISTER HOTKEY
[ADMIN] [5/18/2017 11:57] [PENJUALAN] CASHIER FORM : UNREGISTER HOTKEY
[ADMIN] [5/18/2017 11:57] [PENJUALAN] CASHIER FORM : REGISTER HOTKEY
[ADMIN] [5/18/2017 11:58] [PENJUALAN] CASHIER FORM : UNREGISTER HOTKEY
[ADMIN] [5/18/2017 11:58] [PENJUALAN] CASHIER FORM : UNREGISTER HOTKEY
[ADMIN] [5/18/2017 11:58] [] USER ID = 1LOGOUT
